<?xml version="1.0" encoding="UTF-8"?>
<TestRun id="74525257-e2d5-4d97-a720-0487b2f7b3aa" name="FloLap@FLOLAP-PC 2011-10-10 21:57:16" runUser="FloLap-PC\FloLap" xmlns="http://microsoft.com/schemas/VisualStudio/TeamTest/2010">
  <TestSettings name="Lokal" id="6ed96bb3-d821-4eee-a79d-3a3069da9890">
    <Description>Dies sind die standardmäßigen Testeinstellungen für einen lokalen Testlauf.</Description>
    <Deployment enabled="false" runDeploymentRoot="FloLap_FLOLAP-PC 2011-10-10 21_57_16">
      <DeploymentItem filename="E:\HsKA\Semester2\Projektarbeit\Studenplaner\TimetablePlanner\TimetablePlanner\bin\Debug\TimetablePlanner.dll" />
    </Deployment>
    <Execution>
      <TestTypeSpecific />
      <AgentRule name="Execution Agents">
      </AgentRule>
    </Execution>
  </TestSettings>
  <Times creation="2011-10-10T21:57:16.0961238+02:00" queuing="2011-10-10T21:57:17.0581788+02:00" start="2011-10-10T21:57:17.3491954+02:00" finish="2011-10-10T21:57:40.6494254+02:00" />
  <ResultSummary outcome="Completed">
    <Counters total="1" executed="1" passed="1" error="0" failed="0" timeout="0" aborted="0" inconclusive="0" passedButRunAborted="0" notRunnable="0" notExecuted="0" disconnected="0" warning="0" completed="0" inProgress="0" pending="0" />
  </ResultSummary>
  <TestDefinitions>
    <UnitTest name="createTimetableInstanceTest" storage="e:\hska\semester2\projektarbeit\studenplaner\timetableplanner\timetableplannertests\bin\debug\timetableplannertests.dll" id="ab441b29-9837-01bf-f43f-7839c8f73716">
      <Execution id="51873ba3-081a-49d1-8dbe-d80afd78ac48" />
      <TestMethod codeBase="E:/HsKA/Semester2/Projektarbeit/Studenplaner/TimetablePlanner/TimetablePlannerTests/bin/Debug/TimetablePlannerTests.DLL" adapterTypeName="Microsoft.VisualStudio.TestTools.TestTypes.Unit.UnitTestAdapter, Microsoft.VisualStudio.QualityTools.Tips.UnitTest.Adapter, Version=10.0.0.0, Culture=neutral, PublicKeyToken=b03f5f7f11d50a3a" className="TimetablePlannerTests.TimetableTest, TimetablePlannerTests, Version=1.0.0.0, Culture=neutral, PublicKeyToken=null" name="createTimetableInstanceTest" />
    </UnitTest>
  </TestDefinitions>
  <TestLists>
    <TestList name="Nicht in einer Liste enthaltene Ergebnisse" id="8c84fa94-04c1-424b-9868-57a2d4851a1d" />
    <TestList name="Alle geladenen Ergebnisse" id="19431567-8539-422a-85d7-44ee4e166bda" />
  </TestLists>
  <TestEntries>
    <TestEntry testId="ab441b29-9837-01bf-f43f-7839c8f73716" executionId="51873ba3-081a-49d1-8dbe-d80afd78ac48" testListId="8c84fa94-04c1-424b-9868-57a2d4851a1d" />
  </TestEntries>
  <Results>
    <UnitTestResult executionId="51873ba3-081a-49d1-8dbe-d80afd78ac48" testId="ab441b29-9837-01bf-f43f-7839c8f73716" testName="createTimetableInstanceTest" computerName="FLOLAP-PC" duration="00:00:21.8145143" startTime="2011-10-10T21:57:17.5462067+02:00" endTime="2011-10-10T21:57:40.5402252+02:00" testType="13cdc9d9-ddb5-4fa4-a97d-d965ccfc6d4b" outcome="Passed" testListId="8c84fa94-04c1-424b-9868-57a2d4851a1d" relativeResultsDirectory="51873ba3-081a-49d1-8dbe-d80afd78ac48">
      <Output>
        <DebugTrace>Time to create population of size 50: 5ms
1000 Generations finished after 2521ms
</DebugTrace>
      </Output>
    </UnitTestResult>
  </Results>
</TestRun>