<?xml version="1.0" encoding="UTF-8"?>
<TestRun id="2de57463-3161-4092-bb9e-d1c4fa78ae31" name="FloLap@FLOLAP-PC 2011-10-12 19:41:43" runUser="FloLap-PC\FloLap" xmlns="http://microsoft.com/schemas/VisualStudio/TeamTest/2010">
  <TestSettings name="Lokal" id="6ed96bb3-d821-4eee-a79d-3a3069da9890">
    <Description>Dies sind die standardmäßigen Testeinstellungen für einen lokalen Testlauf.</Description>
    <Deployment enabled="false" runDeploymentRoot="FloLap_FLOLAP-PC 2011-10-12 19_41_43">
      <DeploymentItem filename="E:\HsKA\Semester2\Projektarbeit\Stundenplangenerator\TimetablePlanner\TimetablePlanner\bin\Debug\TimetablePlanner.dll" />
    </Deployment>
    <Execution>
      <TestTypeSpecific />
      <AgentRule name="Execution Agents">
      </AgentRule>
    </Execution>
  </TestSettings>
  <Times creation="2011-10-12T19:41:43.0597627+02:00" queuing="2011-10-12T19:41:44.2178290+02:00" start="2011-10-12T19:41:44.2988336+02:00" finish="2011-10-12T19:41:46.1229379+02:00" />
  <ResultSummary outcome="Completed">
    <Counters total="1" executed="1" passed="1" error="0" failed="0" timeout="0" aborted="0" inconclusive="0" passedButRunAborted="0" notRunnable="0" notExecuted="0" disconnected="0" warning="0" completed="0" inProgress="0" pending="0" />
  </ResultSummary>
  <TestDefinitions>
    <UnitTest name="createTimetableInstanceTest" storage="e:\hska\semester2\projektarbeit\stundenplangenerator\timetableplanner\timetableplannertests\bin\debug\timetableplannertests.dll" id="ab441b29-9837-01bf-f43f-7839c8f73716">
      <Execution id="269974fa-5a34-4dda-ab9b-d555c74103ee" />
      <TestMethod codeBase="E:/HsKA/Semester2/Projektarbeit/Stundenplangenerator/TimetablePlanner/TimetablePlannerTests/bin/Debug/TimetablePlannerTests.DLL" adapterTypeName="Microsoft.VisualStudio.TestTools.TestTypes.Unit.UnitTestAdapter, Microsoft.VisualStudio.QualityTools.Tips.UnitTest.Adapter, Version=10.0.0.0, Culture=neutral, PublicKeyToken=b03f5f7f11d50a3a" className="TimetablePlannerTests.TimetableTest, TimetablePlannerTests, Version=1.0.0.0, Culture=neutral, PublicKeyToken=null" name="createTimetableInstanceTest" />
    </UnitTest>
  </TestDefinitions>
  <TestLists>
    <TestList name="Nicht in einer Liste enthaltene Ergebnisse" id="8c84fa94-04c1-424b-9868-57a2d4851a1d" />
    <TestList name="Alle geladenen Ergebnisse" id="19431567-8539-422a-85d7-44ee4e166bda" />
  </TestLists>
  <TestEntries>
    <TestEntry testId="ab441b29-9837-01bf-f43f-7839c8f73716" executionId="269974fa-5a34-4dda-ab9b-d555c74103ee" testListId="8c84fa94-04c1-424b-9868-57a2d4851a1d" />
  </TestEntries>
  <Results>
    <UnitTestResult executionId="269974fa-5a34-4dda-ab9b-d555c74103ee" testId="ab441b29-9837-01bf-f43f-7839c8f73716" testName="createTimetableInstanceTest" computerName="FLOLAP-PC" duration="00:00:00.4845020" startTime="2011-10-12T19:41:44.3438362+02:00" endTime="2011-10-12T19:41:46.0259324+02:00" testType="13cdc9d9-ddb5-4fa4-a97d-d965ccfc6d4b" outcome="Passed" testListId="8c84fa94-04c1-424b-9868-57a2d4851a1d" relativeResultsDirectory="269974fa-5a34-4dda-ab9b-d555c74103ee">
      <Output>
        <DebugTrace>Time to create population of size 50: 317ms
0079: 000,000,000,000,000,000,000,000,000,000,000,005,000,000,000,000,000,023,000,000,000,000,000,000,000,000,000,000,000,000,000,000,000,000,000,000,037,037,003,000,000,000,000,000,000,000,000,000,000,027,000,000,000,000,000,000,000,000,000,014,000,000,000,000,000,000,000,000,000,000,000,000,000,000,000,000,000,000,010,000,000,000,000,000,000,000,000,000,000,000,000,000,000,000,000,000,000,000,000,000,000,009,000,000,000,000,000,000,029,000,000,000,000,000,000,038,000,000,000,000,000,000,000,000,000,000,000,000,019,000,000,000,000,009,007,000,000,021,000,000,000,000,005,000,028,028,028,000,000,007,000,000,000,000,000,000,000,000,000,000,000,000,000,000,000,000,000,000,000,000,000,000,000,000,006,000,000,000,000,000,000,000,000,000,000,000,017,017,017,000,000,000,000,000,000,000,000,018,000,000,000,024,000,000,000,000,000,000,000,000,000,000,000,000,000,000,000,000,000,000,000,000,020,000,000,000,000,000,000,003,000,000,000,016,000,032,000,011,011,000,000,000,000,000,000,000,000,000,000,000,000,000,000,000,000,000,000,000,000,000,000,000,000,000,000,012,000,000,000,000,000,000,000,000,000,000,036,000,000,000,000,000,000,000,000,000,010,016,030,000,004,033,000,000,000,002,022,035,013,000,000,000,000,000,026,000,025,000,000,000,008,008,015,000,000,000,000,000,031,000,000,000,000,000,034,000,000,000,000,000,000,001,000,000,000,000,000,000,000,000,000,000,000,000,000,006,000,000,000,001,000,000,000,000,011,011,000,000,000,000,
0075: 000,000,000,000,000,000,000,000,000,000,000,000,000,009,000,000,000,000,031,000,000,008,008,000,000,000,000,000,000,000,000,000,000,000,000,000,000,000,000,000,000,019,000,000,000,000,000,000,000,000,000,000,000,000,000,000,000,004,000,006,000,000,000,000,000,000,000,000,028,028,028,000,000,000,000,009,000,013,000,000,025,000,030,000,000,006,000,012,000,000,000,000,000,000,000,000,001,000,000,000,020,000,000,000,000,000,000,000,000,000,000,014,000,000,000,000,000,000,010,000,027,000,000,000,000,000,000,002,000,000,000,000,000,000,000,000,000,000,000,000,000,000,000,000,016,000,000,005,000,000,015,000,000,000,000,000,000,021,000,000,000,000,000,000,000,007,000,000,022,000,000,000,003,000,000,000,000,000,000,000,005,000,000,000,000,000,029,000,000,000,000,000,000,000,000,000,000,000,000,000,033,000,000,000,000,000,000,000,000,035,000,000,000,000,000,000,000,017,017,017,000,000,000,000,000,000,000,000,011,011,000,000,000,000,000,000,000,000,000,000,000,007,000,000,000,000,000,000,000,023,000,000,000,000,000,000,000,000,000,000,000,024,000,000,000,000,000,000,000,000,000,000,000,000,000,000,038,000,000,000,018,000,000,000,000,000,000,000,000,000,003,000,000,000,000,037,037,000,000,000,000,000,011,011,000,000,000,000,000,000,000,032,000,026,000,000,000,000,000,036,000,000,000,000,000,000,034,000,000,000,010,000,000,000,000,001,000,016,000,000,000,000,000,000,000,000,000,000,000,000,000,000,000,000,000,000,000,000,000,000,
0071: 000,000,000,008,008,000,000,000,027,000,000,000,000,000,000,000,001,000,000,000,000,000,000,002,000,000,011,011,000,000,000,000,000,000,000,000,020,022,000,000,000,000,006,000,000,000,000,000,000,000,025,000,000,000,000,000,003,000,000,000,000,000,000,000,000,000,000,000,000,000,000,000,000,000,000,000,000,000,018,000,000,000,000,016,000,000,000,000,000,000,011,011,000,000,019,000,000,000,000,000,000,000,000,000,000,000,000,014,000,000,000,000,000,000,000,005,000,000,000,000,005,000,003,000,000,000,000,032,000,000,000,000,000,000,000,000,000,000,000,000,000,000,000,006,000,000,004,000,000,000,000,000,000,035,021,016,000,000,024,000,000,023,000,010,026,000,000,000,000,000,031,000,000,000,000,000,000,000,000,000,000,000,000,000,000,000,000,000,000,000,000,000,000,000,000,000,000,000,000,007,000,000,000,000,000,000,000,000,000,000,000,000,000,000,000,000,012,000,000,000,000,000,007,000,000,000,000,000,000,000,000,001,000,000,000,000,000,000,000,000,000,037,037,000,000,000,000,000,000,000,000,000,000,000,000,000,000,000,000,000,000,000,000,000,000,017,017,017,000,000,000,000,000,036,000,000,000,000,000,000,000,000,000,000,000,000,000,000,009,000,034,015,000,000,000,000,000,000,000,000,000,000,013,000,000,000,000,000,000,000,000,000,000,000,000,000,030,000,000,000,033,000,000,000,000,000,000,000,000,038,000,000,010,029,000,000,000,000,000,000,000,000,028,028,028,000,000,000,000,000,000,000,000,000,000,009,000,000,000,000,
0070: 000,000,000,000,000,000,000,029,000,000,000,000,000,000,000,000,035,000,000,000,000,000,023,000,000,013,000,000,000,000,001,000,000,000,000,000,000,000,000,000,000,000,000,000,000,000,000,000,000,000,000,000,000,000,000,000,000,000,037,037,015,000,000,000,000,000,000,000,007,000,000,000,022,000,000,000,000,000,000,000,003,000,000,000,002,024,000,000,000,000,000,005,000,000,000,000,000,000,000,000,000,031,030,000,000,000,009,038,000,000,000,027,000,000,000,000,000,000,000,000,000,000,000,000,000,004,011,011,000,000,000,000,011,011,010,000,000,000,000,000,000,000,000,012,000,000,028,028,028,000,000,000,000,000,000,000,000,000,000,000,000,032,000,000,000,016,000,000,000,000,000,019,000,000,007,000,000,000,000,000,000,021,000,000,000,000,000,000,000,000,000,000,000,000,000,000,000,000,000,000,000,000,000,034,000,000,000,000,000,000,000,000,000,000,000,000,017,017,017,000,000,000,000,000,000,000,000,000,026,000,000,000,000,000,000,000,000,000,000,000,016,000,000,000,000,000,000,000,000,000,000,000,000,000,000,000,000,000,000,000,000,000,000,000,000,000,000,000,000,000,000,000,000,000,010,014,000,000,000,000,000,000,036,000,000,000,000,000,000,020,000,000,000,000,000,000,000,000,000,000,000,000,033,000,000,000,000,000,001,000,000,000,000,000,000,005,025,000,009,000,000,000,003,000,000,000,000,000,000,000,000,018,000,006,000,006,008,008,000,000,000,000,000,000,000,000,000,000,000,000,000,000,000,000,000,000,000,000,000,000,
0068: 010,000,000,000,001,000,000,018,000,000,000,000,000,000,000,000,000,000,000,000,003,000,000,010,000,000,000,000,000,000,000,000,000,000,000,000,028,028,028,022,000,000,000,000,000,000,000,000,000,000,000,006,000,000,037,037,000,000,000,000,000,000,000,000,000,000,006,000,000,000,000,000,000,000,000,000,000,000,000,000,000,000,000,000,000,000,000,000,000,005,000,000,000,000,000,000,000,000,035,000,029,000,000,000,033,000,012,000,000,000,000,000,000,027,000,000,000,000,000,000,011,011,000,000,000,000,000,000,000,000,000,003,000,000,000,000,000,030,002,000,000,034,000,000,000,017,017,017,000,000,000,000,000,000,000,000,000,008,008,000,000,000,000,000,000,000,000,000,000,000,000,000,000,000,000,000,000,000,000,000,000,000,036,005,000,000,009,021,000,000,000,000,000,000,015,000,000,000,000,000,000,000,000,000,000,000,007,000,000,000,000,000,000,000,011,011,000,000,000,000,000,000,000,000,000,000,000,000,000,000,000,000,000,000,000,016,000,000,000,000,024,000,000,000,000,000,000,000,000,000,000,000,000,000,000,000,000,000,000,000,000,016,000,020,000,023,000,014,004,000,000,000,000,025,000,000,007,000,000,000,000,000,031,000,000,000,000,000,000,000,000,000,019,000,000,000,000,000,000,000,000,000,000,000,000,000,000,000,009,000,000,032,000,000,000,000,000,000,000,000,000,000,000,000,013,000,000,000,000,000,000,000,000,000,000,000,038,000,000,000,000,000,000,000,000,001,000,000,026,000,000,000,000,000,000,000,000,000,000,000,
0068: 000,000,000,020,000,013,000,000,000,000,000,000,000,022,037,037,000,000,035,000,005,000,008,008,000,019,000,000,000,000,000,000,000,000,003,006,000,000,018,000,000,000,000,034,000,000,000,000,000,007,000,000,000,000,015,000,000,000,000,000,031,000,000,000,000,000,000,000,000,000,000,000,000,000,000,000,000,000,000,000,009,000,000,000,000,025,000,000,000,000,000,000,000,000,000,000,000,000,000,021,000,000,000,000,007,000,000,000,000,000,029,000,000,000,002,000,036,000,000,000,000,000,028,028,028,000,000,000,000,000,000,000,000,000,011,011,000,000,000,000,000,000,000,000,000,000,000,000,000,000,000,000,000,000,000,000,000,000,000,000,000,000,000,016,000,000,000,000,000,000,000,000,000,000,000,000,000,000,000,000,000,000,000,000,000,000,032,014,000,000,010,001,000,000,000,000,000,000,000,000,000,000,000,000,000,000,000,000,000,000,000,000,000,000,000,000,000,000,000,000,000,000,000,009,000,000,000,000,000,000,000,000,001,000,000,000,000,000,000,000,011,011,000,024,000,000,000,000,000,000,000,000,000,000,000,000,000,000,000,000,000,000,000,000,006,000,000,000,038,000,000,000,000,010,000,000,000,000,000,016,000,000,000,000,000,000,000,000,000,000,012,000,000,000,000,000,000,000,000,000,000,027,000,000,000,000,000,000,000,000,000,000,000,000,000,000,000,023,000,000,000,004,000,003,017,017,017,000,000,000,000,000,033,000,026,000,005,000,030,000,000,000,000,000,000,000,000,000,000,000,000,000,000,000,000,000,000,000,000,000,
0067: 000,000,000,000,000,005,000,000,002,000,000,000,000,000,000,000,000,000,000,038,000,000,000,026,000,000,000,000,000,000,000,021,000,000,000,000,000,000,000,000,000,000,000,014,016,000,000,000,000,000,000,000,000,000,000,000,000,000,006,000,000,000,000,000,000,000,000,000,000,000,000,000,000,017,017,017,000,000,000,000,004,000,000,000,000,023,000,000,000,000,000,000,000,000,000,000,000,000,000,000,000,000,000,000,000,000,000,000,000,000,005,000,000,000,000,000,000,000,000,035,000,022,000,000,000,000,000,027,000,019,000,000,000,000,000,000,000,000,000,000,000,000,000,000,000,000,030,000,000,000,000,000,013,000,024,000,000,000,000,000,000,000,000,000,000,000,000,020,000,029,000,000,000,000,000,000,000,001,000,000,032,003,000,000,000,000,000,008,008,000,000,000,016,000,000,000,000,000,000,034,000,000,000,000,000,007,000,018,000,000,000,000,000,000,000,000,000,000,000,010,000,000,015,000,000,000,000,031,000,000,000,000,000,000,000,000,000,000,000,000,028,028,028,000,000,033,000,000,000,000,000,000,000,000,000,000,000,000,001,000,000,000,000,000,000,000,000,000,000,000,000,036,000,000,037,037,000,000,000,000,000,000,007,000,000,006,000,000,000,000,000,003,000,000,000,000,000,000,000,000,000,000,000,000,000,000,000,010,000,000,000,000,009,000,000,000,009,000,000,000,000,000,000,000,000,000,000,000,000,000,000,000,011,011,000,000,000,000,011,011,000,000,000,000,000,025,000,012,000,000,000,000,000,000,000,000,000,000,000,000,
0064: 000,000,000,000,000,000,000,000,000,000,000,000,029,000,010,000,000,000,000,000,000,035,000,000,000,000,001,000,000,000,000,000,000,000,000,000,008,008,000,000,000,000,000,007,000,006,000,000,027,000,000,000,000,000,000,000,000,000,009,000,000,031,000,000,000,022,000,000,000,000,000,000,011,011,000,000,024,000,023,000,000,028,028,028,000,000,000,000,000,000,000,000,000,016,000,000,000,000,000,000,000,000,000,000,000,000,000,000,000,000,025,000,000,000,036,000,018,000,000,038,000,000,012,000,000,000,000,000,013,000,000,000,000,000,000,000,000,000,000,000,000,000,000,000,001,000,000,000,000,000,000,000,034,000,000,000,000,037,037,000,000,003,003,000,000,000,000,000,000,000,000,000,000,000,017,017,017,000,000,000,000,000,000,000,000,000,000,000,000,000,000,000,000,000,000,000,000,000,000,002,000,015,000,000,000,000,000,000,000,026,000,000,007,006,000,000,000,000,000,000,000,032,000,000,000,000,000,000,000,016,000,000,000,000,000,000,000,000,000,000,000,000,000,000,000,000,000,000,000,000,000,000,000,000,000,000,000,000,021,000,000,011,011,000,019,000,000,000,010,009,000,000,000,000,000,000,000,000,000,000,000,000,000,000,000,000,000,000,000,000,000,000,000,000,000,005,000,000,014,000,000,000,000,000,000,000,000,000,000,000,000,000,000,000,000,000,000,000,000,000,033,000,000,004,000,000,000,000,000,000,030,000,000,000,000,000,000,000,000,020,000,000,000,000,000,000,000,000,000,000,000,000,005,000,000,000,000,000,000,000,
0063: 000,000,002,000,000,000,000,000,022,000,000,000,026,000,033,000,000,000,000,000,028,028,028,000,000,000,000,000,000,029,000,021,000,000,000,000,000,000,000,000,000,000,000,000,000,000,000,000,000,000,000,000,000,000,000,000,000,000,000,010,000,000,000,000,000,000,019,000,000,000,000,000,000,000,000,009,000,007,000,014,032,000,000,000,000,000,000,000,000,000,000,000,000,000,000,000,000,000,010,000,000,000,000,000,000,038,000,000,000,000,000,000,000,000,000,000,000,000,000,000,000,000,008,008,000,000,000,000,000,000,000,000,000,000,000,000,000,000,000,000,000,000,000,000,000,000,000,000,000,000,000,000,000,000,000,000,037,037,000,016,016,000,000,000,012,000,000,000,000,000,007,000,000,000,013,000,000,000,000,000,000,000,000,000,000,000,000,006,000,000,031,000,000,005,000,000,000,000,000,000,000,000,000,000,000,000,000,015,000,000,000,000,000,000,000,000,000,000,000,001,000,000,000,000,000,000,000,000,000,000,000,000,000,000,000,000,000,000,000,000,000,023,000,000,000,001,000,000,000,000,000,000,000,020,000,000,005,000,000,000,000,000,000,000,011,011,000,000,000,000,000,000,000,000,000,000,000,000,000,000,000,000,000,000,000,000,000,000,034,025,000,000,004,000,003,000,000,000,000,036,000,030,000,000,000,000,024,009,000,000,000,003,000,000,000,000,000,000,000,000,000,011,011,000,000,000,000,000,000,000,000,000,000,000,000,000,000,000,000,027,000,000,017,017,017,000,000,000,000,000,000,035,006,000,000,000,000,000,018,000,
0063: 016,000,000,000,000,000,000,013,000,000,000,000,000,000,000,000,000,000,000,000,000,000,000,000,000,000,025,000,000,000,000,000,000,000,000,000,000,000,000,000,000,000,000,000,000,001,000,001,016,018,000,000,000,026,000,000,000,000,000,000,000,000,000,004,032,000,009,000,000,000,000,000,000,000,000,000,000,000,023,000,000,000,000,000,000,000,000,000,000,000,037,037,000,000,019,000,024,000,000,000,008,008,000,029,000,012,000,000,000,000,000,000,000,000,021,000,000,000,000,000,000,000,000,000,000,000,000,000,000,000,000,000,000,000,000,000,000,000,000,000,000,000,000,000,000,000,000,000,000,000,000,034,011,011,000,036,000,000,000,009,000,000,000,000,000,000,003,000,035,000,005,010,000,000,000,000,000,000,000,000,000,005,007,000,000,000,000,000,000,000,000,000,000,006,000,000,000,000,028,028,028,000,000,000,000,000,000,000,000,020,000,000,000,000,000,000,000,000,000,000,000,000,000,038,000,000,000,000,000,000,000,000,000,006,000,000,000,000,000,000,000,000,000,000,000,000,000,000,000,000,000,010,000,000,000,000,000,000,000,022,000,000,000,000,011,011,000,033,000,000,000,000,000,000,000,000,000,027,000,000,000,000,000,000,000,000,000,000,000,000,000,000,000,000,000,000,000,002,000,000,000,000,000,030,000,000,000,000,017,017,017,000,000,007,000,000,000,000,000,000,000,000,014,000,000,000,000,000,000,000,000,000,000,000,000,000,000,000,003,000,000,000,000,000,000,031,015,000,000,000,000,000,000,000,000,000,000,000,000,000,
0060: 000,015,000,000,000,021,000,000,000,000,000,000,000,000,000,038,000,000,000,000,000,000,000,000,000,000,000,037,037,000,000,014,000,000,000,001,000,000,000,000,000,000,000,010,000,000,000,000,005,000,000,000,000,000,000,000,000,036,023,000,020,000,000,000,000,000,000,000,000,000,000,000,000,000,000,000,000,000,000,001,000,000,000,000,000,000,009,000,000,000,000,000,006,000,000,000,000,000,000,000,000,000,000,000,000,000,000,000,000,000,013,000,000,000,000,018,000,000,008,008,000,000,029,000,000,016,000,000,000,031,022,000,000,000,000,000,000,000,000,000,000,000,000,000,000,000,034,000,000,010,000,000,012,000,000,000,026,000,000,000,007,000,000,000,000,000,000,000,000,000,000,000,000,000,000,000,000,000,016,000,027,011,011,000,000,000,002,011,011,000,004,000,000,000,000,000,000,000,000,000,000,000,000,000,000,000,000,000,000,000,000,028,028,028,000,024,000,017,017,017,000,000,005,000,000,000,000,000,000,000,000,000,003,000,000,000,000,000,000,000,000,000,000,000,000,000,000,000,000,000,000,000,000,000,000,000,000,000,000,000,000,000,000,000,030,000,000,000,000,033,000,007,000,000,000,000,000,000,000,000,000,000,000,000,000,000,000,000,003,000,000,000,000,000,000,025,000,000,000,000,000,000,000,000,000,000,000,032,000,000,000,000,000,000,000,000,000,000,019,000,000,000,000,009,000,000,000,000,000,000,000,000,000,000,000,035,000,000,000,000,000,000,000,000,000,000,000,000,006,000,000,000,000,000,000,000,000,000,000,000,
0059: 000,000,010,000,000,000,006,000,000,000,000,000,000,000,000,000,000,007,000,000,000,028,028,028,000,000,000,000,000,000,000,000,000,000,031,000,000,000,000,000,000,000,004,015,000,000,000,000,000,000,020,000,001,000,024,000,000,000,000,000,005,000,000,000,000,000,000,011,011,000,000,000,000,000,000,000,000,012,010,000,000,000,029,000,000,000,000,000,000,000,000,000,016,005,000,000,000,027,000,000,035,000,000,000,026,000,000,000,000,000,000,000,000,000,000,000,000,000,000,000,000,000,000,000,000,000,016,000,000,000,000,000,000,000,000,000,000,000,000,000,000,000,000,014,000,000,000,000,000,000,000,000,033,000,000,000,000,011,011,000,000,000,000,000,000,000,000,000,038,000,000,000,000,000,000,000,000,019,000,006,000,000,000,000,000,000,025,000,000,000,000,000,023,000,034,000,000,000,000,000,000,000,000,000,000,000,000,000,000,013,000,021,000,002,000,000,000,000,000,000,000,000,037,037,000,000,000,000,000,000,000,000,000,000,000,000,000,008,008,000,009,000,000,000,000,000,000,000,000,017,017,017,000,000,000,000,000,000,000,000,000,000,022,000,000,000,000,000,000,000,000,000,000,000,000,000,000,000,000,000,000,000,000,000,000,036,000,000,030,000,000,000,000,000,000,000,000,000,000,000,009,000,000,000,000,000,000,000,000,000,000,007,000,000,000,000,000,000,000,018,000,000,000,000,000,000,000,000,000,000,000,000,000,000,000,000,000,000,000,000,000,000,032,000,000,003,000,000,003,000,000,000,000,001,000,000,000,000,000,000,
0059: 000,000,000,015,000,000,000,000,000,000,000,031,000,000,000,000,000,000,000,000,000,000,034,025,000,000,000,000,000,000,000,000,000,000,000,019,009,007,007,000,000,000,000,000,000,000,000,016,000,000,000,005,000,000,000,000,000,000,000,000,000,000,000,000,000,000,000,000,023,000,002,000,000,000,000,000,000,000,000,000,000,000,000,000,017,017,017,000,000,000,000,001,000,000,000,000,000,006,000,000,000,000,000,033,000,010,000,000,000,000,000,000,000,016,000,024,000,000,000,000,000,000,000,000,000,000,000,009,005,008,008,000,000,000,000,000,000,000,000,032,000,000,000,000,000,000,000,000,000,022,000,000,000,000,000,000,011,011,018,000,000,000,010,000,000,000,000,000,021,000,000,012,000,003,000,000,000,000,000,000,000,000,000,000,000,000,000,000,000,000,000,000,000,000,000,000,000,000,000,011,011,000,000,000,000,000,037,037,000,030,000,000,000,000,000,000,000,000,000,000,000,000,035,036,000,000,004,000,006,000,000,000,000,000,000,028,028,028,013,000,000,027,000,000,000,000,000,000,000,000,000,000,000,000,000,000,000,000,000,000,000,000,000,000,000,000,000,000,000,000,000,000,000,000,020,000,001,000,000,000,000,000,000,000,000,000,000,000,000,000,000,000,000,000,000,000,000,000,000,000,000,000,000,000,000,000,000,026,000,000,000,000,000,038,000,000,000,003,000,000,000,000,000,029,000,000,000,000,000,000,000,000,000,000,000,000,000,000,014,000,000,000,000,000,000,000,000,000,000,000,000,000,000,000,000,000,000,000,000,000,
0058: 000,000,000,000,000,000,031,000,000,006,000,000,000,000,017,017,017,000,000,000,001,000,000,000,000,000,000,000,000,000,000,000,000,016,000,000,000,005,000,000,000,000,000,000,000,000,000,000,000,000,000,000,027,000,000,000,000,000,000,000,000,000,005,000,000,000,018,000,000,000,000,000,000,000,000,000,026,000,000,000,000,016,000,000,000,000,000,000,000,000,030,015,000,019,000,000,000,000,000,000,000,000,000,000,000,000,000,000,000,000,000,000,000,000,000,000,000,000,000,000,000,000,009,028,028,028,000,000,000,000,000,000,000,000,007,000,000,000,002,000,000,000,000,000,000,000,021,000,000,000,000,000,000,000,000,000,000,000,000,006,000,000,000,000,000,020,000,000,000,000,000,000,000,000,000,000,036,000,000,000,011,011,011,000,000,000,007,003,000,000,000,000,000,013,000,000,000,000,029,000,000,000,000,034,000,000,000,000,000,000,000,000,000,000,000,000,000,000,000,000,022,023,000,012,000,000,000,000,000,000,000,025,000,000,000,000,000,000,000,004,000,000,000,000,000,000,032,000,000,000,000,000,037,037,000,000,000,033,000,000,000,000,000,000,000,000,000,000,000,000,000,000,000,000,000,003,000,000,000,000,000,000,001,000,000,000,000,000,000,000,000,000,000,000,009,000,014,000,000,000,000,000,000,000,000,000,000,000,000,000,000,000,000,008,008,000,000,000,000,010,000,000,000,000,000,000,000,000,000,000,000,000,000,000,000,035,000,000,000,000,000,000,000,000,000,000,000,000,000,000,000,024,000,038,000,000,000,010,000,000,
0058: 034,000,000,018,000,003,000,000,015,000,000,000,000,000,010,000,000,000,000,000,000,000,000,000,000,000,000,000,009,000,000,000,000,000,000,029,000,000,000,000,000,000,000,000,000,000,000,000,000,000,000,014,000,000,000,000,000,025,000,030,000,000,000,000,000,000,000,000,000,000,000,000,000,000,000,024,000,000,000,000,037,037,000,000,000,000,000,000,000,000,000,000,000,000,000,000,002,000,000,032,000,000,000,000,000,000,007,000,000,000,000,000,000,000,000,000,000,000,000,000,000,000,000,000,000,000,000,000,000,000,011,011,021,000,000,000,000,000,000,000,000,000,000,000,000,000,000,000,001,000,000,000,000,000,000,000,000,000,000,000,000,000,020,000,000,000,000,000,000,000,006,000,000,000,004,022,000,000,000,000,000,000,000,000,000,000,000,000,000,000,000,000,009,000,000,000,000,000,000,000,000,000,000,000,000,000,006,000,000,000,000,000,000,000,035,000,003,000,000,000,005,000,000,000,000,028,028,028,000,000,000,000,000,000,000,033,000,000,000,000,000,000,000,000,000,000,016,000,000,000,031,000,019,000,000,000,000,000,000,000,000,000,000,000,000,000,000,000,000,000,000,000,000,000,000,000,000,000,000,000,000,013,000,000,000,027,000,000,017,017,017,000,000,000,007,016,000,000,000,000,000,000,000,000,000,000,000,000,000,000,000,000,000,000,000,000,000,000,010,000,000,000,036,026,012,000,000,000,000,000,005,000,001,000,000,000,000,038,011,011,023,000,000,000,000,000,000,000,008,008,000,000,000,000,000,000,000,000,000,000,
0057: 000,010,000,000,000,000,000,000,000,000,000,000,000,015,000,000,000,000,000,000,000,000,000,000,000,000,000,000,022,000,000,000,000,008,008,000,018,016,003,007,000,000,000,000,000,000,000,005,000,000,000,000,000,000,000,000,000,000,000,000,000,000,000,000,000,000,000,000,000,000,000,000,000,004,003,000,000,030,006,000,000,000,000,000,000,007,000,000,000,000,000,000,000,000,000,000,027,000,000,000,000,000,009,009,000,000,000,000,000,000,000,000,000,000,000,000,000,000,000,036,000,000,011,011,000,026,000,000,000,000,000,000,000,000,000,000,000,000,000,000,000,000,000,000,000,000,000,000,000,000,000,019,000,000,000,000,025,014,000,000,000,000,011,011,000,000,000,000,000,000,000,000,000,000,000,000,000,000,000,000,000,000,000,000,000,000,000,000,000,000,000,016,000,000,000,000,000,000,000,000,000,000,000,000,000,000,000,000,000,000,000,000,035,000,000,000,000,000,000,000,000,000,000,000,000,006,013,000,002,000,000,000,000,000,000,038,000,000,000,000,029,001,000,000,023,000,000,000,000,032,000,000,000,000,000,000,000,001,000,000,000,000,000,000,000,028,028,028,000,000,000,000,000,024,000,000,021,000,000,017,017,017,000,000,000,037,037,005,000,000,000,000,000,000,000,012,000,000,000,000,000,000,000,000,000,000,000,020,000,000,000,000,000,000,000,000,010,000,000,000,000,000,000,000,000,031,000,033,000,000,000,000,000,000,000,000,000,000,000,000,000,000,000,000,000,000,000,000,000,000,000,000,034,000,000,000,000,000,000,000,
0055: 000,030,000,000,000,000,000,000,000,000,000,000,000,000,000,000,000,000,000,000,000,000,000,000,000,000,000,008,008,000,023,000,000,000,000,000,000,000,000,000,000,000,000,001,000,000,000,035,034,000,000,000,000,000,000,000,000,000,000,000,000,000,000,000,000,000,000,000,000,036,000,000,009,000,000,000,000,000,020,000,024,000,000,000,000,016,000,000,000,003,000,038,000,000,000,000,000,000,000,000,000,000,000,000,000,000,000,000,000,000,000,000,000,000,000,000,000,000,000,000,000,011,011,000,000,000,000,000,000,000,000,000,000,000,000,003,000,000,000,000,028,028,028,000,000,000,000,000,000,000,000,000,000,000,000,000,010,000,000,000,000,000,000,000,000,015,000,000,000,000,000,000,000,000,000,000,006,009,000,000,000,000,000,000,000,000,000,000,011,011,014,000,000,000,000,026,000,005,000,000,000,000,000,000,000,000,000,000,000,029,000,000,000,000,000,000,018,000,000,006,000,000,000,025,000,000,000,000,010,000,000,000,000,000,000,000,000,000,000,000,000,000,000,000,000,000,000,000,000,004,000,000,000,000,000,000,000,000,000,000,000,000,000,000,000,021,000,000,000,000,000,000,000,000,019,000,000,000,000,000,005,000,000,000,000,000,000,022,000,033,012,000,031,000,000,000,000,000,001,000,000,000,000,000,000,000,000,017,017,017,000,000,000,000,016,000,000,013,000,000,002,000,000,000,000,000,000,000,000,000,000,000,000,000,000,000,000,000,007,000,000,000,000,007,000,000,000,000,000,027,000,032,000,000,000,037,037,000,000,000,
0055: 000,000,000,000,000,000,000,000,000,000,000,000,005,000,000,000,000,000,029,000,000,000,000,012,000,000,016,000,000,000,000,000,000,000,000,000,000,017,017,017,000,000,000,000,000,000,000,000,000,000,000,000,000,000,025,000,000,021,000,000,014,000,000,000,000,000,000,000,000,000,000,000,000,000,000,000,000,000,030,000,000,000,000,038,000,000,000,000,000,019,000,000,000,011,011,000,007,000,000,000,031,000,000,000,000,000,000,000,000,000,000,000,000,000,000,000,003,000,000,000,000,000,000,000,000,000,000,000,006,000,000,000,000,000,000,035,000,000,000,000,036,000,000,000,008,008,000,000,000,000,000,001,000,000,000,000,007,000,020,000,000,000,000,024,000,000,000,016,000,000,000,000,000,000,000,000,000,000,000,000,000,011,011,000,000,000,000,010,000,000,000,000,000,013,000,000,000,000,000,000,000,000,000,000,000,000,000,000,000,000,000,000,000,000,004,000,000,000,000,037,037,026,000,005,000,000,000,000,000,000,000,000,000,000,000,034,000,000,000,000,000,000,000,000,000,000,000,000,000,000,000,000,000,000,000,000,000,009,000,000,000,000,000,000,000,000,000,002,000,000,000,033,000,000,018,000,000,000,000,015,000,000,000,006,000,000,000,000,009,000,000,000,000,000,000,000,000,000,000,000,000,000,000,000,000,032,000,000,000,000,022,003,010,027,000,000,000,001,000,000,000,000,000,000,000,000,000,000,000,000,000,000,000,000,000,000,000,000,000,023,000,000,000,000,028,028,028,000,000,000,000,000,000,000,000,000,000,000,000,000,
0054: 000,000,000,016,000,000,000,001,000,012,000,000,024,000,000,000,000,000,000,000,000,000,000,000,000,000,000,000,000,000,000,000,000,000,000,000,000,000,035,021,000,000,000,000,000,000,000,000,019,000,000,000,000,000,000,000,000,000,000,002,000,000,000,000,000,000,000,000,000,022,000,000,000,000,000,038,000,000,000,000,000,000,000,000,000,000,007,026,000,000,017,017,017,000,000,000,000,007,000,000,000,009,000,000,000,000,000,000,008,008,000,000,000,000,000,000,000,000,000,000,000,000,000,000,000,000,000,020,000,000,000,000,000,000,000,013,037,037,000,031,000,000,004,000,000,000,000,000,000,005,000,000,016,000,000,000,000,000,000,014,000,000,000,000,000,000,005,000,000,000,000,000,000,000,000,000,000,000,000,000,000,000,000,000,034,000,000,000,003,000,000,000,000,000,000,000,000,000,000,000,000,000,000,000,001,000,000,000,000,000,000,000,028,028,028,000,000,000,000,000,000,000,006,000,000,000,000,025,011,011,000,000,000,000,000,000,000,000,018,000,029,000,000,000,000,000,000,000,000,000,000,033,000,000,000,000,000,000,000,000,000,000,000,000,000,000,000,000,000,030,000,000,000,000,000,000,000,000,000,000,000,000,000,011,011,000,000,000,000,000,000,000,000,000,000,000,000,000,000,009,010,036,000,000,000,000,000,027,000,000,000,000,000,000,000,000,000,000,006,003,000,000,000,000,000,000,000,000,000,000,000,000,000,000,000,023,000,000,015,032,000,000,000,000,000,000,000,000,000,000,010,000,000,000,000,000,000,000,000,000,
0054: 000,000,000,000,000,000,000,031,000,000,000,000,000,000,000,000,000,000,000,000,000,000,000,000,000,000,000,000,000,000,000,000,000,020,000,000,000,000,000,000,000,003,000,000,000,000,000,000,021,000,010,000,000,000,000,000,037,037,000,000,000,027,000,000,008,008,009,000,000,000,036,000,000,010,000,000,000,000,000,000,000,000,000,000,000,000,000,000,000,000,000,000,000,000,006,015,000,000,000,000,000,000,000,000,000,000,000,000,000,000,000,000,000,000,000,000,000,000,000,000,000,000,000,000,011,011,000,000,000,000,022,016,000,030,000,000,026,000,000,000,000,000,000,000,000,000,000,000,000,000,000,000,000,000,007,000,000,000,000,000,000,000,000,024,000,000,000,000,009,000,000,000,000,000,000,000,005,000,000,000,000,000,000,000,000,005,001,003,000,000,000,000,000,000,000,000,000,000,000,000,000,000,000,000,000,000,012,000,000,000,000,000,000,001,019,000,033,000,000,028,028,028,034,000,000,000,000,000,014,000,000,000,000,000,000,000,000,018,000,000,000,000,000,000,000,000,000,000,000,000,000,000,000,032,000,000,000,000,000,000,000,000,000,000,000,000,000,000,000,000,000,000,000,000,000,000,017,017,017,000,000,000,016,000,000,000,000,000,000,013,000,000,000,000,000,000,000,000,000,000,000,000,000,000,002,000,029,000,000,000,000,000,000,000,025,000,000,000,000,000,000,000,000,000,006,000,035,000,000,023,007,000,004,000,000,000,000,000,000,000,000,000,000,000,000,000,000,000,038,000,000,000,011,011,000,000,000,000,000,000,
0053: 000,000,000,000,000,000,000,007,000,000,000,000,000,000,000,000,000,000,000,000,027,000,008,008,000,000,000,000,022,000,000,000,000,006,000,000,000,000,000,000,000,000,000,000,006,000,000,000,000,000,000,000,000,012,033,000,000,018,000,000,000,000,000,000,000,000,000,002,000,000,000,000,000,000,000,009,000,000,000,000,000,000,000,000,000,000,000,000,000,000,000,024,000,000,000,000,000,000,000,000,000,000,000,000,000,011,011,000,034,000,000,000,000,000,000,000,000,023,000,000,000,000,000,000,000,000,000,000,000,000,000,000,000,003,015,000,000,000,000,000,000,000,035,000,000,000,000,000,000,000,000,007,000,000,000,000,000,000,000,000,000,000,000,000,000,000,000,031,000,000,000,029,000,000,000,003,000,000,000,000,000,000,000,000,000,000,036,025,013,000,000,000,000,026,000,000,000,000,000,000,020,000,000,000,000,019,000,000,000,000,000,000,000,000,000,000,000,000,000,000,000,000,038,000,000,005,000,000,000,000,000,021,000,000,000,000,000,004,000,000,000,000,000,000,000,000,000,000,000,000,000,000,000,000,000,000,000,000,000,000,000,000,000,000,005,000,000,000,000,000,000,000,000,000,009,000,016,000,000,001,000,000,000,000,000,000,000,000,000,000,014,017,017,017,001,000,000,000,000,000,000,000,000,000,000,000,000,000,000,016,032,000,000,000,000,000,000,000,000,000,000,000,011,011,000,000,000,000,037,037,000,000,000,000,000,000,000,000,000,000,000,000,010,000,000,000,000,010,000,000,030,000,000,000,028,028,028,000,000,000,
0052: 000,000,000,000,000,000,000,000,007,006,000,000,031,000,005,000,000,000,000,000,000,000,000,032,000,000,036,000,000,000,000,000,000,000,000,000,000,000,003,000,000,000,000,007,003,000,000,000,035,000,000,000,016,000,000,000,000,000,009,000,000,000,000,000,000,019,000,000,000,022,000,000,000,000,000,000,000,000,017,017,017,000,000,000,030,000,000,000,000,000,000,021,000,000,000,001,000,000,000,001,000,000,009,000,000,000,000,000,000,000,000,000,000,038,000,028,028,028,000,000,014,000,000,000,000,015,000,000,000,000,000,000,000,000,000,000,000,000,000,029,000,000,000,000,000,000,000,000,000,000,000,000,000,000,000,000,000,000,000,000,000,000,000,000,000,000,000,000,000,000,005,000,000,000,000,000,000,026,000,000,000,000,000,000,000,000,000,000,000,000,000,000,012,000,000,000,000,000,000,000,000,000,006,013,000,000,000,000,000,000,000,000,000,000,000,000,000,000,000,000,000,000,000,004,000,000,000,002,000,000,000,000,020,023,000,037,037,000,000,000,000,000,000,000,000,000,000,000,000,000,000,000,000,000,000,024,000,025,000,000,000,000,000,000,000,018,000,000,000,000,000,000,000,000,000,000,000,000,000,000,000,000,033,000,000,000,000,000,000,000,000,000,000,000,008,008,000,034,000,000,000,000,000,000,000,000,000,000,000,000,000,010,000,000,000,000,000,000,000,011,011,000,000,000,000,000,000,016,000,000,000,000,000,000,000,000,000,000,000,000,000,000,000,011,011,000,000,000,000,000,000,010,027,000,000,000,000,000,000,000,
0052: 000,000,000,000,000,003,000,000,000,000,000,000,000,000,000,000,000,000,000,000,000,000,000,000,000,000,028,028,028,000,000,000,000,000,031,000,000,000,011,011,000,000,000,000,000,000,000,000,000,000,000,005,000,000,000,000,000,000,000,000,000,000,000,000,000,000,000,000,000,000,000,000,000,000,000,013,000,000,038,000,000,000,000,000,000,036,016,000,000,012,000,000,000,000,000,000,000,000,000,000,019,000,000,000,000,000,000,000,000,000,000,000,000,009,000,000,000,021,000,000,006,000,000,000,000,000,000,000,024,000,000,030,000,006,000,035,000,000,000,000,000,000,000,000,000,000,027,000,000,000,003,000,000,000,000,000,000,008,008,000,000,032,014,000,000,000,000,000,000,000,020,033,000,000,000,004,015,000,023,000,000,000,000,000,000,000,000,000,000,000,000,000,000,000,005,000,025,000,000,000,000,002,000,000,000,000,026,000,000,000,000,037,037,000,000,000,000,000,000,000,000,010,000,000,000,000,000,001,000,001,000,000,000,000,000,000,000,000,000,000,000,000,000,000,000,007,000,000,000,000,000,000,000,000,000,000,000,000,000,000,000,000,000,000,000,000,000,000,000,000,000,000,000,000,000,000,022,000,000,000,000,010,000,000,000,000,000,000,000,000,000,000,000,000,000,000,000,000,000,000,011,011,000,000,000,000,000,000,000,000,000,000,007,000,000,000,000,000,000,000,000,000,000,000,000,029,000,000,000,000,000,000,034,000,000,000,000,000,000,000,000,000,000,000,000,000,018,000,017,017,017,000,000,000,000,016,009,000,000,000,
0051: 000,000,000,000,000,000,029,000,000,025,000,000,015,000,000,000,000,032,000,000,000,000,018,000,000,000,000,033,000,000,000,000,000,023,000,000,000,000,000,000,000,010,000,000,000,000,000,000,000,000,000,000,000,000,000,000,000,000,000,003,000,037,037,000,000,000,000,026,000,017,017,017,000,000,000,000,000,000,000,000,000,005,000,000,000,000,000,000,000,000,000,005,000,000,027,000,000,000,000,000,000,000,007,000,000,009,000,000,000,000,000,000,000,022,000,000,000,000,000,003,000,000,000,004,000,000,000,000,000,000,000,000,000,000,000,000,020,000,000,000,000,000,000,000,000,000,000,000,000,000,007,000,000,000,000,000,000,000,000,000,000,000,000,012,028,028,028,000,000,024,000,000,000,000,000,000,000,000,000,000,000,000,000,000,000,000,011,011,000,000,000,000,000,031,000,000,000,000,000,000,000,000,000,000,000,000,000,000,000,000,000,000,000,000,000,000,000,000,000,000,000,009,000,011,011,014,000,000,000,000,000,016,000,000,008,008,000,000,000,000,001,000,000,000,000,000,000,000,000,000,000,000,000,000,000,000,000,000,000,000,000,000,000,000,000,000,000,000,000,000,000,000,000,000,000,000,000,000,000,002,000,006,000,000,000,000,000,030,038,000,000,000,000,000,000,000,000,000,000,000,000,000,000,000,000,000,000,000,000,000,000,000,001,000,000,000,000,000,034,000,000,021,000,000,000,006,000,000,000,000,013,000,000,000,000,000,000,016,000,000,000,000,035,000,019,000,000,000,000,000,000,036,000,000,000,000,000,000,010,000,
0050: 000,000,000,000,000,000,000,000,003,000,009,000,000,000,000,000,000,000,020,000,000,000,000,000,028,028,028,000,000,000,000,000,000,000,000,000,000,000,000,007,006,000,000,016,000,000,000,000,000,009,000,000,000,000,000,000,000,000,000,000,000,000,000,000,000,000,000,000,000,000,000,000,000,000,000,000,000,000,000,001,000,000,000,000,000,000,000,000,000,000,000,000,000,000,000,007,008,008,000,032,000,000,000,000,000,000,000,000,000,000,000,000,000,000,000,000,000,005,000,000,000,002,000,000,000,000,000,000,023,000,000,000,000,000,000,000,000,000,000,000,000,000,000,036,013,000,000,000,000,000,017,017,017,000,000,000,000,000,000,000,000,000,000,000,010,000,000,000,000,000,000,012,000,000,000,000,000,000,000,000,000,000,000,016,027,000,000,000,000,000,006,010,000,000,000,000,000,000,000,000,000,004,000,000,000,000,000,019,000,000,000,000,000,038,000,000,000,000,000,000,000,031,000,000,000,011,011,011,000,000,000,000,035,000,037,037,000,022,000,000,000,030,000,000,015,000,000,033,000,000,000,000,000,000,000,000,000,000,000,034,000,000,000,000,018,000,000,000,000,000,000,000,000,000,000,000,025,000,000,000,000,000,000,000,000,000,000,001,024,000,000,026,003,000,000,005,000,000,014,000,000,000,000,000,000,000,000,000,000,000,000,000,000,000,000,000,000,000,000,000,000,000,000,000,000,000,000,000,000,000,000,000,000,000,000,000,000,000,000,000,021,000,000,000,000,000,000,000,000,000,000,000,000,000,000,000,029,000,000,000,
0050: 000,000,000,000,000,032,000,005,000,000,000,000,000,000,000,000,033,000,000,000,000,003,000,000,000,007,000,000,000,000,000,000,019,000,000,000,000,000,000,000,000,000,000,000,000,000,000,000,000,028,028,028,000,000,000,000,000,000,000,000,000,000,000,000,000,000,000,000,000,000,000,000,009,000,000,000,000,000,000,011,011,000,000,000,000,000,000,000,000,000,008,008,009,000,000,014,000,000,000,000,031,013,000,000,005,000,000,000,000,000,000,000,000,006,037,037,001,000,038,000,000,000,000,000,000,030,000,000,000,000,020,000,000,025,000,000,000,000,022,018,000,000,000,000,010,000,000,000,000,000,000,000,000,000,000,000,000,000,000,000,000,000,000,000,000,000,000,000,000,000,000,000,000,000,000,000,000,000,023,000,000,003,034,000,000,000,000,000,000,000,000,000,000,007,000,000,000,000,000,016,036,000,000,000,000,000,000,002,000,000,000,000,000,000,000,000,000,000,000,000,000,000,000,000,000,000,000,000,000,026,000,000,016,000,000,000,000,000,000,000,000,000,000,000,000,000,000,000,000,000,015,000,000,000,000,000,000,000,000,000,000,000,000,000,000,000,000,000,024,000,000,006,000,000,000,000,000,027,000,000,000,001,000,000,000,000,012,000,000,000,000,000,000,000,000,000,010,000,000,000,000,000,000,000,000,000,000,000,000,000,000,021,000,000,000,000,000,000,000,000,000,000,035,000,000,000,000,000,004,000,000,000,011,011,000,000,000,029,000,000,000,000,000,000,000,000,000,000,000,000,017,017,017,000,000,000,000,000,000,000,
0049: 000,000,000,000,000,000,000,000,000,000,000,000,000,026,000,000,000,000,036,000,018,000,000,000,000,000,000,000,000,000,000,000,000,000,000,006,000,000,000,000,012,000,000,000,000,000,000,000,000,000,034,000,000,000,000,000,000,000,027,000,011,011,000,000,000,000,000,003,000,000,007,000,000,000,000,000,000,009,000,000,000,000,000,000,000,000,000,000,000,000,000,000,000,000,000,000,000,000,000,000,000,000,000,000,000,000,000,000,000,000,014,000,000,000,000,000,000,000,010,000,000,000,000,000,000,000,000,033,038,000,000,000,000,000,000,025,000,000,000,000,000,000,000,000,031,037,037,000,000,000,000,000,000,000,000,002,000,000,000,000,006,000,000,000,000,000,000,000,000,000,000,000,000,000,000,000,017,017,017,000,000,000,000,005,000,000,000,000,000,000,000,000,005,022,000,000,000,000,000,000,000,000,000,000,000,001,000,000,000,000,000,000,000,000,000,000,000,000,000,000,000,000,000,000,000,000,030,000,000,000,000,000,000,000,000,000,000,000,000,000,020,000,000,000,000,001,000,000,000,000,000,000,000,000,000,000,000,000,019,000,000,000,000,000,000,000,000,000,000,000,000,000,000,000,011,011,000,000,000,000,000,000,000,000,000,004,000,000,000,000,000,015,000,000,028,028,028,000,000,000,013,000,000,000,032,000,000,000,000,000,000,000,000,000,024,000,000,000,000,000,023,000,000,016,000,000,029,000,021,000,000,000,000,000,000,000,000,000,009,000,008,008,035,007,000,000,000,000,000,003,000,000,000,000,000,000,000,010,016,000,
0047: 003,000,000,000,000,000,000,000,013,000,000,000,000,000,000,000,000,000,000,000,000,000,000,000,003,000,000,000,000,000,000,037,037,000,006,000,000,000,000,000,000,000,000,007,000,000,000,000,000,000,000,000,000,002,011,011,000,000,000,000,000,000,000,000,000,000,020,000,000,000,000,022,000,000,000,000,000,000,028,028,028,000,009,000,000,012,000,000,000,000,000,000,000,030,000,000,000,000,000,000,000,000,000,017,017,017,000,000,000,000,000,000,000,000,000,000,000,000,000,000,000,000,007,038,000,000,000,000,000,000,011,011,000,000,000,000,000,000,000,000,000,000,000,000,000,021,000,000,000,000,000,000,000,000,000,005,000,000,000,000,000,000,000,032,000,000,000,000,000,000,000,016,000,000,000,000,000,000,015,034,036,000,000,000,000,000,008,008,000,000,000,027,000,000,000,024,000,000,000,000,000,000,000,000,000,000,000,000,000,000,000,000,000,000,000,000,000,000,000,014,023,000,000,000,000,031,000,000,000,000,000,000,000,000,000,000,000,029,000,000,000,000,000,000,000,000,000,000,000,000,000,000,010,000,000,033,005,006,000,000,000,000,000,000,001,000,000,016,000,000,000,000,000,025,009,000,000,000,000,000,000,000,000,000,000,000,000,000,000,000,000,000,000,000,000,004,000,000,000,000,000,000,000,000,000,000,000,000,000,019,000,000,000,000,000,000,035,018,000,000,000,000,000,000,000,000,000,000,000,000,000,000,000,000,000,000,001,000,000,000,000,000,010,000,000,000,000,000,000,000,026,000,000,000,000,000,000,000,000,000,
0044: 000,000,000,000,018,000,000,000,000,000,000,000,000,000,026,000,000,000,000,000,000,000,001,000,023,000,000,000,000,032,000,000,014,000,000,000,000,006,000,000,000,000,000,000,000,000,000,000,000,000,000,000,000,000,000,000,000,000,031,000,000,000,000,000,000,010,000,027,000,000,010,000,000,000,019,000,000,000,008,008,000,000,000,000,000,000,000,006,000,000,007,000,000,000,013,000,000,000,000,000,037,037,000,000,000,000,000,000,017,017,017,000,000,000,000,000,033,000,000,000,000,000,000,000,000,000,000,000,000,000,005,000,034,022,000,000,000,000,000,000,000,000,000,000,003,000,000,000,000,000,000,000,030,000,000,024,000,000,000,000,000,000,000,000,000,000,016,000,000,000,000,000,000,000,000,000,011,011,000,021,000,002,000,000,000,000,000,000,000,000,000,000,000,000,029,000,000,000,000,000,000,000,000,000,000,000,000,000,000,000,000,000,003,000,000,000,000,000,000,000,000,000,000,000,000,000,000,000,000,000,000,000,000,000,000,000,000,000,000,000,000,000,000,036,000,000,000,000,000,000,000,000,001,000,000,000,000,000,000,000,000,000,000,000,000,035,000,000,000,000,000,000,000,000,000,004,000,000,000,000,009,000,000,000,000,020,000,007,000,000,000,000,000,000,000,000,012,000,000,000,000,000,005,000,000,000,000,000,000,000,000,000,025,000,009,000,000,000,000,000,000,000,000,000,000,000,000,016,000,000,000,000,000,000,000,000,011,011,015,028,028,028,000,000,000,000,000,000,000,000,000,000,000,000,000,000,000,038,000,000,
0043: 026,000,000,000,011,011,000,000,000,003,000,000,000,000,000,000,000,033,000,000,030,010,000,000,000,000,000,000,001,000,000,000,000,000,000,000,000,000,000,000,000,000,000,000,000,000,000,009,000,000,000,025,000,000,000,000,001,000,000,000,000,000,000,012,000,000,000,000,000,029,000,000,000,000,000,000,000,000,000,000,000,000,000,000,000,000,000,000,000,000,000,000,000,000,000,000,000,019,000,000,000,000,000,000,000,023,000,000,000,032,000,000,000,000,000,000,007,000,000,000,000,000,000,000,000,000,000,000,000,000,000,000,020,000,000,038,000,000,000,000,000,000,000,000,000,000,000,000,000,006,000,000,000,016,000,000,000,031,000,010,000,000,000,000,003,000,000,000,021,000,000,000,000,000,005,000,009,000,000,000,000,027,013,000,000,000,000,000,000,000,000,000,000,000,000,000,000,000,000,000,008,008,000,000,000,000,000,034,000,000,000,000,000,000,000,000,000,000,000,000,035,000,000,000,000,036,000,000,014,000,000,000,000,000,000,000,000,000,000,000,000,011,011,000,000,000,000,015,000,000,000,000,000,000,000,000,000,000,000,000,000,007,000,000,000,000,000,000,000,000,000,000,000,000,000,000,000,002,000,000,037,037,000,000,000,000,000,000,018,000,000,000,000,000,000,000,028,028,028,000,000,000,000,000,000,000,024,000,000,000,000,000,000,000,000,000,004,000,000,000,000,000,000,000,000,000,000,000,000,000,017,017,017,000,000,000,000,000,000,000,005,000,000,000,000,000,022,000,006,000,000,000,000,016,000,000,000,000,000,000,
0041: 000,000,031,000,000,000,000,000,032,000,000,000,000,000,000,000,000,000,000,000,013,000,000,000,000,000,000,000,000,000,000,000,000,000,000,000,000,000,000,000,000,000,000,014,000,000,000,000,000,000,000,025,000,000,011,011,000,000,008,008,000,000,000,000,024,000,000,000,015,000,000,000,000,000,000,000,029,000,000,000,000,026,000,000,000,000,000,000,000,000,000,000,000,000,000,000,000,000,000,000,000,001,000,000,000,000,000,002,000,000,022,000,000,000,036,000,005,000,000,000,000,000,000,000,000,000,000,000,000,000,020,000,000,000,006,000,000,000,000,000,000,000,000,000,017,017,017,007,000,000,000,000,000,000,000,000,000,000,023,000,000,004,000,000,006,000,000,009,000,019,000,000,000,000,000,000,000,000,000,000,016,000,000,000,000,000,000,000,000,000,000,000,000,000,000,000,000,000,000,000,000,000,000,000,000,000,000,000,000,010,000,000,000,000,000,000,000,000,000,000,000,000,003,000,000,000,000,000,000,000,000,000,000,000,038,000,000,021,000,000,000,000,000,000,000,000,000,000,000,000,000,018,000,010,000,005,034,000,000,000,000,000,000,000,000,000,000,000,000,000,000,000,000,000,000,000,000,000,000,000,000,000,000,000,000,000,000,000,000,000,000,000,000,000,000,000,000,000,007,000,000,000,000,028,028,028,000,000,001,000,000,000,009,000,033,000,012,000,000,030,011,011,000,000,000,000,000,000,000,000,000,000,000,000,000,000,000,000,000,000,000,000,037,037,016,000,000,027,003,000,000,000,000,000,000,000,000,035,000,000,
0041: 000,000,000,000,000,000,000,000,000,000,000,000,000,000,013,038,003,000,000,000,000,000,018,000,010,000,000,000,000,000,017,017,017,000,000,000,000,000,000,000,000,000,000,000,000,000,000,000,001,022,000,000,000,000,000,000,000,000,000,000,000,000,000,000,000,000,000,000,021,000,000,000,000,000,000,000,000,000,000,000,005,014,000,020,000,000,000,008,008,005,000,000,000,000,037,037,000,000,000,000,000,000,000,000,024,000,000,000,000,000,000,006,000,000,000,000,000,000,000,034,000,000,025,000,000,000,000,000,031,000,000,000,000,000,000,000,000,000,002,000,000,000,000,000,010,000,000,000,000,000,000,000,009,000,011,011,000,028,028,028,000,000,000,000,000,000,000,000,030,000,000,029,000,000,000,000,000,000,000,000,000,000,000,000,000,000,000,000,000,000,000,000,007,000,000,000,000,000,000,000,000,000,000,000,000,000,000,000,000,000,000,000,000,000,000,000,000,000,000,000,000,000,000,000,000,000,000,000,035,033,000,000,000,000,000,000,000,006,000,000,000,000,000,000,000,000,000,000,000,000,000,004,000,011,011,000,000,000,000,000,000,027,000,000,000,000,000,000,000,016,003,000,000,001,000,000,007,000,000,000,000,009,000,000,000,000,000,026,000,000,000,000,000,000,000,000,000,000,000,000,000,000,000,000,000,000,000,000,000,000,000,000,036,000,000,000,000,000,000,000,000,000,000,000,023,000,000,000,000,000,000,000,000,000,000,000,000,000,000,000,019,000,012,000,000,000,000,016,000,000,000,000,015,000,000,000,000,032,000,000,
0039: 000,003,000,000,000,000,000,000,000,000,000,000,000,000,000,000,016,000,000,000,027,000,000,000,000,000,000,000,000,000,033,000,000,000,000,000,000,000,006,021,000,000,035,000,000,000,000,000,000,000,000,000,037,037,000,000,000,000,000,000,000,000,000,000,000,000,000,000,000,000,000,000,000,023,000,000,000,000,000,000,000,028,028,028,000,000,000,001,000,000,010,000,000,000,000,000,000,000,000,000,000,000,000,020,000,000,000,000,010,000,000,000,000,000,000,000,000,000,000,030,000,000,000,000,000,000,000,000,000,000,024,000,000,000,000,000,029,000,000,000,000,000,000,007,000,000,006,000,000,000,000,000,000,000,000,000,000,000,000,000,000,000,000,038,000,000,000,000,000,000,000,000,000,000,000,000,007,000,000,000,000,000,000,000,000,000,000,000,000,000,000,000,000,012,000,000,000,000,000,000,000,000,000,000,000,000,026,000,000,000,000,000,022,000,000,000,000,000,000,000,000,000,000,031,000,000,000,005,000,000,000,000,000,000,000,015,000,000,000,000,000,000,000,000,000,000,000,000,000,011,011,016,000,000,000,005,018,000,000,000,000,000,000,000,000,000,000,000,000,000,019,000,000,000,000,000,000,008,008,014,000,013,000,000,000,000,001,000,000,000,000,036,000,000,000,000,032,000,000,000,000,000,000,000,000,000,003,017,017,017,034,000,009,000,000,000,000,000,000,011,011,000,000,000,000,000,000,000,000,000,000,000,002,000,000,000,000,000,000,009,025,000,000,000,000,004,000,000,000,000,000,000,000,000,000,000,000,000,000,000,
0039: 000,000,000,000,000,000,000,000,000,000,000,000,000,010,002,000,000,000,000,025,000,000,000,000,000,000,000,000,000,000,000,000,000,000,000,000,037,037,000,000,000,032,000,000,000,000,000,000,000,000,000,000,000,007,030,000,000,036,000,000,000,000,000,000,000,000,000,000,000,000,000,013,015,000,000,000,000,000,000,000,000,021,000,000,017,017,017,034,000,000,000,000,000,000,000,000,000,000,000,000,000,000,000,031,000,000,000,000,000,004,016,000,000,000,000,000,000,000,022,000,000,000,000,035,000,000,000,000,000,000,000,000,000,000,011,011,027,000,000,012,000,000,024,000,000,000,000,000,000,000,007,000,026,028,028,028,000,003,000,000,000,000,000,000,000,000,000,000,000,009,000,000,029,000,000,018,000,000,000,000,000,000,000,000,000,000,000,000,000,000,000,000,038,000,000,000,000,000,000,000,000,000,000,014,000,000,000,000,000,000,000,000,000,000,000,010,000,000,000,000,000,000,000,000,000,000,000,000,000,000,000,016,000,000,000,000,000,000,000,000,000,000,000,000,000,000,000,000,000,000,008,008,000,000,000,000,000,000,023,000,000,000,000,000,000,000,000,005,001,000,000,000,000,000,000,000,000,000,000,000,000,000,006,000,000,000,000,000,000,000,000,000,000,000,000,000,000,000,000,000,000,000,000,020,000,000,005,000,000,000,000,000,001,000,000,000,000,000,000,000,000,000,033,000,000,011,011,000,000,009,000,000,000,000,000,003,000,000,000,000,000,000,000,000,000,000,006,019,000,000,000,000,000,000,000,000,000,000,000,000,
0038: 000,006,000,000,030,000,000,000,000,000,018,000,001,000,000,000,000,016,000,000,005,000,000,000,000,000,000,000,000,035,000,000,000,000,000,000,000,006,000,000,000,000,000,001,000,000,000,000,000,000,000,000,011,011,000,000,000,000,000,000,000,000,000,000,000,000,000,000,000,000,000,000,000,000,000,000,000,000,005,007,016,000,000,000,000,000,000,000,003,000,000,000,000,000,000,000,000,000,000,033,000,014,000,000,000,000,000,000,020,000,000,000,000,000,000,009,000,000,027,000,000,000,000,000,000,000,000,000,000,000,000,000,000,000,037,037,000,000,000,000,000,000,000,000,000,000,000,000,000,000,013,034,000,000,000,000,000,000,000,000,007,000,000,031,000,000,000,000,000,000,000,000,000,000,000,000,000,000,000,032,000,000,000,000,000,000,000,000,026,000,015,000,000,000,000,000,000,000,000,008,008,029,022,000,000,000,000,011,011,000,000,000,000,023,000,000,000,000,000,000,000,000,000,000,000,000,000,000,000,000,000,000,000,004,000,000,000,000,000,000,000,000,000,000,019,000,000,000,000,000,000,000,000,017,017,017,000,000,000,000,000,000,000,000,000,000,000,000,003,012,000,010,000,000,024,000,000,000,000,025,000,002,038,000,000,000,000,000,000,000,000,000,000,000,000,000,000,009,000,000,000,000,000,000,000,000,028,028,028,000,000,000,036,000,000,000,000,000,021,000,000,000,000,000,000,000,000,000,000,000,000,000,000,000,000,000,000,010,000,000,000,000,000,000,000,000,000,000,000,000,000,000,000,000,000,000,000,000,000,000,
0036: 000,000,000,000,000,000,000,000,000,006,000,000,000,001,000,000,000,000,000,000,000,000,000,000,000,000,000,000,000,000,018,000,000,000,000,000,026,000,000,000,000,010,000,000,000,000,000,000,000,013,000,000,000,000,016,028,028,028,000,000,020,000,000,000,000,000,000,000,000,000,000,000,025,000,000,003,000,000,000,000,000,000,009,000,000,035,000,000,000,000,019,000,000,000,008,008,000,000,000,000,000,000,000,000,011,011,000,000,000,000,011,011,000,000,000,000,000,000,000,000,000,000,000,000,007,000,000,000,000,000,000,000,000,000,000,000,000,000,014,000,000,000,029,000,000,000,000,000,032,000,000,000,000,000,000,000,000,000,000,000,000,000,000,000,027,000,023,000,000,000,000,000,000,000,000,000,000,000,038,000,000,000,000,000,000,000,000,000,000,000,000,000,000,000,000,000,015,006,000,000,000,000,000,000,000,037,037,000,000,031,000,000,000,007,000,000,000,000,000,000,000,000,000,000,000,000,000,000,000,017,017,017,009,000,000,000,000,000,000,000,000,000,000,000,000,000,000,000,000,036,000,000,000,000,000,034,000,000,000,000,000,005,000,000,024,000,000,000,000,000,000,000,000,033,000,000,000,005,000,000,001,000,000,000,000,000,016,000,000,000,000,000,000,000,000,000,000,000,000,000,000,000,000,000,000,000,000,022,003,000,000,021,000,000,030,000,000,000,000,000,000,000,012,000,000,000,010,000,000,000,000,000,000,000,000,000,000,000,000,000,000,000,004,000,000,000,000,000,000,000,000,000,000,002,000,000,000,000,000,000,
0033: 000,000,000,000,000,000,000,000,000,000,011,011,000,000,000,000,000,000,000,000,000,000,000,000,000,000,000,000,000,000,012,000,000,000,000,000,000,000,000,000,000,000,000,000,000,000,000,023,000,000,000,000,000,000,000,000,000,000,000,000,027,000,017,017,017,000,000,000,000,000,000,000,000,000,000,000,000,000,000,000,000,000,000,000,000,000,000,000,022,000,000,006,005,000,000,000,028,028,028,000,000,000,000,000,000,000,000,000,000,000,000,000,007,000,021,030,005,000,000,000,000,000,000,000,036,000,000,000,000,000,000,000,000,000,000,000,000,000,000,006,032,033,000,000,000,000,002,000,000,000,000,000,026,000,000,019,000,000,038,000,000,000,000,000,000,000,000,000,000,000,000,000,000,025,015,000,000,000,000,000,010,000,000,000,000,000,000,000,000,000,000,000,000,014,000,000,000,000,001,000,024,018,000,020,000,000,000,000,000,000,000,000,029,001,000,000,000,000,000,000,000,000,000,000,000,000,000,010,000,000,000,000,000,000,000,000,000,000,000,000,000,000,000,000,000,000,034,013,000,016,000,000,000,000,000,000,000,009,009,000,000,000,000,007,000,000,000,000,000,000,000,000,000,000,000,000,000,000,000,000,000,003,000,000,000,000,000,000,000,000,000,000,000,000,000,000,000,000,000,031,000,000,000,000,011,011,000,000,000,000,000,000,000,000,000,000,000,000,000,000,000,000,000,000,000,000,004,000,000,000,000,000,000,000,003,000,035,000,008,008,000,000,000,000,000,000,037,037,016,000,000,000,000,000,000,000,000,000,000,000,
0033: 000,000,018,000,000,016,000,000,000,000,000,000,012,000,000,000,000,000,000,000,000,000,027,000,020,000,000,000,000,000,000,000,011,011,000,006,000,000,000,000,014,000,000,038,000,000,000,000,000,000,000,000,000,001,000,000,000,000,000,000,011,011,000,000,000,000,000,000,000,000,000,000,000,000,000,000,000,000,000,000,000,000,000,000,000,000,000,000,000,000,000,000,000,000,000,000,015,000,016,026,000,000,000,000,000,000,000,003,000,000,000,000,000,000,000,000,000,000,000,000,000,000,000,000,000,000,002,000,000,031,000,000,000,000,000,000,000,000,000,000,000,000,007,000,000,000,000,000,000,000,000,000,000,000,000,000,000,000,024,000,000,000,000,000,000,000,000,000,000,000,000,000,000,000,000,000,000,000,000,000,000,029,000,000,000,000,000,000,000,000,000,000,000,000,003,000,000,000,000,000,000,000,000,000,000,000,013,000,000,000,000,000,000,000,000,000,000,000,000,000,000,000,009,000,000,000,008,008,025,000,000,037,037,000,000,000,000,000,023,000,000,000,000,000,000,000,000,000,000,017,017,017,000,007,000,000,000,022,000,006,000,000,000,000,000,000,000,032,000,000,000,000,000,000,000,000,028,028,028,000,000,000,000,000,000,034,000,000,000,000,000,000,000,000,000,000,000,000,000,000,000,000,000,001,000,000,000,000,000,000,000,000,000,000,000,010,000,000,000,000,000,000,000,000,010,030,000,000,036,005,000,000,000,000,000,000,000,019,000,000,000,000,000,000,000,005,000,021,000,000,033,000,000,000,035,000,000,009,004,000,
0031: 000,000,000,000,032,000,000,000,000,000,000,000,000,000,000,000,000,000,000,000,000,000,000,009,004,028,028,028,000,000,000,000,034,000,000,000,000,000,007,030,000,000,011,011,000,000,000,000,000,000,000,000,000,000,000,000,000,000,000,000,017,017,017,000,000,000,009,000,000,012,000,000,000,000,000,000,000,000,000,000,033,000,000,000,006,010,000,000,000,000,000,000,000,000,019,000,000,000,000,000,000,000,000,000,011,011,000,000,000,000,000,000,000,000,000,036,000,000,000,000,000,014,006,000,000,000,000,000,000,001,000,000,022,000,000,031,000,000,000,000,000,008,008,000,000,005,000,000,000,000,000,000,000,000,000,000,000,000,000,000,000,000,000,000,000,000,000,038,000,000,000,000,000,000,000,000,000,021,000,000,000,000,000,000,000,000,000,016,000,000,001,000,000,000,000,000,024,000,000,000,000,000,000,000,000,000,000,000,000,000,000,000,000,000,000,000,000,000,000,007,000,000,000,000,000,000,000,003,000,000,000,000,000,000,000,000,000,000,000,000,023,000,000,000,000,000,010,000,000,000,000,000,000,000,000,000,027,000,000,000,000,000,000,000,000,000,000,000,000,000,000,000,000,000,000,000,000,000,000,000,035,029,000,000,000,018,000,000,000,000,000,000,000,000,000,000,000,025,037,037,000,000,000,000,000,000,026,000,000,000,000,000,000,000,000,000,013,000,000,000,000,000,000,000,000,000,000,000,005,000,000,000,000,000,000,020,000,000,000,000,000,000,000,000,000,000,000,015,016,000,000,000,000,003,000,000,000,000,002,000,
0031: 000,000,000,000,010,000,000,000,000,000,000,000,015,000,000,000,000,000,001,000,000,000,000,026,000,000,000,000,000,000,000,000,000,000,000,000,016,000,000,000,000,000,000,024,000,000,000,036,000,000,000,000,000,003,030,000,000,000,000,000,000,000,000,000,000,021,000,000,000,000,006,033,000,006,000,023,000,000,000,000,034,000,000,000,000,000,000,000,000,005,000,000,000,000,000,018,000,000,000,000,000,027,000,008,008,000,000,000,000,000,000,000,035,000,000,000,000,000,011,011,007,000,001,000,000,013,000,000,000,000,000,000,000,000,000,000,000,012,038,000,000,007,000,000,000,000,009,000,000,000,000,019,000,000,000,000,000,000,000,000,000,000,000,031,000,000,000,000,009,000,000,000,000,000,000,000,000,000,000,000,000,000,000,000,000,000,000,000,000,000,000,000,000,000,000,000,002,000,000,000,000,000,000,000,000,000,000,003,000,000,000,000,000,000,000,000,000,000,000,000,000,000,000,000,000,000,000,000,000,028,028,028,000,029,000,000,000,000,000,000,020,000,000,000,000,000,025,000,000,016,000,000,000,000,000,000,000,000,000,000,000,000,000,000,000,000,000,000,000,022,000,000,000,000,000,000,000,000,000,000,000,000,000,000,000,000,000,000,000,000,000,000,000,000,000,000,000,000,000,000,014,000,000,000,000,000,011,011,000,000,000,000,000,000,000,000,032,000,000,000,000,000,000,005,010,000,000,000,000,000,000,017,017,017,000,000,000,000,000,000,000,000,000,004,000,037,037,000,000,000,000,000,000,000,000,000,000,000,000,000,
0031: 000,000,000,000,000,000,000,000,005,000,000,000,000,000,000,000,000,000,000,000,000,000,000,000,000,000,000,000,000,000,027,000,000,000,000,000,029,017,017,017,000,018,000,000,010,000,000,000,000,000,000,020,000,000,000,000,000,000,000,000,000,000,000,000,000,000,000,000,000,000,000,000,000,000,005,019,000,000,000,000,000,000,000,000,000,000,036,000,000,000,000,000,000,000,000,000,000,000,000,000,000,000,000,000,000,000,000,000,000,000,000,000,000,000,016,000,000,000,000,000,000,000,000,000,000,009,000,023,000,000,000,000,000,000,000,000,000,000,000,000,000,000,000,000,000,000,000,000,000,000,000,038,000,000,000,000,022,012,000,000,015,000,000,000,000,000,000,000,000,000,000,011,011,000,000,001,000,000,000,026,032,000,008,008,000,000,000,000,000,000,007,000,000,000,000,000,000,006,000,000,000,000,000,000,001,000,000,000,000,000,000,000,000,000,000,000,028,028,028,000,000,009,000,000,000,000,000,000,000,000,000,002,000,024,000,000,000,000,000,000,000,000,000,000,000,000,000,007,000,000,000,000,000,000,000,000,000,000,000,000,000,033,000,000,000,000,000,000,006,000,035,000,000,003,000,004,000,000,000,014,000,000,000,000,000,030,000,000,003,000,000,013,034,000,000,000,000,000,000,000,000,000,000,000,000,031,021,000,011,011,000,000,000,000,000,000,000,000,000,000,000,000,037,037,000,000,000,000,000,000,000,000,010,000,000,000,000,000,000,016,000,025,000,000,000,000,000,000,000,000,000,000,000,000,000,000,000,000,000,000,
0025: 027,000,000,000,000,000,000,000,000,000,000,000,000,000,000,000,000,000,000,000,028,028,028,000,000,006,000,000,000,000,000,000,000,000,037,037,000,000,000,000,000,000,000,000,016,000,000,000,000,000,000,000,016,000,026,000,000,025,000,000,000,000,000,000,000,032,000,000,000,000,000,000,000,000,033,000,000,000,000,036,000,000,000,000,000,000,000,000,000,005,018,000,000,000,000,022,000,000,000,000,035,000,000,000,000,000,000,000,000,012,011,011,000,000,000,000,000,000,000,000,000,000,024,000,000,000,000,000,000,000,001,000,006,000,000,007,000,000,000,000,000,000,000,002,000,003,000,000,000,000,019,001,000,000,000,000,000,000,000,000,000,007,000,000,000,000,000,000,000,000,000,015,000,000,017,017,017,000,000,000,000,010,000,000,000,000,000,000,000,000,000,030,000,021,000,000,000,004,000,000,008,008,000,000,013,000,000,000,000,000,000,000,000,000,000,000,000,000,000,000,000,009,000,000,000,000,000,000,000,000,000,000,000,000,000,000,000,000,000,000,000,000,000,000,000,029,010,031,000,000,000,034,000,000,000,000,000,000,000,000,000,000,000,000,000,000,000,005,000,000,000,000,000,000,000,000,000,000,000,020,000,000,000,000,000,000,000,000,000,000,000,014,000,000,000,003,023,011,011,000,000,000,000,000,000,000,000,000,000,000,000,000,000,000,000,000,000,038,000,000,000,000,000,000,000,000,000,000,000,000,000,000,000,000,000,000,000,000,000,009,000,000,000,000,000,000,000,000,000,000,000,000,000,000,000,000,000,000,000,000,
0024: 000,000,000,000,000,000,000,000,000,003,000,000,000,000,000,000,000,000,000,000,000,000,000,000,000,000,000,000,002,000,000,000,000,000,025,000,000,000,005,000,000,000,000,000,024,000,000,000,000,000,000,000,000,000,000,000,000,000,000,000,000,014,000,000,000,013,000,000,000,000,020,000,000,000,000,000,000,000,000,000,000,010,000,000,000,000,000,000,000,000,009,000,000,000,000,000,000,000,000,029,000,000,000,000,000,000,000,000,017,017,017,000,000,000,000,000,000,019,000,000,000,000,000,000,000,000,000,000,000,000,000,000,001,000,000,000,000,000,010,000,000,023,000,000,018,000,000,000,000,026,000,000,000,008,008,000,000,000,000,036,031,000,000,000,000,000,000,000,000,000,000,000,000,000,000,000,000,033,007,000,000,027,000,000,000,000,000,000,000,000,000,000,009,000,015,032,037,037,028,028,028,000,000,000,000,006,011,011,000,000,000,003,000,000,000,000,000,000,000,000,038,000,000,000,000,000,000,000,000,000,000,000,000,000,000,000,000,000,000,000,016,000,000,016,030,000,000,000,000,000,000,000,000,000,000,000,000,000,000,000,000,000,011,011,000,000,000,000,007,005,000,000,000,022,000,000,000,001,000,000,000,000,000,000,000,000,000,000,000,000,000,000,000,000,000,000,000,021,000,006,035,000,000,000,000,000,000,000,000,000,000,000,000,000,000,000,000,000,000,000,000,000,004,000,000,000,000,000,000,000,000,000,000,000,000,000,000,000,000,000,000,000,000,000,000,000,000,000,000,000,000,000,000,012,000,034,000,000,000,000,
0023: 000,000,009,000,004,000,000,000,000,000,000,000,000,000,023,000,000,000,000,003,000,000,000,000,000,009,020,000,000,031,000,000,000,000,000,000,000,000,000,000,000,000,000,000,000,000,000,000,000,000,000,000,000,000,000,000,000,000,000,000,016,000,000,000,000,000,000,000,000,033,000,000,000,000,000,037,037,000,000,000,000,015,000,000,000,000,000,030,000,000,000,000,000,000,000,006,000,000,000,000,034,000,000,000,000,000,000,000,000,000,035,000,000,000,022,010,000,017,017,017,000,000,000,000,000,000,000,000,000,000,000,007,000,000,000,002,000,000,000,000,021,000,000,000,000,000,000,000,000,000,013,000,000,005,000,000,000,000,000,000,000,000,000,000,000,000,000,000,000,038,000,000,000,000,000,000,008,008,000,000,000,000,000,005,000,000,003,000,000,000,000,000,000,000,000,000,000,000,000,000,000,000,000,000,000,000,000,000,000,000,000,025,000,000,000,000,000,000,000,000,000,007,000,000,000,006,000,000,000,000,000,000,000,000,000,000,000,000,000,000,029,000,000,000,000,000,000,032,000,000,000,000,000,012,000,000,000,000,000,000,000,000,000,000,000,018,000,000,000,000,000,000,000,000,000,010,000,001,000,000,000,000,000,000,000,000,000,000,000,000,000,000,000,001,000,000,000,000,019,000,000,036,000,000,011,011,016,028,028,028,011,011,000,026,000,000,000,000,000,000,000,000,024,000,000,000,000,000,000,000,000,000,000,000,000,000,000,000,000,000,014,000,000,000,000,000,000,027,000,000,000,000,000,000,000,000,000,000,000,000,
0020: 000,000,000,000,000,000,000,000,000,012,000,000,000,000,000,000,000,000,036,014,000,000,000,000,000,002,000,000,000,000,000,000,000,000,000,000,000,000,000,000,000,000,032,031,000,000,000,000,000,000,000,000,006,000,000,000,000,000,000,000,000,000,000,000,008,008,000,027,000,000,016,024,000,000,000,000,000,000,000,000,017,017,017,000,000,000,000,000,000,000,000,000,000,000,000,000,005,000,000,019,033,000,034,000,000,000,000,000,000,000,020,000,000,000,000,000,000,000,000,021,000,000,000,000,000,000,000,000,007,000,000,000,000,000,000,000,000,000,000,000,011,011,000,000,000,000,000,011,011,000,000,000,000,000,000,000,000,000,000,000,000,000,000,000,000,000,000,000,000,000,000,000,023,000,000,000,000,000,000,003,015,000,001,000,000,003,000,000,000,000,000,000,000,000,016,000,000,000,000,000,000,000,000,000,000,000,000,000,004,000,000,007,000,018,000,000,000,000,000,000,000,000,000,000,000,000,000,000,000,000,000,006,000,000,000,013,000,000,000,000,000,000,000,000,000,000,000,000,000,000,000,000,000,029,000,000,010,000,000,000,000,000,000,000,000,025,000,000,035,000,000,000,000,000,001,000,000,000,000,000,000,005,000,000,000,028,028,028,000,000,000,000,000,000,000,000,009,000,000,000,000,030,000,000,000,000,000,000,000,000,022,000,000,000,000,000,000,000,000,000,000,009,000,000,037,037,010,000,000,000,000,000,000,000,000,000,000,000,000,000,000,000,000,000,000,000,000,000,000,000,000,038,026,000,000,000,000,000,000,000,
0012: 000,000,000,000,000,000,000,000,000,017,017,017,014,000,000,000,000,000,000,025,000,000,000,000,000,000,000,005,000,000,000,000,019,000,000,000,000,000,010,000,000,000,000,000,000,000,000,000,000,000,028,028,028,000,000,000,016,000,000,000,000,000,000,033,000,000,000,000,000,000,000,000,000,035,000,000,000,000,000,000,000,000,000,002,012,000,000,018,008,008,000,000,000,000,000,000,000,029,009,000,000,026,000,000,000,000,000,000,000,000,011,011,000,000,000,000,000,000,000,000,000,000,000,000,000,001,000,031,000,000,000,000,000,016,001,000,000,000,000,000,000,000,000,000,000,000,000,000,000,000,000,000,000,000,000,000,000,000,000,000,000,000,000,005,000,000,000,000,000,038,000,000,000,000,000,000,003,000,000,000,010,000,000,000,000,000,000,000,000,000,000,000,000,000,000,000,006,000,000,000,000,000,000,004,000,000,000,000,000,000,000,000,000,000,023,024,000,000,000,000,000,000,000,000,000,000,000,000,006,000,000,000,000,000,000,000,000,000,013,000,000,011,011,000,000,000,000,000,000,034,000,020,000,030,000,000,000,000,000,000,000,000,007,000,000,000,000,000,009,000,000,000,000,000,000,000,000,000,000,000,000,000,000,000,000,000,027,000,000,000,037,037,000,000,000,000,000,000,000,022,000,000,000,000,000,000,000,000,003,000,000,000,000,000,000,036,000,007,000,000,000,000,000,000,000,000,000,000,000,000,000,000,000,000,021,000,000,000,000,000,000,000,000,032,000,000,000,000,000,000,000,015,000,000,000,000,000,000,000,000,
0011: 000,000,013,000,000,000,000,000,000,011,011,000,000,000,000,000,000,000,000,000,000,000,000,000,004,030,000,029,000,000,007,000,000,000,038,000,000,016,000,000,000,000,000,000,000,000,000,000,000,000,000,000,000,000,000,000,000,000,000,000,000,000,000,035,000,000,000,001,000,017,017,017,000,028,028,028,000,000,000,000,000,000,000,000,000,000,037,037,000,000,000,000,000,000,000,000,000,000,000,022,000,007,000,019,000,000,000,000,000,024,000,000,000,021,000,000,000,000,000,000,000,000,000,011,011,023,000,014,000,000,016,000,000,000,000,000,000,000,000,000,000,000,000,000,000,027,000,000,000,000,000,000,000,000,000,000,000,000,000,000,000,000,000,000,000,000,000,000,000,000,000,000,000,000,000,000,000,000,000,000,000,000,000,000,001,000,000,000,000,000,000,000,034,000,000,000,000,000,000,000,000,000,000,000,000,000,000,000,000,000,032,000,031,020,025,000,000,000,000,000,000,000,000,000,000,000,000,003,000,000,000,000,000,000,000,000,000,000,000,000,000,000,000,036,000,000,000,000,000,000,000,000,000,000,000,000,006,000,000,000,000,000,000,000,000,000,000,010,000,000,000,000,000,000,000,000,000,000,000,000,000,000,000,033,000,000,018,000,000,008,008,026,000,000,000,000,000,000,000,000,000,000,000,000,000,005,000,000,002,000,005,000,000,000,000,000,006,000,000,000,000,010,003,000,000,000,000,000,000,000,000,000,000,000,015,000,000,000,000,000,000,012,000,000,000,000,000,000,000,009,000,000,000,000,000,000,009,000,000,000,
0008: 000,000,000,033,000,000,000,000,000,007,011,011,036,000,000,000,000,000,000,021,000,000,022,000,000,000,009,000,000,000,000,000,002,000,000,000,000,000,000,000,008,008,010,000,032,000,005,000,000,000,000,000,035,000,000,000,000,000,000,000,000,000,000,000,000,000,000,000,000,000,037,037,000,000,000,000,000,000,018,000,000,000,000,000,000,000,000,016,000,000,000,000,000,000,000,016,000,000,000,000,000,000,000,000,028,028,028,000,000,000,000,000,000,000,000,000,000,000,000,023,000,000,000,000,000,000,000,000,000,000,000,000,000,006,000,000,000,003,000,000,000,000,000,000,000,000,000,000,000,000,000,000,013,031,000,000,000,000,000,000,000,000,011,011,000,020,000,010,000,000,000,000,000,034,000,000,000,006,000,014,000,000,025,000,000,000,000,000,000,000,000,000,000,000,000,027,000,000,000,000,030,000,000,000,000,000,000,000,000,000,000,000,000,000,000,015,000,000,000,000,000,000,000,000,000,029,000,000,000,000,000,009,000,000,000,000,000,024,000,000,000,000,000,000,000,000,000,000,000,000,000,000,000,000,000,000,000,000,001,000,000,000,000,000,005,000,000,000,000,000,000,000,000,000,000,000,000,000,000,000,000,000,000,007,000,000,000,000,000,000,000,000,026,000,000,000,000,000,000,000,000,000,000,000,000,000,003,000,019,000,000,000,004,000,000,000,000,012,000,000,000,000,000,000,000,000,000,000,000,000,000,000,000,000,000,000,000,038,000,000,000,000,000,000,017,017,017,000,000,000,000,000,000,000,000,001,000,000,000,000,
-0007: 000,000,016,000,000,000,000,000,000,000,000,000,000,027,000,000,000,000,000,000,000,000,000,000,000,000,000,000,000,000,005,000,000,000,026,000,000,000,000,000,032,016,000,000,000,000,023,000,000,000,000,000,000,000,000,000,000,000,000,000,000,000,000,000,000,000,000,000,000,000,000,000,000,000,000,000,000,000,000,000,000,000,006,001,000,000,025,000,000,000,000,000,000,000,008,008,000,018,000,000,000,000,000,000,028,028,028,000,000,000,000,000,000,000,000,000,000,000,000,000,000,000,000,000,000,000,000,020,000,000,000,000,000,012,000,000,000,000,000,000,000,000,000,000,000,000,000,000,000,000,000,000,000,000,013,000,000,010,000,000,000,006,000,000,000,000,000,000,000,000,000,001,000,034,000,000,000,000,000,000,000,038,000,000,000,003,000,000,000,000,000,000,000,000,000,000,000,000,000,017,017,017,000,000,000,000,000,000,000,000,000,000,000,000,000,000,000,000,000,000,000,000,000,000,000,000,000,000,000,024,000,000,000,000,000,015,000,000,000,000,000,000,000,000,037,037,000,000,000,000,000,000,000,000,000,000,000,031,000,000,000,000,000,000,000,000,000,000,021,004,000,000,000,022,000,000,000,000,000,000,011,011,000,000,000,000,000,000,029,010,000,000,000,000,000,000,014,000,000,000,000,000,000,000,000,033,000,000,011,011,000,000,000,005,007,000,000,000,000,000,000,019,036,000,000,000,000,000,000,003,000,000,000,000,030,000,000,000,000,000,000,000,035,000,000,000,000,000,000,000,000,007,000,000,000,000,009,002,009,000,
-0014: 000,000,000,000,000,021,000,000,025,000,000,000,000,000,000,000,037,037,000,000,000,000,000,000,000,000,000,000,000,000,024,000,000,015,000,000,000,006,000,003,000,000,000,000,000,000,000,038,000,000,000,000,000,000,000,000,000,000,003,000,000,000,000,000,000,000,000,000,000,027,000,023,000,000,000,000,000,000,000,000,000,000,000,000,000,000,000,000,000,014,000,000,000,000,000,000,000,000,000,000,000,000,000,000,000,000,000,034,011,011,000,000,000,000,000,000,000,000,000,000,000,012,000,000,000,000,000,000,000,000,000,000,000,001,000,000,000,000,000,000,000,020,000,000,000,000,000,008,008,000,035,036,011,011,000,000,000,000,010,000,000,000,000,000,000,000,006,022,000,000,000,000,000,000,000,000,000,000,000,000,000,000,000,028,028,028,000,000,000,033,000,000,000,000,000,000,000,000,000,000,018,007,000,000,000,000,000,000,013,000,000,000,000,004,000,000,000,000,000,000,000,000,000,000,000,000,009,000,000,001,000,000,000,010,000,000,000,000,000,000,000,000,000,000,000,000,000,000,000,000,000,000,000,000,000,000,031,000,000,000,000,000,000,000,000,000,000,000,000,000,000,019,000,000,000,032,000,000,000,000,000,000,000,000,000,000,000,000,000,000,000,000,000,000,000,016,000,000,000,026,000,000,016,000,000,007,000,000,000,000,000,000,000,000,000,000,000,009,000,030,000,000,000,005,000,017,017,017,000,000,000,000,000,000,000,000,002,000,000,029,000,000,000,000,000,000,005,000,000,000,000,000,000,000,000,000,000,000,000,000,
</DebugTrace>
      </Output>
    </UnitTestResult>
  </Results>
</TestRun>