<?xml version="1.0" encoding="UTF-8"?>
<TestRun id="d842bf70-6cad-4504-811d-bb886270918b" name="FloLap@FLOLAP-PC 2011-10-19 19:46:23" runUser="FloLap-PC\FloLap" xmlns="http://microsoft.com/schemas/VisualStudio/TeamTest/2010">
  <TestSettings name="Lokal" id="6ed96bb3-d821-4eee-a79d-3a3069da9890">
    <Description>Dies sind die standardmäßigen Testeinstellungen für einen lokalen Testlauf.</Description>
    <Deployment enabled="false" runDeploymentRoot="FloLap_FLOLAP-PC 2011-10-19 19_46_23">
      <DeploymentItem filename="E:\HsKA\Semester2\Projektarbeit\Stundenplangenerator\TimetablePlanner\TimetablePlanner\bin\Debug\TimetablePlanner.dll" />
    </Deployment>
    <Execution>
      <TestTypeSpecific />
      <AgentRule name="Execution Agents">
      </AgentRule>
    </Execution>
  </TestSettings>
  <Times creation="2011-10-19T19:46:23.3786284+02:00" queuing="2011-10-19T19:46:24.4686299+02:00" start="2011-10-19T19:46:24.5586300+02:00" finish="2011-10-19T19:46:35.0499673+02:00" />
  <ResultSummary outcome="Completed">
    <Counters total="1" executed="1" passed="1" error="0" failed="0" timeout="0" aborted="0" inconclusive="0" passedButRunAborted="0" notRunnable="0" notExecuted="0" disconnected="0" warning="0" completed="0" inProgress="0" pending="0" />
  </ResultSummary>
  <TestDefinitions>
    <UnitTest name="createTimetableInstanceTest" storage="e:\hska\semester2\projektarbeit\stundenplangenerator\timetableplanner\timetableplannertests\bin\debug\timetableplannertests.dll" id="ab441b29-9837-01bf-f43f-7839c8f73716">
      <Execution id="6f6a2be2-1289-4410-ad72-419603d0d065" />
      <TestMethod codeBase="E:/HsKA/Semester2/Projektarbeit/Stundenplangenerator/TimetablePlanner/TimetablePlannerTests/bin/Debug/TimetablePlannerTests.DLL" adapterTypeName="Microsoft.VisualStudio.TestTools.TestTypes.Unit.UnitTestAdapter, Microsoft.VisualStudio.QualityTools.Tips.UnitTest.Adapter, Version=10.0.0.0, Culture=neutral, PublicKeyToken=b03f5f7f11d50a3a" className="TimetablePlannerTests.TimetableTest, TimetablePlannerTests, Version=1.0.0.0, Culture=neutral, PublicKeyToken=null" name="createTimetableInstanceTest" />
    </UnitTest>
  </TestDefinitions>
  <TestLists>
    <TestList name="Nicht in einer Liste enthaltene Ergebnisse" id="8c84fa94-04c1-424b-9868-57a2d4851a1d" />
    <TestList name="Alle geladenen Ergebnisse" id="19431567-8539-422a-85d7-44ee4e166bda" />
  </TestLists>
  <TestEntries>
    <TestEntry testId="ab441b29-9837-01bf-f43f-7839c8f73716" executionId="6f6a2be2-1289-4410-ad72-419603d0d065" testListId="8c84fa94-04c1-424b-9868-57a2d4851a1d" />
  </TestEntries>
  <Results>
    <UnitTestResult executionId="6f6a2be2-1289-4410-ad72-419603d0d065" testId="ab441b29-9837-01bf-f43f-7839c8f73716" testName="createTimetableInstanceTest" computerName="FLOLAP-PC" duration="00:00:09.1697896" startTime="2011-10-19T19:46:24.5986301+02:00" endTime="2011-10-19T19:46:34.9499671+02:00" testType="13cdc9d9-ddb5-4fa4-a97d-d965ccfc6d4b" outcome="Passed" testListId="8c84fa94-04c1-424b-9868-57a2d4851a1d" relativeResultsDirectory="6f6a2be2-1289-4410-ad72-419603d0d065">
      <Output>
        <DebugTrace>Time to create population of size 75: 560ms
874
862
843
805
715
649
626
620
617
598
596
588
585
582
575
549
542
541
504
500
499
495
488
487
479
477
467
459
458
454
447
436
434
433
427
422
417
417
410
398
387
386
379
374
370
368
365
360
357
354
324
321
316
313
310
284
278
276
267
226
216
191
83
81
79
39
0
-15
-23
-73
-92
-102
-113
-130
-206
Early abort after 175 generations.
Mean time per generation: 46ms
Mean fitness increase per generation
208
103
110
37
19
21
19
20
20
20
21
17
21
13
15
16
13
14
17
13
10
12
12
10
13
13
12
16
14
13
10
12
10
10
6
6
7
7
9
6
7
9
9
9
8
9
8
7
9
6
7
5
5
6
5
4
5
4
4
2
4
3
3
4
4
2
3
2
2
3
3
4
4
4
3
3
5
3
4
3
2
4
3
2
2
4
3
2
1
2
4
1
3
2
1
1
2
2
2
1
2
1
2
2
2
3
1
1
1
1
1
2
1
1
0
1
0
1
1
2
1
1
0
2
1
1
0
1
1
1
1
0
1
2
0
0
2
1
1
0
2
0
1
1
0
1
1
0
1
1
0
0
1
1
0
1
0
2
1
1
1
0
2
0
1
0
1
1
0
1
0
0
0
1
0
1
Evolution time: 8269ms
1652
1650
1643
1642
1642
1641
1636
1636
1635
1633
1633
1632
1632
1631
1630
1630
1630
1630
1630
1630
1630
1630
1629
1629
1628
1627
1627
1627
1627
1627
1627
1627
1626
1626
1626
1626
1626
1625
1625
1625
1625
1624
1624
1624
1624
1624
1624
1624
1624
1624
1623
1623
1623
1623
1623
1623
1623
1623
1622
1622
1622
1622
1622
1621
1621
1621
1621
1621
1621
1621
1621
1621
1620
1620
1620

Group 0
Block 0: 005 004 012 000 003 
Block 1: 007 006 012 001 002 
Block 2: --- 011 --- 008 010 
Block 3: --- --- --- --- 009 
Block 4: --- --- --- --- --- 
Block 5: --- --- --- --- --- 

Group 1
Block 0: 025 019 013 018 015 
Block 1: 025 024 020 018 017 
Block 2: 025 014 --- 023 017 
Block 3: 016 --- --- 021 --- 
Block 4: 022 --- --- --- --- 
Block 5: --- --- --- --- --- 

Group 2
Block 0: --- --- 030 --- 035 
Block 1: 031 033 029 --- 028 
Block 2: 032 --- --- --- 026 
Block 3: 027 --- --- --- x36 
Block 4: --- --- --- x34 x36 
Block 5: --- --- --- --- x36 

Group 3
Block 0: 040 037 042 --- 043 
Block 1: 041 038 044 --- 039 
Block 2: --- --- --- --- x46 
Block 3: --- --- --- x45 --- 
Block 4: --- --- --- x45 --- 
Block 5: --- --- --- --- --- 
</DebugTrace>
      </Output>
    </UnitTestResult>
  </Results>
</TestRun>