<?xml version="1.0" encoding="UTF-8"?>
<TestRun id="bca506e9-9b8d-48e5-8a93-1e682f229083" name="FloLap@FLOLAP-PC 2011-11-09 15:16:05" runUser="FloLap-PC\FloLap" xmlns="http://microsoft.com/schemas/VisualStudio/TeamTest/2010">
  <TestSettings name="Lokal" id="6ed96bb3-d821-4eee-a79d-3a3069da9890">
    <Description>Dies sind die standardmäßigen Testeinstellungen für einen lokalen Testlauf.</Description>
    <Deployment enabled="false" runDeploymentRoot="FloLap_FLOLAP-PC 2011-11-09 15_16_05">
      <DeploymentItem filename="E:\HsKA\Semester2\Projektarbeit\Stundenplangenerator\TimetablePlanner\TimetablePlanner\bin\Debug\TimetablePlanner.dll" />
    </Deployment>
    <Execution>
      <TestTypeSpecific />
      <AgentRule name="Execution Agents">
      </AgentRule>
    </Execution>
  </TestSettings>
  <Times creation="2011-11-09T15:16:05.0014132+01:00" queuing="2011-11-09T15:16:06.0580425+01:00" start="2011-11-09T15:16:06.1640485+01:00" finish="2011-11-09T15:16:21.4230757+01:00" />
  <ResultSummary outcome="Completed">
    <Counters total="2" executed="2" passed="2" error="0" failed="0" timeout="0" aborted="0" inconclusive="0" passedButRunAborted="0" notRunnable="0" notExecuted="0" disconnected="0" warning="0" completed="0" inProgress="0" pending="0" />
  </ResultSummary>
  <TestDefinitions>
    <UnitTest name="TimetableManualTester" storage="e:\hska\semester2\projektarbeit\stundenplangenerator\timetableplanner\timetableplannertests\bin\debug\timetableplannertests.dll" id="3ada0cc6-2a4d-2d63-7d9f-97d4d443b0f3">
      <Execution id="779940c7-c510-4b1d-b7eb-321387f1d39b" />
      <TestMethod codeBase="E:/HsKA/Semester2/Projektarbeit/Stundenplangenerator/TimetablePlanner/TimetablePlannerTests/bin/Debug/TimetablePlannerTests.DLL" adapterTypeName="Microsoft.VisualStudio.TestTools.TestTypes.Unit.UnitTestAdapter, Microsoft.VisualStudio.QualityTools.Tips.UnitTest.Adapter, Version=10.0.0.0, Culture=neutral, PublicKeyToken=b03f5f7f11d50a3a" className="TimetablePlannerTests.TimetableTest, TimetablePlannerTests, Version=1.0.0.0, Culture=neutral, PublicKeyToken=null" name="TimetableManualTester" />
    </UnitTest>
    <UnitTest name="TimetableInputExportTest" storage="e:\hska\semester2\projektarbeit\stundenplangenerator\timetableplanner\timetableplannertests\bin\debug\timetableplannertests.dll" id="643aee53-482b-7ddc-6eba-83a04b5cba46">
      <Execution id="ad703ec7-45bc-4769-853a-16cd40f69ac8" />
      <TestMethod codeBase="E:/HsKA/Semester2/Projektarbeit/Stundenplangenerator/TimetablePlanner/TimetablePlannerTests/bin/Debug/TimetablePlannerTests.DLL" adapterTypeName="Microsoft.VisualStudio.TestTools.TestTypes.Unit.UnitTestAdapter, Microsoft.VisualStudio.QualityTools.Tips.UnitTest.Adapter, Version=10.0.0.0, Culture=neutral, PublicKeyToken=b03f5f7f11d50a3a" className="TimetablePlannerTests.TimetableTest, TimetablePlannerTests, Version=1.0.0.0, Culture=neutral, PublicKeyToken=null" name="TimetableInputExportTest" />
    </UnitTest>
  </TestDefinitions>
  <TestLists>
    <TestList name="Nicht in einer Liste enthaltene Ergebnisse" id="8c84fa94-04c1-424b-9868-57a2d4851a1d" />
    <TestList name="Alle geladenen Ergebnisse" id="19431567-8539-422a-85d7-44ee4e166bda" />
  </TestLists>
  <TestEntries>
    <TestEntry testId="3ada0cc6-2a4d-2d63-7d9f-97d4d443b0f3" executionId="779940c7-c510-4b1d-b7eb-321387f1d39b" testListId="8c84fa94-04c1-424b-9868-57a2d4851a1d" />
    <TestEntry testId="643aee53-482b-7ddc-6eba-83a04b5cba46" executionId="ad703ec7-45bc-4769-853a-16cd40f69ac8" testListId="8c84fa94-04c1-424b-9868-57a2d4851a1d" />
  </TestEntries>
  <Results>
    <UnitTestResult executionId="779940c7-c510-4b1d-b7eb-321387f1d39b" testId="3ada0cc6-2a4d-2d63-7d9f-97d4d443b0f3" testName="TimetableManualTester" computerName="FLOLAP-PC" duration="00:00:13.8032719" startTime="2011-11-09T15:16:06.2130513+01:00" endTime="2011-11-09T15:16:21.2514754+01:00" testType="13cdc9d9-ddb5-4fa4-a97d-d965ccfc6d4b" outcome="Passed" testListId="8c84fa94-04c1-424b-9868-57a2d4851a1d" relativeResultsDirectory="779940c7-c510-4b1d-b7eb-321387f1d39b">
      <Output>
        <DebugTrace>Individual 2 created.
Individual 3 created.
Individual 4 created.
Individual 0 created.
Individual 7 created.
Individual 1 created.
Individual 9 created.
Individual 8 created.
Individual 6 created.
Individual 10 created.
Individual 11 created.
Individual 5 created.
Individual 13 created.
Individual 14 created.
Individual 15 created.
Individual 17 created.
Individual 12 created.
Individual 18 created.
Individual 16 created.
Individual 19 created.
Individual 20 created.
Individual 21 created.
Individual 24 created.
Individual 23 created.
Individual 22 created.
Generation 0 finished with best fitness of 3340.
Generation 1 finished with best fitness of 3401.
Generation 2 finished with best fitness of 3426.
Generation 3 finished with best fitness of 3426.
Generation 4 finished with best fitness of 3522.
Generation 5 finished with best fitness of 3522.
Generation 6 finished with best fitness of 3617.
Generation 7 finished with best fitness of 3682.
Generation 8 finished with best fitness of 3724.
Generation 9 finished with best fitness of 3747.
Generation 10 finished with best fitness of 3894.
Generation 11 finished with best fitness of 3894.
Generation 12 finished with best fitness of 3929.
Generation 13 finished with best fitness of 3958.
Generation 14 finished with best fitness of 4083.
Generation 15 finished with best fitness of 4088.
Generation 16 finished with best fitness of 4092.
Generation 17 finished with best fitness of 4163.
Generation 18 finished with best fitness of 4170.
Generation 19 finished with best fitness of 4248.
Generation 20 finished with best fitness of 4308.
Generation 21 finished with best fitness of 4356.
Generation 22 finished with best fitness of 4395.
Generation 23 finished with best fitness of 4507.
Generation 24 finished with best fitness of 4508.
Generation 25 finished with best fitness of 4579.
Generation 26 finished with best fitness of 4692.
Generation 27 finished with best fitness of 4700.
Generation 28 finished with best fitness of 4705.
Generation 29 finished with best fitness of 4761.
Generation 30 finished with best fitness of 4917.
Generation 31 finished with best fitness of 4917.
Generation 32 finished with best fitness of 4955.
Generation 33 finished with best fitness of 5047.
Generation 34 finished with best fitness of 5090.
Generation 35 finished with best fitness of 5107.
Generation 36 finished with best fitness of 5107.
Generation 37 finished with best fitness of 5163.
Generation 38 finished with best fitness of 5169.
Generation 39 finished with best fitness of 5169.
Generation 40 finished with best fitness of 5249.
Generation 41 finished with best fitness of 5253.
Generation 42 finished with best fitness of 5328.
Generation 43 finished with best fitness of 5328.
Generation 44 finished with best fitness of 5384.
Generation 45 finished with best fitness of 5384.
Generation 46 finished with best fitness of 5445.
Generation 47 finished with best fitness of 5492.
Generation 48 finished with best fitness of 5525.
Generation 49 finished with best fitness of 5525.
Generation 50 finished with best fitness of 5537.
Generation 51 finished with best fitness of 5598.
Generation 52 finished with best fitness of 5598.
Generation 53 finished with best fitness of 5728.
Generation 54 finished with best fitness of 5728.
Generation 55 finished with best fitness of 5728.
Generation 56 finished with best fitness of 5806.
Generation 57 finished with best fitness of 5806.
Generation 58 finished with best fitness of 5871.
Generation 59 finished with best fitness of 5871.
Generation 60 finished with best fitness of 5871.
Generation 61 finished with best fitness of 6032.
Generation 62 finished with best fitness of 6085.
Generation 63 finished with best fitness of 6085.
Generation 64 finished with best fitness of 6085.
Generation 65 finished with best fitness of 6095.
Generation 66 finished with best fitness of 6176.
Generation 67 finished with best fitness of 6176.
Generation 68 finished with best fitness of 6176.
Generation 69 finished with best fitness of 6176.
Generation 70 finished with best fitness of 6307.
Generation 71 finished with best fitness of 6307.
Generation 72 finished with best fitness of 6324.
Generation 73 finished with best fitness of 6341.
Generation 74 finished with best fitness of 6350.
Generation 75 finished with best fitness of 6350.
Generation 76 finished with best fitness of 6381.
Generation 77 finished with best fitness of 6429.
Generation 78 finished with best fitness of 6429.
Generation 79 finished with best fitness of 6577.
Generation 80 finished with best fitness of 6577.
Generation 81 finished with best fitness of 6577.
Generation 82 finished with best fitness of 6577.
Generation 83 finished with best fitness of 6591.
Generation 84 finished with best fitness of 6594.
Generation 85 finished with best fitness of 6594.
Generation 86 finished with best fitness of 6646.
Generation 87 finished with best fitness of 6699.
Generation 88 finished with best fitness of 6699.
Generation 89 finished with best fitness of 6717.
Generation 90 finished with best fitness of 6825.
Generation 91 finished with best fitness of 6825.
Generation 92 finished with best fitness of 6825.
Generation 93 finished with best fitness of 6825.
Generation 94 finished with best fitness of 6825.
Generation 95 finished with best fitness of 6866.
Generation 96 finished with best fitness of 6918.
Generation 97 finished with best fitness of 6918.
Generation 98 finished with best fitness of 6918.
Generation 99 finished with best fitness of 6918.
Generation 100 finished with best fitness of 6918.
Generation 101 finished with best fitness of 6918.
Generation 102 finished with best fitness of 6977.
Generation 103 finished with best fitness of 6996.
Generation 104 finished with best fitness of 7005.
Generation 105 finished with best fitness of 7005.
Generation 106 finished with best fitness of 7152.
Generation 107 finished with best fitness of 7152.
Generation 108 finished with best fitness of 7161.
Generation 109 finished with best fitness of 7161.
Generation 110 finished with best fitness of 7161.
Generation 111 finished with best fitness of 7179.
Generation 112 finished with best fitness of 7179.
Generation 113 finished with best fitness of 7205.
Generation 114 finished with best fitness of 7205.
Generation 115 finished with best fitness of 7208.
Generation 116 finished with best fitness of 7269.
Generation 117 finished with best fitness of 7301.
Generation 118 finished with best fitness of 7357.
Generation 119 finished with best fitness of 7383.
Generation 120 finished with best fitness of 7383.
Generation 121 finished with best fitness of 7396.
Generation 122 finished with best fitness of 7543.
Generation 123 finished with best fitness of 7568.
Generation 124 finished with best fitness of 7568.
Generation 125 finished with best fitness of 7596.
Generation 126 finished with best fitness of 7609.
Generation 127 finished with best fitness of 7654.
Generation 128 finished with best fitness of 7732.
Generation 129 finished with best fitness of 7732.
Generation 130 finished with best fitness of 7732.
Generation 131 finished with best fitness of 7732.
Generation 132 finished with best fitness of 7742.
Generation 133 finished with best fitness of 7794.
Generation 134 finished with best fitness of 7794.
Generation 135 finished with best fitness of 7795.
Generation 136 finished with best fitness of 7795.
Generation 137 finished with best fitness of 7813.
Generation 138 finished with best fitness of 7813.
Generation 139 finished with best fitness of 7869.
Generation 140 finished with best fitness of 7869.
Generation 141 finished with best fitness of 7947.
Generation 142 finished with best fitness of 7947.
Generation 143 finished with best fitness of 7969.
Generation 144 finished with best fitness of 7969.
Generation 145 finished with best fitness of 7969.
Generation 146 finished with best fitness of 7986.
Generation 147 finished with best fitness of 7986.
Generation 148 finished with best fitness of 7986.
Generation 149 finished with best fitness of 7986.
Generation 150 finished with best fitness of 7986.
Generation 151 finished with best fitness of 8026.
Generation 152 finished with best fitness of 8031.
Generation 153 finished with best fitness of 8031.
Generation 154 finished with best fitness of 8044.
Generation 155 finished with best fitness of 8044.
Generation 156 finished with best fitness of 8125.
Generation 157 finished with best fitness of 8125.
Generation 158 finished with best fitness of 8125.
Generation 159 finished with best fitness of 8125.
Generation 160 finished with best fitness of 8125.
Generation 161 finished with best fitness of 8136.
Generation 162 finished with best fitness of 8234.
Generation 163 finished with best fitness of 8234.
Generation 164 finished with best fitness of 8234.
Generation 165 finished with best fitness of 8234.
Generation 166 finished with best fitness of 8234.
Generation 167 finished with best fitness of 8234.
Generation 168 finished with best fitness of 8234.
Generation 169 finished with best fitness of 8234.
Generation 170 finished with best fitness of 8234.
Generation 171 finished with best fitness of 8256.
Generation 172 finished with best fitness of 8256.
Generation 173 finished with best fitness of 8256.
Generation 174 finished with best fitness of 8299.
Generation 175 finished with best fitness of 8299.
Generation 176 finished with best fitness of 8299.
Generation 177 finished with best fitness of 8306.
Generation 178 finished with best fitness of 8306.
Generation 179 finished with best fitness of 8306.
Generation 180 finished with best fitness of 8306.
Generation 181 finished with best fitness of 8354.
Generation 182 finished with best fitness of 8423.
Generation 183 finished with best fitness of 8423.
Generation 184 finished with best fitness of 8423.
Generation 185 finished with best fitness of 8423.
Generation 186 finished with best fitness of 8423.
Generation 187 finished with best fitness of 8424.
Generation 188 finished with best fitness of 8501.
Generation 189 finished with best fitness of 8501.
Generation 190 finished with best fitness of 8501.
Generation 191 finished with best fitness of 8501.
Generation 192 finished with best fitness of 8501.
Generation 193 finished with best fitness of 8501.
Generation 194 finished with best fitness of 8501.
Generation 195 finished with best fitness of 8535.
Generation 196 finished with best fitness of 8535.
Generation 197 finished with best fitness of 8575.
Generation 198 finished with best fitness of 8600.
Generation 199 finished with best fitness of 8600.
Generation 200 finished with best fitness of 8600.
Generation 201 finished with best fitness of 8600.
Generation 202 finished with best fitness of 8619.
Generation 203 finished with best fitness of 8619.
Generation 204 finished with best fitness of 8632.
Generation 205 finished with best fitness of 8632.
Generation 206 finished with best fitness of 8632.
Generation 207 finished with best fitness of 8632.
Generation 208 finished with best fitness of 8632.
Generation 209 finished with best fitness of 8632.
Generation 210 finished with best fitness of 8632.
Generation 211 finished with best fitness of 8671.
Generation 212 finished with best fitness of 8671.
Generation 213 finished with best fitness of 8671.
Generation 214 finished with best fitness of 8671.
Generation 215 finished with best fitness of 8671.
Generation 216 finished with best fitness of 8671.
Generation 217 finished with best fitness of 8671.
Generation 218 finished with best fitness of 8671.
Generation 219 finished with best fitness of 8671.
Generation 220 finished with best fitness of 8671.
Generation 221 finished with best fitness of 8671.
Generation 222 finished with best fitness of 8671.
Generation 223 finished with best fitness of 8685.
Generation 224 finished with best fitness of 8693.
Generation 225 finished with best fitness of 8693.
Generation 226 finished with best fitness of 8698.
Generation 227 finished with best fitness of 8698.
Generation 228 finished with best fitness of 8698.
Generation 229 finished with best fitness of 8698.
Generation 230 finished with best fitness of 8698.
Generation 231 finished with best fitness of 8698.
Generation 232 finished with best fitness of 8762.
Generation 233 finished with best fitness of 8762.
Generation 234 finished with best fitness of 8762.
Generation 235 finished with best fitness of 8779.
Generation 236 finished with best fitness of 8788.
Generation 237 finished with best fitness of 8788.
Generation 238 finished with best fitness of 8788.
Generation 239 finished with best fitness of 8788.
Generation 240 finished with best fitness of 8794.
Generation 241 finished with best fitness of 8794.
Generation 242 finished with best fitness of 8794.
Generation 243 finished with best fitness of 8794.
Generation 244 finished with best fitness of 8806.
Generation 245 finished with best fitness of 8806.
Generation 246 finished with best fitness of 8806.
Generation 247 finished with best fitness of 8823.
Generation 248 finished with best fitness of 8823.
Generation 249 finished with best fitness of 8869.
Generation 250 finished with best fitness of 8869.
Generation 251 finished with best fitness of 8869.
Generation 252 finished with best fitness of 8869.
Generation 253 finished with best fitness of 8870.
Generation 254 finished with best fitness of 8936.
Generation 255 finished with best fitness of 8936.
Generation 256 finished with best fitness of 8936.
Generation 257 finished with best fitness of 8936.
Generation 258 finished with best fitness of 8949.
Generation 259 finished with best fitness of 8949.
Generation 260 finished with best fitness of 8949.
Generation 261 finished with best fitness of 8949.
Generation 262 finished with best fitness of 8949.
Generation 263 finished with best fitness of 8949.
Generation 264 finished with best fitness of 8999.
Generation 265 finished with best fitness of 8999.
Generation 266 finished with best fitness of 8999.
Generation 267 finished with best fitness of 8999.
Generation 268 finished with best fitness of 8999.
Generation 269 finished with best fitness of 8999.
Generation 270 finished with best fitness of 9025.
Generation 271 finished with best fitness of 9025.
Generation 272 finished with best fitness of 9025.
Generation 273 finished with best fitness of 9025.
Generation 274 finished with best fitness of 9025.
Generation 275 finished with best fitness of 9025.
Generation 276 finished with best fitness of 9025.
Generation 277 finished with best fitness of 9025.
Generation 278 finished with best fitness of 9025.
Generation 279 finished with best fitness of 9025.
Generation 280 finished with best fitness of 9025.
Generation 281 finished with best fitness of 9025.
Generation 282 finished with best fitness of 9039.
Generation 283 finished with best fitness of 9096.
Generation 284 finished with best fitness of 9096.
Generation 285 finished with best fitness of 9096.
Generation 286 finished with best fitness of 9096.
Generation 287 finished with best fitness of 9096.
Generation 288 finished with best fitness of 9096.
Generation 289 finished with best fitness of 9096.
Generation 290 finished with best fitness of 9096.
Generation 291 finished with best fitness of 9096.
Generation 292 finished with best fitness of 9096.
Generation 293 finished with best fitness of 9096.
Generation 294 finished with best fitness of 9096.
Generation 295 finished with best fitness of 9096.
Generation 296 finished with best fitness of 9096.
Generation 297 finished with best fitness of 9096.
Generation 298 finished with best fitness of 9131.
Generation 299 finished with best fitness of 9131.
Generation 300 finished with best fitness of 9169.
Generation 301 finished with best fitness of 9169.
Generation 302 finished with best fitness of 9169.
Generation 303 finished with best fitness of 9169.
Generation 304 finished with best fitness of 9169.
Generation 305 finished with best fitness of 9253.
Generation 306 finished with best fitness of 9253.
Generation 307 finished with best fitness of 9253.
Generation 308 finished with best fitness of 9253.
Generation 309 finished with best fitness of 9331.
Generation 310 finished with best fitness of 9331.
Generation 311 finished with best fitness of 9331.
Generation 312 finished with best fitness of 9331.
Generation 313 finished with best fitness of 9331.
Generation 314 finished with best fitness of 9331.
Generation 315 finished with best fitness of 9331.
Generation 316 finished with best fitness of 9331.
Generation 317 finished with best fitness of 9331.
Generation 318 finished with best fitness of 9331.
Generation 319 finished with best fitness of 9331.
Generation 320 finished with best fitness of 9331.
Generation 321 finished with best fitness of 9331.
Generation 322 finished with best fitness of 9331.
Generation 323 finished with best fitness of 9331.
Generation 324 finished with best fitness of 9331.
Generation 325 finished with best fitness of 9331.
Generation 326 finished with best fitness of 9331.
Generation 327 finished with best fitness of 9344.
Generation 328 finished with best fitness of 9348.
Generation 329 finished with best fitness of 9348.
Generation 330 finished with best fitness of 9357.
Generation 331 finished with best fitness of 9357.
Generation 332 finished with best fitness of 9357.
Generation 333 finished with best fitness of 9357.
Generation 334 finished with best fitness of 9357.
Generation 335 finished with best fitness of 9357.
Generation 336 finished with best fitness of 9357.
Generation 337 finished with best fitness of 9447.
Generation 338 finished with best fitness of 9447.
Generation 339 finished with best fitness of 9447.
Generation 340 finished with best fitness of 9447.
Generation 341 finished with best fitness of 9447.
Generation 342 finished with best fitness of 9447.
Generation 343 finished with best fitness of 9464.
Generation 344 finished with best fitness of 9464.
Generation 345 finished with best fitness of 9473.
Generation 346 finished with best fitness of 9473.
Generation 347 finished with best fitness of 9473.
Generation 348 finished with best fitness of 9550.
Generation 349 finished with best fitness of 9550.
Generation 350 finished with best fitness of 9550.
Generation 351 finished with best fitness of 9550.
Generation 352 finished with best fitness of 9550.
Generation 353 finished with best fitness of 9550.
Generation 354 finished with best fitness of 9550.
Generation 355 finished with best fitness of 9550.
Generation 356 finished with best fitness of 9550.
Generation 357 finished with best fitness of 9550.
Generation 358 finished with best fitness of 9550.
Generation 359 finished with best fitness of 9550.
Generation 360 finished with best fitness of 9550.
Generation 361 finished with best fitness of 9550.
Generation 362 finished with best fitness of 9550.
Generation 363 finished with best fitness of 9550.
Generation 364 finished with best fitness of 9550.
Generation 365 finished with best fitness of 9550.
Generation 366 finished with best fitness of 9550.
Generation 367 finished with best fitness of 9550.
Generation 368 finished with best fitness of 9550.
Generation 369 finished with best fitness of 9550.
Generation 370 finished with best fitness of 9550.
Generation 371 finished with best fitness of 9550.
Generation 372 finished with best fitness of 9550.
Generation 373 finished with best fitness of 9550.
Generation 374 finished with best fitness of 9553.
Generation 375 finished with best fitness of 9595.
Generation 376 finished with best fitness of 9595.
Generation 377 finished with best fitness of 9595.
Generation 378 finished with best fitness of 9595.
Generation 379 finished with best fitness of 9595.
Generation 380 finished with best fitness of 9595.
Generation 381 finished with best fitness of 9595.
Generation 382 finished with best fitness of 9595.
Generation 383 finished with best fitness of 9595.
Generation 384 finished with best fitness of 9595.
Generation 385 finished with best fitness of 9595.
Generation 386 finished with best fitness of 9595.
Generation 387 finished with best fitness of 9643.
Generation 388 finished with best fitness of 9643.
Generation 389 finished with best fitness of 9643.
Generation 390 finished with best fitness of 9643.
Generation 391 finished with best fitness of 9643.
Generation 392 finished with best fitness of 9643.
Generation 393 finished with best fitness of 9643.
Generation 394 finished with best fitness of 9643.
Generation 395 finished with best fitness of 9643.
Generation 396 finished with best fitness of 9643.
Generation 397 finished with best fitness of 9643.
Generation 398 finished with best fitness of 9643.
Generation 399 finished with best fitness of 9643.
Generation 400 finished with best fitness of 9643.
Generation 401 finished with best fitness of 9643.
Generation 402 finished with best fitness of 9643.
Generation 403 finished with best fitness of 9643.
Generation 404 finished with best fitness of 9643.
Generation 405 finished with best fitness of 9646.
Generation 406 finished with best fitness of 9646.
Generation 407 finished with best fitness of 9646.
Generation 408 finished with best fitness of 9646.
Generation 409 finished with best fitness of 9646.
Generation 410 finished with best fitness of 9646.
Generation 411 finished with best fitness of 9646.
Generation 412 finished with best fitness of 9672.
Generation 413 finished with best fitness of 9672.
Generation 414 finished with best fitness of 9672.
Generation 415 finished with best fitness of 9672.
Generation 416 finished with best fitness of 9672.
Generation 417 finished with best fitness of 9672.
Generation 418 finished with best fitness of 9672.
Generation 419 finished with best fitness of 9672.
Generation 420 finished with best fitness of 9672.
Evolution finished after 13,6851787 seconds.
</DebugTrace>
      </Output>
    </UnitTestResult>
    <UnitTestResult executionId="ad703ec7-45bc-4769-853a-16cd40f69ac8" testId="643aee53-482b-7ddc-6eba-83a04b5cba46" testName="TimetableInputExportTest" computerName="FLOLAP-PC" duration="00:00:00.0230761" startTime="2011-11-09T15:16:21.2670754+01:00" endTime="2011-11-09T15:16:21.2982755+01:00" testType="13cdc9d9-ddb5-4fa4-a97d-d965ccfc6d4b" outcome="Passed" testListId="8c84fa94-04c1-424b-9868-57a2d4851a1d" relativeResultsDirectory="ad703ec7-45bc-4769-853a-16cd40f69ac8">
    </UnitTestResult>
  </Results>
</TestRun>