<?xml version="1.0" encoding="UTF-8"?>
<TestRun id="60a6f824-6f9c-4b54-94bd-873bd35248d7" name="FloLap@FLOLAP-PC 2011-10-19 15:48:20" runUser="FloLap-PC\FloLap" xmlns="http://microsoft.com/schemas/VisualStudio/TeamTest/2010">
  <TestSettings name="Lokal" id="6ed96bb3-d821-4eee-a79d-3a3069da9890">
    <Description>Dies sind die standardmäßigen Testeinstellungen für einen lokalen Testlauf.</Description>
    <Deployment enabled="false" runDeploymentRoot="FloLap_FLOLAP-PC 2011-10-19 15_48_20">
      <DeploymentItem filename="E:\HsKA\Semester2\Projektarbeit\Stundenplangenerator\TimetablePlanner\TimetablePlanner\bin\Debug\TimetablePlanner.dll" />
    </Deployment>
    <Execution>
      <TestTypeSpecific />
      <AgentRule name="Execution Agents">
      </AgentRule>
    </Execution>
  </TestSettings>
  <Times creation="2011-10-19T15:48:20.1297225+02:00" queuing="2011-10-19T15:48:21.3539389+02:00" start="2011-10-19T15:48:21.4475391+02:00" finish="2011-10-19T15:48:27.5939499+02:00" />
  <ResultSummary outcome="Completed">
    <Counters total="1" executed="1" passed="1" error="0" failed="0" timeout="0" aborted="0" inconclusive="0" passedButRunAborted="0" notRunnable="0" notExecuted="0" disconnected="0" warning="0" completed="0" inProgress="0" pending="0" />
  </ResultSummary>
  <TestDefinitions>
    <UnitTest name="createTimetableInstanceTest" storage="e:\hska\semester2\projektarbeit\stundenplangenerator\timetableplanner\timetableplannertests\bin\debug\timetableplannertests.dll" id="ab441b29-9837-01bf-f43f-7839c8f73716">
      <Execution id="6e08a8ef-89d3-4f4d-ba76-b1a8ca53a0c9" />
      <TestMethod codeBase="E:/HsKA/Semester2/Projektarbeit/Stundenplangenerator/TimetablePlanner/TimetablePlannerTests/bin/Debug/TimetablePlannerTests.DLL" adapterTypeName="Microsoft.VisualStudio.TestTools.TestTypes.Unit.UnitTestAdapter, Microsoft.VisualStudio.QualityTools.Tips.UnitTest.Adapter, Version=10.0.0.0, Culture=neutral, PublicKeyToken=b03f5f7f11d50a3a" className="TimetablePlannerTests.TimetableTest, TimetablePlannerTests, Version=1.0.0.0, Culture=neutral, PublicKeyToken=null" name="createTimetableInstanceTest" />
    </UnitTest>
  </TestDefinitions>
  <TestLists>
    <TestList name="Nicht in einer Liste enthaltene Ergebnisse" id="8c84fa94-04c1-424b-9868-57a2d4851a1d" />
    <TestList name="Alle geladenen Ergebnisse" id="19431567-8539-422a-85d7-44ee4e166bda" />
  </TestLists>
  <TestEntries>
    <TestEntry testId="ab441b29-9837-01bf-f43f-7839c8f73716" executionId="6e08a8ef-89d3-4f4d-ba76-b1a8ca53a0c9" testListId="8c84fa94-04c1-424b-9868-57a2d4851a1d" />
  </TestEntries>
  <Results>
    <UnitTestResult executionId="6e08a8ef-89d3-4f4d-ba76-b1a8ca53a0c9" testId="ab441b29-9837-01bf-f43f-7839c8f73716" testName="createTimetableInstanceTest" computerName="FLOLAP-PC" duration="00:00:04.8433846" startTime="2011-10-19T15:48:21.4943392+02:00" endTime="2011-10-19T15:48:27.5003497+02:00" testType="13cdc9d9-ddb5-4fa4-a97d-d965ccfc6d4b" outcome="Passed" testListId="8c84fa94-04c1-424b-9868-57a2d4851a1d" relativeResultsDirectory="6e08a8ef-89d3-4f4d-ba76-b1a8ca53a0c9">
      <Output>
        <DebugTrace>Time to create population of size 75: 717ms
894
867
808
808
791
782
770
770
767
767
753
752
747
738
734
734
731
729
726
724
723
722
720
720
719
714
711
708
704
702
698
695
692
687
687
681
675
669
669
666
664
664
664
663
660
660
657
654
652
649
648
648
642
636
631
631
628
628
627
625
625
621
618
610
599
598
598
595
559
536
536
532
524
517
501
Early abort after 141 generations.
Mean time per generation: 26ms
Evolution time: 3775ms
1143
1143
1143
1143
1143
1143
1143
1143
1143
1143
1143
1143
1143
1143
1143
1143
1143
1143
1143
1143
1143
1143
1143
1143
1143
1143
1143
1143
1140
1140
1140
1140
1140
1140
1140
1140
1140
1140
1140
1140
1140
1140
1140
1140
1140
1140
1140
1140
1140
1140
1140
1140
1140
1140
1140
1140
1140
1140
1140
1140
1140
1140
1140
1140
1140
1140
1140
1140
1140
1140
1140
1140
1140
1140
1140

Group 0
Block 0: 002 011 009 003 001 
Block 1: 012 000 006 004 008 
Block 2: 012 005 --- 007 010 
Block 3: --- --- --- --- --- 
Block 4: --- --- --- --- --- 
Block 5: --- --- --- --- --- 

Group 1
Block 0: 014 025 017 016 015 
Block 1: 024 025 017 018 020 
Block 2: 021 025 --- 018 019 
Block 3: --- 013 022 023 --- 
Block 4: --- --- --- --- --- 
Block 5: --- --- --- --- --- 

Group 2
Block 0: 032 030 028 026 031 
Block 1: 033 035 029 036 027 
Block 2: --- --- --- 036 --- 
Block 3: --- --- --- 036 --- 
Block 4: 034 --- --- --- --- 
Block 5: --- --- --- --- --- 

Group 3
Block 0: 039 044 037 041 042 
Block 1: 040 --- --- 038 043 
Block 2: --- --- --- --- 045 
Block 3: --- --- --- --- 045 
Block 4: --- 046 --- --- --- 
Block 5: --- --- --- --- --- 
</DebugTrace>
      </Output>
    </UnitTestResult>
  </Results>
</TestRun>