<?xml version="1.0" encoding="UTF-8"?>
<TestRun id="11cd51c1-bad3-42c7-9d89-436c3afcf943" name="FloLap@FLOLAP-PC 2011-10-19 15:27:16" runUser="FloLap-PC\FloLap" xmlns="http://microsoft.com/schemas/VisualStudio/TeamTest/2010">
  <TestSettings name="Lokal" id="6ed96bb3-d821-4eee-a79d-3a3069da9890">
    <Description>Dies sind die standardmäßigen Testeinstellungen für einen lokalen Testlauf.</Description>
    <Deployment enabled="false" runDeploymentRoot="FloLap_FLOLAP-PC 2011-10-19 15_27_16">
      <DeploymentItem filename="E:\HsKA\Semester2\Projektarbeit\Stundenplangenerator\TimetablePlanner\TimetablePlanner\bin\Debug\TimetablePlanner.dll" />
    </Deployment>
    <Execution>
      <TestTypeSpecific />
      <AgentRule name="Execution Agents">
      </AgentRule>
    </Execution>
  </TestSettings>
  <Times creation="2011-10-19T15:27:16.1896842+02:00" queuing="2011-10-19T15:27:17.2192861+02:00" start="2011-10-19T15:27:17.3440863+02:00" finish="2011-10-19T15:27:25.5653007+02:00" />
  <ResultSummary outcome="Completed">
    <Counters total="1" executed="1" passed="1" error="0" failed="0" timeout="0" aborted="0" inconclusive="0" passedButRunAborted="0" notRunnable="0" notExecuted="0" disconnected="0" warning="0" completed="0" inProgress="0" pending="0" />
  </ResultSummary>
  <TestDefinitions>
    <UnitTest name="createTimetableInstanceTest" storage="e:\hska\semester2\projektarbeit\stundenplangenerator\timetableplanner\timetableplannertests\bin\debug\timetableplannertests.dll" id="ab441b29-9837-01bf-f43f-7839c8f73716">
      <Execution id="b48e3f44-4962-4f3a-86b2-fac6d68789b1" />
      <TestMethod codeBase="E:/HsKA/Semester2/Projektarbeit/Stundenplangenerator/TimetablePlanner/TimetablePlannerTests/bin/Debug/TimetablePlannerTests.DLL" adapterTypeName="Microsoft.VisualStudio.TestTools.TestTypes.Unit.UnitTestAdapter, Microsoft.VisualStudio.QualityTools.Tips.UnitTest.Adapter, Version=10.0.0.0, Culture=neutral, PublicKeyToken=b03f5f7f11d50a3a" className="TimetablePlannerTests.TimetableTest, TimetablePlannerTests, Version=1.0.0.0, Culture=neutral, PublicKeyToken=null" name="createTimetableInstanceTest" />
    </UnitTest>
  </TestDefinitions>
  <TestLists>
    <TestList name="Nicht in einer Liste enthaltene Ergebnisse" id="8c84fa94-04c1-424b-9868-57a2d4851a1d" />
    <TestList name="Alle geladenen Ergebnisse" id="19431567-8539-422a-85d7-44ee4e166bda" />
  </TestLists>
  <TestEntries>
    <TestEntry testId="ab441b29-9837-01bf-f43f-7839c8f73716" executionId="b48e3f44-4962-4f3a-86b2-fac6d68789b1" testListId="8c84fa94-04c1-424b-9868-57a2d4851a1d" />
  </TestEntries>
  <Results>
    <UnitTestResult executionId="b48e3f44-4962-4f3a-86b2-fac6d68789b1" testId="ab441b29-9837-01bf-f43f-7839c8f73716" testName="createTimetableInstanceTest" computerName="FLOLAP-PC" duration="00:00:06.8077741" startTime="2011-10-19T15:27:17.3908864+02:00" endTime="2011-10-19T15:27:25.4717005+02:00" testType="13cdc9d9-ddb5-4fa4-a97d-d965ccfc6d4b" outcome="Passed" testListId="8c84fa94-04c1-424b-9868-57a2d4851a1d" relativeResultsDirectory="b48e3f44-4962-4f3a-86b2-fac6d68789b1">
      <Output>
        <DebugTrace>Time to create population of size 75: 702ms
276
218
216
210
194
182
174
156
154
154
150
150
142
138
138
132
130
130
128
126
120
118
118
118
118
114
106
104
102
100
98
92
92
88
88
86
82
82
80
78
76
72
68
68
66
66
66
62
62
62
58
58
52
52
42
42
40
34
28
24
22
20
18
16
10
10
8
8
6
-8
-14
-14
-30
-44
-56
Early abort after 149 generations.
Mean time per generation: 30ms
Evolution time: 4617ms
494
494
492
492
492
492
492
492
492
492
490
490
490
490
490
490
490
490
490
490
490
490
490
490
490
490
490
490
490
490
490
490
490
490
490
490
490
490
490
490
490
490
488
488
488
488
488
488
488
488
488
488
488
488
488
488
488
488
488
488
488
488
488
488
488
488
488
488
488
488
488
488
488
488
488

Group 0
Block 0: 003 011 010 006 008 
Block 1: 002 001 007 005 012 
Block 2: 000 009 --- 004 012 
Block 3: --- --- --- --- --- 
Block 4: --- --- --- --- --- 
Block 5: --- --- --- --- --- 

Group 1
Block 0: 025 016 018 015 023 
Block 1: 025 017 018 020 013 
Block 2: 025 017 --- 019 024 
Block 3: --- --- 021 014 022 
Block 4: --- --- --- --- --- 
Block 5: --- --- --- --- --- 

Group 2
Block 0: 036 032 028 034 035 
Block 1: 036 029 033 --- 031 
Block 2: 036 027 --- 026 030 
Block 3: --- --- --- --- --- 
Block 4: --- --- --- --- --- 
Block 5: --- --- --- --- --- 

Group 3
Block 0: 037 039 042 045 043 
Block 1: --- 046 041 045 044 
Block 2: 038 --- --- --- 040 
Block 3: --- --- --- --- --- 
Block 4: --- --- --- --- --- 
Block 5: --- --- --- --- --- 

Lecturer 0
Block 0: 036 --- --- 045 --- 
Block 1: 036 046 --- 045 --- 
Block 2: 036 --- --- --- --- 
Block 3: --- --- --- --- --- 
Block 4: --- --- --- --- --- 
Block 5: --- --- --- --- --- 

Lecturer 1
Block 0: --- --- 018 --- --- 
Block 1: --- 017 018 --- 012 
Block 2: --- 017 --- --- 012 
Block 3: --- --- --- --- --- 
Block 4: --- --- --- --- --- 
Block 5: --- --- --- --- --- 

Lecturer 2
Block 0: --- --- --- --- --- 
Block 1: --- --- --- --- --- 
Block 2: --- --- --- --- --- 
Block 3: --- --- --- --- --- 
Block 4: --- --- --- --- --- 
Block 5: --- --- --- --- --- 

Lecturer 3
Block 0: 037 --- --- --- --- 
Block 1: --- --- --- --- --- 
Block 2: --- --- --- --- --- 
Block 3: --- --- --- --- --- 
Block 4: --- --- --- --- --- 
Block 5: --- --- --- --- --- 

Lecturer 4
Block 0: 025 --- --- --- 023 
Block 1: 025 --- --- --- --- 
Block 2: 025 --- --- --- 024 
Block 3: --- --- --- --- --- 
Block 4: --- --- --- --- --- 
Block 5: --- --- --- --- --- 

Lecturer 5
Block 0: --- --- --- --- --- 
Block 1: --- --- --- --- --- 
Block 2: --- --- --- --- --- 
Block 3: --- --- --- --- --- 
Block 4: --- --- --- --- --- 
Block 5: --- --- --- --- --- 

Lecturer 6
Block 0: --- 032 --- --- --- 
Block 1: --- --- --- --- --- 
Block 2: --- --- --- --- --- 
Block 3: --- --- --- --- --- 
Block 4: --- --- --- --- --- 
Block 5: --- --- --- --- --- 

Lecturer 7
Block 0: --- --- --- --- --- 
Block 1: --- --- --- --- --- 
Block 2: --- --- --- --- --- 
Block 3: --- --- --- --- --- 
Block 4: --- --- --- --- --- 
Block 5: --- --- --- --- --- 

Lecturer 8
Block 0: --- --- --- --- --- 
Block 1: --- --- --- --- --- 
Block 2: --- --- --- --- --- 
Block 3: --- --- --- --- --- 
Block 4: --- --- --- --- --- 
Block 5: --- --- --- --- --- 

Lecturer 9
Block 0: --- 039 --- --- --- 
Block 1: --- --- --- --- 031 
Block 2: --- --- --- --- --- 
Block 3: --- --- --- --- --- 
Block 4: --- --- --- --- --- 
Block 5: --- --- --- --- --- 

Lecturer 10
Block 0: --- --- --- --- --- 
Block 1: --- --- 033 --- --- 
Block 2: --- --- --- --- --- 
Block 3: --- --- --- --- --- 
Block 4: --- --- --- --- --- 
Block 5: --- --- --- --- --- 

Lecturer 11
Block 0: --- --- --- --- --- 
Block 1: --- --- --- --- --- 
Block 2: --- --- --- --- --- 
Block 3: --- --- --- --- --- 
Block 4: --- --- --- --- --- 
Block 5: --- --- --- --- --- 

Lecturer 12
Block 0: --- --- --- --- --- 
Block 1: --- 029 --- --- --- 
Block 2: --- --- --- --- 030 
Block 3: --- --- --- --- --- 
Block 4: --- --- --- --- --- 
Block 5: --- --- --- --- --- 

Lecturer 13
Block 0: 003 --- --- --- --- 
Block 1: --- --- --- 005 --- 
Block 2: --- 027 --- 004 --- 
Block 3: --- --- --- --- --- 
Block 4: --- --- --- --- --- 
Block 5: --- --- --- --- --- 

Lecturer 14
Block 0: --- --- --- --- --- 
Block 1: --- --- --- --- --- 
Block 2: --- --- --- --- --- 
Block 3: --- --- --- --- --- 
Block 4: --- --- --- --- --- 
Block 5: --- --- --- --- --- 

Lecturer 15
Block 0: --- --- --- 034 --- 
Block 1: --- --- --- --- --- 
Block 2: --- --- --- --- --- 
Block 3: --- --- --- --- --- 
Block 4: --- --- --- --- --- 
Block 5: --- --- --- --- --- 

Lecturer 16
Block 0: --- --- 042 006 --- 
Block 1: --- --- 007 020 --- 
Block 2: --- --- --- --- --- 
Block 3: --- --- --- --- --- 
Block 4: --- --- --- --- --- 
Block 5: --- --- --- --- --- 

Lecturer 17
Block 0: --- --- --- --- --- 
Block 1: --- --- --- --- 044 
Block 2: --- --- --- --- --- 
Block 3: --- --- 021 --- 022 
Block 4: --- --- --- --- --- 
Block 5: --- --- --- --- --- 

Lecturer 18
Block 0: 025 --- --- --- --- 
Block 1: 025 --- --- --- --- 
Block 2: 025 --- --- 026 --- 
Block 3: --- --- --- --- --- 
Block 4: --- --- --- --- --- 
Block 5: --- --- --- --- --- 

Lecturer 19
Block 0: --- --- --- --- --- 
Block 1: --- --- --- --- --- 
Block 2: --- --- --- --- --- 
Block 3: --- --- --- --- --- 
Block 4: --- --- --- --- --- 
Block 5: --- --- --- --- --- 

Lecturer 20
Block 0: --- --- --- --- --- 
Block 1: --- --- --- --- --- 
Block 2: --- --- --- --- --- 
Block 3: --- --- --- --- --- 
Block 4: --- --- --- --- --- 
Block 5: --- --- --- --- --- 

Lecturer 21
Block 0: --- --- --- --- --- 
Block 1: --- --- --- --- --- 
Block 2: --- --- --- --- --- 
Block 3: --- --- --- --- --- 
Block 4: --- --- --- --- --- 
Block 5: --- --- --- --- --- 

Lecturer 22
Block 0: --- --- --- --- --- 
Block 1: --- --- --- --- --- 
Block 2: --- --- --- --- --- 
Block 3: --- --- --- --- --- 
Block 4: --- --- --- --- --- 
Block 5: --- --- --- --- --- 

Lecturer 23
Block 0: --- --- --- --- --- 
Block 1: --- --- --- --- --- 
Block 2: --- --- --- --- --- 
Block 3: --- --- --- --- --- 
Block 4: --- --- --- --- --- 
Block 5: --- --- --- --- --- 

Lecturer 24
Block 0: --- --- 028 --- --- 
Block 1: --- --- --- --- --- 
Block 2: --- --- --- --- --- 
Block 3: --- --- --- --- --- 
Block 4: --- --- --- --- --- 
Block 5: --- --- --- --- --- 

Lecturer 25
Block 0: --- --- --- --- --- 
Block 1: --- --- --- --- --- 
Block 2: --- --- --- --- --- 
Block 3: --- --- --- --- --- 
Block 4: --- --- --- --- --- 
Block 5: --- --- --- --- --- 

Lecturer 26
Block 0: --- --- --- --- 043 
Block 1: 002 001 --- --- --- 
Block 2: 000 --- --- 019 --- 
Block 3: --- --- --- --- --- 
Block 4: --- --- --- --- --- 
Block 5: --- --- --- --- --- 

Lecturer 27
Block 0: --- --- --- --- 035 
Block 1: --- --- --- --- --- 
Block 2: --- --- --- --- --- 
Block 3: --- --- --- --- --- 
Block 4: --- --- --- --- --- 
Block 5: --- --- --- --- --- 

Lecturer 28
Block 0: --- --- --- --- --- 
Block 1: --- --- --- --- --- 
Block 2: --- --- --- --- --- 
Block 3: --- --- --- --- --- 
Block 4: --- --- --- --- --- 
Block 5: --- --- --- --- --- 

Lecturer 29
Block 0: --- --- --- --- --- 
Block 1: --- --- --- --- --- 
Block 2: --- --- --- --- --- 
Block 3: --- --- --- --- --- 
Block 4: --- --- --- --- --- 
Block 5: --- --- --- --- --- 

Lecturer 30
Block 0: --- 011 010 --- 008 
Block 1: --- --- 041 --- --- 
Block 2: --- 009 --- --- 040 
Block 3: --- --- --- --- --- 
Block 4: --- --- --- --- --- 
Block 5: --- --- --- --- --- 

Lecturer 31
Block 0: --- --- --- --- --- 
Block 1: --- --- --- --- --- 
Block 2: --- --- --- --- --- 
Block 3: --- --- --- --- --- 
Block 4: --- --- --- --- --- 
Block 5: --- --- --- --- --- 

Lecturer 32
Block 0: --- --- --- --- --- 
Block 1: --- --- --- --- --- 
Block 2: --- --- --- --- --- 
Block 3: --- --- --- --- --- 
Block 4: --- --- --- --- --- 
Block 5: --- --- --- --- --- 

Lecturer 33
Block 0: --- --- --- --- --- 
Block 1: --- --- --- --- --- 
Block 2: --- --- --- --- --- 
Block 3: --- --- --- --- --- 
Block 4: --- --- --- --- --- 
Block 5: --- --- --- --- --- 

Lecturer 34
Block 0: --- --- --- --- --- 
Block 1: --- --- --- --- --- 
Block 2: --- --- --- --- --- 
Block 3: --- --- --- --- --- 
Block 4: --- --- --- --- --- 
Block 5: --- --- --- --- --- 

Lecturer 35
Block 0: --- 016 --- 015 --- 
Block 1: --- --- --- --- 013 
Block 2: 038 --- --- --- --- 
Block 3: --- --- --- 014 --- 
Block 4: --- --- --- --- --- 
Block 5: --- --- --- --- --- 

Lecturer 36
Block 0: --- 016 --- 015 --- 
Block 1: --- --- --- --- --- 
Block 2: --- --- --- --- --- 
Block 3: --- --- --- --- --- 
Block 4: --- --- --- --- --- 
Block 5: --- --- --- --- --- 

Lecturer 37
Block 0: --- --- --- --- --- 
Block 1: --- --- --- --- --- 
Block 2: --- --- --- --- --- 
Block 3: --- --- --- --- --- 
Block 4: --- --- --- --- --- 
Block 5: --- --- --- --- --- 

Lecturer 38
Block 0: --- --- --- --- --- 
Block 1: --- --- --- --- --- 
Block 2: --- --- --- --- --- 
Block 3: --- --- --- --- --- 
Block 4: --- --- --- --- --- 
Block 5: --- --- --- --- --- 
</DebugTrace>
      </Output>
    </UnitTestResult>
  </Results>
</TestRun>