<?xml version="1.0" encoding="UTF-8"?>
<TestRun id="360b6bd2-3c6f-4ba9-a4d1-ff4c4f7fcf88" name="FloLap@FLOLAP-PC 2011-10-21 22:27:05" runUser="FloLap-PC\FloLap" xmlns="http://microsoft.com/schemas/VisualStudio/TeamTest/2010">
  <TestSettings name="Lokal" id="6ed96bb3-d821-4eee-a79d-3a3069da9890">
    <Description>Dies sind die standardmäßigen Testeinstellungen für einen lokalen Testlauf.</Description>
    <Deployment enabled="false" runDeploymentRoot="FloLap_FLOLAP-PC 2011-10-21 22_27_05">
      <DeploymentItem filename="E:\HsKA\Semester2\Projektarbeit\Stundenplangenerator\TimetablePlanner\TimetablePlanner\bin\Debug\TimetablePlanner.dll" />
    </Deployment>
    <Execution>
      <TestTypeSpecific />
      <AgentRule name="Execution Agents">
      </AgentRule>
    </Execution>
  </TestSettings>
  <Times creation="2011-10-21T22:27:05.9204372+02:00" queuing="2011-10-21T22:27:06.8682543+02:00" start="2011-10-21T22:27:07.0242545+02:00" finish="2011-10-21T22:27:21.2601656+02:00" />
  <ResultSummary outcome="Completed">
    <Counters total="1" executed="1" passed="1" error="0" failed="0" timeout="0" aborted="0" inconclusive="0" passedButRunAborted="0" notRunnable="0" notExecuted="0" disconnected="0" warning="0" completed="0" inProgress="0" pending="0" />
  </ResultSummary>
  <TestDefinitions>
    <UnitTest name="TimetableManualTester" storage="e:\hska\semester2\projektarbeit\stundenplangenerator\timetableplanner\timetableplannertests\bin\debug\timetableplannertests.dll" id="3ada0cc6-2a4d-2d63-7d9f-97d4d443b0f3">
      <Execution id="5cc60f2d-a640-4d4c-93e0-307c6e850e9f" />
      <TestMethod codeBase="E:/HsKA/Semester2/Projektarbeit/Stundenplangenerator/TimetablePlanner/TimetablePlannerTests/bin/Debug/TimetablePlannerTests.DLL" adapterTypeName="Microsoft.VisualStudio.TestTools.TestTypes.Unit.UnitTestAdapter, Microsoft.VisualStudio.QualityTools.Tips.UnitTest.Adapter, Version=10.0.0.0, Culture=neutral, PublicKeyToken=b03f5f7f11d50a3a" className="TimetablePlannerTests.TimetableTest, TimetablePlannerTests, Version=1.0.0.0, Culture=neutral, PublicKeyToken=null" name="TimetableManualTester" />
    </UnitTest>
  </TestDefinitions>
  <TestLists>
    <TestList name="Nicht in einer Liste enthaltene Ergebnisse" id="8c84fa94-04c1-424b-9868-57a2d4851a1d" />
    <TestList name="Alle geladenen Ergebnisse" id="19431567-8539-422a-85d7-44ee4e166bda" />
  </TestLists>
  <TestEntries>
    <TestEntry testId="3ada0cc6-2a4d-2d63-7d9f-97d4d443b0f3" executionId="5cc60f2d-a640-4d4c-93e0-307c6e850e9f" testListId="8c84fa94-04c1-424b-9868-57a2d4851a1d" />
  </TestEntries>
  <Results>
    <UnitTestResult executionId="5cc60f2d-a640-4d4c-93e0-307c6e850e9f" testId="3ada0cc6-2a4d-2d63-7d9f-97d4d443b0f3" testName="TimetableManualTester" computerName="FLOLAP-PC" duration="00:00:12.8189217" startTime="2011-10-21T22:27:07.1490548+02:00" endTime="2011-10-21T22:27:21.1509655+02:00" testType="13cdc9d9-ddb5-4fa4-a97d-d965ccfc6d4b" outcome="Passed" testListId="8c84fa94-04c1-424b-9868-57a2d4851a1d" relativeResultsDirectory="5cc60f2d-a640-4d4c-93e0-307c6e850e9f">
      <Output>
        <DebugTrace>Time to create population of size 75: 577ms
1390
1350
1330
1290
1270
1270
1220
1210
1160
1120
1070
1030
1030
1030
960
940
910
860
860
860
850
850
840
820
790
770
760
760
730
720
700
700
680
640
620
620
610
580
560
550
540
510
500
440
440
430
420
410
410
410
340
250
200
200
160
60
10
-50
-70
-80
-80
-110
-140
-160
-180
-270
-320
-370
-470
-560
-640
-670
-840
-1130
-1240
Early abort after 159 generations.
Mean time per generation: 40ms
Mean fitness increase per generation
471
200
126
90
55
65
64
65
48
43
40
51
50
46
43
42
55
43
37
38
45
35
43
43
34
23
26
22
26
35
27
35
20
19
22
16
14
19
18
19
23
17
21
14
13
16
21
13
15
13
17
9
14
12
15
14
18
10
11
12
12
8
9
13
12
11
7
8
8
8
9
6
7
7
9
9
11
11
9
9
7
7
7
4
7
7
3
2
2
2
5
4
5
2
4
2
2
3
1
4
1
5
5
5
2
4
2
5
6
4
5
4
3
3
4
3
3
2
5
3
5
4
4
4
1
5
4
1
7
3
5
6
6
7
7
7
5
4
6
6
2
3
5
7
2
2
3
3
3
2
2
3
2
4
2
2
2
2
0
1
Evolution time: 6482ms
3500
3500
3490
3490
3490
3480
3480
3480
3480
3480
3480
3480
3480
3480
3480
3470
3470
3470
3470
3470
3470
3470
3470
3470
3470
3470
3470
3470
3470
3460
3460
3460
3460
3460
3460
3460
3460
3450
3450
3450
3450
3450
3450
3450
3450
3450
3450
3450
3450
3450
3450
3450
3450
3450
3450
3450
3440
3440
3440
3440
3440
3440
3440
3440
3440
3440
3440
3440
3440
3440
3440
3440
3440
3440
3440

Group 0
Block 0: Mathematik 1 Labor                     | Technische Informatik 1 Übung          | Fremdsprachen                          | Theoretische Informatik 1              | Mathematik 1                           | 
Block 1: Informatik 1 Übung                     | Informatik 1                           | Fremdsprachen                          | Informatik 1                           | Technische Informatik 1                | 
Block 2: Mathematik 1                           | Technische Informatik 1                | ---------------------------------------| ---------------------------------------| Mathematik 1 Labor                     | 
Block 3: ---------------------------------------| ---------------------------------------| ---------------------------------------| ---------------------------------------| Theoretische Informatik 1              | 
Block 4: ---------------------------------------| ---------------------------------------| ---------------------------------------| ---------------------------------------| ---------------------------------------| 
Block 5: ---------------------------------------| ---------------------------------------| ---------------------------------------| ---------------------------------------| ---------------------------------------| 

Group 1
Block 0: Softwarelabor                          | Softwarelabor                          | Web-Programming                        | Digital-Labor                          | Mathematik 2 Labor                     | 
Block 1: Softwarelabor                          | Softwarelabor                          | Technische Informatik 2                | Digital-Labor                          | Informatik 2 Übung                     | 
Block 2: Informatik 2                           | Mathematik 2                           | ---------------------------------------| Digital-Labor                          | Informatik 2                           | 
Block 3: Informatik 2 Übung                     | Sprachen und Metasprachen              | ---------------------------------------| ---------------------------------------| Technische Informatik 2                | 
Block 4: ---------------------------------------| ---------------------------------------| ---------------------------------------| ---------------------------------------| ---------------------------------------| 
Block 5: ---------------------------------------| ---------------------------------------| ---------------------------------------| ---------------------------------------| ---------------------------------------| 

Group 2
Block 0: Visualization and Semantics            | IT Projektmanagement                   | Modellierung und Simulation            | Verteilte Informationssysteme          | Mobile Systeme                         | 
Block 1: ---------------------------------------| Visualization and Semantics Lab        | Datenrepräsentation und -übertragung   | IT Service Management                  | Intelligente Systeme                   | 
Block 2: ---------------------------------------| ---------------------------------------| ---------------------------------------| ---------------------------------------| ---------------------------------------| 
Block 3: ---------------------------------------| Projektarbeit1                         | ---------------------------------------| ---------------------------------------| ---------------------------------------| 
Block 4: ---------------------------------------| Projektarbeit1                         | ---------------------------------------| ---------------------------------------| ---------------------------------------| 
Block 5: Führungskräftetraining                 | Projektarbeit1                         | ---------------------------------------| ---------------------------------------| ---------------------------------------| 

Group 3
Block 0: Dialog Systems                         | Data Mining                            | ---------------------------------------| ---------------------------------------| Labor Benutzeroberflächen              | 
Block 1: IT-Sicherheit                          | Angewandte Kryptografie                | ---------------------------------------| Algorithmenentwurf                     | Labor Verteilte Systeme                | 
Block 2: ---------------------------------------| ---------------------------------------| ---------------------------------------| Algorithmen Übung                      | ---------------------------------------| 
Block 3: ---------------------------------------| ---------------------------------------| ---------------------------------------| ---------------------------------------| ---------------------------------------| 
Block 4: ---------------------------------------| ---------------------------------------| ---------------------------------------| ---------------------------------------| Projektarbeit2                         | 
Block 5: ---------------------------------------| Seminar                                | ---------------------------------------| ---------------------------------------| Projektarbeit2                         | 
</DebugTrace>
      </Output>
    </UnitTestResult>
  </Results>
</TestRun>