<?xml version="1.0" encoding="UTF-8"?>
<TestRun id="24a635c8-7447-475f-be69-4058fc8fd557" name="FloLap@FLOLAP-PC 2011-10-21 16:06:58" runUser="FloLap-PC\FloLap" xmlns="http://microsoft.com/schemas/VisualStudio/TeamTest/2010">
  <TestSettings name="Lokal" id="6ed96bb3-d821-4eee-a79d-3a3069da9890">
    <Description>Dies sind die standardmäßigen Testeinstellungen für einen lokalen Testlauf.</Description>
    <Deployment enabled="false" runDeploymentRoot="FloLap_FLOLAP-PC 2011-10-21 16_06_58">
      <DeploymentItem filename="E:\HsKA\Semester2\Projektarbeit\Stundenplangenerator\TimetablePlanner\TimetablePlanner\bin\Debug\TimetablePlanner.dll" />
    </Deployment>
    <Execution>
      <TestTypeSpecific />
      <AgentRule name="Execution Agents">
      </AgentRule>
    </Execution>
  </TestSettings>
  <Times creation="2011-10-21T16:06:58.9632928+02:00" queuing="2011-10-21T16:07:00.0743563+02:00" start="2011-10-21T16:07:00.1493606+02:00" finish="2011-10-21T16:07:08.7548528+02:00" />
  <ResultSummary outcome="Completed">
    <Counters total="1" executed="1" passed="1" error="0" failed="0" timeout="0" aborted="0" inconclusive="0" passedButRunAborted="0" notRunnable="0" notExecuted="0" disconnected="0" warning="0" completed="0" inProgress="0" pending="0" />
  </ResultSummary>
  <TestDefinitions>
    <UnitTest name="TimetableManualTester" storage="e:\hska\semester2\projektarbeit\stundenplangenerator\timetableplanner\timetableplannertests\bin\debug\timetableplannertests.dll" id="3ada0cc6-2a4d-2d63-7d9f-97d4d443b0f3">
      <Execution id="20955a9f-0e79-42c7-8a84-9055fb3d7133" />
      <TestMethod codeBase="E:/HsKA/Semester2/Projektarbeit/Stundenplangenerator/TimetablePlanner/TimetablePlannerTests/bin/Debug/TimetablePlannerTests.DLL" adapterTypeName="Microsoft.VisualStudio.TestTools.TestTypes.Unit.UnitTestAdapter, Microsoft.VisualStudio.QualityTools.Tips.UnitTest.Adapter, Version=10.0.0.0, Culture=neutral, PublicKeyToken=b03f5f7f11d50a3a" className="TimetablePlannerTests.TimetableTest, TimetablePlannerTests, Version=1.0.0.0, Culture=neutral, PublicKeyToken=null" name="TimetableManualTester" />
    </UnitTest>
  </TestDefinitions>
  <TestLists>
    <TestList name="Nicht in einer Liste enthaltene Ergebnisse" id="8c84fa94-04c1-424b-9868-57a2d4851a1d" />
    <TestList name="Alle geladenen Ergebnisse" id="19431567-8539-422a-85d7-44ee4e166bda" />
  </TestLists>
  <TestEntries>
    <TestEntry testId="3ada0cc6-2a4d-2d63-7d9f-97d4d443b0f3" executionId="20955a9f-0e79-42c7-8a84-9055fb3d7133" testListId="8c84fa94-04c1-424b-9868-57a2d4851a1d" />
  </TestEntries>
  <Results>
    <UnitTestResult executionId="20955a9f-0e79-42c7-8a84-9055fb3d7133" testId="3ada0cc6-2a4d-2d63-7d9f-97d4d443b0f3" testName="TimetableManualTester" computerName="FLOLAP-PC" duration="00:00:07.2273900" startTime="2011-10-21T16:07:00.1973634+02:00" endTime="2011-10-21T16:07:08.6388462+02:00" testType="13cdc9d9-ddb5-4fa4-a97d-d965ccfc6d4b" outcome="Passed" testListId="8c84fa94-04c1-424b-9868-57a2d4851a1d" relativeResultsDirectory="20955a9f-0e79-42c7-8a84-9055fb3d7133">
      <Output>
        <DebugTrace>Time to create population of size 75: 594ms
1430
1266
1246
1202
1185
1165
1083
1062
1059
1034
1028
998
992
982
970
968
936
906
888
874
873
869
864
857
854
829
822
820
818
817
817
812
805
803
798
748
738
721
716
714
684
677
676
674
651
621
610
610
607
605
566
560
533
533
524
519
516
493
483
466
404
394
393
386
366
338
337
322
294
267
249
205
204
179
96

Group 0
Block 0: 004 --- --- --- 002 
Block 1: 001 011 --- --- 008 
Block 2: 010 009 --- --- --- 
Block 3: 005 --- --- 000 --- 
Block 4: 012 --- 007 --- --- 
Block 5: 012 003 006 --- --- 

Group 1
Block 0: --- 025 --- --- 024 
Block 1: --- 025 019 --- --- 
Block 2: 017 025 --- 018 --- 
Block 3: 017 --- 020 018 --- 
Block 4: 013 014 --- 022 --- 
Block 5: --- 021 016 015 023 

Group 2
Block 0: --- --- 027 --- --- 
Block 1: --- 032 x34 --- 029 
Block 2: 026 031 --- 033 --- 
Block 3: --- x36 028 --- --- 
Block 4: --- x36 035 --- --- 
Block 5: --- x36 --- 030 --- 

Group 3
Block 0: --- --- --- 041 --- 
Block 1: 037 --- --- --- 044 
Block 2: --- x46 --- --- 038 
Block 3: 039 043 --- --- --- 
Block 4: --- 040 x45 --- --- 
Block 5: --- 042 x45 --- --- 
Early abort after 184 generations.
Mean time per generation: 31ms
Mean fitness increase per generation
237
134
110
79
74
55
47
54
38
26
18
24
19
14
16
18
15
12
10
14
14
18
14
15
7
11
12
11
13
13
15
18
18
13
8
9
7
7
8
10
9
11
8
15
10
9
7
8
7
7
6
7
4
6
5
5
8
6
6
6
5
4
5
5
5
6
8
5
4
6
4
2
4
2
5
6
6
5
4
6
3
7
4
7
7
7
8
9
4
6
4
3
3
4
4
3
2
5
5
4
4
3
4
4
3
3
4
2
4
5
3
1
4
3
4
2
3
4
3
4
1
4
4
2
2
2
3
3
4
3
1
2
3
3
3
3
3
2
3
2
2
2
3
1
1
2
1
2
1
3
2
1
1
3
0
3
0
1
4
2
1
1
1
1
3
2
1
1
1
2
1
1
2
1
2
1
1
0
0
1
2
2
1
0
0
Evolution time: 5985ms
2517
2514
2514
2514
2514
2511
2511
2508
2508
2508
2505
2505
2505
2505
2505
2502
2502
2502
2499
2499
2499
2499
2499
2499
2499
2499
2499
2499
2499
2499
2499
2499
2499
2496
2496
2496
2496
2496
2496
2496
2496
2496
2496
2496
2496
2493
2493
2493
2493
2493
2493
2493
2493
2493
2493
2493
2493
2490
2490
2490
2490
2490
2490
2490
2490
2490
2490
2490
2490
2490
2490
2490
2490
2490
2490

Group 0
Block 0: 001 003 --- 009 006 
Block 1: 002 012 000 007 004 
Block 2: 008 012 --- 010 --- 
Block 3: 005 --- --- 011 --- 
Block 4: --- --- --- --- --- 
Block 5: --- --- --- --- --- 

Group 1
Block 0: 020 025 019 017 013 
Block 1: 018 025 016 017 023 
Block 2: 018 025 --- 015 022 
Block 3: --- --- --- 014 024 
Block 4: --- --- --- --- 021 
Block 5: --- --- --- --- --- 

Group 2
Block 0: 030 --- 026 028 x36 
Block 1: 033 027 --- 032 x36 
Block 2: --- --- --- 035 x36 
Block 3: --- --- --- 029 031 
Block 4: --- --- --- --- x34 
Block 5: --- --- --- --- --- 

Group 3
Block 0: --- --- 040 037 --- 
Block 1: --- 042 --- --- 039 
Block 2: 038 044 --- --- 043 
Block 3: --- 041 --- --- x45 
Block 4: --- --- --- --- x45 
Block 5: --- --- --- --- x46 
</DebugTrace>
      </Output>
    </UnitTestResult>
  </Results>
</TestRun>