<?xml version="1.0" encoding="UTF-8"?>
<TestRun id="93ac42ad-0845-4c8d-a173-d92f66a5f792" name="FloLap@FLOLAP-PC 2011-10-28 11:09:24" runUser="FloLap-PC\FloLap" xmlns="http://microsoft.com/schemas/VisualStudio/TeamTest/2010">
  <TestSettings name="Lokal" id="6ed96bb3-d821-4eee-a79d-3a3069da9890">
    <Description>Dies sind die standardmäßigen Testeinstellungen für einen lokalen Testlauf.</Description>
    <Deployment enabled="false" runDeploymentRoot="FloLap_FLOLAP-PC 2011-10-28 11_09_24">
      <DeploymentItem filename="E:\HsKA\Semester2\Projektarbeit\Stundenplangenerator\TimetablePlanner\TimetablePlanner\bin\Debug\TimetablePlanner.dll" />
    </Deployment>
    <Execution>
      <TestTypeSpecific />
      <AgentRule name="Execution Agents">
      </AgentRule>
    </Execution>
  </TestSettings>
  <Times creation="2011-10-28T11:09:24.3216591+02:00" queuing="2011-10-28T11:09:25.2907145+02:00" start="2011-10-28T11:09:25.3957205+02:00" finish="2011-10-28T11:10:02.2459869+02:00" />
  <ResultSummary outcome="Completed">
    <Counters total="1" executed="1" passed="1" error="0" failed="0" timeout="0" aborted="0" inconclusive="0" passedButRunAborted="0" notRunnable="0" notExecuted="0" disconnected="0" warning="0" completed="0" inProgress="0" pending="0" />
  </ResultSummary>
  <TestDefinitions>
    <UnitTest name="TimetableManualTester" storage="e:\hska\semester2\projektarbeit\stundenplangenerator\timetableplanner\timetableplannertests\bin\debug\timetableplannertests.dll" id="3ada0cc6-2a4d-2d63-7d9f-97d4d443b0f3">
      <Execution id="78959d66-1f17-4875-81ab-fc7819ee4f72" />
      <TestMethod codeBase="E:/HsKA/Semester2/Projektarbeit/Stundenplangenerator/TimetablePlanner/TimetablePlannerTests/bin/Debug/TimetablePlannerTests.DLL" adapterTypeName="Microsoft.VisualStudio.TestTools.TestTypes.Unit.UnitTestAdapter, Microsoft.VisualStudio.QualityTools.Tips.UnitTest.Adapter, Version=10.0.0.0, Culture=neutral, PublicKeyToken=b03f5f7f11d50a3a" className="TimetablePlannerTests.TimetableTest, TimetablePlannerTests, Version=1.0.0.0, Culture=neutral, PublicKeyToken=null" name="TimetableManualTester" />
    </UnitTest>
  </TestDefinitions>
  <TestLists>
    <TestList name="Nicht in einer Liste enthaltene Ergebnisse" id="8c84fa94-04c1-424b-9868-57a2d4851a1d" />
    <TestList name="Alle geladenen Ergebnisse" id="19431567-8539-422a-85d7-44ee4e166bda" />
  </TestLists>
  <TestEntries>
    <TestEntry testId="3ada0cc6-2a4d-2d63-7d9f-97d4d443b0f3" executionId="78959d66-1f17-4875-81ab-fc7819ee4f72" testListId="8c84fa94-04c1-424b-9868-57a2d4851a1d" />
  </TestEntries>
  <Results>
    <UnitTestResult executionId="78959d66-1f17-4875-81ab-fc7819ee4f72" testId="3ada0cc6-2a4d-2d63-7d9f-97d4d443b0f3" testName="TimetableManualTester" computerName="FLOLAP-PC" duration="00:00:35.4967809" startTime="2011-10-28T11:09:25.4357228+02:00" endTime="2011-10-28T11:10:02.1549817+02:00" testType="13cdc9d9-ddb5-4fa4-a97d-d965ccfc6d4b" outcome="Passed" testListId="8c84fa94-04c1-424b-9868-57a2d4851a1d" relativeResultsDirectory="78959d66-1f17-4875-81ab-fc7819ee4f72">
      <Output>
        <DebugTrace>Time to create population of size 50: 13584ms
3025
2395
2270
2230
2185
2180
2025
1960
1930
1930
1910
1845
1810
1790
1740
1735
1735
1700
1655
1655
1570
1535
1510
1465
1435
1390
1385
1315
1315
1285
1265
1240
1230
1205
1205
1185
1155
1130
1130
1110
1085
1080
1045
930
510
440
420
355
275
135
Early abort of evolution after 434 generations
Mean time per generation: 48ms
Mean fitness increase per generation
443
268
218
195
245
250
104
101
89
74
72
62
69
58
48
44
60
49
72
47
59
51
46
59
49
66
47
55
50
29
39
37
45
43
49
37
36
45
43
50
48
52
49
54
44
50
39
25
41
40
38
36
38
37
41
33
41
35
35
22
23
24
29
37
45
38
30
40
18
30
29
24
33
34
30
32
24
26
22
30
37
47
44
48
36
31
24
24
26
29
22
30
23
31
27
24
26
32
24
30
22
23
26
41
27
37
32
36
26
26
31
33
18
15
19
20
15
14
17
18
17
25
18
18
14
11
16
11
19
13
9
17
18
21
26
22
14
23
24
13
16
12
21
17
23
28
17
22
20
21
19
20
9
9
15
15
11
14
19
20
21
15
20
17
14
12
9
11
10
10
9
6
5
9
14
18
16
16
11
7
14
3
17
13
12
15
9
12
15
13
10
14
7
14
12
15
11
7
8
3
11
12
12
16
3
9
7
13
2
3
8
11
12
7
5
6
6
14
11
5
8
3
9
10
5
10
9
6
8
11
9
9
3
6
8
8
13
4
11
7
12
6
11
8
4
7
4
5
4
10
6
5
10
5
5
8
6
10
6
10
12
9
1
8
8
6
7
5
7
6
3
6
8
7
2
7
15
7
4
12
6
5
5
0
6
16
8
8
6
7
2
7
9
4
2
2
5
7
2
8
2
7
3
2
6
9
2
5
6
7
8
7
3
5
1
8
7
5
5
1
4
4
4
6
1
5
3
6
7
4
5
11
7
3
8
3
4
7
8
5
8
9
1
1
5
5
5
2
7
2
5
5
4
5
3
3
5
2
2
5
6
2
3
4
6
4
6
5
4
5
3
2
3
7
4
3
1
4
2
7
5
8
6
8
4
2
4
3
5
7
2
6
7
1
7
7
1
1
7
1
3
2
2
2
2
2
4
5
3
2
2
3
5
1
2
4
7
2
4
5
4
3
0
4
4
1
4
1
0
2
4
1
1
3
2
Evolution time: 21437ms
9975
9975
9945
9940
9940
9935
9935
9930
9920
9920
9920
9920
9920
9920
9915
9915
9915
9915
9915
9915
9905
9905
9905
9900
9895
9890
9890
9890
9890
9890
9890
9890
9890
9890
9890
9890
9890
9890
9890
9890
9885
9885
9885
9885
9885
9885
9885
9885
9885
9885
</DebugTrace>
      </Output>
    </UnitTestResult>
  </Results>
</TestRun>