<?xml version="1.0" encoding="UTF-8"?>
<TestRun id="b2b28c6f-e6c0-46bf-a3ff-14d07fdd06ff" name="FloLap@FLOLAP-PC 2011-10-21 22:12:29" runUser="FloLap-PC\FloLap" xmlns="http://microsoft.com/schemas/VisualStudio/TeamTest/2010">
  <TestSettings name="Lokal" id="6ed96bb3-d821-4eee-a79d-3a3069da9890">
    <Description>Dies sind die standardmäßigen Testeinstellungen für einen lokalen Testlauf.</Description>
    <Deployment enabled="false" runDeploymentRoot="FloLap_FLOLAP-PC 2011-10-21 22_12_29">
      <DeploymentItem filename="E:\HsKA\Semester2\Projektarbeit\Stundenplangenerator\TimetablePlanner\TimetablePlanner\bin\Debug\TimetablePlanner.dll" />
    </Deployment>
    <Execution>
      <TestTypeSpecific />
      <AgentRule name="Execution Agents">
      </AgentRule>
    </Execution>
  </TestSettings>
  <Times creation="2011-10-21T22:12:29.0222762+02:00" queuing="2011-10-21T22:12:30.1142781+02:00" start="2011-10-21T22:12:30.1922783+02:00" finish="2011-10-21T22:12:41.2214976+02:00" />
  <ResultSummary outcome="Completed">
    <Counters total="1" executed="1" passed="1" error="0" failed="0" timeout="0" aborted="0" inconclusive="0" passedButRunAborted="0" notRunnable="0" notExecuted="0" disconnected="0" warning="0" completed="0" inProgress="0" pending="0" />
  </ResultSummary>
  <TestDefinitions>
    <UnitTest name="TimetableManualTester" storage="e:\hska\semester2\projektarbeit\stundenplangenerator\timetableplanner\timetableplannertests\bin\debug\timetableplannertests.dll" id="3ada0cc6-2a4d-2d63-7d9f-97d4d443b0f3">
      <Execution id="d7fd5f7b-461e-40fe-a239-53eff3172509" />
      <TestMethod codeBase="E:/HsKA/Semester2/Projektarbeit/Stundenplangenerator/TimetablePlanner/TimetablePlannerTests/bin/Debug/TimetablePlannerTests.DLL" adapterTypeName="Microsoft.VisualStudio.TestTools.TestTypes.Unit.UnitTestAdapter, Microsoft.VisualStudio.QualityTools.Tips.UnitTest.Adapter, Version=10.0.0.0, Culture=neutral, PublicKeyToken=b03f5f7f11d50a3a" className="TimetablePlannerTests.TimetableTest, TimetablePlannerTests, Version=1.0.0.0, Culture=neutral, PublicKeyToken=null" name="TimetableManualTester" />
    </UnitTest>
  </TestDefinitions>
  <TestLists>
    <TestList name="Nicht in einer Liste enthaltene Ergebnisse" id="8c84fa94-04c1-424b-9868-57a2d4851a1d" />
    <TestList name="Alle geladenen Ergebnisse" id="19431567-8539-422a-85d7-44ee4e166bda" />
  </TestLists>
  <TestEntries>
    <TestEntry testId="3ada0cc6-2a4d-2d63-7d9f-97d4d443b0f3" executionId="d7fd5f7b-461e-40fe-a239-53eff3172509" testListId="8c84fa94-04c1-424b-9868-57a2d4851a1d" />
  </TestEntries>
  <Results>
    <UnitTestResult executionId="d7fd5f7b-461e-40fe-a239-53eff3172509" testId="3ada0cc6-2a4d-2d63-7d9f-97d4d443b0f3" testName="TimetableManualTester" computerName="FLOLAP-PC" duration="00:00:09.6981242" startTime="2011-10-21T22:12:30.2390784+02:00" endTime="2011-10-21T22:12:41.1278975+02:00" testType="13cdc9d9-ddb5-4fa4-a97d-d965ccfc6d4b" outcome="Passed" testListId="8c84fa94-04c1-424b-9868-57a2d4851a1d" relativeResultsDirectory="d7fd5f7b-461e-40fe-a239-53eff3172509">
      <Output>
        <DebugTrace>Time to create population of size 75: 624ms
1620
1580
1380
1100
1100
1090
1080
1070
1030
1010
990
980
940
930
930
920
900
810
780
710
710
700
670
620
620
620
610
600
590
580
580
570
560
560
550
550
540
520
510
480
440
430
400
380
300
290
260
200
150
130
110
-70
-180
-210
-210
-250
-290
-300
-330
-380
-390
-400
-430
-460
-460
-480
-570
-590
-640
-750
-750
-850
-990
-1060
-1720
Early abort after 167 generations.
Mean time per generation: 40ms
Mean fitness increase per generation
508
222
177
155
133
93
54
46
50
52
54
38
36
41
57
35
42
30
37
21
27
21
29
35
29
32
27
33
27
25
27
23
28
21
22
20
9
21
21
11
18
16
18
15
11
15
17
17
14
27
16
16
19
24
25
16
22
14
23
21
18
19
27
17
18
18
15
13
12
10
9
7
11
12
7
10
6
3
5
6
2
8
5
7
10
10
6
7
1
4
8
4
7
2
5
4
7
6
5
6
4
3
5
3
7
3
3
4
6
8
9
5
7
3
7
3
3
5
3
4
5
4
3
7
6
1
1
4
5
3
5
3
3
4
2
1
6
5
6
3
4
2
5
2
3
2
2
6
2
2
3
3
5
2
5
3
5
3
5
5
1
2
2
2
1
1
2
2
Evolution time: 6910ms
3720
3720
3720
3710
3710
3700
3690
3690
3690
3680
3680
3680
3670
3670
3670
3670
3670
3670
3670
3660
3660
3660
3660
3660
3660
3660
3660
3650
3650
3650
3650
3650
3650
3650
3650
3640
3640
3640
3640
3640
3640
3640
3640
3640
3640
3640
3640
3640
3630
3630
3630
3630
3630
3630
3630
3630
3630
3630
3630
3630
3630
3630
3630
3630
3630
3620
3620
3620
3620
3620
3620
3620
3620
3620
3620

Group 0
Block 0: Informatik 1                           | Fremdsprachen                          | Technische Informatik 1                | ---------------------------------------| Mathematik 1                           | 
Block 1: Technische Informatik 1                | Fremdsprachen                          | Mathematik 1                           | ---------------------------------------| Informatik 1 Übung                     | 
Block 2: Theoretische Informatik 1              | ---------------------------------------| ---------------------------------------| ---------------------------------------| Mathematik 1 Labor                     | 
Block 3: Mathematik 1 Labor                     | ---------------------------------------| Informatik 1                           | ---------------------------------------| Theoretische Informatik 1              | 
Block 4: ---------------------------------------| ---------------------------------------| ---------------------------------------| ---------------------------------------| Technische Informatik 1 Übung          | 
Block 5: ---------------------------------------| ---------------------------------------| ---------------------------------------| ---------------------------------------| ---------------------------------------| 

Group 1
Block 0: Technische Informatik 2                | Informatik 2 Übung                     | ---------------------------------------| Softwarelabor                          | Mathematik 2                           | 
Block 1: Informatik 2 Übung                     | Informatik 2                           | ---------------------------------------| Softwarelabor                          | Informatik 2                           | 
Block 2: Digital-Labor                          | Sprachen und Metasprachen              | ---------------------------------------| Mathematik 2 Labor                     | Web-Programming                        | 
Block 3: Digital-Labor                          | ---------------------------------------| ---------------------------------------| ---------------------------------------| Technische Informatik 2                | 
Block 4: Digital-Labor                          | ---------------------------------------| ---------------------------------------| ---------------------------------------| Softwarelabor                          | 
Block 5: ---------------------------------------| ---------------------------------------| ---------------------------------------| ---------------------------------------| Softwarelabor                          | 

Group 2
Block 0: ---------------------------------------| Modellierung und Simulation            | Intelligente Systeme                   | ---------------------------------------| Verteilte Informationssysteme          | 
Block 1: ---------------------------------------| Visualization and Semantics Lab        | ---------------------------------------| ---------------------------------------| Mobile Systeme                         | 
Block 2: ---------------------------------------| IT Projektmanagement                   | ---------------------------------------| ---------------------------------------| IT Service Management                  | 
Block 3: ---------------------------------------| ---------------------------------------| Projektarbeit1                         | ---------------------------------------| Datenrepräsentation und -übertragung   | 
Block 4: ---------------------------------------| ---------------------------------------| Projektarbeit1                         | ---------------------------------------| Visualization and Semantics            | 
Block 5: ---------------------------------------| ---------------------------------------| Projektarbeit1                         | ---------------------------------------| Führungskräftetraining                 | 

Group 3
Block 0: Angewandte Kryptografie                | Labor Verteilte Systeme                | ---------------------------------------| Algorithmenentwurf                     | ---------------------------------------| 
Block 1: IT-Sicherheit                          | Dialog Systems                         | ---------------------------------------| Algorithmen Übung                      | ---------------------------------------| 
Block 2: ---------------------------------------| Data Mining                            | ---------------------------------------| Labor Benutzeroberflächen              | ---------------------------------------| 
Block 3: ---------------------------------------| ---------------------------------------| ---------------------------------------| ---------------------------------------| ---------------------------------------| 
Block 4: ---------------------------------------| Projektarbeit2                         | ---------------------------------------| ---------------------------------------| ---------------------------------------| 
Block 5: Seminar                                | Projektarbeit2                         | ---------------------------------------| ---------------------------------------| ---------------------------------------| 
</DebugTrace>
      </Output>
    </UnitTestResult>
  </Results>
</TestRun>