<?xml version="1.0" encoding="UTF-8"?>
<TestRun id="173242f1-5a02-4f29-91b1-d7551621055d" name="FloLap@FLOLAP-PC 2011-10-18 20:03:56" runUser="FloLap-PC\FloLap" xmlns="http://microsoft.com/schemas/VisualStudio/TeamTest/2010">
  <TestSettings name="Lokal" id="6ed96bb3-d821-4eee-a79d-3a3069da9890">
    <Description>Dies sind die standardmäßigen Testeinstellungen für einen lokalen Testlauf.</Description>
    <Deployment enabled="false" runDeploymentRoot="FloLap_FLOLAP-PC 2011-10-18 20_03_56">
      <DeploymentItem filename="E:\HsKA\Semester2\Projektarbeit\Stundenplangenerator\TimetablePlanner\TimetablePlanner\bin\Debug\TimetablePlanner.dll" />
    </Deployment>
    <Execution>
      <TestTypeSpecific />
      <AgentRule name="Execution Agents">
      </AgentRule>
    </Execution>
  </TestSettings>
  <Times creation="2011-10-18T20:03:56.9748542+02:00" queuing="2011-10-18T20:04:08.5075138+02:00" start="2011-10-18T20:04:08.7255263+02:00" finish="2011-10-18T20:08:57.7110553+02:00" />
  <ResultSummary outcome="Error">
    <Counters total="1" error="0" failed="0" timeout="0" aborted="0" inconclusive="0" passedButRunAborted="0" notRunnable="0" notExecuted="0" disconnected="0" warning="0" passed="0" completed="0" inProgress="0" pending="0" />
    <RunInfos>
      <RunInfo computerName="FLOLAP-PC" outcome="Error" timestamp="2011-10-18T20:08:57.7100553+02:00">
        <Text>Der Testhostprozess wurde unerwartet beendet.</Text>
      </RunInfo>
    </RunInfos>
  </ResultSummary>
  <TestDefinitions>
    <UnitTest name="createTimetableInstanceTest" storage="e:\hska\semester2\projektarbeit\stundenplangenerator\timetableplanner\timetableplannertests\bin\debug\timetableplannertests.dll" id="ab441b29-9837-01bf-f43f-7839c8f73716">
      <Execution id="76658462-8780-4dbb-b14e-359b4840d658" />
      <TestMethod codeBase="E:/HsKA/Semester2/Projektarbeit/Stundenplangenerator/TimetablePlanner/TimetablePlannerTests/bin/Debug/TimetablePlannerTests.DLL" adapterTypeName="Microsoft.VisualStudio.TestTools.TestTypes.Unit.UnitTestAdapter, Microsoft.VisualStudio.QualityTools.Tips.UnitTest.Adapter, Version=10.0.0.0, Culture=neutral, PublicKeyToken=b03f5f7f11d50a3a" className="TimetablePlannerTests.TimetableTest, TimetablePlannerTests, Version=1.0.0.0, Culture=neutral, PublicKeyToken=null" name="createTimetableInstanceTest" />
    </UnitTest>
  </TestDefinitions>
  <TestLists>
    <TestList name="Nicht in einer Liste enthaltene Ergebnisse" id="8c84fa94-04c1-424b-9868-57a2d4851a1d" />
    <TestList name="Alle geladenen Ergebnisse" id="19431567-8539-422a-85d7-44ee4e166bda" />
  </TestLists>
  <TestEntries>
    <TestEntry testId="ab441b29-9837-01bf-f43f-7839c8f73716" executionId="76658462-8780-4dbb-b14e-359b4840d658" testListId="8c84fa94-04c1-424b-9868-57a2d4851a1d" />
  </TestEntries>
  <Results>
    <UnitTestResult executionId="76658462-8780-4dbb-b14e-359b4840d658" testId="ab441b29-9837-01bf-f43f-7839c8f73716" testName="createTimetableInstanceTest" computerName="FLOLAP-PC" duration="00:04:24.2833652" startTime="2011-10-18T20:04:08.9745406+02:00" testType="13cdc9d9-ddb5-4fa4-a97d-d965ccfc6d4b" outcome="Failed" testListId="8c84fa94-04c1-424b-9868-57a2d4851a1d" relativeResultsDirectory="76658462-8780-4dbb-b14e-359b4840d658">
      <Output>
        <ErrorInfo>
          <Message>Die TimetablePlannerTests.TimetableTest.createTimetableInstanceTest-Testmethode hat eine Ausnahme ausgelöst: System.IndexOutOfRangeException: Der Index war außerhalb des Arraybereichs.</Message>
          <StackTrace>    bei TimetablePlanner.TimetableGenerator.IsValidForCourse(Int16 course, Int32 day, Int32 block, Int32 room, Individual individual)
   bei TimetablePlanner.TimetableGenerator.GetPossibilitiesForCourse(Int16 course, Individual individual)
   bei TimetablePlanner.TimetableGenerator.RandomFillIndividual(Individual individual)
   bei TimetablePlanner.TimetableGenerator.CreatePopulation(Int32 populationSize)
   bei TimetablePlanner.TimetableGenerator..ctor(Int32 numberOfGenerations, Int32 populationSize, TimetableData tableData)
   bei TimetablePlannerTests.TimetableTest.createTimetableInstanceTest() in E:\HsKA\Semester2\Projektarbeit\Stundenplangenerator\TimetablePlanner\TimetablePlannerTests\TimetableDataReaderTest.cs:Zeile 25.
</StackTrace>
        </ErrorInfo>
      </Output>
    </UnitTestResult>
  </Results>
</TestRun>