<?xml version="1.0" encoding="UTF-8"?>
<TestRun id="34e7b577-4460-4c68-9fb0-229a7e01493b" name="FloLap@FLOLAP-PC 2011-10-15 18:09:32" runUser="FloLap-PC\FloLap" xmlns="http://microsoft.com/schemas/VisualStudio/TeamTest/2010">
  <TestSettings name="Lokal" id="6ed96bb3-d821-4eee-a79d-3a3069da9890">
    <Description>Dies sind die standardmäßigen Testeinstellungen für einen lokalen Testlauf.</Description>
    <Deployment enabled="false" runDeploymentRoot="FloLap_FLOLAP-PC 2011-10-15 18_09_32">
      <DeploymentItem filename="E:\HsKA\Semester2\Projektarbeit\Stundenplangenerator\TimetablePlanner\TimetablePlanner\bin\Debug\TimetablePlanner.dll" />
    </Deployment>
    <Execution>
      <TestTypeSpecific />
      <AgentRule name="Execution Agents">
      </AgentRule>
    </Execution>
  </TestSettings>
  <Times creation="2011-10-15T18:09:32.3879308+02:00" queuing="2011-10-15T18:09:33.4019326+02:00" start="2011-10-15T18:09:33.4799327+02:00" finish="2011-10-15T18:09:47.8163579+02:00" />
  <ResultSummary outcome="Completed">
    <Counters total="1" executed="1" passed="1" error="0" failed="0" timeout="0" aborted="0" inconclusive="0" passedButRunAborted="0" notRunnable="0" notExecuted="0" disconnected="0" warning="0" completed="0" inProgress="0" pending="0" />
  </ResultSummary>
  <TestDefinitions>
    <UnitTest name="createTimetableInstanceTest" storage="e:\hska\semester2\projektarbeit\stundenplangenerator\timetableplanner\timetableplannertests\bin\debug\timetableplannertests.dll" id="ab441b29-9837-01bf-f43f-7839c8f73716">
      <Execution id="0c9d6f8a-34ab-4f30-a7a5-a08c19a213f4" />
      <TestMethod codeBase="E:/HsKA/Semester2/Projektarbeit/Stundenplangenerator/TimetablePlanner/TimetablePlannerTests/bin/Debug/TimetablePlannerTests.DLL" adapterTypeName="Microsoft.VisualStudio.TestTools.TestTypes.Unit.UnitTestAdapter, Microsoft.VisualStudio.QualityTools.Tips.UnitTest.Adapter, Version=10.0.0.0, Culture=neutral, PublicKeyToken=b03f5f7f11d50a3a" className="TimetablePlannerTests.TimetableTest, TimetablePlannerTests, Version=1.0.0.0, Culture=neutral, PublicKeyToken=null" name="createTimetableInstanceTest" />
    </UnitTest>
  </TestDefinitions>
  <TestLists>
    <TestList name="Nicht in einer Liste enthaltene Ergebnisse" id="8c84fa94-04c1-424b-9868-57a2d4851a1d" />
    <TestList name="Alle geladenen Ergebnisse" id="19431567-8539-422a-85d7-44ee4e166bda" />
  </TestLists>
  <TestEntries>
    <TestEntry testId="ab441b29-9837-01bf-f43f-7839c8f73716" executionId="0c9d6f8a-34ab-4f30-a7a5-a08c19a213f4" testListId="8c84fa94-04c1-424b-9868-57a2d4851a1d" />
  </TestEntries>
  <Results>
    <UnitTestResult executionId="0c9d6f8a-34ab-4f30-a7a5-a08c19a213f4" testId="ab441b29-9837-01bf-f43f-7839c8f73716" testName="createTimetableInstanceTest" computerName="FLOLAP-PC" duration="00:00:13.0310103" startTime="2011-10-15T18:09:33.5267328+02:00" endTime="2011-10-15T18:09:47.7227577+02:00" testType="13cdc9d9-ddb5-4fa4-a97d-d965ccfc6d4b" outcome="Passed" testListId="8c84fa94-04c1-424b-9868-57a2d4851a1d" relativeResultsDirectory="0c9d6f8a-34ab-4f30-a7a5-a08c19a213f4">
      <Output>
        <DebugTrace>Time to create population of size 20: 93ms
0246: ---|---|---|---|---|---|---|037|---|033|---|---|---|---|---|---|---|---|000|007|007|---|---|---|---|---|---|---|---|---|---|005|---|---|---|---|---|022|---|---|002|---|---|008|012|---|---|---|---|---|---|---|---|---|---|---|---|---|---|---|---|---|---|---|---|---|---|---|---|---|---|---|023|---|---|029|---|---|---|---|028|---|---|---|---|---|---|---|018|---|---|---|---|---|---|---|---|010|010|---|---|---|---|---|---|---|---|---|---|---|---|015|---|---|---|003|020|---|---|---|---|---|---|---|---|---|---|---|---|---|---|---|---|---|---|006|---|---|---|---|---|---|---|---|---|---|---|---|---|---|---|---|---|---|---|---|010|010|024|---|---|---|---|---|---|032|---|---|---|---|---|---|---|---|034|---|---|---|---|---|---|027|027|027|---|---|014|---|---|---|030|---|---|006|---|---|---|---|---|---|---|---|---|---|021|---|---|---|---|---|---|---|---|---|---|---|---|---|---|---|---|---|---|035|---|---|---|---|---|013|---|---|---|---|---|---|---|000|---|---|---|008|---|---|---|---|002|004|---|---|031|---|---|---|---|---|---|---|017|---|---|---|---|---|---|---|---|---|---|---|---|---|---|---|---|---|---|---|---|---|---|---|---|001|---|---|---|---|---|016|016|016|---|---|---|026|---|009|011|---|---|---|---|009|005|---|019|---|---|---|---|---|---|---|---|---|---|---|---|---|---|---|---|---|036|036|---|---|004|---|015|025|---|---|---|---|---|---|---|---|---|---|---|---|---|---|---|---|---|---|---|---|---|---|---|---|---|---|---|---|
0226: ---|---|---|---|---|---|004|---|---|---|---|---|022|---|---|028|---|---|---|---|---|---|014|---|016|016|016|---|---|---|005|032|---|017|---|---|---|003|---|---|---|---|---|004|009|---|---|---|---|---|---|---|---|---|---|---|---|---|---|---|---|---|---|---|---|---|---|---|006|---|---|---|---|---|---|---|011|---|002|---|007|007|---|---|---|---|---|---|---|---|---|012|---|---|---|---|---|---|---|---|---|---|---|---|---|---|---|---|010|010|---|010|010|---|000|---|---|---|---|---|---|---|---|---|---|---|---|---|---|---|---|---|---|---|021|---|---|---|---|---|---|---|---|---|008|018|---|---|---|---|---|---|---|---|000|---|---|023|---|037|---|---|---|013|---|---|---|---|---|---|---|---|---|---|---|---|---|005|---|---|---|---|---|---|---|---|030|---|---|002|008|---|---|---|---|---|---|---|---|---|---|---|---|---|---|---|---|---|---|---|---|---|---|---|---|---|---|020|---|---|---|---|015|---|---|---|---|---|---|---|---|025|---|---|---|---|---|---|---|---|---|---|---|---|---|---|---|---|---|---|---|---|034|026|---|---|---|---|---|035|---|---|---|---|---|---|---|---|---|---|---|---|---|---|---|---|---|---|---|---|---|---|---|---|---|001|---|---|027|027|027|031|---|---|---|---|---|024|---|---|---|019|---|---|---|---|---|---|009|015|---|---|---|---|036|036|---|---|---|---|029|---|---|---|---|---|---|---|033|---|---|---|---|---|---|---|---|---|---|---|---|---|---|006|---|---|---|---|---|---|---|---|---|---|---|---|---|---|---|---|
0216: ---|---|---|009|---|---|---|---|---|---|---|---|029|027|027|027|---|---|---|---|---|---|---|---|005|016|016|016|---|---|---|028|---|---|---|---|---|---|015|---|---|---|---|002|---|---|---|---|---|---|---|---|006|---|---|---|---|---|---|---|---|---|---|---|---|---|---|---|---|---|---|---|007|007|---|---|---|---|018|---|---|---|011|---|---|---|---|---|---|---|---|---|---|---|---|---|025|000|---|---|---|---|---|---|---|---|---|---|---|004|---|---|037|---|---|---|009|---|---|---|---|---|---|---|---|---|---|---|---|---|---|---|---|---|---|---|---|---|---|---|---|---|---|---|---|032|004|---|---|---|---|---|---|---|---|---|035|---|---|---|---|---|---|---|---|024|---|---|---|---|017|031|020|---|---|---|---|---|---|---|---|019|022|---|---|---|---|---|---|023|---|---|---|---|---|---|---|---|---|---|---|---|---|---|---|---|---|---|---|---|---|---|---|---|---|---|036|036|---|---|---|---|---|---|---|---|---|---|---|---|---|---|008|---|---|---|---|---|033|---|---|---|---|---|---|---|---|---|---|---|003|---|010|010|---|---|002|---|---|005|---|030|---|---|001|---|---|---|---|---|---|---|---|---|---|---|---|---|---|---|---|---|---|---|---|---|---|---|010|010|---|---|---|---|---|---|000|---|---|---|---|---|026|---|---|---|---|---|---|034|---|---|---|---|---|---|---|---|---|012|---|---|---|---|---|014|---|015|---|---|013|---|---|---|---|---|---|---|021|---|---|---|---|---|---|---|---|---|---|---|---|---|006|---|---|---|---|---|---|---|
0204: ---|---|---|---|---|---|---|---|---|---|---|---|---|036|036|---|---|---|---|---|---|---|---|---|---|---|---|---|---|---|---|---|---|---|---|---|---|---|---|---|004|---|---|---|---|008|---|---|---|006|---|---|---|---|---|---|021|---|---|---|---|---|---|---|---|---|---|---|001|---|---|---|008|---|---|009|---|---|004|020|---|---|---|---|015|010|010|---|---|---|000|---|027|027|027|---|---|---|---|032|---|---|010|010|---|---|005|---|---|---|031|---|---|---|---|---|---|---|---|---|---|---|---|---|---|---|---|---|---|---|---|---|---|---|---|---|---|---|---|---|---|---|---|---|---|---|---|---|011|---|035|033|037|023|---|---|---|034|013|---|022|---|019|---|---|---|---|---|---|---|---|---|---|---|007|007|---|---|---|---|---|016|016|016|---|---|---|---|---|---|---|---|---|---|---|---|---|---|---|---|---|---|---|---|---|---|---|---|---|---|---|---|---|---|---|---|---|---|---|---|---|---|003|---|---|---|---|---|---|---|---|---|---|---|---|---|---|---|018|---|002|012|---|---|000|---|---|---|---|---|---|---|---|---|---|---|---|---|024|---|---|---|009|---|---|---|---|---|006|---|---|---|---|---|---|---|---|---|---|---|---|---|---|---|---|---|---|---|---|---|---|---|025|---|---|---|028|---|014|---|---|005|---|---|---|---|---|---|---|---|---|---|015|---|029|---|002|---|---|---|026|030|---|---|---|---|---|---|---|---|017|---|---|---|---|---|---|---|---|---|---|---|---|---|---|---|---|---|---|---|---|---|---|---|---|---|---|---|---|---|
0202: ---|---|---|---|017|---|---|---|---|---|---|---|---|---|---|028|---|---|002|---|---|025|---|---|---|---|---|---|---|---|---|024|---|---|---|---|---|---|---|018|---|---|---|005|---|---|---|---|---|---|---|---|---|---|---|---|---|---|---|---|---|---|---|---|---|---|006|---|---|---|---|---|---|---|---|---|---|---|---|---|---|009|---|---|036|036|---|---|---|---|020|026|---|---|---|---|---|---|---|---|---|---|---|---|---|---|---|---|000|---|007|007|---|---|---|---|---|---|---|---|---|006|---|---|---|---|---|---|---|---|---|---|---|---|---|---|---|---|---|---|---|---|---|---|---|008|---|034|---|---|---|013|---|---|---|---|027|027|027|---|---|---|---|---|031|---|030|---|---|---|---|---|---|---|016|016|016|008|---|---|---|---|---|004|000|---|---|---|---|010|010|---|---|---|---|---|---|---|---|---|---|---|---|---|---|021|---|---|---|---|---|---|---|---|---|---|003|---|---|---|---|---|---|---|---|---|---|---|---|---|---|---|---|---|004|---|---|---|---|---|---|---|---|029|---|---|---|015|---|---|022|---|012|---|---|---|---|---|---|---|---|---|---|---|---|---|---|---|---|---|---|---|---|---|---|---|---|---|---|---|001|---|---|---|---|---|---|---|---|035|014|---|---|---|---|---|---|---|---|---|---|033|010|010|015|---|---|---|---|---|---|---|011|---|032|005|---|---|---|---|---|002|---|---|---|009|---|---|---|---|---|023|---|037|---|---|---|---|---|---|---|---|---|---|---|---|---|---|---|---|---|---|---|---|---|---|---|---|---|---|
0196: ---|008|---|---|---|---|031|---|025|---|---|---|---|015|---|---|---|---|---|---|004|---|---|---|004|---|---|---|---|---|---|---|---|---|---|---|---|---|---|---|---|---|---|---|034|---|---|---|---|---|---|---|---|---|---|---|---|---|---|---|---|---|---|---|---|---|---|---|---|---|---|---|010|010|---|---|---|---|---|---|022|---|---|---|---|---|037|033|---|---|036|036|027|027|027|---|---|010|010|---|---|---|---|---|---|005|---|---|011|---|---|---|---|---|---|020|---|---|---|---|---|---|---|---|---|---|---|---|---|---|---|---|---|---|---|---|---|---|---|---|---|---|---|---|---|---|007|007|---|---|---|003|009|009|---|---|016|016|016|---|---|---|---|---|008|---|---|---|---|---|005|---|---|---|---|---|---|---|023|---|---|029|---|002|---|---|---|---|---|013|---|---|---|---|001|---|---|---|---|---|---|006|---|---|---|---|---|---|---|---|---|---|---|---|---|---|---|---|---|028|---|---|---|---|---|---|---|---|012|---|---|018|---|---|---|---|---|017|---|---|---|030|---|---|---|---|---|---|---|---|035|---|---|---|---|---|---|---|---|---|---|---|024|---|---|---|---|---|---|---|---|---|---|---|---|---|---|---|---|---|---|---|---|---|---|---|---|---|---|---|---|---|---|---|---|---|026|---|---|---|---|---|014|---|019|---|---|000|---|---|032|---|---|---|---|---|---|---|---|---|000|002|---|---|---|015|---|---|---|---|---|---|---|---|---|---|---|---|---|---|---|---|021|---|---|---|---|---|---|---|006|---|---|---|---|---|---|---|---|---|
0188: 008|032|---|---|---|---|018|028|---|---|015|---|011|---|---|---|---|---|---|---|---|---|---|---|---|---|---|020|---|---|---|---|035|022|---|---|---|---|---|---|---|---|---|---|---|---|---|---|---|---|---|---|---|---|---|---|---|---|---|---|---|---|---|---|---|---|---|---|---|---|---|---|---|---|---|---|---|---|---|009|---|---|---|---|---|025|---|---|---|---|000|---|---|---|019|---|---|---|---|---|---|---|---|---|026|002|013|---|---|---|003|---|---|---|---|---|---|---|---|---|---|---|---|---|---|---|---|021|---|---|---|---|---|---|---|---|---|---|---|---|---|---|---|---|---|---|---|---|---|---|---|---|---|---|---|---|016|016|016|---|004|---|023|---|---|010|010|---|005|---|---|---|---|---|---|---|---|---|---|---|---|010|010|014|---|---|---|---|---|---|---|---|006|---|---|---|---|---|---|---|---|---|---|---|---|---|---|006|---|---|---|---|---|---|---|---|---|---|---|036|036|---|---|008|---|---|---|---|---|---|---|024|029|---|037|---|---|015|---|---|000|---|---|---|---|---|---|---|---|031|---|---|005|---|---|---|---|---|---|---|---|---|---|---|---|---|---|---|---|---|---|---|---|---|---|---|---|---|---|---|---|---|---|---|---|---|001|---|033|---|---|---|---|---|034|---|---|---|---|---|017|---|---|---|012|---|---|---|---|---|009|---|---|---|---|---|004|---|---|---|---|---|---|---|002|027|027|027|030|---|---|007|007|---|---|---|---|---|---|---|---|---|---|---|---|---|---|---|---|---|---|---|---|---|---|---|---|---|---|---|
0178: 023|012|---|---|---|---|---|---|---|---|005|---|---|---|---|---|---|---|---|010|010|---|---|---|---|---|---|---|---|---|030|---|028|---|005|---|014|029|---|---|025|---|---|002|---|---|026|---|---|---|---|---|---|---|---|---|---|006|---|---|---|---|---|---|---|---|---|---|---|---|---|---|---|007|007|---|---|---|---|008|037|000|009|---|---|---|022|---|---|---|033|---|011|003|013|---|---|---|---|---|009|---|---|---|---|---|---|---|---|034|---|018|---|---|---|---|---|---|---|---|---|---|---|006|---|---|---|---|---|---|---|---|---|---|---|---|---|---|---|---|---|---|---|---|---|---|---|---|---|---|---|---|---|---|---|---|---|---|---|---|---|---|---|---|---|---|---|---|---|---|---|---|---|---|---|027|027|027|004|---|---|---|---|---|---|---|031|---|004|---|032|---|---|---|---|---|---|---|---|---|---|---|---|---|---|---|---|---|---|---|---|---|---|---|---|---|---|---|---|---|035|---|---|---|---|---|---|---|---|---|---|024|---|---|008|---|036|036|---|---|---|---|---|---|---|---|---|019|---|---|---|---|017|---|---|---|---|---|---|---|---|---|---|---|---|---|---|001|---|---|---|---|---|---|---|---|---|---|---|---|---|---|---|---|---|---|---|---|---|015|---|---|015|---|---|---|---|---|020|---|000|---|---|002|---|---|010|010|---|---|---|---|016|016|016|---|---|---|---|---|---|---|---|---|---|---|---|---|---|---|---|---|---|---|---|---|021|---|---|---|---|---|---|---|---|---|---|---|---|---|---|---|---|---|---|---|---|---|---|---|
0176: ---|---|---|---|---|---|---|004|---|---|---|---|---|028|015|---|---|---|---|---|023|---|---|---|---|---|---|004|---|---|---|---|---|017|---|---|---|---|---|---|---|---|---|027|027|027|033|---|---|---|---|---|---|---|---|---|---|---|---|---|---|---|---|---|---|---|---|---|---|006|---|---|---|---|---|---|---|---|020|---|---|025|---|---|---|---|---|---|---|---|---|010|010|019|---|---|---|---|---|---|---|---|---|---|---|---|011|---|036|036|---|---|---|---|---|---|018|009|---|---|---|---|---|006|---|---|---|---|---|---|021|---|---|---|---|---|---|---|---|---|---|---|---|---|002|---|---|---|---|---|026|005|---|---|---|---|---|---|---|---|---|---|---|---|---|---|---|---|---|---|---|002|009|---|000|---|014|---|---|---|---|008|007|007|---|---|037|---|---|---|---|---|---|---|---|---|---|---|---|---|---|---|---|---|---|---|---|---|---|---|---|---|---|---|---|---|---|---|---|032|---|---|---|---|---|---|008|---|---|---|---|---|---|---|---|---|---|---|---|---|---|---|---|---|---|---|---|---|---|---|---|---|034|---|---|---|---|---|012|---|---|---|029|---|---|---|---|---|---|---|---|---|---|---|---|---|---|---|---|---|---|---|---|---|---|---|---|---|---|---|---|---|---|---|031|030|013|---|035|---|---|---|---|---|---|---|---|---|---|---|---|---|022|---|---|---|---|---|016|016|016|---|---|---|---|---|003|024|000|---|005|---|010|010|---|---|---|---|---|---|---|---|---|---|---|---|---|---|---|---|---|001|---|---|---|---|---|---|---|---|
0172: 023|---|---|---|---|---|---|---|---|---|---|---|011|---|---|---|---|---|---|---|---|---|---|---|000|---|---|031|---|---|---|---|---|---|---|---|009|---|---|---|025|---|---|010|010|---|---|---|---|---|---|---|---|---|---|---|---|---|---|---|---|---|---|---|---|---|---|---|---|---|---|---|---|---|035|---|002|---|010|010|---|---|---|---|---|---|007|007|---|---|015|---|---|---|018|---|---|---|---|005|012|---|---|036|036|---|004|---|---|---|---|037|---|---|---|---|---|013|---|---|---|---|---|---|---|---|---|---|---|---|---|---|---|---|---|---|---|---|---|---|---|---|---|---|---|---|---|---|---|---|---|---|---|---|---|---|---|---|---|---|---|---|---|---|---|---|008|---|---|027|027|027|---|---|003|---|---|020|002|---|---|---|---|030|---|---|---|---|---|---|---|---|---|---|---|---|---|---|---|---|---|---|---|---|---|---|---|---|---|---|---|---|---|---|---|---|---|---|---|009|---|---|014|---|---|000|034|---|017|---|---|---|---|---|---|---|---|005|---|---|---|---|---|029|---|---|---|---|---|---|---|---|---|---|---|---|---|---|032|---|---|---|---|---|006|001|---|---|---|---|---|---|---|---|---|---|---|---|---|---|006|---|021|---|---|---|---|---|---|---|---|---|---|---|---|---|---|---|---|---|---|---|028|019|---|---|---|---|015|004|---|---|022|008|026|---|024|---|016|016|016|---|---|---|---|033|---|---|---|---|---|---|---|---|---|---|---|---|---|---|---|---|---|---|---|---|---|---|---|---|---|---|---|---|---|---|---|---|---|---|
0168: ---|---|---|---|---|---|---|008|---|---|---|---|027|027|027|---|---|---|---|---|---|002|004|---|---|---|032|---|---|---|000|---|---|019|---|---|---|---|---|---|025|---|---|009|---|010|010|---|---|---|---|---|---|---|---|---|---|---|---|---|---|---|---|---|---|---|---|006|---|---|---|---|---|---|---|---|---|---|---|026|---|---|029|---|---|---|---|---|---|---|---|---|---|---|---|---|016|016|016|---|---|---|031|---|005|---|---|---|---|---|---|---|034|---|---|---|---|003|---|---|---|---|---|---|---|---|---|---|---|---|---|---|---|---|---|021|006|---|---|---|---|---|---|---|---|007|007|---|018|---|012|---|---|---|---|---|---|015|037|---|---|---|---|---|020|---|---|---|---|---|---|---|---|---|009|---|035|---|---|---|---|---|---|---|028|---|---|---|---|---|---|---|---|---|---|---|---|---|---|---|---|---|---|---|---|---|---|---|---|---|---|---|---|---|---|---|036|036|---|---|---|---|030|---|---|014|024|---|---|---|---|---|---|---|---|---|---|---|033|---|004|---|---|---|---|---|---|---|---|---|011|---|---|---|---|---|---|---|---|---|---|010|010|---|---|---|---|---|---|---|---|---|---|---|---|---|---|001|---|---|---|---|---|---|---|---|---|---|---|015|---|008|---|---|017|---|022|---|---|---|---|---|---|---|---|---|---|---|---|---|---|---|---|---|---|005|---|---|---|---|---|000|---|---|---|---|013|---|---|---|023|---|---|002|---|---|---|---|---|---|---|---|---|---|---|---|---|---|---|---|---|---|---|---|---|---|---|---|---|---|
0168: ---|---|---|---|---|---|---|---|---|034|---|---|---|---|000|---|025|---|---|---|---|011|---|---|---|---|---|---|019|---|---|010|010|---|---|---|---|---|016|016|016|---|---|---|014|003|---|---|---|---|---|---|---|---|---|---|---|---|---|---|---|---|---|---|---|---|---|---|---|---|---|---|---|---|022|---|---|---|---|037|---|---|---|---|---|---|---|002|---|---|---|010|010|---|---|---|032|---|013|004|---|---|---|---|035|---|015|---|---|---|002|---|015|---|---|---|024|005|---|---|---|---|---|---|---|---|---|---|---|---|---|---|---|---|---|---|---|---|---|---|---|---|---|---|---|---|---|---|---|---|---|---|---|---|---|---|---|---|---|---|---|---|---|---|017|---|---|---|---|---|---|018|---|---|007|007|---|033|---|---|---|023|---|---|---|---|---|---|036|036|---|---|---|---|---|---|006|---|---|---|---|---|---|---|---|---|001|---|---|---|---|---|---|---|---|---|---|---|---|---|012|---|---|020|---|---|---|---|000|---|---|---|004|---|---|---|---|008|---|---|---|005|---|009|---|---|---|009|---|---|---|---|030|---|---|---|---|---|---|031|---|---|---|---|---|---|---|---|---|---|---|---|---|---|---|---|---|---|---|---|---|---|---|---|---|021|---|---|026|---|---|---|---|---|---|008|---|---|---|---|---|---|---|---|---|---|---|---|---|---|---|---|027|027|027|---|---|---|---|029|---|---|---|---|---|---|---|---|---|---|028|---|---|---|---|---|---|---|---|---|---|---|---|---|006|---|---|---|---|---|---|---|---|---|---|---|---|---|---|---|
0164: ---|---|---|---|---|---|---|000|---|---|---|---|---|---|---|---|---|---|---|---|---|---|---|---|023|---|027|027|027|---|---|022|---|---|---|---|---|---|---|012|009|---|---|---|---|020|---|---|---|---|---|---|---|---|---|---|---|---|---|---|---|---|---|---|---|---|---|---|---|---|---|---|---|---|---|---|---|---|002|---|033|---|008|---|---|---|---|---|---|---|---|032|028|---|---|---|---|---|000|002|---|---|---|---|---|011|---|---|---|---|009|---|---|---|015|---|---|010|010|---|---|---|---|---|---|---|---|---|---|---|---|---|---|---|---|---|---|---|---|---|---|---|001|---|---|---|---|---|004|---|---|---|---|---|---|---|---|010|010|---|---|---|003|---|---|---|---|---|---|---|---|---|---|---|---|---|---|---|---|---|---|---|---|---|---|---|007|007|---|---|008|---|---|---|---|---|---|---|---|006|---|021|---|---|---|---|006|---|---|---|---|---|---|---|---|---|---|---|---|035|---|---|---|025|---|---|---|---|---|005|---|---|031|---|---|013|---|---|---|---|---|018|---|---|---|---|004|---|---|---|---|---|005|026|---|---|---|---|---|---|---|---|---|---|---|---|---|---|---|---|---|---|---|---|---|---|---|---|---|---|---|---|---|---|---|---|---|---|029|014|---|---|030|---|---|016|016|016|---|---|---|---|036|036|---|---|---|---|---|---|---|---|---|---|034|---|015|---|---|---|---|---|037|---|---|---|---|---|019|---|017|---|---|024|---|---|---|---|---|---|---|---|---|---|---|---|---|---|---|---|---|---|---|---|---|---|---|---|---|---|
0162: ---|---|---|020|---|---|014|---|---|032|---|---|---|---|025|---|011|---|---|---|015|---|---|---|---|004|---|---|---|---|---|036|036|---|---|---|---|---|022|---|---|---|---|---|033|---|008|---|---|---|---|---|006|---|---|---|---|---|---|---|---|---|---|---|---|---|---|---|---|---|---|---|010|010|---|---|---|---|---|---|---|---|---|---|---|---|---|003|---|---|---|009|---|002|---|---|---|---|---|---|---|---|---|007|007|---|---|---|---|002|---|---|---|---|---|---|019|---|026|---|---|---|---|---|---|---|---|---|---|---|---|---|---|---|---|---|---|---|---|---|---|---|---|---|---|---|---|029|---|---|---|---|---|---|---|---|---|---|---|034|---|---|---|---|013|---|---|---|---|---|008|028|012|---|---|---|---|---|---|---|---|---|---|---|024|---|---|015|---|---|---|---|---|---|---|---|---|---|---|---|---|---|---|---|---|---|---|---|---|---|---|---|---|---|---|---|---|---|---|---|---|---|---|004|---|---|---|---|---|018|---|---|---|---|---|005|---|000|017|---|---|---|---|---|---|---|---|---|---|---|---|---|---|---|---|---|037|---|---|---|---|---|---|---|---|---|---|---|---|---|---|---|---|---|---|---|---|---|---|---|---|---|---|001|---|---|---|---|---|---|---|---|035|---|---|---|---|---|---|---|031|---|009|---|---|---|---|---|---|---|---|---|---|---|---|---|030|---|---|016|016|016|---|---|000|027|027|027|---|---|005|---|010|010|---|---|---|021|---|---|---|---|006|---|---|---|---|---|---|---|---|---|---|---|---|---|---|---|---|---|
0158: ---|---|009|---|---|---|037|022|---|030|---|---|027|027|027|---|---|---|---|---|---|---|---|---|---|---|---|---|---|---|---|---|029|---|---|---|---|---|---|002|025|---|---|---|---|---|---|---|---|---|---|---|---|---|---|---|---|---|---|---|---|---|---|---|---|---|---|---|---|---|---|---|---|---|---|---|---|---|---|---|---|---|---|---|---|---|005|---|035|---|---|---|---|---|013|---|---|---|---|031|---|---|---|---|028|---|---|---|---|012|---|---|004|---|---|020|---|---|026|---|---|---|---|---|---|---|---|---|---|---|---|---|---|---|006|---|---|---|006|---|---|---|---|---|016|016|016|---|---|---|034|---|015|000|---|---|005|---|---|---|023|---|024|---|019|---|---|---|---|---|---|---|032|---|036|036|---|---|---|---|---|---|---|---|---|---|---|002|---|---|011|---|---|---|---|---|---|---|---|---|---|---|---|---|---|---|---|---|---|---|---|---|---|---|---|---|---|---|---|---|004|---|---|---|---|007|007|---|---|017|---|---|---|---|---|---|---|---|---|---|---|---|---|---|015|---|---|---|---|---|---|---|---|---|---|---|009|---|---|---|---|---|---|---|---|---|---|---|---|---|---|---|---|---|---|---|---|---|---|---|---|---|---|---|---|---|---|---|---|---|---|---|---|---|---|---|---|010|010|---|000|---|---|003|---|---|---|---|---|---|008|---|---|---|033|018|---|---|---|---|---|---|---|---|010|010|---|---|---|---|014|---|---|---|---|---|---|---|---|001|---|---|---|---|---|---|---|---|---|---|---|---|---|---|021|---|---|---|---|---|
0154: 017|---|---|000|---|---|---|---|---|004|---|---|---|---|---|---|---|---|---|---|---|---|031|---|---|---|---|---|034|---|011|033|---|---|---|---|---|---|010|010|---|---|---|---|035|---|---|---|006|---|---|---|---|---|---|---|---|---|---|---|---|---|---|---|---|---|---|---|---|---|---|---|---|---|005|---|---|---|---|012|---|---|028|---|---|013|---|---|---|---|---|010|010|005|---|---|---|---|030|---|---|---|---|---|---|015|---|---|022|007|007|026|---|---|---|---|016|016|016|---|---|---|---|---|---|---|---|---|---|---|---|---|---|---|---|---|---|---|---|---|---|---|---|---|020|---|---|---|002|---|---|---|014|---|---|---|---|---|036|036|---|---|---|---|---|---|---|---|---|024|027|027|027|---|---|---|---|---|---|---|---|---|---|025|---|---|---|---|---|009|---|---|---|---|---|---|---|---|---|---|---|---|---|---|---|---|---|---|---|---|---|---|---|---|---|---|---|---|---|---|---|---|---|---|---|---|004|---|003|---|---|---|018|---|---|---|---|023|---|---|---|---|---|---|029|---|---|---|---|---|---|---|---|---|---|---|---|---|---|---|---|---|019|---|021|---|---|---|---|---|---|---|---|---|---|---|---|006|---|---|---|---|001|---|---|---|---|---|---|037|---|---|---|---|---|---|---|---|---|---|---|---|---|---|---|---|---|---|---|---|---|---|032|015|---|---|---|---|---|---|---|---|008|---|---|008|000|---|---|---|---|009|---|---|---|---|---|---|---|---|---|---|---|---|---|---|---|---|---|---|---|---|---|---|---|---|---|---|---|---|
0146: ---|---|020|---|---|---|---|---|018|---|---|---|---|---|---|---|032|---|---|---|---|---|---|---|---|003|035|010|010|---|---|---|---|---|---|---|023|---|---|031|---|---|---|---|007|007|---|---|---|---|---|---|---|---|---|---|---|---|---|---|---|---|---|---|---|---|---|---|---|---|---|---|---|---|---|024|---|---|---|---|---|005|---|---|---|010|010|004|---|---|---|014|016|016|016|---|---|---|---|000|---|---|---|---|---|---|---|---|---|---|---|---|015|---|019|---|030|015|013|---|---|---|---|---|---|---|---|006|---|---|---|---|---|---|---|021|---|---|---|---|---|---|---|---|---|026|---|036|036|---|025|005|017|---|---|---|---|022|002|---|---|---|---|---|029|---|---|---|---|034|008|---|---|---|---|011|---|000|---|---|---|---|---|---|---|---|009|033|002|---|---|---|---|---|006|---|---|---|---|---|---|---|---|---|---|---|---|---|---|---|---|---|---|---|001|---|---|---|---|---|---|---|---|---|---|---|---|---|---|---|---|---|---|---|004|008|---|009|---|---|---|---|---|---|037|---|---|---|---|---|---|---|---|---|---|---|---|---|---|---|---|---|---|---|---|---|---|---|---|---|---|---|---|---|---|---|---|---|---|---|---|---|---|---|---|---|---|---|---|028|---|---|---|---|---|---|---|---|---|---|---|012|---|---|---|---|---|---|---|---|---|---|---|---|---|---|---|---|---|---|027|027|027|---|---|---|---|---|---|---|---|---|---|---|---|---|---|---|---|---|---|---|---|---|---|---|---|---|---|---|---|---|---|---|---|---|---|---|---|---|
0140: ---|022|---|---|---|---|---|---|000|---|---|---|---|036|036|009|---|---|---|---|---|---|---|---|---|---|---|---|---|---|---|028|---|029|---|---|---|000|---|007|007|---|027|027|027|---|012|---|---|---|---|---|---|---|---|---|---|---|---|---|---|---|021|---|---|---|---|---|---|---|006|---|016|016|016|---|---|---|---|---|---|---|---|---|---|---|---|031|---|---|---|---|004|---|034|---|---|---|---|---|018|---|019|---|---|---|033|---|026|---|---|---|---|---|---|---|---|---|---|---|---|---|---|---|---|---|---|---|---|---|---|---|---|---|---|---|---|---|---|---|---|---|---|---|---|032|---|025|---|---|---|---|---|---|005|---|---|---|---|002|---|---|---|---|---|---|---|---|---|---|---|003|009|---|---|---|---|---|---|---|017|010|010|---|035|---|---|---|---|---|---|---|---|---|---|---|---|---|---|---|---|---|---|---|---|---|---|---|---|---|---|---|---|---|---|---|002|---|010|010|---|---|---|---|---|---|---|---|030|---|---|---|---|---|---|---|---|---|---|---|---|008|---|---|---|---|---|013|---|015|005|---|---|037|---|---|020|---|---|---|---|023|---|---|---|---|---|---|---|---|---|---|---|---|---|---|---|---|---|---|---|---|---|---|---|---|---|---|---|---|008|---|---|---|---|---|---|---|---|---|---|---|---|---|---|---|---|---|---|---|---|---|---|---|---|---|011|---|015|---|014|---|024|---|004|---|---|---|---|---|---|---|---|---|---|---|---|---|---|---|---|---|---|---|---|---|006|---|---|---|---|001|---|---|---|---|---|---|---|---|
0130: ---|005|---|---|---|---|---|---|---|---|---|---|---|---|---|018|002|---|---|---|---|---|---|---|---|015|009|---|---|---|---|027|027|027|---|---|---|---|010|010|---|---|---|---|013|---|---|---|---|---|---|021|---|---|---|---|---|---|---|---|---|---|---|---|---|---|---|---|---|---|---|---|---|030|---|---|011|---|---|---|016|016|016|---|---|---|---|---|---|---|010|010|---|---|037|---|---|022|---|---|---|---|---|---|---|028|---|---|---|---|---|---|034|---|---|---|---|036|036|---|---|---|---|---|---|---|---|---|---|---|---|---|---|---|---|---|---|---|---|---|---|---|---|---|---|008|---|023|---|---|---|---|005|---|---|---|---|---|---|---|---|---|---|---|031|---|---|---|---|---|---|---|---|---|---|---|---|---|015|---|---|008|---|029|---|---|---|012|---|---|000|---|---|---|---|---|---|---|---|---|---|---|---|---|---|---|---|---|---|---|---|---|---|---|---|---|---|020|---|---|032|---|---|019|---|026|---|---|---|---|---|---|004|---|---|---|---|017|---|---|---|009|---|---|---|---|---|---|---|---|---|---|024|---|---|---|---|---|---|---|---|---|---|---|---|---|---|001|---|---|---|---|---|---|---|---|---|---|---|---|---|---|---|---|---|006|006|---|---|---|---|---|---|---|---|---|004|---|---|---|---|---|---|000|---|---|014|---|---|---|---|---|---|---|007|007|---|---|025|002|---|---|---|---|035|---|003|---|---|---|033|---|---|---|---|---|---|---|---|---|---|---|---|---|---|---|---|---|---|---|---|---|---|---|---|---|---|---|---|---|
0104: ---|---|015|---|---|---|---|---|010|010|---|---|---|---|---|---|---|---|---|---|---|037|033|---|---|---|---|015|---|---|---|---|---|017|---|---|---|---|---|002|018|---|032|---|---|011|---|---|---|---|---|---|---|---|---|---|---|---|---|---|---|---|---|---|---|---|---|---|---|---|---|---|---|---|---|---|---|---|---|---|---|---|---|---|---|---|---|---|---|---|---|---|---|020|---|---|---|027|027|027|---|---|---|---|---|---|---|---|---|---|009|---|---|---|035|---|---|---|---|---|---|006|---|---|---|---|---|---|---|---|006|---|---|---|---|---|---|---|---|---|---|---|---|---|036|036|---|---|000|---|---|008|---|---|025|---|---|---|014|---|030|---|---|---|---|---|022|---|016|016|016|---|---|---|---|---|---|---|005|---|---|---|---|---|---|---|---|029|---|000|---|---|---|---|---|---|---|---|---|---|---|---|---|---|---|---|---|---|---|---|---|---|---|---|---|---|---|013|---|007|007|---|---|---|---|---|034|---|---|---|---|---|---|---|---|---|---|005|---|---|---|---|---|---|---|---|---|---|---|019|028|---|---|004|---|010|010|---|---|012|---|---|---|---|---|---|---|---|---|---|---|---|---|---|---|---|---|---|---|---|---|---|---|---|---|---|---|---|024|---|---|---|---|---|---|---|---|---|---|---|---|---|004|---|---|---|---|002|---|---|---|---|---|---|---|---|---|---|---|---|003|009|---|---|---|008|---|---|031|---|023|---|---|026|---|---|---|---|---|021|---|---|---|---|---|---|---|---|---|---|---|---|---|---|---|001|---|---|---|---|
5000 Generations finished after 12745ms
0948: ---|016|016|---|---|---|005|004|---|---|---|---|005|016|016|---|---|---|010|010|000|---|---|---|027|027|027|---|---|---|009|005|008|---|---|---|028|002|008|---|---|---|016|016|016|---|---|---|---|006|---|---|---|---|---|---|---|---|---|---|---|---|---|---|---|---|---|021|---|---|---|---|026|024|---|009|---|---|029|018|002|---|---|---|012|010|010|---|---|---|016|016|016|---|---|---|002|010|010|---|---|---|015|035|016|---|---|---|007|007|---|---|---|---|016|016|016|002|---|---|---|---|006|---|---|---|006|---|---|---|---|---|---|---|---|---|---|---|---|---|---|---|---|---|019|017|004|---|---|---|016|016|016|009|---|---|010|010|---|000|---|---|032|004|---|013|---|---|005|022|004|---|---|---|015|027|027|---|---|---|004|002|027|027|---|---|014|010|010|015|---|---|---|006|---|---|---|---|---|---|---|---|---|---|---|---|---|---|---|---|---|006|---|---|---|---|015|008|---|---|---|---|030|031|---|---|---|---|020|008|---|---|---|---|000|037|---|000|---|---|033|008|---|---|---|---|002|004|---|025|---|---|011|023|---|---|---|---|034|002|---|---|---|---|001|006|---|---|---|---|---|---|---|---|006|---|006|---|---|---|---|---|---|---|---|---|---|---|008|010|010|016|---|---|002|010|010|---|---|---|004|007|---|009|005|---|---|009|007|007|---|---|015|010|010|---|---|---|003|016|016|016|---|---|036|036|000|008|004|---|015|000|008|---|---|---|---|---|---|---|---|---|006|---|---|---|---|---|---|---|---|---|---|---|---|---|---|---|---|---|
0946: 005|016|016|---|---|---|005|004|---|---|---|---|005|016|016|---|---|---|010|010|000|---|---|---|027|027|027|---|---|---|009|005|008|---|---|---|028|002|008|---|---|---|016|016|016|---|---|---|---|006|---|---|---|---|---|---|---|---|---|---|---|---|---|---|---|---|---|021|---|---|---|---|026|024|---|009|---|---|029|---|002|---|---|---|012|010|010|---|---|---|016|016|016|---|---|---|018|010|010|---|---|---|015|035|016|---|---|---|007|007|---|---|---|---|016|016|016|---|---|---|001|---|006|---|---|---|006|---|---|---|---|---|---|---|---|---|---|---|---|---|---|---|---|---|019|017|004|---|---|---|016|016|016|---|---|---|010|010|---|000|---|---|032|004|---|013|---|---|005|022|004|---|---|---|015|027|027|---|---|---|004|002|027|027|---|---|014|010|010|015|---|---|---|006|---|---|---|---|---|---|---|---|---|---|---|---|---|---|---|---|---|006|---|---|---|---|015|008|---|---|---|---|030|031|---|---|---|---|020|008|---|---|---|---|000|037|---|000|---|---|033|008|---|---|---|---|002|004|---|025|---|---|011|023|---|---|---|---|034|002|---|---|---|---|---|006|---|---|---|---|---|---|---|---|006|---|006|---|---|---|---|---|---|---|---|---|---|---|008|010|010|016|---|---|002|010|010|---|---|---|004|007|---|009|005|---|---|---|007|007|---|---|015|010|010|---|---|---|003|016|016|016|---|---|036|036|000|008|004|---|015|000|008|---|---|---|---|---|---|---|---|---|006|---|---|---|---|---|---|---|---|---|---|---|---|---|---|---|---|---|
0946: 005|016|016|---|---|---|005|004|---|---|---|---|005|016|016|---|---|---|010|010|000|---|---|---|027|027|027|---|---|---|009|005|008|---|---|---|028|002|008|---|---|---|016|016|016|---|---|---|---|006|---|---|---|---|---|---|---|---|---|---|---|---|---|---|---|---|---|021|---|---|---|---|026|024|---|009|---|---|029|---|002|---|---|---|012|010|010|---|---|---|016|016|016|---|---|---|018|010|010|---|---|---|015|035|016|---|---|---|007|007|---|---|---|---|016|016|016|---|---|---|---|---|006|---|---|---|006|---|---|---|---|---|---|---|---|---|---|---|---|---|---|---|---|---|019|017|004|---|---|---|016|016|016|---|---|---|010|010|---|000|---|---|032|004|---|013|---|---|005|022|004|---|---|---|015|027|027|---|---|---|004|002|027|027|---|---|014|010|010|015|---|---|---|006|---|---|---|---|---|---|---|---|---|---|---|---|---|---|---|---|---|006|---|---|---|---|015|008|---|---|---|---|030|031|---|---|---|---|020|008|---|---|---|---|000|037|---|000|---|---|033|008|---|---|---|---|002|004|---|025|---|---|011|023|---|---|---|---|034|002|---|---|---|---|001|006|---|---|---|---|---|---|---|---|006|---|006|---|---|---|---|---|---|---|---|---|---|---|008|010|010|016|---|---|002|010|010|---|---|---|004|007|---|009|005|---|---|---|007|007|---|---|015|010|010|---|---|---|003|016|016|016|---|---|036|036|000|008|004|---|015|000|008|---|---|---|---|---|---|---|---|---|006|---|---|---|---|---|---|---|---|---|---|---|---|---|---|---|---|---|
0944: 005|016|016|---|---|---|005|004|---|---|---|---|005|016|016|---|---|---|010|010|000|---|---|---|027|027|027|---|---|---|009|005|008|---|---|---|028|002|008|---|---|---|016|016|016|---|---|---|---|006|---|---|---|---|---|---|---|---|---|---|---|---|---|---|---|---|---|021|---|---|---|---|026|024|---|009|---|---|029|018|002|---|---|---|012|010|010|---|---|---|016|016|016|---|---|---|---|010|010|---|---|---|015|035|016|---|---|---|007|007|---|---|---|---|016|016|016|---|---|---|---|---|006|---|---|---|006|---|---|---|---|---|---|---|---|---|---|---|---|---|---|---|---|---|019|017|004|---|---|---|016|016|016|---|---|---|010|010|---|000|---|---|032|004|---|013|---|---|005|022|004|---|---|---|015|027|027|---|---|---|004|002|027|027|---|---|014|010|010|015|---|---|---|006|---|---|---|---|---|---|---|---|---|---|---|---|---|---|---|---|---|006|---|---|---|---|015|008|---|---|---|---|030|031|---|---|---|---|020|008|---|---|---|---|000|037|---|000|---|---|033|008|---|---|---|---|002|004|---|025|---|---|011|023|---|---|---|---|034|002|---|---|---|---|001|006|---|---|---|---|---|---|---|---|006|---|006|---|---|---|---|---|---|---|---|---|---|---|008|010|010|016|---|---|002|010|010|---|---|---|004|007|---|009|005|---|003|---|007|007|---|---|015|010|010|---|---|---|---|016|016|016|---|---|036|036|000|008|004|---|015|000|008|---|---|---|---|---|---|---|---|---|006|---|---|---|---|---|---|---|---|---|---|---|---|---|---|---|---|---|
0944: 005|016|016|---|---|---|005|004|---|---|---|---|005|016|016|---|---|---|010|010|000|---|---|---|027|027|027|---|---|---|009|005|008|---|---|---|028|002|008|---|---|---|016|016|016|---|---|---|---|006|---|---|---|---|---|---|---|---|---|---|---|---|---|---|---|---|---|021|---|---|---|---|026|024|---|009|---|---|029|018|002|---|---|---|012|010|010|---|---|---|016|016|016|---|---|---|---|010|010|---|---|---|015|035|016|---|---|---|007|007|---|---|---|---|016|016|016|---|---|---|---|---|006|---|---|---|006|---|---|---|---|---|---|---|---|---|---|---|---|---|---|---|---|---|019|017|004|---|---|---|016|016|016|---|---|---|010|010|---|000|---|---|032|004|---|013|---|---|005|022|004|---|---|---|015|027|027|---|---|---|004|002|027|027|---|---|014|010|010|015|---|---|---|006|---|---|---|---|---|---|---|---|---|---|---|---|---|---|---|---|---|006|---|---|---|---|015|008|---|---|---|---|030|031|---|---|---|---|020|008|---|---|---|---|000|037|---|000|---|---|033|008|---|---|---|---|002|004|---|025|---|---|011|023|---|---|---|---|034|002|---|---|---|---|001|006|---|---|---|---|---|---|---|---|006|---|006|---|---|---|---|---|---|---|---|---|---|---|008|010|010|016|---|---|002|010|010|---|---|---|004|007|---|009|005|---|---|---|007|007|---|---|015|010|010|---|---|---|003|016|016|016|---|---|036|036|000|008|004|---|015|000|008|---|---|---|---|---|---|---|---|---|006|---|---|---|---|---|---|---|---|---|---|---|---|---|---|---|---|---|
0942: 005|016|016|---|---|---|005|004|---|---|---|---|005|016|016|---|---|---|010|010|000|---|---|---|027|027|027|---|---|---|009|005|008|---|---|---|028|002|008|---|---|---|016|016|016|---|---|---|---|006|---|---|---|---|---|---|---|---|---|---|---|---|---|---|---|---|---|021|---|---|---|---|026|024|---|009|---|---|029|---|002|---|---|---|012|010|010|---|---|---|016|016|016|---|---|---|018|010|010|---|---|---|015|035|016|---|---|---|007|007|017|---|---|---|016|016|016|---|---|---|---|---|006|---|---|---|006|---|---|---|---|---|---|---|---|---|---|---|---|---|---|---|---|---|019|---|004|---|---|---|016|016|016|---|---|---|010|010|---|000|---|---|032|004|---|013|---|---|005|022|004|---|---|---|015|027|027|---|---|---|004|002|027|027|---|---|014|010|010|015|---|---|---|006|---|---|---|---|---|---|---|---|---|---|---|---|---|---|---|---|---|006|---|---|---|---|015|008|---|---|---|---|030|031|---|---|---|---|020|008|---|---|---|---|000|037|---|000|---|---|033|008|---|---|---|---|002|004|---|025|---|---|011|023|---|---|---|---|034|002|---|---|---|---|001|006|---|---|---|---|---|---|---|---|006|---|006|---|---|---|---|---|---|---|---|---|---|---|008|010|010|016|---|---|002|010|010|---|---|---|004|007|---|009|005|---|---|---|007|007|---|---|015|010|010|---|---|---|003|016|016|016|---|---|036|036|000|008|004|---|015|000|008|---|---|---|---|---|---|---|---|---|006|---|---|---|---|---|---|---|---|---|---|---|---|---|---|---|---|---|
0942: 005|016|016|---|---|---|005|004|---|---|---|---|005|016|016|---|---|---|010|010|000|---|---|---|027|027|027|---|---|---|009|005|008|---|---|---|028|002|008|---|---|---|016|016|016|---|---|---|---|006|---|---|---|---|---|---|---|---|---|---|---|---|---|---|---|---|---|021|---|---|---|---|026|024|---|009|---|---|029|018|002|---|---|---|012|010|010|---|---|---|016|016|016|---|---|---|---|010|010|---|---|---|015|035|016|---|---|---|007|007|---|---|---|---|016|016|016|---|---|---|---|---|006|---|---|---|006|---|---|---|---|---|---|---|---|---|---|---|---|---|---|006|---|---|019|017|004|---|---|---|016|016|016|---|---|---|010|010|---|000|---|---|032|004|---|013|---|---|005|022|004|---|---|---|015|027|027|---|---|---|004|002|027|027|---|---|014|010|010|015|---|---|---|006|---|---|---|---|---|---|---|---|---|---|---|---|---|---|---|---|---|006|---|---|---|---|015|008|---|---|---|---|030|031|---|---|---|---|020|008|---|---|---|---|000|037|---|000|---|---|033|008|---|---|---|---|002|004|---|025|---|---|011|023|---|---|---|---|034|002|---|---|---|---|001|006|---|---|---|---|---|---|---|---|006|---|006|---|---|---|---|---|---|---|---|---|---|---|008|010|010|016|---|---|002|010|010|---|---|---|004|007|---|009|005|---|003|---|007|007|---|---|015|010|010|---|---|---|---|016|016|016|---|---|036|036|000|008|004|---|015|000|008|---|---|---|---|---|---|---|---|---|006|---|---|---|---|---|---|---|---|---|---|---|---|---|---|---|---|---|
0940: 005|016|016|---|---|---|005|004|---|---|---|---|005|016|016|---|---|---|010|010|000|---|---|---|027|027|027|---|---|---|009|005|008|---|---|---|028|002|008|---|---|---|016|016|016|---|---|---|---|006|---|---|---|---|---|---|---|---|---|---|---|---|---|---|---|---|---|021|---|---|---|---|026|024|---|009|---|---|029|---|002|---|---|---|012|010|010|---|---|---|016|016|016|---|---|---|018|010|010|---|---|---|015|035|016|---|---|---|007|007|---|---|---|---|016|016|016|010|010|---|---|---|006|---|---|---|006|---|---|---|---|---|---|---|---|---|---|---|---|---|---|---|---|---|019|017|004|---|---|---|016|016|016|---|---|---|010|010|---|000|---|---|032|004|---|013|---|---|005|022|004|---|---|---|015|027|027|---|---|---|004|002|027|027|---|---|014|010|010|015|---|---|---|006|---|---|---|---|---|---|---|---|---|---|---|---|---|---|---|---|---|006|---|---|---|---|015|008|---|---|---|---|030|031|---|---|---|---|020|008|---|---|---|---|000|037|---|000|---|---|033|008|---|---|---|---|002|004|---|025|---|---|011|023|---|---|---|---|034|002|---|---|---|---|001|006|---|---|---|---|---|---|---|---|006|---|006|---|---|---|---|---|---|---|---|---|---|---|008|010|010|016|---|---|002|010|010|---|---|---|004|007|---|009|005|---|---|---|007|007|---|---|015|010|010|---|---|---|003|016|016|016|---|---|036|036|000|008|004|---|015|000|008|---|---|---|---|---|---|---|---|---|006|---|---|---|---|---|---|---|---|---|---|---|---|---|---|---|---|---|
0940: ---|016|016|---|---|---|005|004|---|---|---|---|005|016|016|---|---|---|010|010|000|---|---|---|027|027|027|---|---|---|009|005|008|---|---|---|028|002|008|---|---|---|016|016|016|---|---|---|---|006|---|---|---|---|---|---|---|---|---|---|---|---|---|---|---|---|---|021|---|---|---|---|026|024|---|009|---|---|029|018|002|---|---|---|012|010|010|---|---|---|016|016|016|---|---|---|---|010|010|---|---|---|015|035|016|---|---|---|007|007|---|---|---|---|016|016|016|---|---|---|---|---|006|---|---|---|006|---|---|---|---|---|---|---|---|---|---|---|---|---|---|---|---|---|019|017|004|---|---|---|016|016|016|009|---|---|010|010|---|000|---|---|032|004|---|013|---|---|005|022|004|---|---|---|015|027|027|---|---|---|004|002|027|027|---|---|014|010|010|015|---|---|---|006|---|---|---|---|---|---|---|---|---|---|---|---|---|---|---|---|---|006|---|---|---|---|015|008|---|---|---|---|030|031|---|---|---|---|020|008|---|---|---|---|000|037|---|000|---|---|033|008|---|---|---|---|002|004|---|025|---|---|011|023|---|---|---|---|034|002|---|---|---|---|001|006|---|---|---|---|---|---|---|---|006|---|006|---|---|---|---|---|---|---|---|---|---|---|008|010|010|016|---|---|002|010|010|---|---|---|004|007|---|009|005|---|---|009|007|007|---|---|015|010|010|---|---|---|003|016|016|016|---|---|036|036|000|008|004|---|015|000|008|---|---|---|---|---|---|---|---|---|006|---|---|---|---|---|---|---|---|---|---|---|---|---|---|---|---|---|
0940: 005|---|016|---|---|---|005|004|---|---|---|---|005|016|016|---|---|---|010|010|000|---|---|---|027|027|027|---|---|---|009|005|008|---|---|---|028|002|008|---|---|---|016|016|016|---|---|---|---|006|---|---|---|---|---|---|---|---|---|---|---|---|---|---|---|---|---|021|---|---|---|---|026|024|---|009|---|---|029|---|002|---|---|---|012|010|010|---|---|---|016|016|016|---|---|---|018|010|010|---|---|---|015|035|016|---|---|---|007|016|016|016|---|---|016|016|016|---|---|---|001|---|006|---|---|---|006|---|---|---|---|---|---|---|---|---|---|---|---|---|---|---|---|---|019|017|004|---|---|---|016|016|016|---|---|---|010|010|---|000|---|---|032|004|---|013|---|---|005|022|004|---|---|---|015|027|027|---|---|---|004|002|027|027|---|---|014|010|010|015|---|---|---|006|---|---|---|---|---|---|---|---|---|---|---|---|---|---|---|---|---|006|---|---|---|---|015|008|---|---|---|---|030|031|---|---|---|---|020|008|---|---|---|---|000|037|---|000|---|---|033|008|---|---|---|---|002|004|---|025|---|---|011|023|---|---|---|---|034|002|---|---|---|---|---|006|---|---|---|---|---|---|---|---|006|---|006|---|---|---|---|---|---|---|---|---|---|---|008|010|010|016|---|---|002|010|010|---|---|---|004|007|---|009|005|---|---|---|007|007|---|---|015|010|010|---|---|---|003|016|016|016|---|---|036|036|000|008|004|---|015|000|008|---|---|---|---|---|---|---|---|---|006|---|---|---|---|---|---|---|---|---|---|---|---|---|---|---|---|---|
0940: 005|016|016|---|---|---|005|004|---|---|---|---|005|016|016|---|---|---|010|010|000|---|---|---|027|027|027|---|---|---|009|005|008|---|---|---|028|002|008|---|---|---|016|016|016|---|---|---|---|006|---|---|---|---|---|---|---|---|---|---|---|---|---|---|---|---|---|021|---|---|---|---|026|024|---|009|---|---|029|018|002|---|---|---|012|010|010|---|---|---|016|016|016|---|---|---|---|010|010|---|---|---|015|035|016|---|---|---|007|007|---|---|---|---|016|016|016|---|---|---|---|---|006|---|---|---|006|---|---|---|---|---|---|---|---|---|---|---|---|---|---|---|---|---|019|017|004|---|---|---|016|016|016|---|---|---|010|010|---|000|---|---|032|004|---|013|---|---|005|022|004|---|---|---|015|027|027|---|---|---|004|002|027|027|---|---|014|010|010|015|---|---|---|006|---|---|---|---|---|---|---|---|---|---|---|---|---|---|---|---|---|006|---|---|---|---|015|008|---|---|---|---|030|031|---|---|---|---|020|008|---|---|---|---|000|037|---|000|---|---|033|008|---|---|---|---|002|004|---|025|---|---|011|023|---|---|---|---|034|002|---|---|009|---|001|006|---|---|---|---|---|---|---|---|006|---|006|---|---|---|---|---|---|---|---|---|---|---|008|010|010|016|---|---|002|010|010|---|---|---|004|007|---|009|005|---|003|---|007|007|---|---|015|010|010|---|---|---|---|016|016|016|---|---|036|036|000|008|004|---|015|000|008|---|---|---|---|---|---|---|---|---|006|---|---|---|---|---|---|---|---|---|---|---|---|---|---|---|---|---|
0940: 030|016|016|---|---|---|005|004|---|---|---|---|005|016|016|---|---|---|010|010|000|---|---|---|027|027|027|---|---|---|009|005|008|---|---|---|028|002|008|---|---|---|016|016|016|---|---|---|---|006|---|---|---|---|---|---|---|---|---|---|---|---|---|---|---|---|---|021|---|---|---|---|026|024|---|009|---|---|029|018|002|013|---|---|012|010|010|---|---|---|016|016|016|---|---|---|---|010|010|---|---|---|015|035|016|---|---|---|007|007|---|---|---|---|016|016|016|---|---|---|---|---|006|---|---|---|006|---|---|---|---|---|---|---|---|---|---|---|---|---|---|---|---|---|019|017|004|---|---|---|016|016|016|---|---|---|010|010|---|000|---|---|032|004|---|---|---|---|005|022|004|---|---|---|015|027|027|---|---|---|004|002|027|027|---|---|014|010|010|015|---|---|---|006|---|---|---|---|---|---|---|---|---|---|---|---|---|---|---|---|---|006|---|---|---|---|015|008|---|---|008|---|---|031|---|---|---|---|020|008|---|---|---|---|000|037|---|000|---|---|033|008|---|---|---|---|002|004|---|025|---|---|011|023|---|---|---|---|034|002|---|---|---|---|001|006|---|---|---|---|---|---|---|---|006|---|006|---|---|---|---|---|---|---|---|---|---|---|008|010|010|016|---|---|002|010|010|---|---|---|004|007|---|009|005|---|015|---|007|007|---|---|015|010|010|---|---|---|003|016|016|016|---|---|036|036|000|008|004|---|015|000|008|---|---|---|---|---|---|---|---|---|006|---|---|---|---|---|---|---|---|---|---|---|---|---|---|---|---|---|
0940: ---|016|016|---|---|---|005|004|---|---|---|---|005|016|016|---|---|---|010|010|000|---|---|---|027|027|027|---|---|---|009|005|008|---|---|---|028|002|008|---|---|---|016|016|016|---|---|---|---|006|---|---|---|---|---|---|---|---|---|---|---|---|---|---|---|---|---|021|---|---|---|---|026|024|---|009|---|---|029|018|002|013|---|---|012|010|010|---|---|---|016|016|016|---|---|---|---|010|010|---|---|---|015|035|016|---|---|---|007|007|---|---|---|---|016|016|016|---|---|---|---|---|006|---|---|---|006|---|---|---|---|---|---|---|---|---|---|---|---|---|---|---|---|---|019|017|004|---|---|---|016|016|016|---|---|---|010|010|---|000|---|---|032|004|---|---|---|---|005|022|004|---|---|---|015|027|027|---|---|---|004|002|027|027|---|---|014|010|010|015|---|---|---|006|---|---|---|---|---|---|---|---|---|---|---|---|---|---|---|---|---|006|---|---|---|---|015|008|---|---|008|---|030|031|---|---|---|---|020|008|---|---|---|---|000|037|---|000|---|---|033|008|---|---|---|---|002|004|---|025|---|---|011|023|---|---|---|---|034|002|---|---|---|---|001|006|---|---|---|---|---|---|---|---|006|---|006|---|---|---|---|---|---|---|---|---|---|---|008|010|010|016|---|---|002|010|010|---|---|---|004|007|---|009|005|---|015|---|007|007|---|---|015|010|010|---|---|---|003|016|016|016|---|---|036|036|000|008|004|---|015|000|008|---|---|---|---|---|---|---|---|---|006|---|---|---|---|---|---|---|---|---|---|---|---|---|---|---|---|---|
0940: 005|---|016|---|---|---|005|004|---|---|---|---|005|016|016|---|---|---|010|010|000|---|---|---|027|027|027|---|---|---|009|005|008|---|---|---|028|002|008|---|---|---|016|016|016|---|---|---|---|006|---|---|---|---|---|---|---|---|---|---|---|---|---|---|---|---|---|021|---|---|---|---|026|024|---|009|---|---|029|---|002|---|---|---|012|010|010|---|---|---|016|016|016|---|---|---|018|010|010|---|---|---|015|035|016|---|---|---|007|016|016|016|---|---|016|016|016|---|---|---|---|---|006|---|---|---|006|---|---|---|---|---|---|---|---|---|---|---|---|---|---|---|---|---|019|017|004|---|---|---|016|016|016|---|---|---|010|010|---|000|---|---|032|004|---|013|---|---|005|022|004|---|---|---|015|027|027|---|---|---|004|002|027|027|---|---|014|010|010|015|---|---|---|006|---|---|---|---|---|---|---|---|---|---|---|---|---|---|---|---|---|006|---|---|---|---|015|008|---|---|---|---|030|031|---|---|---|---|020|008|---|---|---|---|000|037|---|000|---|---|033|008|---|---|---|---|002|004|---|025|---|---|011|023|---|---|---|---|034|002|---|---|---|---|001|006|---|---|---|---|---|---|---|---|006|---|006|---|---|---|---|---|---|---|---|---|---|---|008|010|010|016|---|---|002|010|010|---|---|---|004|007|---|009|005|---|---|---|007|007|---|---|015|010|010|---|---|---|003|016|016|016|---|---|036|036|000|008|004|---|015|000|008|---|---|---|---|---|---|---|---|---|006|---|---|---|---|---|---|---|---|---|---|---|---|---|---|---|---|---|
0938: ---|016|016|---|---|---|005|004|---|---|---|---|005|016|016|---|---|---|010|010|000|---|---|---|027|027|027|---|---|---|009|005|008|---|---|---|028|002|008|---|---|---|016|016|016|---|---|---|---|006|---|---|---|---|---|---|---|---|---|---|---|---|---|---|---|---|---|021|---|---|---|---|026|024|013|009|---|---|029|018|002|---|---|---|012|010|010|---|---|---|016|016|016|---|---|---|---|010|010|---|---|---|015|035|016|---|---|---|007|007|---|---|---|---|016|016|016|---|---|---|---|---|006|---|---|---|006|---|---|---|---|---|---|---|---|---|---|---|---|---|---|---|---|---|019|017|004|---|---|---|016|016|016|---|---|---|010|010|---|000|---|---|032|004|---|---|---|---|005|022|004|---|---|---|015|027|027|---|---|---|004|002|027|027|---|---|014|010|010|015|---|---|---|006|---|---|---|---|---|---|---|---|---|---|---|---|---|---|---|---|---|006|---|---|---|---|015|008|---|004|---|---|030|031|---|---|---|---|020|008|---|---|---|---|000|037|---|000|---|---|033|008|---|---|---|---|002|004|---|025|---|---|011|023|---|---|---|---|034|002|---|---|---|---|001|006|---|---|---|---|---|---|---|---|006|---|006|---|---|---|---|---|---|---|---|---|---|---|008|010|010|016|---|---|002|010|010|---|---|---|004|007|---|009|005|---|---|---|007|007|---|---|015|010|010|---|---|---|003|016|016|016|---|---|036|036|000|008|004|---|015|000|008|---|---|---|---|---|---|---|---|---|006|---|---|---|---|---|---|---|---|---|---|---|---|---|---|---|---|---|
0938: ---|016|016|---|---|---|005|004|---|---|---|---|005|016|016|---|---|---|010|010|000|---|---|---|027|027|027|---|---|---|009|005|008|---|---|---|028|002|008|---|---|---|016|016|016|---|---|---|---|006|---|---|---|---|---|---|---|---|---|---|---|---|---|---|---|---|---|021|---|---|---|---|026|024|---|009|---|---|029|018|002|---|---|---|012|010|010|---|---|---|016|016|016|---|---|---|---|010|010|---|---|---|015|035|016|---|---|---|007|007|---|---|---|---|016|016|016|002|---|---|---|---|006|---|---|---|006|---|---|---|---|---|---|---|---|---|---|---|---|---|---|---|---|---|019|017|004|---|---|---|016|016|016|009|---|---|010|010|---|000|---|---|032|004|---|013|---|---|005|022|004|---|---|---|015|027|027|---|---|---|004|002|027|027|---|---|014|010|010|015|---|---|---|006|---|---|---|---|---|---|---|---|---|---|---|---|---|---|---|---|---|006|---|---|---|---|015|008|---|---|---|---|030|031|---|---|---|---|020|008|---|---|---|---|000|037|---|000|---|---|033|008|---|---|---|---|002|004|---|025|---|---|011|023|---|---|---|---|034|002|---|---|---|---|001|006|---|---|---|---|---|---|---|---|006|---|006|---|---|---|---|---|---|---|---|---|---|---|008|010|010|016|---|---|002|010|010|---|---|---|004|007|---|009|005|---|---|009|007|007|---|---|015|010|010|---|---|---|003|016|016|016|---|---|036|036|000|008|004|---|015|000|008|---|---|---|---|---|---|---|---|---|006|---|---|---|---|---|---|---|---|---|---|---|---|---|---|---|---|---|
0938: ---|016|016|---|---|---|005|004|---|---|---|---|005|016|016|---|---|---|010|010|000|---|---|---|027|027|027|---|---|---|009|005|008|---|---|---|028|002|008|013|---|---|016|016|016|---|---|---|---|006|---|---|---|---|---|---|---|---|---|---|---|---|---|---|---|---|---|021|---|---|---|---|026|024|---|009|---|---|029|018|002|---|---|---|012|010|010|---|---|---|016|016|016|---|---|---|---|010|010|---|---|---|015|035|016|---|---|---|007|007|---|---|---|---|016|016|016|---|---|---|---|---|006|---|---|---|006|---|---|---|---|---|---|---|---|---|---|---|---|---|---|---|---|---|019|017|004|---|---|---|016|016|016|---|---|---|010|010|---|000|---|---|032|004|---|---|---|---|005|022|004|---|---|---|015|027|027|---|---|---|004|002|027|027|---|---|014|010|010|015|---|---|---|006|---|---|---|---|---|---|---|---|---|---|---|---|---|---|---|---|---|006|---|---|---|---|015|008|---|---|008|---|030|031|---|002|---|---|020|008|---|---|---|---|000|037|---|000|---|---|033|008|---|---|---|---|002|004|---|025|---|---|011|023|---|---|---|---|034|002|---|---|---|---|001|006|---|---|---|---|---|---|---|---|006|---|006|---|---|---|---|---|---|---|---|---|---|---|008|010|010|016|---|---|002|010|010|---|---|---|004|007|---|009|005|---|015|---|007|007|---|---|015|010|010|---|---|---|003|016|016|016|---|---|036|036|000|008|004|---|015|000|008|---|---|---|---|---|---|---|---|---|006|---|---|---|---|---|---|---|---|---|---|---|---|---|---|---|---|---|
0938: 005|016|016|---|---|---|005|004|---|---|---|---|005|016|016|---|---|---|010|010|000|---|---|---|027|027|027|---|---|---|009|005|008|---|---|---|028|002|008|---|---|---|016|016|016|---|---|---|---|006|---|---|---|---|---|---|---|---|---|---|---|---|---|---|---|---|---|021|---|---|---|---|026|024|---|009|---|---|029|018|002|---|---|---|012|010|010|009|---|---|016|016|016|---|---|---|---|010|010|---|---|---|015|035|016|---|---|---|007|007|---|---|---|---|016|016|016|---|---|---|---|---|006|---|---|---|006|---|---|---|---|---|---|---|---|---|---|---|---|---|---|---|---|---|019|017|004|---|---|---|016|016|016|---|---|---|010|010|---|000|---|---|032|004|---|013|---|---|005|022|004|---|---|---|015|027|027|---|---|---|004|002|027|027|---|---|014|010|010|015|---|---|---|006|---|---|---|---|---|---|---|---|---|---|---|---|---|---|---|---|---|006|---|---|---|---|015|008|---|---|---|---|030|031|---|---|---|---|020|008|---|---|---|---|000|037|---|000|---|---|033|008|---|---|---|---|002|004|---|025|---|---|011|023|---|---|---|---|034|002|---|---|009|---|001|006|---|---|---|---|---|---|---|---|006|---|006|---|---|---|---|---|---|---|---|---|---|---|008|010|010|016|---|---|002|010|010|---|---|---|004|007|---|009|005|---|003|---|007|007|---|---|015|010|010|---|---|---|---|016|016|016|---|---|036|036|000|008|004|---|015|000|008|---|---|---|---|---|---|---|---|---|006|---|---|---|---|---|---|---|---|---|---|---|---|---|---|---|---|---|
0938: 005|---|016|---|---|---|005|016|016|016|---|---|005|016|016|---|---|---|010|010|000|---|---|---|027|027|027|---|---|---|009|005|008|---|---|---|028|002|008|---|---|---|016|016|016|---|---|---|---|006|---|---|---|---|---|---|---|---|---|---|---|---|---|---|---|---|---|021|---|---|---|---|026|024|---|009|---|---|029|018|002|---|---|---|012|010|010|---|---|---|016|016|016|---|---|---|---|010|010|---|---|---|015|035|016|---|---|---|007|007|---|---|---|---|016|016|016|---|---|---|---|---|006|---|---|---|006|---|---|---|---|---|---|---|---|---|---|---|---|---|---|---|---|---|019|017|004|---|---|---|016|016|016|---|---|---|010|010|---|000|---|---|032|004|---|013|---|---|005|022|004|---|---|---|015|027|027|---|---|---|004|002|027|027|---|---|014|010|010|015|---|---|---|006|---|---|---|---|---|---|---|---|---|---|---|---|---|---|---|---|---|006|---|---|---|---|015|008|---|---|---|---|030|031|---|---|---|---|020|008|---|---|---|---|000|037|---|000|---|---|033|008|---|---|---|---|002|004|---|025|---|---|011|023|---|---|---|---|034|002|---|---|---|---|001|006|---|---|---|---|---|---|---|---|006|---|006|---|---|---|---|---|---|---|---|---|---|---|008|010|010|016|---|---|002|010|010|---|---|---|004|007|---|009|005|---|---|---|007|007|---|---|015|010|010|---|---|---|003|016|016|016|---|---|036|036|000|008|004|---|015|000|008|---|---|---|---|---|---|---|---|---|006|---|---|---|---|---|---|---|---|---|---|---|---|---|---|---|---|---|
0938: 005|016|016|---|---|---|005|004|---|---|---|---|005|016|016|---|---|---|010|010|000|---|---|---|027|027|027|---|---|---|009|005|008|---|---|---|028|002|008|---|---|---|016|016|016|---|---|---|---|006|---|---|---|---|---|---|---|---|---|---|---|---|---|---|---|---|---|021|---|---|---|---|026|024|---|009|---|---|029|---|002|---|---|---|012|010|010|---|---|---|016|016|016|---|---|---|018|010|010|---|---|---|015|035|016|---|---|---|007|007|---|---|---|---|016|016|016|010|010|---|---|---|006|---|---|---|006|---|---|---|---|---|---|---|---|---|---|---|---|---|---|---|---|---|019|017|004|---|---|---|016|016|016|---|---|---|010|010|---|000|---|---|032|004|---|013|---|---|005|022|004|---|---|---|015|027|027|---|---|---|004|002|027|027|---|---|014|010|010|015|---|---|---|006|---|---|---|---|---|---|---|---|---|---|---|---|---|---|---|---|---|006|---|---|---|---|015|008|---|---|---|---|030|031|---|---|---|---|020|008|---|---|---|---|000|037|---|000|---|---|033|008|---|---|---|---|002|004|---|025|---|---|011|023|---|---|---|---|034|002|---|004|---|---|001|006|---|---|---|---|---|---|---|---|006|---|006|---|---|---|---|---|---|---|---|---|---|---|008|010|010|016|---|---|002|010|010|---|---|---|004|007|---|009|005|---|---|---|007|007|---|---|015|010|010|---|---|---|003|016|016|016|---|---|036|036|000|008|004|---|015|000|008|---|---|---|---|---|---|---|---|---|006|---|---|---|---|---|---|---|---|---|---|---|---|---|---|---|---|---|
######################
Alle Professoren
Tag 0---------------
---
---
---
---
---
---
---
---
---
---
---
---
---
---
---
---
---
---
---
---
---
---
---
---
---
---
---
---
---
---
---
---
---
---
---
---
---
---
---
---
---
---
---
---
---
---
---
---
---
---
---
---
---
---
---
---
---
---
---
---
---
---
---
---
---
---
---
---
---
---
---
---
Tag 1---------------
---
---
---
---
---
---
---
---
---
---
---
---
---
---
---
---
---
---
---
---
---
---
---
---
---
---
---
---
---
---
---
---
---
---
---
---
---
---
---
---
---
---
---
---
---
---
---
---
---
---
---
---
---
---
---
---
---
---
---
---
---
---
---
---
---
---
---
---
---
---
---
---
Tag 2---------------
---
---
---
---
---
---
---
---
---
---
---
---
---
---
---
---
---
---
---
---
---
---
---
---
---
---
---
---
---
---
---
---
---
---
---
---
---
---
---
---
---
---
---
---
---
---
---
---
---
---
---
---
---
---
---
---
---
---
---
---
---
---
---
---
---
---
---
---
---
---
---
---
Tag 3---------------
---
---
---
---
---
---
---
---
---
---
---
---
---
---
---
---
---
---
---
---
---
---
---
---
---
---
---
---
---
---
---
---
---
---
---
---
---
---
---
---
---
---
---
---
---
---
---
---
---
---
---
---
---
---
---
---
---
---
---
---
---
---
---
---
---
---
---
---
---
---
---
---
Tag 4---------------
---
---
---
---
---
---
---
---
---
---
---
---
---
---
---
---
---
---
---
---
---
---
---
---
---
---
---
---
---
---
---
---
---
---
---
---
---
---
---
---
---
---
---
---
---
---
---
---
---
---
---
---
---
---
---
---
---
---
---
---
---
---
---
---
---
---
---
---
---
---
---
---

######################

Tag 0---------------
---
---
---
---
---
---
---
---
---
---
---
---
---
---
---
---
---
---
---
---
---
---
---
---
---
---
---
---
---
---
---
---
---
---
---
---
---
---
---
---
---
---
---
---
---
---
---
---
---
---
---
---
---
---
---
---
---
---
---
---
---
---
---
---
---
---
---
---
---
---
---
---
Tag 1---------------
---
---
---
---
---
---
---
---
---
---
---
---
---
---
---
---
---
---
---
---
---
---
---
---
---
---
---
---
---
---
---
---
---
---
---
---
---
---
---
---
---
---
---
---
---
---
---
---
---
---
---
---
---
---
---
---
---
---
---
---
---
---
---
---
---
---
---
---
---
---
---
---
Tag 2---------------
---
---
---
---
---
---
---
---
---
---
---
---
---
---
---
---
---
---
---
---
---
---
---
---
---
---
---
---
---
---
---
---
---
---
---
---
---
---
---
---
---
---
---
---
---
---
---
---
---
---
---
---
---
---
---
---
---
---
---
---
---
---
---
---
---
---
---
---
---
---
---
---
Tag 3---------------
---
---
---
---
---
---
---
---
---
---
---
---
---
---
---
---
---
---
---
---
---
---
---
---
---
---
---
---
---
---
---
---
---
---
---
---
---
---
---
---
---
---
---
---
---
---
---
---
---
---
---
---
---
---
---
---
---
---
---
---
---
---
---
---
---
---
---
---
---
---
---
---
Tag 4---------------
---
---
---
---
---
---
---
---
---
---
---
---
---
---
---
---
---
---
---
---
---
---
---
---
---
---
---
---
---
---
---
---
---
---
---
---
---
---
---
---
---
---
---
---
---
---
---
---
---
---
---
---
---
---
---
---
---
---
---
---
---
---
---
---
---
---
---
---
---
---
---
---

######################
!!Noch nicht angelegt
Tag 0---------------
---
---
---
---
---
---
---
---
---
---
---
---
---
---
---
---
---
---
---
---
---
---
---
---
---
---
---
---
---
---
---
---
---
---
---
---
---
---
---
---
---
---
---
---
---
---
---
---
---
---
---
---
---
---
---
---
---
---
---
---
---
---
---
---
---
---
---
---
---
---
---
---
Tag 1---------------
---
---
---
---
---
---
---
---
---
---
---
---
---
---
---
---
---
---
---
---
---
---
---
---
---
---
---
---
---
---
---
---
---
---
---
---
---
---
---
---
---
---
---
---
---
---
---
---
---
---
---
---
---
---
---
---
---
---
---
---
---
---
---
---
---
---
---
---
---
---
---
---
Tag 2---------------
---
---
---
---
---
---
---
---
---
---
---
---
---
---
---
---
---
---
---
---
---
---
---
---
---
---
---
---
---
---
---
---
---
---
---
---
---
---
---
---
---
---
---
---
---
---
---
---
---
---
---
---
---
---
---
---
---
---
---
---
---
---
---
---
---
---
---
---
---
---
---
---
Tag 3---------------
---
---
---
---
---
---
---
---
---
---
---
---
---
---
---
---
---
---
---
---
---
---
---
---
---
---
---
---
---
---
---
---
---
---
---
---
---
---
---
---
---
---
---
---
---
---
---
---
---
---
---
---
---
---
---
---
---
---
---
---
---
---
---
---
---
---
---
---
---
---
---
---
Tag 4---------------
---
---
---
---
---
---
---
---
---
---
---
---
---
---
---
---
---
---
---
---
---
---
---
---
---
---
---
---
---
---
---
---
---
---
---
---
---
---
---
---
---
---
---
---
---
---
---
---
---
---
---
---
---
---
---
---
---
---
---
---
---
---
---
---
---
---
---
---
---
---
---
---

######################
Bröckl
Tag 0---------------
---
---
---
---
---
---
---
---
---
---
---
---
---
---
---
---
---
---
---
---
---
---
---
---
---
---
---
---
---
---
---
---
---
---
---
---
---
---
---
---
---
---
---
---
---
---
---
---
---
---
---
---
---
---
---
---
---
---
---
---
---
---
---
---
---
---
---
---
---
---
---
---
Tag 1---------------
---
---
---
---
---
---
---
---
---
---
---
---
---
---
---
---
---
---
---
---
---
---
---
---
---
---
---
---
---
---
---
---
---
---
---
---
---
---
---
---
---
---
---
---
---
---
---
---
---
---
---
---
---
---
---
---
---
---
---
---
---
---
---
---
---
---
---
---
---
---
---
---
Tag 2---------------
---
---
---
---
---
---
---
---
---
---
---
---
---
---
---
---
---
---
---
---
---
---
---
---
---
---
---
---
---
---
---
---
---
---
---
---
---
---
---
---
---
---
---
---
---
---
---
---
---
---
---
---
---
---
---
---
---
---
---
---
---
---
---
---
---
---
---
---
---
---
---
---
Tag 3---------------
---
---
---
---
---
---
---
---
---
---
---
---
---
---
---
---
---
---
---
---
---
---
---
---
---
---
---
---
---
---
---
---
---
---
---
---
---
---
---
---
---
---
---
---
---
---
---
---
---
---
---
---
---
---
---
---
---
---
---
---
---
---
---
---
---
---
---
---
---
---
---
---
Tag 4---------------
---
---
---
---
---
---
---
---
---
---
---
---
---
---
---
---
---
---
---
---
---
---
---
---
---
---
---
---
---
---
---
---
---
---
---
---
---
---
---
---
---
---
---
---
---
---
---
---
---
---
---
---
---
---
---
---
---
---
---
---
---
---
---
---
---
---
---
---
---
---
---
---

######################
Ditzinger
Tag 0---------------
---
---
---
---
---
---
---
---
---
---
---
---
---
---
---
---
---
---
---
---
---
---
---
---
---
---
---
---
---
---
---
---
---
---
---
---
---
---
---
---
---
---
---
---
---
---
---
---
---
---
---
---
---
---
---
---
---
---
---
---
---
---
---
---
---
---
---
---
---
---
---
---
Tag 1---------------
---
---
---
---
---
---
---
---
---
---
---
---
---
---
---
---
---
---
---
---
---
---
---
---
---
---
---
---
---
---
---
---
---
---
---
---
---
---
---
---
---
---
---
---
---
---
---
---
---
---
---
---
---
---
---
---
---
---
---
---
---
---
---
---
---
---
---
---
---
---
---
---
Tag 2---------------
---
---
---
---
---
---
---
---
---
---
---
---
---
---
---
---
---
---
---
---
---
---
---
---
---
---
---
---
---
---
---
---
---
---
---
---
---
---
---
---
---
---
---
---
---
---
---
---
---
---
---
---
---
---
---
---
---
---
---
---
---
---
---
---
---
---
---
---
---
---
---
---
Tag 3---------------
---
---
---
---
---
---
---
---
---
---
---
---
---
---
---
---
---
---
---
---
---
---
---
---
---
---
---
---
---
---
---
---
---
---
---
---
---
---
---
---
---
---
---
---
---
---
---
---
---
---
---
---
---
---
---
---
---
---
---
---
---
---
---
---
---
---
---
---
---
---
---
---
Tag 4---------------
---
---
---
---
---
---
---
---
---
---
---
---
---
---
---
---
---
---
---
---
---
---
---
---
---
---
---
---
---
---
---
---
---
---
---
---
---
---
---
---
---
---
---
---
---
---
---
---
---
---
---
---
---
---
---
---
---
---
---
---
---
---
---
---
---
---
---
---
---
---
---
---

######################
Dübon
Tag 0---------------
---
---
---
---
---
---
---
---
---
---
---
---
---
---
---
---
---
---
---
---
---
---
---
---
---
---
---
---
---
---
---
---
---
---
---
---
---
---
---
---
---
---
---
---
---
---
---
---
---
---
---
---
---
---
---
---
---
---
---
---
---
---
---
---
---
---
---
---
---
---
---
---
Tag 1---------------
---
---
---
---
---
---
---
---
---
---
---
---
---
---
---
---
---
---
---
---
---
---
---
---
---
---
---
---
---
---
---
---
---
---
---
---
---
---
---
---
---
---
---
---
---
---
---
---
---
---
---
---
---
---
---
---
---
---
---
---
---
---
---
---
---
---
---
---
---
---
---
---
Tag 2---------------
---
---
---
---
---
---
---
---
---
---
---
---
---
---
---
---
---
---
---
---
---
---
---
---
---
---
---
---
---
---
---
---
---
---
---
---
---
---
---
---
---
---
---
---
---
---
---
---
---
---
---
---
---
---
---
---
---
---
---
---
---
---
---
---
---
---
---
---
---
---
---
---
Tag 3---------------
---
---
---
---
---
---
---
---
---
---
---
---
---
---
---
---
---
---
---
---
---
---
---
---
---
---
---
---
---
---
---
---
---
---
---
---
---
---
---
---
---
---
---
---
---
---
---
---
---
---
---
---
---
---
---
---
---
---
---
---
---
---
---
---
---
---
---
---
---
---
---
---
Tag 4---------------
---
---
---
---
---
---
---
---
---
---
---
---
---
---
---
---
---
---
---
---
---
---
---
---
---
---
---
---
---
---
---
---
---
---
---
---
---
---
---
---
---
---
---
---
---
---
---
---
---
---
---
---
---
---
---
---
---
---
---
---
---
---
---
---
---
---
---
---
---
---
---
---

######################
Fuchß
Tag 0---------------
---
---
---
---
---
---
---
---
---
---
---
---
---
---
---
---
---
---
---
---
---
---
---
---
---
---
---
---
---
---
---
---
---
---
---
---
---
---
---
---
---
---
---
---
---
---
---
---
---
---
---
---
---
---
---
---
---
---
---
---
---
---
---
---
---
---
---
---
---
---
---
---
Tag 1---------------
---
---
---
---
---
---
---
---
---
---
---
---
---
---
---
---
---
---
---
---
---
---
---
---
---
---
---
---
---
---
---
---
---
---
---
---
---
---
---
---
---
---
---
---
---
---
---
---
---
---
---
---
---
---
---
---
---
---
---
---
---
---
---
---
---
---
---
---
---
---
---
---
Tag 2---------------
---
---
---
---
---
---
---
---
---
---
---
---
---
---
---
---
---
---
---
---
---
---
---
---
---
---
---
---
---
---
---
---
---
---
---
---
---
---
---
---
---
---
---
---
---
---
---
---
---
---
---
---
---
---
---
---
---
---
---
---
---
---
---
---
---
---
---
---
---
---
---
---
Tag 3---------------
---
---
---
---
---
---
---
---
---
---
---
---
---
---
---
---
---
---
---
---
---
---
---
---
---
---
---
---
---
---
---
---
---
---
---
---
---
---
---
---
---
---
---
---
---
---
---
---
---
---
---
---
---
---
---
---
---
---
---
---
---
---
---
---
---
---
---
---
---
---
---
---
Tag 4---------------
---
---
---
---
---
---
---
---
---
---
---
---
---
---
---
---
---
---
---
---
---
---
---
---
---
---
---
---
---
---
---
---
---
---
---
---
---
---
---
---
---
---
---
---
---
---
---
---
---
---
---
---
---
---
---
---
---
---
---
---
---
---
---
---
---
---
---
---
---
---
---
---

######################
Gmeiner
Tag 0---------------
---
---
---
---
---
---
---
---
---
---
---
---
---
---
---
---
---
---
---
---
---
---
---
---
---
---
---
---
---
---
---
---
---
---
---
---
---
---
---
---
---
---
---
---
---
---
---
---
---
---
---
---
---
---
---
---
---
---
---
---
---
---
---
---
---
---
---
---
---
---
---
---
Tag 1---------------
---
---
---
---
---
---
---
---
---
---
---
---
---
---
---
---
---
---
---
---
---
---
---
---
---
---
---
---
---
---
---
---
---
---
---
---
---
---
---
---
---
---
---
---
---
---
---
---
---
---
---
---
---
---
---
---
---
---
---
---
---
---
---
---
---
---
---
---
---
---
---
---
Tag 2---------------
---
---
---
---
---
---
---
---
---
---
---
---
---
---
---
---
---
---
---
---
---
---
---
---
---
---
---
---
---
---
---
---
---
---
---
---
---
---
---
---
---
---
---
---
---
---
---
---
---
---
---
---
---
---
---
---
---
---
---
---
---
---
---
---
---
---
---
---
---
---
---
---
Tag 3---------------
---
---
---
---
---
---
---
---
---
---
---
---
---
---
---
---
---
---
---
---
---
---
---
---
---
---
---
---
---
---
---
---
---
---
---
---
---
---
---
---
---
---
---
---
---
---
---
---
---
---
---
---
---
---
---
---
---
---
---
---
---
---
---
---
---
---
---
---
---
---
---
---
Tag 4---------------
---
---
---
---
---
---
---
---
---
---
---
---
---
---
---
---
---
---
---
---
---
---
---
---
---
---
---
---
---
---
---
---
---
---
---
---
---
---
---
---
---
---
---
---
---
---
---
---
---
---
---
---
---
---
---
---
---
---
---
---
---
---
---
---
---
---
---
---
---
---
---
---

######################
Graf
Tag 0---------------
---
---
---
---
---
---
---
---
---
---
---
---
---
---
---
---
---
---
---
---
---
---
---
---
---
---
---
---
---
---
---
---
---
---
---
---
---
---
---
---
---
---
---
---
---
---
---
---
---
---
---
---
---
---
---
---
---
---
---
---
---
---
---
---
---
---
---
---
---
---
---
---
Tag 1---------------
---
---
---
---
---
---
---
---
---
---
---
---
---
---
---
---
---
---
---
---
---
---
---
---
---
---
---
---
---
---
---
---
---
---
---
---
---
---
---
---
---
---
---
---
---
---
---
---
---
---
---
---
---
---
---
---
---
---
---
---
---
---
---
---
---
---
---
---
---
---
---
---
Tag 2---------------
---
---
---
---
---
---
---
---
---
---
---
---
---
---
---
---
---
---
---
---
---
---
---
---
---
---
---
---
---
---
---
---
---
---
---
---
---
---
---
---
---
---
---
---
---
---
---
---
---
---
---
---
---
---
---
---
---
---
---
---
---
---
---
---
---
---
---
---
---
---
---
---
Tag 3---------------
---
---
---
---
---
---
---
---
---
---
---
---
---
---
---
---
---
---
---
---
---
---
---
---
---
---
---
---
---
---
---
---
---
---
---
---
---
---
---
---
---
---
---
---
---
---
---
---
---
---
---
---
---
---
---
---
---
---
---
---
---
---
---
---
---
---
---
---
---
---
---
---
Tag 4---------------
---
---
---
---
---
---
---
---
---
---
---
---
---
---
---
---
---
---
---
---
---
---
---
---
---
---
---
---
---
---
---
---
---
---
---
---
---
---
---
---
---
---
---
---
---
---
---
---
---
---
---
---
---
---
---
---
---
---
---
---
---
---
---
---
---
---
---
---
---
---
---
---

######################
Gremminger
Tag 0---------------
---
---
---
---
---
---
---
---
---
---
---
---
---
---
---
---
---
---
---
---
---
---
---
---
---
---
---
---
---
---
---
---
---
---
---
---
---
---
---
---
---
---
---
---
---
---
---
---
---
---
---
---
---
---
---
---
---
---
---
---
---
---
---
---
---
---
---
---
---
---
---
---
Tag 1---------------
---
---
---
---
---
---
---
---
---
---
---
---
---
---
---
---
---
---
---
---
---
---
---
---
---
---
---
---
---
---
---
---
---
---
---
---
---
---
---
---
---
---
---
---
---
---
---
---
---
---
---
---
---
---
---
---
---
---
---
---
---
---
---
---
---
---
---
---
---
---
---
---
Tag 2---------------
---
---
---
---
---
---
---
---
---
---
---
---
---
---
---
---
---
---
---
---
---
---
---
---
---
---
---
---
---
---
---
---
---
---
---
---
---
---
---
---
---
---
---
---
---
---
---
---
---
---
---
---
---
---
---
---
---
---
---
---
---
---
---
---
---
---
---
---
---
---
---
---
Tag 3---------------
---
---
---
---
---
---
---
---
---
---
---
---
---
---
---
---
---
---
---
---
---
---
---
---
---
---
---
---
---
---
---
---
---
---
---
---
---
---
---
---
---
---
---
---
---
---
---
---
---
---
---
---
---
---
---
---
---
---
---
---
---
---
---
---
---
---
---
---
---
---
---
---
Tag 4---------------
---
---
---
---
---
---
---
---
---
---
---
---
---
---
---
---
---
---
---
---
---
---
---
---
---
---
---
---
---
---
---
---
---
---
---
---
---
---
---
---
---
---
---
---
---
---
---
---
---
---
---
---
---
---
---
---
---
---
---
---
---
---
---
---
---
---
---
---
---
---
---
---

######################
Haneke
Tag 0---------------
---
---
---
---
---
---
---
---
---
---
---
---
---
---
---
---
---
---
---
---
---
---
---
---
---
---
---
---
---
---
---
---
---
---
---
---
---
---
---
---
---
---
---
---
---
---
---
---
---
---
---
---
---
---
---
---
---
---
---
---
---
---
---
---
---
---
---
---
---
---
---
---
Tag 1---------------
---
---
---
---
---
---
---
---
---
---
---
---
---
---
---
---
---
---
---
---
---
---
---
---
---
---
---
---
---
---
---
---
---
---
---
---
---
---
---
---
---
---
---
---
---
---
---
---
---
---
---
---
---
---
---
---
---
---
---
---
---
---
---
---
---
---
---
---
---
---
---
---
Tag 2---------------
---
---
---
---
---
---
---
---
---
---
---
---
---
---
---
---
---
---
---
---
---
---
---
---
---
---
---
---
---
---
---
---
---
---
---
---
---
---
---
---
---
---
---
---
---
---
---
---
---
---
---
---
---
---
---
---
---
---
---
---
---
---
---
---
---
---
---
---
---
---
---
---
Tag 3---------------
---
---
---
---
---
---
---
---
---
---
---
---
---
---
---
---
---
---
---
---
---
---
---
---
---
---
---
---
---
---
---
---
---
---
---
---
---
---
---
---
---
---
---
---
---
---
---
---
---
---
---
---
---
---
---
---
---
---
---
---
---
---
---
---
---
---
---
---
---
---
---
---
Tag 4---------------
---
---
---
---
---
---
---
---
---
---
---
---
---
---
---
---
---
---
---
---
---
---
---
---
---
---
---
---
---
---
---
---
---
---
---
---
---
---
---
---
---
---
---
---
---
---
---
---
---
---
---
---
---
---
---
---
---
---
---
---
---
---
---
---
---
---
---
---
---
---
---
---

######################
Heberle
Tag 0---------------
---
---
---
---
---
---
---
---
---
---
---
---
---
---
---
---
---
---
---
---
---
---
---
---
---
---
---
---
---
---
---
---
---
---
---
---
---
---
---
---
---
---
---
---
---
---
---
---
---
---
---
---
---
---
---
---
---
---
---
---
---
---
---
---
---
---
---
---
---
---
---
---
Tag 1---------------
---
---
---
---
---
---
---
---
---
---
---
---
---
---
---
---
---
---
---
---
---
---
---
---
---
---
---
---
---
---
---
---
---
---
---
---
---
---
---
---
---
---
---
---
---
---
---
---
---
---
---
---
---
---
---
---
---
---
---
---
---
---
---
---
---
---
---
---
---
---
---
---
Tag 2---------------
---
---
---
---
---
---
---
---
---
---
---
---
---
---
---
---
---
---
---
---
---
---
---
---
---
---
---
---
---
---
---
---
---
---
---
---
---
---
---
---
---
---
---
---
---
---
---
---
---
---
---
---
---
---
---
---
---
---
---
---
---
---
---
---
---
---
---
---
---
---
---
---
Tag 3---------------
---
---
---
---
---
---
---
---
---
---
---
---
---
---
---
---
---
---
---
---
---
---
---
---
---
---
---
---
---
---
---
---
---
---
---
---
---
---
---
---
---
---
---
---
---
---
---
---
---
---
---
---
---
---
---
---
---
---
---
---
---
---
---
---
---
---
---
---
---
---
---
---
Tag 4---------------
---
---
---
---
---
---
---
---
---
---
---
---
---
---
---
---
---
---
---
---
---
---
---
---
---
---
---
---
---
---
---
---
---
---
---
---
---
---
---
---
---
---
---
---
---
---
---
---
---
---
---
---
---
---
---
---
---
---
---
---
---
---
---
---
---
---
---
---
---
---
---
---

######################
Henning
Tag 0---------------
---
---
---
---
---
---
---
---
---
---
---
---
---
---
---
---
---
---
---
---
---
---
---
---
---
---
---
---
---
---
---
---
---
---
---
---
---
---
---
---
---
---
---
---
---
---
---
---
---
---
---
---
---
---
---
---
---
---
---
---
---
---
---
---
---
---
---
---
---
---
---
---
Tag 1---------------
---
---
---
---
---
---
---
---
---
---
---
---
---
---
---
---
---
---
---
---
---
---
---
---
---
---
---
---
---
---
---
---
---
---
---
---
---
---
---
---
---
---
---
---
---
---
---
---
---
---
---
---
---
---
---
---
---
---
---
---
---
---
---
---
---
---
---
---
---
---
---
---
Tag 2---------------
---
---
---
---
---
---
---
---
---
---
---
---
---
---
---
---
---
---
---
---
---
---
---
---
---
---
---
---
---
---
---
---
---
---
---
---
---
---
---
---
---
---
---
---
---
---
---
---
---
---
---
---
---
---
---
---
---
---
---
---
---
---
---
---
---
---
---
---
---
---
---
---
Tag 3---------------
---
---
---
---
---
---
---
---
---
---
---
---
---
---
---
---
---
---
---
---
---
---
---
---
---
---
---
---
---
---
---
---
---
---
---
---
---
---
---
---
---
---
---
---
---
---
---
---
---
---
---
---
---
---
---
---
---
---
---
---
---
---
---
---
---
---
---
---
---
---
---
---
Tag 4---------------
---
---
---
---
---
---
---
---
---
---
---
---
---
---
---
---
---
---
---
---
---
---
---
---
---
---
---
---
---
---
---
---
---
---
---
---
---
---
---
---
---
---
---
---
---
---
---
---
---
---
---
---
---
---
---
---
---
---
---
---
---
---
---
---
---
---
---
---
---
---
---
---

######################
Hoffmann
Tag 0---------------
---
---
---
---
---
---
---
---
---
---
---
---
---
---
---
---
---
---
---
---
---
---
---
---
---
---
---
---
---
---
---
---
---
---
---
---
---
---
---
---
---
---
---
---
---
---
---
---
---
---
---
---
---
---
---
---
---
---
---
---
---
---
---
---
---
---
---
---
---
---
---
---
Tag 1---------------
---
---
---
---
---
---
---
---
---
---
---
---
---
---
---
---
---
---
---
---
---
---
---
---
---
---
---
---
---
---
---
---
---
---
---
---
---
---
---
---
---
---
---
---
---
---
---
---
---
---
---
---
---
---
---
---
---
---
---
---
---
---
---
---
---
---
---
---
---
---
---
---
Tag 2---------------
---
---
---
---
---
---
---
---
---
---
---
---
---
---
---
---
---
---
---
---
---
---
---
---
---
---
---
---
---
---
---
---
---
---
---
---
---
---
---
---
---
---
---
---
---
---
---
---
---
---
---
---
---
---
---
---
---
---
---
---
---
---
---
---
---
---
---
---
---
---
---
---
Tag 3---------------
---
---
---
---
---
---
---
---
---
---
---
---
---
---
---
---
---
---
---
---
---
---
---
---
---
---
---
---
---
---
---
---
---
---
---
---
---
---
---
---
---
---
---
---
---
---
---
---
---
---
---
---
---
---
---
---
---
---
---
---
---
---
---
---
---
---
---
---
---
---
---
---
Tag 4---------------
---
---
---
---
---
---
---
---
---
---
---
---
---
---
---
---
---
---
---
---
---
---
---
---
---
---
---
---
---
---
---
---
---
---
---
---
---
---
---
---
---
---
---
---
---
---
---
---
---
---
---
---
---
---
---
---
---
---
---
---
---
---
---
---
---
---
---
---
---
---
---
---

######################
Hofmann
Tag 0---------------
---
---
---
---
---
---
---
---
---
---
---
---
---
---
---
---
---
---
---
---
---
---
---
---
---
---
---
---
---
---
---
---
---
---
---
---
---
---
---
---
---
---
---
---
---
---
---
---
---
---
---
---
---
---
---
---
---
---
---
---
---
---
---
---
---
---
---
---
---
---
---
---
Tag 1---------------
---
---
---
---
---
---
---
---
---
---
---
---
---
---
---
---
---
---
---
---
---
---
---
---
---
---
---
---
---
---
---
---
---
---
---
---
---
---
---
---
---
---
---
---
---
---
---
---
---
---
---
---
---
---
---
---
---
---
---
---
---
---
---
---
---
---
---
---
---
---
---
---
Tag 2---------------
---
---
---
---
---
---
---
---
---
---
---
---
---
---
---
---
---
---
---
---
---
---
---
---
---
---
---
---
---
---
---
---
---
---
---
---
---
---
---
---
---
---
---
---
---
---
---
---
---
---
---
---
---
---
---
---
---
---
---
---
---
---
---
---
---
---
---
---
---
---
---
---
Tag 3---------------
---
---
---
---
---
---
---
---
---
---
---
---
---
---
---
---
---
---
---
---
---
---
---
---
---
---
---
---
---
---
---
---
---
---
---
---
---
---
---
---
---
---
---
---
---
---
---
---
---
---
---
---
---
---
---
---
---
---
---
---
---
---
---
---
---
---
---
---
---
---
---
---
Tag 4---------------
---
---
---
---
---
---
---
---
---
---
---
---
---
---
---
---
---
---
---
---
---
---
---
---
---
---
---
---
---
---
---
---
---
---
---
---
---
---
---
---
---
---
---
---
---
---
---
---
---
---
---
---
---
---
---
---
---
---
---
---
---
---
---
---
---
---
---
---
---
---
---
---

######################
Hüttel
Tag 0---------------
---
---
---
---
---
---
---
---
---
---
---
---
---
---
---
---
---
---
---
---
---
---
---
---
---
---
---
---
---
---
---
---
---
---
---
---
---
---
---
---
---
---
---
---
---
---
---
---
---
---
---
---
---
---
---
---
---
---
---
---
---
---
---
---
---
---
---
---
---
---
---
---
Tag 1---------------
---
---
---
---
---
---
---
---
---
---
---
---
---
---
---
---
---
---
---
---
---
---
---
---
---
---
---
---
---
---
---
---
---
---
---
---
---
---
---
---
---
---
---
---
---
---
---
---
---
---
---
---
---
---
---
---
---
---
---
---
---
---
---
---
---
---
---
---
---
---
---
---
Tag 2---------------
---
---
---
---
---
---
---
---
---
---
---
---
---
---
---
---
---
---
---
---
---
---
---
---
---
---
---
---
---
---
---
---
---
---
---
---
---
---
---
---
---
---
---
---
---
---
---
---
---
---
---
---
---
---
---
---
---
---
---
---
---
---
---
---
---
---
---
---
---
---
---
---
Tag 3---------------
---
---
---
---
---
---
---
---
---
---
---
---
---
---
---
---
---
---
---
---
---
---
---
---
---
---
---
---
---
---
---
---
---
---
---
---
---
---
---
---
---
---
---
---
---
---
---
---
---
---
---
---
---
---
---
---
---
---
---
---
---
---
---
---
---
---
---
---
---
---
---
---
Tag 4---------------
---
---
---
---
---
---
---
---
---
---
---
---
---
---
---
---
---
---
---
---
---
---
---
---
---
---
---
---
---
---
---
---
---
---
---
---
---
---
---
---
---
---
---
---
---
---
---
---
---
---
---
---
---
---
---
---
---
---
---
---
---
---
---
---
---
---
---
---
---
---
---
---

######################
Körner
Tag 0---------------
---
---
---
---
---
---
---
---
---
---
---
---
---
---
---
---
---
---
---
---
---
---
---
---
---
---
---
---
---
---
---
---
---
---
---
---
---
---
---
---
---
---
---
---
---
---
---
---
---
---
---
---
---
---
---
---
---
---
---
---
---
---
---
---
---
---
---
---
---
---
---
---
Tag 1---------------
---
---
---
---
---
---
---
---
---
---
---
---
---
---
---
---
---
---
---
---
---
---
---
---
---
---
---
---
---
---
---
---
---
---
---
---
---
---
---
---
---
---
---
---
---
---
---
---
---
---
---
---
---
---
---
---
---
---
---
---
---
---
---
---
---
---
---
---
---
---
---
---
Tag 2---------------
---
---
---
---
---
---
---
---
---
---
---
---
---
---
---
---
---
---
---
---
---
---
---
---
---
---
---
---
---
---
---
---
---
---
---
---
---
---
---
---
---
---
---
---
---
---
---
---
---
---
---
---
---
---
---
---
---
---
---
---
---
---
---
---
---
---
---
---
---
---
---
---
Tag 3---------------
---
---
---
---
---
---
---
---
---
---
---
---
---
---
---
---
---
---
---
---
---
---
---
---
---
---
---
---
---
---
---
---
---
---
---
---
---
---
---
---
---
---
---
---
---
---
---
---
---
---
---
---
---
---
---
---
---
---
---
---
---
---
---
---
---
---
---
---
---
---
---
---
Tag 4---------------
---
---
---
---
---
---
---
---
---
---
---
---
---
---
---
---
---
---
---
---
---
---
---
---
---
---
---
---
---
---
---
---
---
---
---
---
---
---
---
---
---
---
---
---
---
---
---
---
---
---
---
---
---
---
---
---
---
---
---
---
---
---
---
---
---
---
---
---
---
---
---
---

######################
Laubenheimer
Tag 0---------------
---
---
---
---
---
---
---
---
---
---
---
---
---
---
---
---
---
---
---
---
---
---
---
---
---
---
---
---
---
---
---
---
---
---
---
---
---
---
---
---
---
---
---
---
---
---
---
---
---
---
---
---
---
---
---
---
---
---
---
---
---
---
---
---
---
---
---
---
---
---
---
---
Tag 1---------------
---
---
---
---
---
---
---
---
---
---
---
---
---
---
---
---
---
---
---
---
---
---
---
---
---
---
---
---
---
---
---
---
---
---
---
---
---
---
---
---
---
---
---
---
---
---
---
---
---
---
---
---
---
---
---
---
---
---
---
---
---
---
---
---
---
---
---
---
---
---
---
---
Tag 2---------------
---
---
---
---
---
---
---
---
---
---
---
---
---
---
---
---
---
---
---
---
---
---
---
---
---
---
---
---
---
---
---
---
---
---
---
---
---
---
---
---
---
---
---
---
---
---
---
---
---
---
---
---
---
---
---
---
---
---
---
---
---
---
---
---
---
---
---
---
---
---
---
---
Tag 3---------------
---
---
---
---
---
---
---
---
---
---
---
---
---
---
---
---
---
---
---
---
---
---
---
---
---
---
---
---
---
---
---
---
---
---
---
---
---
---
---
---
---
---
---
---
---
---
---
---
---
---
---
---
---
---
---
---
---
---
---
---
---
---
---
---
---
---
---
---
---
---
---
---
Tag 4---------------
---
---
---
---
---
---
---
---
---
---
---
---
---
---
---
---
---
---
---
---
---
---
---
---
---
---
---
---
---
---
---
---
---
---
---
---
---
---
---
---
---
---
---
---
---
---
---
---
---
---
---
---
---
---
---
---
---
---
---
---
---
---
---
---
---
---
---
---
---
---
---
---

######################
Link
Tag 0---------------
---
---
---
---
---
---
---
---
---
---
---
---
---
---
---
---
---
---
---
---
---
---
---
---
---
---
---
---
---
---
---
---
---
---
---
---
---
---
---
---
---
---
---
---
---
---
---
---
---
---
---
---
---
---
---
---
---
---
---
---
---
---
---
---
---
---
---
---
---
---
---
---
Tag 1---------------
---
---
---
---
---
---
---
---
---
---
---
---
---
---
---
---
---
---
---
---
---
---
---
---
---
---
---
---
---
---
---
---
---
---
---
---
---
---
---
---
---
---
---
---
---
---
---
---
---
---
---
---
---
---
---
---
---
---
---
---
---
---
---
---
---
---
---
---
---
---
---
---
Tag 2---------------
---
---
---
---
---
---
---
---
---
---
---
---
---
---
---
---
---
---
---
---
---
---
---
---
---
---
---
---
---
---
---
---
---
---
---
---
---
---
---
---
---
---
---
---
---
---
---
---
---
---
---
---
---
---
---
---
---
---
---
---
---
---
---
---
---
---
---
---
---
---
---
---
Tag 3---------------
---
---
---
---
---
---
---
---
---
---
---
---
---
---
---
---
---
---
---
---
---
---
---
---
---
---
---
---
---
---
---
---
---
---
---
---
---
---
---
---
---
---
---
---
---
---
---
---
---
---
---
---
---
---
---
---
---
---
---
---
---
---
---
---
---
---
---
---
---
---
---
---
Tag 4---------------
---
---
---
---
---
---
---
---
---
---
---
---
---
---
---
---
---
---
---
---
---
---
---
---
---
---
---
---
---
---
---
---
---
---
---
---
---
---
---
---
---
---
---
---
---
---
---
---
---
---
---
---
---
---
---
---
---
---
---
---
---
---
---
---
---
---
---
---
---
---
---
---

######################
Martin
Tag 0---------------
---
---
---
---
---
---
---
---
---
---
---
---
---
---
---
---
---
---
---
---
---
---
---
---
---
---
---
---
---
---
---
---
---
---
---
---
---
---
---
---
---
---
---
---
---
---
---
---
---
---
---
---
---
---
---
---
---
---
---
---
---
---
---
---
---
---
---
---
---
---
---
---
Tag 1---------------
---
---
---
---
---
---
---
---
---
---
---
---
---
---
---
---
---
---
---
---
---
---
---
---
---
---
---
---
---
---
---
---
---
---
---
---
---
---
---
---
---
---
---
---
---
---
---
---
---
---
---
---
---
---
---
---
---
---
---
---
---
---
---
---
---
---
---
---
---
---
---
---
Tag 2---------------
---
---
---
---
---
---
---
---
---
---
---
---
---
---
---
---
---
---
---
---
---
---
---
---
---
---
---
---
---
---
---
---
---
---
---
---
---
---
---
---
---
---
---
---
---
---
---
---
---
---
---
---
---
---
---
---
---
---
---
---
---
---
---
---
---
---
---
---
---
---
---
---
Tag 3---------------
---
---
---
---
---
---
---
---
---
---
---
---
---
---
---
---
---
---
---
---
---
---
---
---
---
---
---
---
---
---
---
---
---
---
---
---
---
---
---
---
---
---
---
---
---
---
---
---
---
---
---
---
---
---
---
---
---
---
---
---
---
---
---
---
---
---
---
---
---
---
---
---
Tag 4---------------
---
---
---
---
---
---
---
---
---
---
---
---
---
---
---
---
---
---
---
---
---
---
---
---
---
---
---
---
---
---
---
---
---
---
---
---
---
---
---
---
---
---
---
---
---
---
---
---
---
---
---
---
---
---
---
---
---
---
---
---
---
---
---
---
---
---
---
---
---
---
---
---

######################
Meisel
Tag 0---------------
---
---
---
---
---
---
---
---
---
---
---
---
---
---
---
---
---
---
---
---
---
---
---
---
---
---
---
---
---
---
---
---
---
---
---
---
---
---
---
---
---
---
---
---
---
---
---
---
---
---
---
---
---
---
---
---
---
---
---
---
---
---
---
---
---
---
---
---
---
---
---
---
Tag 1---------------
---
---
---
---
---
---
---
---
---
---
---
---
---
---
---
---
---
---
---
---
---
---
---
---
---
---
---
---
---
---
---
---
---
---
---
---
---
---
---
---
---
---
---
---
---
---
---
---
---
---
---
---
---
---
---
---
---
---
---
---
---
---
---
---
---
---
---
---
---
---
---
---
Tag 2---------------
---
---
---
---
---
---
---
---
---
---
---
---
---
---
---
---
---
---
---
---
---
---
---
---
---
---
---
---
---
---
---
---
---
---
---
---
---
---
---
---
---
---
---
---
---
---
---
---
---
---
---
---
---
---
---
---
---
---
---
---
---
---
---
---
---
---
---
---
---
---
---
---
Tag 3---------------
---
---
---
---
---
---
---
---
---
---
---
---
---
---
---
---
---
---
---
---
---
---
---
---
---
---
---
---
---
---
---
---
---
---
---
---
---
---
---
---
---
---
---
---
---
---
---
---
---
---
---
---
---
---
---
---
---
---
---
---
---
---
---
---
---
---
---
---
---
---
---
---
Tag 4---------------
---
---
---
---
---
---
---
---
---
---
---
---
---
---
---
---
---
---
---
---
---
---
---
---
---
---
---
---
---
---
---
---
---
---
---
---
---
---
---
---
---
---
---
---
---
---
---
---
---
---
---
---
---
---
---
---
---
---
---
---
---
---
---
---
---
---
---
---
---
---
---
---

######################
Morgenstern
Tag 0---------------
---
---
---
---
---
---
---
---
---
---
---
---
---
---
---
---
---
---
---
---
---
---
---
---
---
---
---
---
---
---
---
---
---
---
---
---
---
---
---
---
---
---
---
---
---
---
---
---
---
---
---
---
---
---
---
---
---
---
---
---
---
---
---
---
---
---
---
---
---
---
---
---
Tag 1---------------
---
---
---
---
---
---
---
---
---
---
---
---
---
---
---
---
---
---
---
---
---
---
---
---
---
---
---
---
---
---
---
---
---
---
---
---
---
---
---
---
---
---
---
---
---
---
---
---
---
---
---
---
---
---
---
---
---
---
---
---
---
---
---
---
---
---
---
---
---
---
---
---
Tag 2---------------
---
---
---
---
---
---
---
---
---
---
---
---
---
---
---
---
---
---
---
---
---
---
---
---
---
---
---
---
---
---
---
---
---
---
---
---
---
---
---
---
---
---
---
---
---
---
---
---
---
---
---
---
---
---
---
---
---
---
---
---
---
---
---
---
---
---
---
---
---
---
---
---
Tag 3---------------
---
---
---
---
---
---
---
---
---
---
---
---
---
---
---
---
---
---
---
---
---
---
---
---
---
---
---
---
---
---
---
---
---
---
---
---
---
---
---
---
---
---
---
---
---
---
---
---
---
---
---
---
---
---
---
---
---
---
---
---
---
---
---
---
---
---
---
---
---
---
---
---
Tag 4---------------
---
---
---
---
---
---
---
---
---
---
---
---
---
---
---
---
---
---
---
---
---
---
---
---
---
---
---
---
---
---
---
---
---
---
---
---
---
---
---
---
---
---
---
---
---
---
---
---
---
---
---
---
---
---
---
---
---
---
---
---
---
---
---
---
---
---
---
---
---
---
---
---

######################
Müller
Tag 0---------------
---
---
---
---
---
---
---
---
---
---
---
---
---
---
---
---
---
---
---
---
---
---
---
---
---
---
---
---
---
---
---
---
---
---
---
---
---
---
---
---
---
---
---
---
---
---
---
---
---
---
---
---
---
---
---
---
---
---
---
---
---
---
---
---
---
---
---
---
---
---
---
---
Tag 1---------------
---
---
---
---
---
---
---
---
---
---
---
---
---
---
---
---
---
---
---
---
---
---
---
---
---
---
---
---
---
---
---
---
---
---
---
---
---
---
---
---
---
---
---
---
---
---
---
---
---
---
---
---
---
---
---
---
---
---
---
---
---
---
---
---
---
---
---
---
---
---
---
---
Tag 2---------------
---
---
---
---
---
---
---
---
---
---
---
---
---
---
---
---
---
---
---
---
---
---
---
---
---
---
---
---
---
---
---
---
---
---
---
---
---
---
---
---
---
---
---
---
---
---
---
---
---
---
---
---
---
---
---
---
---
---
---
---
---
---
---
---
---
---
---
---
---
---
---
---
Tag 3---------------
---
---
---
---
---
---
---
---
---
---
---
---
---
---
---
---
---
---
---
---
---
---
---
---
---
---
---
---
---
---
---
---
---
---
---
---
---
---
---
---
---
---
---
---
---
---
---
---
---
---
---
---
---
---
---
---
---
---
---
---
---
---
---
---
---
---
---
---
---
---
---
---
Tag 4---------------
---
---
---
---
---
---
---
---
---
---
---
---
---
---
---
---
---
---
---
---
---
---
---
---
---
---
---
---
---
---
---
---
---
---
---
---
---
---
---
---
---
---
---
---
---
---
---
---
---
---
---
---
---
---
---
---
---
---
---
---
---
---
---
---
---
---
---
---
---
---
---
---

######################
Nees
Tag 0---------------
---
---
---
---
---
---
---
---
---
---
---
---
---
---
---
---
---
---
---
---
---
---
---
---
---
---
---
---
---
---
---
---
---
---
---
---
---
---
---
---
---
---
---
---
---
---
---
---
---
---
---
---
---
---
---
---
---
---
---
---
---
---
---
---
---
---
---
---
---
---
---
---
Tag 1---------------
---
---
---
---
---
---
---
---
---
---
---
---
---
---
---
---
---
---
---
---
---
---
---
---
---
---
---
---
---
---
---
---
---
---
---
---
---
---
---
---
---
---
---
---
---
---
---
---
---
---
---
---
---
---
---
---
---
---
---
---
---
---
---
---
---
---
---
---
---
---
---
---
Tag 2---------------
---
---
---
---
---
---
---
---
---
---
---
---
---
---
---
---
---
---
---
---
---
---
---
---
---
---
---
---
---
---
---
---
---
---
---
---
---
---
---
---
---
---
---
---
---
---
---
---
---
---
---
---
---
---
---
---
---
---
---
---
---
---
---
---
---
---
---
---
---
---
---
---
Tag 3---------------
---
---
---
---
---
---
---
---
---
---
---
---
---
---
---
---
---
---
---
---
---
---
---
---
---
---
---
---
---
---
---
---
---
---
---
---
---
---
---
---
---
---
---
---
---
---
---
---
---
---
---
---
---
---
---
---
---
---
---
---
---
---
---
---
---
---
---
---
---
---
---
---
Tag 4---------------
---
---
---
---
---
---
---
---
---
---
---
---
---
---
---
---
---
---
---
---
---
---
---
---
---
---
---
---
---
---
---
---
---
---
---
---
---
---
---
---
---
---
---
---
---
---
---
---
---
---
---
---
---
---
---
---
---
---
---
---
---
---
---
---
---
---
---
---
---
---
---
---

######################
Nestler
Tag 0---------------
---
---
---
---
---
---
---
---
---
---
---
---
---
---
---
---
---
---
---
---
---
---
---
---
---
---
---
---
---
---
---
---
---
---
---
---
---
---
---
---
---
---
---
---
---
---
---
---
---
---
---
---
---
---
---
---
---
---
---
---
---
---
---
---
---
---
---
---
---
---
---
---
Tag 1---------------
---
---
---
---
---
---
---
---
---
---
---
---
---
---
---
---
---
---
---
---
---
---
---
---
---
---
---
---
---
---
---
---
---
---
---
---
---
---
---
---
---
---
---
---
---
---
---
---
---
---
---
---
---
---
---
---
---
---
---
---
---
---
---
---
---
---
---
---
---
---
---
---
Tag 2---------------
---
---
---
---
---
---
---
---
---
---
---
---
---
---
---
---
---
---
---
---
---
---
---
---
---
---
---
---
---
---
---
---
---
---
---
---
---
---
---
---
---
---
---
---
---
---
---
---
---
---
---
---
---
---
---
---
---
---
---
---
---
---
---
---
---
---
---
---
---
---
---
---
Tag 3---------------
---
---
---
---
---
---
---
---
---
---
---
---
---
---
---
---
---
---
---
---
---
---
---
---
---
---
---
---
---
---
---
---
---
---
---
---
---
---
---
---
---
---
---
---
---
---
---
---
---
---
---
---
---
---
---
---
---
---
---
---
---
---
---
---
---
---
---
---
---
---
---
---
Tag 4---------------
---
---
---
---
---
---
---
---
---
---
---
---
---
---
---
---
---
---
---
---
---
---
---
---
---
---
---
---
---
---
---
---
---
---
---
---
---
---
---
---
---
---
---
---
---
---
---
---
---
---
---
---
---
---
---
---
---
---
---
---
---
---
---
---
---
---
---
---
---
---
---
---

######################
Neumann
Tag 0---------------
---
---
---
---
---
---
---
---
---
---
---
---
---
---
---
---
---
---
---
---
---
---
---
---
---
---
---
---
---
---
---
---
---
---
---
---
---
---
---
---
---
---
---
---
---
---
---
---
---
---
---
---
---
---
---
---
---
---
---
---
---
---
---
---
---
---
---
---
---
---
---
---
Tag 1---------------
---
---
---
---
---
---
---
---
---
---
---
---
---
---
---
---
---
---
---
---
---
---
---
---
---
---
---
---
---
---
---
---
---
---
---
---
---
---
---
---
---
---
---
---
---
---
---
---
---
---
---
---
---
---
---
---
---
---
---
---
---
---
---
---
---
---
---
---
---
---
---
---
Tag 2---------------
---
---
---
---
---
---
---
---
---
---
---
---
---
---
---
---
---
---
---
---
---
---
---
---
---
---
---
---
---
---
---
---
---
---
---
---
---
---
---
---
---
---
---
---
---
---
---
---
---
---
---
---
---
---
---
---
---
---
---
---
---
---
---
---
---
---
---
---
---
---
---
---
Tag 3---------------
---
---
---
---
---
---
---
---
---
---
---
---
---
---
---
---
---
---
---
---
---
---
---
---
---
---
---
---
---
---
---
---
---
---
---
---
---
---
---
---
---
---
---
---
---
---
---
---
---
---
---
---
---
---
---
---
---
---
---
---
---
---
---
---
---
---
---
---
---
---
---
---
Tag 4---------------
---
---
---
---
---
---
---
---
---
---
---
---
---
---
---
---
---
---
---
---
---
---
---
---
---
---
---
---
---
---
---
---
---
---
---
---
---
---
---
---
---
---
---
---
---
---
---
---
---
---
---
---
---
---
---
---
---
---
---
---
---
---
---
---
---
---
---
---
---
---
---
---

######################
Pape
Tag 0---------------
---
---
---
---
---
---
---
---
---
---
---
---
---
---
---
---
---
---
---
---
---
---
---
---
---
---
---
---
---
---
---
---
---
---
---
---
---
---
---
---
---
---
---
---
---
---
---
---
---
---
---
---
---
---
---
---
---
---
---
---
---
---
---
---
---
---
---
---
---
---
---
---
Tag 1---------------
---
---
---
---
---
---
---
---
---
---
---
---
---
---
---
---
---
---
---
---
---
---
---
---
---
---
---
---
---
---
---
---
---
---
---
---
---
---
---
---
---
---
---
---
---
---
---
---
---
---
---
---
---
---
---
---
---
---
---
---
---
---
---
---
---
---
---
---
---
---
---
---
Tag 2---------------
---
---
---
---
---
---
---
---
---
---
---
---
---
---
---
---
---
---
---
---
---
---
---
---
---
---
---
---
---
---
---
---
---
---
---
---
---
---
---
---
---
---
---
---
---
---
---
---
---
---
---
---
---
---
---
---
---
---
---
---
---
---
---
---
---
---
---
---
---
---
---
---
Tag 3---------------
---
---
---
---
---
---
---
---
---
---
---
---
---
---
---
---
---
---
---
---
---
---
---
---
---
---
---
---
---
---
---
---
---
---
---
---
---
---
---
---
---
---
---
---
---
---
---
---
---
---
---
---
---
---
---
---
---
---
---
---
---
---
---
---
---
---
---
---
---
---
---
---
Tag 4---------------
---
---
---
---
---
---
---
---
---
---
---
---
---
---
---
---
---
---
---
---
---
---
---
---
---
---
---
---
---
---
---
---
---
---
---
---
---
---
---
---
---
---
---
---
---
---
---
---
---
---
---
---
---
---
---
---
---
---
---
---
---
---
---
---
---
---
---
---
---
---
---
---

######################
Philipp
Tag 0---------------
---
---
---
---
---
---
---
---
---
---
---
---
---
---
---
---
---
---
---
---
---
---
---
---
---
---
---
---
---
---
---
---
---
---
---
---
---
---
---
---
---
---
---
---
---
---
---
---
---
---
---
---
---
---
---
---
---
---
---
---
---
---
---
---
---
---
---
---
---
---
---
---
Tag 1---------------
---
---
---
---
---
---
---
---
---
---
---
---
---
---
---
---
---
---
---
---
---
---
---
---
---
---
---
---
---
---
---
---
---
---
---
---
---
---
---
---
---
---
---
---
---
---
---
---
---
---
---
---
---
---
---
---
---
---
---
---
---
---
---
---
---
---
---
---
---
---
---
---
Tag 2---------------
---
---
---
---
---
---
---
---
---
---
---
---
---
---
---
---
---
---
---
---
---
---
---
---
---
---
---
---
---
---
---
---
---
---
---
---
---
---
---
---
---
---
---
---
---
---
---
---
---
---
---
---
---
---
---
---
---
---
---
---
---
---
---
---
---
---
---
---
---
---
---
---
Tag 3---------------
---
---
---
---
---
---
---
---
---
---
---
---
---
---
---
---
---
---
---
---
---
---
---
---
---
---
---
---
---
---
---
---
---
---
---
---
---
---
---
---
---
---
---
---
---
---
---
---
---
---
---
---
---
---
---
---
---
---
---
---
---
---
---
---
---
---
---
---
---
---
---
---
Tag 4---------------
---
---
---
---
---
---
---
---
---
---
---
---
---
---
---
---
---
---
---
---
---
---
---
---
---
---
---
---
---
---
---
---
---
---
---
---
---
---
---
---
---
---
---
---
---
---
---
---
---
---
---
---
---
---
---
---
---
---
---
---
---
---
---
---
---
---
---
---
---
---
---
---

######################
Regier
Tag 0---------------
---
---
---
---
---
---
---
---
---
---
---
---
---
---
---
---
---
---
---
---
---
---
---
---
---
---
---
---
---
---
---
---
---
---
---
---
---
---
---
---
---
---
---
---
---
---
---
---
---
---
---
---
---
---
---
---
---
---
---
---
---
---
---
---
---
---
---
---
---
---
---
---
Tag 1---------------
---
---
---
---
---
---
---
---
---
---
---
---
---
---
---
---
---
---
---
---
---
---
---
---
---
---
---
---
---
---
---
---
---
---
---
---
---
---
---
---
---
---
---
---
---
---
---
---
---
---
---
---
---
---
---
---
---
---
---
---
---
---
---
---
---
---
---
---
---
---
---
---
Tag 2---------------
---
---
---
---
---
---
---
---
---
---
---
---
---
---
---
---
---
---
---
---
---
---
---
---
---
---
---
---
---
---
---
---
---
---
---
---
---
---
---
---
---
---
---
---
---
---
---
---
---
---
---
---
---
---
---
---
---
---
---
---
---
---
---
---
---
---
---
---
---
---
---
---
Tag 3---------------
---
---
---
---
---
---
---
---
---
---
---
---
---
---
---
---
---
---
---
---
---
---
---
---
---
---
---
---
---
---
---
---
---
---
---
---
---
---
---
---
---
---
---
---
---
---
---
---
---
---
---
---
---
---
---
---
---
---
---
---
---
---
---
---
---
---
---
---
---
---
---
---
Tag 4---------------
---
---
---
---
---
---
---
---
---
---
---
---
---
---
---
---
---
---
---
---
---
---
---
---
---
---
---
---
---
---
---
---
---
---
---
---
---
---
---
---
---
---
---
---
---
---
---
---
---
---
---
---
---
---
---
---
---
---
---
---
---
---
---
---
---
---
---
---
---
---
---
---

######################
Reichhardt
Tag 0---------------
---
---
---
---
---
---
---
---
---
---
---
---
---
---
---
---
---
---
---
---
---
---
---
---
---
---
---
---
---
---
---
---
---
---
---
---
---
---
---
---
---
---
---
---
---
---
---
---
---
---
---
---
---
---
---
---
---
---
---
---
---
---
---
---
---
---
---
---
---
---
---
---
Tag 1---------------
---
---
---
---
---
---
---
---
---
---
---
---
---
---
---
---
---
---
---
---
---
---
---
---
---
---
---
---
---
---
---
---
---
---
---
---
---
---
---
---
---
---
---
---
---
---
---
---
---
---
---
---
---
---
---
---
---
---
---
---
---
---
---
---
---
---
---
---
---
---
---
---
Tag 2---------------
---
---
---
---
---
---
---
---
---
---
---
---
---
---
---
---
---
---
---
---
---
---
---
---
---
---
---
---
---
---
---
---
---
---
---
---
---
---
---
---
---
---
---
---
---
---
---
---
---
---
---
---
---
---
---
---
---
---
---
---
---
---
---
---
---
---
---
---
---
---
---
---
Tag 3---------------
---
---
---
---
---
---
---
---
---
---
---
---
---
---
---
---
---
---
---
---
---
---
---
---
---
---
---
---
---
---
---
---
---
---
---
---
---
---
---
---
---
---
---
---
---
---
---
---
---
---
---
---
---
---
---
---
---
---
---
---
---
---
---
---
---
---
---
---
---
---
---
---
Tag 4---------------
---
---
---
---
---
---
---
---
---
---
---
---
---
---
---
---
---
---
---
---
---
---
---
---
---
---
---
---
---
---
---
---
---
---
---
---
---
---
---
---
---
---
---
---
---
---
---
---
---
---
---
---
---
---
---
---
---
---
---
---
---
---
---
---
---
---
---
---
---
---
---
---

######################
Schaefer
Tag 0---------------
---
---
---
---
---
---
---
---
---
---
---
---
---
---
---
---
---
---
---
---
---
---
---
---
---
---
---
---
---
---
---
---
---
---
---
---
---
---
---
---
---
---
---
---
---
---
---
---
---
---
---
---
---
---
---
---
---
---
---
---
---
---
---
---
---
---
---
---
---
---
---
---
Tag 1---------------
---
---
---
---
---
---
---
---
---
---
---
---
---
---
---
---
---
---
---
---
---
---
---
---
---
---
---
---
---
---
---
---
---
---
---
---
---
---
---
---
---
---
---
---
---
---
---
---
---
---
---
---
---
---
---
---
---
---
---
---
---
---
---
---
---
---
---
---
---
---
---
---
Tag 2---------------
---
---
---
---
---
---
---
---
---
---
---
---
---
---
---
---
---
---
---
---
---
---
---
---
---
---
---
---
---
---
---
---
---
---
---
---
---
---
---
---
---
---
---
---
---
---
---
---
---
---
---
---
---
---
---
---
---
---
---
---
---
---
---
---
---
---
---
---
---
---
---
---
Tag 3---------------
---
---
---
---
---
---
---
---
---
---
---
---
---
---
---
---
---
---
---
---
---
---
---
---
---
---
---
---
---
---
---
---
---
---
---
---
---
---
---
---
---
---
---
---
---
---
---
---
---
---
---
---
---
---
---
---
---
---
---
---
---
---
---
---
---
---
---
---
---
---
---
---
Tag 4---------------
---
---
---
---
---
---
---
---
---
---
---
---
---
---
---
---
---
---
---
---
---
---
---
---
---
---
---
---
---
---
---
---
---
---
---
---
---
---
---
---
---
---
---
---
---
---
---
---
---
---
---
---
---
---
---
---
---
---
---
---
---
---
---
---
---
---
---
---
---
---
---
---

######################
Schmauch
Tag 0---------------
---
---
---
---
---
---
---
---
---
---
---
---
---
---
---
---
---
---
---
---
---
---
---
---
---
---
---
---
---
---
---
---
---
---
---
---
---
---
---
---
---
---
---
---
---
---
---
---
---
---
---
---
---
---
---
---
---
---
---
---
---
---
---
---
---
---
---
---
---
---
---
---
Tag 1---------------
---
---
---
---
---
---
---
---
---
---
---
---
---
---
---
---
---
---
---
---
---
---
---
---
---
---
---
---
---
---
---
---
---
---
---
---
---
---
---
---
---
---
---
---
---
---
---
---
---
---
---
---
---
---
---
---
---
---
---
---
---
---
---
---
---
---
---
---
---
---
---
---
Tag 2---------------
---
---
---
---
---
---
---
---
---
---
---
---
---
---
---
---
---
---
---
---
---
---
---
---
---
---
---
---
---
---
---
---
---
---
---
---
---
---
---
---
---
---
---
---
---
---
---
---
---
---
---
---
---
---
---
---
---
---
---
---
---
---
---
---
---
---
---
---
---
---
---
---
Tag 3---------------
---
---
---
---
---
---
---
---
---
---
---
---
---
---
---
---
---
---
---
---
---
---
---
---
---
---
---
---
---
---
---
---
---
---
---
---
---
---
---
---
---
---
---
---
---
---
---
---
---
---
---
---
---
---
---
---
---
---
---
---
---
---
---
---
---
---
---
---
---
---
---
---
Tag 4---------------
---
---
---
---
---
---
---
---
---
---
---
---
---
---
---
---
---
---
---
---
---
---
---
---
---
---
---
---
---
---
---
---
---
---
---
---
---
---
---
---
---
---
---
---
---
---
---
---
---
---
---
---
---
---
---
---
---
---
---
---
---
---
---
---
---
---
---
---
---
---
---
---

######################
Schmidt
Tag 0---------------
---
---
---
---
---
---
---
---
---
---
---
---
---
---
---
---
---
---
---
---
---
---
---
---
---
---
---
---
---
---
---
---
---
---
---
---
---
---
---
---
---
---
---
---
---
---
---
---
---
---
---
---
---
---
---
---
---
---
---
---
---
---
---
---
---
---
---
---
---
---
---
---
Tag 1---------------
---
---
---
---
---
---
---
---
---
---
---
---
---
---
---
---
---
---
---
---
---
---
---
---
---
---
---
---
---
---
---
---
---
---
---
---
---
---
---
---
---
---
---
---
---
---
---
---
---
---
---
---
---
---
---
---
---
---
---
---
---
---
---
---
---
---
---
---
---
---
---
---
Tag 2---------------
---
---
---
---
---
---
---
---
---
---
---
---
---
---
---
---
---
---
---
---
---
---
---
---
---
---
---
---
---
---
---
---
---
---
---
---
---
---
---
---
---
---
---
---
---
---
---
---
---
---
---
---
---
---
---
---
---
---
---
---
---
---
---
---
---
---
---
---
---
---
---
---
Tag 3---------------
---
---
---
---
---
---
---
---
---
---
---
---
---
---
---
---
---
---
---
---
---
---
---
---
---
---
---
---
---
---
---
---
---
---
---
---
---
---
---
---
---
---
---
---
---
---
---
---
---
---
---
---
---
---
---
---
---
---
---
---
---
---
---
---
---
---
---
---
---
---
---
---
Tag 4---------------
---
---
---
---
---
---
---
---
---
---
---
---
---
---
---
---
---
---
---
---
---
---
---
---
---
---
---
---
---
---
---
---
---
---
---
---
---
---
---
---
---
---
---
---
---
---
---
---
---
---
---
---
---
---
---
---
---
---
---
---
---
---
---
---
---
---
---
---
---
---
---
---

######################
Seifert
Tag 0---------------
---
---
---
---
---
---
---
---
---
---
---
---
---
---
---
---
---
---
---
---
---
---
---
---
---
---
---
---
---
---
---
---
---
---
---
---
---
---
---
---
---
---
---
---
---
---
---
---
---
---
---
---
---
---
---
---
---
---
---
---
---
---
---
---
---
---
---
---
---
---
---
---
Tag 1---------------
---
---
---
---
---
---
---
---
---
---
---
---
---
---
---
---
---
---
---
---
---
---
---
---
---
---
---
---
---
---
---
---
---
---
---
---
---
---
---
---
---
---
---
---
---
---
---
---
---
---
---
---
---
---
---
---
---
---
---
---
---
---
---
---
---
---
---
---
---
---
---
---
Tag 2---------------
---
---
---
---
---
---
---
---
---
---
---
---
---
---
---
---
---
---
---
---
---
---
---
---
---
---
---
---
---
---
---
---
---
---
---
---
---
---
---
---
---
---
---
---
---
---
---
---
---
---
---
---
---
---
---
---
---
---
---
---
---
---
---
---
---
---
---
---
---
---
---
---
Tag 3---------------
---
---
---
---
---
---
---
---
---
---
---
---
---
---
---
---
---
---
---
---
---
---
---
---
---
---
---
---
---
---
---
---
---
---
---
---
---
---
---
---
---
---
---
---
---
---
---
---
---
---
---
---
---
---
---
---
---
---
---
---
---
---
---
---
---
---
---
---
---
---
---
---
Tag 4---------------
---
---
---
---
---
---
---
---
---
---
---
---
---
---
---
---
---
---
---
---
---
---
---
---
---
---
---
---
---
---
---
---
---
---
---
---
---
---
---
---
---
---
---
---
---
---
---
---
---
---
---
---
---
---
---
---
---
---
---
---
---
---
---
---
---
---
---
---
---
---
---
---

######################
Senger
Tag 0---------------
---
---
---
---
---
---
---
---
---
---
---
---
---
---
---
---
---
---
---
---
---
---
---
---
---
---
---
---
---
---
---
---
---
---
---
---
---
---
---
---
---
---
---
---
---
---
---
---
---
---
---
---
---
---
---
---
---
---
---
---
---
---
---
---
---
---
---
---
---
---
---
---
Tag 1---------------
---
---
---
---
---
---
---
---
---
---
---
---
---
---
---
---
---
---
---
---
---
---
---
---
---
---
---
---
---
---
---
---
---
---
---
---
---
---
---
---
---
---
---
---
---
---
---
---
---
---
---
---
---
---
---
---
---
---
---
---
---
---
---
---
---
---
---
---
---
---
---
---
Tag 2---------------
---
---
---
---
---
---
---
---
---
---
---
---
---
---
---
---
---
---
---
---
---
---
---
---
---
---
---
---
---
---
---
---
---
---
---
---
---
---
---
---
---
---
---
---
---
---
---
---
---
---
---
---
---
---
---
---
---
---
---
---
---
---
---
---
---
---
---
---
---
---
---
---
Tag 3---------------
---
---
---
---
---
---
---
---
---
---
---
---
---
---
---
---
---
---
---
---
---
---
---
---
---
---
---
---
---
---
---
---
---
---
---
---
---
---
---
---
---
---
---
---
---
---
---
---
---
---
---
---
---
---
---
---
---
---
---
---
---
---
---
---
---
---
---
---
---
---
---
---
Tag 4---------------
---
---
---
---
---
---
---
---
---
---
---
---
---
---
---
---
---
---
---
---
---
---
---
---
---
---
---
---
---
---
---
---
---
---
---
---
---
---
---
---
---
---
---
---
---
---
---
---
---
---
---
---
---
---
---
---
---
---
---
---
---
---
---
---
---
---
---
---
---
---
---
---

######################
Vogelsang
Tag 0---------------
---
---
---
---
---
---
---
---
---
---
---
---
---
---
---
---
---
---
---
---
---
---
---
---
---
---
---
---
---
---
---
---
---
---
---
---
---
---
---
---
---
---
---
---
---
---
---
---
---
---
---
---
---
---
---
---
---
---
---
---
---
---
---
---
---
---
---
---
---
---
---
---
Tag 1---------------
---
---
---
---
---
---
---
---
---
---
---
---
---
---
---
---
---
---
---
---
---
---
---
---
---
---
---
---
---
---
---
---
---
---
---
---
---
---
---
---
---
---
---
---
---
---
---
---
---
---
---
---
---
---
---
---
---
---
---
---
---
---
---
---
---
---
---
---
---
---
---
---
Tag 2---------------
---
---
---
---
---
---
---
---
---
---
---
---
---
---
---
---
---
---
---
---
---
---
---
---
---
---
---
---
---
---
---
---
---
---
---
---
---
---
---
---
---
---
---
---
---
---
---
---
---
---
---
---
---
---
---
---
---
---
---
---
---
---
---
---
---
---
---
---
---
---
---
---
Tag 3---------------
---
---
---
---
---
---
---
---
---
---
---
---
---
---
---
---
---
---
---
---
---
---
---
---
---
---
---
---
---
---
---
---
---
---
---
---
---
---
---
---
---
---
---
---
---
---
---
---
---
---
---
---
---
---
---
---
---
---
---
---
---
---
---
---
---
---
---
---
---
---
---
---
Tag 4---------------
---
---
---
---
---
---
---
---
---
---
---
---
---
---
---
---
---
---
---
---
---
---
---
---
---
---
---
---
---
---
---
---
---
---
---
---
---
---
---
---
---
---
---
---
---
---
---
---
---
---
---
---
---
---
---
---
---
---
---
---
---
---
---
---
---
---
---
---
---
---
---
---

######################
Weidner
Tag 0---------------
---
---
---
---
---
---
---
---
---
---
---
---
---
---
---
---
---
---
---
---
---
---
---
---
---
---
---
---
---
---
---
---
---
---
---
---
---
---
---
---
---
---
---
---
---
---
---
---
---
---
---
---
---
---
---
---
---
---
---
---
---
---
---
---
---
---
---
---
---
---
---
---
Tag 1---------------
---
---
---
---
---
---
---
---
---
---
---
---
---
---
---
---
---
---
---
---
---
---
---
---
---
---
---
---
---
---
---
---
---
---
---
---
---
---
---
---
---
---
---
---
---
---
---
---
---
---
---
---
---
---
---
---
---
---
---
---
---
---
---
---
---
---
---
---
---
---
---
---
Tag 2---------------
---
---
---
---
---
---
---
---
---
---
---
---
---
---
---
---
---
---
---
---
---
---
---
---
---
---
---
---
---
---
---
---
---
---
---
---
---
---
---
---
---
---
---
---
---
---
---
---
---
---
---
---
---
---
---
---
---
---
---
---
---
---
---
---
---
---
---
---
---
---
---
---
Tag 3---------------
---
---
---
---
---
---
---
---
---
---
---
---
---
---
---
---
---
---
---
---
---
---
---
---
---
---
---
---
---
---
---
---
---
---
---
---
---
---
---
---
---
---
---
---
---
---
---
---
---
---
---
---
---
---
---
---
---
---
---
---
---
---
---
---
---
---
---
---
---
---
---
---
Tag 4---------------
---
---
---
---
---
---
---
---
---
---
---
---
---
---
---
---
---
---
---
---
---
---
---
---
---
---
---
---
---
---
---
---
---
---
---
---
---
---
---
---
---
---
---
---
---
---
---
---
---
---
---
---
---
---
---
---
---
---
---
---
---
---
---
---
---
---
---
---
---
---
---
---

######################
Wirth
Tag 0---------------
---
---
---
---
---
---
---
---
---
---
---
---
---
---
---
---
---
---
---
---
---
---
---
---
---
---
---
---
---
---
---
---
---
---
---
---
---
---
---
---
---
---
---
---
---
---
---
---
---
---
---
---
---
---
---
---
---
---
---
---
---
---
---
---
---
---
---
---
---
---
---
---
Tag 1---------------
---
---
---
---
---
---
---
---
---
---
---
---
---
---
---
---
---
---
---
---
---
---
---
---
---
---
---
---
---
---
---
---
---
---
---
---
---
---
---
---
---
---
---
---
---
---
---
---
---
---
---
---
---
---
---
---
---
---
---
---
---
---
---
---
---
---
---
---
---
---
---
---
Tag 2---------------
---
---
---
---
---
---
---
---
---
---
---
---
---
---
---
---
---
---
---
---
---
---
---
---
---
---
---
---
---
---
---
---
---
---
---
---
---
---
---
---
---
---
---
---
---
---
---
---
---
---
---
---
---
---
---
---
---
---
---
---
---
---
---
---
---
---
---
---
---
---
---
---
Tag 3---------------
---
---
---
---
---
---
---
---
---
---
---
---
---
---
---
---
---
---
---
---
---
---
---
---
---
---
---
---
---
---
---
---
---
---
---
---
---
---
---
---
---
---
---
---
---
---
---
---
---
---
---
---
---
---
---
---
---
---
---
---
---
---
---
---
---
---
---
---
---
---
---
---
Tag 4---------------
---
---
---
---
---
---
---
---
---
---
---
---
---
---
---
---
---
---
---
---
---
---
---
---
---
---
---
---
---
---
---
---
---
---
---
---
---
---
---
---
---
---
---
---
---
---
---
---
---
---
---
---
---
---
---
---
---
---
---
---
---
---
---
---
---
---
---
---
---
---
---
---

######################
Zimmermann
Tag 0---------------
---
---
---
---
---
---
---
---
---
---
---
---
---
---
---
---
---
---
---
---
---
---
---
---
---
---
---
---
---
---
---
---
---
---
---
---
---
---
---
---
---
---
---
---
---
---
---
---
---
---
---
---
---
---
---
---
---
---
---
---
---
---
---
---
---
---
---
---
---
---
---
---
Tag 1---------------
---
---
---
---
---
---
---
---
---
---
---
---
---
---
---
---
---
---
---
---
---
---
---
---
---
---
---
---
---
---
---
---
---
---
---
---
---
---
---
---
---
---
---
---
---
---
---
---
---
---
---
---
---
---
---
---
---
---
---
---
---
---
---
---
---
---
---
---
---
---
---
---
Tag 2---------------
---
---
---
---
---
---
---
---
---
---
---
---
---
---
---
---
---
---
---
---
---
---
---
---
---
---
---
---
---
---
---
---
---
---
---
---
---
---
---
---
---
---
---
---
---
---
---
---
---
---
---
---
---
---
---
---
---
---
---
---
---
---
---
---
---
---
---
---
---
---
---
---
Tag 3---------------
---
---
---
---
---
---
---
---
---
---
---
---
---
---
---
---
---
---
---
---
---
---
---
---
---
---
---
---
---
---
---
---
---
---
---
---
---
---
---
---
---
---
---
---
---
---
---
---
---
---
---
---
---
---
---
---
---
---
---
---
---
---
---
---
---
---
---
---
---
---
---
---
Tag 4---------------
---
---
---
---
---
---
---
---
---
---
---
---
---
---
---
---
---
---
---
---
---
---
---
---
---
---
---
---
---
---
---
---
---
---
---
---
---
---
---
---
---
---
---
---
---
---
---
---
---
---
---
---
---
---
---
---
---
---
---
---
---
---
---
---
---
---
---
---
---
---
---
---

</DebugTrace>
      </Output>
    </UnitTestResult>
  </Results>
</TestRun>