<?xml version="1.0" encoding="UTF-8"?>
<TestRun id="4f31b6bf-f40d-41f1-95c8-7c687edce5a8" name="FloLap@FLOLAP-PC 2011-10-12 19:24:48" runUser="FloLap-PC\FloLap" xmlns="http://microsoft.com/schemas/VisualStudio/TeamTest/2010">
  <TestSettings name="Lokal" id="6ed96bb3-d821-4eee-a79d-3a3069da9890">
    <Description>Dies sind die standardmäßigen Testeinstellungen für einen lokalen Testlauf.</Description>
    <Deployment enabled="false" runDeploymentRoot="FloLap_FLOLAP-PC 2011-10-12 19_24_48">
      <DeploymentItem filename="E:\HsKA\Semester2\Projektarbeit\Stundenplangenerator\TimetablePlanner\TimetablePlanner\bin\Debug\TimetablePlanner.dll" />
    </Deployment>
    <Execution>
      <TestTypeSpecific />
      <AgentRule name="Execution Agents">
      </AgentRule>
    </Execution>
  </TestSettings>
  <Times creation="2011-10-12T19:24:48.0147055+02:00" queuing="2011-10-12T19:24:49.1697716+02:00" start="2011-10-12T19:24:49.2657770+02:00" finish="2011-10-12T19:24:51.1808866+02:00" />
  <ResultSummary outcome="Completed">
    <Counters total="1" executed="1" passed="1" error="0" failed="0" timeout="0" aborted="0" inconclusive="0" passedButRunAborted="0" notRunnable="0" notExecuted="0" disconnected="0" warning="0" completed="0" inProgress="0" pending="0" />
  </ResultSummary>
  <TestDefinitions>
    <UnitTest name="createTimetableInstanceTest" storage="e:\hska\semester2\projektarbeit\stundenplangenerator\timetableplanner\timetableplannertests\bin\debug\timetableplannertests.dll" id="ab441b29-9837-01bf-f43f-7839c8f73716">
      <Execution id="fee52dbf-f6bd-48a0-a767-a02159b560c6" />
      <TestMethod codeBase="E:/HsKA/Semester2/Projektarbeit/Stundenplangenerator/TimetablePlanner/TimetablePlannerTests/bin/Debug/TimetablePlannerTests.DLL" adapterTypeName="Microsoft.VisualStudio.TestTools.TestTypes.Unit.UnitTestAdapter, Microsoft.VisualStudio.QualityTools.Tips.UnitTest.Adapter, Version=10.0.0.0, Culture=neutral, PublicKeyToken=b03f5f7f11d50a3a" className="TimetablePlannerTests.TimetableTest, TimetablePlannerTests, Version=1.0.0.0, Culture=neutral, PublicKeyToken=null" name="createTimetableInstanceTest" />
    </UnitTest>
  </TestDefinitions>
  <TestLists>
    <TestList name="Nicht in einer Liste enthaltene Ergebnisse" id="8c84fa94-04c1-424b-9868-57a2d4851a1d" />
    <TestList name="Alle geladenen Ergebnisse" id="19431567-8539-422a-85d7-44ee4e166bda" />
  </TestLists>
  <TestEntries>
    <TestEntry testId="ab441b29-9837-01bf-f43f-7839c8f73716" executionId="fee52dbf-f6bd-48a0-a767-a02159b560c6" testListId="8c84fa94-04c1-424b-9868-57a2d4851a1d" />
  </TestEntries>
  <Results>
    <UnitTestResult executionId="fee52dbf-f6bd-48a0-a767-a02159b560c6" testId="ab441b29-9837-01bf-f43f-7839c8f73716" testName="createTimetableInstanceTest" computerName="FLOLAP-PC" duration="00:00:00.5128927" startTime="2011-10-12T19:24:49.3067794+02:00" endTime="2011-10-12T19:24:51.0758806+02:00" testType="13cdc9d9-ddb5-4fa4-a97d-d965ccfc6d4b" outcome="Passed" testListId="8c84fa94-04c1-424b-9868-57a2d4851a1d" relativeResultsDirectory="fee52dbf-f6bd-48a0-a767-a02159b560c6">
      <Output>
        <DebugTrace>Time to create population of size 50: 314ms
0096: 000,000,000,000,000,000,000,000,021,000,004,000,000,000,000,000,000,000,016,006,000,000,000,000,000,035,000,000,000,000,010,000,000,000,000,000,000,000,000,000,000,000,000,000,000,000,000,000,000,000,000,000,000,000,000,025,000,000,000,000,000,000,000,000,000,000,010,000,000,000,000,000,000,000,000,000,000,000,000,013,000,000,000,000,000,000,000,000,000,016,036,000,000,000,000,000,000,000,000,000,000,000,026,000,000,000,000,000,000,007,000,000,000,000,000,000,000,000,034,000,003,000,000,000,000,003,000,011,011,038,000,000,000,000,000,000,000,000,032,000,000,000,000,000,014,000,019,000,000,000,000,000,000,000,022,000,000,000,009,000,000,000,000,000,000,000,000,000,000,000,000,000,000,000,000,000,000,000,000,000,000,012,028,028,028,000,000,000,000,000,000,000,000,000,000,000,000,000,000,000,000,000,000,000,029,000,000,000,000,000,008,008,000,000,000,000,000,006,024,000,000,018,000,000,000,000,000,000,000,000,002,000,000,007,030,000,000,000,000,000,000,000,000,000,000,000,000,000,000,023,000,000,000,000,000,000,000,000,017,017,017,000,000,000,000,000,000,000,000,000,000,000,000,000,000,000,000,000,000,000,000,000,000,000,000,000,000,000,000,000,015,000,000,000,000,000,005,001,000,031,000,000,033,000,000,000,000,000,000,011,011,000,000,000,000,000,000,000,000,020,000,000,005,000,027,000,000,000,000,000,000,000,009,000,000,000,000,000,000,000,000,000,000,000,000,001,000,000,000,000,000,000,000,000,000,000,037,037,000,000,
0079: 000,000,014,000,000,000,000,000,000,000,000,000,000,017,017,017,000,000,000,000,000,000,019,000,007,000,000,000,000,000,000,000,000,000,000,000,000,006,000,000,000,000,000,000,000,028,028,028,000,012,000,000,000,000,000,000,033,000,000,000,000,000,000,010,000,031,005,000,000,000,000,000,000,000,000,000,000,000,000,000,004,020,000,000,000,000,000,000,000,000,000,000,000,000,000,000,038,000,000,000,000,000,000,000,000,000,000,000,000,000,000,000,000,000,000,000,000,000,000,000,035,000,027,000,003,018,000,000,000,000,000,000,000,000,000,000,000,000,000,000,000,000,000,000,000,000,000,000,000,000,011,011,000,000,000,000,000,036,000,000,000,000,000,016,000,000,000,000,000,000,001,000,000,000,000,000,000,000,000,000,000,003,000,000,000,000,005,000,000,001,000,026,008,008,000,000,000,000,006,011,011,000,000,000,000,023,000,000,000,000,000,000,000,000,000,000,000,000,024,000,000,000,021,034,000,009,000,000,000,000,037,037,000,010,000,007,000,000,000,000,000,000,022,000,000,000,000,000,000,000,000,000,000,000,000,000,000,000,000,000,000,000,000,000,000,000,000,000,000,000,000,000,000,000,000,000,000,000,000,000,000,000,000,000,000,029,000,000,000,000,000,000,000,000,000,000,000,000,000,000,000,025,000,000,016,000,000,000,000,013,030,000,000,000,000,000,000,000,032,000,000,000,000,000,000,000,000,000,000,000,000,000,000,000,000,000,000,000,000,000,002,000,000,000,000,000,000,015,000,000,000,000,000,000,000,000,009,000,000,000,
0072: 004,000,000,000,018,000,000,000,000,000,000,000,000,000,000,000,000,000,000,000,000,000,000,020,000,000,000,000,000,000,000,000,000,013,000,000,000,035,000,000,000,000,000,000,000,000,000,000,000,017,017,017,000,000,000,000,000,000,000,000,000,000,000,000,000,000,000,008,008,000,000,000,000,000,000,022,000,000,000,000,000,016,003,000,000,000,000,000,000,000,000,000,000,000,029,000,000,000,000,000,000,000,000,000,031,032,021,000,002,000,001,000,000,000,000,000,038,000,000,000,000,000,000,025,012,000,000,000,010,000,000,000,000,000,000,000,000,000,000,000,000,000,000,000,024,023,000,000,000,000,000,000,000,000,000,000,000,000,000,000,000,000,000,000,000,000,000,000,000,000,006,000,000,000,000,000,000,005,000,000,000,000,000,000,000,000,028,028,028,000,000,000,007,000,000,000,000,000,000,000,014,000,000,000,000,000,000,016,000,000,000,000,000,000,000,000,000,000,000,000,000,000,000,000,000,000,000,006,011,011,000,000,000,000,000,000,000,000,000,000,000,001,000,000,036,003,000,000,000,000,000,000,000,000,000,000,000,005,000,026,000,009,010,000,000,000,000,000,000,000,000,000,000,000,000,000,015,000,000,000,000,000,000,000,030,000,000,000,000,000,000,000,000,000,000,011,011,000,000,000,000,000,000,000,000,000,009,000,000,000,000,000,000,000,000,000,019,000,000,033,027,000,000,000,000,000,000,000,000,000,000,000,000,000,000,000,000,000,007,000,000,000,000,000,000,000,034,000,000,000,000,000,000,000,037,037,000,000,000,000,
0066: 025,000,000,000,000,000,000,000,000,000,006,000,009,005,000,000,000,000,000,000,000,000,000,000,000,000,000,000,000,000,000,026,000,000,000,000,000,000,000,000,000,000,000,000,000,000,000,000,018,000,000,017,017,017,000,000,030,000,000,000,000,000,000,000,000,000,020,000,000,000,000,000,000,000,000,001,000,000,000,000,000,000,000,000,000,000,000,000,000,000,000,000,000,000,000,000,000,000,000,000,000,000,000,000,004,008,008,000,000,000,000,015,000,000,000,000,000,011,011,000,012,003,000,000,000,000,002,000,000,000,000,031,000,000,000,000,000,016,000,000,000,000,027,000,013,036,000,000,000,000,000,000,000,000,000,006,032,000,000,000,000,000,000,000,000,000,000,000,000,000,000,000,000,000,000,029,000,000,000,000,000,007,035,000,000,000,000,000,000,000,000,000,000,000,019,000,000,000,000,022,000,000,000,007,028,028,028,000,000,000,000,000,000,000,000,000,000,000,000,000,000,000,000,034,000,000,000,000,000,000,000,024,000,000,000,000,000,000,000,000,001,000,000,000,016,000,000,000,000,011,011,000,000,000,000,000,000,000,000,000,000,000,000,000,000,000,000,000,000,010,000,000,009,000,000,000,000,000,000,000,000,000,000,000,000,003,033,000,000,000,023,000,000,000,000,014,000,000,000,000,000,000,000,000,000,000,000,000,000,000,000,000,000,000,000,000,000,021,000,000,000,000,000,000,000,000,000,010,000,000,000,038,000,000,000,000,000,000,000,000,000,000,037,037,000,000,000,000,000,000,005,000,000,000,000,000,000,000,000,000,
0064: 000,000,000,000,000,000,000,000,000,000,001,000,000,009,005,000,000,000,000,000,018,000,000,000,000,000,000,000,000,014,000,016,000,000,000,000,000,011,011,000,000,000,000,017,017,017,000,000,000,016,000,000,000,000,000,019,000,000,000,000,000,000,000,000,000,000,000,000,000,000,000,000,000,000,000,000,000,000,000,000,000,000,000,000,013,000,000,000,000,000,000,000,027,000,000,000,000,000,000,000,000,000,000,000,000,000,000,000,032,000,000,000,000,000,033,000,000,000,000,000,000,000,000,000,000,003,000,000,000,000,023,000,000,000,000,000,000,006,000,000,000,000,000,000,000,000,002,000,000,000,000,000,000,000,000,025,000,000,000,000,000,000,000,000,000,000,000,000,000,000,000,000,000,000,000,000,000,003,000,000,000,000,000,000,000,000,000,000,000,000,000,000,000,000,000,000,000,035,000,000,000,000,010,000,000,000,006,000,000,007,000,000,000,015,000,000,000,000,000,000,000,000,000,000,008,008,000,000,000,000,000,000,000,000,031,000,000,000,000,038,000,000,012,000,009,000,000,037,037,000,000,000,000,034,000,000,000,000,000,000,036,000,000,000,000,000,000,004,000,000,000,020,000,000,022,000,000,021,000,000,000,000,000,029,000,000,026,000,024,000,010,000,000,007,001,000,000,000,000,000,000,000,000,000,000,000,005,000,000,000,000,000,000,000,000,000,000,000,000,000,000,000,000,000,000,000,000,000,000,030,000,000,000,000,000,000,011,011,000,000,000,000,000,028,028,028,000,000,000,000,000,000,000,000,000,000,000,000,000,000,
0064: 000,000,000,000,000,000,000,000,000,000,000,000,000,000,000,013,000,000,000,028,028,028,000,010,000,008,008,000,006,000,000,000,000,000,000,000,000,000,000,000,000,000,000,000,000,000,000,000,000,000,000,002,000,018,000,000,000,000,000,000,000,000,000,000,000,000,000,000,000,007,025,000,000,000,007,037,037,000,000,000,000,011,011,000,000,000,000,000,000,035,000,000,000,000,000,000,000,000,000,000,000,000,000,000,000,000,000,000,000,014,027,000,000,000,000,000,000,000,003,000,000,000,000,000,000,000,000,009,000,000,000,000,000,003,020,000,010,000,000,016,000,000,029,000,000,000,000,000,000,000,000,000,000,005,000,000,000,000,000,000,000,004,000,000,000,000,000,000,000,000,000,000,000,000,000,000,000,000,000,000,034,038,000,000,000,000,017,017,017,000,000,000,021,000,000,000,000,000,000,000,000,000,000,000,000,000,000,000,000,000,000,000,009,000,000,006,000,000,022,000,000,012,026,000,000,000,000,000,000,000,000,000,000,000,000,000,000,000,000,000,000,000,000,000,000,000,000,000,000,000,000,000,011,011,019,000,000,000,000,000,000,016,000,000,000,000,000,000,000,000,036,023,032,000,000,000,000,000,000,000,000,000,000,000,000,000,000,000,000,000,031,000,000,000,033,000,000,000,000,000,024,000,001,000,000,000,000,000,000,000,000,000,000,000,000,000,000,000,000,000,001,000,000,000,000,030,000,000,000,000,000,000,000,000,000,000,000,000,000,000,000,005,000,015,000,000,000,000,000,000,000,000,000,000,000,000,000,000,000,000,
0060: 000,000,000,000,000,000,000,000,000,000,000,000,012,000,000,000,000,000,000,000,000,000,000,000,006,000,000,000,000,000,000,000,000,000,000,003,000,000,000,000,000,031,000,000,000,000,000,000,000,000,000,000,000,000,000,000,000,000,000,000,000,000,000,021,000,000,000,000,000,000,015,000,000,000,000,000,002,000,000,000,000,000,000,000,010,000,016,000,000,000,029,000,000,000,007,000,030,000,000,004,000,000,000,000,000,026,000,000,000,000,000,000,016,000,000,000,000,009,000,000,000,000,000,000,000,000,000,000,000,000,000,000,000,000,008,008,000,000,010,000,001,000,000,000,000,000,000,000,000,000,011,011,000,000,000,000,000,000,000,000,000,032,007,000,000,009,000,000,000,000,000,000,000,000,000,000,000,005,000,000,000,000,000,000,025,000,000,000,000,000,000,000,000,000,000,000,000,000,000,000,000,000,000,000,000,000,000,000,000,000,036,000,000,000,000,000,000,000,000,000,000,000,017,017,017,022,000,000,024,000,000,000,000,000,000,000,000,000,000,000,000,034,000,000,000,000,000,000,019,000,000,000,000,028,028,028,035,000,000,000,000,000,000,000,000,000,000,000,000,000,003,000,000,000,000,000,000,000,000,000,000,000,000,000,000,000,000,000,000,000,000,000,000,018,000,000,000,038,000,013,000,037,037,000,000,000,000,000,000,000,000,000,000,011,011,000,000,000,000,000,000,000,000,000,000,000,000,000,033,020,000,000,005,000,000,000,000,000,000,014,000,000,000,023,000,000,000,000,001,000,000,000,000,027,000,000,006,000,000,000,
0058: 000,000,000,000,000,014,006,000,000,000,000,000,000,008,008,000,000,001,000,000,005,000,000,000,000,000,005,000,000,000,035,000,000,000,000,000,000,000,000,024,000,000,000,000,000,000,000,020,000,000,000,000,000,000,000,000,000,000,000,000,000,000,000,000,000,000,000,000,000,000,000,000,000,004,000,000,000,000,022,000,038,000,000,000,000,000,018,000,000,000,019,000,000,012,000,000,000,000,000,007,000,031,000,000,000,000,000,000,000,000,000,034,000,000,000,000,000,000,000,000,000,000,000,000,000,000,000,033,000,000,000,009,000,000,000,000,000,000,000,000,000,000,000,000,000,000,027,036,000,000,000,021,000,000,000,000,000,000,000,000,026,000,000,000,000,000,000,000,000,000,016,000,000,000,000,000,000,000,000,000,000,000,000,000,000,000,007,000,000,000,030,000,000,000,000,000,000,000,025,000,023,000,000,000,011,011,000,000,000,000,000,000,028,028,028,000,000,000,000,000,000,000,000,000,000,000,000,003,000,000,003,013,000,000,000,000,000,000,000,000,009,017,017,017,000,000,000,000,000,000,000,000,000,015,000,000,000,000,000,010,000,000,000,000,000,000,000,000,000,000,006,000,000,000,000,001,000,000,000,000,000,000,000,000,000,000,000,002,000,000,000,000,000,000,000,011,011,000,000,000,000,000,000,010,000,000,000,000,000,000,000,029,000,000,000,000,000,000,000,000,000,000,000,000,000,000,000,037,037,000,000,000,000,000,000,000,000,000,000,000,000,000,016,000,032,000,000,000,000,000,000,000,000,000,000,000,000,000,000,000,
0057: 000,000,000,000,000,033,007,009,000,000,000,000,028,028,028,000,000,000,000,000,000,000,000,000,000,010,000,000,000,000,000,000,000,000,000,005,011,011,000,000,000,000,000,000,000,000,000,000,000,000,000,000,000,000,000,000,000,000,000,000,000,005,000,000,000,000,000,000,031,022,000,000,000,000,000,000,000,019,000,000,000,000,000,000,000,000,000,000,000,000,000,000,000,006,000,000,000,018,000,000,000,000,000,014,000,000,000,000,000,000,000,000,000,025,000,000,000,000,000,000,027,000,001,000,000,021,000,000,000,000,000,000,000,000,000,000,000,000,003,000,000,000,016,000,000,000,000,010,034,000,000,000,000,000,000,000,000,000,000,000,000,000,000,000,032,000,000,000,000,000,000,000,000,000,002,001,000,000,000,000,000,000,000,000,000,000,000,000,000,000,000,000,037,037,000,000,000,000,000,000,004,000,000,000,000,000,008,008,000,000,000,000,000,000,000,000,000,000,000,000,000,000,000,000,000,000,000,000,000,000,003,000,000,000,000,000,000,013,000,000,000,000,000,000,029,000,000,000,000,000,000,000,000,000,000,000,000,000,000,000,000,012,026,000,000,000,000,000,000,000,000,030,000,000,000,000,000,000,000,000,000,000,000,000,020,000,000,007,024,000,017,017,017,000,000,000,000,000,006,000,000,000,000,000,000,000,016,036,000,000,000,000,000,000,000,000,000,035,000,000,011,011,000,000,000,000,000,000,000,000,000,009,000,000,000,000,000,000,000,000,023,000,000,000,000,000,000,000,000,000,000,000,000,038,000,000,000,000,015,000,
0054: 000,000,000,000,000,000,000,000,000,000,000,010,000,013,000,000,000,000,000,000,000,000,000,000,000,000,000,000,000,000,000,000,000,000,000,000,000,000,000,000,005,000,000,000,000,012,000,003,000,000,000,000,000,004,000,000,000,000,000,000,000,000,000,000,000,000,000,000,000,000,000,000,000,000,000,000,000,000,000,008,008,000,000,038,000,000,000,000,000,000,000,000,000,000,000,000,037,037,000,000,001,000,000,000,009,000,000,000,000,000,003,011,011,000,000,000,000,000,000,000,000,000,000,000,000,000,000,000,000,000,000,000,000,026,000,000,000,000,000,000,019,000,000,006,000,000,000,000,000,000,000,000,000,000,000,035,000,000,000,000,000,000,000,000,000,000,000,000,028,028,028,000,000,000,000,000,000,000,000,000,034,000,000,000,000,010,020,000,032,000,000,000,030,000,000,000,000,024,007,031,000,000,000,007,000,000,000,000,000,000,000,000,000,000,000,000,002,000,000,029,000,000,014,000,000,000,009,000,000,000,000,000,000,000,000,000,000,033,001,000,000,000,000,000,000,000,000,005,000,000,000,000,000,000,016,000,000,000,000,000,000,000,000,000,000,000,000,000,000,000,000,000,000,000,000,000,017,017,017,000,000,000,000,000,011,011,015,000,000,000,018,023,000,000,000,000,000,000,000,000,000,000,000,000,000,025,000,000,021,000,000,000,000,022,000,000,000,000,000,027,000,000,016,000,000,000,000,000,000,000,006,000,036,000,000,000,000,000,000,000,000,000,000,000,000,000,000,000,000,000,000,000,000,000,000,000,000,000,000,000,
0053: 000,000,000,009,000,000,021,000,000,000,000,007,000,000,000,000,008,008,005,000,000,000,000,000,000,000,032,000,000,000,000,000,003,000,000,000,001,017,017,017,000,005,000,000,000,000,000,000,000,000,000,000,000,000,031,000,000,000,000,000,000,012,000,000,000,000,000,000,023,000,000,000,000,000,000,000,000,000,000,000,000,000,000,034,000,000,000,024,000,000,022,000,000,000,000,000,000,000,000,000,000,000,000,000,010,000,000,000,000,000,000,000,026,000,000,038,000,000,000,000,000,000,000,000,000,000,000,035,000,000,000,000,000,000,027,000,000,000,000,000,000,000,016,000,000,000,029,004,000,000,010,000,000,000,000,000,000,000,000,000,000,000,000,000,000,000,000,000,000,000,019,018,000,000,000,000,000,000,000,000,000,000,000,000,000,000,000,000,000,000,000,000,000,000,000,000,000,000,000,000,009,000,000,000,011,011,000,000,000,000,000,000,000,016,000,000,000,000,000,000,000,000,000,000,000,000,000,000,000,000,000,000,000,033,000,013,000,000,000,000,015,000,000,000,000,000,000,000,000,000,000,000,000,000,000,000,000,000,014,000,028,028,028,000,000,000,000,000,000,000,002,000,011,011,000,006,000,000,000,000,000,000,000,000,000,000,000,000,000,000,000,000,000,000,000,000,020,000,006,000,000,036,000,000,001,000,000,000,000,000,000,007,000,000,037,037,000,000,000,000,000,000,000,000,000,000,000,000,003,000,000,000,000,000,000,000,000,000,000,000,000,000,000,000,000,000,000,000,000,000,000,000,000,000,000,000,030,000,025,000,
0052: 023,000,000,000,000,000,000,001,000,000,000,000,000,000,000,000,000,000,000,000,006,000,031,000,000,000,000,011,011,000,000,000,000,005,003,000,000,000,000,000,000,000,000,022,000,000,000,000,000,000,017,017,017,000,000,000,000,000,000,000,000,000,000,000,000,000,028,028,028,000,000,000,027,000,000,038,000,000,000,000,000,000,000,000,000,000,000,000,007,000,000,013,000,000,000,000,000,029,000,000,019,014,009,000,000,000,000,000,010,000,000,000,000,000,000,000,000,000,000,000,000,000,000,000,026,000,000,000,000,000,000,000,000,000,016,000,000,000,000,000,016,000,000,000,000,000,000,000,000,000,000,036,000,000,000,000,000,000,000,000,000,000,000,000,037,037,000,000,000,000,000,000,000,000,000,006,000,000,000,030,000,000,000,000,000,000,000,000,000,000,000,000,000,000,000,000,000,000,000,033,000,008,008,000,000,000,000,000,015,000,000,000,000,000,000,000,000,000,000,000,000,000,011,011,000,007,000,000,000,000,000,000,002,020,000,000,000,000,000,000,000,000,000,000,000,000,000,000,034,000,000,000,000,003,000,000,000,000,000,000,000,032,000,000,000,000,000,000,000,000,000,000,000,000,005,000,000,000,000,000,000,000,000,000,000,000,000,000,000,000,000,000,000,000,000,000,000,025,000,000,000,000,024,000,000,035,000,000,000,000,000,000,000,000,000,021,004,000,000,000,000,000,000,000,018,000,010,000,000,000,000,000,000,000,000,000,001,000,000,000,000,000,000,000,000,009,000,000,000,000,000,000,000,000,012,000,000,000,000,000,
0052: 000,000,017,017,017,000,000,000,000,000,000,000,000,000,000,000,000,000,000,000,000,000,000,000,000,000,000,000,012,000,000,000,000,000,014,000,000,020,000,000,000,000,000,000,000,011,011,000,000,000,000,000,000,009,000,000,000,000,000,000,000,038,010,000,000,000,000,000,016,000,000,000,000,000,000,000,011,011,000,000,000,000,000,000,003,024,000,000,000,000,000,034,000,000,000,000,000,000,000,000,004,000,000,000,000,000,000,000,000,000,000,000,000,000,000,000,000,000,000,000,000,000,000,000,007,031,000,000,000,000,000,000,000,000,027,033,000,000,000,016,036,000,000,000,000,000,000,000,000,000,000,000,000,000,000,000,000,000,000,000,000,000,000,028,028,028,000,000,000,000,030,000,007,000,000,001,000,001,000,000,000,000,000,000,000,000,000,009,000,000,000,000,000,000,000,000,000,000,019,000,000,000,000,000,000,000,015,000,000,000,000,000,000,000,000,000,000,000,000,000,005,000,000,000,000,000,000,000,000,000,000,000,000,000,000,000,000,018,000,000,000,000,000,000,000,022,000,000,000,032,000,000,000,000,035,023,000,000,000,000,000,000,000,000,000,000,010,000,000,000,002,000,000,000,000,000,000,000,000,025,000,000,000,000,000,000,000,000,008,008,000,000,000,000,000,037,037,000,005,000,000,000,000,000,000,000,000,000,029,000,000,000,000,000,000,000,000,000,000,000,000,013,000,000,000,000,000,026,000,000,000,021,000,000,000,000,003,000,000,000,000,000,000,000,006,000,000,000,000,006,000,000,000,000,000,000,000,000,000,000,
0051: 011,011,000,016,000,005,001,000,038,000,000,000,000,000,000,000,000,000,000,015,000,000,010,000,034,000,000,000,000,000,000,000,000,000,000,000,000,000,000,000,000,000,000,000,000,000,000,000,000,000,000,000,000,000,000,000,000,000,000,000,000,000,029,000,000,000,000,000,000,000,000,000,026,000,000,000,000,000,000,000,000,000,000,020,000,000,000,000,000,009,000,000,000,000,000,000,000,000,000,000,000,000,036,000,000,000,000,009,000,000,000,000,000,000,000,000,000,000,000,000,000,000,000,003,000,000,035,000,000,000,012,000,000,000,000,000,000,000,000,000,000,000,000,000,000,018,000,000,005,000,000,000,000,000,000,000,000,000,000,000,000,000,000,000,011,011,000,000,000,000,000,000,000,000,000,000,000,002,000,000,000,000,000,000,000,000,024,000,000,000,000,000,000,000,000,000,000,006,000,000,010,000,000,000,000,000,000,000,000,000,000,000,000,000,000,000,000,000,003,007,000,000,000,023,000,000,000,000,000,000,000,000,000,000,000,000,000,000,000,000,027,000,000,000,000,000,000,000,000,000,000,022,000,000,000,000,000,000,000,000,000,000,037,037,000,000,000,000,000,000,033,000,000,000,000,000,007,000,017,017,017,000,000,031,021,000,000,032,000,000,000,000,000,000,000,000,000,000,000,000,000,000,000,000,000,019,028,028,028,000,000,000,000,000,008,008,013,000,000,000,000,000,000,000,000,000,000,000,000,000,000,000,000,000,000,004,001,000,006,000,000,000,000,000,000,000,000,000,000,000,000,030,014,000,025,016,000,000,000,000,
0050: 000,000,036,000,000,000,000,000,000,038,000,000,000,005,000,000,012,000,006,000,000,000,000,000,000,005,000,000,000,000,000,000,000,037,037,000,000,000,000,000,000,000,000,029,000,000,000,032,000,000,000,000,000,000,000,002,027,000,000,000,000,000,000,000,000,000,000,008,008,000,000,000,000,000,000,000,000,000,000,000,000,000,000,000,015,000,000,000,000,000,000,000,000,000,001,000,000,000,000,000,000,000,000,011,011,000,000,000,000,000,000,000,000,000,000,000,000,026,020,000,000,021,000,000,000,000,000,000,000,000,000,000,000,000,000,023,000,000,000,000,000,000,009,000,006,003,000,000,000,000,000,000,000,000,000,000,000,000,000,000,000,000,000,000,000,000,000,000,000,000,000,030,000,010,000,000,000,000,000,000,016,000,000,004,000,000,000,000,000,000,025,000,033,000,000,000,000,000,000,000,000,000,000,000,000,000,000,000,000,019,000,003,000,000,000,035,000,000,009,000,000,000,000,007,000,000,010,000,000,000,000,000,000,000,000,000,000,000,000,014,007,000,000,000,000,000,022,000,000,000,000,024,000,000,000,000,000,000,000,000,034,000,000,000,000,000,000,000,000,000,000,000,000,000,000,000,000,000,000,000,018,000,000,000,000,000,000,000,000,000,000,000,000,000,000,000,000,000,000,000,000,028,028,028,000,000,000,000,017,017,017,000,000,000,000,000,000,000,000,000,016,000,000,000,000,000,000,000,000,000,000,000,000,000,000,000,000,000,031,000,000,000,000,000,011,011,000,001,000,013,000,000,000,000,000,000,000,000,000,000,
0049: 000,000,000,000,000,000,000,000,000,000,000,000,000,000,000,019,000,000,000,000,000,000,000,000,000,000,000,000,000,000,000,000,000,000,000,000,000,000,000,000,000,000,000,030,000,000,000,000,000,000,000,000,000,000,024,000,000,000,000,000,000,000,000,020,000,000,000,000,003,000,000,000,000,000,000,000,000,000,032,000,000,000,000,000,003,000,000,000,000,000,000,000,000,000,000,000,000,000,000,000,000,000,000,000,005,008,008,000,011,011,000,000,000,000,029,000,000,000,000,000,000,000,000,031,000,000,035,000,000,000,000,000,000,000,000,000,000,009,000,000,000,026,000,000,000,016,021,001,000,000,000,000,000,000,000,000,000,000,000,000,000,000,000,000,000,000,000,000,000,022,000,000,000,000,000,000,000,006,000,000,000,010,000,000,000,000,037,037,000,000,000,000,000,000,000,000,000,000,000,000,000,014,000,038,000,000,000,000,012,000,000,000,000,000,000,000,000,000,000,000,000,000,000,000,000,000,000,000,000,000,000,000,000,000,000,000,028,028,028,000,000,000,000,000,000,000,000,000,000,000,000,000,000,000,000,000,000,000,000,000,033,000,000,034,000,000,000,000,000,000,000,000,000,000,000,000,000,000,000,001,000,000,000,017,017,017,000,005,000,000,000,011,011,000,015,000,000,000,027,025,000,000,000,000,013,036,000,000,002,000,000,000,000,000,000,010,009,000,016,000,007,000,006,000,000,000,000,000,000,000,000,004,000,000,000,000,000,000,000,000,000,000,000,000,000,000,000,000,023,000,000,007,000,000,018,000,000,000,000,000,
0049: 000,000,000,000,000,000,000,000,000,000,037,037,000,000,000,000,000,000,000,000,034,024,000,000,007,000,000,000,000,000,000,023,000,000,013,000,000,000,000,000,000,000,000,000,000,000,003,000,000,038,000,000,007,000,036,000,000,000,000,000,000,000,000,000,000,009,000,000,000,000,000,000,000,000,010,000,000,000,000,000,000,020,000,000,000,000,000,000,000,000,000,000,000,000,033,000,000,000,000,000,000,000,000,000,000,000,005,000,000,000,000,000,000,000,000,000,000,022,000,000,000,000,000,000,000,000,000,027,000,000,000,000,000,005,000,000,014,000,000,000,000,000,029,000,011,011,000,035,000,000,000,000,000,000,000,000,000,000,000,000,000,000,016,000,003,000,004,016,000,000,000,000,000,000,000,000,018,000,000,000,000,000,000,000,000,000,000,000,000,000,000,000,000,000,000,019,000,000,000,000,000,000,000,000,000,000,000,000,012,009,000,000,000,000,000,000,000,011,011,017,017,017,000,000,000,000,000,000,000,000,000,000,000,000,000,000,000,000,000,000,000,000,000,021,000,000,000,000,000,000,000,000,000,000,000,000,000,000,028,028,028,000,000,000,000,000,000,000,015,000,000,000,026,001,000,000,000,000,000,000,000,000,008,008,000,000,000,000,000,001,000,000,000,000,000,000,000,000,000,000,025,032,000,000,000,000,000,000,000,000,000,000,000,000,000,000,000,000,000,000,000,000,000,000,000,000,000,000,000,000,000,000,000,006,000,010,006,030,000,000,000,000,000,002,000,000,000,000,000,031,000,000,000,000,000,000,000,000,000,000,
0048: 000,000,000,000,000,000,000,000,000,000,000,000,026,000,000,038,036,000,000,007,000,000,000,000,000,000,024,000,031,000,000,000,000,000,000,000,030,000,000,000,000,000,000,000,000,000,000,000,000,000,000,000,000,000,000,000,000,000,000,000,000,000,000,000,000,000,000,000,000,000,014,000,000,000,000,000,000,000,000,000,000,000,000,000,000,000,000,000,000,000,000,000,006,000,000,000,000,000,000,000,000,000,000,000,000,000,000,000,005,000,000,000,035,000,000,004,000,000,000,000,000,000,006,000,000,000,000,000,000,000,000,000,000,000,000,000,000,000,000,000,000,028,028,028,000,025,000,022,000,000,000,000,037,037,002,000,000,000,000,010,000,000,000,000,000,000,000,000,000,000,000,000,000,000,000,000,000,011,011,000,000,000,016,000,000,000,000,007,000,000,000,000,000,000,000,000,000,000,000,000,000,000,000,000,008,008,000,000,000,000,000,000,000,016,000,000,000,000,017,017,017,000,000,000,000,000,000,000,000,000,032,000,000,015,000,000,000,000,000,000,000,000,013,000,000,000,000,000,000,000,000,000,003,000,023,000,000,000,000,000,000,009,000,000,034,000,000,000,000,000,000,000,000,000,000,000,000,018,000,000,000,000,000,000,000,000,001,033,000,000,000,010,029,000,000,000,000,000,000,000,000,000,000,020,000,000,000,000,000,000,005,000,000,001,000,021,000,000,011,011,000,000,000,000,000,000,000,000,000,000,000,000,000,000,000,000,000,000,003,027,000,000,000,000,000,000,000,000,012,000,000,000,009,000,019,000,000,000,000,000,
0048: 000,000,000,000,000,000,012,000,000,000,000,005,000,000,000,000,000,000,000,023,000,000,000,000,009,000,017,017,017,000,000,000,001,000,000,000,000,000,000,000,000,000,000,000,000,000,000,000,000,000,000,000,000,000,000,000,000,000,000,000,000,000,000,029,000,000,000,000,000,032,030,000,000,000,000,000,000,033,000,000,000,000,006,000,000,000,000,000,000,000,000,000,000,000,000,000,000,000,000,000,031,000,007,000,000,000,000,000,000,000,000,000,000,003,000,000,019,000,037,037,000,000,000,000,000,000,000,000,011,011,002,000,000,000,000,000,000,034,004,000,000,000,000,000,000,000,000,000,000,000,000,000,000,000,009,000,000,018,000,000,000,000,000,000,000,000,000,000,000,000,000,000,000,000,000,000,000,000,000,000,000,000,000,000,000,000,006,000,016,000,000,000,000,000,000,005,000,000,026,000,000,000,000,000,000,000,000,000,000,000,000,000,000,000,000,000,000,000,000,000,000,000,000,000,000,027,000,000,000,000,000,000,000,000,000,000,000,000,000,000,000,024,000,000,000,000,000,000,014,000,000,000,000,000,000,000,000,000,000,000,000,013,010,000,000,000,000,035,000,000,000,000,000,000,000,021,000,036,028,028,028,000,000,000,000,000,000,000,010,020,000,000,000,000,000,000,000,000,000,000,000,007,000,000,000,003,008,008,022,000,000,000,000,000,000,000,000,000,000,000,000,000,000,000,000,000,015,000,000,000,000,000,000,000,000,000,011,011,000,000,000,000,001,000,038,016,000,000,000,000,000,000,000,000,000,000,025,000,000,000,
0047: 000,000,004,000,000,033,000,000,000,000,000,000,006,000,000,000,000,000,000,000,000,000,000,006,000,000,000,000,000,000,000,000,000,000,000,000,000,000,000,000,000,000,000,000,000,000,000,000,000,000,000,000,000,000,005,000,000,000,000,000,007,000,000,000,000,000,000,000,000,000,000,000,003,000,000,029,000,000,000,000,000,000,000,000,000,000,000,000,000,000,015,000,017,017,017,000,016,000,000,000,000,000,000,000,020,000,000,018,000,000,000,019,000,000,000,000,000,000,000,010,000,000,000,000,035,000,000,000,000,000,000,000,000,000,000,000,000,000,000,000,000,000,000,000,000,034,000,000,012,000,000,000,026,000,000,000,000,000,000,025,000,000,000,000,000,000,000,000,013,000,000,000,000,000,000,000,000,000,000,000,000,000,000,000,000,000,027,028,028,028,000,023,000,000,000,005,000,000,000,000,031,000,000,000,038,000,000,024,002,000,030,000,000,000,000,000,000,000,000,000,000,000,022,000,000,000,003,000,000,000,000,000,000,000,000,000,000,000,000,000,000,000,000,000,037,037,000,000,011,011,000,021,000,000,000,000,000,000,001,000,036,000,000,000,000,000,000,000,000,000,000,000,000,000,000,000,000,000,000,000,000,000,000,011,011,000,000,000,000,000,000,001,000,000,009,000,000,000,000,000,000,000,000,000,000,000,007,000,000,000,016,000,000,000,000,000,000,000,000,000,000,000,000,000,014,000,000,000,000,000,000,000,010,000,000,000,000,000,000,000,032,000,000,000,000,009,008,008,000,000,000,000,000,000,000,000,000,000,000,000,
0046: 000,000,000,000,014,005,000,000,000,000,000,000,007,000,000,032,000,000,022,000,000,000,000,000,028,028,028,000,000,000,000,000,000,000,000,000,015,000,000,000,000,000,000,000,000,000,010,000,000,000,000,000,000,000,000,000,000,000,000,000,000,000,020,029,000,000,000,000,000,000,000,000,000,000,000,000,000,000,000,000,024,000,000,000,000,000,034,007,000,035,000,000,000,000,000,000,000,011,011,000,000,000,003,000,000,000,000,006,000,000,000,000,000,000,000,000,000,000,001,000,000,000,000,000,000,000,000,000,000,000,000,000,012,000,000,000,000,000,000,000,000,000,000,000,000,000,000,000,000,000,000,000,000,000,000,000,000,000,000,000,016,000,000,000,000,036,000,000,000,000,000,000,000,000,008,008,013,021,000,000,000,000,000,000,003,000,000,016,000,000,001,000,000,000,000,000,000,000,000,000,000,000,000,000,000,000,000,000,000,000,000,019,000,000,000,010,009,000,000,000,000,000,000,000,000,000,000,000,000,000,000,000,018,000,000,000,000,000,000,038,017,017,017,000,023,000,033,000,000,000,000,000,000,000,000,000,004,000,000,000,000,000,000,000,000,000,000,000,000,000,000,000,000,025,000,000,037,037,000,000,000,000,000,000,000,000,000,002,000,000,000,000,030,000,000,000,000,000,000,000,000,000,031,000,000,000,000,000,000,000,000,000,000,000,000,011,011,000,000,000,000,000,000,009,026,000,000,005,000,000,000,000,000,000,000,000,000,000,000,000,000,000,000,000,000,000,000,000,000,000,000,000,006,000,000,000,027,000,000,000,
0046: 000,000,000,000,000,000,030,000,018,000,000,001,020,000,000,016,000,000,000,000,000,000,000,004,000,021,000,003,000,000,000,000,000,000,000,025,000,000,000,000,000,000,015,000,000,008,008,000,000,000,009,000,000,000,000,000,000,000,000,000,000,000,000,000,000,000,000,000,012,000,037,037,000,000,000,000,000,000,000,000,000,007,000,000,000,000,000,033,000,000,022,000,011,011,000,000,036,000,000,000,000,000,000,000,000,000,000,000,000,000,000,000,000,000,017,017,017,000,000,000,000,000,000,000,000,000,000,000,000,000,000,000,000,000,000,000,000,000,000,000,000,000,000,014,000,000,000,000,000,000,006,007,000,000,000,000,000,000,000,000,011,011,000,028,028,028,000,000,000,000,000,034,000,000,000,000,000,000,000,000,000,013,000,000,000,000,000,000,000,038,000,000,000,000,032,000,000,000,000,026,000,000,000,000,000,000,000,000,000,000,000,000,000,000,000,016,000,000,000,000,000,000,000,019,000,009,000,000,000,000,000,000,000,000,010,001,000,000,000,000,000,000,000,000,031,000,000,000,000,000,000,000,000,000,005,000,000,000,000,000,000,000,035,000,000,000,000,000,000,000,000,000,000,003,000,000,000,000,000,000,000,000,000,000,000,000,000,000,000,005,000,000,000,000,000,000,000,000,000,000,000,000,010,000,000,000,023,000,000,000,029,000,000,000,000,000,027,000,000,000,000,000,000,024,000,000,000,000,000,000,000,000,002,000,000,000,000,000,000,000,000,000,000,000,000,000,000,000,000,000,006,000,000,000,000,000,000,000,000,000,
0044: 000,000,016,020,000,000,000,000,000,000,000,000,000,000,000,000,013,000,000,000,000,000,000,000,000,000,000,000,000,000,000,019,000,001,000,000,000,000,000,000,003,000,000,000,000,006,000,000,000,000,000,000,000,000,038,000,000,000,000,000,000,034,000,000,000,000,000,000,000,026,000,000,000,000,000,000,000,000,000,000,000,000,010,000,000,000,000,000,000,000,000,014,000,000,000,000,000,000,000,001,000,000,000,000,000,000,000,000,000,000,000,000,000,000,000,000,022,000,000,000,000,000,036,000,000,000,000,007,000,000,000,000,000,000,027,000,000,000,000,000,000,000,000,000,000,000,000,028,028,028,033,002,000,000,000,000,006,000,000,000,000,000,000,000,000,004,000,000,000,000,000,000,000,000,000,000,000,032,021,007,003,000,000,000,000,000,000,000,000,000,000,000,000,000,000,000,000,000,000,000,000,023,000,016,000,000,005,000,000,000,000,017,017,017,000,000,011,011,000,000,000,000,000,000,000,000,000,018,012,000,009,000,000,015,000,000,000,000,000,000,000,000,000,000,000,000,000,000,000,000,000,000,000,000,000,000,000,000,031,000,000,005,000,000,000,000,024,000,000,030,010,000,000,000,000,000,000,025,000,000,000,000,000,000,000,000,000,000,000,000,000,000,000,000,000,000,000,000,000,000,000,000,000,000,008,008,000,000,000,000,011,011,000,000,000,000,000,000,000,000,000,000,000,000,000,000,000,000,029,000,037,037,000,000,000,000,000,009,035,000,000,000,000,000,000,000,000,000,000,000,000,000,000,000,000,000,000,000,000,000,
0043: 000,000,000,000,000,000,000,000,000,000,000,025,033,000,000,000,000,000,000,000,000,000,000,013,000,000,000,000,000,000,000,022,000,000,000,000,000,000,000,032,000,000,000,000,000,000,000,027,000,000,000,000,000,000,000,000,000,000,001,000,031,000,007,000,000,000,000,000,018,011,011,000,000,016,000,000,000,000,000,000,000,000,000,000,024,000,000,000,000,000,009,000,000,000,000,010,000,000,000,000,000,000,000,000,000,000,000,000,000,000,000,000,000,000,000,000,000,004,000,000,000,006,000,020,000,000,000,000,000,000,000,036,000,000,000,000,000,000,000,000,000,000,029,000,000,000,000,000,000,000,000,007,000,000,026,000,000,000,000,010,000,000,000,006,000,000,000,000,000,000,000,000,000,000,000,000,000,000,000,035,000,000,000,000,000,000,000,000,000,000,008,008,005,000,000,000,000,000,000,000,000,000,000,000,000,000,000,000,000,000,000,000,000,000,000,000,000,000,034,021,000,000,030,000,000,000,002,000,000,000,000,038,000,000,000,000,001,000,000,000,028,028,028,000,000,014,000,000,000,000,000,000,000,000,000,000,000,000,017,017,017,023,012,000,000,000,015,000,000,000,000,000,000,000,000,000,016,000,000,000,000,000,000,000,000,000,000,000,000,000,000,000,000,000,000,000,000,009,000,000,000,000,000,000,000,000,000,000,003,000,000,000,000,000,037,037,000,000,000,000,000,000,000,000,011,011,000,019,000,000,000,000,000,000,000,000,000,000,000,000,000,000,000,000,000,000,000,000,000,000,000,000,000,000,000,000,003,000,005,000,
0043: 000,000,000,000,022,000,000,000,000,000,000,010,000,000,015,000,005,000,034,000,000,035,010,000,000,000,000,000,000,000,001,000,000,029,000,000,000,008,008,000,000,000,019,024,000,000,000,000,000,000,000,000,000,000,000,000,000,000,000,000,000,000,000,000,000,000,000,000,000,000,031,000,000,000,000,016,000,000,000,000,000,000,000,000,000,000,000,025,000,000,000,000,000,000,021,023,030,000,000,000,000,000,028,028,028,000,009,000,000,000,000,000,011,011,000,000,000,000,000,000,000,000,000,000,000,000,000,000,000,000,036,000,000,027,000,000,000,000,000,000,000,000,000,000,000,000,018,000,000,000,000,000,002,000,000,000,000,000,000,000,000,000,000,000,000,005,000,000,000,000,003,000,000,000,033,000,000,000,000,000,017,017,017,003,000,000,000,000,000,000,000,000,000,000,000,000,000,000,000,000,000,000,000,000,000,000,000,007,000,000,000,000,000,037,037,000,000,000,000,000,000,000,000,000,000,000,000,000,020,000,000,013,000,000,000,000,000,000,000,000,000,000,000,000,000,000,000,000,000,000,000,000,011,011,000,000,000,000,000,000,006,000,000,000,000,000,000,000,000,000,000,000,000,012,009,000,000,004,000,000,038,016,000,000,000,000,000,000,000,000,000,000,000,000,000,000,000,000,000,007,000,000,000,000,000,000,000,000,000,000,000,000,000,000,000,000,000,000,000,000,000,000,000,001,032,000,000,000,000,000,000,000,000,026,000,000,000,000,000,000,000,000,000,000,006,000,000,000,000,014,000,000,000,000,000,000,000,000,000,000,
0040: 000,000,000,000,000,000,000,000,000,000,000,000,000,000,006,000,000,000,033,000,000,000,000,000,000,000,018,000,000,000,000,000,000,000,004,000,000,000,000,000,025,000,000,000,000,000,000,000,000,000,000,022,000,000,012,000,000,034,000,000,000,000,000,000,000,000,000,000,000,000,000,000,000,000,000,000,000,000,011,011,000,000,000,000,000,000,000,000,000,000,000,000,000,000,000,000,000,000,000,000,000,000,000,000,000,000,000,000,003,000,000,021,000,000,000,000,000,000,000,029,000,000,000,000,000,000,000,007,011,011,000,000,000,000,000,000,000,000,006,000,000,000,000,000,000,038,000,000,000,000,000,000,003,000,000,000,000,000,000,000,000,000,000,000,000,000,000,000,000,000,000,000,000,000,000,000,000,000,000,000,000,000,000,014,020,000,000,000,000,000,000,030,000,000,000,000,000,000,000,000,000,000,000,000,000,035,000,000,000,000,000,000,000,000,000,000,000,000,024,000,001,000,016,000,000,000,000,000,000,000,000,026,000,000,000,000,000,000,000,000,000,000,000,000,000,000,017,017,017,000,009,027,000,000,000,000,000,010,000,000,000,000,010,023,000,000,005,000,000,000,000,000,000,000,008,008,000,001,000,000,000,000,000,015,037,037,000,000,000,000,000,000,000,000,000,019,000,000,000,007,000,000,000,000,000,000,000,000,013,000,000,000,000,000,028,028,028,000,000,000,000,000,000,000,000,000,000,000,000,000,016,000,000,000,005,000,000,032,002,000,009,000,000,000,000,031,000,000,000,000,000,036,000,000,000,000,000,000,000,000,
0039: 000,000,000,000,000,036,000,000,000,000,000,000,000,000,000,026,007,000,012,000,000,000,034,000,000,000,000,000,000,000,000,000,000,000,007,000,000,000,000,000,000,000,000,000,000,000,000,004,000,000,000,000,000,000,000,000,000,000,000,000,000,000,000,000,000,000,000,000,000,000,000,000,000,000,000,000,000,000,000,000,000,000,000,000,002,000,000,000,000,000,019,000,000,000,000,000,000,015,000,000,000,000,000,000,000,000,000,001,000,000,000,000,000,000,008,008,000,000,000,000,000,000,000,000,000,000,000,000,033,000,018,000,000,027,000,000,000,000,000,016,000,000,021,000,000,000,023,000,031,000,000,000,000,000,000,000,000,000,000,000,000,014,000,000,005,000,009,000,006,000,000,000,000,000,000,000,000,000,000,000,000,010,000,000,011,011,000,000,000,000,000,016,038,000,000,000,000,000,000,000,006,000,000,000,000,000,000,017,017,017,000,000,000,000,000,000,000,000,000,000,000,000,000,000,000,000,000,000,000,000,022,000,000,000,000,000,000,000,000,000,000,000,001,003,000,000,013,000,000,000,000,000,000,000,000,000,000,000,000,020,000,000,000,000,000,037,037,032,000,000,000,000,000,000,000,000,000,000,000,025,003,000,035,000,000,000,000,000,000,000,000,000,000,000,029,000,000,000,000,000,000,000,000,000,005,000,024,000,000,000,000,000,000,000,000,000,000,009,000,011,011,000,000,000,000,000,000,000,000,000,000,000,000,000,000,000,000,000,000,000,000,000,000,000,000,000,000,000,030,000,010,028,028,028,000,000,000,000,000,000,
0038: 000,000,000,000,016,007,000,000,000,000,000,000,000,000,014,000,000,000,000,000,000,000,000,000,000,000,000,000,000,000,000,000,000,006,000,026,000,000,032,000,000,000,000,000,000,000,000,000,000,027,000,000,000,000,000,000,000,025,000,000,000,000,000,009,000,000,016,000,000,000,000,000,000,013,000,000,000,000,000,000,000,000,000,012,000,000,000,000,000,000,000,000,000,000,000,000,022,019,034,000,000,000,021,000,000,029,000,000,000,000,030,000,000,000,000,000,000,000,000,024,007,000,000,000,000,020,031,000,000,000,006,000,010,000,000,000,000,000,011,011,011,008,008,000,000,000,000,000,000,015,000,038,001,000,023,000,037,037,003,000,000,000,000,000,000,000,000,000,000,000,000,000,000,000,000,033,000,000,000,000,000,000,000,000,000,000,000,000,000,000,000,000,000,000,000,000,000,000,000,000,000,000,000,000,000,000,028,028,028,000,000,000,000,000,000,000,000,000,000,000,000,018,000,000,000,000,000,000,000,000,000,004,000,000,000,000,000,000,035,000,000,000,036,000,010,000,000,000,000,000,000,000,000,000,000,000,000,000,000,000,000,000,009,000,000,000,000,000,000,000,000,000,000,003,000,000,000,000,000,000,000,000,000,000,000,000,000,000,000,000,000,000,000,000,000,000,000,002,000,000,017,017,017,000,000,000,000,000,000,000,000,000,000,000,000,000,000,000,000,000,000,000,000,000,000,000,000,000,000,005,000,000,000,000,000,000,000,000,000,000,000,005,000,000,000,000,000,000,000,000,001,000,000,000,000,000,000,000,000,000,
0037: 012,036,000,000,000,000,000,000,000,000,000,000,000,024,000,025,000,000,000,000,000,000,000,000,000,000,000,000,005,000,000,000,000,009,000,000,000,000,000,000,000,000,000,000,000,000,000,000,000,000,000,005,000,000,000,000,000,000,000,000,000,000,006,000,000,018,000,000,000,000,000,000,000,000,000,000,000,000,000,000,000,000,000,000,000,000,000,000,000,026,019,000,000,027,000,000,023,000,000,000,000,000,000,000,000,000,000,000,000,000,000,000,000,022,000,033,000,000,000,000,000,000,000,000,000,000,000,000,000,000,000,000,000,000,000,000,000,014,000,037,037,000,000,000,000,000,000,000,000,000,000,000,000,000,000,000,000,000,000,000,000,006,000,000,000,000,000,035,000,000,017,017,017,000,000,000,000,000,000,000,013,000,000,029,000,000,000,000,000,000,000,000,000,000,000,000,000,021,003,000,000,016,004,020,000,000,000,000,000,000,000,007,000,000,000,000,000,000,011,011,000,000,000,000,007,000,000,000,000,010,000,000,031,000,000,000,000,000,000,000,000,000,038,000,000,000,000,000,000,000,000,000,000,000,000,000,000,000,011,011,000,000,000,000,000,000,000,028,028,028,000,000,000,000,000,000,000,000,000,000,000,000,000,000,000,000,000,000,000,000,000,000,009,000,000,003,000,000,000,000,000,000,000,000,000,000,000,000,000,002,000,001,000,000,000,000,030,000,000,001,000,000,000,000,008,008,000,000,000,000,000,000,000,000,000,000,000,010,000,000,000,000,032,000,000,000,000,000,000,015,016,034,000,000,000,000,000,000,000,000,
0036: 000,026,000,018,000,000,000,000,000,000,000,000,000,000,000,000,000,000,000,000,000,000,000,000,000,000,000,000,000,000,000,000,033,000,000,000,000,000,000,000,000,000,000,010,017,017,017,000,016,000,000,000,000,000,000,000,000,000,000,010,000,000,000,000,000,000,000,000,000,000,000,000,000,000,000,000,031,000,000,000,000,000,000,000,000,000,000,000,003,000,000,000,000,000,019,000,000,007,000,000,032,000,000,000,000,000,000,000,000,000,000,000,000,000,000,000,000,000,000,000,000,000,000,000,000,000,000,000,000,011,011,000,000,000,000,000,029,000,012,000,000,000,000,000,000,000,000,000,000,000,000,000,000,000,006,000,000,000,000,000,000,000,000,000,000,000,000,000,000,000,000,000,000,000,003,000,001,000,000,000,000,000,000,000,000,000,037,037,000,000,000,000,000,000,000,000,000,000,000,000,000,005,000,000,000,000,000,008,008,000,000,000,000,021,000,000,000,000,000,000,000,000,000,000,000,011,011,000,000,000,000,000,000,016,006,000,000,000,000,034,000,000,000,000,000,000,000,000,000,000,000,020,000,007,000,000,000,002,000,000,000,000,000,005,000,013,022,000,035,000,000,000,000,000,000,000,015,000,000,000,004,027,000,000,000,000,000,000,000,000,000,000,000,000,009,000,000,000,000,000,000,000,000,000,000,000,000,000,030,000,000,000,036,000,000,000,000,000,028,028,028,000,000,000,001,000,038,000,000,000,000,000,025,000,000,000,000,000,024,014,000,000,000,000,000,000,023,000,000,000,009,000,000,000,000,000,000,000,000,000,
0036: 026,000,000,000,000,000,000,000,000,000,000,000,000,000,000,000,037,037,000,000,000,000,000,000,000,000,000,000,000,000,000,000,000,003,000,000,000,000,000,000,000,000,000,000,000,000,000,000,001,000,000,000,005,000,010,000,009,000,000,000,000,000,000,000,008,008,000,000,000,000,000,000,000,000,021,000,000,000,000,000,000,034,000,000,000,025,000,000,000,000,000,000,000,000,033,000,016,000,000,000,000,000,023,013,000,000,000,000,000,000,000,000,000,000,000,000,000,000,000,000,000,000,000,000,016,029,000,000,000,000,000,000,015,000,000,028,028,028,000,000,000,000,000,031,000,004,000,000,000,007,000,000,024,000,000,000,000,000,000,000,000,000,000,030,000,000,000,000,000,000,000,000,000,000,000,035,000,000,032,000,000,000,009,000,000,000,000,003,000,000,000,000,001,000,017,017,017,000,000,000,000,000,000,000,000,000,000,000,000,000,000,000,000,000,000,000,000,000,020,000,000,000,000,000,000,000,000,000,000,000,000,000,000,000,000,000,000,000,000,000,007,000,000,000,000,000,000,000,011,011,000,000,000,000,000,000,000,000,000,000,000,000,005,000,000,000,000,000,000,000,000,000,000,000,000,002,000,000,000,000,000,000,000,000,000,010,000,000,000,000,000,022,000,000,000,000,000,000,000,000,000,000,000,000,000,000,000,006,000,000,000,000,000,000,000,000,000,036,011,011,000,000,006,000,000,000,000,019,000,000,000,000,012,000,000,000,000,000,000,000,014,000,000,000,000,000,000,000,000,038,018,000,000,000,000,000,000,027,000,000,
0036: 000,000,000,000,016,000,000,000,000,000,000,022,000,000,000,000,000,000,034,000,000,000,000,000,000,000,000,000,000,000,032,000,000,000,010,000,000,000,000,000,000,000,000,000,000,000,000,000,000,000,000,000,000,000,000,005,000,017,017,017,000,000,000,000,000,000,013,000,000,000,000,000,000,000,030,000,000,000,000,000,000,000,000,014,000,000,008,008,000,000,000,000,000,000,000,000,033,007,000,018,000,000,000,000,000,000,000,000,029,000,001,000,000,000,000,000,000,000,000,000,000,000,000,000,000,000,000,000,000,000,021,000,000,000,000,024,000,019,000,037,037,000,000,000,023,000,007,000,000,000,000,000,025,006,001,000,015,000,000,000,000,000,000,000,000,011,011,003,000,000,000,000,000,000,000,000,000,000,000,000,000,000,000,000,000,000,000,000,000,000,000,000,000,000,000,000,000,003,000,000,000,000,000,000,000,000,000,000,000,000,000,000,000,000,000,000,000,000,000,000,000,010,000,000,000,016,000,000,000,000,031,000,000,000,000,000,000,000,000,000,036,038,000,000,000,000,000,000,009,000,000,000,000,005,000,027,000,000,000,004,000,000,000,000,000,000,006,000,000,000,000,026,000,000,000,000,000,000,000,000,000,012,000,000,000,000,000,000,000,000,000,000,011,011,000,035,000,000,000,000,000,000,000,000,000,000,000,000,028,028,028,000,000,000,000,000,000,000,000,002,000,000,000,000,000,000,009,000,000,000,000,000,000,020,000,000,000,000,000,000,000,000,000,000,000,000,000,000,000,000,000,000,000,000,000,000,000,000,000,000,
0035: 000,000,000,000,000,000,000,000,000,000,000,025,000,000,000,000,000,000,000,000,000,000,000,010,000,000,015,000,026,000,000,000,018,000,008,008,003,000,000,000,000,000,000,000,000,000,000,000,000,000,000,000,000,000,000,000,000,000,000,000,000,002,000,000,000,000,000,030,000,000,000,033,012,000,000,000,034,000,000,000,000,000,000,000,000,000,000,000,000,000,000,000,000,000,000,036,000,000,000,000,000,032,000,000,001,029,000,000,019,020,000,000,000,000,000,000,000,000,000,000,000,000,000,000,000,000,000,000,000,000,000,000,000,000,000,000,000,007,000,000,021,000,006,000,000,000,000,000,000,000,001,000,000,000,000,000,000,000,037,037,000,000,003,000,000,000,000,000,000,000,000,000,031,000,022,000,000,000,000,000,023,000,000,000,000,000,028,028,028,000,000,000,013,000,000,000,000,000,000,000,000,000,005,000,000,000,000,000,000,005,000,000,009,000,000,000,000,000,000,000,000,000,000,000,000,000,000,000,000,000,000,000,000,024,000,000,000,000,000,000,016,000,000,000,000,000,011,011,000,000,000,000,000,000,000,000,007,000,000,000,000,000,000,000,000,000,000,000,000,010,000,000,000,000,000,009,000,000,000,000,000,000,000,000,000,000,000,000,000,000,000,000,000,000,000,000,000,014,000,000,027,000,006,000,000,000,000,000,000,000,000,000,038,000,000,000,000,000,000,000,017,017,017,000,000,000,000,000,000,000,000,004,000,011,011,000,000,000,000,000,000,000,000,000,000,000,000,000,000,000,000,000,000,035,000,000,000,016,000,000,
0035: 000,000,000,000,000,000,000,000,000,000,000,000,000,000,000,000,000,035,000,000,000,000,000,000,000,000,000,000,000,000,000,000,032,000,000,000,016,000,000,000,000,000,000,000,000,000,001,000,000,000,018,000,000,000,000,000,000,000,000,027,024,000,000,000,000,000,000,000,017,017,017,000,000,000,000,000,000,000,036,038,000,000,000,000,000,000,000,000,000,000,010,000,000,000,000,000,003,000,000,000,000,000,015,000,011,011,000,000,000,000,001,000,000,007,000,000,010,000,000,000,000,007,000,000,000,000,000,000,000,008,008,030,000,000,000,000,000,000,000,000,000,000,000,016,000,000,000,000,000,000,000,000,000,002,000,000,000,000,000,011,011,000,000,000,000,000,000,006,000,000,000,000,000,005,020,000,019,000,000,000,000,000,000,000,000,021,000,000,000,000,000,013,034,000,000,000,000,000,014,000,000,000,000,000,000,023,000,000,000,000,012,000,000,000,000,000,000,000,000,000,000,000,000,000,000,000,000,000,000,000,000,000,000,000,000,000,000,000,000,000,000,000,000,000,000,000,000,000,000,000,000,033,000,004,000,000,009,000,025,000,000,000,000,000,000,029,000,000,005,000,000,000,000,000,000,000,000,000,000,000,000,000,000,000,000,000,000,000,000,000,000,000,000,000,000,000,000,000,000,031,000,000,000,000,009,000,000,000,000,028,028,028,000,000,000,000,000,000,000,037,037,000,000,000,006,000,000,000,022,000,000,000,000,000,000,000,000,000,000,000,000,000,000,000,000,000,000,000,000,000,003,000,000,000,026,000,000,000,000,000,
0033: 000,000,000,000,000,000,000,000,006,000,000,000,000,023,007,000,000,000,024,000,000,000,000,013,000,000,000,000,000,000,000,000,000,000,000,031,000,000,000,011,011,000,000,000,000,000,005,029,000,000,000,000,032,000,000,033,000,000,000,000,000,000,000,000,000,000,000,000,000,000,000,000,000,000,000,014,000,000,000,000,000,000,000,000,000,000,000,000,000,000,000,000,000,000,000,000,000,000,000,000,006,000,000,000,000,000,000,000,000,000,000,000,000,000,036,000,000,000,000,000,000,000,000,000,000,000,000,000,000,000,000,000,000,000,000,000,000,000,000,000,000,010,000,000,000,000,020,000,000,000,000,001,000,028,028,028,000,034,000,000,000,000,000,019,000,000,000,000,009,000,000,000,001,000,000,000,000,000,000,000,000,000,000,030,000,000,026,000,000,000,000,000,007,000,000,000,000,000,000,000,000,000,000,000,000,017,017,017,000,000,000,000,000,000,000,000,000,000,000,000,000,000,000,000,000,018,000,000,000,000,000,000,000,000,002,000,000,000,000,000,000,000,000,000,000,003,000,000,000,000,000,000,000,000,010,000,000,000,000,000,016,000,005,000,009,000,000,000,016,000,000,000,000,000,000,000,015,022,000,000,021,000,000,000,000,037,037,000,000,000,000,000,000,000,000,000,000,000,000,000,000,000,000,000,000,000,000,000,000,027,000,000,000,000,000,000,000,000,038,000,000,000,025,000,000,000,000,000,000,000,000,011,011,008,008,004,000,000,000,000,003,000,000,012,000,000,035,000,000,000,000,000,000,000,000,000,000,000,000,000,
0033: 000,000,000,000,000,000,000,000,006,000,000,002,000,000,000,000,000,000,000,000,000,000,000,000,000,000,000,000,000,000,000,000,000,000,000,000,000,000,000,038,016,000,000,017,017,017,000,000,000,000,000,000,000,014,008,008,000,000,000,000,000,031,000,000,000,000,001,000,000,000,006,000,000,000,000,000,030,000,000,000,000,000,000,000,000,000,000,009,000,000,000,000,000,000,000,000,000,000,000,034,021,000,000,000,032,000,000,000,000,000,011,011,000,000,000,000,000,000,000,000,000,000,000,005,015,000,000,000,000,000,000,000,000,000,011,011,000,000,000,000,000,000,000,000,000,000,000,000,003,000,000,000,000,000,000,000,000,000,000,000,000,000,000,000,009,000,000,000,024,000,000,000,037,037,000,000,000,000,000,000,022,000,000,029,000,000,000,000,000,000,000,000,000,016,000,000,000,000,000,000,000,000,000,000,000,010,000,000,000,000,000,000,000,000,000,019,000,000,000,000,000,000,000,000,000,000,000,000,000,000,026,000,000,023,000,000,000,000,000,000,000,000,003,000,033,000,000,000,000,000,000,000,000,000,000,000,000,000,000,000,036,000,000,000,000,000,000,000,000,000,000,018,025,000,000,001,000,000,000,000,000,000,007,000,004,035,000,000,000,000,000,000,000,000,012,000,000,000,005,000,000,000,000,000,000,000,000,000,000,000,000,013,000,000,000,000,000,000,010,000,028,028,028,000,000,000,000,000,000,000,020,000,000,027,000,000,000,000,000,000,000,000,000,000,000,000,000,000,000,007,000,000,000,000,000,000,000,000,000,000,
0030: 000,035,000,000,000,000,000,016,000,000,000,000,000,000,000,011,011,000,000,000,000,000,000,000,000,000,000,026,000,000,000,000,021,000,000,000,000,000,000,000,000,000,000,000,000,000,005,000,000,000,000,000,000,000,000,000,000,000,038,000,000,000,000,000,000,000,000,031,000,037,037,000,000,000,018,000,003,000,000,000,000,000,000,000,000,000,014,000,000,000,000,000,000,000,000,000,000,000,000,000,000,000,000,009,000,000,000,000,000,000,000,000,000,000,000,000,022,000,000,000,000,000,009,000,000,000,000,000,000,000,008,008,000,020,013,000,000,000,000,000,000,000,000,000,015,000,001,007,000,000,003,000,000,016,000,000,000,000,000,000,000,030,000,000,000,000,000,000,000,000,000,000,000,000,000,000,000,000,000,000,000,000,000,025,000,000,000,000,000,000,000,000,000,000,010,000,000,000,000,000,000,000,000,000,000,000,036,000,000,000,024,010,019,000,000,000,000,004,000,000,000,000,000,000,000,000,000,029,000,000,000,000,000,000,000,000,028,028,028,006,000,000,000,000,000,000,000,000,005,000,000,000,000,000,034,000,033,000,001,000,000,000,000,000,000,000,017,017,017,000,000,000,000,000,011,011,000,000,000,000,000,000,000,000,000,023,000,000,000,000,000,000,000,000,000,000,000,000,000,000,000,000,000,000,000,000,000,000,002,000,000,000,000,032,000,000,006,000,000,000,000,000,000,000,000,000,007,000,000,000,000,000,000,000,000,000,000,000,000,000,000,000,000,000,000,000,000,000,000,000,000,000,027,000,000,000,000,012,000,000,
0030: 000,000,000,000,003,000,037,037,000,009,000,000,000,021,000,000,000,000,020,000,000,000,000,000,000,000,000,000,000,000,000,000,000,000,000,000,000,000,000,036,000,000,000,005,000,000,000,000,000,000,000,014,006,000,009,000,000,000,000,000,000,000,000,000,011,011,000,000,000,000,000,000,000,000,000,000,000,000,000,001,000,000,007,000,000,000,000,000,000,000,000,000,000,027,000,000,000,000,000,000,000,000,000,000,000,000,000,000,000,000,022,000,000,000,000,000,000,019,000,000,000,000,000,000,000,000,038,000,000,000,006,000,016,000,000,000,005,010,000,000,000,000,000,000,000,000,000,000,000,000,035,011,011,000,000,000,034,000,000,000,000,000,000,000,000,000,000,033,000,000,000,000,000,000,000,000,000,000,000,000,010,000,000,000,000,000,000,000,000,000,000,000,000,000,000,000,000,000,000,000,000,023,000,000,000,000,000,000,000,000,000,000,017,017,017,000,000,000,000,028,028,028,000,000,000,000,000,000,000,000,000,000,000,000,001,000,000,000,000,000,000,000,000,032,013,000,000,000,000,015,000,000,000,000,000,000,016,000,031,000,000,000,000,000,000,000,000,030,000,000,000,000,000,008,008,004,000,000,000,000,000,000,000,000,000,026,000,000,000,000,000,000,000,000,000,000,000,002,000,000,000,025,000,000,000,000,000,000,000,000,000,000,000,000,000,000,000,003,012,000,000,000,000,018,000,000,000,000,000,000,000,024,000,029,000,000,000,000,000,000,000,000,000,000,000,000,000,000,000,000,000,000,000,007,000,000,000,000,000,000,
0028: 000,000,000,000,000,000,006,000,000,000,000,000,029,000,000,000,000,000,000,000,000,000,000,000,000,000,013,000,021,000,000,000,000,000,011,011,007,000,024,000,000,000,000,000,000,000,000,000,019,000,000,000,018,000,000,000,000,000,000,000,000,000,000,000,034,000,000,000,000,000,000,001,000,000,000,000,000,000,023,000,000,005,000,000,000,000,000,000,000,000,000,000,000,015,005,000,000,000,000,000,000,000,000,000,000,000,000,000,000,000,000,000,000,000,000,000,000,000,000,000,000,000,000,000,000,000,000,000,000,000,000,000,000,000,000,000,000,000,000,000,000,000,000,000,000,025,000,000,000,000,002,000,000,000,001,026,000,000,000,000,000,000,000,006,000,000,000,000,000,003,000,000,000,000,000,000,033,000,032,000,000,000,000,000,000,000,000,000,000,000,000,000,000,000,036,000,000,000,000,000,000,010,000,030,000,028,028,028,000,000,000,000,000,000,031,000,000,020,000,000,000,010,000,000,000,000,009,000,000,000,000,000,000,000,027,000,000,000,000,000,000,000,000,000,000,000,000,000,000,000,022,000,000,000,000,000,000,000,000,000,000,000,000,000,014,000,000,000,000,000,003,012,000,000,000,000,000,000,000,011,011,000,000,000,000,000,037,037,000,000,038,000,000,000,009,000,000,000,016,000,000,000,016,000,007,000,000,000,017,017,017,000,000,000,000,000,000,000,000,000,000,000,000,000,000,000,000,000,000,000,000,000,000,008,008,000,035,000,000,000,000,000,000,000,000,000,000,004,000,000,000,000,000,000,000,000,000,000,000,000,
0022: 000,000,000,001,000,000,000,000,000,000,000,000,000,000,000,005,000,000,000,000,000,000,000,000,000,000,000,000,000,000,000,000,000,000,000,000,000,004,010,000,000,000,000,000,000,000,000,000,000,000,007,000,000,000,000,000,000,035,000,000,000,000,005,000,000,000,000,031,019,000,000,000,000,000,002,000,000,000,000,000,006,034,011,011,000,000,000,000,000,000,000,000,000,012,000,000,000,000,016,016,000,000,000,000,006,038,000,000,000,023,000,000,033,000,000,000,000,000,000,000,000,000,000,000,000,000,000,000,000,000,000,000,000,000,032,000,000,013,015,000,000,000,018,000,000,000,000,000,000,000,000,000,000,000,000,000,000,026,000,000,000,000,000,000,000,000,000,022,000,000,000,000,000,000,000,000,000,000,021,000,000,009,000,000,000,030,000,029,000,014,000,000,000,000,000,000,000,000,000,000,000,000,000,000,000,000,000,000,000,000,000,000,025,000,000,000,000,000,000,000,000,000,000,000,000,000,000,000,000,000,017,017,017,000,028,028,028,000,011,011,000,000,000,000,000,000,008,008,000,000,000,000,000,000,000,000,000,000,000,000,000,000,000,000,000,000,000,000,027,000,000,000,000,000,000,000,000,000,000,000,000,000,000,024,000,000,003,000,000,000,000,000,020,000,003,000,000,000,000,000,000,000,000,000,010,000,000,000,000,000,000,000,000,000,000,036,037,037,000,000,000,000,000,000,000,000,000,000,000,000,000,000,000,000,007,000,000,000,000,000,000,000,000,000,000,000,000,000,000,000,000,000,000,000,000,000,009,000,001,000,
0022: 000,000,000,029,010,000,000,000,000,000,004,000,038,000,000,000,000,000,000,000,024,000,000,000,000,000,000,008,008,000,000,000,000,000,000,000,000,000,000,000,000,000,000,000,000,000,000,000,000,000,013,000,000,000,000,000,000,000,030,000,000,000,000,000,000,000,000,000,000,000,000,000,000,000,006,000,000,027,000,005,000,000,000,000,000,000,001,000,000,000,000,000,000,000,000,000,000,000,003,000,000,000,000,000,000,000,000,000,000,000,000,000,000,022,019,000,000,009,016,000,000,000,000,000,000,000,000,011,011,002,000,000,000,000,000,000,000,000,000,000,000,000,000,000,037,037,000,000,000,000,000,000,000,007,000,018,000,000,000,000,034,000,012,000,000,000,000,021,010,000,005,000,000,000,000,000,000,000,000,000,000,000,000,000,000,000,000,000,028,028,028,000,000,000,026,000,000,000,000,009,000,023,000,000,000,000,000,000,000,000,000,000,000,006,025,000,000,000,000,000,000,000,000,000,000,000,000,016,000,000,000,000,000,000,000,000,000,000,036,000,000,000,000,000,000,000,000,000,000,000,000,031,000,000,000,000,000,000,000,000,000,000,000,000,035,000,000,000,000,000,000,000,000,000,000,001,000,000,000,000,000,000,015,017,017,017,000,000,000,000,000,000,000,000,000,000,000,000,007,000,011,011,000,000,000,000,000,000,000,000,032,000,000,003,000,000,020,000,000,000,000,000,000,000,000,000,000,000,000,000,000,000,000,000,000,000,000,000,000,014,000,000,000,000,000,000,000,033,000,000,000,000,000,000,000,000,000,000,000,000,
0020: 000,000,000,000,000,000,000,000,000,000,000,000,000,000,000,000,003,000,036,000,000,000,000,002,000,000,000,000,000,000,000,000,000,000,000,000,000,000,000,000,027,006,018,000,000,000,000,000,000,000,000,000,000,000,000,000,000,000,000,000,000,020,000,000,000,000,000,000,000,000,000,000,000,000,000,000,024,000,000,007,000,000,000,000,000,000,000,000,000,000,000,000,000,005,000,000,000,000,038,000,000,000,000,000,000,000,000,000,032,000,000,011,011,000,000,000,000,000,000,000,037,037,000,000,000,000,000,000,000,009,000,000,000,000,000,000,000,000,000,000,000,000,000,000,000,000,000,000,000,000,000,017,017,017,000,000,000,000,000,000,000,000,001,000,000,000,000,000,000,000,000,000,035,000,000,000,000,000,000,000,000,000,000,000,000,000,000,000,000,028,028,028,000,000,000,000,000,000,000,000,000,000,000,004,000,000,000,000,000,000,000,000,000,000,000,000,000,000,000,000,000,000,029,003,000,000,000,000,000,000,000,000,000,000,000,000,000,000,000,031,000,000,000,000,000,000,010,000,000,000,011,011,000,000,000,000,000,000,025,012,000,000,007,000,000,000,000,016,000,000,000,000,000,000,000,000,000,000,000,000,000,000,005,000,034,000,000,000,000,000,000,000,000,010,000,000,000,000,000,014,000,000,000,023,000,019,000,000,013,006,000,000,000,000,000,000,000,000,000,000,000,000,000,000,000,000,000,000,000,021,000,000,015,000,009,000,000,000,000,000,000,026,000,030,000,008,008,000,016,033,000,000,000,022,001,000,000,000,000,000,
0019: 000,000,000,000,000,000,000,000,000,013,000,000,000,000,000,000,000,000,000,000,000,000,000,000,000,000,000,000,000,000,026,000,028,028,028,000,000,000,000,000,000,000,000,000,000,000,000,000,000,000,000,000,038,000,000,003,000,035,000,033,000,000,000,000,000,000,037,037,000,000,014,000,000,000,000,006,000,031,000,000,000,000,000,000,000,011,011,000,000,000,000,000,009,016,000,000,000,000,000,016,000,000,000,000,000,009,000,000,000,000,000,000,002,000,000,000,034,000,000,000,000,000,000,000,000,000,000,000,000,000,008,008,000,000,000,000,000,000,000,000,000,000,000,000,023,000,000,000,000,000,000,000,000,000,000,000,000,000,000,000,000,000,000,000,000,000,000,000,000,000,000,000,012,000,000,032,000,000,010,000,000,000,000,000,000,000,000,000,000,000,036,000,000,000,000,000,001,005,000,000,000,000,000,000,000,000,000,000,000,000,000,027,000,000,000,000,015,017,017,017,030,000,000,000,000,000,000,000,000,000,000,000,000,000,000,000,000,000,000,000,025,000,000,000,000,000,000,000,000,000,000,000,006,010,000,000,000,000,000,000,000,000,005,000,000,000,000,000,000,000,000,000,021,000,000,000,000,000,000,000,000,000,000,000,000,003,000,000,000,000,022,000,019,004,000,000,000,000,000,000,018,000,000,000,000,000,000,000,000,000,000,001,000,000,000,000,000,000,000,000,000,000,000,000,000,000,000,000,000,007,020,000,000,000,007,000,000,000,000,000,000,000,000,024,000,000,000,000,000,000,000,029,000,000,000,000,000,011,011,000,
0017: 000,000,000,000,000,000,000,000,000,000,000,000,004,000,000,000,000,000,000,011,011,000,000,000,000,012,000,000,006,000,000,000,000,000,002,000,000,000,000,010,000,000,000,000,000,000,000,000,000,000,000,000,036,000,000,000,000,000,000,000,000,000,000,000,000,000,000,000,000,000,000,019,000,000,000,020,000,000,000,000,000,000,000,000,000,014,000,025,000,000,023,000,000,000,000,000,022,000,000,005,000,000,000,000,008,008,000,035,007,000,000,000,000,001,000,000,000,000,000,000,010,000,000,000,000,000,000,000,000,000,000,000,000,000,032,000,000,000,000,000,000,029,000,000,000,000,000,000,000,000,000,000,000,000,000,000,000,000,000,000,000,018,000,038,016,007,000,000,000,000,000,000,000,000,000,000,001,000,000,000,000,000,000,000,000,000,000,000,031,000,000,000,000,000,000,000,000,005,000,000,000,033,000,000,000,030,000,000,000,026,000,000,000,000,000,000,000,000,000,000,000,000,000,000,037,037,000,000,000,000,017,017,017,003,000,000,000,000,000,000,000,000,011,011,000,000,000,000,000,000,000,000,024,000,000,000,000,021,000,034,000,000,000,003,000,000,000,000,000,000,000,000,000,000,000,000,000,000,000,000,000,000,000,000,000,009,000,000,000,000,000,000,000,000,000,000,000,000,000,000,000,000,027,000,000,000,000,000,000,000,000,000,000,000,000,009,000,000,000,016,015,000,000,000,000,000,000,000,000,000,000,000,000,013,000,000,000,000,000,000,000,000,000,000,006,028,028,028,000,000,000,000,000,000,000,000,000,000,000,000,
0016: 000,026,006,000,000,000,000,000,000,000,000,000,000,000,000,000,000,000,000,000,000,000,000,000,000,002,000,000,000,000,000,000,000,000,000,000,009,000,000,000,029,000,000,000,011,011,000,019,000,000,000,000,000,000,004,000,000,000,000,000,000,000,000,000,000,000,000,000,000,000,000,000,000,000,000,024,001,000,000,000,000,000,000,000,000,000,000,000,001,000,000,000,000,000,000,000,000,000,032,014,000,000,000,028,028,028,000,000,000,000,000,000,000,005,015,000,000,000,000,000,000,000,000,000,000,027,000,000,000,000,000,000,000,000,000,000,000,000,000,000,009,022,000,000,000,003,000,000,000,000,000,000,000,000,000,023,000,000,000,000,000,000,000,000,000,000,000,000,000,000,000,000,006,000,000,000,000,000,000,000,000,000,000,000,000,000,000,000,000,021,000,000,000,000,000,011,011,000,000,000,000,018,000,000,000,000,025,010,000,000,000,000,000,017,017,017,000,000,000,000,034,000,000,000,000,000,000,000,000,000,031,000,000,033,000,000,000,000,020,000,000,000,008,008,000,000,000,000,000,000,000,000,000,000,000,000,000,000,000,000,000,000,000,000,000,000,000,000,000,000,000,010,000,000,000,000,000,038,000,000,000,000,000,000,000,007,000,000,000,000,000,000,000,000,000,000,000,012,036,007,000,000,037,037,000,000,000,000,000,000,000,000,005,000,013,000,000,000,000,000,000,000,000,000,000,016,000,000,000,000,000,000,016,000,000,000,030,000,000,000,000,000,000,000,000,000,000,000,000,000,003,035,000,000,000,000,000,000,000,000,
0014: 000,012,029,000,006,000,000,000,000,000,000,000,000,000,000,000,001,000,000,000,000,011,011,000,000,010,000,000,000,000,000,000,038,000,000,001,000,000,000,000,000,000,000,000,000,000,000,000,000,000,000,000,000,000,000,000,033,000,000,000,000,000,000,000,000,000,000,000,000,000,000,000,036,000,000,000,000,000,000,000,000,000,000,000,000,000,000,000,000,000,000,005,000,000,000,000,010,000,000,000,000,000,000,000,000,023,000,000,000,000,000,000,021,000,000,000,034,000,000,022,000,000,000,000,035,000,000,000,000,000,000,003,000,000,000,000,000,000,000,000,000,000,000,000,000,000,000,024,000,000,000,018,006,000,004,002,000,000,000,000,000,026,000,027,000,000,000,000,000,000,025,000,000,000,000,000,000,000,016,000,000,000,000,007,000,000,000,000,000,000,016,000,000,000,000,000,000,000,000,000,000,000,000,000,000,000,000,000,000,000,000,000,011,011,000,000,000,000,000,000,000,000,000,000,000,000,000,000,000,000,000,000,000,000,000,000,017,017,017,003,031,000,007,000,005,000,000,000,000,000,000,000,000,000,000,000,000,000,000,000,000,000,000,000,000,000,037,037,000,000,019,000,000,000,000,000,000,000,000,000,000,000,000,000,000,028,028,028,000,000,000,015,032,000,000,020,009,014,000,000,000,000,000,000,000,000,000,008,008,000,000,000,000,000,000,000,000,000,000,000,000,000,000,000,000,000,000,000,000,000,000,000,000,000,000,000,000,000,000,000,000,000,000,000,000,000,013,000,000,009,030,000,000,000,000,000,000,000,000,000,
0012: 029,000,000,000,018,000,000,000,000,034,006,000,000,004,000,000,000,000,000,000,000,005,000,014,000,000,000,000,000,000,000,000,000,000,000,000,000,000,000,000,000,000,000,000,030,000,000,000,035,000,000,000,000,000,000,000,000,000,000,000,000,000,000,000,000,000,000,000,000,000,000,036,000,001,000,000,000,000,000,000,000,000,000,000,011,011,000,000,000,000,000,000,000,000,000,000,000,000,000,000,000,000,000,000,000,000,000,000,028,028,028,006,000,000,000,000,000,000,000,000,003,031,000,000,000,016,000,000,000,000,000,000,000,000,000,000,000,000,000,000,000,000,000,000,000,000,000,000,037,037,000,000,020,000,000,015,000,000,000,000,000,000,000,000,000,000,000,000,000,000,000,023,009,000,000,000,000,000,000,000,000,000,000,000,000,000,000,000,008,008,000,000,000,000,000,000,000,000,000,000,003,000,000,026,000,000,000,000,000,000,033,000,000,000,000,000,000,000,000,000,000,022,000,000,032,000,000,000,000,013,000,000,000,000,000,000,007,000,000,000,000,000,000,000,000,000,000,000,007,000,000,000,000,000,000,010,010,000,000,000,000,009,011,011,000,000,000,000,000,000,000,000,000,000,000,016,000,000,000,000,027,000,000,000,000,000,000,001,024,000,017,017,017,000,000,000,000,000,000,000,000,000,000,000,000,025,000,000,000,000,000,000,000,000,000,000,000,000,000,000,000,000,000,000,000,000,019,000,000,000,000,000,000,000,005,021,000,000,000,000,000,000,000,038,000,000,012,000,000,000,000,000,000,000,002,000,000,000,000,000,
0012: 027,000,000,000,020,000,000,000,000,005,000,000,000,000,000,000,000,000,000,000,000,000,000,000,000,000,000,011,011,000,000,000,000,000,000,000,037,037,000,000,000,010,000,000,000,000,000,000,000,000,000,000,000,000,014,000,000,006,000,000,000,000,000,000,000,000,000,006,000,000,000,001,000,000,030,000,024,000,000,000,000,000,000,000,009,000,000,000,000,000,000,000,007,000,000,000,000,000,000,000,000,000,000,000,000,000,000,000,018,000,000,000,000,000,000,000,000,000,000,000,000,000,000,000,000,000,000,000,000,000,000,000,000,000,000,016,011,011,000,000,000,000,000,032,000,000,000,000,000,007,000,000,000,000,009,019,000,000,000,017,017,017,000,003,000,000,000,000,000,023,000,000,000,000,000,000,000,000,000,000,000,000,000,000,000,000,015,000,000,000,000,000,000,000,000,008,008,000,000,000,000,000,000,000,000,000,000,000,000,000,000,025,000,000,000,000,031,000,000,003,000,033,000,000,000,000,000,005,000,000,000,028,028,028,000,010,000,000,000,000,000,000,000,000,000,000,000,000,004,000,000,000,000,000,000,000,000,000,000,000,021,000,000,000,000,000,000,000,000,000,000,000,000,029,000,000,000,000,000,000,026,000,000,000,000,000,000,016,000,000,000,000,000,000,000,000,034,000,000,000,000,000,035,000,000,000,000,000,000,000,000,000,000,000,000,000,000,000,022,000,000,000,000,000,038,000,000,001,000,000,000,000,000,000,000,013,000,000,000,000,000,000,000,000,000,000,000,000,000,000,000,000,000,000,012,002,000,000,036,000,
0009: 000,000,000,000,000,000,000,000,000,033,023,000,000,000,015,000,000,000,000,000,000,000,000,001,000,000,000,010,000,000,000,000,000,003,000,000,010,000,000,020,000,000,000,000,000,000,000,000,000,000,000,000,000,000,000,000,000,000,000,000,000,000,000,000,000,000,000,000,000,034,000,000,000,000,000,006,000,000,000,000,000,000,000,000,000,000,000,000,000,000,000,000,035,001,000,000,025,000,031,000,000,000,000,000,000,000,000,000,000,000,000,000,000,029,000,000,000,000,032,000,000,008,008,019,000,000,000,000,000,000,000,000,028,028,028,000,000,000,000,000,000,000,000,000,000,000,000,000,000,000,011,011,000,000,000,000,000,000,000,000,000,013,000,000,000,022,000,000,000,000,000,000,000,000,000,000,000,000,000,000,037,037,000,000,000,000,000,000,000,000,000,000,000,000,000,000,016,000,000,000,000,000,000,000,000,000,006,000,000,000,000,000,000,000,000,000,000,000,000,000,000,000,000,000,000,000,000,000,000,000,000,000,003,000,000,000,000,000,000,000,000,000,000,017,017,017,000,000,004,000,000,000,000,000,000,000,026,000,000,000,000,000,000,000,000,036,000,000,009,000,000,000,000,000,000,000,000,000,016,000,000,000,038,000,000,021,000,012,000,000,000,000,000,005,007,000,002,005,000,030,000,000,000,000,000,000,000,000,000,000,024,000,000,000,000,000,000,000,000,000,000,000,000,000,000,000,000,000,000,000,011,011,000,000,000,009,000,000,000,000,000,018,000,000,000,000,000,007,000,000,000,014,000,027,000,000,000,000,000,000,
0002: 000,000,000,010,000,027,000,000,000,015,000,000,000,012,000,000,000,000,000,000,021,000,038,005,024,000,000,000,000,000,000,000,000,000,000,033,000,000,000,000,000,019,000,000,000,000,000,000,000,000,000,000,006,036,000,014,000,000,000,000,000,000,000,000,000,000,000,000,000,000,000,000,000,000,000,000,000,000,000,000,000,000,000,000,017,017,017,000,000,001,000,000,000,000,000,000,000,000,000,037,037,000,000,000,000,000,000,007,000,000,000,000,000,000,000,000,000,000,000,000,000,000,000,000,000,000,000,000,000,000,000,000,026,000,000,000,020,025,000,007,000,000,001,000,000,000,029,009,000,000,009,000,006,000,000,000,000,000,000,013,000,000,000,000,000,000,000,000,000,000,000,000,000,000,000,000,000,000,000,000,000,000,000,000,000,000,000,000,018,000,000,000,000,000,000,000,000,016,000,000,000,000,000,000,000,000,000,000,000,010,000,008,008,000,000,000,000,000,000,000,000,016,011,011,000,003,003,000,000,000,011,011,000,000,000,000,000,000,000,000,000,000,000,000,000,000,000,000,000,000,000,000,004,000,000,000,000,000,000,000,000,000,000,000,000,000,000,000,000,000,000,035,000,000,022,000,000,032,000,000,000,000,000,000,000,000,000,000,000,000,030,000,000,000,000,000,000,000,000,000,000,000,000,000,005,000,000,000,000,000,000,034,000,000,000,000,000,000,000,000,002,000,000,000,000,000,000,000,000,000,000,000,000,000,000,000,000,000,000,000,000,000,000,000,000,000,000,000,000,000,000,028,028,028,000,000,023,000,031,000,
</DebugTrace>
      </Output>
    </UnitTestResult>
  </Results>
</TestRun>