<?xml version="1.0" encoding="UTF-8"?>
<TestRun id="9ee089b3-f112-47da-be65-a12cad247aad" name="FloLap@FLOLAP-PC 2011-11-09 15:38:09" runUser="FloLap-PC\FloLap" xmlns="http://microsoft.com/schemas/VisualStudio/TeamTest/2010">
  <TestSettings name="Lokal" id="6ed96bb3-d821-4eee-a79d-3a3069da9890">
    <Description>Dies sind die standardmäßigen Testeinstellungen für einen lokalen Testlauf.</Description>
    <Deployment enabled="false" runDeploymentRoot="FloLap_FLOLAP-PC 2011-11-09 15_38_09">
      <DeploymentItem filename="E:\HsKA\Semester2\Projektarbeit\Stundenplangenerator\TimetablePlanner\TimetablePlanner\bin\Debug\TimetablePlanner.dll" />
    </Deployment>
    <Execution>
      <TestTypeSpecific />
      <AgentRule name="Execution Agents">
      </AgentRule>
    </Execution>
  </TestSettings>
  <Times creation="2011-11-09T15:38:09.5917958+01:00" queuing="2011-11-09T15:38:10.6308553+01:00" start="2011-11-09T15:38:10.7098598+01:00" finish="2011-11-09T15:38:36.9201204+01:00" />
  <ResultSummary outcome="Completed">
    <Counters total="2" executed="2" passed="2" error="0" failed="0" timeout="0" aborted="0" inconclusive="0" passedButRunAborted="0" notRunnable="0" notExecuted="0" disconnected="0" warning="0" completed="0" inProgress="0" pending="0" />
  </ResultSummary>
  <TestDefinitions>
    <UnitTest name="TimetableManualTester" storage="e:\hska\semester2\projektarbeit\stundenplangenerator\timetableplanner\timetableplannertests\bin\debug\timetableplannertests.dll" id="3ada0cc6-2a4d-2d63-7d9f-97d4d443b0f3">
      <Execution id="0e946e22-a794-434b-9781-e082c1641cef" />
      <TestMethod codeBase="E:/HsKA/Semester2/Projektarbeit/Stundenplangenerator/TimetablePlanner/TimetablePlannerTests/bin/Debug/TimetablePlannerTests.DLL" adapterTypeName="Microsoft.VisualStudio.TestTools.TestTypes.Unit.UnitTestAdapter, Microsoft.VisualStudio.QualityTools.Tips.UnitTest.Adapter, Version=10.0.0.0, Culture=neutral, PublicKeyToken=b03f5f7f11d50a3a" className="TimetablePlannerTests.TimetableTest, TimetablePlannerTests, Version=1.0.0.0, Culture=neutral, PublicKeyToken=null" name="TimetableManualTester" />
    </UnitTest>
    <UnitTest name="TimetableInputExportTest" storage="e:\hska\semester2\projektarbeit\stundenplangenerator\timetableplanner\timetableplannertests\bin\debug\timetableplannertests.dll" id="643aee53-482b-7ddc-6eba-83a04b5cba46">
      <Execution id="1ad2cf13-188f-4638-ac08-2f3475b3ca26" />
      <TestMethod codeBase="E:/HsKA/Semester2/Projektarbeit/Stundenplangenerator/TimetablePlanner/TimetablePlannerTests/bin/Debug/TimetablePlannerTests.DLL" adapterTypeName="Microsoft.VisualStudio.TestTools.TestTypes.Unit.UnitTestAdapter, Microsoft.VisualStudio.QualityTools.Tips.UnitTest.Adapter, Version=10.0.0.0, Culture=neutral, PublicKeyToken=b03f5f7f11d50a3a" className="TimetablePlannerTests.TimetableTest, TimetablePlannerTests, Version=1.0.0.0, Culture=neutral, PublicKeyToken=null" name="TimetableInputExportTest" />
    </UnitTest>
  </TestDefinitions>
  <TestLists>
    <TestList name="Nicht in einer Liste enthaltene Ergebnisse" id="8c84fa94-04c1-424b-9868-57a2d4851a1d" />
    <TestList name="Alle geladenen Ergebnisse" id="19431567-8539-422a-85d7-44ee4e166bda" />
  </TestLists>
  <TestEntries>
    <TestEntry testId="3ada0cc6-2a4d-2d63-7d9f-97d4d443b0f3" executionId="0e946e22-a794-434b-9781-e082c1641cef" testListId="8c84fa94-04c1-424b-9868-57a2d4851a1d" />
    <TestEntry testId="643aee53-482b-7ddc-6eba-83a04b5cba46" executionId="1ad2cf13-188f-4638-ac08-2f3475b3ca26" testListId="8c84fa94-04c1-424b-9868-57a2d4851a1d" />
  </TestEntries>
  <Results>
    <UnitTestResult executionId="0e946e22-a794-434b-9781-e082c1641cef" testId="3ada0cc6-2a4d-2d63-7d9f-97d4d443b0f3" testName="TimetableManualTester" computerName="FLOLAP-PC" duration="00:00:24.9979687" startTime="2011-11-09T15:38:10.7448618+01:00" endTime="2011-11-09T15:38:36.7461105+01:00" testType="13cdc9d9-ddb5-4fa4-a97d-d965ccfc6d4b" outcome="Passed" testListId="8c84fa94-04c1-424b-9868-57a2d4851a1d" relativeResultsDirectory="0e946e22-a794-434b-9781-e082c1641cef">
      <Output>
        <DebugTrace>Individual 1 created.
Individual 3 created.
Individual 6 created.
Individual 5 created.
Individual 9 created.
Individual 10 created.
Individual 12 created.
Individual 13 created.
Individual 7 created.
Individual 14 created.
Individual 8 created.
Individual 16 created.
Individual 17 created.
Individual 21 created.
Individual 15 created.
Individual 18 created.
Individual 22 created.
Individual 0 created.
Individual 25 created.
Individual 19 created.
Individual 26 created.
Individual 23 created.
Individual 30 created.
Individual 20 created.
Individual 28 created.
Individual 31 created.
Individual 34 created.
Individual 33 created.
Individual 29 created.
Individual 11 created.
Individual 37 created.
Individual 32 created.
Individual 39 created.
Individual 38 created.
Individual 41 created.
Individual 42 created.
Individual 40 created.
Individual 35 created.
Individual 44 created.
Individual 45 created.
Individual 47 created.
Individual 36 created.
Individual 24 created.
Individual 46 created.
Individual 4 created.
Individual 48 created.
Individual 2 created.
Individual 27 created.
Individual 49 created.
Individual 43 created.
Population created after 4,9207855 seconds.
Generation 0 finished with best fitness of 3650.
Generation 1 finished with best fitness of 3675.
Generation 2 finished with best fitness of 3690.
Generation 3 finished with best fitness of 3690.
Generation 4 finished with best fitness of 3825.
Generation 5 finished with best fitness of 3825.
Generation 6 finished with best fitness of 4020.
Generation 7 finished with best fitness of 4050.
Generation 8 finished with best fitness of 4095.
Generation 9 finished with best fitness of 4095.
Generation 10 finished with best fitness of 4155.
Generation 11 finished with best fitness of 4215.
Generation 12 finished with best fitness of 4285.
Generation 13 finished with best fitness of 4455.
Generation 14 finished with best fitness of 4470.
Generation 15 finished with best fitness of 4570.
Generation 16 finished with best fitness of 4650.
Generation 17 finished with best fitness of 4665.
Generation 18 finished with best fitness of 4690.
Generation 19 finished with best fitness of 4815.
Generation 20 finished with best fitness of 4840.
Generation 21 finished with best fitness of 4885.
Generation 22 finished with best fitness of 4885.
Generation 23 finished with best fitness of 4965.
Generation 24 finished with best fitness of 5010.
Generation 25 finished with best fitness of 5010.
Generation 26 finished with best fitness of 5050.
Generation 27 finished with best fitness of 5050.
Generation 28 finished with best fitness of 5080.
Generation 29 finished with best fitness of 5140.
Generation 30 finished with best fitness of 5180.
Generation 31 finished with best fitness of 5315.
Generation 32 finished with best fitness of 5315.
Generation 33 finished with best fitness of 5325.
Generation 34 finished with best fitness of 5445.
Generation 35 finished with best fitness of 5445.
Generation 36 finished with best fitness of 5460.
Generation 37 finished with best fitness of 5525.
Generation 38 finished with best fitness of 5580.
Generation 39 finished with best fitness of 5580.
Generation 40 finished with best fitness of 5610.
Generation 41 finished with best fitness of 5610.
Generation 42 finished with best fitness of 5740.
Generation 43 finished with best fitness of 5775.
Generation 44 finished with best fitness of 5795.
Generation 45 finished with best fitness of 5850.
Generation 46 finished with best fitness of 5915.
Generation 47 finished with best fitness of 5955.
Generation 48 finished with best fitness of 6030.
Generation 49 finished with best fitness of 6075.
Generation 50 finished with best fitness of 6075.
Generation 51 finished with best fitness of 6075.
Generation 52 finished with best fitness of 6075.
Generation 53 finished with best fitness of 6110.
Generation 54 finished with best fitness of 6140.
Generation 55 finished with best fitness of 6255.
Generation 56 finished with best fitness of 6255.
Generation 57 finished with best fitness of 6330.
Generation 58 finished with best fitness of 6330.
Generation 59 finished with best fitness of 6340.
Generation 60 finished with best fitness of 6340.
Generation 61 finished with best fitness of 6360.
Generation 62 finished with best fitness of 6525.
Generation 63 finished with best fitness of 6525.
Generation 64 finished with best fitness of 6550.
Generation 65 finished with best fitness of 6580.
Generation 66 finished with best fitness of 6610.
Generation 67 finished with best fitness of 6780.
Generation 68 finished with best fitness of 6780.
Generation 69 finished with best fitness of 6780.
Generation 70 finished with best fitness of 6780.
Generation 71 finished with best fitness of 6780.
Generation 72 finished with best fitness of 6840.
Generation 73 finished with best fitness of 6840.
Generation 74 finished with best fitness of 6840.
Generation 75 finished with best fitness of 6840.
Generation 76 finished with best fitness of 6930.
Generation 77 finished with best fitness of 6930.
Generation 78 finished with best fitness of 6930.
Generation 79 finished with best fitness of 6930.
Generation 80 finished with best fitness of 6945.
Generation 81 finished with best fitness of 6960.
Generation 82 finished with best fitness of 6960.
Generation 83 finished with best fitness of 6995.
Generation 84 finished with best fitness of 7195.
Generation 85 finished with best fitness of 7260.
Generation 86 finished with best fitness of 7260.
Generation 87 finished with best fitness of 7260.
Generation 88 finished with best fitness of 7290.
Generation 89 finished with best fitness of 7290.
Generation 90 finished with best fitness of 7290.
Generation 91 finished with best fitness of 7390.
Generation 92 finished with best fitness of 7390.
Generation 93 finished with best fitness of 7410.
Generation 94 finished with best fitness of 7410.
Generation 95 finished with best fitness of 7410.
Generation 96 finished with best fitness of 7480.
Generation 97 finished with best fitness of 7495.
Generation 98 finished with best fitness of 7600.
Generation 99 finished with best fitness of 7600.
Generation 100 finished with best fitness of 7625.
Generation 101 finished with best fitness of 7625.
Generation 102 finished with best fitness of 7640.
Generation 103 finished with best fitness of 7640.
Generation 104 finished with best fitness of 7720.
Generation 105 finished with best fitness of 7720.
Generation 106 finished with best fitness of 7720.
Generation 107 finished with best fitness of 7720.
Generation 108 finished with best fitness of 7720.
Generation 109 finished with best fitness of 7720.
Generation 110 finished with best fitness of 7725.
Generation 111 finished with best fitness of 7785.
Generation 112 finished with best fitness of 7785.
Generation 113 finished with best fitness of 7790.
Generation 114 finished with best fitness of 7790.
Generation 115 finished with best fitness of 7865.
Generation 116 finished with best fitness of 7865.
Generation 117 finished with best fitness of 7905.
Generation 118 finished with best fitness of 7905.
Generation 119 finished with best fitness of 7905.
Generation 120 finished with best fitness of 7905.
Generation 121 finished with best fitness of 7905.
Generation 122 finished with best fitness of 7935.
Generation 123 finished with best fitness of 8030.
Generation 124 finished with best fitness of 8030.
Generation 125 finished with best fitness of 8030.
Generation 126 finished with best fitness of 8045.
Generation 127 finished with best fitness of 8045.
Generation 128 finished with best fitness of 8090.
Generation 129 finished with best fitness of 8090.
Generation 130 finished with best fitness of 8090.
Generation 131 finished with best fitness of 8090.
Generation 132 finished with best fitness of 8090.
Generation 133 finished with best fitness of 8090.
Generation 134 finished with best fitness of 8090.
Generation 135 finished with best fitness of 8090.
Generation 136 finished with best fitness of 8090.
Generation 137 finished with best fitness of 8125.
Generation 138 finished with best fitness of 8205.
Generation 139 finished with best fitness of 8205.
Generation 140 finished with best fitness of 8205.
Generation 141 finished with best fitness of 8205.
Generation 142 finished with best fitness of 8205.
Generation 143 finished with best fitness of 8205.
Generation 144 finished with best fitness of 8215.
Generation 145 finished with best fitness of 8215.
Generation 146 finished with best fitness of 8280.
Generation 147 finished with best fitness of 8280.
Generation 148 finished with best fitness of 8280.
Generation 149 finished with best fitness of 8280.
Generation 150 finished with best fitness of 8310.
Generation 151 finished with best fitness of 8310.
Generation 152 finished with best fitness of 8385.
Generation 153 finished with best fitness of 8385.
Generation 154 finished with best fitness of 8385.
Generation 155 finished with best fitness of 8405.
Generation 156 finished with best fitness of 8405.
Generation 157 finished with best fitness of 8405.
Generation 158 finished with best fitness of 8470.
Generation 159 finished with best fitness of 8470.
Generation 160 finished with best fitness of 8470.
Generation 161 finished with best fitness of 8470.
Generation 162 finished with best fitness of 8470.
Generation 163 finished with best fitness of 8470.
Generation 164 finished with best fitness of 8470.
Generation 165 finished with best fitness of 8480.
Generation 166 finished with best fitness of 8545.
Generation 167 finished with best fitness of 8545.
Generation 168 finished with best fitness of 8545.
Generation 169 finished with best fitness of 8545.
Generation 170 finished with best fitness of 8565.
Generation 171 finished with best fitness of 8565.
Generation 172 finished with best fitness of 8565.
Generation 173 finished with best fitness of 8590.
Generation 174 finished with best fitness of 8590.
Generation 175 finished with best fitness of 8615.
Generation 176 finished with best fitness of 8615.
Generation 177 finished with best fitness of 8615.
Generation 178 finished with best fitness of 8625.
Generation 179 finished with best fitness of 8625.
Generation 180 finished with best fitness of 8625.
Generation 181 finished with best fitness of 8670.
Generation 182 finished with best fitness of 8670.
Generation 183 finished with best fitness of 8670.
Generation 184 finished with best fitness of 8670.
Generation 185 finished with best fitness of 8670.
Generation 186 finished with best fitness of 8785.
Generation 187 finished with best fitness of 8785.
Generation 188 finished with best fitness of 8785.
Generation 189 finished with best fitness of 8805.
Generation 190 finished with best fitness of 8805.
Generation 191 finished with best fitness of 8805.
Generation 192 finished with best fitness of 8805.
Generation 193 finished with best fitness of 8815.
Generation 194 finished with best fitness of 8815.
Generation 195 finished with best fitness of 8835.
Generation 196 finished with best fitness of 8835.
Generation 197 finished with best fitness of 8835.
Generation 198 finished with best fitness of 8835.
Generation 199 finished with best fitness of 8835.
Generation 200 finished with best fitness of 8845.
Generation 201 finished with best fitness of 8845.
Generation 202 finished with best fitness of 8870.
Generation 203 finished with best fitness of 8870.
Generation 204 finished with best fitness of 8890.
Generation 205 finished with best fitness of 8890.
Generation 206 finished with best fitness of 8890.
Generation 207 finished with best fitness of 8905.
Generation 208 finished with best fitness of 8950.
Generation 209 finished with best fitness of 8950.
Generation 210 finished with best fitness of 8950.
Generation 211 finished with best fitness of 9025.
Generation 212 finished with best fitness of 9025.
Generation 213 finished with best fitness of 9025.
Generation 214 finished with best fitness of 9025.
Generation 215 finished with best fitness of 9025.
Generation 216 finished with best fitness of 9025.
Generation 217 finished with best fitness of 9025.
Generation 218 finished with best fitness of 9025.
Generation 219 finished with best fitness of 9025.
Generation 220 finished with best fitness of 9025.
Generation 221 finished with best fitness of 9025.
Generation 222 finished with best fitness of 9025.
Generation 223 finished with best fitness of 9025.
Generation 224 finished with best fitness of 9115.
Generation 225 finished with best fitness of 9130.
Generation 226 finished with best fitness of 9130.
Generation 227 finished with best fitness of 9130.
Generation 228 finished with best fitness of 9130.
Generation 229 finished with best fitness of 9130.
Generation 230 finished with best fitness of 9185.
Generation 231 finished with best fitness of 9185.
Generation 232 finished with best fitness of 9185.
Generation 233 finished with best fitness of 9185.
Generation 234 finished with best fitness of 9185.
Generation 235 finished with best fitness of 9185.
Generation 236 finished with best fitness of 9185.
Generation 237 finished with best fitness of 9185.
Generation 238 finished with best fitness of 9185.
Generation 239 finished with best fitness of 9185.
Generation 240 finished with best fitness of 9185.
Generation 241 finished with best fitness of 9185.
Generation 242 finished with best fitness of 9255.
Generation 243 finished with best fitness of 9255.
Generation 244 finished with best fitness of 9255.
Generation 245 finished with best fitness of 9255.
Generation 246 finished with best fitness of 9255.
Generation 247 finished with best fitness of 9330.
Generation 248 finished with best fitness of 9330.
Generation 249 finished with best fitness of 9330.
Generation 250 finished with best fitness of 9330.
Generation 251 finished with best fitness of 9330.
Generation 252 finished with best fitness of 9330.
Generation 253 finished with best fitness of 9330.
Generation 254 finished with best fitness of 9390.
Generation 255 finished with best fitness of 9390.
Generation 256 finished with best fitness of 9390.
Generation 257 finished with best fitness of 9390.
Generation 258 finished with best fitness of 9390.
Generation 259 finished with best fitness of 9390.
Generation 260 finished with best fitness of 9390.
Generation 261 finished with best fitness of 9390.
Generation 262 finished with best fitness of 9390.
Generation 263 finished with best fitness of 9390.
Generation 264 finished with best fitness of 9390.
Generation 265 finished with best fitness of 9390.
Generation 266 finished with best fitness of 9390.
Generation 267 finished with best fitness of 9450.
Generation 268 finished with best fitness of 9450.
Generation 269 finished with best fitness of 9450.
Generation 270 finished with best fitness of 9450.
Generation 271 finished with best fitness of 9450.
Generation 272 finished with best fitness of 9450.
Generation 273 finished with best fitness of 9450.
Generation 274 finished with best fitness of 9450.
Generation 275 finished with best fitness of 9450.
Generation 276 finished with best fitness of 9450.
Generation 277 finished with best fitness of 9460.
Generation 278 finished with best fitness of 9460.
Generation 279 finished with best fitness of 9460.
Generation 280 finished with best fitness of 9460.
Generation 281 finished with best fitness of 9460.
Generation 282 finished with best fitness of 9460.
Generation 283 finished with best fitness of 9480.
Generation 284 finished with best fitness of 9480.
Generation 285 finished with best fitness of 9495.
Generation 286 finished with best fitness of 9495.
Generation 287 finished with best fitness of 9495.
Generation 288 finished with best fitness of 9495.
Generation 289 finished with best fitness of 9495.
Generation 290 finished with best fitness of 9495.
Generation 291 finished with best fitness of 9495.
Generation 292 finished with best fitness of 9510.
Generation 293 finished with best fitness of 9510.
Generation 294 finished with best fitness of 9510.
Generation 295 finished with best fitness of 9510.
Generation 296 finished with best fitness of 9510.
Generation 297 finished with best fitness of 9510.
Generation 298 finished with best fitness of 9525.
Generation 299 finished with best fitness of 9555.
Generation 300 finished with best fitness of 9555.
Generation 301 finished with best fitness of 9570.
Generation 302 finished with best fitness of 9570.
Generation 303 finished with best fitness of 9570.
Generation 304 finished with best fitness of 9570.
Generation 305 finished with best fitness of 9570.
Generation 306 finished with best fitness of 9570.
Generation 307 finished with best fitness of 9570.
Generation 308 finished with best fitness of 9570.
Generation 309 finished with best fitness of 9600.
Generation 310 finished with best fitness of 9600.
Generation 311 finished with best fitness of 9600.
Generation 312 finished with best fitness of 9605.
Generation 313 finished with best fitness of 9605.
Generation 314 finished with best fitness of 9605.
Generation 315 finished with best fitness of 9605.
Generation 316 finished with best fitness of 9605.
Generation 317 finished with best fitness of 9605.
Generation 318 finished with best fitness of 9675.
Generation 319 finished with best fitness of 9675.
Generation 320 finished with best fitness of 9675.
Generation 321 finished with best fitness of 9675.
Generation 322 finished with best fitness of 9675.
Generation 323 finished with best fitness of 9675.
Generation 324 finished with best fitness of 9675.
Generation 325 finished with best fitness of 9675.
Generation 326 finished with best fitness of 9735.
Generation 327 finished with best fitness of 9735.
Generation 328 finished with best fitness of 9735.
Generation 329 finished with best fitness of 9735.
Generation 330 finished with best fitness of 9735.
Generation 331 finished with best fitness of 9735.
Generation 332 finished with best fitness of 9735.
Generation 333 finished with best fitness of 9825.
Generation 334 finished with best fitness of 9825.
Generation 335 finished with best fitness of 9825.
Generation 336 finished with best fitness of 9825.
Generation 337 finished with best fitness of 9825.
Generation 338 finished with best fitness of 9825.
Generation 339 finished with best fitness of 9825.
Generation 340 finished with best fitness of 9825.
Generation 341 finished with best fitness of 9825.
Generation 342 finished with best fitness of 9825.
Generation 343 finished with best fitness of 9825.
Generation 344 finished with best fitness of 9825.
Generation 345 finished with best fitness of 9825.
Generation 346 finished with best fitness of 9825.
Generation 347 finished with best fitness of 9825.
Generation 348 finished with best fitness of 9825.
Generation 349 finished with best fitness of 9825.
Generation 350 finished with best fitness of 9825.
Generation 351 finished with best fitness of 9845.
Generation 352 finished with best fitness of 9845.
Generation 353 finished with best fitness of 9845.
Generation 354 finished with best fitness of 9845.
Generation 355 finished with best fitness of 9845.
Generation 356 finished with best fitness of 9845.
Generation 357 finished with best fitness of 9845.
Generation 358 finished with best fitness of 9845.
Generation 359 finished with best fitness of 9845.
Generation 360 finished with best fitness of 9845.
Generation 361 finished with best fitness of 9845.
Generation 362 finished with best fitness of 9845.
Generation 363 finished with best fitness of 9845.
Generation 364 finished with best fitness of 9845.
Generation 365 finished with best fitness of 9845.
Generation 366 finished with best fitness of 9845.
Generation 367 finished with best fitness of 9845.
Generation 368 finished with best fitness of 9845.
Generation 369 finished with best fitness of 9845.
Generation 370 finished with best fitness of 9845.
Generation 371 finished with best fitness of 9845.
Generation 372 finished with best fitness of 9845.
Generation 373 finished with best fitness of 9855.
Generation 374 finished with best fitness of 9855.
Generation 375 finished with best fitness of 9855.
Generation 376 finished with best fitness of 9900.
Generation 377 finished with best fitness of 9900.
Generation 378 finished with best fitness of 9900.
Generation 379 finished with best fitness of 9900.
Evolution finished after 24,8816158 seconds.
</DebugTrace>
      </Output>
    </UnitTestResult>
    <UnitTestResult executionId="1ad2cf13-188f-4638-ac08-2f3475b3ca26" testId="643aee53-482b-7ddc-6eba-83a04b5cba46" testName="TimetableInputExportTest" computerName="FLOLAP-PC" duration="00:00:00.0242823" startTime="2011-11-09T15:38:36.7661116+01:00" endTime="2011-11-09T15:38:36.8071140+01:00" testType="13cdc9d9-ddb5-4fa4-a97d-d965ccfc6d4b" outcome="Passed" testListId="8c84fa94-04c1-424b-9868-57a2d4851a1d" relativeResultsDirectory="1ad2cf13-188f-4638-ac08-2f3475b3ca26">
    </UnitTestResult>
  </Results>
</TestRun>