<?xml version="1.0" encoding="UTF-8"?>
<TestRun id="b1f2685c-3783-4a24-913f-06f9706239d4" name="FloLap@FLOLAP-PC 2011-10-21 21:33:11" runUser="FloLap-PC\FloLap" xmlns="http://microsoft.com/schemas/VisualStudio/TeamTest/2010">
  <TestSettings name="Lokal" id="6ed96bb3-d821-4eee-a79d-3a3069da9890">
    <Description>Dies sind die standardmäßigen Testeinstellungen für einen lokalen Testlauf.</Description>
    <Deployment enabled="false" runDeploymentRoot="FloLap_FLOLAP-PC 2011-10-21 21_33_11">
      <DeploymentItem filename="E:\HsKA\Semester2\Projektarbeit\Stundenplangenerator\TimetablePlanner\TimetablePlanner\bin\Debug\TimetablePlanner.dll" />
    </Deployment>
    <Execution>
      <TestTypeSpecific />
      <AgentRule name="Execution Agents">
      </AgentRule>
    </Execution>
  </TestSettings>
  <Times creation="2011-10-21T21:33:11.8917131+02:00" queuing="2011-10-21T21:33:12.9429153+02:00" start="2011-10-21T21:33:13.0365155+02:00" finish="2011-10-21T21:33:23.3325335+02:00" />
  <ResultSummary outcome="Completed">
    <Counters total="1" executed="1" passed="1" error="0" failed="0" timeout="0" aborted="0" inconclusive="0" passedButRunAborted="0" notRunnable="0" notExecuted="0" disconnected="0" warning="0" completed="0" inProgress="0" pending="0" />
  </ResultSummary>
  <TestDefinitions>
    <UnitTest name="TimetableManualTester" storage="e:\hska\semester2\projektarbeit\stundenplangenerator\timetableplanner\timetableplannertests\bin\debug\timetableplannertests.dll" id="3ada0cc6-2a4d-2d63-7d9f-97d4d443b0f3">
      <Execution id="5852f9f5-7f39-4167-9ccd-936d0ff63b8f" />
      <TestMethod codeBase="E:/HsKA/Semester2/Projektarbeit/Stundenplangenerator/TimetablePlanner/TimetablePlannerTests/bin/Debug/TimetablePlannerTests.DLL" adapterTypeName="Microsoft.VisualStudio.TestTools.TestTypes.Unit.UnitTestAdapter, Microsoft.VisualStudio.QualityTools.Tips.UnitTest.Adapter, Version=10.0.0.0, Culture=neutral, PublicKeyToken=b03f5f7f11d50a3a" className="TimetablePlannerTests.TimetableTest, TimetablePlannerTests, Version=1.0.0.0, Culture=neutral, PublicKeyToken=null" name="TimetableManualTester" />
    </UnitTest>
  </TestDefinitions>
  <TestLists>
    <TestList name="Nicht in einer Liste enthaltene Ergebnisse" id="8c84fa94-04c1-424b-9868-57a2d4851a1d" />
    <TestList name="Alle geladenen Ergebnisse" id="19431567-8539-422a-85d7-44ee4e166bda" />
  </TestLists>
  <TestEntries>
    <TestEntry testId="3ada0cc6-2a4d-2d63-7d9f-97d4d443b0f3" executionId="5852f9f5-7f39-4167-9ccd-936d0ff63b8f" testListId="8c84fa94-04c1-424b-9868-57a2d4851a1d" />
  </TestEntries>
  <Results>
    <UnitTestResult executionId="5852f9f5-7f39-4167-9ccd-936d0ff63b8f" testId="3ada0cc6-2a4d-2d63-7d9f-97d4d443b0f3" testName="TimetableManualTester" computerName="FLOLAP-PC" duration="00:00:08.9826056" startTime="2011-10-21T21:33:13.0833155+02:00" endTime="2011-10-21T21:33:23.2389334+02:00" testType="13cdc9d9-ddb5-4fa4-a97d-d965ccfc6d4b" outcome="Passed" testListId="8c84fa94-04c1-424b-9868-57a2d4851a1d" relativeResultsDirectory="5852f9f5-7f39-4167-9ccd-936d0ff63b8f">
      <Output>
        <DebugTrace>Time to create population of size 75: 608ms
1450
1390
1240
1140
1120
1120
1040
1030
1020
990
860
840
830
820
790
740
740
730
700
690
670
670
670
630
610
530
520
470
450
400
220
210
150
120
110
30
-10
-40
-70
-170
-220
-300
-390
-420
-420
-440
-440
-450
-460
-460
-480
-490
-500
-550
-640
-640
-700
-770
-770
-780
-820
-840
-940
-990
-990
-1210
-1290
-1350
-1350
-1400
-1430
-1580
-1600
-2280
-2790
Early abort after 158 generations.
Mean time per generation: 39ms
Mean fitness increase per generation
741
306
161
134
113
69
48
54
45
43
60
45
46
55
46
45
35
42
42
24
32
29
25
28
31
19
27
13
18
20
17
22
16
19
18
18
26
21
20
18
13
21
20
21
14
16
19
8
12
13
12
12
12
15
18
18
12
10
9
12
11
9
12
10
10
12
8
12
15
17
12
13
10
8
12
11
7
5
6
5
7
12
10
9
6
6
6
7
6
9
7
6
6
4
4
3
5
1
7
2
2
4
4
1
6
1
0
5
4
5
3
4
5
5
2
6
5
2
7
3
3
3
4
1
3
4
2
2
5
4
3
4
3
1
4
4
1
1
3
3
2
2
2
0
3
1
0
1
1
2
1
1
2
1
1
2
2
2
3
Evolution time: 6271ms
3340
3330
3330
3320
3320
3320
3320
3320
3320
3320
3320
3320
3320
3320
3310
3300
3300
3300
3300
3300
3300
3300
3300
3290
3290
3290
3290
3290
3290
3290
3290
3290
3290
3290
3290
3290
3290
3290
3290
3290
3280
3280
3280
3280
3280
3280
3280
3280
3280
3280
3280
3280
3280
3280
3280
3280
3280
3280
3280
3280
3280
3280
3280
3270
3270
3270
3270
3270
3270
3270
3270
3270
3270
3270
3270

Group 0
Block 0: Informatik 1                           | Technische Informatik 1                | Mathematik 1                           | Informatik 1 Übung                     | Theoretische Informatik 1              | 
Block 1: Theoretische Informatik 1              | Mathematik 1 Labor                     | Technische Informatik 1 Übung          | Informatik 1                           | Mathematik 1 Labor                     | 
Block 2: ---------------------------------------| ---------------------------------------| ---------------------------------------| Mathematik 1                           | Technische Informatik 1                | 
Block 3: ---------------------------------------| ---------------------------------------| ---------------------------------------| Fremdsprachen                          | ---------------------------------------| 
Block 4: ---------------------------------------| ---------------------------------------| ---------------------------------------| Fremdsprachen                          | ---------------------------------------| 
Block 5: ---------------------------------------| ---------------------------------------| ---------------------------------------| ---------------------------------------| ---------------------------------------| 

Group 1
Block 0: Softwarelabor                          | Mathematik 2                           | Technische Informatik 2                | Technische Informatik 2                | Digital-Labor                          | 
Block 1: Softwarelabor                          | Mathematik 2 Labor                     | Sprachen und Metasprachen              | Informatik 2 Übung                     | Digital-Labor                          | 
Block 2: Informatik 2 Übung                     | Softwarelabor                          | ---------------------------------------| Web-Programming                        | Digital-Labor                          | 
Block 3: Informatik 2                           | Softwarelabor                          | Informatik 2                           | ---------------------------------------| ---------------------------------------| 
Block 4: ---------------------------------------| ---------------------------------------| ---------------------------------------| ---------------------------------------| ---------------------------------------| 
Block 5: ---------------------------------------| ---------------------------------------| ---------------------------------------| ---------------------------------------| ---------------------------------------| 

Group 2
Block 0: Mobile Systeme                         | Visualization and Semantics Lab        | ---------------------------------------| Visualization and Semantics            | Modellierung und Simulation            | 
Block 1: Intelligente Systeme                   | ---------------------------------------| IT Service Management                  | Datenrepräsentation und -übertragung   | Verteilte Informationssysteme          | 
Block 2: ---------------------------------------| ---------------------------------------| ---------------------------------------| ---------------------------------------| IT Projektmanagement                   | 
Block 3: ---------------------------------------| ---------------------------------------| Projektarbeit1                         | ---------------------------------------| ---------------------------------------| 
Block 4: ---------------------------------------| ---------------------------------------| Projektarbeit1                         | ---------------------------------------| ---------------------------------------| 
Block 5: ---------------------------------------| ---------------------------------------| Projektarbeit1                         | Führungskräftetraining                 | ---------------------------------------| 

Group 3
Block 0: ---------------------------------------| Algorithmen Übung                      | Data Mining                            | Dialog Systems                         | Labor Verteilte Systeme                | 
Block 1: Labor Benutzeroberflächen              | Algorithmenentwurf                     | Angewandte Kryptografie                | IT-Sicherheit                          | ---------------------------------------| 
Block 2: ---------------------------------------| ---------------------------------------| ---------------------------------------| ---------------------------------------| ---------------------------------------| 
Block 3: ---------------------------------------| ---------------------------------------| ---------------------------------------| ---------------------------------------| ---------------------------------------| 
Block 4: ---------------------------------------| ---------------------------------------| Projektarbeit2                         | ---------------------------------------| ---------------------------------------| 
Block 5: Seminar                                | ---------------------------------------| Projektarbeit2                         | ---------------------------------------| ---------------------------------------| 
</DebugTrace>
      </Output>
    </UnitTestResult>
  </Results>
</TestRun>