<?xml version="1.0" encoding="UTF-8"?>
<TestRun id="d2663fcb-c02b-4800-9504-2eaa567a5c13" name="FloLap@FLOLAP-PC 2011-10-12 19:57:21" runUser="FloLap-PC\FloLap" xmlns="http://microsoft.com/schemas/VisualStudio/TeamTest/2010">
  <TestSettings name="Lokal" id="6ed96bb3-d821-4eee-a79d-3a3069da9890">
    <Description>Dies sind die standardmäßigen Testeinstellungen für einen lokalen Testlauf.</Description>
    <Deployment enabled="false" runDeploymentRoot="FloLap_FLOLAP-PC 2011-10-12 19_57_21">
      <DeploymentItem filename="E:\HsKA\Semester2\Projektarbeit\Stundenplangenerator\TimetablePlanner\TimetablePlanner\bin\Debug\TimetablePlanner.dll" />
    </Deployment>
    <Execution>
      <TestTypeSpecific />
      <AgentRule name="Execution Agents">
      </AgentRule>
    </Execution>
  </TestSettings>
  <Times creation="2011-10-12T19:57:21.5694424+02:00" queuing="2011-10-12T19:57:22.6445039+02:00" start="2011-10-12T19:57:22.7345091+02:00" finish="2011-10-12T19:57:24.5476128+02:00" />
  <ResultSummary outcome="Completed">
    <Counters total="1" executed="1" passed="1" error="0" failed="0" timeout="0" aborted="0" inconclusive="0" passedButRunAborted="0" notRunnable="0" notExecuted="0" disconnected="0" warning="0" completed="0" inProgress="0" pending="0" />
  </ResultSummary>
  <TestDefinitions>
    <UnitTest name="createTimetableInstanceTest" storage="e:\hska\semester2\projektarbeit\stundenplangenerator\timetableplanner\timetableplannertests\bin\debug\timetableplannertests.dll" id="ab441b29-9837-01bf-f43f-7839c8f73716">
      <Execution id="24fa48b0-a236-4f88-a9ba-8e765f806a11" />
      <TestMethod codeBase="E:/HsKA/Semester2/Projektarbeit/Stundenplangenerator/TimetablePlanner/TimetablePlannerTests/bin/Debug/TimetablePlannerTests.DLL" adapterTypeName="Microsoft.VisualStudio.TestTools.TestTypes.Unit.UnitTestAdapter, Microsoft.VisualStudio.QualityTools.Tips.UnitTest.Adapter, Version=10.0.0.0, Culture=neutral, PublicKeyToken=b03f5f7f11d50a3a" className="TimetablePlannerTests.TimetableTest, TimetablePlannerTests, Version=1.0.0.0, Culture=neutral, PublicKeyToken=null" name="createTimetableInstanceTest" />
    </UnitTest>
  </TestDefinitions>
  <TestLists>
    <TestList name="Nicht in einer Liste enthaltene Ergebnisse" id="8c84fa94-04c1-424b-9868-57a2d4851a1d" />
    <TestList name="Alle geladenen Ergebnisse" id="19431567-8539-422a-85d7-44ee4e166bda" />
  </TestLists>
  <TestEntries>
    <TestEntry testId="ab441b29-9837-01bf-f43f-7839c8f73716" executionId="24fa48b0-a236-4f88-a9ba-8e765f806a11" testListId="8c84fa94-04c1-424b-9868-57a2d4851a1d" />
  </TestEntries>
  <Results>
    <UnitTestResult executionId="24fa48b0-a236-4f88-a9ba-8e765f806a11" testId="ab441b29-9837-01bf-f43f-7839c8f73716" testName="createTimetableInstanceTest" computerName="FLOLAP-PC" duration="00:00:00.4565056" startTime="2011-10-12T19:57:22.7775115+02:00" endTime="2011-10-12T19:57:24.4396066+02:00" testType="13cdc9d9-ddb5-4fa4-a97d-d965ccfc6d4b" outcome="Passed" testListId="8c84fa94-04c1-424b-9868-57a2d4851a1d" relativeResultsDirectory="24fa48b0-a236-4f88-a9ba-8e765f806a11">
      <Output>
        <DebugTrace>Time to create population of size 50: 293ms
0089: 000,000,000,000,000,000,000,032,016,000,000,000,000,000,000,000,000,000,000,000,000,000,000,000,000,000,000,000,000,000,000,000,000,000,000,000,000,000,000,000,000,000,000,000,000,025,000,000,000,000,000,000,000,000,037,037,000,008,008,000,000,000,000,000,000,000,036,000,009,000,000,000,000,000,000,000,000,000,000,000,000,000,000,014,000,000,000,000,000,021,017,017,017,000,000,000,001,000,000,000,034,000,000,000,000,000,000,000,004,000,000,000,000,000,000,000,006,000,000,000,000,000,000,000,000,029,000,000,000,018,000,000,000,031,000,000,000,000,000,000,000,000,000,000,000,000,000,000,000,000,002,000,000,000,000,000,000,000,000,000,000,000,000,000,000,000,000,000,000,000,000,000,000,000,000,000,010,000,022,000,000,000,000,000,000,000,000,000,000,000,000,000,000,000,000,000,000,000,000,011,011,000,000,000,000,007,000,000,000,000,009,000,000,000,000,000,000,000,000,000,000,000,003,000,000,000,000,000,000,000,000,000,007,000,026,000,000,000,000,000,000,000,000,000,000,000,000,000,000,000,000,000,000,033,000,000,023,000,016,000,000,005,000,000,000,000,000,000,000,000,030,005,000,028,028,028,000,015,000,000,000,000,000,000,000,000,024,000,035,000,000,000,000,000,000,000,000,027,011,011,000,000,000,000,000,000,019,013,012,000,000,000,000,000,001,000,000,000,000,000,020,000,000,000,000,000,000,000,000,000,000,000,000,000,000,000,000,010,000,000,000,003,000,000,000,000,000,006,000,000,000,000,000,000,000,000,038,000,000,000,
0082: 018,000,000,000,005,000,000,000,000,000,030,004,000,000,000,000,000,010,000,000,011,011,000,000,000,000,000,000,023,000,012,024,000,000,000,000,015,000,000,000,000,000,017,017,017,000,000,036,029,000,000,022,025,000,000,000,000,000,000,000,000,000,000,000,026,000,000,000,000,000,000,000,000,000,000,000,000,000,011,011,000,000,000,000,000,000,000,000,031,000,000,000,000,000,000,000,037,037,000,000,000,000,000,000,000,000,000,000,000,000,000,003,000,000,000,000,000,000,000,014,000,000,000,007,000,038,000,000,000,000,000,000,000,000,000,000,000,000,000,000,000,000,000,000,000,000,000,000,000,000,000,000,000,000,000,000,000,000,000,000,034,000,000,000,000,000,000,000,032,000,000,000,000,000,000,000,000,000,000,000,008,008,000,000,000,000,035,000,000,000,000,000,000,000,000,000,000,000,000,000,005,000,003,000,000,000,000,000,000,000,000,000,000,000,000,000,000,000,000,000,000,000,000,000,000,020,000,000,006,000,000,002,000,000,009,000,000,000,000,000,000,000,000,000,000,000,001,000,000,028,028,028,010,000,000,000,000,000,000,000,000,000,000,000,000,009,000,000,000,000,000,019,000,000,000,000,000,006,000,000,000,000,027,000,000,000,000,000,000,000,000,000,000,000,000,000,000,000,000,000,000,000,000,000,000,000,000,016,000,000,000,000,001,000,000,000,000,000,000,000,000,000,000,000,016,000,000,000,000,021,000,000,000,000,000,000,000,000,000,000,000,000,000,033,000,000,000,000,013,000,000,007,000,000,000,000,000,000,000,000,
0077: 000,000,000,027,000,000,000,018,000,000,000,000,000,000,000,000,000,000,000,000,000,000,000,000,000,000,000,006,000,000,000,000,006,038,001,000,030,031,000,000,000,026,000,000,000,000,000,000,000,000,000,000,000,000,000,000,000,000,000,000,000,000,000,000,016,000,000,000,000,000,000,000,000,000,000,000,000,000,000,009,000,000,000,000,000,000,005,000,000,000,000,000,000,000,000,000,000,000,000,009,000,032,000,000,000,000,000,000,000,000,000,000,000,000,000,000,003,000,000,000,000,000,000,005,000,000,000,000,000,000,000,000,000,000,000,007,000,000,010,000,000,000,000,000,000,001,000,029,000,000,000,000,000,000,000,000,000,000,000,000,000,000,008,008,000,000,000,000,000,036,000,000,000,000,000,000,000,000,000,000,014,000,000,000,000,000,000,000,000,000,000,000,000,000,000,000,000,000,000,000,000,000,000,000,000,000,000,000,020,000,000,000,000,000,000,000,000,000,000,000,000,000,017,017,017,000,000,000,000,002,000,021,000,000,000,000,000,000,000,000,000,000,000,000,034,000,000,000,000,000,011,011,025,000,000,000,000,000,010,000,000,000,000,000,000,015,000,000,000,000,000,000,000,000,000,000,000,000,000,000,000,000,000,000,000,012,003,000,000,000,016,000,000,000,000,000,000,000,000,000,000,000,000,000,000,035,028,028,028,019,033,000,000,000,000,000,000,000,000,000,011,011,037,037,022,000,000,000,000,000,013,007,024,000,000,000,023,000,000,000,000,000,000,000,000,004,000,000,000,000,000,000,000,000,000,000,000,000,000,000,
0077: 016,000,000,021,000,000,000,000,000,000,000,000,000,000,000,000,000,000,000,000,000,000,000,000,000,000,000,000,000,013,038,000,000,000,000,000,000,000,000,000,000,000,000,000,000,000,000,000,000,000,000,000,000,001,000,005,030,000,000,000,000,000,000,000,000,000,000,033,000,017,017,017,000,000,000,020,000,000,000,000,000,000,000,000,011,011,000,000,000,000,000,000,036,000,000,000,000,000,003,000,000,000,000,000,000,007,000,000,000,000,000,000,000,000,000,000,000,000,000,000,000,008,008,000,000,000,000,000,000,000,000,000,000,000,000,000,000,000,000,000,000,000,000,000,003,035,000,000,000,000,000,000,011,011,000,000,000,000,000,000,000,000,000,000,000,000,000,000,000,000,000,025,000,000,000,000,000,000,000,000,006,000,000,000,034,000,000,009,000,000,000,000,000,006,000,000,000,004,000,000,000,000,000,000,000,000,000,000,000,000,000,000,000,010,007,000,000,000,000,000,000,026,000,000,000,000,000,000,000,000,000,000,000,000,002,000,000,000,000,000,000,000,000,016,000,000,000,000,000,000,000,023,019,000,000,000,000,000,000,022,000,000,000,000,000,000,000,000,000,000,000,000,000,024,000,000,027,000,000,000,000,000,000,029,000,000,000,000,000,000,000,000,000,000,014,010,000,000,000,000,000,000,012,000,000,000,000,000,000,000,000,000,000,028,028,028,037,037,009,000,031,000,000,000,000,000,005,000,000,000,001,000,000,000,000,000,000,000,000,000,000,000,000,000,015,018,000,000,000,000,000,000,000,000,032,000,000,000,000,000,
0070: 028,028,028,000,000,000,026,000,000,000,027,000,002,000,000,000,000,000,000,000,001,000,000,000,000,000,000,016,000,000,000,000,000,000,000,000,000,000,024,004,000,000,000,000,000,000,000,000,000,000,000,000,000,000,019,037,037,000,000,000,005,000,000,000,000,000,000,000,000,000,000,000,000,000,000,008,008,000,000,000,000,000,007,000,000,000,000,000,000,000,000,000,000,000,000,000,000,000,000,000,000,000,000,000,000,030,000,000,032,014,000,000,000,000,009,000,000,000,000,000,000,010,000,000,000,029,011,011,000,000,034,000,000,000,000,023,000,000,000,000,000,025,000,000,000,006,000,000,000,000,000,000,000,000,011,011,036,017,017,017,000,000,000,000,000,009,005,000,000,035,000,000,000,000,000,000,000,000,000,000,000,000,000,000,000,000,012,000,000,000,000,000,000,000,000,000,007,022,000,000,038,000,000,000,000,000,000,000,000,000,000,000,000,000,000,000,000,000,000,000,000,000,000,000,000,000,000,000,000,000,000,000,000,000,003,000,000,000,000,000,000,000,000,000,000,000,000,000,000,000,000,000,000,000,000,000,000,000,000,000,000,000,000,000,000,031,000,000,000,000,000,010,000,000,000,000,000,000,000,000,000,000,000,000,000,000,000,021,000,000,000,000,000,016,000,000,000,000,000,000,000,000,000,020,000,000,000,000,000,000,000,000,000,000,000,000,000,000,000,000,013,000,000,000,000,000,000,000,003,000,000,000,000,015,000,000,000,033,000,000,000,000,000,000,000,000,000,000,000,000,000,000,000,001,018,000,006,000,000,000,
0068: 000,000,000,000,000,024,028,028,028,000,000,000,000,000,000,000,000,000,000,017,017,017,000,000,009,000,000,000,000,000,000,000,000,000,016,000,000,000,000,000,000,000,000,000,000,000,000,000,032,000,000,006,005,000,000,011,011,000,000,000,000,000,000,000,000,003,020,000,000,000,000,001,000,000,000,000,000,000,000,000,000,000,000,000,000,000,000,000,000,000,000,000,000,000,000,000,000,011,011,000,000,000,000,000,000,000,000,000,000,000,000,000,000,000,000,000,000,000,038,002,000,000,000,000,000,000,000,000,000,000,000,000,000,007,000,000,022,031,000,000,005,000,000,000,000,023,000,000,000,019,000,000,000,000,000,000,000,000,000,027,000,000,000,000,000,000,000,000,000,025,000,000,000,000,035,000,018,000,000,026,021,034,000,000,000,000,000,000,000,000,000,000,000,000,000,000,000,000,000,000,000,037,037,000,000,000,000,000,000,000,000,000,000,029,000,000,000,000,000,000,000,000,000,000,000,000,000,000,000,000,000,000,000,000,000,008,008,000,000,000,000,010,000,000,000,000,033,000,000,000,000,000,000,000,000,000,000,000,000,000,000,010,000,000,000,000,000,000,000,000,000,014,000,000,004,000,007,000,000,013,000,000,009,000,000,000,000,000,000,000,000,000,000,000,000,000,000,000,000,000,000,001,036,000,000,000,000,000,000,000,000,000,000,000,000,012,000,000,000,000,000,000,006,000,000,000,016,000,000,000,030,015,000,000,003,000,000,000,000,000,000,000,000,000,000,000,000,000,000,000,000,000,000,000,000,000,000,000,000,000,
0065: 016,018,035,000,000,000,000,017,017,017,009,020,000,000,000,000,000,000,000,000,000,000,000,000,000,001,000,000,000,000,000,000,000,000,000,000,000,000,000,000,000,000,000,000,000,000,000,000,000,000,000,000,000,000,000,000,003,000,000,000,000,000,000,000,000,000,000,000,000,000,000,000,000,000,000,008,008,000,000,000,000,000,000,000,005,000,000,000,000,000,000,000,027,000,003,000,000,000,000,000,005,000,000,011,011,000,000,000,000,000,000,000,000,000,000,004,000,000,000,000,000,000,000,000,000,006,000,000,000,000,010,000,000,037,037,000,000,000,000,000,000,000,000,000,000,000,013,000,000,000,000,000,000,000,000,000,000,000,000,000,000,000,000,000,000,000,000,000,000,001,000,000,000,000,000,000,000,000,000,000,000,000,000,000,000,000,011,011,000,000,000,000,000,000,000,000,000,022,000,000,000,000,000,000,014,000,000,000,000,000,019,000,000,000,024,000,000,000,000,000,000,000,000,029,000,000,000,000,000,000,000,000,000,000,000,000,000,000,000,000,028,028,028,000,000,000,000,000,000,000,000,000,000,000,000,000,000,000,000,000,000,000,000,007,031,000,000,000,000,000,000,000,000,000,025,007,000,000,000,006,000,000,000,000,000,023,032,000,000,000,038,034,000,000,000,000,000,000,000,000,000,000,009,000,000,000,000,000,000,000,010,000,000,000,000,000,033,000,021,000,000,000,015,000,000,012,000,000,000,000,000,000,000,000,000,016,026,000,000,036,000,000,000,002,000,000,000,000,000,030,000,000,000,000,000,000,000,000,000,000,
0060: 000,000,000,000,000,000,000,000,000,000,000,000,000,000,000,000,000,000,005,000,000,000,000,000,000,000,000,000,000,000,000,003,000,000,000,019,007,000,000,000,000,000,000,000,000,000,000,000,000,000,011,011,000,000,000,000,001,000,000,000,000,000,002,000,000,000,000,000,000,000,000,000,000,000,034,000,030,000,000,000,000,025,038,000,000,000,000,000,000,000,000,000,000,000,000,000,011,011,000,000,000,000,000,000,000,000,000,000,000,000,000,000,000,000,000,000,000,010,009,000,000,000,000,000,000,000,000,000,000,000,000,000,000,000,000,000,000,000,000,000,032,000,000,000,000,000,012,000,000,000,021,000,000,000,003,000,000,000,009,000,000,000,000,000,000,000,035,000,000,000,000,000,000,000,006,000,000,000,000,018,029,005,000,000,000,000,000,000,033,016,000,000,000,000,024,000,000,000,020,000,000,000,000,000,000,013,000,008,008,000,000,000,000,000,000,000,000,000,000,000,000,000,015,000,000,000,000,000,000,000,000,000,000,022,000,017,017,017,000,000,000,000,000,000,000,016,000,000,000,000,000,000,000,000,000,000,000,000,000,000,000,000,000,000,000,026,000,000,000,000,000,000,000,000,000,000,000,010,000,031,000,000,000,000,000,000,000,000,000,000,000,006,000,000,000,000,000,000,014,000,000,000,027,004,000,000,000,000,000,000,000,000,000,000,000,000,000,036,000,000,000,000,000,000,037,037,000,000,000,000,000,000,000,000,000,000,000,000,028,028,028,023,000,001,000,000,000,000,007,000,000,000,000,000,000,000,000,000,000,000,
0059: 000,000,000,000,000,000,030,000,000,000,000,000,000,000,016,000,000,000,005,000,000,000,000,000,000,000,000,000,000,000,011,011,014,000,000,000,000,022,000,000,000,000,000,000,000,000,000,000,000,000,000,000,023,000,000,009,000,000,000,000,000,000,000,000,000,000,017,017,017,015,000,000,000,000,000,028,028,028,000,000,000,000,000,000,000,000,010,000,000,000,000,000,006,000,000,000,000,000,000,000,000,000,000,000,000,000,000,007,010,000,000,000,000,000,000,000,000,000,000,000,000,018,001,000,000,000,000,029,000,011,011,000,020,000,000,006,000,000,033,000,000,007,004,000,000,000,000,002,026,000,000,000,005,000,000,000,000,000,000,000,000,000,000,000,000,003,000,000,000,000,000,000,000,000,000,000,000,000,000,000,032,000,000,000,000,000,000,000,000,000,000,000,021,024,000,013,000,009,000,000,000,000,000,000,000,000,000,000,000,000,034,000,000,000,000,000,000,000,000,000,008,008,000,000,000,000,000,000,000,000,000,000,036,000,027,000,000,000,019,000,000,000,000,000,000,000,000,000,000,000,000,000,000,000,000,000,016,000,000,000,000,000,037,037,000,000,000,000,038,000,000,000,000,000,000,000,000,000,000,000,000,000,000,000,000,000,000,000,000,000,000,000,000,000,000,000,000,000,000,035,000,000,000,000,000,000,000,000,025,000,000,000,000,000,000,031,000,000,003,000,000,000,000,000,000,000,000,000,000,000,012,000,000,000,000,000,000,000,000,000,000,000,000,000,000,000,000,000,000,000,000,000,000,000,001,000,000,000,000,000,
0054: 000,000,000,000,000,000,010,000,000,000,016,000,000,000,000,000,000,013,000,000,006,000,000,000,000,010,000,038,000,000,000,000,000,000,000,000,014,000,000,000,000,000,000,000,000,000,000,000,000,000,000,000,006,000,000,000,000,029,000,000,000,000,000,001,000,000,000,000,000,000,000,000,000,000,000,000,000,000,000,000,000,000,000,000,011,011,000,000,000,000,000,026,000,000,034,000,000,000,027,000,000,000,000,000,000,000,000,000,011,011,000,000,024,000,000,001,000,000,015,000,000,000,000,000,000,021,000,000,000,000,000,000,000,000,000,000,000,000,005,000,000,000,000,000,033,000,000,000,035,000,000,000,000,000,000,000,000,000,000,000,000,000,000,000,000,000,000,003,000,000,000,000,000,000,000,017,017,017,000,000,000,022,000,000,000,000,000,005,000,000,000,000,020,000,023,000,000,000,000,000,000,000,000,000,000,000,000,000,000,000,000,000,025,000,000,000,008,008,000,000,000,000,000,003,000,000,000,000,000,000,000,000,000,000,000,000,000,000,009,000,002,000,000,000,000,030,000,000,000,000,000,000,000,000,000,000,000,000,000,000,000,000,000,000,000,000,000,000,000,007,036,000,000,000,032,012,000,000,000,000,004,000,000,000,000,000,000,000,000,000,000,016,000,000,028,028,028,000,000,000,000,000,000,000,018,000,000,000,000,000,000,000,000,000,000,037,037,000,000,000,000,007,000,000,000,000,000,000,000,000,000,000,000,000,031,000,000,000,000,000,000,000,000,000,000,000,000,000,000,000,000,000,000,009,000,000,019,000,000,000,
0054: 029,000,000,000,000,000,000,000,000,026,000,000,000,000,000,000,000,000,000,000,000,013,016,000,025,000,000,000,000,000,000,000,000,000,000,000,000,000,000,031,000,000,005,020,000,000,000,000,000,000,000,000,000,000,000,000,000,000,003,000,000,000,000,000,000,000,000,000,000,000,000,000,000,000,000,000,000,000,000,000,000,000,000,000,000,000,000,000,000,000,000,000,000,000,000,000,000,000,000,000,000,000,000,022,000,000,003,000,000,006,000,000,000,000,000,000,000,000,000,000,000,000,004,000,000,000,000,000,000,000,000,000,000,000,010,000,000,000,000,000,000,034,000,015,000,000,000,000,000,000,000,000,000,038,000,000,000,000,024,037,037,000,000,006,000,033,000,000,000,000,000,000,011,011,000,000,000,000,000,000,000,000,000,000,000,000,000,000,000,000,000,000,000,000,000,000,000,000,000,000,000,000,000,000,000,023,000,000,000,000,011,011,009,000,000,000,000,000,000,000,000,000,008,008,000,000,000,000,000,000,000,000,000,000,000,001,000,000,000,000,000,010,000,017,017,017,000,000,000,000,000,000,000,000,000,000,000,000,000,000,000,000,032,000,000,000,000,000,000,035,000,000,000,000,000,000,000,000,000,019,000,000,000,000,000,000,000,000,028,028,028,000,000,000,000,000,000,002,000,000,000,030,000,000,000,009,016,012,000,000,014,000,000,000,000,000,000,000,000,007,000,007,000,005,000,018,000,000,036,000,000,000,001,000,000,000,000,000,000,000,000,000,000,000,000,000,000,000,000,000,021,000,000,000,000,000,027,000,000,000,
0053: 000,000,000,000,000,000,000,037,037,000,031,000,000,000,000,000,018,000,000,000,000,000,000,000,000,000,000,000,000,000,035,000,000,000,000,000,000,000,000,000,000,000,000,000,022,000,016,000,000,000,000,000,000,020,000,000,000,000,000,000,000,000,000,000,025,000,000,000,000,000,000,000,000,000,000,000,000,000,000,033,000,000,003,000,000,000,000,000,000,000,028,028,028,000,000,000,000,000,029,000,000,030,000,000,000,000,000,000,000,000,000,000,026,000,000,000,000,000,000,000,000,000,000,000,000,000,000,000,000,000,000,000,000,000,000,000,000,000,000,027,021,038,000,000,000,000,000,000,008,008,001,000,000,000,000,000,000,000,034,000,000,000,000,000,000,000,000,000,000,000,000,000,000,000,000,000,000,000,014,000,012,000,000,000,000,000,000,009,000,000,000,000,000,000,000,000,010,000,000,000,000,000,000,000,000,000,000,000,000,000,005,010,006,000,024,000,011,011,000,000,000,000,000,000,000,003,000,000,019,000,000,000,000,000,000,015,000,000,000,000,000,000,000,036,000,000,000,000,000,000,000,000,000,001,000,000,000,000,000,000,000,000,000,000,005,000,000,000,000,000,000,007,000,017,017,017,000,000,000,000,000,000,013,000,000,000,000,000,000,000,000,009,000,000,000,000,006,000,011,011,000,000,000,000,000,023,000,000,000,000,000,002,000,000,032,000,000,000,000,000,000,000,000,000,000,000,000,000,000,000,000,016,000,000,000,000,004,000,000,000,000,000,000,000,000,000,007,000,000,000,000,000,000,000,000,000,000,000,000,000,
0051: 000,000,000,000,000,000,000,010,000,000,000,000,000,000,000,030,000,000,000,000,000,000,000,000,000,000,000,000,003,000,009,000,000,000,000,000,000,024,000,000,000,000,000,000,000,000,035,000,000,006,000,000,000,000,013,018,000,000,000,000,000,000,000,000,000,000,000,009,000,000,000,000,000,000,000,000,000,000,000,000,000,000,000,000,000,000,000,000,036,000,000,000,006,027,031,000,005,000,000,000,000,000,015,000,000,000,000,000,000,000,000,000,000,000,000,000,008,008,000,000,000,000,000,000,000,016,000,000,000,000,000,000,000,000,000,000,000,000,000,000,000,000,000,000,000,000,000,000,000,022,000,005,000,000,000,000,000,003,000,000,000,000,000,033,007,000,000,000,007,037,037,000,000,012,000,000,000,000,000,000,000,000,000,000,000,000,000,000,000,000,000,000,000,028,028,028,023,000,000,000,032,000,000,000,000,000,000,000,038,000,000,000,000,000,019,000,000,000,000,029,025,000,034,000,000,000,000,000,000,000,000,000,001,000,010,021,000,000,000,000,000,000,000,000,000,000,000,000,000,000,000,000,000,000,000,011,011,000,000,000,000,000,000,016,000,000,000,000,000,000,000,000,000,000,000,004,000,000,000,000,000,000,020,000,000,000,000,000,000,000,000,000,014,000,000,000,000,000,000,000,002,000,000,000,000,000,000,000,000,000,000,000,000,000,000,000,000,000,000,000,000,000,000,000,000,000,000,000,000,000,000,000,000,000,000,000,000,000,000,000,000,000,000,000,000,000,001,000,000,026,000,011,011,000,000,000,017,017,017,000,
0051: 000,000,022,000,020,000,016,000,000,000,000,000,000,000,024,000,000,000,000,000,026,000,000,000,019,000,000,000,000,000,000,009,037,037,016,000,000,000,000,009,000,000,000,000,000,025,000,000,000,000,000,000,000,000,000,000,000,000,000,000,000,011,011,000,000,000,000,000,000,000,000,000,000,000,000,000,000,000,000,000,000,000,000,015,000,000,000,000,000,000,000,000,007,000,000,000,000,000,000,000,000,000,000,000,000,000,000,000,000,000,000,000,000,000,000,021,000,000,000,000,000,005,038,000,000,000,000,000,000,000,000,000,000,000,000,000,000,000,000,000,000,000,000,000,000,032,000,000,000,000,000,028,028,028,000,014,001,000,000,000,000,000,000,000,000,001,000,000,000,000,000,030,000,000,000,023,000,000,000,000,027,000,000,000,000,000,000,000,000,033,000,000,000,000,000,000,000,000,000,000,000,000,000,000,000,000,000,000,000,002,000,000,000,000,000,000,000,000,000,000,000,000,000,000,000,000,003,000,000,000,000,000,000,000,000,000,000,000,008,008,018,000,000,000,000,000,000,000,000,000,000,000,000,000,000,000,000,000,000,000,000,000,000,010,029,000,000,000,000,000,000,017,017,017,000,000,000,000,000,000,000,000,000,000,000,000,000,000,031,000,035,000,000,000,000,000,000,000,000,000,000,000,000,000,010,000,000,000,003,000,000,004,000,000,000,000,000,005,000,000,000,006,000,000,007,000,000,000,000,000,000,000,034,000,000,006,000,000,036,000,000,000,000,000,000,000,000,000,012,000,011,011,000,000,000,000,000,000,013,000,
0050: 000,000,003,000,000,000,000,000,000,000,000,000,000,000,000,000,000,000,000,000,023,000,000,000,000,000,000,000,000,000,000,000,000,000,014,000,019,000,000,000,000,000,012,000,000,008,008,000,000,000,000,000,000,000,000,000,000,000,000,000,000,000,000,000,000,000,000,000,001,000,000,000,000,011,011,000,000,016,010,025,000,000,000,000,000,000,000,000,000,000,000,000,000,032,000,000,000,029,000,000,000,000,000,037,037,000,000,000,000,000,000,000,009,000,000,000,007,000,005,000,000,000,000,000,000,000,000,000,000,000,000,000,000,000,000,000,000,000,000,000,000,028,028,028,000,000,000,000,000,000,000,034,000,000,000,000,000,000,013,000,000,000,000,010,000,000,000,000,000,006,000,000,000,000,000,000,000,000,000,000,000,000,000,000,020,000,018,000,000,000,024,000,030,000,017,017,017,015,000,000,000,000,000,000,006,002,000,000,000,003,000,000,000,000,000,000,000,000,000,000,000,000,000,000,000,000,000,000,001,000,000,000,000,000,000,000,000,000,000,016,035,000,000,000,000,000,009,000,000,000,000,000,000,000,000,000,000,000,000,000,000,000,000,000,000,000,000,036,000,000,000,000,000,000,000,000,000,000,000,000,000,021,000,000,000,000,000,000,000,000,000,000,000,026,000,000,000,000,000,000,004,000,038,000,000,033,000,000,000,000,000,000,000,000,000,000,000,000,000,000,000,022,000,000,000,000,000,000,000,000,000,000,000,005,000,000,000,000,000,027,000,000,031,007,000,000,000,000,000,000,000,011,011,000,000,000,000,000,000,000,
0050: 000,000,000,000,000,000,000,000,000,000,000,000,000,000,000,000,000,000,000,000,024,000,000,010,000,005,000,000,000,000,000,000,000,000,000,000,000,000,000,000,000,000,000,000,000,000,000,000,032,007,000,000,000,000,000,000,000,000,000,000,000,027,000,000,000,000,000,000,038,035,000,029,000,000,026,000,000,014,000,000,000,000,000,000,000,023,000,000,000,000,000,000,000,000,009,000,000,000,000,017,017,017,000,005,000,000,013,000,000,000,034,000,000,000,000,000,000,015,000,000,022,000,000,000,000,010,000,020,000,000,000,000,037,037,000,000,000,000,006,000,000,000,000,000,003,000,000,000,000,000,000,000,016,000,000,000,000,000,000,000,000,000,000,000,028,028,028,000,000,000,007,000,000,000,000,000,000,000,000,000,000,000,000,000,000,000,000,000,000,000,000,000,000,000,036,009,000,000,000,000,000,000,000,000,000,004,000,000,000,000,000,000,000,000,000,000,016,000,000,000,019,000,000,000,000,000,000,000,000,000,000,000,033,000,000,000,000,000,000,000,000,000,000,000,000,000,021,000,000,000,000,000,000,000,000,000,000,000,000,000,000,000,000,000,000,000,000,006,000,000,000,000,000,000,000,000,000,000,000,000,000,000,000,000,000,000,000,000,031,011,011,000,000,000,000,000,000,000,000,000,000,000,000,000,018,000,000,000,000,000,030,000,003,000,000,000,000,000,000,000,012,000,000,000,000,000,000,000,000,000,000,000,000,008,008,000,000,000,000,000,000,000,000,000,011,011,025,000,000,000,000,000,002,000,000,000,000,001,001,000,
0046: 007,000,018,000,003,000,000,000,000,000,000,000,000,000,017,017,017,000,000,020,000,000,000,000,000,000,000,000,000,000,000,000,000,000,019,000,000,000,032,000,000,000,000,000,000,000,000,000,013,000,000,001,000,014,000,000,016,000,001,000,000,000,011,011,000,000,000,000,000,011,011,000,000,031,000,000,035,000,000,000,000,000,000,000,000,000,000,000,000,000,000,000,003,012,000,000,000,000,000,007,000,000,000,021,000,000,000,000,000,000,008,008,000,006,000,004,000,033,000,000,000,000,000,000,000,000,000,000,000,000,000,000,000,000,026,034,000,002,000,000,000,000,000,000,037,037,000,000,000,000,000,000,000,000,025,000,000,000,000,000,000,000,016,000,000,000,000,010,000,000,000,000,000,000,000,000,024,000,000,000,000,000,000,000,000,000,000,000,000,000,000,000,000,000,000,000,000,005,000,000,000,000,000,000,000,000,000,000,000,000,000,000,000,000,006,000,000,000,000,000,000,000,000,000,000,000,000,000,000,038,000,000,000,000,000,000,000,000,000,000,000,009,000,000,000,000,000,000,000,000,000,000,028,028,028,000,000,000,000,029,000,000,000,000,000,000,000,000,000,000,000,000,000,015,000,000,000,030,000,000,000,000,000,036,000,000,000,010,000,005,000,000,000,009,000,000,000,000,000,000,000,000,000,000,000,000,000,000,000,000,023,000,000,000,000,000,000,000,000,027,000,000,000,000,000,000,000,000,000,000,000,000,000,000,000,000,000,000,000,000,000,000,000,000,000,000,000,000,022,000,000,000,000,000,000,000,000,000,000,000,
0046: 030,000,000,000,000,000,000,000,000,000,011,011,000,000,000,000,000,000,010,000,000,020,000,000,000,000,000,000,000,000,021,000,000,000,000,000,000,000,000,000,000,000,000,025,000,000,000,000,000,031,034,000,000,000,000,000,022,000,000,000,000,000,000,000,000,000,000,000,000,000,000,000,000,000,000,000,000,000,000,000,000,000,033,000,000,000,000,000,000,000,000,000,000,026,000,000,000,000,000,028,028,028,000,000,019,000,000,000,000,000,006,000,037,037,000,000,016,000,009,000,000,000,000,000,000,000,000,035,000,000,000,000,000,007,009,032,000,000,000,000,000,000,000,000,000,000,000,017,017,017,000,000,000,000,000,000,000,000,027,000,000,000,000,000,000,000,000,000,024,015,000,000,000,000,012,000,000,000,000,000,000,000,000,000,000,000,000,000,000,000,000,000,000,000,000,013,000,003,001,000,000,000,000,000,000,000,001,000,000,000,006,000,000,000,007,000,000,003,000,000,000,000,000,000,000,036,000,000,000,000,000,000,000,000,000,000,000,000,000,000,000,000,000,000,000,000,000,000,000,000,000,014,000,005,000,000,029,000,000,023,000,000,000,000,000,000,000,000,000,000,000,000,000,000,000,000,000,011,011,000,000,000,000,002,000,000,000,038,000,000,000,000,000,000,000,000,000,010,000,000,000,000,008,008,000,000,000,000,000,000,000,000,000,000,000,016,000,000,000,000,000,000,000,000,000,000,018,000,000,000,000,000,000,004,000,000,000,000,000,000,000,000,000,000,000,000,000,000,000,000,000,000,000,000,000,005,000,000,000,000,
0046: 000,000,007,008,008,000,000,000,000,000,000,000,000,000,000,000,000,000,000,000,000,000,000,000,000,000,000,000,000,000,000,000,000,000,000,000,000,000,000,000,000,000,000,000,000,000,000,000,000,000,000,000,000,024,000,022,000,000,000,000,000,000,000,000,000,000,000,000,000,011,011,000,000,000,000,000,000,013,000,000,003,000,000,000,000,000,000,000,000,000,000,000,034,000,000,000,000,000,037,037,005,000,000,002,000,000,000,000,000,000,000,000,000,000,000,000,000,000,000,000,000,000,000,000,000,000,000,000,000,000,000,000,000,000,035,000,003,000,000,000,006,000,010,000,016,000,000,026,000,000,004,000,000,000,000,018,032,000,012,000,000,000,020,000,000,000,000,000,000,027,000,000,000,000,000,000,000,000,000,000,000,000,000,000,000,000,009,000,000,005,000,000,000,000,000,000,000,000,000,000,000,000,000,000,000,000,017,017,017,000,000,000,029,000,000,019,000,000,000,000,000,014,000,000,000,016,000,000,028,028,028,000,000,000,000,000,000,010,000,000,033,000,000,000,000,000,000,000,000,023,000,000,000,000,000,030,000,000,000,000,000,000,000,000,000,000,000,000,000,000,000,000,000,000,000,000,000,000,000,000,000,000,000,000,000,000,001,000,000,000,011,011,000,000,021,009,000,000,000,006,000,000,000,000,000,000,000,000,000,000,000,000,000,036,000,000,000,000,000,000,000,000,000,000,000,000,000,000,000,000,000,000,007,000,015,000,000,000,000,000,000,000,000,000,025,000,000,000,000,031,000,000,000,000,001,000,000,000,038,000,
0044: 000,014,016,000,000,000,000,000,000,000,000,000,000,000,000,000,000,000,000,000,000,000,026,000,000,031,000,017,017,017,000,000,005,000,000,000,000,024,000,000,000,000,000,000,000,000,000,000,000,011,011,000,000,000,000,000,000,000,000,000,000,000,000,000,000,000,000,000,000,038,033,000,000,000,000,002,000,000,015,001,000,000,035,000,000,000,000,021,000,000,000,000,000,000,019,000,000,000,000,000,000,000,003,000,000,000,000,000,006,003,000,000,000,000,000,000,000,000,000,000,000,000,000,000,000,000,000,000,000,000,000,000,000,020,000,000,000,000,000,000,000,000,000,000,000,000,000,000,000,000,000,000,009,000,000,000,000,018,000,000,000,000,000,000,000,000,000,000,000,000,000,000,000,000,000,000,000,000,000,023,022,000,007,027,007,000,025,000,011,011,010,000,000,013,000,000,000,000,000,000,000,000,001,000,000,000,000,037,037,000,000,000,000,016,000,000,000,000,000,000,000,000,036,000,000,000,000,029,000,000,000,000,000,000,000,000,000,000,000,000,000,000,000,000,012,000,000,000,000,000,000,000,000,028,028,028,000,000,000,000,000,000,000,000,009,000,000,000,000,000,000,000,000,000,000,000,000,000,000,000,000,000,000,000,000,000,000,000,000,000,000,000,030,000,000,000,000,000,000,000,000,000,000,000,000,000,000,000,000,000,000,006,000,000,000,000,000,000,000,000,005,000,000,000,000,000,000,032,000,000,000,000,000,000,000,004,000,000,000,000,000,010,000,000,034,000,000,000,000,000,000,000,000,000,000,000,000,008,008,000,
0043: 000,000,036,000,000,000,000,000,000,000,000,000,000,000,000,000,000,016,000,000,000,000,035,000,000,000,001,000,000,000,000,000,000,000,000,000,000,000,000,000,030,000,000,000,000,000,000,006,000,000,029,000,005,000,000,033,000,000,000,006,000,010,000,000,000,000,000,000,000,000,000,000,023,000,000,000,000,000,000,000,000,000,000,000,000,000,009,000,000,000,000,000,018,000,000,032,000,000,000,000,000,000,000,009,000,000,000,000,000,000,000,007,000,013,000,000,000,000,000,000,000,000,019,000,011,011,000,000,000,000,031,000,000,000,000,000,000,000,000,000,000,000,000,000,000,000,000,000,000,034,000,000,000,000,000,000,010,000,000,000,000,000,000,000,000,000,000,000,000,000,000,000,000,000,000,000,000,000,000,000,000,000,000,000,000,000,000,007,000,000,000,000,000,000,024,000,000,000,000,000,000,000,000,000,000,001,000,000,000,000,004,000,028,028,028,015,011,011,000,000,000,000,000,000,000,000,000,000,000,038,000,000,000,000,000,037,037,000,000,000,000,002,000,000,000,000,027,000,000,000,000,000,000,000,000,000,000,000,000,005,000,000,000,000,000,000,000,022,020,000,000,008,008,000,000,000,000,025,000,000,000,000,000,000,000,000,000,000,000,000,000,000,000,000,000,000,000,000,021,000,000,000,000,000,000,000,000,000,000,012,000,000,000,000,000,003,026,000,000,014,000,000,003,000,000,000,000,000,000,000,000,000,000,000,000,000,000,017,017,017,000,000,000,000,000,000,016,000,000,000,000,000,000,000,000,000,000,000,000,000,
0043: 000,000,000,000,007,000,000,000,000,000,000,018,000,000,000,000,000,000,000,000,000,000,000,000,009,000,000,000,000,000,000,000,000,000,000,000,000,000,000,000,000,000,003,001,000,021,000,005,029,000,000,000,001,000,000,000,000,008,008,000,000,000,022,000,000,000,000,000,000,000,000,000,000,000,000,000,000,000,000,000,006,000,000,000,000,000,000,000,000,000,000,000,000,000,000,015,000,000,000,000,000,000,000,000,000,000,000,000,000,000,000,000,035,000,000,000,000,000,000,000,000,028,028,028,000,000,000,000,000,000,000,000,000,006,013,000,000,000,000,000,000,000,000,000,031,000,000,000,000,000,000,000,000,000,000,000,000,000,000,000,000,000,000,036,000,016,034,000,000,000,032,000,000,000,000,000,000,000,000,000,000,000,000,000,000,024,000,014,019,000,000,000,000,000,000,000,000,025,000,000,000,000,027,000,000,000,033,000,000,000,000,000,000,000,000,000,000,000,000,000,000,000,026,000,000,000,000,000,020,000,000,000,000,000,000,000,000,000,000,000,012,000,000,000,038,009,030,016,000,000,000,007,000,000,000,000,002,000,000,003,000,000,000,000,000,000,000,000,000,000,000,000,000,000,000,000,000,000,000,000,000,000,000,000,000,000,000,000,000,000,000,000,000,010,000,000,000,000,005,000,000,000,000,000,000,000,000,000,000,000,004,000,000,010,000,011,011,000,023,000,000,000,000,000,000,000,000,000,000,000,017,017,017,000,000,000,000,000,000,000,000,000,000,000,000,000,011,011,000,037,037,000,000,000,000,000,000,000,000,000,
0041: 000,000,000,000,000,000,000,000,000,000,000,000,022,000,000,000,000,000,000,005,000,000,000,000,000,000,000,034,000,000,000,000,000,001,000,000,000,000,000,000,000,000,000,000,000,000,000,000,026,000,000,014,000,000,000,000,000,010,000,000,003,009,000,000,000,000,000,000,000,000,000,002,000,000,000,000,004,000,000,000,000,029,000,000,000,000,000,000,000,000,000,000,000,000,000,000,000,000,000,000,000,001,010,000,000,007,000,000,000,028,028,028,000,031,000,000,000,036,009,000,000,000,000,000,000,000,000,000,000,000,000,000,000,000,025,000,000,000,016,021,000,000,000,000,000,000,000,013,000,000,016,000,000,033,000,000,000,000,000,000,000,000,000,000,000,000,000,000,006,000,011,011,003,000,023,024,000,000,000,000,000,000,000,000,000,000,000,000,000,000,000,000,000,000,007,000,000,000,000,000,000,000,000,000,000,000,000,018,000,000,000,000,000,000,000,000,000,000,000,000,000,000,000,000,000,000,000,000,000,000,000,000,000,000,000,000,000,000,000,000,000,030,000,000,000,000,000,000,000,000,000,000,000,000,000,000,000,000,000,000,000,000,012,035,000,000,000,000,000,000,000,000,000,000,000,006,000,000,000,000,000,000,000,027,000,000,000,000,011,011,000,000,000,000,000,000,000,000,020,000,000,000,000,000,000,000,000,000,000,000,037,037,000,000,000,000,000,000,000,008,008,000,000,000,000,005,000,000,000,019,000,000,000,038,032,000,000,000,017,017,017,000,000,000,015,000,000,000,000,000,000,000,000,000,000,000,000,000,000,000,
0038: 000,000,000,031,000,000,000,001,000,000,000,034,000,000,000,000,000,000,000,000,000,000,000,000,000,000,000,000,000,000,000,000,000,000,000,000,000,000,000,000,000,000,000,000,000,003,000,000,000,000,000,000,000,000,000,000,000,000,000,000,000,000,000,000,003,000,000,000,000,000,000,033,000,000,000,000,000,000,000,000,017,017,017,000,011,011,035,000,000,000,000,000,000,000,000,000,000,000,000,000,000,000,000,000,000,000,000,000,000,000,000,000,000,000,000,006,000,000,000,000,000,023,000,000,000,000,030,000,020,009,000,000,000,036,000,000,000,000,001,005,000,000,000,000,000,000,008,008,000,015,000,000,000,005,014,010,000,012,000,011,011,000,000,000,000,000,000,004,000,000,000,000,000,000,000,000,000,000,000,000,000,000,000,000,000,000,000,000,000,007,000,000,032,000,000,000,010,000,000,000,000,016,000,022,000,000,006,000,000,000,000,009,000,000,000,000,000,000,000,000,000,000,000,000,000,000,000,000,000,000,000,000,000,027,000,000,000,000,000,000,000,000,000,000,000,000,000,000,000,000,000,000,025,000,000,000,000,000,000,000,000,000,000,021,037,037,000,000,000,000,000,000,000,013,000,000,000,018,000,000,000,000,000,038,000,000,000,000,000,000,007,000,000,000,029,000,000,000,000,000,000,000,000,000,000,000,000,000,000,000,000,000,000,000,000,000,000,000,000,000,026,000,000,000,000,000,000,000,000,000,000,000,000,000,000,016,000,000,000,002,000,000,000,000,000,000,000,000,000,024,000,028,028,028,019,000,000,000,000,000,
0036: 000,000,000,000,000,000,000,000,000,006,000,001,000,025,000,000,000,000,000,000,000,000,000,000,000,000,000,000,000,027,000,000,000,003,000,000,010,000,000,000,000,000,000,000,000,000,000,000,000,000,000,000,000,000,000,000,000,000,000,016,000,000,000,000,000,002,000,009,000,000,000,000,000,000,026,000,000,000,000,000,000,000,000,021,035,000,000,000,000,000,000,000,010,015,031,000,000,000,006,000,000,000,022,000,000,000,000,000,000,000,000,000,000,000,000,000,000,000,038,000,000,000,029,000,000,000,000,000,000,000,000,000,000,000,000,000,000,000,000,000,000,000,000,000,000,000,032,000,000,000,000,017,017,017,000,000,000,000,000,020,000,012,000,000,000,000,000,000,001,000,000,007,016,000,000,000,037,037,014,000,000,000,000,000,000,000,000,000,000,000,000,000,000,018,000,000,000,000,000,000,000,000,008,008,000,000,000,000,000,000,033,000,000,000,000,000,000,000,000,000,000,000,000,000,000,000,000,000,007,013,000,000,000,000,000,000,000,000,005,019,004,000,000,000,003,000,000,000,000,000,000,000,000,024,000,000,000,000,000,000,000,000,000,000,000,000,000,000,000,000,000,000,000,000,000,000,000,000,000,000,011,011,000,000,000,000,000,000,000,034,000,000,000,000,000,000,000,000,000,000,000,000,023,000,000,000,000,000,000,000,000,030,000,000,000,000,000,000,000,000,000,000,000,000,011,011,000,000,000,000,000,009,000,000,000,000,000,005,000,000,000,000,000,000,000,000,000,000,000,000,028,028,028,000,000,036,000,000,000,000,
0036: 000,000,031,034,000,025,000,000,000,000,000,000,000,000,000,000,000,005,000,000,012,023,000,021,000,010,000,000,000,000,000,000,000,000,000,000,000,000,017,017,017,000,000,000,000,000,000,003,006,000,006,000,000,000,000,030,038,000,000,018,000,000,000,000,000,000,014,000,000,000,000,000,027,000,000,000,000,000,010,000,000,022,000,000,000,000,000,001,000,000,000,000,000,000,000,000,028,028,028,000,000,029,000,000,000,000,000,000,000,000,000,000,000,000,000,000,000,000,000,000,000,026,000,000,000,000,000,033,000,000,000,000,015,000,000,000,000,000,000,000,000,000,000,000,000,000,000,000,000,000,000,000,000,000,000,000,000,000,000,000,000,000,000,000,000,000,000,004,000,013,000,000,000,000,000,037,037,000,005,000,036,000,000,000,000,000,000,008,008,000,000,024,000,000,000,000,000,000,000,000,000,000,000,000,000,000,000,000,000,002,000,000,000,000,000,000,000,009,000,000,000,000,000,000,000,000,000,000,000,000,000,000,035,000,000,000,000,000,000,000,000,000,000,000,000,000,000,000,000,000,000,000,000,000,000,000,011,011,000,000,000,001,000,000,000,000,000,000,007,000,000,000,000,000,000,000,000,000,000,000,000,000,000,000,000,000,000,000,000,019,000,011,011,000,007,000,000,000,000,000,000,000,000,000,000,000,000,000,000,000,000,000,000,000,000,000,000,000,000,000,000,000,003,000,000,000,000,000,000,000,000,000,000,000,000,016,000,000,000,000,000,000,000,000,000,000,000,000,016,000,032,000,000,009,000,000,020,000,000,000,
0035: 024,000,023,000,000,000,000,000,000,000,000,014,000,004,011,011,000,000,000,000,000,000,000,000,000,000,000,000,000,000,000,000,025,000,027,010,000,019,000,000,022,029,000,000,000,000,000,000,000,000,000,000,000,013,000,000,000,000,000,000,000,000,028,028,028,000,000,000,000,000,000,000,000,000,000,030,000,000,000,000,000,000,000,000,000,000,000,000,000,000,006,000,009,000,026,000,000,011,011,035,000,000,000,018,000,000,000,000,009,000,000,000,000,000,000,000,000,000,001,000,036,003,000,000,000,000,000,000,002,000,000,000,000,000,038,000,000,000,000,000,000,000,000,000,000,000,000,000,000,000,000,000,000,000,000,000,000,000,000,000,000,000,000,000,006,000,000,000,000,000,000,000,000,000,000,000,000,032,000,000,000,000,000,000,000,000,000,000,000,005,000,000,000,007,000,000,000,000,000,000,000,000,000,000,000,000,000,000,031,000,000,000,000,000,000,000,000,000,000,000,000,000,000,001,000,000,008,008,000,000,000,000,000,000,000,000,000,000,000,000,000,000,000,000,000,000,007,000,000,000,000,000,000,000,000,000,000,000,000,037,037,000,000,000,000,000,000,000,000,000,000,000,000,000,000,000,010,012,000,000,033,000,000,000,000,015,034,000,000,000,000,000,000,000,000,000,000,000,000,016,000,000,000,000,000,005,016,000,000,000,000,000,000,000,000,000,000,000,000,003,000,000,020,000,000,000,017,017,017,000,000,000,000,000,000,021,000,000,000,000,000,000,000,000,000,000,000,000,000,000,000,000,000,000,000,000,000,000,000,000,
0034: 000,000,000,000,000,000,000,000,000,000,000,000,000,000,000,000,000,000,000,034,014,000,000,000,000,000,000,000,000,000,000,000,000,000,000,000,000,000,000,000,000,000,000,000,000,000,000,000,000,000,023,000,000,000,009,000,018,031,000,000,000,000,000,000,000,000,000,000,000,000,001,000,000,000,000,000,000,032,006,012,000,000,000,000,000,000,000,000,000,000,000,000,000,000,000,000,009,035,000,000,000,000,000,000,033,000,000,000,000,000,003,000,000,000,000,000,004,000,000,000,000,000,000,000,000,000,000,000,000,000,001,000,000,011,011,000,000,000,000,000,000,000,000,000,000,000,000,016,000,022,000,025,000,000,020,000,000,000,000,000,000,000,000,000,000,000,000,000,026,000,028,028,028,002,007,000,000,000,000,000,000,000,000,021,000,019,000,000,000,000,000,000,000,000,000,013,000,000,000,015,000,000,000,000,000,010,000,000,000,000,000,000,000,000,000,000,000,000,000,000,000,000,000,038,000,000,003,000,000,000,000,000,000,000,000,000,000,017,017,017,000,000,000,000,030,000,029,000,000,027,000,000,000,000,000,000,000,000,000,000,000,000,000,000,000,000,000,000,000,000,000,000,000,000,000,000,000,000,000,000,000,000,000,000,000,000,000,000,000,000,005,000,000,005,000,000,000,000,000,000,000,007,000,000,000,000,000,000,008,008,000,000,010,000,000,000,000,000,000,000,000,011,011,000,000,000,000,000,037,037,000,000,000,000,000,036,000,000,000,024,000,000,000,000,000,000,000,000,000,000,000,000,000,000,006,000,000,000,016,000,
0033: 000,000,000,000,000,000,000,036,000,000,000,000,000,001,000,000,000,000,020,000,000,000,000,000,000,000,031,000,000,000,000,000,000,000,000,000,000,000,000,000,000,000,000,000,008,008,000,000,000,000,007,028,028,028,000,000,000,014,000,000,000,000,000,000,011,011,000,000,000,000,000,000,000,000,000,000,000,034,015,000,000,000,000,000,000,000,000,000,000,000,000,000,000,000,000,000,000,000,016,000,000,024,000,023,037,037,000,000,000,000,000,000,000,000,000,000,000,000,000,000,000,006,026,000,000,000,000,000,000,000,000,000,000,000,000,009,000,000,000,000,000,000,032,000,000,000,000,010,000,000,000,000,000,000,000,000,002,000,000,000,012,000,000,000,000,000,000,000,019,000,000,000,000,000,005,000,000,000,000,016,000,000,000,000,000,000,000,000,000,000,000,000,025,000,000,000,000,000,000,000,000,000,000,000,000,000,017,017,017,000,000,000,000,000,000,000,000,000,000,000,000,000,000,000,000,000,000,035,000,000,000,000,000,000,000,001,000,000,000,000,000,000,000,000,000,000,000,000,000,000,000,000,000,000,000,000,000,003,013,000,000,000,000,010,000,000,000,000,000,000,000,000,000,000,000,000,000,000,000,000,000,000,018,000,000,000,000,033,000,000,000,021,000,000,027,000,000,000,000,000,000,000,000,000,007,000,004,000,000,000,000,000,000,000,000,000,022,000,000,000,000,000,006,000,000,000,000,000,000,005,000,000,030,000,000,000,009,000,000,029,000,000,000,000,000,000,000,038,003,000,000,000,000,000,000,011,011,000,000,000,
0033: 000,022,000,011,011,029,000,000,000,000,005,000,000,000,000,000,000,000,021,001,000,000,010,000,000,000,000,036,000,032,000,000,000,000,000,000,000,003,000,000,000,000,000,000,000,000,000,000,000,000,000,000,000,000,000,000,000,000,000,035,000,000,000,000,000,000,000,000,000,000,000,027,000,000,000,008,008,000,006,000,000,000,003,000,000,000,000,000,000,000,000,000,000,000,000,000,000,000,000,016,000,007,000,000,000,000,000,000,000,000,000,000,000,000,000,000,000,000,000,000,037,037,000,020,006,000,000,011,011,017,017,017,000,000,000,000,000,000,000,000,000,000,000,000,000,000,030,000,000,000,000,012,000,000,000,024,000,000,000,000,000,000,000,000,000,000,000,013,000,009,018,000,000,000,000,000,000,000,000,010,000,000,000,000,000,000,000,000,000,000,000,000,028,028,028,000,000,000,000,000,000,000,000,000,000,000,000,000,038,000,000,007,000,026,000,000,000,000,000,000,000,000,000,000,000,000,000,000,000,000,000,000,000,000,000,000,000,000,000,000,000,014,000,000,000,000,000,000,000,000,000,000,000,000,000,000,000,000,000,033,000,000,000,000,000,000,000,000,000,031,000,000,000,000,000,000,000,004,000,000,000,000,000,019,000,000,000,000,000,000,000,005,000,000,000,000,002,000,000,000,000,009,000,000,000,000,001,000,034,000,000,000,000,000,000,000,000,000,000,000,000,000,000,025,000,000,000,000,000,000,000,016,000,015,000,000,000,000,000,000,000,000,000,000,000,000,000,000,000,000,000,000,000,000,023,000,000,000,000,000,
0032: 000,000,000,000,000,000,000,000,000,005,006,003,000,000,013,000,000,000,000,000,000,000,031,000,027,010,017,017,017,000,000,000,000,000,006,000,000,036,000,026,000,000,038,000,000,020,000,000,000,000,000,016,000,000,000,000,016,000,000,000,000,000,000,000,000,000,000,000,000,000,000,000,000,000,000,000,018,000,000,000,000,000,005,000,000,000,000,029,000,000,002,000,000,000,000,001,000,000,000,000,000,000,000,000,025,000,000,000,000,000,000,000,000,000,000,000,000,000,000,000,000,000,000,000,000,000,000,015,000,000,000,000,000,000,000,000,000,000,000,000,000,000,000,000,000,000,000,000,000,000,000,011,011,000,000,000,000,000,000,000,000,000,000,000,000,000,000,000,000,000,000,000,000,000,000,000,000,000,000,000,000,000,000,000,023,000,000,000,000,000,000,000,000,000,000,000,000,000,000,000,000,000,000,000,000,000,000,003,000,000,000,000,007,000,000,000,028,028,028,000,000,000,000,034,000,000,000,000,000,000,000,000,000,000,000,000,000,004,008,008,000,000,000,000,000,000,000,000,000,007,000,000,000,000,000,000,000,000,000,000,000,000,035,000,000,000,000,037,037,000,000,000,000,000,032,000,000,000,000,000,000,000,000,001,000,000,000,000,000,012,000,000,000,000,000,000,000,000,000,024,019,000,000,000,000,000,000,000,000,000,000,000,000,000,010,000,000,000,009,000,000,000,000,033,000,000,000,000,000,000,030,000,000,000,011,011,014,000,009,000,000,000,000,000,021,000,000,000,000,000,000,000,022,000,000,000,000,000,000,000,
0028: 000,000,000,000,000,016,000,000,000,000,000,000,000,000,000,000,000,000,000,000,000,000,000,000,032,000,000,000,000,000,000,000,000,000,000,000,000,000,000,000,000,000,000,000,000,000,000,000,000,000,020,029,000,000,000,034,000,000,000,038,017,017,017,000,000,000,000,000,000,000,000,000,000,000,000,000,000,000,000,000,000,000,018,035,000,000,000,005,000,000,000,000,000,002,025,000,000,000,000,000,037,037,000,000,000,011,011,000,000,000,000,000,010,000,000,000,009,000,000,000,000,000,000,000,000,000,024,011,011,000,000,000,000,000,000,000,000,000,000,000,000,000,014,000,000,000,000,000,000,000,000,004,000,000,001,000,000,006,021,000,000,000,000,000,000,028,028,028,000,000,000,005,000,000,000,000,000,000,000,000,033,000,000,000,027,000,000,015,000,000,000,000,000,022,000,000,000,000,000,019,000,000,000,000,000,000,000,000,000,000,000,000,000,000,000,000,000,000,000,000,000,000,000,000,000,000,000,000,000,000,000,000,000,000,000,003,000,000,000,000,000,000,000,000,000,000,000,000,000,000,000,000,006,000,000,000,000,000,007,000,000,000,000,000,000,000,000,012,000,000,000,000,000,000,000,000,000,016,000,031,000,000,000,000,000,000,009,000,000,000,000,000,000,000,003,000,000,001,026,000,000,000,000,000,000,007,000,000,000,000,000,000,000,000,000,000,000,000,000,000,000,000,000,000,000,000,000,000,000,000,000,000,000,000,000,030,000,000,008,008,036,023,000,000,000,000,000,000,000,000,000,013,010,000,000,000,000,000,000,000,
0025: 000,000,000,000,000,000,000,000,000,000,000,006,000,033,000,000,000,000,000,000,000,026,000,000,021,000,000,000,000,000,000,000,000,000,000,000,000,000,011,011,000,000,012,015,000,000,000,000,000,000,000,000,005,000,000,000,000,031,000,000,000,000,010,000,000,000,000,000,000,000,000,000,000,000,000,000,005,000,000,000,000,000,000,000,000,000,000,000,000,000,000,013,000,000,000,000,000,000,000,000,016,000,000,000,000,000,000,000,000,000,000,000,000,000,016,000,000,000,000,000,000,017,017,017,000,000,000,025,000,000,000,000,000,000,000,000,000,035,000,000,000,000,032,000,000,000,000,000,000,000,000,030,000,008,008,000,000,000,023,014,034,000,000,000,000,000,000,000,000,000,000,000,029,000,000,000,000,000,000,000,000,000,000,000,000,000,000,020,000,000,000,000,000,000,000,000,010,000,028,028,028,000,022,002,000,036,000,000,037,037,000,000,000,000,000,000,000,000,000,000,000,000,000,000,000,000,000,000,000,000,000,011,011,000,004,000,000,000,000,001,000,019,000,000,000,003,000,000,000,000,000,000,000,000,000,007,000,000,000,007,000,000,000,000,000,000,000,000,000,000,000,000,000,000,000,000,000,000,000,000,000,000,000,000,000,000,000,018,000,000,000,000,000,000,000,000,000,000,000,000,000,000,000,000,000,000,000,038,000,000,000,000,000,000,000,000,000,009,000,000,006,000,024,000,000,000,000,000,000,000,000,000,000,000,000,000,003,000,000,009,000,000,000,000,000,000,000,000,000,000,000,000,000,001,000,027,000,000,000,000,
0025: 000,000,000,000,000,000,000,013,000,000,000,000,000,000,000,000,000,000,000,000,000,000,000,000,000,000,000,006,000,000,029,000,000,000,000,000,000,000,000,000,000,000,000,036,000,000,000,000,000,000,000,000,000,000,000,000,000,034,000,003,000,000,000,000,000,000,027,000,000,000,000,000,000,000,000,000,000,000,000,000,000,000,000,000,000,000,000,000,000,003,023,000,035,000,000,000,016,000,000,000,037,037,000,000,000,000,000,000,000,011,011,000,000,030,000,000,000,000,000,000,000,000,000,000,000,000,000,000,000,018,000,015,000,000,000,000,000,000,009,000,000,000,025,012,000,000,000,000,000,000,000,000,000,000,000,000,000,000,000,000,000,000,000,000,000,000,000,000,000,000,000,017,017,017,000,011,011,000,000,000,000,000,000,000,000,000,000,000,000,000,004,000,000,005,000,000,000,000,000,000,000,000,000,000,000,000,000,002,000,000,000,000,000,000,000,000,000,020,000,000,000,000,000,033,000,000,007,000,000,000,000,000,000,000,000,000,000,000,000,000,000,000,000,038,000,000,000,000,000,000,000,014,000,000,000,000,000,000,000,000,000,000,000,000,000,032,000,000,000,000,000,000,000,000,000,000,000,000,000,000,000,000,001,000,000,010,000,000,000,000,000,000,000,000,021,000,000,000,000,026,000,000,000,016,007,000,000,000,000,000,000,000,000,000,000,000,000,000,000,000,000,022,000,000,000,000,028,028,028,024,000,000,000,009,000,000,000,000,000,000,005,000,000,000,000,000,000,000,008,008,000,000,000,000,001,010,031,019,006,000,
0025: 000,000,000,000,000,000,011,011,000,000,000,020,000,000,000,000,030,000,000,000,000,000,000,000,000,000,000,000,000,003,000,005,000,000,000,000,000,000,000,000,000,000,000,000,000,000,000,000,022,000,000,000,000,000,000,000,000,000,000,000,000,000,000,000,000,000,000,000,000,000,000,000,000,000,000,000,000,000,000,000,000,000,000,000,000,000,000,000,000,000,000,000,000,000,000,000,000,000,000,036,000,000,000,000,031,000,000,000,000,009,000,006,000,000,029,033,000,000,006,000,000,000,000,000,000,013,000,010,000,000,034,000,000,000,000,000,000,000,000,000,001,000,000,025,000,000,008,008,000,000,000,000,000,000,000,000,000,000,032,000,000,000,000,000,000,000,000,000,000,000,035,018,000,000,000,000,000,015,000,000,000,000,000,000,000,000,000,012,000,000,000,000,000,000,000,000,000,000,000,000,000,000,000,021,000,000,000,000,000,000,000,000,003,000,000,000,004,000,000,000,000,000,007,000,000,000,000,000,023,000,000,001,000,000,000,000,000,000,000,000,000,000,000,000,027,000,000,000,000,000,000,000,000,000,000,000,000,000,002,014,000,000,000,000,000,000,000,037,037,000,000,000,000,000,007,000,000,000,000,000,024,000,000,000,000,000,038,000,000,028,028,028,016,000,000,000,000,016,000,000,000,000,000,000,011,011,000,000,026,000,000,000,000,000,000,000,000,000,000,000,005,000,000,000,000,000,000,000,000,000,000,000,000,017,017,017,000,000,000,000,000,009,010,000,000,000,000,000,000,000,000,000,000,000,000,000,000,019,000,000,
0024: 000,000,000,000,003,000,003,000,000,000,000,000,000,000,000,000,000,000,029,037,037,010,000,006,000,000,000,010,000,000,019,000,000,000,000,000,000,000,000,000,000,000,000,000,000,000,000,000,000,000,000,000,000,020,000,000,000,000,000,000,000,000,000,021,000,000,000,000,000,012,002,000,030,007,000,000,000,000,000,000,000,000,000,000,000,000,000,000,000,000,000,000,000,000,000,034,000,000,000,014,000,000,000,000,000,000,000,000,000,000,000,000,009,000,000,000,000,000,000,000,006,000,000,000,038,000,000,000,000,000,000,000,000,000,000,000,000,000,000,000,000,000,000,000,000,000,000,000,000,000,005,024,000,000,000,000,000,000,000,026,023,000,000,000,000,000,000,000,000,000,000,000,000,000,000,000,000,000,000,031,000,013,000,000,004,000,000,000,000,000,000,000,000,000,017,017,017,000,000,000,033,000,000,000,036,000,000,000,000,000,000,000,000,000,000,000,000,000,000,000,000,007,000,000,000,000,000,000,000,000,000,000,000,000,000,000,000,000,000,000,000,000,000,000,000,000,001,000,000,000,000,000,032,000,000,009,000,000,022,000,000,000,000,000,000,000,000,000,000,000,011,011,000,028,028,028,000,000,000,000,000,000,000,018,000,008,008,015,000,000,000,000,000,016,000,000,005,000,000,000,000,000,000,000,000,000,000,035,027,000,000,000,000,000,000,000,000,000,000,000,000,000,000,000,000,000,000,000,000,000,000,000,011,011,000,000,000,000,000,000,000,001,000,000,000,000,000,025,000,000,000,000,000,000,000,000,000,000,016,000,
0024: 000,035,000,000,000,009,000,000,000,000,000,000,000,000,000,000,000,019,000,000,009,000,000,000,000,000,000,000,000,000,000,010,000,000,000,000,000,000,000,000,000,002,000,000,000,000,000,000,000,000,000,000,000,000,000,000,000,000,001,000,000,000,000,033,000,000,000,030,000,000,000,000,000,000,036,000,000,000,000,000,017,017,017,000,000,000,000,000,000,000,000,000,000,000,000,000,000,000,003,000,000,000,000,000,000,000,000,000,000,000,000,000,000,000,000,000,000,000,000,000,000,000,000,000,008,008,000,005,000,000,000,000,000,000,000,000,000,000,000,000,000,000,000,000,000,000,000,000,000,005,000,007,000,000,000,000,000,000,000,000,000,000,000,000,000,016,011,011,000,023,037,037,000,000,000,006,000,004,000,000,029,000,000,000,000,000,000,000,000,000,038,000,000,000,000,011,011,000,022,000,000,015,013,000,000,014,027,016,000,000,000,000,000,000,000,000,000,000,000,026,000,000,025,000,000,000,000,000,000,000,000,000,000,000,000,000,000,000,000,003,000,000,000,000,000,000,000,000,000,000,000,000,000,000,000,000,000,000,000,000,000,000,000,000,000,000,000,000,000,000,000,000,000,000,000,000,000,000,000,000,000,000,000,031,000,000,000,000,000,000,000,000,000,000,000,000,006,000,000,000,000,000,000,034,000,000,000,012,032,000,000,010,000,000,000,000,000,000,000,000,000,000,000,000,000,000,001,000,000,018,028,028,028,000,020,000,000,007,000,000,000,021,000,000,000,000,000,000,000,000,000,000,000,000,000,000,024,000,000,000,
0023: 000,000,000,000,000,000,000,000,000,000,019,000,000,000,000,000,000,000,000,000,000,023,000,000,010,000,000,000,000,000,000,000,000,000,000,007,000,011,011,000,000,010,000,000,000,000,020,000,001,000,000,000,000,000,000,000,011,011,000,000,000,000,000,000,000,000,009,000,000,000,000,000,000,000,000,000,000,000,000,003,000,000,000,000,000,000,000,000,000,016,000,028,028,028,004,031,000,000,000,000,000,000,000,021,000,000,000,000,000,000,000,000,000,000,000,000,000,000,033,006,000,037,037,000,003,000,000,000,000,000,000,000,000,000,000,005,024,000,000,013,000,000,038,000,000,000,006,000,000,000,000,000,000,000,000,000,001,000,000,000,000,000,032,000,009,000,000,000,000,000,000,000,000,000,000,000,000,000,000,000,000,000,000,017,017,017,036,000,008,008,000,000,000,000,000,000,000,000,000,000,000,000,000,000,000,000,000,000,000,000,000,000,000,000,000,000,000,000,000,000,000,030,000,022,000,000,000,000,000,000,000,000,000,035,000,000,000,000,000,000,000,000,000,000,000,000,000,027,000,000,000,000,000,000,000,000,000,000,000,000,000,029,000,000,000,000,000,000,000,000,000,026,000,000,000,034,000,000,000,000,012,000,000,000,000,000,000,000,000,000,000,000,000,000,000,015,000,000,000,000,000,016,000,000,014,000,000,000,000,000,000,000,000,002,000,000,000,018,000,000,000,000,007,000,000,000,000,000,000,000,000,000,000,000,000,000,000,000,000,000,000,000,000,000,005,000,025,000,000,000,000,000,000,000,000,000,000,000,000,000,
0023: 000,000,000,000,035,000,000,007,000,000,000,000,037,037,023,000,000,000,000,000,000,000,005,000,000,000,000,000,008,008,000,000,000,000,000,000,000,016,000,000,000,001,000,000,000,000,000,000,000,000,000,016,000,000,000,000,000,000,000,000,000,000,000,000,000,000,000,000,000,000,003,000,006,000,012,000,000,000,000,038,000,000,000,000,019,000,000,000,000,000,000,000,000,000,000,000,000,000,000,000,000,034,000,000,000,000,000,000,000,000,010,000,000,000,000,000,000,000,000,000,000,000,000,007,000,000,000,000,000,000,000,000,000,000,000,000,000,000,000,027,020,000,000,000,000,000,000,000,013,005,000,000,000,000,000,000,015,000,000,000,000,000,000,000,000,000,000,010,000,000,000,000,000,031,000,022,000,000,000,000,000,000,036,000,000,000,000,000,000,000,000,000,000,000,000,000,000,000,032,000,000,000,000,002,009,000,000,000,000,000,000,000,000,003,000,000,000,000,000,000,033,000,000,000,000,018,000,000,000,000,000,000,000,000,000,000,000,011,011,000,000,000,000,000,000,000,000,000,000,000,000,009,000,000,000,000,001,000,021,000,000,000,000,000,004,000,000,000,000,006,000,028,028,028,000,000,000,000,000,000,000,026,000,000,000,000,000,000,000,000,000,000,000,000,000,000,000,000,000,000,000,000,000,000,000,000,000,000,000,017,017,017,024,000,000,000,000,000,000,000,000,000,000,000,000,000,000,000,000,000,000,025,000,000,000,030,000,011,011,000,000,000,000,000,029,000,000,000,000,000,000,014,000,000,000,000,000,000,000,000,
0021: 028,028,028,000,000,000,000,000,000,000,000,000,000,014,000,000,000,000,021,000,000,000,000,000,000,031,000,000,034,000,000,010,000,000,000,000,000,000,000,000,011,011,000,000,000,001,000,036,000,000,000,000,000,000,000,000,012,017,017,017,000,000,000,033,000,000,000,000,000,011,011,000,000,019,000,000,000,025,000,000,000,000,007,000,001,000,000,000,000,000,000,000,000,009,000,000,000,000,000,000,000,000,000,000,000,003,000,000,000,000,000,000,000,000,000,000,000,000,000,000,000,000,000,000,000,000,000,000,000,000,000,000,000,000,000,000,000,000,000,000,000,000,000,005,007,000,000,000,000,027,000,000,000,000,000,000,000,000,000,000,010,000,000,000,000,000,000,000,000,015,000,000,000,000,000,000,016,000,000,029,000,000,000,000,000,000,000,000,000,000,000,000,018,000,000,000,000,000,000,000,006,013,000,000,000,000,000,000,000,000,000,000,000,000,000,000,000,003,000,000,000,000,000,000,000,000,000,000,000,000,000,000,000,000,032,002,000,000,000,016,000,000,000,000,000,000,000,000,000,000,000,000,000,000,000,000,035,000,000,037,037,000,000,000,000,000,000,024,000,000,000,000,000,000,000,000,000,000,000,000,000,000,000,020,000,000,026,000,000,000,000,000,008,008,000,000,004,000,000,009,000,000,000,000,000,000,000,000,000,000,000,000,000,000,030,000,000,006,000,005,000,000,000,000,038,000,000,000,000,000,000,000,000,000,000,000,000,000,000,022,000,000,000,000,000,000,000,000,000,000,000,000,000,000,000,000,000,023,000,000,
0020: 000,000,000,000,000,000,007,000,000,000,000,000,000,000,000,000,000,000,000,000,000,000,000,000,000,000,000,026,000,000,000,000,000,000,000,000,000,017,017,017,000,000,000,000,000,000,000,000,000,019,000,000,000,020,000,000,033,003,000,000,000,000,000,000,006,000,000,000,000,000,000,000,000,000,000,000,000,000,000,032,000,000,000,000,000,000,000,000,000,000,000,000,000,000,000,000,000,000,000,000,000,000,000,001,000,002,000,000,000,000,000,000,013,000,000,016,035,000,000,000,000,000,000,000,000,000,000,000,000,000,000,000,000,000,000,000,000,016,000,000,000,000,000,000,000,000,000,000,000,000,000,000,000,000,000,000,000,000,000,000,024,015,000,000,000,000,000,036,000,000,000,000,000,000,000,000,000,000,000,000,000,000,000,022,000,000,034,000,000,000,000,000,000,000,006,000,000,000,000,000,000,000,000,009,004,000,000,003,000,000,028,028,028,001,000,000,000,000,000,009,000,000,000,000,000,000,000,000,000,000,000,011,011,000,000,000,000,000,000,000,000,000,000,000,000,000,000,000,000,005,000,000,010,000,000,000,000,000,000,000,000,000,000,005,000,000,000,000,037,037,000,000,000,000,000,000,000,000,000,000,000,018,029,008,008,031,000,000,000,000,007,010,000,000,000,000,000,000,000,000,000,000,000,000,000,000,000,000,000,011,011,000,000,000,000,030,000,000,000,000,000,000,000,000,000,000,000,012,027,000,000,000,000,000,000,000,000,000,038,000,021,000,000,000,000,000,000,000,023,000,000,000,000,000,025,000,000,014,000,000,
0019: 000,012,000,000,000,000,000,000,000,000,000,000,000,024,038,000,005,000,000,000,000,000,000,000,000,000,000,022,000,000,000,000,000,000,000,000,000,000,000,017,017,017,000,000,000,000,000,000,000,000,000,000,000,000,000,000,000,000,000,000,000,000,000,000,000,000,000,000,000,000,000,000,000,000,000,000,000,000,000,010,000,000,000,000,000,000,000,000,000,026,000,000,000,000,000,000,000,000,005,000,009,000,009,000,000,000,000,000,000,000,014,000,000,000,000,000,000,000,000,000,000,000,000,000,000,000,000,006,000,000,000,000,034,000,000,000,000,000,000,029,000,000,000,000,000,000,000,000,000,000,000,000,021,000,000,000,000,000,000,000,000,000,000,000,000,000,031,000,000,000,000,000,000,000,000,020,000,027,000,000,000,000,000,000,002,000,000,000,000,000,000,003,006,000,000,000,000,000,000,000,000,000,035,000,000,000,018,000,000,000,000,000,025,000,023,000,000,000,000,000,000,000,000,000,000,000,000,000,000,000,000,000,000,000,000,007,000,000,000,000,000,000,000,000,000,000,015,000,000,000,000,010,000,000,000,019,000,000,000,000,000,000,000,000,000,000,000,000,000,000,000,000,000,008,008,003,000,000,000,000,000,000,000,011,011,000,000,001,000,000,000,007,000,000,000,000,000,000,000,000,037,037,000,000,000,000,000,000,016,028,028,028,000,000,013,004,000,000,000,000,011,011,000,000,000,000,032,000,000,000,000,000,000,000,000,000,000,000,000,000,000,000,000,000,000,000,000,036,000,000,001,033,000,016,000,000,000,000,030,000,
0018: 000,000,000,000,000,000,000,000,000,000,000,014,000,000,000,000,000,000,000,018,000,000,000,000,000,000,033,000,000,000,000,000,000,000,000,000,000,000,000,000,000,003,000,005,000,000,002,000,000,000,000,008,008,000,000,000,000,000,000,000,007,000,000,000,000,000,000,000,000,000,000,006,000,000,000,000,000,001,000,000,000,000,000,000,000,000,000,000,011,011,000,000,000,000,025,000,000,000,000,009,000,000,000,000,000,000,000,000,000,000,000,000,000,000,000,000,000,017,017,017,000,000,000,000,004,000,000,000,000,000,000,000,000,023,000,000,000,003,000,000,000,000,000,000,000,000,000,020,000,000,000,000,000,000,000,000,000,000,000,000,000,000,016,000,000,000,000,000,000,000,000,000,000,000,000,000,019,000,000,000,000,000,000,010,037,037,000,000,000,000,000,000,000,000,000,000,000,000,000,000,034,000,000,000,016,001,000,000,000,000,000,013,000,000,000,000,000,000,000,000,000,010,031,028,028,028,000,000,000,000,000,006,000,000,000,029,000,000,000,012,000,000,000,000,000,009,000,000,000,000,000,000,000,000,000,000,000,000,038,000,000,000,000,000,000,000,000,000,000,000,000,000,000,000,000,000,035,000,000,022,000,000,000,000,000,000,000,000,000,000,000,005,000,000,000,030,000,000,000,000,036,000,000,000,000,000,000,000,015,000,000,000,000,000,000,000,000,000,000,000,000,000,000,000,000,000,000,000,000,000,000,000,000,000,032,000,000,000,011,011,000,024,026,007,000,000,000,000,021,000,000,027,000,000,000,000,000,000,000,000,
0018: 000,000,000,003,009,000,000,000,000,000,000,000,000,000,000,000,000,000,000,017,017,017,000,031,000,000,038,000,000,000,000,000,000,000,000,000,000,000,000,000,000,009,000,000,026,006,000,000,000,000,000,000,000,000,000,000,000,000,000,000,000,000,000,000,000,000,000,000,010,000,000,000,000,000,000,019,008,008,007,000,000,000,000,000,000,000,000,000,000,000,000,000,000,000,000,000,000,000,028,028,028,000,000,000,014,000,000,000,000,032,000,000,000,004,000,000,000,000,000,000,000,000,000,000,000,000,034,000,000,000,000,000,023,000,000,000,000,000,000,000,000,000,000,000,000,000,000,000,000,000,000,000,015,000,000,012,000,000,000,000,000,000,000,022,000,000,000,000,000,000,000,000,037,037,000,000,000,000,000,000,000,027,000,000,000,000,000,000,002,000,000,000,000,000,000,000,000,000,000,000,000,000,000,000,000,000,000,000,000,000,000,000,000,000,000,000,000,001,000,000,000,010,000,000,000,000,033,000,000,000,000,000,006,000,000,000,000,000,000,000,000,000,000,000,000,018,000,000,000,000,000,030,000,000,000,000,000,000,000,000,000,000,000,000,016,000,000,005,000,000,000,000,000,000,000,036,000,000,000,029,000,000,000,000,000,000,000,000,000,013,000,005,000,000,000,000,000,000,000,000,000,003,007,000,000,000,011,011,000,000,000,001,000,000,011,011,000,000,000,000,000,000,000,025,000,035,000,000,000,000,000,000,000,000,024,000,000,000,000,000,000,000,000,020,021,000,000,000,000,000,000,000,000,000,000,000,016,000,000,000,
0015: 000,021,030,000,016,000,000,000,000,000,000,000,000,000,000,000,000,000,034,000,000,000,000,000,000,000,000,000,000,000,000,000,000,000,026,000,000,000,000,000,000,000,000,000,000,000,000,000,000,032,011,011,000,006,000,000,000,000,000,000,000,000,000,000,000,000,000,000,000,007,007,000,000,000,025,018,000,000,000,000,000,000,000,029,000,000,000,000,000,000,000,001,000,000,016,000,000,010,002,000,000,005,000,000,000,000,000,000,000,000,000,000,000,000,000,000,000,000,000,000,000,000,000,033,000,000,000,000,000,000,000,000,000,000,000,000,000,000,023,000,000,000,000,006,000,000,000,000,000,000,000,000,000,008,008,000,000,000,000,000,000,000,000,000,019,000,000,000,000,000,000,000,000,000,000,000,000,000,000,000,000,000,000,000,000,000,000,000,000,000,000,000,000,000,000,000,036,000,000,000,000,000,000,000,000,000,011,011,000,000,000,000,005,000,000,000,000,000,000,000,000,000,000,000,000,000,000,000,000,000,000,000,000,000,000,000,000,000,000,035,000,000,000,001,000,000,000,017,017,017,031,000,000,000,000,000,000,000,000,003,000,000,000,000,000,009,000,009,000,024,004,000,000,038,000,000,000,000,000,012,000,000,000,000,000,000,000,000,000,000,000,000,000,000,027,000,000,000,013,000,000,000,000,000,000,000,000,037,037,000,000,014,015,000,000,028,028,028,000,010,000,000,000,000,000,000,000,000,000,000,000,000,000,000,000,000,000,003,000,000,020,022,000,000,000,000,000,000,000,000,000,000,000,000,000,000,000,000,000,000,
0010: 000,000,000,000,000,007,000,010,000,000,000,000,000,000,000,000,000,000,000,000,000,000,005,000,000,000,000,000,000,000,000,000,000,000,000,000,000,000,000,000,000,000,000,000,000,000,000,000,000,000,000,000,000,000,000,000,000,022,000,000,000,011,011,000,000,000,001,000,000,000,000,000,000,000,000,000,037,037,000,000,000,000,000,000,000,000,000,000,000,000,000,000,000,000,000,000,000,000,034,000,000,000,003,000,000,000,000,000,000,000,000,000,000,000,000,000,000,000,000,000,000,000,000,000,000,000,000,000,000,000,000,000,000,000,000,021,000,000,000,000,029,000,000,000,000,018,000,000,000,000,000,000,038,000,016,009,000,000,000,000,000,000,000,025,000,000,027,000,000,001,000,000,000,000,020,000,000,000,000,000,023,000,000,000,000,000,000,000,000,000,026,000,000,000,000,007,031,000,000,000,006,000,000,000,000,000,028,028,028,000,000,000,000,000,000,000,000,000,000,000,000,000,000,000,000,000,000,000,000,000,000,000,035,000,000,000,000,000,000,000,000,000,000,000,000,000,014,000,000,000,000,013,009,015,000,000,000,000,000,000,000,016,000,000,000,000,000,011,011,000,002,003,000,000,000,000,000,000,000,000,004,000,000,000,000,000,000,000,000,000,000,000,030,005,000,000,000,000,012,024,000,000,000,000,000,000,000,000,000,010,000,000,000,000,017,017,017,000,000,000,000,019,033,000,000,000,000,032,008,008,000,000,000,000,000,000,000,000,000,000,000,000,000,000,000,000,000,036,006,000,000,000,000,000,000,000,000,000,000,000,
0007: 000,000,000,000,000,000,000,007,000,000,000,000,000,000,000,000,000,000,000,000,000,000,000,006,000,000,000,020,000,000,000,000,000,000,000,000,000,000,000,000,008,008,000,000,000,016,000,000,000,000,000,000,000,000,035,000,000,000,000,000,000,000,000,000,000,000,032,000,000,013,000,000,000,000,000,000,000,000,000,000,000,007,000,000,000,000,000,000,000,021,000,009,000,000,000,023,000,000,006,000,000,000,000,000,000,000,000,000,000,000,000,000,024,000,015,000,000,000,000,000,000,000,000,000,000,000,000,000,017,017,017,000,010,000,000,000,000,000,000,000,000,000,000,000,000,000,000,000,034,022,000,000,000,000,000,000,000,000,000,000,000,004,000,000,000,000,000,000,000,028,028,028,000,000,000,000,000,000,000,000,000,003,000,000,033,000,000,000,000,000,000,000,000,000,014,037,037,000,000,000,000,000,000,000,000,000,000,000,000,000,000,000,000,000,000,000,000,000,000,000,000,000,000,000,000,000,000,000,000,016,000,000,000,029,000,000,000,000,000,002,000,000,000,000,000,000,000,027,000,026,000,001,000,000,000,000,000,000,000,025,000,000,019,000,000,012,000,000,011,011,000,000,000,000,000,000,000,000,000,018,000,000,000,036,000,000,001,000,000,000,038,000,000,000,005,000,000,000,000,000,000,000,000,000,003,000,000,000,000,000,030,000,000,000,000,000,000,000,000,000,000,000,000,000,000,000,000,000,000,000,000,000,000,000,000,031,000,000,000,000,005,000,000,000,011,011,000,000,000,010,000,000,009,000,000,000,000,000,000,000,
0000: 000,000,000,000,031,000,000,000,000,000,000,000,000,000,000,000,000,000,000,000,000,000,000,005,000,000,000,000,000,016,000,000,000,000,007,014,000,000,000,000,000,030,000,000,034,000,000,000,000,000,000,000,022,000,000,000,000,021,000,000,000,000,000,000,000,000,000,000,000,000,000,000,000,000,000,000,000,027,000,000,000,000,000,000,000,000,000,000,000,000,000,000,000,000,000,003,000,000,000,000,000,000,000,000,000,000,000,003,000,000,000,000,000,000,000,000,000,000,000,000,012,000,000,000,000,000,000,000,000,000,016,000,025,029,001,000,000,000,000,000,000,000,000,000,000,001,000,000,000,000,000,000,000,000,000,000,000,023,000,008,008,010,036,000,000,000,000,000,000,000,000,000,000,000,000,000,000,000,000,000,000,000,000,000,000,000,005,000,000,000,000,000,000,004,033,000,032,000,038,000,000,000,000,000,000,000,035,000,000,000,000,009,000,017,017,017,000,000,000,000,000,000,000,000,000,000,000,000,000,000,000,009,010,000,000,000,000,006,020,000,000,000,000,000,000,000,000,013,000,000,018,000,000,000,000,000,000,000,000,000,000,007,000,000,000,000,000,026,000,000,000,000,000,000,000,000,000,000,000,000,000,000,000,028,028,028,000,000,000,000,000,000,000,000,000,000,000,000,000,000,000,011,011,000,000,000,000,000,000,006,000,000,000,000,024,000,000,000,000,000,000,000,000,000,000,000,000,000,011,011,019,000,015,037,037,000,000,000,000,000,000,000,000,000,000,000,000,000,000,000,000,000,000,002,000,000,000,000,000,000,
-0004: 000,000,000,000,000,024,009,000,000,000,000,000,000,000,000,026,000,000,000,000,000,000,000,006,000,000,000,000,000,000,000,000,000,000,001,000,000,000,000,000,000,014,000,019,000,000,008,008,000,000,022,000,000,000,000,000,000,011,011,000,000,000,000,000,000,000,000,000,000,000,000,000,000,000,000,000,000,007,000,000,027,000,000,000,000,000,023,000,000,031,000,000,000,000,000,000,000,000,000,000,000,000,000,000,000,030,000,000,000,000,033,000,000,000,020,000,000,000,000,016,000,000,000,000,000,000,000,000,000,000,000,000,000,029,000,000,035,000,000,034,000,000,000,000,000,000,000,000,000,000,000,036,000,000,000,000,000,000,000,000,000,000,016,000,000,004,000,000,000,000,000,000,000,000,002,037,037,000,000,000,000,000,010,000,000,000,000,000,000,000,000,000,000,000,021,028,028,028,000,000,000,000,000,000,000,000,000,000,000,000,000,000,000,000,000,000,000,000,000,000,000,000,000,000,000,000,000,010,000,000,000,032,000,009,000,000,000,000,000,000,000,000,000,000,000,025,000,003,000,000,000,000,013,000,000,000,000,000,000,000,000,000,000,000,000,000,000,000,000,000,000,000,000,017,017,017,000,000,000,000,000,000,000,000,000,000,000,000,000,000,000,000,005,000,000,000,000,000,005,000,000,000,000,000,000,000,000,000,000,000,001,003,038,000,000,000,000,000,000,006,015,000,018,012,011,011,000,000,000,007,000,000,000,000,000,000,000,000,000,000,000,000,000,000,000,000,000,000,000,000,000,000,000,000,000,000,000,000,000,000,
-0023: 000,000,000,000,000,022,000,000,000,017,017,017,000,000,000,019,000,000,000,000,000,020,000,000,000,000,028,028,028,000,000,000,000,000,000,000,025,000,000,000,000,009,016,000,000,000,000,000,000,000,000,000,000,000,001,000,000,000,000,000,004,000,000,000,000,000,000,000,000,000,000,000,000,010,000,006,000,000,000,000,000,008,008,000,000,000,000,000,000,000,000,000,000,009,000,000,000,000,000,000,000,000,000,036,000,000,000,000,000,000,000,000,000,000,000,000,000,000,000,003,000,029,000,000,000,000,000,000,000,000,000,000,000,000,000,000,000,000,000,000,000,000,000,002,000,000,037,037,000,000,000,000,000,000,000,000,000,000,000,000,000,000,000,000,000,000,000,000,000,000,000,000,018,000,000,033,000,023,006,027,000,000,000,005,000,000,000,000,000,000,013,000,000,000,000,000,000,000,000,000,000,000,000,001,000,000,000,000,000,000,000,000,000,000,000,038,000,000,000,000,000,000,000,000,000,000,000,000,011,011,000,031,000,024,000,000,000,000,000,000,000,000,000,000,007,000,000,000,000,000,034,000,000,000,000,000,000,021,000,000,000,000,000,000,000,000,000,000,000,000,000,000,000,000,000,000,000,000,000,000,000,000,000,010,000,000,000,000,000,000,000,000,000,000,000,000,000,000,015,000,000,000,000,000,005,000,000,000,032,000,035,000,000,000,000,000,000,000,000,000,000,000,000,016,000,000,000,000,003,000,000,000,000,007,000,000,000,030,000,000,012,000,000,000,000,000,026,014,000,000,000,000,000,000,000,011,011,000,000,000,
</DebugTrace>
      </Output>
    </UnitTestResult>
  </Results>
</TestRun>