<?xml version="1.0" encoding="UTF-8"?>
<TestRun id="a53d30f4-f7db-46f1-b1d5-99f1548170c5" name="FloLap@FLOLAP-PC 2011-11-09 15:08:25" runUser="FloLap-PC\FloLap" xmlns="http://microsoft.com/schemas/VisualStudio/TeamTest/2010">
  <TestSettings name="Lokal" id="6ed96bb3-d821-4eee-a79d-3a3069da9890">
    <Description>Dies sind die standardmäßigen Testeinstellungen für einen lokalen Testlauf.</Description>
    <Deployment enabled="false" runDeploymentRoot="FloLap_FLOLAP-PC 2011-11-09 15_08_25">
      <DeploymentItem filename="E:\HsKA\Semester2\Projektarbeit\Stundenplangenerator\TimetablePlanner\TimetablePlanner\bin\Debug\TimetablePlanner.dll" />
    </Deployment>
    <Execution>
      <TestTypeSpecific />
      <AgentRule name="Execution Agents">
      </AgentRule>
    </Execution>
  </TestSettings>
  <Times creation="2011-11-09T15:08:25.1256936+01:00" queuing="2011-11-09T15:08:26.2487579+01:00" start="2011-11-09T15:08:26.3111580+01:00" finish="2011-11-09T15:08:38.8076219+01:00" />
  <ResultSummary outcome="Completed">
    <Counters total="2" executed="2" passed="2" error="0" failed="0" timeout="0" aborted="0" inconclusive="0" passedButRunAborted="0" notRunnable="0" notExecuted="0" disconnected="0" warning="0" completed="0" inProgress="0" pending="0" />
  </ResultSummary>
  <TestDefinitions>
    <UnitTest name="TimetableManualTester" storage="e:\hska\semester2\projektarbeit\stundenplangenerator\timetableplanner\timetableplannertests\bin\debug\timetableplannertests.dll" id="3ada0cc6-2a4d-2d63-7d9f-97d4d443b0f3">
      <Execution id="e0b62e9c-505b-45d5-9a78-deb1824ec0f7" />
      <TestMethod codeBase="E:/HsKA/Semester2/Projektarbeit/Stundenplangenerator/TimetablePlanner/TimetablePlannerTests/bin/Debug/TimetablePlannerTests.DLL" adapterTypeName="Microsoft.VisualStudio.TestTools.TestTypes.Unit.UnitTestAdapter, Microsoft.VisualStudio.QualityTools.Tips.UnitTest.Adapter, Version=10.0.0.0, Culture=neutral, PublicKeyToken=b03f5f7f11d50a3a" className="TimetablePlannerTests.TimetableTest, TimetablePlannerTests, Version=1.0.0.0, Culture=neutral, PublicKeyToken=null" name="TimetableManualTester" />
    </UnitTest>
    <UnitTest name="TimetableInputExportTest" storage="e:\hska\semester2\projektarbeit\stundenplangenerator\timetableplanner\timetableplannertests\bin\debug\timetableplannertests.dll" id="643aee53-482b-7ddc-6eba-83a04b5cba46">
      <Execution id="ced6d144-ab0f-473d-ba41-2ffe5b6e9fe3" />
      <TestMethod codeBase="E:/HsKA/Semester2/Projektarbeit/Stundenplangenerator/TimetablePlanner/TimetablePlannerTests/bin/Debug/TimetablePlannerTests.DLL" adapterTypeName="Microsoft.VisualStudio.TestTools.TestTypes.Unit.UnitTestAdapter, Microsoft.VisualStudio.QualityTools.Tips.UnitTest.Adapter, Version=10.0.0.0, Culture=neutral, PublicKeyToken=b03f5f7f11d50a3a" className="TimetablePlannerTests.TimetableTest, TimetablePlannerTests, Version=1.0.0.0, Culture=neutral, PublicKeyToken=null" name="TimetableInputExportTest" />
    </UnitTest>
  </TestDefinitions>
  <TestLists>
    <TestList name="Nicht in einer Liste enthaltene Ergebnisse" id="8c84fa94-04c1-424b-9868-57a2d4851a1d" />
    <TestList name="Alle geladenen Ergebnisse" id="19431567-8539-422a-85d7-44ee4e166bda" />
  </TestLists>
  <TestEntries>
    <TestEntry testId="3ada0cc6-2a4d-2d63-7d9f-97d4d443b0f3" executionId="e0b62e9c-505b-45d5-9a78-deb1824ec0f7" testListId="8c84fa94-04c1-424b-9868-57a2d4851a1d" />
    <TestEntry testId="643aee53-482b-7ddc-6eba-83a04b5cba46" executionId="ced6d144-ab0f-473d-ba41-2ffe5b6e9fe3" testListId="8c84fa94-04c1-424b-9868-57a2d4851a1d" />
  </TestEntries>
  <Results>
    <UnitTestResult executionId="e0b62e9c-505b-45d5-9a78-deb1824ec0f7" testId="3ada0cc6-2a4d-2d63-7d9f-97d4d443b0f3" testName="TimetableManualTester" computerName="FLOLAP-PC" duration="00:00:10.8152152" startTime="2011-11-09T15:08:26.3735581+01:00" endTime="2011-11-09T15:08:38.6820199+01:00" testType="13cdc9d9-ddb5-4fa4-a97d-d965ccfc6d4b" outcome="Passed" testListId="8c84fa94-04c1-424b-9868-57a2d4851a1d" relativeResultsDirectory="e0b62e9c-505b-45d5-9a78-deb1824ec0f7">
      <Output>
        <DebugTrace>Individual 2 created.
Individual 1 created.
Individual 3 created.
Individual 4 created.
Individual 6 created.
Individual 5 created.
Individual 7 created.
Individual 9 created.
Individual 0 created.
Individual 10 created.
Individual 12 created.
Individual 8 created.
Individual 14 created.
Individual 15 created.
Individual 13 created.
Individual 17 created.
Individual 11 created.
Individual 16 created.
Individual 18 created.
Individual 21 created.
Individual 20 created.
Individual 19 created.
Individual 22 created.
Individual 23 created.
Individual 24 created.
Generation 0 finished with best fitness of 2820.
Generation 1 finished with best fitness of 2820.
Generation 2 finished with best fitness of 2830.
Generation 3 finished with best fitness of 3000.
Generation 4 finished with best fitness of 3000.
Generation 5 finished with best fitness of 3120.
Generation 6 finished with best fitness of 3150.
Generation 7 finished with best fitness of 3160.
Generation 8 finished with best fitness of 3250.
Generation 9 finished with best fitness of 3410.
Generation 10 finished with best fitness of 3420.
Generation 11 finished with best fitness of 3420.
Generation 12 finished with best fitness of 3480.
Generation 13 finished with best fitness of 3480.
Generation 14 finished with best fitness of 3520.
Generation 15 finished with best fitness of 3580.
Generation 16 finished with best fitness of 3590.
Generation 17 finished with best fitness of 3590.
Generation 18 finished with best fitness of 3610.
Generation 19 finished with best fitness of 3650.
Generation 20 finished with best fitness of 3730.
Generation 21 finished with best fitness of 3830.
Generation 22 finished with best fitness of 3880.
Generation 23 finished with best fitness of 3920.
Generation 24 finished with best fitness of 3920.
Generation 25 finished with best fitness of 3980.
Generation 26 finished with best fitness of 4030.
Generation 27 finished with best fitness of 4100.
Generation 28 finished with best fitness of 4100.
Generation 29 finished with best fitness of 4100.
Generation 30 finished with best fitness of 4150.
Generation 31 finished with best fitness of 4150.
Generation 32 finished with best fitness of 4270.
Generation 33 finished with best fitness of 4300.
Generation 34 finished with best fitness of 4420.
Generation 35 finished with best fitness of 4420.
Generation 36 finished with best fitness of 4420.
Generation 37 finished with best fitness of 4470.
Generation 38 finished with best fitness of 4520.
Generation 39 finished with best fitness of 4530.
Generation 40 finished with best fitness of 4530.
Generation 41 finished with best fitness of 4590.
Generation 42 finished with best fitness of 4590.
Generation 43 finished with best fitness of 4640.
Generation 44 finished with best fitness of 4640.
Generation 45 finished with best fitness of 4640.
Generation 46 finished with best fitness of 4680.
Generation 47 finished with best fitness of 4770.
Generation 48 finished with best fitness of 4770.
Generation 49 finished with best fitness of 4770.
Generation 50 finished with best fitness of 4800.
Generation 51 finished with best fitness of 4800.
Generation 52 finished with best fitness of 4860.
Generation 53 finished with best fitness of 4890.
Generation 54 finished with best fitness of 4940.
Generation 55 finished with best fitness of 4950.
Generation 56 finished with best fitness of 5000.
Generation 57 finished with best fitness of 5000.
Generation 58 finished with best fitness of 5010.
Generation 59 finished with best fitness of 5010.
Generation 60 finished with best fitness of 5060.
Generation 61 finished with best fitness of 5060.
Generation 62 finished with best fitness of 5080.
Generation 63 finished with best fitness of 5080.
Generation 64 finished with best fitness of 5100.
Generation 65 finished with best fitness of 5100.
Generation 66 finished with best fitness of 5120.
Generation 67 finished with best fitness of 5240.
Generation 68 finished with best fitness of 5240.
Generation 69 finished with best fitness of 5240.
Generation 70 finished with best fitness of 5290.
Generation 71 finished with best fitness of 5290.
Generation 72 finished with best fitness of 5290.
Generation 73 finished with best fitness of 5360.
Generation 74 finished with best fitness of 5450.
Generation 75 finished with best fitness of 5500.
Generation 76 finished with best fitness of 5500.
Generation 77 finished with best fitness of 5520.
Generation 78 finished with best fitness of 5520.
Generation 79 finished with best fitness of 5560.
Generation 80 finished with best fitness of 5560.
Generation 81 finished with best fitness of 5560.
Generation 82 finished with best fitness of 5610.
Generation 83 finished with best fitness of 5610.
Generation 84 finished with best fitness of 5620.
Generation 85 finished with best fitness of 5640.
Generation 86 finished with best fitness of 5640.
Generation 87 finished with best fitness of 5640.
Generation 88 finished with best fitness of 5670.
Generation 89 finished with best fitness of 5670.
Generation 90 finished with best fitness of 5680.
Generation 91 finished with best fitness of 5700.
Generation 92 finished with best fitness of 5710.
Generation 93 finished with best fitness of 5730.
Generation 94 finished with best fitness of 5750.
Generation 95 finished with best fitness of 5770.
Generation 96 finished with best fitness of 5780.
Generation 97 finished with best fitness of 5780.
Generation 98 finished with best fitness of 5850.
Generation 99 finished with best fitness of 5860.
Generation 100 finished with best fitness of 5860.
Generation 101 finished with best fitness of 5880.
Generation 102 finished with best fitness of 5880.
Generation 103 finished with best fitness of 5940.
Generation 104 finished with best fitness of 5980.
Generation 105 finished with best fitness of 5980.
Generation 106 finished with best fitness of 5980.
Generation 107 finished with best fitness of 5980.
Generation 108 finished with best fitness of 6030.
Generation 109 finished with best fitness of 6030.
Generation 110 finished with best fitness of 6030.
Generation 111 finished with best fitness of 6030.
Generation 112 finished with best fitness of 6110.
Generation 113 finished with best fitness of 6110.
Generation 114 finished with best fitness of 6110.
Generation 115 finished with best fitness of 6170.
Generation 116 finished with best fitness of 6170.
Generation 117 finished with best fitness of 6170.
Generation 118 finished with best fitness of 6170.
Generation 119 finished with best fitness of 6170.
Generation 120 finished with best fitness of 6230.
Generation 121 finished with best fitness of 6260.
Generation 122 finished with best fitness of 6260.
Generation 123 finished with best fitness of 6260.
Generation 124 finished with best fitness of 6260.
Generation 125 finished with best fitness of 6260.
Generation 126 finished with best fitness of 6280.
Generation 127 finished with best fitness of 6320.
Generation 128 finished with best fitness of 6320.
Generation 129 finished with best fitness of 6390.
Generation 130 finished with best fitness of 6390.
Generation 131 finished with best fitness of 6480.
Generation 132 finished with best fitness of 6480.
Generation 133 finished with best fitness of 6550.
Generation 134 finished with best fitness of 6550.
Generation 135 finished with best fitness of 6550.
Generation 136 finished with best fitness of 6610.
Generation 137 finished with best fitness of 6610.
Generation 138 finished with best fitness of 6610.
Generation 139 finished with best fitness of 6610.
Generation 140 finished with best fitness of 6610.
Generation 141 finished with best fitness of 6610.
Generation 142 finished with best fitness of 6610.
Generation 143 finished with best fitness of 6610.
Generation 144 finished with best fitness of 6640.
Generation 145 finished with best fitness of 6670.
Generation 146 finished with best fitness of 6670.
Generation 147 finished with best fitness of 6670.
Generation 148 finished with best fitness of 6670.
Generation 149 finished with best fitness of 6670.
Generation 150 finished with best fitness of 6670.
Generation 151 finished with best fitness of 6680.
Generation 152 finished with best fitness of 6680.
Generation 153 finished with best fitness of 6720.
Generation 154 finished with best fitness of 6730.
Generation 155 finished with best fitness of 6730.
Generation 156 finished with best fitness of 6730.
Generation 157 finished with best fitness of 6730.
Generation 158 finished with best fitness of 6760.
Generation 159 finished with best fitness of 6760.
Generation 160 finished with best fitness of 6760.
Generation 161 finished with best fitness of 6760.
Generation 162 finished with best fitness of 6770.
Generation 163 finished with best fitness of 6780.
Generation 164 finished with best fitness of 6780.
Generation 165 finished with best fitness of 6780.
Generation 166 finished with best fitness of 6780.
Generation 167 finished with best fitness of 6780.
Generation 168 finished with best fitness of 6780.
Generation 169 finished with best fitness of 6830.
Generation 170 finished with best fitness of 6830.
Generation 171 finished with best fitness of 6840.
Generation 172 finished with best fitness of 6840.
Generation 173 finished with best fitness of 6840.
Generation 174 finished with best fitness of 6840.
Generation 175 finished with best fitness of 6840.
Generation 176 finished with best fitness of 6890.
Generation 177 finished with best fitness of 6900.
Generation 178 finished with best fitness of 6900.
Generation 179 finished with best fitness of 6920.
Generation 180 finished with best fitness of 6920.
Generation 181 finished with best fitness of 6920.
Generation 182 finished with best fitness of 6940.
Generation 183 finished with best fitness of 6940.
Generation 184 finished with best fitness of 6950.
Generation 185 finished with best fitness of 7010.
Generation 186 finished with best fitness of 7010.
Generation 187 finished with best fitness of 7010.
Generation 188 finished with best fitness of 7010.
Generation 189 finished with best fitness of 7010.
Generation 190 finished with best fitness of 7010.
Generation 191 finished with best fitness of 7050.
Generation 192 finished with best fitness of 7050.
Generation 193 finished with best fitness of 7060.
Generation 194 finished with best fitness of 7060.
Generation 195 finished with best fitness of 7070.
Generation 196 finished with best fitness of 7070.
Generation 197 finished with best fitness of 7070.
Generation 198 finished with best fitness of 7070.
Generation 199 finished with best fitness of 7130.
Generation 200 finished with best fitness of 7130.
Generation 201 finished with best fitness of 7140.
Generation 202 finished with best fitness of 7140.
Generation 203 finished with best fitness of 7140.
Generation 204 finished with best fitness of 7140.
Generation 205 finished with best fitness of 7140.
Generation 206 finished with best fitness of 7140.
Generation 207 finished with best fitness of 7150.
Generation 208 finished with best fitness of 7150.
Generation 209 finished with best fitness of 7150.
Generation 210 finished with best fitness of 7150.
Generation 211 finished with best fitness of 7150.
Generation 212 finished with best fitness of 7160.
Generation 213 finished with best fitness of 7160.
Generation 214 finished with best fitness of 7230.
Generation 215 finished with best fitness of 7230.
Generation 216 finished with best fitness of 7230.
Generation 217 finished with best fitness of 7230.
Generation 218 finished with best fitness of 7230.
Generation 219 finished with best fitness of 7230.
Generation 220 finished with best fitness of 7230.
Generation 221 finished with best fitness of 7230.
Generation 222 finished with best fitness of 7240.
Generation 223 finished with best fitness of 7240.
Generation 224 finished with best fitness of 7240.
Generation 225 finished with best fitness of 7240.
Generation 226 finished with best fitness of 7280.
Generation 227 finished with best fitness of 7280.
Generation 228 finished with best fitness of 7280.
Generation 229 finished with best fitness of 7280.
Generation 230 finished with best fitness of 7280.
Generation 231 finished with best fitness of 7300.
Generation 232 finished with best fitness of 7300.
Generation 233 finished with best fitness of 7300.
Generation 234 finished with best fitness of 7360.
Generation 235 finished with best fitness of 7360.
Generation 236 finished with best fitness of 7360.
Generation 237 finished with best fitness of 7360.
Generation 238 finished with best fitness of 7360.
Generation 239 finished with best fitness of 7360.
Generation 240 finished with best fitness of 7450.
Generation 241 finished with best fitness of 7450.
Generation 242 finished with best fitness of 7450.
Generation 243 finished with best fitness of 7450.
Generation 244 finished with best fitness of 7450.
Generation 245 finished with best fitness of 7450.
Generation 246 finished with best fitness of 7450.
Generation 247 finished with best fitness of 7450.
Generation 248 finished with best fitness of 7450.
Generation 249 finished with best fitness of 7450.
Generation 250 finished with best fitness of 7450.
Generation 251 finished with best fitness of 7450.
Generation 252 finished with best fitness of 7450.
Generation 253 finished with best fitness of 7450.
Generation 254 finished with best fitness of 7480.
Generation 255 finished with best fitness of 7480.
Generation 256 finished with best fitness of 7480.
Generation 257 finished with best fitness of 7480.
Generation 258 finished with best fitness of 7480.
Generation 259 finished with best fitness of 7480.
Generation 260 finished with best fitness of 7480.
Generation 261 finished with best fitness of 7530.
Generation 262 finished with best fitness of 7530.
Generation 263 finished with best fitness of 7540.
Generation 264 finished with best fitness of 7540.
Generation 265 finished with best fitness of 7540.
Generation 266 finished with best fitness of 7550.
Generation 267 finished with best fitness of 7550.
Generation 268 finished with best fitness of 7550.
Generation 269 finished with best fitness of 7550.
Generation 270 finished with best fitness of 7550.
Generation 271 finished with best fitness of 7550.
Generation 272 finished with best fitness of 7580.
Generation 273 finished with best fitness of 7580.
Generation 274 finished with best fitness of 7580.
Generation 275 finished with best fitness of 7580.
Generation 276 finished with best fitness of 7580.
Generation 277 finished with best fitness of 7580.
Generation 278 finished with best fitness of 7580.
Generation 279 finished with best fitness of 7670.
Generation 280 finished with best fitness of 7670.
Generation 281 finished with best fitness of 7670.
Generation 282 finished with best fitness of 7670.
Generation 283 finished with best fitness of 7670.
Generation 284 finished with best fitness of 7670.
Generation 285 finished with best fitness of 7670.
Generation 286 finished with best fitness of 7670.
Generation 287 finished with best fitness of 7670.
Generation 288 finished with best fitness of 7670.
Generation 289 finished with best fitness of 7670.
Generation 290 finished with best fitness of 7670.
Generation 291 finished with best fitness of 7680.
Generation 292 finished with best fitness of 7680.
Generation 293 finished with best fitness of 7680.
Generation 294 finished with best fitness of 7680.
Generation 295 finished with best fitness of 7680.
Generation 296 finished with best fitness of 7680.
Generation 297 finished with best fitness of 7680.
Generation 298 finished with best fitness of 7680.
Generation 299 finished with best fitness of 7680.
Generation 300 finished with best fitness of 7680.
Generation 301 finished with best fitness of 7680.
Generation 302 finished with best fitness of 7680.
Generation 303 finished with best fitness of 7680.
Generation 304 finished with best fitness of 7680.
Generation 305 finished with best fitness of 7720.
Generation 306 finished with best fitness of 7720.
Generation 307 finished with best fitness of 7720.
Generation 308 finished with best fitness of 7720.
Generation 309 finished with best fitness of 7720.
Generation 310 finished with best fitness of 7720.
Generation 311 finished with best fitness of 7720.
Generation 312 finished with best fitness of 7720.
Evolution finished after 10,6820025 seconds.
</DebugTrace>
      </Output>
    </UnitTestResult>
    <UnitTestResult executionId="ced6d144-ab0f-473d-ba41-2ffe5b6e9fe3" testId="643aee53-482b-7ddc-6eba-83a04b5cba46" testName="TimetableInputExportTest" computerName="FLOLAP-PC" duration="00:00:00.0224388" startTime="2011-11-09T15:08:38.6940206+01:00" endTime="2011-11-09T15:08:38.7296218+01:00" testType="13cdc9d9-ddb5-4fa4-a97d-d965ccfc6d4b" outcome="Passed" testListId="8c84fa94-04c1-424b-9868-57a2d4851a1d" relativeResultsDirectory="ced6d144-ab0f-473d-ba41-2ffe5b6e9fe3">
    </UnitTestResult>
  </Results>
</TestRun>