<?xml version="1.0" encoding="UTF-8"?>
<TestRun id="2ea1b7f8-7dc1-44f1-bcbb-253b3287ba24" name="FloLap@FLOLAP-PC 2011-10-23 12:42:17" runUser="FloLap-PC\FloLap" xmlns="http://microsoft.com/schemas/VisualStudio/TeamTest/2010">
  <TestSettings name="Lokal" id="6ed96bb3-d821-4eee-a79d-3a3069da9890">
    <Description>Dies sind die standardmäßigen Testeinstellungen für einen lokalen Testlauf.</Description>
    <Deployment enabled="false" runDeploymentRoot="FloLap_FLOLAP-PC 2011-10-23 12_42_17">
      <DeploymentItem filename="E:\HsKA\Semester2\Projektarbeit\Stundenplangenerator\TimetablePlanner\TimetablePlanner\bin\Debug\TimetablePlanner.dll" />
    </Deployment>
    <Execution>
      <TestTypeSpecific />
      <AgentRule name="Execution Agents">
      </AgentRule>
    </Execution>
  </TestSettings>
  <Times creation="2011-10-23T12:42:17.4519342+02:00" queuing="2011-10-23T12:42:18.3099357+02:00" start="2011-10-23T12:42:18.3879358+02:00" finish="2011-10-23T12:43:16.9348387+02:00" />
  <ResultSummary outcome="Completed">
    <Counters total="1" executed="1" passed="1" error="0" failed="0" timeout="0" aborted="0" inconclusive="0" passedButRunAborted="0" notRunnable="0" notExecuted="0" disconnected="0" warning="0" completed="0" inProgress="0" pending="0" />
  </ResultSummary>
  <TestDefinitions>
    <UnitTest name="TimetableManualTester" storage="e:\hska\semester2\projektarbeit\stundenplangenerator\timetableplanner\timetableplannertests\bin\debug\timetableplannertests.dll" id="3ada0cc6-2a4d-2d63-7d9f-97d4d443b0f3">
      <Execution id="b8333458-561d-45b9-94fc-d982f765039c" />
      <TestMethod codeBase="E:/HsKA/Semester2/Projektarbeit/Stundenplangenerator/TimetablePlanner/TimetablePlannerTests/bin/Debug/TimetablePlannerTests.DLL" adapterTypeName="Microsoft.VisualStudio.TestTools.TestTypes.Unit.UnitTestAdapter, Microsoft.VisualStudio.QualityTools.Tips.UnitTest.Adapter, Version=10.0.0.0, Culture=neutral, PublicKeyToken=b03f5f7f11d50a3a" className="TimetablePlannerTests.TimetableTest, TimetablePlannerTests, Version=1.0.0.0, Culture=neutral, PublicKeyToken=null" name="TimetableManualTester" />
    </UnitTest>
  </TestDefinitions>
  <TestLists>
    <TestList name="Nicht in einer Liste enthaltene Ergebnisse" id="8c84fa94-04c1-424b-9868-57a2d4851a1d" />
    <TestList name="Alle geladenen Ergebnisse" id="19431567-8539-422a-85d7-44ee4e166bda" />
  </TestLists>
  <TestEntries>
    <TestEntry testId="3ada0cc6-2a4d-2d63-7d9f-97d4d443b0f3" executionId="b8333458-561d-45b9-94fc-d982f765039c" testListId="8c84fa94-04c1-424b-9868-57a2d4851a1d" />
  </TestEntries>
  <Results>
    <UnitTestResult executionId="b8333458-561d-45b9-94fc-d982f765039c" testId="3ada0cc6-2a4d-2d63-7d9f-97d4d443b0f3" testName="TimetableManualTester" computerName="FLOLAP-PC" duration="00:00:57.2087959" startTime="2011-10-23T12:42:18.4659360+02:00" endTime="2011-10-23T12:43:16.8568385+02:00" testType="13cdc9d9-ddb5-4fa4-a97d-d965ccfc6d4b" outcome="Passed" testListId="8c84fa94-04c1-424b-9868-57a2d4851a1d" relativeResultsDirectory="b8333458-561d-45b9-94fc-d982f765039c">
      <Output>
        <DebugTrace>Time to create population of size 75: 608ms
1490
1460
1440
1230
1210
1150
1140
1120
1100
1050
1020
1000
970
930
910
870
790
790
780
780
750
740
740
730
710
710
700
690
670
660
640
590
590
570
570
530
520
490
470
460
450
450
440
440
400
380
360
350
340
300
290
290
260
210
190
170
110
90
80
10
-20
-40
-40
-50
-90
-100
-460
-610
-650
-790
-830
-900
-940
-1010
-1470
Early abort after 166 generations.
Mean time per generation: 40ms
Mean fitness increase per generation
438
200
163
139
119
74
72
49
48
45
35
34
42
31
24
30
29
20
18
21
25
30
23
29
32
24
25
21
27
25
24
31
28
19
21
18
21
19
26
21
9
17
27
19
23
23
18
18
16
15
12
16
11
14
15
22
14
18
16
11
12
11
10
5
6
12
11
13
9
11
11
13
11
17
19
16
7
5
6
9
3
7
9
8
6
4
6
3
7
5
9
7
9
6
6
11
7
3
5
4
5
4
4
5
5
6
5
6
1
3
2
4
6
5
2
5
7
7
9
6
4
7
8
7
8
4
4
8
4
4
5
5
6
10
4
4
9
7
6
4
6
2
7
5
5
5
3
4
4
4
1
4
1
0
2
2
3
2
1
1
2
1
1
1
1
0
1
Evolution time: 6786ms
3530
3530
3530
3530
3530
3520
3520
3520
3520
3520
3520
3510
3510
3510
3510
3510
3510
3510
3500
3500
3500
3500
3500
3500
3500
3500
3500
3500
3500
3500
3490
3490
3490
3490
3490
3490
3490
3490
3490
3490
3490
3490
3490
3490
3490
3490
3490
3490
3490
3490
3490
3480
3480
3480
3480
3480
3480
3480
3480
3480
3480
3480
3480
3480
3480
3480
3480
3480
3480
3480
3480
3480
3480
3480
3480

Group 0
Block 0: Theoretische Informatik 1              | Fremdsprachen                          | Technische Informatik 1                | Mathematik 1 Labor                     | Mathematik 1                           | 
Block 1: Mathematik 1 Labor                     | Fremdsprachen                          | Informatik 1 Übung                     | Theoretische Informatik 1              | Technische Informatik 1 Übung          | 
Block 2: Informatik 1                           | Technische Informatik 1                | ---------------------------------------| Mathematik 1                           | Informatik 1                           | 
Block 3: ---------------------------------------| ---------------------------------------| ---------------------------------------| ---------------------------------------| ---------------------------------------| 
Block 4: ---------------------------------------| ---------------------------------------| ---------------------------------------| ---------------------------------------| ---------------------------------------| 
Block 5: ---------------------------------------| ---------------------------------------| ---------------------------------------| ---------------------------------------| ---------------------------------------| 

Group 1
Block 0: Softwarelabor                          | Digital-Labor                          | Softwarelabor                          | Web-Programming                        | Mathematik 2 Labor                     | 
Block 1: Softwarelabor                          | Digital-Labor                          | Softwarelabor                          | Technische Informatik 2                | Mathematik 2                           | 
Block 2: Informatik 2 Übung                     | Digital-Labor                          | ---------------------------------------| Informatik 2 Übung                     | Technische Informatik 2                | 
Block 3: Informatik 2                           | Sprachen und Metasprachen              | ---------------------------------------| ---------------------------------------| Informatik 2                           | 
Block 4: ---------------------------------------| ---------------------------------------| ---------------------------------------| ---------------------------------------| ---------------------------------------| 
Block 5: ---------------------------------------| ---------------------------------------| ---------------------------------------| ---------------------------------------| ---------------------------------------| 

Group 2
Block 0: Datenrepräsentation und -übertragung   | Visualization and Semantics            | ---------------------------------------| Modellierung und Simulation            | Intelligente Systeme                   | 
Block 1: Visualization and Semantics Lab        | Verteilte Informationssysteme          | ---------------------------------------| IT Projektmanagement                   | IT Service Management                  | 
Block 2: ---------------------------------------| Mobile Systeme                         | ---------------------------------------| ---------------------------------------| ---------------------------------------| 
Block 3: ---------------------------------------| Projektarbeit1                         | ---------------------------------------| ---------------------------------------| ---------------------------------------| 
Block 4: ---------------------------------------| Projektarbeit1                         | ---------------------------------------| ---------------------------------------| ---------------------------------------| 
Block 5: ---------------------------------------| Projektarbeit1                         | ---------------------------------------| Führungskräftetraining                 | ---------------------------------------| 

Group 3
Block 0: ---------------------------------------| Algorithmenentwurf                     | IT-Sicherheit                          | Data Mining                            | Labor Verteilte Systeme                | 
Block 1: Algorithmen Übung                      | Dialog Systems                         | Labor Benutzeroberflächen              | Angewandte Kryptografie                | ---------------------------------------| 
Block 2: ---------------------------------------| ---------------------------------------| ---------------------------------------| ---------------------------------------| ---------------------------------------| 
Block 3: ---------------------------------------| ---------------------------------------| ---------------------------------------| ---------------------------------------| ---------------------------------------| 
Block 4: ---------------------------------------| Projektarbeit2                         | ---------------------------------------| ---------------------------------------| ---------------------------------------| 
Block 5: ---------------------------------------| Projektarbeit2                         | ---------------------------------------| ---------------------------------------| Seminar                                | 
</DebugTrace>
      </Output>
    </UnitTestResult>
  </Results>
</TestRun>