<?xml version="1.0" encoding="UTF-8"?>
<TestRun id="86300dcf-5df5-43ef-9c5c-4b2f568bb0e5" name="FloLap@FLOLAP-PC 2011-10-21 16:07:50" runUser="FloLap-PC\FloLap" xmlns="http://microsoft.com/schemas/VisualStudio/TeamTest/2010">
  <TestSettings name="Lokal" id="6ed96bb3-d821-4eee-a79d-3a3069da9890">
    <Description>Dies sind die standardmäßigen Testeinstellungen für einen lokalen Testlauf.</Description>
    <Deployment enabled="false" runDeploymentRoot="FloLap_FLOLAP-PC 2011-10-21 16_07_50">
      <DeploymentItem filename="E:\HsKA\Semester2\Projektarbeit\Stundenplangenerator\TimetablePlanner\TimetablePlanner\bin\Debug\TimetablePlanner.dll" />
    </Deployment>
    <Execution>
      <TestTypeSpecific />
      <AgentRule name="Execution Agents">
      </AgentRule>
    </Execution>
  </TestSettings>
  <Times creation="2011-10-21T16:07:50.8402600+02:00" queuing="2011-10-21T16:07:51.7343111+02:00" start="2011-10-21T16:07:51.8213161+02:00" finish="2011-10-21T16:08:00.5418149+02:00" />
  <ResultSummary outcome="Completed">
    <Counters total="1" executed="1" passed="1" error="0" failed="0" timeout="0" aborted="0" inconclusive="0" passedButRunAborted="0" notRunnable="0" notExecuted="0" disconnected="0" warning="0" completed="0" inProgress="0" pending="0" />
  </ResultSummary>
  <TestDefinitions>
    <UnitTest name="TimetableManualTester" storage="e:\hska\semester2\projektarbeit\stundenplangenerator\timetableplanner\timetableplannertests\bin\debug\timetableplannertests.dll" id="3ada0cc6-2a4d-2d63-7d9f-97d4d443b0f3">
      <Execution id="d76309e4-ca60-4fac-ad66-25733e3bc28b" />
      <TestMethod codeBase="E:/HsKA/Semester2/Projektarbeit/Stundenplangenerator/TimetablePlanner/TimetablePlannerTests/bin/Debug/TimetablePlannerTests.DLL" adapterTypeName="Microsoft.VisualStudio.TestTools.TestTypes.Unit.UnitTestAdapter, Microsoft.VisualStudio.QualityTools.Tips.UnitTest.Adapter, Version=10.0.0.0, Culture=neutral, PublicKeyToken=b03f5f7f11d50a3a" className="TimetablePlannerTests.TimetableTest, TimetablePlannerTests, Version=1.0.0.0, Culture=neutral, PublicKeyToken=null" name="TimetableManualTester" />
    </UnitTest>
  </TestDefinitions>
  <TestLists>
    <TestList name="Nicht in einer Liste enthaltene Ergebnisse" id="8c84fa94-04c1-424b-9868-57a2d4851a1d" />
    <TestList name="Alle geladenen Ergebnisse" id="19431567-8539-422a-85d7-44ee4e166bda" />
  </TestLists>
  <TestEntries>
    <TestEntry testId="3ada0cc6-2a4d-2d63-7d9f-97d4d443b0f3" executionId="d76309e4-ca60-4fac-ad66-25733e3bc28b" testListId="8c84fa94-04c1-424b-9868-57a2d4851a1d" />
  </TestEntries>
  <Results>
    <UnitTestResult executionId="d76309e4-ca60-4fac-ad66-25733e3bc28b" testId="3ada0cc6-2a4d-2d63-7d9f-97d4d443b0f3" testName="TimetableManualTester" computerName="FLOLAP-PC" duration="00:00:07.2784208" startTime="2011-10-21T16:07:51.8623184+02:00" endTime="2011-10-21T16:08:00.4398090+02:00" testType="13cdc9d9-ddb5-4fa4-a97d-d965ccfc6d4b" outcome="Passed" testListId="8c84fa94-04c1-424b-9868-57a2d4851a1d" relativeResultsDirectory="d76309e4-ca60-4fac-ad66-25733e3bc28b">
      <Output>
        <DebugTrace>Time to create population of size 75: 557ms
1458
1287
1274
1210
1201
1131
1095
1056
1021
886
873
857
854
851
819
812
760
742
738
727
706
706
705
699
693
682
682
663
659
651
648
642
614
603
596
587
587
577
565
559
550
547
544
525
505
469
456
451
406
390
357
315
308
307
238
226
209
209
110
109
102
101
55
52
49
22
10
1
-19
-131
-176
-204
-206
-230
-284

Group 0
Block 0: 006 --- 007 --- 000 
Block 1: --- 004 011 012 010 
Block 2: --- --- --- 012 --- 
Block 3: --- --- --- 001 008 
Block 4: --- 003 009 002 --- 
Block 5: --- --- 005 --- --- 

Group 1
Block 0: 025 023 018 --- 017 
Block 1: 025 015 018 --- 017 
Block 2: 025 019 --- --- --- 
Block 3: 014 --- 022 016 --- 
Block 4: --- --- --- --- 021 
Block 5: --- 020 024 --- 013 

Group 2
Block 0: --- --- x34 --- 031 
Block 1: --- --- 033 028 --- 
Block 2: --- 026 --- 035 030 
Block 3: --- --- --- x36 --- 
Block 4: 027 --- --- x36 029 
Block 5: --- --- --- x36 032 

Group 3
Block 0: --- --- x46 --- --- 
Block 1: --- 040 --- x45 043 
Block 2: --- --- --- x45 037 
Block 3: --- 044 --- --- --- 
Block 4: 042 041 --- 038 --- 
Block 5: --- 039 --- --- --- 
Early abort after 177 generations.
Mean time per generation: 31ms
Mean fitness increase per generation
316
169
173
101
69
52
39
24
36
28
26
19
25
26
26
29
20
21
16
14
15
12
15
12
18
14
10
12
11
15
11
11
8
13
13
10
10
10
10
10
14
7
9
9
6
7
5
4
3
7
3
5
6
4
4
4
4
4
4
5
4
6
3
5
5
2
4
2
5
4
4
3
5
2
6
3
3
2
3
1
2
2
4
2
3
1
5
4
4
4
4
4
4
2
4
1
2
4
3
3
2
2
3
1
2
2
3
0
3
1
1
2
2
2
1
1
2
2
2
4
2
2
3
2
2
2
2
2
2
2
2
2
3
1
0
1
2
1
1
2
2
2
2
2
2
2
3
2
2
1
2
1
2
1
3
2
1
2
1
1
1
2
1
1
0
1
2
1
1
1
0
1
1
1
0
1
1
1
Evolution time: 5822ms
2389
2386
2383
2377
2377
2377
2374
2374
2371
2371
2371
2368
2368
2368
2368
2368
2365
2365
2365
2365
2365
2365
2365
2365
2365
2365
2362
2362
2362
2362
2362
2362
2362
2362
2359
2359
2359
2359
2359
2359
2356
2356
2356
2356
2356
2356
2356
2356
2356
2356
2356
2356
2356
2356
2356
2356
2353
2353
2353
2353
2353
2353
2353
2353
2353
2353
2353
2353
2353
2353
2353
2353
2353
2353
2353

Group 0
Block 0: 006 007 012 --- 000 
Block 1: 008 003 012 009 010 
Block 2: --- 004 --- 005 002 
Block 3: --- 011 --- 001 --- 
Block 4: --- --- --- --- --- 
Block 5: --- --- --- --- --- 

Group 1
Block 0: 025 018 016 023 017 
Block 1: 025 018 022 020 017 
Block 2: 025 019 --- --- 024 
Block 3: 014 015 --- --- 013 
Block 4: --- --- --- --- 021 
Block 5: --- --- --- --- --- 

Group 2
Block 0: 029 --- --- 033 030 
Block 1: 031 032 --- 028 --- 
Block 2: 027 026 --- 035 --- 
Block 3: --- --- --- x36 --- 
Block 4: --- --- --- x36 --- 
Block 5: --- --- x34 x36 --- 

Group 3
Block 0: --- --- --- 041 042 
Block 1: --- 040 --- x45 043 
Block 2: 039 038 --- x45 037 
Block 3: --- --- --- --- --- 
Block 4: --- --- 044 --- --- 
Block 5: --- --- x46 --- --- 
</DebugTrace>
      </Output>
    </UnitTestResult>
  </Results>
</TestRun>