<?xml version="1.0" encoding="UTF-8"?>
<TestRun id="f61c2002-1bb1-4dac-bc97-fb008f9ef170" name="FloLap@FLOLAP-PC 2011-10-15 17:52:38" runUser="FloLap-PC\FloLap" xmlns="http://microsoft.com/schemas/VisualStudio/TeamTest/2010">
  <TestSettings name="Lokal" id="6ed96bb3-d821-4eee-a79d-3a3069da9890">
    <Description>Dies sind die standardmäßigen Testeinstellungen für einen lokalen Testlauf.</Description>
    <Deployment enabled="false" runDeploymentRoot="FloLap_FLOLAP-PC 2011-10-15 17_52_38">
      <DeploymentItem filename="E:\HsKA\Semester2\Projektarbeit\Stundenplangenerator\TimetablePlanner\TimetablePlanner\bin\Debug\TimetablePlanner.dll" />
    </Deployment>
    <Execution>
      <TestTypeSpecific />
      <AgentRule name="Execution Agents">
      </AgentRule>
    </Execution>
  </TestSettings>
  <Times creation="2011-10-15T17:52:38.2667574+02:00" queuing="2011-10-15T17:52:39.2877596+02:00" start="2011-10-15T17:52:39.3813598+02:00" finish="2011-10-15T17:52:53.6241848+02:00" />
  <ResultSummary outcome="Completed">
    <Counters total="1" executed="1" passed="1" error="0" failed="0" timeout="0" aborted="0" inconclusive="0" passedButRunAborted="0" notRunnable="0" notExecuted="0" disconnected="0" warning="0" completed="0" inProgress="0" pending="0" />
  </ResultSummary>
  <TestDefinitions>
    <UnitTest name="createTimetableInstanceTest" storage="e:\hska\semester2\projektarbeit\stundenplangenerator\timetableplanner\timetableplannertests\bin\debug\timetableplannertests.dll" id="ab441b29-9837-01bf-f43f-7839c8f73716">
      <Execution id="b1ed984a-c2c3-469f-b37d-77a87043f26c" />
      <TestMethod codeBase="E:/HsKA/Semester2/Projektarbeit/Stundenplangenerator/TimetablePlanner/TimetablePlannerTests/bin/Debug/TimetablePlannerTests.DLL" adapterTypeName="Microsoft.VisualStudio.TestTools.TestTypes.Unit.UnitTestAdapter, Microsoft.VisualStudio.QualityTools.Tips.UnitTest.Adapter, Version=10.0.0.0, Culture=neutral, PublicKeyToken=b03f5f7f11d50a3a" className="TimetablePlannerTests.TimetableTest, TimetablePlannerTests, Version=1.0.0.0, Culture=neutral, PublicKeyToken=null" name="createTimetableInstanceTest" />
    </UnitTest>
  </TestDefinitions>
  <TestLists>
    <TestList name="Nicht in einer Liste enthaltene Ergebnisse" id="8c84fa94-04c1-424b-9868-57a2d4851a1d" />
    <TestList name="Alle geladenen Ergebnisse" id="19431567-8539-422a-85d7-44ee4e166bda" />
  </TestLists>
  <TestEntries>
    <TestEntry testId="ab441b29-9837-01bf-f43f-7839c8f73716" executionId="b1ed984a-c2c3-469f-b37d-77a87043f26c" testListId="8c84fa94-04c1-424b-9868-57a2d4851a1d" />
  </TestEntries>
  <Results>
    <UnitTestResult executionId="b1ed984a-c2c3-469f-b37d-77a87043f26c" testId="ab441b29-9837-01bf-f43f-7839c8f73716" testName="createTimetableInstanceTest" computerName="FLOLAP-PC" duration="00:00:12.9211699" startTime="2011-10-15T17:52:39.4125598+02:00" endTime="2011-10-15T17:52:53.4993846+02:00" testType="13cdc9d9-ddb5-4fa4-a97d-d965ccfc6d4b" outcome="Passed" testListId="8c84fa94-04c1-424b-9868-57a2d4851a1d" relativeResultsDirectory="b1ed984a-c2c3-469f-b37d-77a87043f26c">
      <Output>
        <DebugTrace>Time to create population of size 20: 93ms
0268: ---|024|---|020|003|---|035|000|009|---|---|---|---|000|---|---|---|---|011|---|---|---|---|---|004|---|---|023|---|---|016|016|016|025|---|---|022|005|029|---|---|---|---|---|---|---|---|---|---|---|---|---|---|---|---|---|---|---|---|---|---|---|---|---|---|---|---|---|---|---|---|---|008|007|007|---|032|---|---|---|---|015|---|---|008|---|---|---|---|---|---|---|---|---|033|---|---|---|---|---|---|---|---|---|028|---|---|---|---|---|030|015|---|---|010|010|---|---|---|---|---|---|---|---|---|---|---|---|---|---|---|---|---|---|---|---|---|---|---|---|---|---|006|---|---|---|002|034|---|---|---|026|---|---|---|---|---|031|019|---|---|---|---|014|---|---|---|---|---|---|---|---|---|---|---|---|---|---|---|---|---|---|004|---|---|---|---|---|---|---|---|---|---|---|006|---|---|---|---|---|---|---|---|---|---|---|---|---|---|---|---|---|---|---|---|---|---|---|---|---|---|---|---|---|---|---|---|---|---|012|---|---|---|---|---|---|---|---|---|---|---|---|---|---|---|---|017|---|---|009|---|---|---|---|---|---|---|---|005|---|---|---|---|---|001|---|---|---|---|---|---|---|---|---|---|---|---|---|---|---|---|---|---|---|---|---|---|---|---|---|---|---|---|---|---|---|---|---|---|---|---|036|036|---|---|---|---|010|010|---|---|---|---|---|---|---|002|---|---|---|---|---|---|---|---|037|013|---|018|---|027|027|027|---|---|---|---|---|---|---|---|---|---|---|---|---|---|---|---|---|---|---|---|---|021|---|---|---|---|---|
0228: ---|---|---|035|005|---|---|---|---|---|---|---|---|016|016|016|---|---|---|000|---|---|015|---|---|---|007|007|---|---|---|---|024|---|018|---|012|---|---|---|---|---|---|---|---|---|---|---|---|---|---|---|---|---|---|---|---|---|---|---|---|006|---|---|---|---|---|---|---|---|---|---|036|036|---|010|010|---|---|020|---|---|---|---|---|---|---|---|---|---|013|025|032|---|---|---|---|---|---|---|---|---|---|---|---|---|029|---|---|---|---|---|---|---|---|---|---|---|---|---|---|---|---|---|---|---|---|---|---|---|---|---|---|---|---|---|---|---|---|---|---|---|---|---|---|027|027|027|---|---|---|---|---|---|---|---|028|003|---|---|---|---|---|---|---|---|---|---|---|---|---|---|---|---|019|011|---|---|---|---|---|---|---|009|---|---|022|015|---|008|---|---|---|---|---|---|---|---|---|021|---|---|---|---|---|---|---|---|---|---|---|---|---|---|---|---|---|---|---|---|---|---|---|---|---|030|---|---|---|031|---|026|---|---|---|009|---|037|---|---|---|---|---|---|---|---|---|---|---|---|---|---|---|---|---|---|033|---|---|---|---|---|---|---|---|001|---|---|---|---|---|---|---|---|---|---|---|---|---|---|---|---|---|---|---|---|---|---|010|010|023|---|---|---|---|---|034|---|---|---|002|---|---|---|014|---|---|---|---|---|---|---|004|000|---|---|---|---|017|---|004|008|---|---|002|---|---|---|---|---|---|---|---|---|---|---|---|006|---|---|---|---|---|---|---|---|---|---|---|---|---|---|---|---|---|---|---|---|---|---|
0222: ---|036|036|---|---|---|026|---|---|---|018|---|---|---|033|---|---|---|009|---|017|---|---|---|000|---|---|---|---|---|---|037|---|---|---|---|---|---|---|002|---|---|015|---|022|---|034|---|---|---|006|---|---|---|---|---|---|---|---|---|---|---|---|---|---|---|---|---|---|---|---|---|004|---|031|013|---|---|---|---|---|005|---|---|---|---|---|---|---|---|---|---|009|002|---|---|---|016|016|016|---|---|---|028|012|---|---|---|---|---|---|---|---|---|---|---|---|---|---|---|006|---|---|---|---|---|---|---|---|---|---|---|---|---|---|---|---|---|---|---|---|---|---|---|010|010|---|---|---|---|---|---|---|---|---|---|---|---|025|---|---|---|---|---|---|---|003|---|---|---|---|---|---|---|030|015|---|---|---|---|---|---|---|---|---|---|---|---|008|---|---|---|---|---|---|---|---|---|---|---|---|---|---|---|---|---|---|---|---|---|---|021|---|---|---|---|---|---|---|---|---|---|---|---|---|---|---|---|---|---|---|032|---|---|004|---|---|---|---|---|029|---|---|---|---|---|---|---|---|---|014|---|---|---|---|---|---|---|---|---|---|---|---|---|---|---|---|---|---|---|---|---|---|---|---|---|---|---|---|---|---|---|---|---|---|---|---|---|---|---|---|---|019|---|---|024|005|---|---|---|---|---|---|000|---|---|---|011|---|---|020|---|027|027|027|035|---|---|---|---|010|010|---|---|---|007|007|---|---|---|---|---|023|008|---|---|---|---|---|---|---|---|---|---|---|---|---|---|---|---|001|---|---|---|---|---|---|---|---|---|
0216: 013|---|024|---|---|---|---|---|---|000|---|---|---|---|012|---|---|---|---|005|---|---|---|---|020|---|036|036|---|---|---|---|---|---|---|---|---|002|---|---|---|---|---|---|---|---|---|---|---|---|---|---|---|---|---|---|---|---|---|---|---|---|---|---|---|---|021|---|---|001|---|---|026|---|022|---|---|---|011|---|---|---|---|---|---|---|---|010|010|---|---|---|003|---|---|---|---|019|---|---|---|---|004|---|---|---|---|---|---|---|---|---|---|---|---|---|017|---|---|---|---|---|---|---|---|---|---|---|---|---|---|---|---|---|---|---|---|---|---|---|---|---|006|---|---|---|---|---|---|---|029|---|---|---|---|---|---|---|---|---|---|---|---|---|---|---|---|---|---|033|---|---|---|---|023|018|037|---|---|---|004|---|---|010|010|---|016|016|016|---|---|---|---|---|---|---|---|---|---|---|---|---|---|---|---|---|---|---|---|---|---|---|---|---|---|---|---|031|---|007|007|---|035|028|---|---|---|---|---|---|---|---|---|---|---|---|---|---|---|---|---|015|---|---|005|---|---|---|---|---|034|---|---|---|---|---|---|---|---|---|---|---|015|---|---|---|---|---|---|---|---|---|---|---|---|---|---|---|---|---|006|---|---|---|---|---|---|---|---|---|---|008|---|---|025|027|027|027|---|---|---|---|---|---|---|---|---|009|032|---|---|---|---|008|002|---|---|---|---|---|---|009|---|---|---|---|---|030|---|---|014|---|---|000|---|---|---|---|---|---|---|---|---|---|---|---|---|---|---|---|---|---|---|---|---|---|---|---|---|---|
0200: ---|004|---|---|028|---|019|---|---|---|011|---|---|---|---|---|---|---|032|005|---|013|---|---|012|---|---|---|---|---|---|---|---|---|---|---|---|---|018|---|---|---|010|010|---|---|017|---|---|---|---|---|---|---|---|---|---|---|---|---|---|---|---|---|---|---|---|---|---|---|---|---|---|000|---|---|---|---|---|---|---|---|---|---|---|---|034|---|---|---|---|---|---|---|---|---|022|016|016|016|---|---|---|007|007|---|035|---|---|030|---|009|---|---|---|026|---|---|---|---|001|---|---|---|---|---|---|---|---|---|---|---|---|---|---|---|006|---|---|---|---|---|---|---|010|010|009|---|---|---|---|---|---|---|---|---|---|---|---|---|---|---|---|003|---|029|---|---|---|---|033|036|036|---|---|015|---|005|---|---|---|---|---|025|---|---|---|008|000|---|---|---|---|---|---|---|---|---|---|---|---|---|---|---|---|---|---|---|---|---|---|---|---|---|---|---|---|015|---|---|---|---|---|---|---|---|---|---|---|---|---|---|---|---|---|---|---|---|---|---|---|---|---|008|---|---|---|---|---|---|---|---|---|---|---|---|---|---|---|023|---|002|---|---|---|---|---|---|---|---|---|---|---|---|---|---|---|---|---|---|---|---|---|---|---|---|---|---|---|---|---|---|---|---|---|---|031|---|---|---|---|---|---|---|---|---|---|---|---|---|014|---|---|027|027|027|---|---|---|---|---|---|---|---|---|---|037|---|002|---|020|---|024|---|---|---|---|---|---|---|---|---|---|---|---|---|---|---|---|---|---|---|---|---|021|---|---|006|---|---|
0194: ---|---|010|010|---|---|---|011|---|---|---|---|---|---|---|---|---|---|---|---|005|---|---|---|---|012|---|---|026|---|---|---|008|---|---|---|002|013|015|---|020|---|---|---|---|---|---|---|---|---|---|---|---|---|---|---|001|---|---|---|---|---|---|---|---|---|---|---|---|---|---|---|035|010|010|---|004|---|---|004|---|---|---|---|---|---|---|---|---|---|016|016|016|022|---|---|---|---|---|---|009|---|---|---|---|024|025|---|---|---|---|---|---|---|---|---|---|---|008|---|---|---|---|---|---|---|---|---|---|---|---|---|---|---|---|---|---|---|---|---|---|---|---|---|---|---|---|---|---|---|---|---|---|---|---|---|---|---|---|---|---|---|---|---|---|003|---|---|---|---|---|---|---|---|---|023|---|---|---|---|---|---|033|---|---|---|---|032|---|---|---|---|---|---|---|---|---|---|---|---|---|---|---|---|---|---|021|---|---|---|---|---|006|---|---|---|---|---|---|019|---|---|036|036|---|030|---|---|018|---|---|002|---|---|---|---|---|---|---|---|---|---|---|---|---|---|028|031|---|---|---|---|---|---|---|---|---|---|---|---|---|000|---|---|---|---|---|---|---|---|---|---|---|---|---|---|---|---|---|006|---|---|---|---|---|---|---|---|027|027|027|---|---|---|---|---|---|---|009|---|---|---|007|007|005|---|---|---|037|---|---|---|017|029|---|---|---|---|---|000|---|034|---|---|---|015|014|---|---|---|---|---|---|---|---|---|---|---|---|---|---|---|---|---|---|---|---|---|---|---|---|---|---|---|---|---|---|---|---|---|
0192: ---|023|008|---|---|---|---|---|010|010|025|---|---|---|---|---|---|---|---|---|---|036|036|---|---|000|---|---|---|---|---|017|---|---|---|---|---|---|---|---|---|---|---|029|---|---|032|---|---|---|---|021|---|---|---|006|---|---|---|---|---|---|---|---|---|---|---|---|---|---|---|---|---|015|---|---|---|---|---|011|---|---|024|---|---|031|---|028|---|---|010|010|---|---|---|---|030|---|004|003|---|---|033|013|---|---|022|---|016|016|016|---|---|---|---|---|027|027|027|---|---|---|---|---|---|---|---|---|---|---|---|---|---|---|---|---|---|---|---|---|---|---|---|---|---|---|---|---|---|---|035|037|---|---|018|---|---|---|---|---|---|---|---|---|---|015|---|---|---|---|026|---|---|---|---|---|---|---|---|---|---|---|019|---|---|---|---|002|---|---|014|---|---|---|---|---|---|---|---|---|---|---|---|---|---|---|---|---|---|---|---|---|---|---|---|---|---|009|---|---|002|---|---|012|---|---|---|---|---|009|---|---|---|---|---|004|---|---|---|---|---|034|---|---|---|---|---|---|---|---|020|---|---|---|---|---|005|---|---|---|---|---|000|---|---|---|---|---|---|---|---|---|---|---|---|---|---|---|---|---|---|---|006|---|---|---|---|---|---|---|---|---|---|---|---|---|---|---|---|---|---|---|---|---|---|---|---|---|---|---|---|---|---|005|---|---|---|---|---|---|007|007|---|---|---|---|---|---|---|---|---|---|008|---|---|---|---|---|---|---|---|---|---|---|---|---|---|---|---|---|---|---|---|---|---|001|---|---|---|---|
0184: ---|---|---|014|---|---|004|---|---|---|---|---|---|---|011|---|000|---|---|---|---|---|---|---|013|---|015|---|---|---|---|---|000|---|034|---|---|---|---|---|---|---|---|---|---|---|---|---|---|021|---|---|---|---|---|---|---|---|---|---|---|---|---|---|---|---|---|---|---|006|---|---|---|---|---|---|023|---|---|---|---|---|032|---|---|018|016|016|016|---|---|---|---|---|---|---|---|---|---|---|030|---|024|---|017|---|---|---|---|---|---|---|---|---|---|---|---|007|007|---|---|---|---|---|---|---|---|---|---|---|---|---|---|---|---|---|---|---|---|---|---|---|---|---|010|010|028|---|037|---|---|---|---|---|---|---|010|010|036|036|---|---|019|---|---|---|---|---|---|---|012|---|---|---|031|020|008|---|---|---|---|009|---|029|015|---|008|---|---|---|026|---|---|---|---|---|---|---|---|---|---|---|---|---|---|---|---|---|---|---|---|---|---|---|---|---|---|005|---|---|---|---|---|---|---|---|---|---|---|---|---|---|---|---|033|---|---|---|009|---|---|---|---|---|---|---|---|002|---|---|---|---|---|---|---|---|---|---|---|025|---|---|---|---|---|---|---|---|---|---|---|---|---|---|---|---|---|---|---|---|---|---|---|---|---|---|---|---|---|---|---|---|035|---|---|027|027|027|---|---|---|---|---|---|---|---|---|---|---|---|---|---|003|---|---|---|---|---|---|022|---|---|---|---|---|---|005|---|002|---|---|---|004|---|---|---|---|---|---|---|---|---|001|---|---|---|---|---|---|---|006|---|---|---|---|---|---|---|---|---|
0180: ---|---|023|024|---|---|---|---|---|036|036|---|---|---|---|---|009|---|033|---|015|---|011|---|---|019|---|---|008|---|020|---|---|---|---|---|---|010|010|---|---|---|---|---|002|---|005|---|---|---|---|---|---|---|---|---|---|---|---|---|---|---|---|---|---|---|---|---|---|---|---|---|005|---|037|---|---|---|---|---|035|---|---|---|---|013|---|---|---|---|---|---|016|016|016|---|---|004|---|---|---|---|---|---|---|---|025|---|---|---|---|---|---|---|---|018|007|007|---|---|006|---|---|---|---|---|---|---|---|---|---|---|---|---|---|---|---|---|---|---|---|---|---|---|---|---|---|010|010|---|---|---|---|---|---|---|015|---|---|031|030|---|---|---|---|---|---|---|027|027|027|---|---|---|---|---|---|002|004|---|---|---|---|---|032|---|008|---|---|---|009|---|021|---|---|---|---|---|---|---|---|---|---|---|---|---|---|---|---|---|---|006|---|---|---|---|---|---|---|---|---|---|014|---|---|---|---|---|---|---|---|---|---|---|---|029|---|---|026|---|---|---|---|---|---|---|---|---|---|---|---|---|---|012|---|---|---|---|---|022|---|---|017|---|---|---|---|---|---|---|---|---|---|---|---|---|---|001|---|---|---|---|---|---|---|---|---|---|000|---|---|---|---|---|003|---|000|---|---|---|---|---|---|---|---|---|---|---|028|---|---|---|---|034|---|---|---|---|---|---|---|---|---|---|---|---|---|---|---|---|---|---|---|---|---|---|---|---|---|---|---|---|---|---|---|---|---|---|---|---|---|---|---|---|---|---|---|---|---|---|
0178: 002|---|015|---|---|---|023|---|---|---|---|---|---|---|---|015|---|---|---|---|030|---|002|---|---|---|---|---|---|---|---|---|---|---|---|---|028|---|---|---|---|---|---|---|---|---|---|---|---|---|---|---|---|---|---|---|---|---|---|---|---|---|---|---|---|---|---|---|---|---|---|---|037|---|---|---|014|---|---|---|---|---|017|---|---|000|---|---|---|---|---|---|---|---|---|---|---|---|---|---|032|---|026|---|---|005|009|---|---|---|---|---|---|---|---|---|010|010|000|---|---|---|---|---|---|---|---|---|---|---|---|---|---|---|006|001|006|---|---|---|---|---|---|---|---|---|---|---|---|---|---|---|020|---|---|---|004|---|---|---|---|---|---|---|---|---|---|---|008|---|036|036|---|---|---|025|016|016|016|---|---|008|019|---|---|---|---|---|---|---|---|---|---|---|---|---|---|---|---|---|---|---|---|---|---|---|---|---|---|---|---|---|---|---|---|---|---|029|---|---|---|---|---|022|---|---|---|---|---|---|---|---|---|---|---|---|---|---|011|---|---|012|---|024|018|---|---|---|---|010|010|---|---|---|---|004|---|---|003|---|---|---|---|---|---|---|---|---|---|---|---|---|---|---|---|---|---|---|---|---|---|---|---|---|---|---|---|---|033|---|---|---|---|---|035|---|---|---|---|---|---|007|007|---|---|---|027|027|027|---|013|---|---|---|---|---|---|---|---|---|031|---|---|---|---|034|---|---|---|---|005|---|009|---|---|---|---|---|---|---|---|---|---|---|---|---|---|---|---|---|---|---|---|---|---|---|021|---|---|---|
0178: 028|---|005|---|---|---|---|---|005|031|---|---|---|---|015|---|---|---|---|---|---|---|002|---|---|037|---|---|032|---|---|022|---|---|---|---|---|---|010|010|011|---|027|027|027|---|---|---|---|---|---|---|---|---|---|---|---|---|---|---|---|---|---|---|---|---|---|---|001|006|---|---|024|---|016|016|016|---|---|---|009|034|---|---|---|---|---|---|030|---|---|015|---|---|---|---|---|007|007|---|---|---|---|---|---|002|---|---|---|---|017|---|---|---|---|---|---|---|---|---|---|021|---|---|---|---|---|---|---|---|---|---|---|---|---|---|---|---|---|---|006|---|---|---|---|---|---|---|020|---|---|---|---|---|---|---|---|035|---|---|---|---|036|036|---|---|---|---|---|---|004|---|---|---|---|---|---|---|---|---|---|---|---|018|---|---|025|---|---|023|009|---|---|---|---|---|---|---|---|---|---|---|---|---|---|---|---|---|---|---|---|---|---|---|---|---|---|---|---|---|---|---|---|---|---|---|---|---|---|012|---|014|---|---|---|---|---|---|---|---|---|000|---|---|---|---|---|008|---|---|---|---|---|---|---|---|---|---|---|---|---|033|---|---|---|---|---|---|---|---|---|---|---|---|---|---|---|---|---|---|---|---|---|---|---|---|---|---|---|---|---|000|029|---|---|---|---|---|---|---|---|026|---|---|---|---|---|008|004|---|---|---|---|---|---|---|---|---|010|010|---|---|---|---|---|---|---|---|---|---|003|---|---|013|---|---|---|---|---|---|---|---|---|---|---|---|---|---|---|---|---|---|---|---|---|---|---|---|---|---|
0172: ---|---|---|005|---|---|---|---|026|028|---|---|---|---|---|022|---|---|---|---|000|029|---|---|---|---|---|---|---|---|015|027|027|027|---|---|---|---|002|015|---|---|---|032|036|036|---|---|---|---|---|---|021|---|---|---|---|---|---|---|---|---|---|---|---|---|---|---|---|---|---|---|003|---|---|---|---|---|---|---|014|---|---|---|---|---|---|---|---|---|---|---|025|---|---|---|016|016|016|---|---|---|---|009|013|---|---|---|---|---|---|---|---|---|---|024|002|---|---|---|---|---|---|---|---|---|---|---|---|---|---|---|006|---|---|---|---|---|---|---|---|001|---|---|---|023|---|030|---|---|---|---|010|010|---|---|---|010|010|---|---|---|033|---|---|020|---|---|---|---|---|008|---|---|---|---|---|---|---|---|---|---|---|017|009|---|---|---|000|---|---|---|---|---|---|---|---|---|---|---|---|---|---|---|---|006|---|---|---|---|---|---|---|---|---|---|037|---|---|---|---|---|---|---|---|---|---|---|---|---|---|---|034|---|---|---|---|---|---|---|---|---|---|---|---|---|---|---|---|---|---|---|---|---|---|007|007|---|---|---|---|---|---|---|---|---|---|---|---|---|---|---|---|---|---|---|---|---|---|---|---|---|---|---|---|---|---|---|005|---|008|---|---|---|---|---|---|---|---|---|---|---|---|019|---|---|---|---|---|018|004|---|---|---|---|---|---|---|031|---|---|---|---|---|---|004|---|---|---|---|035|011|---|012|---|---|---|---|---|---|---|---|---|---|---|---|---|---|---|---|---|---|---|---|---|---|---|---|---|---|
0170: 016|016|016|---|---|---|037|---|---|---|000|---|---|---|---|---|---|---|---|007|007|---|011|---|025|009|014|---|---|---|---|---|019|---|---|---|034|---|---|---|---|---|005|000|008|036|036|---|---|---|---|---|---|---|---|---|---|006|---|---|---|---|---|---|---|---|---|---|---|---|---|---|004|---|---|017|---|---|---|015|---|---|---|---|---|008|---|---|---|---|---|---|---|---|---|---|---|---|---|009|---|---|---|---|---|---|---|---|---|---|---|029|026|---|002|---|---|---|032|---|---|---|---|---|---|---|---|---|---|---|---|---|---|---|---|---|---|---|---|---|---|---|---|---|---|---|---|012|---|---|---|---|---|---|---|---|---|---|---|---|013|---|---|---|---|033|---|---|---|---|---|---|---|---|004|---|---|---|028|---|027|027|027|---|---|---|---|---|---|018|---|---|---|---|---|021|---|---|---|---|---|---|---|---|---|---|---|001|---|---|---|---|---|---|---|---|---|030|---|---|---|---|---|---|---|---|---|---|---|---|---|---|---|---|---|---|---|---|---|---|---|---|---|---|---|---|---|---|---|---|---|---|---|---|---|---|---|---|---|---|---|---|---|---|---|---|---|---|---|---|---|---|---|---|---|---|---|---|---|---|---|---|---|---|---|---|---|---|---|020|---|---|---|---|010|010|---|---|023|---|---|---|---|---|022|---|---|---|---|035|---|---|003|---|---|031|---|---|005|---|---|---|002|---|015|---|---|---|---|---|---|---|024|---|---|---|---|---|---|---|---|---|---|---|---|---|006|---|---|---|---|---|---|---|---|---|---|---|---|---|
0162: ---|---|---|---|---|---|035|023|005|---|---|---|---|000|005|---|---|---|---|---|026|---|---|---|---|009|---|012|---|---|017|---|---|---|---|---|---|---|---|---|---|---|000|---|---|---|---|---|---|---|001|---|---|---|---|---|---|---|---|---|---|---|---|---|006|---|---|---|---|---|---|---|---|030|---|---|---|---|036|036|---|019|---|---|---|---|---|022|015|---|---|---|025|---|---|---|---|---|---|---|---|---|004|---|027|027|027|---|---|---|---|---|---|---|---|002|---|---|020|---|---|---|---|---|---|---|---|---|---|---|---|---|---|---|---|---|---|---|---|---|---|---|---|---|---|---|---|---|---|---|---|---|---|---|---|---|---|---|---|018|---|---|---|---|---|---|034|---|---|---|---|009|---|---|008|---|---|---|031|---|---|---|007|007|---|---|---|---|029|---|---|---|---|---|---|---|---|---|---|---|---|---|---|---|---|---|---|---|---|---|---|---|---|---|---|---|---|---|---|028|---|---|004|---|---|---|---|---|---|---|---|---|---|---|---|---|---|033|---|---|---|---|---|003|008|---|---|---|---|---|---|---|---|---|---|---|---|---|---|---|---|015|---|---|---|---|---|---|---|---|---|---|---|---|---|---|---|---|---|---|006|---|---|---|---|---|---|---|---|---|---|---|---|---|---|---|013|---|---|---|---|024|---|---|---|---|---|---|---|002|---|---|016|016|016|037|---|---|---|---|---|---|011|---|014|010|010|---|---|---|---|032|010|010|---|---|---|---|---|---|---|---|---|021|---|---|---|---|---|---|---|---|---|---|---|---|---|---|---|---|
0160: ---|---|---|---|033|---|---|---|000|---|031|---|004|---|---|017|---|---|005|---|---|013|---|---|---|000|---|---|---|---|030|---|---|---|029|---|---|024|---|010|010|---|---|---|---|---|---|---|---|---|---|---|---|---|006|---|---|---|---|---|---|021|---|---|---|---|---|---|---|---|---|---|---|012|---|022|---|---|---|---|---|---|---|---|---|---|036|036|---|---|---|002|032|008|---|---|010|010|---|---|---|---|011|---|---|---|---|---|037|---|---|---|---|---|---|---|---|---|---|---|---|---|---|---|---|---|---|---|---|---|---|---|---|---|---|---|---|---|---|---|---|006|---|---|---|---|---|---|---|---|---|---|---|---|---|---|---|---|---|---|019|---|---|023|---|---|---|---|---|---|035|---|---|---|---|---|---|005|---|---|---|---|---|---|025|---|---|008|016|016|016|---|---|---|---|---|001|---|---|---|---|---|---|---|---|---|---|---|---|---|---|---|---|---|---|---|---|---|---|009|018|---|---|---|---|---|---|---|---|---|---|---|---|---|---|---|---|020|---|---|015|004|---|---|028|---|---|---|---|---|009|---|---|---|---|---|---|---|007|007|---|---|015|---|---|---|---|---|---|---|---|---|---|---|---|---|---|---|---|---|---|---|---|---|---|---|---|---|---|---|002|---|---|---|---|---|---|---|014|---|034|---|---|---|---|---|---|---|---|---|---|---|---|---|---|---|---|---|---|---|026|---|---|---|027|027|027|---|---|---|---|---|003|---|---|---|---|---|---|---|---|---|---|---|---|---|---|---|---|---|---|---|---|---|---|---|---|---|---|---|
0158: ---|---|---|019|---|---|---|010|010|---|---|---|033|---|034|032|---|---|027|027|027|---|---|---|---|002|---|---|---|---|004|---|---|---|---|---|---|013|---|---|---|---|---|---|---|---|---|---|---|---|---|---|---|---|---|---|---|---|---|---|---|---|---|---|---|---|---|---|---|---|---|---|---|018|---|---|011|---|---|014|---|---|---|---|---|---|---|---|022|---|---|---|---|008|000|---|---|029|005|025|---|---|035|---|---|---|---|---|---|---|015|---|---|---|---|---|---|012|---|---|---|006|---|---|---|---|---|---|---|---|---|---|---|---|---|---|---|---|---|---|---|---|---|---|---|---|---|---|---|---|---|---|---|---|---|---|024|007|007|---|---|---|---|---|---|---|005|---|---|---|---|---|---|---|---|015|---|---|---|---|---|---|020|009|---|---|---|---|---|---|---|---|---|---|---|---|---|---|---|---|---|---|---|---|---|---|---|---|---|---|---|006|---|---|021|---|---|---|---|030|031|---|---|---|---|---|002|---|---|---|---|003|---|---|---|---|---|---|---|---|---|---|---|---|---|---|---|---|---|---|---|---|---|---|---|---|---|---|---|---|---|036|036|---|---|---|---|---|---|---|---|---|---|---|---|---|---|---|---|---|---|---|---|---|---|---|---|---|---|---|---|---|---|---|---|---|026|008|---|---|017|028|---|---|---|---|---|009|000|---|---|---|---|---|---|004|---|---|---|---|---|037|---|---|---|---|---|---|023|---|016|016|016|---|---|---|---|---|---|---|---|---|---|---|---|---|---|---|---|---|---|---|001|---|---|---|---|---|---|---|
0156: ---|016|016|016|---|---|---|---|030|---|---|---|---|---|---|035|031|---|---|---|025|033|---|---|---|---|---|---|004|---|---|003|010|010|---|---|005|---|017|---|---|---|---|---|007|007|000|---|---|---|---|---|---|---|---|---|---|---|---|---|---|---|---|---|---|---|---|---|---|001|---|---|027|027|027|---|028|---|008|---|---|---|---|---|---|---|---|---|---|---|---|---|---|---|034|---|014|---|---|---|004|---|---|018|---|---|---|---|029|---|032|---|---|---|---|---|---|---|---|---|---|006|---|---|---|---|---|---|---|---|---|---|---|---|---|---|---|---|---|---|---|---|---|---|---|009|---|015|008|---|---|---|---|---|019|---|---|---|---|---|---|---|---|---|---|---|---|---|---|---|---|011|---|---|---|024|---|---|---|---|---|---|---|000|005|---|026|---|---|---|---|---|---|---|---|---|---|---|---|---|---|---|---|---|---|---|---|---|---|---|---|---|---|---|---|---|---|---|---|---|---|---|---|022|---|---|---|---|---|---|---|---|---|---|---|---|---|009|---|---|---|---|---|010|010|---|---|---|---|---|---|---|---|---|---|---|---|---|037|---|---|---|---|---|---|---|---|---|---|---|---|006|---|---|---|---|---|---|---|---|---|---|---|---|---|---|---|---|---|---|---|---|---|---|013|---|---|015|---|---|---|036|036|---|---|---|---|---|---|---|---|---|---|---|002|---|---|---|012|---|---|020|---|---|---|002|---|---|023|---|---|---|---|---|---|---|---|021|---|---|---|---|---|---|---|---|---|---|---|---|---|---|---|---|---|---|---|---|---|---|
0140: 013|---|002|004|031|---|---|005|---|---|---|---|---|028|004|---|---|---|---|033|---|---|---|---|---|020|003|012|---|---|---|---|---|---|---|---|---|---|015|014|---|---|---|009|---|022|---|---|---|---|---|---|---|---|---|---|---|---|---|---|---|---|---|---|---|---|---|---|---|---|---|---|---|---|---|015|---|---|---|---|---|---|---|---|036|036|---|---|037|---|---|---|---|---|---|---|000|---|---|011|---|---|---|---|---|034|---|---|---|019|---|007|007|---|---|---|---|---|---|---|---|---|---|---|---|---|---|021|---|---|---|---|---|006|---|---|---|---|---|---|---|---|---|---|---|002|---|023|---|---|026|---|---|---|---|---|---|---|024|---|---|---|---|---|---|008|035|---|---|005|---|---|---|---|---|030|---|---|---|---|---|---|---|---|000|---|---|---|---|---|---|---|---|---|---|---|---|---|---|---|---|---|---|---|---|---|---|---|---|---|---|---|---|---|---|---|---|---|---|---|---|---|---|---|---|032|---|---|---|025|---|017|---|---|---|---|---|010|010|---|---|---|---|---|---|---|---|008|---|---|---|---|---|---|---|---|---|---|---|---|---|018|---|---|---|---|---|---|---|---|---|---|---|---|---|---|---|---|---|---|---|---|---|---|---|---|---|---|---|---|027|027|027|---|---|---|---|---|---|---|016|016|016|---|---|---|---|---|---|009|---|---|---|---|---|---|---|---|---|---|---|---|---|---|---|---|029|---|---|---|---|---|010|010|---|---|---|---|---|001|---|---|---|---|---|---|---|---|---|---|---|006|---|---|---|---|---|---|---|---|
0136: ---|---|---|---|009|---|---|---|---|---|---|---|026|---|011|---|028|---|---|---|010|010|---|---|---|---|036|036|---|---|023|017|---|---|008|---|008|000|---|---|---|---|---|---|---|015|009|---|---|---|---|---|---|---|---|---|---|---|---|---|---|---|---|---|---|---|---|---|---|---|---|---|---|---|---|---|---|---|---|---|---|014|---|---|---|---|---|019|---|---|---|007|007|---|003|---|---|016|016|016|---|---|---|---|---|035|---|---|037|---|---|---|---|---|---|---|---|002|---|---|---|006|---|---|---|---|---|001|---|---|---|---|---|006|---|---|---|---|---|---|---|---|---|---|---|---|---|---|---|---|---|---|---|---|---|---|---|---|031|---|---|---|---|---|---|---|020|---|---|---|022|005|032|---|---|018|---|---|---|---|004|---|---|---|---|---|---|005|---|---|---|---|---|---|---|---|---|---|---|---|---|---|---|---|---|---|---|---|---|---|---|---|---|---|---|---|---|---|---|---|012|---|---|---|---|---|---|---|---|---|---|---|---|---|---|---|---|013|025|---|---|---|---|---|---|---|---|---|---|---|---|---|---|---|---|034|---|---|---|---|---|004|030|---|---|---|---|---|---|---|---|---|---|---|---|---|---|---|---|---|---|---|021|---|---|---|---|---|---|---|---|---|---|---|---|---|---|002|---|---|---|---|---|---|---|---|033|---|000|---|---|---|---|---|---|---|---|---|024|---|---|015|---|---|---|---|---|---|---|---|010|027|027|027|---|---|---|---|---|---|---|---|---|---|---|---|---|---|---|---|---|---|---|---|---|---|---|---|---|---|
0122: ---|---|028|---|---|---|---|---|---|---|008|---|---|---|---|029|---|---|009|---|027|027|027|---|002|---|---|---|---|---|024|---|---|025|---|---|020|---|004|---|---|---|019|004|---|008|---|---|---|---|---|---|---|---|---|---|---|---|---|---|---|006|---|---|---|---|---|---|---|---|---|---|005|---|---|009|030|---|---|---|---|---|---|---|---|---|013|---|---|---|---|---|---|---|---|---|---|---|---|---|---|---|---|---|002|---|---|---|---|---|---|---|---|---|023|---|---|---|---|---|---|---|---|---|---|---|---|---|---|---|---|---|---|---|---|---|---|---|---|---|---|---|---|---|016|016|016|---|000|---|010|010|---|---|---|---|---|014|---|---|---|---|---|---|034|---|---|---|---|---|---|---|005|---|---|---|---|---|015|---|---|003|---|---|011|---|---|---|---|000|---|---|---|---|---|---|---|---|---|---|---|---|---|---|---|---|---|---|---|---|---|---|---|---|006|---|---|---|---|---|---|---|---|---|---|018|---|---|---|---|---|---|---|---|---|---|---|036|036|---|---|---|---|---|---|---|---|---|---|---|---|---|---|---|---|015|---|---|---|---|---|037|033|---|---|---|---|---|---|---|---|---|---|---|---|---|---|---|---|021|---|---|---|---|---|---|---|---|---|---|010|010|---|---|---|---|032|---|---|---|031|---|---|---|022|---|---|---|---|007|007|---|---|035|---|---|---|---|---|---|---|026|---|---|---|---|---|---|---|---|---|---|---|017|---|---|---|---|---|---|---|---|---|---|---|---|---|---|---|001|---|---|---|---|---|---|---|---|---|---|
5000 Generations finished after 12651ms
0950: 003|024|010|---|---|---|023|036|036|---|---|---|---|000|020|---|---|---|009|---|010|010|---|---|015|027|027|---|---|---|016|016|016|---|---|---|022|000|---|---|---|---|004|036|---|---|---|---|---|---|---|---|---|---|---|---|---|---|---|---|006|---|---|---|---|---|006|---|---|---|---|---|008|009|---|---|---|---|009|025|005|---|---|---|008|004|---|027|008|---|027|027|027|---|---|---|007|007|015|---|---|---|018|010|010|---|---|---|013|002|---|015|---|---|010|010|010|---|---|---|---|---|---|---|---|---|---|---|---|---|---|---|006|006|---|---|---|---|---|---|---|---|---|---|027|027|027|---|---|---|010|010|---|009|---|---|008|007|007|---|---|---|008|---|000|---|---|---|010|010|010|010|---|---|037|027|027|---|---|---|008|---|004|---|---|---|031|010|010|---|033|---|---|---|006|---|---|---|006|---|---|---|---|---|021|---|---|---|---|---|006|---|---|---|---|---|---|019|---|---|---|---|026|002|---|---|---|---|004|004|---|030|---|---|029|034|---|---|---|---|035|032|---|---|---|---|017|005|---|009|---|---|009|002|---|---|---|---|005|014|---|---|---|---|006|---|---|---|---|---|---|---|---|---|---|---|006|---|---|---|---|---|001|---|---|---|---|---|015|002|---|---|---|---|012|010|010|---|---|---|002|005|036|---|---|---|000|010|010|---|---|---|011|002|000|---|002|---|010|010|---|---|---|---|028|009|---|009|---|---|008|027|027|---|---|---|---|006|---|---|---|---|---|---|---|---|---|---|---|---|---|---|---|---|---|---|---|---|---|---|
0948: 003|024|010|---|---|---|023|036|036|---|---|---|---|000|020|---|---|---|009|---|010|010|---|---|015|027|027|---|---|---|016|016|016|---|---|---|022|000|---|---|---|---|004|036|---|---|---|---|---|---|---|---|---|---|---|---|---|---|---|---|006|---|---|---|---|---|006|---|---|---|---|---|008|009|---|010|010|---|009|025|005|---|---|---|008|004|---|027|008|---|027|027|027|---|---|---|007|007|015|---|---|---|018|010|010|---|---|---|013|002|---|015|---|---|010|010|010|030|---|---|---|---|---|---|---|---|---|---|---|---|---|---|006|006|---|---|---|---|---|---|---|---|---|---|027|027|027|---|---|---|010|010|---|009|---|---|008|007|007|---|---|---|008|---|000|---|---|---|010|010|010|010|---|---|037|027|027|015|---|---|008|---|004|---|---|---|031|010|010|---|033|---|---|---|006|---|---|---|006|---|---|---|---|---|021|---|---|---|---|---|006|---|---|---|---|---|---|019|---|---|---|---|026|002|---|---|---|---|004|004|---|---|---|---|029|034|---|---|---|---|035|032|---|---|---|---|017|005|---|009|---|---|009|002|---|---|---|---|005|014|---|---|---|---|006|006|---|---|---|---|---|---|---|---|---|---|006|---|---|---|---|---|---|---|---|---|---|---|015|002|---|---|---|---|012|010|010|---|---|---|002|005|036|---|---|---|000|010|010|---|---|---|011|002|000|015|002|---|010|010|---|---|---|---|028|009|---|009|---|---|008|027|027|---|---|---|---|006|---|---|---|---|001|---|---|---|---|---|---|---|---|---|---|---|---|---|---|---|---|---|
0948: 003|024|010|---|---|---|023|036|036|---|---|---|---|000|020|---|---|---|009|---|010|010|---|---|015|027|027|---|---|---|016|016|016|---|---|---|022|000|---|---|---|---|004|036|---|---|---|---|---|---|---|---|---|---|---|---|---|---|---|---|006|---|---|---|---|---|006|---|---|---|---|---|008|009|---|---|---|---|009|025|005|---|---|---|008|004|---|027|008|---|027|027|027|---|---|---|007|007|015|---|---|---|018|010|010|---|---|---|013|002|---|015|---|---|010|010|---|---|---|---|---|---|---|---|---|---|---|---|---|---|---|---|---|006|---|---|---|---|---|---|---|---|---|---|027|027|027|---|---|---|010|010|---|009|---|---|008|007|007|---|---|---|008|---|000|---|---|---|010|010|010|010|---|---|037|027|027|---|---|---|008|---|004|---|---|---|031|010|010|---|033|---|---|---|006|---|---|---|006|---|---|---|---|---|---|---|---|---|---|---|006|---|---|---|---|---|030|019|---|---|---|---|026|002|---|---|---|---|004|004|---|---|---|---|029|034|---|---|---|---|035|032|---|---|---|---|017|005|---|009|---|---|009|002|---|---|---|---|005|014|---|---|---|---|006|---|---|---|---|---|---|---|---|---|---|---|006|---|---|---|---|---|001|---|---|---|---|---|015|002|---|---|---|---|012|010|010|---|---|---|002|005|036|---|---|---|000|010|010|---|---|---|011|002|000|---|002|---|010|010|---|---|---|---|028|009|---|009|---|---|008|027|027|---|---|---|---|006|---|---|---|---|021|---|---|---|---|---|---|---|---|---|---|---|---|---|---|---|---|---|
0948: 003|024|010|---|---|---|023|036|036|---|---|---|---|000|020|---|---|---|009|---|010|010|---|---|015|027|027|---|---|---|016|016|016|---|---|---|022|000|---|---|---|---|004|036|---|---|---|---|---|---|---|---|---|---|---|006|---|---|---|---|006|---|---|---|---|---|006|---|---|---|---|---|008|009|---|010|010|---|009|025|005|---|---|---|008|004|---|027|008|---|027|027|027|---|---|---|007|007|015|---|---|---|018|010|010|---|---|---|013|---|---|015|---|---|010|010|010|---|---|---|---|---|---|---|---|---|---|---|---|---|---|---|006|006|---|---|---|---|---|---|---|---|---|---|027|027|027|---|---|---|010|010|002|009|---|---|008|007|007|---|---|---|008|---|000|---|---|---|010|010|010|010|---|---|037|027|027|---|---|---|008|---|004|---|---|---|031|010|010|---|033|---|---|---|006|---|---|---|006|---|---|---|---|---|021|---|---|---|---|---|006|---|---|---|---|---|---|019|---|---|---|---|026|002|---|---|---|---|004|004|---|030|---|---|029|034|---|---|---|---|035|032|---|---|---|---|017|005|---|009|---|---|009|002|---|---|---|---|005|014|---|---|---|---|006|---|---|---|---|---|---|---|---|---|---|---|006|---|---|---|---|---|001|---|---|---|---|---|015|002|---|---|---|---|012|010|010|---|---|---|002|005|036|---|---|---|000|010|010|---|---|---|011|002|000|---|002|---|010|010|---|---|---|---|028|009|---|009|---|---|008|027|027|---|---|---|---|006|---|---|---|---|---|---|---|---|---|---|---|---|---|---|---|---|---|---|---|---|---|---|
0946: 003|024|010|---|---|---|023|036|036|---|---|---|---|000|020|---|---|---|009|---|010|010|---|---|015|027|027|---|---|---|016|016|016|---|---|---|022|000|---|---|---|---|004|036|---|---|---|---|---|---|---|---|---|---|---|---|---|---|---|---|006|---|---|---|---|---|006|---|---|---|---|---|008|009|---|---|---|---|009|025|005|---|---|---|008|004|---|027|008|---|027|027|027|---|---|---|007|007|015|---|---|---|018|010|010|---|---|---|013|002|---|015|---|---|010|010|010|---|---|---|---|---|---|---|---|---|---|---|---|---|---|---|006|006|---|---|---|---|---|---|---|---|---|---|027|027|027|---|---|---|010|010|014|009|---|---|008|007|007|---|---|---|008|---|000|---|---|---|010|010|010|010|---|---|037|027|027|---|---|---|008|---|004|---|---|---|031|010|010|---|033|---|---|---|006|---|---|---|006|---|---|---|---|---|021|---|---|---|---|---|006|---|---|---|---|---|---|019|---|---|---|---|026|002|---|---|---|---|004|004|---|030|---|---|029|034|---|---|---|---|035|032|---|---|---|---|017|005|---|009|---|---|009|002|---|---|---|---|005|---|---|---|---|---|006|---|---|---|---|---|---|---|---|---|---|---|006|---|---|---|---|---|001|---|---|---|---|---|015|002|---|---|---|---|012|010|010|---|---|---|002|005|036|---|---|---|000|010|010|---|---|---|011|002|000|---|002|---|010|010|---|---|---|---|028|009|---|009|---|---|008|027|027|---|---|---|---|006|---|---|---|---|---|---|---|---|---|---|---|---|---|---|---|---|---|---|---|---|---|---|
0946: 003|024|010|---|---|---|023|036|036|---|---|---|---|000|020|---|---|---|009|---|010|010|---|---|015|027|027|---|---|---|016|016|016|---|---|---|022|000|---|---|---|---|004|036|---|---|---|---|---|---|---|---|---|---|---|006|---|---|---|---|006|---|---|---|---|---|006|---|---|---|---|---|008|009|---|010|010|---|009|025|005|---|---|---|008|004|---|027|008|---|027|027|027|---|---|---|007|007|015|---|---|---|018|010|010|---|---|---|013|---|---|015|---|---|010|010|010|---|---|---|---|---|---|---|---|---|---|---|---|---|---|---|006|006|---|---|---|---|---|---|---|---|---|---|027|027|027|---|---|---|010|010|002|009|---|---|008|007|007|---|---|---|008|---|000|---|---|---|010|010|010|010|---|---|037|027|027|---|---|---|008|---|004|---|---|---|031|010|010|---|033|---|---|---|006|---|---|---|006|---|---|---|---|---|021|---|---|---|---|---|006|---|---|---|---|---|---|019|---|---|---|---|026|002|---|---|---|---|004|004|---|---|---|---|029|034|---|---|---|---|035|032|---|---|---|---|017|005|---|009|---|---|009|002|---|---|030|---|005|014|---|---|---|---|006|---|---|---|---|---|---|---|---|---|---|---|006|---|---|---|---|---|001|---|---|---|---|---|015|002|---|---|---|---|012|010|010|---|---|---|002|005|036|---|---|---|000|010|010|---|---|---|011|002|000|---|002|---|010|010|---|---|---|---|028|009|---|009|---|---|008|027|027|---|---|---|---|006|---|---|---|---|---|---|---|---|---|---|---|---|---|---|---|---|---|---|---|---|---|---|
0946: 003|024|010|---|---|---|023|036|036|---|---|---|---|000|020|---|---|---|009|---|010|010|---|---|015|027|027|---|---|---|016|016|016|---|---|---|022|000|---|---|---|---|004|036|---|---|---|---|---|---|---|---|---|---|---|006|---|---|---|---|006|---|---|---|---|---|006|---|---|---|---|---|008|009|---|010|010|---|009|025|005|---|---|---|008|004|---|027|008|---|027|027|027|---|---|---|007|007|015|---|---|---|018|010|010|---|---|---|013|---|---|015|---|---|010|010|010|---|---|---|---|---|---|---|---|---|---|---|---|---|---|---|006|006|---|---|---|---|---|---|---|---|---|---|027|027|027|---|---|---|010|010|002|009|---|---|008|007|007|---|---|---|008|---|000|---|---|---|010|010|010|010|---|---|---|027|027|---|---|---|008|037|004|---|---|---|031|010|010|---|033|---|---|---|006|---|---|---|006|---|---|---|---|---|021|---|---|---|---|---|006|---|---|---|---|---|---|019|---|---|---|---|026|002|---|---|---|---|004|004|---|030|---|---|029|034|---|---|---|---|035|032|---|---|---|---|017|005|---|009|---|---|009|002|---|---|---|---|005|014|---|---|---|---|006|---|---|---|---|---|---|---|---|---|---|---|006|---|---|---|---|---|001|---|---|---|---|---|015|002|---|---|---|---|012|010|010|---|---|---|002|005|036|---|---|---|000|010|010|---|---|---|011|002|000|---|002|---|010|010|---|---|---|---|028|009|---|009|---|---|008|027|027|---|---|---|---|006|---|---|---|---|---|---|---|---|---|---|---|---|---|---|---|---|---|---|---|---|---|---|
0944: 003|024|010|---|---|---|023|036|036|---|---|---|---|000|020|033|---|---|009|---|010|010|---|---|015|027|027|---|---|---|016|016|016|---|---|---|022|000|---|---|---|---|004|036|---|---|---|---|---|---|---|---|---|---|---|---|---|---|---|---|006|---|---|---|---|---|006|---|---|---|---|---|008|009|---|---|---|---|009|025|005|---|---|---|008|004|---|027|008|---|027|027|027|---|---|---|007|007|015|---|---|---|018|010|010|---|---|---|013|002|---|015|---|---|010|010|002|---|---|---|---|---|006|---|---|---|---|---|---|---|---|---|---|006|---|---|---|---|---|---|---|---|---|---|027|027|027|---|---|---|010|010|---|009|---|---|008|007|007|---|---|---|008|---|000|---|---|---|010|010|010|010|---|---|037|027|027|---|---|---|008|012|004|---|---|---|031|010|010|---|---|---|---|---|006|---|---|---|006|---|---|---|---|---|021|---|---|---|---|---|006|---|---|---|---|---|---|019|---|---|---|---|026|002|---|---|---|---|004|004|---|030|---|---|029|034|---|---|---|---|035|032|---|---|---|---|017|005|---|009|---|---|009|002|---|---|---|---|005|014|---|---|---|---|006|---|---|---|---|---|---|---|---|---|---|---|006|---|---|---|---|---|001|---|---|---|---|---|015|002|---|---|---|---|---|010|010|---|---|---|002|005|036|---|---|---|000|010|010|---|---|---|011|002|000|---|002|---|010|010|---|---|---|---|028|009|---|009|---|---|008|027|027|---|---|---|---|006|---|---|---|---|---|---|---|---|---|---|---|---|---|---|---|---|---|---|---|---|---|---|
0944: 003|024|010|---|---|---|023|036|036|---|---|---|---|000|020|---|---|---|009|---|010|010|---|---|015|027|027|---|---|---|016|016|016|---|---|---|022|000|---|---|---|---|004|036|---|---|---|---|---|---|---|---|---|---|---|006|---|---|---|---|006|---|---|---|---|---|006|---|---|---|---|---|008|009|---|010|010|---|009|025|005|---|---|---|008|004|---|027|008|---|027|027|027|---|---|---|007|007|015|---|---|---|018|010|010|---|---|---|013|---|---|015|---|---|010|010|010|---|---|---|---|---|---|---|---|---|---|---|---|---|---|---|006|006|---|---|---|---|---|---|---|---|---|---|027|027|027|---|---|---|010|010|002|009|---|---|008|007|007|---|---|---|008|---|000|---|---|---|010|010|010|010|---|---|---|027|027|---|---|---|008|037|004|---|---|---|031|010|010|---|033|---|---|---|006|---|---|---|006|---|---|---|---|---|021|---|---|---|---|---|006|---|---|---|---|---|---|019|---|---|---|---|026|002|---|---|---|---|004|004|---|030|---|---|029|034|---|---|---|---|035|032|---|---|---|---|017|005|---|009|---|---|009|002|---|---|---|---|005|014|---|---|---|---|006|---|---|---|---|---|---|---|---|---|---|---|006|---|---|---|---|---|001|---|---|---|---|---|015|002|---|004|---|---|012|010|010|---|---|---|002|005|036|---|---|---|000|010|010|---|---|---|011|002|000|---|002|---|010|010|---|---|---|---|028|009|---|009|---|---|008|027|027|---|---|---|---|006|---|---|---|---|---|---|---|---|---|---|---|---|---|---|---|---|---|---|---|---|---|---|
0944: 003|024|010|---|---|---|023|036|036|---|---|---|---|000|020|---|---|---|009|---|010|010|---|---|015|027|027|---|---|---|016|016|016|---|---|---|022|000|---|---|---|---|004|036|---|---|---|---|---|---|---|---|---|---|---|---|---|---|---|---|006|---|---|---|---|---|006|---|---|---|---|---|008|009|---|---|---|---|009|025|005|---|---|---|008|004|---|027|008|---|027|027|027|---|---|---|007|007|015|---|---|---|018|010|010|---|---|---|013|002|---|015|---|---|010|010|010|---|---|---|---|---|---|---|---|---|---|---|---|---|---|---|006|006|---|---|---|---|---|---|---|---|---|---|027|027|027|---|---|---|010|010|017|009|---|---|008|007|007|---|---|---|008|---|000|---|---|---|010|010|010|010|---|---|037|027|027|---|---|---|008|---|004|---|---|---|031|010|010|---|033|---|---|---|006|---|---|---|006|---|---|---|---|---|021|---|---|---|---|---|006|---|---|---|---|---|---|019|---|---|---|---|026|002|---|---|---|---|004|004|---|030|---|---|029|034|---|---|---|---|035|032|---|---|---|---|---|005|---|009|---|---|009|002|---|---|---|---|005|014|---|---|---|---|006|---|---|---|---|---|---|---|---|---|---|---|006|---|---|---|---|---|001|---|---|---|---|---|015|002|---|---|---|---|012|010|010|---|---|---|002|005|036|---|---|---|000|010|010|---|---|---|011|002|000|---|002|---|010|010|---|---|---|---|028|009|---|009|---|---|008|027|027|---|---|---|---|006|---|---|---|---|---|---|---|---|---|---|---|---|---|---|---|---|---|---|---|---|---|---|
0944: 003|024|010|---|---|---|023|036|036|---|---|---|---|000|020|---|---|---|009|---|010|010|---|---|015|027|027|---|---|---|016|016|016|---|---|---|022|000|---|---|---|---|004|036|---|---|---|---|---|---|---|---|---|---|---|---|---|---|---|---|006|---|---|---|---|---|006|---|---|---|---|---|008|009|---|010|010|---|009|025|005|---|---|---|008|004|---|027|008|---|027|027|027|---|---|---|007|007|015|---|---|---|018|010|010|---|---|---|013|002|---|015|---|---|010|010|010|---|---|---|---|---|---|---|---|---|---|---|---|---|---|---|006|006|---|---|---|---|---|---|---|---|---|---|027|027|027|---|---|---|010|010|---|009|---|---|008|007|007|---|---|---|008|---|000|---|---|---|010|010|010|010|---|---|037|027|027|---|---|---|008|---|004|---|---|---|031|010|010|---|033|---|---|---|006|---|---|---|006|---|---|---|---|---|021|---|---|---|---|---|006|---|---|---|---|---|---|019|---|---|---|---|026|002|---|---|---|---|004|004|---|030|---|---|029|034|---|---|---|---|035|032|---|---|---|---|017|005|---|009|---|---|009|002|---|---|---|---|005|014|---|---|---|---|006|---|---|---|---|---|---|---|---|---|---|---|006|---|---|---|---|---|001|---|---|---|---|---|015|002|---|---|---|---|012|010|010|---|---|---|002|005|036|---|---|---|000|010|010|---|---|---|011|002|000|---|002|---|010|010|---|---|---|---|028|009|---|009|---|---|008|027|027|---|---|---|---|006|---|---|---|---|---|---|---|---|---|---|---|---|---|---|---|---|---|---|---|---|---|---|
0944: 003|024|010|---|---|---|023|036|036|---|---|---|---|---|020|---|---|---|009|---|010|010|---|---|015|027|027|---|---|---|016|016|016|---|---|---|022|000|---|---|---|---|004|036|---|---|---|---|---|---|---|---|---|---|---|---|---|---|---|---|006|---|---|---|---|---|006|---|---|---|---|---|008|009|---|010|010|---|009|025|005|---|---|---|008|004|---|027|008|---|027|027|027|---|---|---|007|007|015|---|---|---|018|010|010|---|---|---|013|002|---|015|---|---|010|010|010|---|---|---|---|---|---|---|---|---|---|---|---|---|---|---|006|006|---|---|---|---|---|---|---|---|---|---|027|027|027|---|---|---|010|010|---|009|---|---|008|007|007|---|---|---|008|000|000|---|---|---|010|010|010|010|---|---|037|027|027|---|---|---|008|---|004|---|---|---|031|010|010|---|033|---|---|---|006|---|---|---|006|---|---|---|---|---|021|---|---|---|---|---|006|---|---|---|---|---|---|019|---|---|---|---|026|002|---|---|---|---|004|004|---|030|---|---|029|034|---|---|---|---|035|032|---|---|---|---|017|005|---|009|---|---|009|002|---|---|---|---|005|014|---|---|---|---|006|---|---|---|---|---|---|---|---|---|---|---|006|---|---|---|---|---|001|---|---|---|---|---|015|002|---|---|---|---|012|010|010|---|---|---|002|005|036|---|---|---|000|010|010|---|---|---|011|002|000|---|002|---|010|010|---|---|---|---|028|009|---|009|---|---|008|027|027|---|---|---|---|006|---|---|---|---|---|---|---|---|---|---|---|---|---|---|---|---|---|---|---|---|---|---|
0942: 003|024|010|---|---|---|023|036|036|---|---|---|---|000|020|---|---|---|009|---|010|010|---|---|015|027|027|---|---|---|016|016|016|---|---|---|---|000|---|---|---|---|004|036|---|---|---|---|---|---|---|---|---|---|---|---|---|---|---|---|006|---|---|---|---|---|006|---|---|---|---|---|008|009|---|010|010|---|009|025|005|---|---|---|008|004|---|027|008|---|027|027|027|---|---|---|007|007|015|---|---|---|018|010|010|---|---|---|013|002|---|015|---|---|010|010|010|---|---|---|---|---|---|---|---|---|---|---|---|---|---|---|006|006|---|---|---|---|---|---|---|---|---|---|027|027|027|---|---|---|010|010|---|009|---|---|008|007|007|---|---|---|008|---|000|---|---|---|010|010|010|010|---|---|037|027|027|015|---|---|008|---|004|---|---|---|031|010|010|---|033|---|---|---|006|---|---|---|006|---|---|---|---|---|021|---|---|---|---|---|006|---|---|---|---|---|022|019|---|---|---|---|026|002|---|---|---|---|004|004|---|030|---|---|029|034|---|---|---|---|035|032|---|---|---|---|017|005|---|009|---|---|009|002|---|---|---|---|005|014|---|---|---|---|006|---|---|---|---|---|---|---|---|---|---|---|006|---|---|---|---|---|001|---|---|---|---|---|015|002|---|---|---|---|012|010|010|---|---|---|002|005|036|---|---|---|000|010|010|---|---|---|011|002|000|---|002|---|010|010|---|---|---|---|028|009|---|009|---|---|008|027|027|---|---|---|---|006|---|---|---|---|---|---|---|---|---|---|---|---|---|---|---|---|---|---|---|---|---|---|
0942: 003|024|010|---|---|---|023|036|036|---|---|---|---|000|020|---|---|---|009|---|010|010|---|---|015|027|027|---|---|---|016|016|016|---|---|---|022|000|---|---|---|---|004|036|---|---|---|---|---|---|---|---|---|---|---|006|---|---|---|---|006|---|---|---|---|---|006|---|---|---|---|---|008|009|---|010|010|---|009|025|005|---|---|---|008|004|---|027|008|---|027|027|027|---|---|---|007|007|015|---|---|---|018|010|010|---|---|---|013|---|---|015|---|---|010|010|010|---|---|---|---|---|---|---|---|---|---|---|---|---|---|---|006|006|---|---|---|---|---|---|---|---|---|---|027|027|027|---|---|---|010|010|002|009|---|---|008|007|007|---|---|---|008|---|000|---|---|---|010|010|010|010|---|---|---|027|027|---|---|---|008|037|004|---|---|---|031|010|010|---|033|---|---|---|006|---|---|---|006|---|---|---|---|---|021|---|---|---|---|---|006|---|---|---|---|---|---|019|---|---|---|---|026|002|---|---|---|---|004|004|---|030|---|---|029|034|---|---|---|---|035|032|---|---|---|---|017|005|---|009|---|---|009|002|---|---|---|---|005|014|---|---|---|---|006|---|---|006|---|---|---|---|---|---|---|---|006|---|---|---|---|---|001|---|---|---|---|---|015|002|---|004|---|---|012|010|010|---|---|---|002|005|036|---|---|---|000|010|010|---|---|---|011|002|000|---|002|---|010|010|---|---|---|---|028|009|---|009|---|---|008|027|027|---|---|---|---|006|---|---|---|---|---|---|---|---|---|---|---|---|---|---|---|---|---|---|---|---|---|---|
0942: 003|024|010|---|---|---|023|036|036|---|---|---|---|000|020|---|---|---|009|---|010|010|---|---|015|027|027|---|---|---|016|016|016|---|---|---|022|000|---|---|---|---|004|036|---|---|---|---|---|---|---|---|---|---|---|---|---|---|---|---|---|---|---|---|---|---|006|---|---|---|---|---|008|009|---|---|---|---|009|025|005|---|---|---|008|004|---|027|008|---|027|027|027|---|---|---|007|007|015|---|---|---|018|010|010|---|---|---|013|002|---|015|---|---|010|010|010|---|---|---|---|---|---|---|---|---|---|---|---|---|---|---|006|006|---|---|---|---|---|---|---|---|---|---|027|027|027|---|---|---|010|010|017|009|---|---|008|007|007|---|---|---|008|---|000|---|---|---|010|010|010|010|---|---|037|027|027|---|---|---|008|---|004|---|---|---|031|010|010|---|033|---|---|---|006|---|---|---|006|---|---|---|---|---|021|---|---|---|---|---|006|---|---|---|---|---|---|019|---|---|---|---|026|002|---|---|---|---|004|004|---|030|---|---|029|034|---|---|---|---|035|032|---|---|---|---|---|005|---|009|---|---|009|002|---|---|---|---|005|014|---|---|---|---|006|---|---|---|---|---|---|---|---|---|---|---|006|---|---|---|---|---|001|---|---|---|---|---|015|002|---|---|---|---|012|010|010|---|---|---|002|005|036|---|---|---|000|010|010|---|---|---|011|002|000|---|002|---|010|010|---|---|---|---|028|009|---|009|---|---|008|027|027|---|---|---|---|006|---|---|---|---|---|---|---|---|---|---|---|006|---|---|---|---|---|---|---|---|---|---|
0942: 003|024|010|---|---|---|023|036|036|---|---|---|---|000|020|---|---|---|009|---|010|010|---|---|015|027|027|---|---|---|016|016|016|---|---|---|022|000|---|---|---|---|004|036|---|---|---|---|---|---|---|---|---|---|---|---|---|---|---|---|006|---|---|---|---|---|006|---|---|---|---|---|008|009|---|---|---|---|009|025|005|---|---|---|008|004|---|027|008|---|027|027|027|---|---|---|007|007|015|---|---|---|018|010|010|---|---|---|013|002|---|015|---|---|010|010|010|---|---|---|---|---|---|---|---|---|---|---|---|---|---|---|006|006|---|---|---|---|---|---|---|---|---|---|027|027|027|---|---|---|010|010|---|009|---|---|008|007|007|---|---|---|008|---|000|---|---|---|010|010|010|010|---|---|037|027|027|---|---|---|008|---|004|---|---|---|031|010|010|---|033|---|---|---|006|---|---|---|006|---|---|---|---|---|021|---|---|---|---|---|006|---|---|---|---|---|---|019|---|---|---|---|026|002|---|---|---|---|004|004|---|030|---|---|029|034|---|---|---|---|035|032|---|---|---|---|017|005|---|009|---|---|009|002|---|---|---|---|005|---|---|---|014|---|006|---|---|---|---|---|---|---|---|---|---|---|006|---|---|---|---|---|001|---|---|---|---|---|015|002|---|---|---|---|012|010|010|---|---|---|002|005|036|---|---|---|000|010|010|---|---|---|011|002|000|---|002|---|010|010|---|---|---|---|028|009|---|009|---|---|008|027|027|---|---|---|---|006|---|---|---|---|---|---|---|---|---|---|---|---|---|---|---|---|---|---|006|---|---|---|
0942: 003|024|010|---|---|---|023|036|036|---|---|---|---|000|020|---|---|---|009|---|010|010|---|---|015|027|027|---|---|---|016|016|016|---|---|---|---|000|---|---|---|---|004|036|022|---|---|---|---|---|---|---|---|---|---|006|---|---|---|---|006|---|---|---|---|---|006|---|---|---|---|---|008|009|---|010|010|---|009|025|005|---|---|---|008|004|---|027|008|---|027|027|027|---|---|---|007|007|015|---|---|---|018|010|010|---|---|---|013|---|---|015|---|---|010|010|010|---|---|---|---|---|---|---|---|---|---|---|---|---|---|---|006|006|---|---|---|---|---|---|---|---|---|---|027|027|027|---|---|---|010|010|002|009|---|---|008|007|007|---|---|---|008|---|000|---|---|---|010|010|010|010|---|---|037|027|027|---|---|---|008|---|004|---|---|---|031|010|010|---|033|---|---|---|006|---|---|---|006|---|---|---|---|---|021|---|---|---|---|---|006|---|---|---|---|---|---|019|---|---|---|---|026|002|---|---|---|---|004|004|---|030|---|---|029|034|---|---|---|---|035|032|---|---|---|---|017|005|---|009|---|---|009|002|---|---|---|---|005|014|---|---|---|---|006|---|---|---|---|---|---|---|---|---|---|---|006|---|---|---|---|---|001|---|---|---|---|---|015|002|---|---|---|---|012|010|010|---|---|---|002|005|036|---|---|---|000|010|010|---|---|---|011|002|000|---|002|---|010|010|---|---|---|---|028|009|---|009|---|---|008|027|027|---|---|---|---|006|---|---|---|---|---|---|---|---|---|---|---|---|---|---|---|---|---|---|---|---|---|---|
0942: 013|024|010|---|---|---|023|036|036|---|---|---|019|000|020|---|---|---|009|---|010|010|---|---|015|027|027|---|---|---|---|016|016|---|033|---|022|000|---|---|---|---|016|016|016|---|---|---|---|---|---|---|---|---|---|---|---|---|---|---|006|---|---|---|---|---|006|---|---|---|---|---|008|009|---|---|---|---|009|025|005|---|---|---|008|004|---|027|008|---|027|027|027|---|---|---|007|007|015|---|---|---|018|010|010|---|---|---|---|002|---|015|---|---|010|010|---|---|---|---|---|---|---|---|---|---|---|---|---|---|---|---|---|006|---|---|---|---|---|---|---|---|---|---|027|027|027|---|---|---|010|010|---|009|---|---|008|007|007|---|---|---|008|030|000|---|---|---|010|010|010|010|---|---|037|027|027|---|---|---|008|---|004|---|---|---|031|010|010|---|---|---|---|---|006|---|---|---|006|---|---|---|---|---|021|---|---|---|---|---|006|---|---|---|---|---|003|---|---|---|---|---|026|002|---|---|---|---|004|004|---|---|---|---|029|034|---|---|---|---|035|032|---|---|---|---|017|005|---|009|---|---|009|002|---|---|---|---|005|014|---|---|---|---|006|006|---|---|---|---|---|---|---|---|---|---|006|---|---|---|---|---|001|---|---|---|---|---|015|002|---|---|---|---|012|010|010|---|---|---|002|---|036|---|---|---|000|010|010|---|---|---|011|002|000|---|002|---|010|010|---|---|---|---|028|009|---|009|---|---|008|027|027|---|---|---|---|006|---|---|---|---|---|---|---|---|---|---|---|---|---|---|---|---|---|---|---|---|---|---|
0942: 003|024|010|---|---|---|023|019|036|---|---|---|---|000|020|---|---|---|009|---|010|010|---|---|015|027|027|---|---|---|016|016|016|---|---|---|022|000|---|---|---|---|004|036|036|036|---|---|---|---|---|---|---|---|---|006|---|---|---|---|006|---|---|---|---|---|006|---|---|---|---|---|008|009|---|010|010|---|009|025|005|---|---|---|008|004|---|027|008|---|027|027|027|---|---|---|007|007|015|---|---|---|018|010|010|---|---|---|013|---|---|015|---|---|010|010|010|---|---|---|---|---|---|---|---|---|---|---|---|---|---|---|006|006|---|---|---|---|---|---|---|---|---|---|027|027|027|---|---|---|010|010|002|009|---|---|008|007|007|---|---|---|008|---|000|---|---|---|010|010|010|010|---|---|037|027|027|---|---|---|008|---|004|---|---|---|031|010|010|---|033|---|---|---|006|---|---|---|006|---|---|---|---|---|021|---|---|---|---|---|006|---|---|---|---|---|---|---|---|---|---|---|026|002|---|---|---|---|004|004|---|030|---|---|029|034|---|---|---|---|035|032|---|---|---|---|017|005|---|009|---|---|009|002|---|---|---|---|005|014|---|---|---|---|006|---|---|---|---|---|---|---|---|---|---|---|006|---|---|---|---|---|001|---|---|---|---|---|015|002|---|---|---|---|012|010|010|---|---|---|002|005|036|---|---|---|000|010|010|---|---|---|011|002|000|---|002|---|010|010|---|---|---|---|028|009|---|009|---|---|008|027|027|---|---|---|---|006|---|---|---|---|---|---|---|---|---|---|---|---|---|---|---|---|---|---|---|---|---|---|
0942: 003|024|010|---|---|---|023|036|036|---|---|---|---|000|020|033|---|---|009|---|010|010|---|---|015|027|027|---|---|---|016|016|016|---|---|---|022|000|---|---|---|---|004|036|---|---|---|---|---|---|---|---|---|---|---|---|---|---|---|---|006|---|---|---|---|---|006|---|---|---|---|---|008|009|---|---|---|---|009|025|005|---|---|---|008|004|---|027|008|---|027|027|027|---|---|---|007|007|015|---|---|---|018|010|010|---|---|---|013|002|---|015|---|---|010|010|002|---|---|---|---|---|006|---|---|---|---|---|---|---|---|---|---|006|---|---|---|---|---|---|---|---|---|---|027|027|027|---|---|---|010|010|---|009|---|---|008|007|007|---|---|---|008|---|000|---|---|---|010|010|010|010|---|---|037|027|027|---|---|---|008|012|004|---|---|---|031|010|010|---|---|---|---|---|006|---|---|---|006|---|---|---|---|---|021|---|---|---|---|---|006|---|---|---|---|---|---|019|---|---|---|---|026|002|---|---|---|---|004|004|---|030|---|---|029|034|---|---|---|---|035|032|---|---|---|---|017|005|---|009|---|---|009|002|---|---|---|---|005|014|---|---|---|---|006|---|---|---|---|---|---|---|---|---|---|---|006|---|---|---|---|---|001|---|---|---|---|---|015|002|---|---|---|---|---|010|010|---|---|---|002|005|036|---|---|---|000|010|010|---|---|---|011|002|000|---|002|---|010|010|---|---|---|---|028|009|---|009|---|---|008|027|027|---|---|---|---|006|---|---|---|---|---|---|---|---|---|---|---|---|---|006|---|---|---|---|---|---|---|---|
</DebugTrace>
      </Output>
    </UnitTestResult>
  </Results>
</TestRun>