<?xml version="1.0" encoding="UTF-8"?>
<TestRun id="c00097be-d68f-4f91-8f84-63b118ab6e67" name="FloLap@FLOLAP-PC 2011-10-19 16:11:14" runUser="FloLap-PC\FloLap" xmlns="http://microsoft.com/schemas/VisualStudio/TeamTest/2010">
  <TestSettings name="Lokal" id="6ed96bb3-d821-4eee-a79d-3a3069da9890">
    <Description>Dies sind die standardmäßigen Testeinstellungen für einen lokalen Testlauf.</Description>
    <Deployment enabled="false" runDeploymentRoot="FloLap_FLOLAP-PC 2011-10-19 16_11_14">
      <DeploymentItem filename="E:\HsKA\Semester2\Projektarbeit\Stundenplangenerator\TimetablePlanner\TimetablePlanner\bin\Debug\TimetablePlanner.dll" />
    </Deployment>
    <Execution>
      <TestTypeSpecific />
      <AgentRule name="Execution Agents">
      </AgentRule>
    </Execution>
  </TestSettings>
  <Times creation="2011-10-19T16:11:14.0217100+02:00" queuing="2011-10-19T16:11:15.0669119+02:00" start="2011-10-19T16:11:15.1761120+02:00" finish="2011-10-19T16:11:21.4161230+02:00" />
  <ResultSummary outcome="Completed">
    <Counters total="1" executed="1" passed="1" error="0" failed="0" timeout="0" aborted="0" inconclusive="0" passedButRunAborted="0" notRunnable="0" notExecuted="0" disconnected="0" warning="0" completed="0" inProgress="0" pending="0" />
  </ResultSummary>
  <TestDefinitions>
    <UnitTest name="createTimetableInstanceTest" storage="e:\hska\semester2\projektarbeit\stundenplangenerator\timetableplanner\timetableplannertests\bin\debug\timetableplannertests.dll" id="ab441b29-9837-01bf-f43f-7839c8f73716">
      <Execution id="e96690b6-2e84-4272-8d62-a410bbe3663e" />
      <TestMethod codeBase="E:/HsKA/Semester2/Projektarbeit/Stundenplangenerator/TimetablePlanner/TimetablePlannerTests/bin/Debug/TimetablePlannerTests.DLL" adapterTypeName="Microsoft.VisualStudio.TestTools.TestTypes.Unit.UnitTestAdapter, Microsoft.VisualStudio.QualityTools.Tips.UnitTest.Adapter, Version=10.0.0.0, Culture=neutral, PublicKeyToken=b03f5f7f11d50a3a" className="TimetablePlannerTests.TimetableTest, TimetablePlannerTests, Version=1.0.0.0, Culture=neutral, PublicKeyToken=null" name="createTimetableInstanceTest" />
    </UnitTest>
  </TestDefinitions>
  <TestLists>
    <TestList name="Nicht in einer Liste enthaltene Ergebnisse" id="8c84fa94-04c1-424b-9868-57a2d4851a1d" />
    <TestList name="Alle geladenen Ergebnisse" id="19431567-8539-422a-85d7-44ee4e166bda" />
  </TestLists>
  <TestEntries>
    <TestEntry testId="ab441b29-9837-01bf-f43f-7839c8f73716" executionId="e96690b6-2e84-4272-8d62-a410bbe3663e" testListId="8c84fa94-04c1-424b-9868-57a2d4851a1d" />
  </TestEntries>
  <Results>
    <UnitTestResult executionId="e96690b6-2e84-4272-8d62-a410bbe3663e" testId="ab441b29-9837-01bf-f43f-7839c8f73716" testName="createTimetableInstanceTest" computerName="FLOLAP-PC" duration="00:00:04.8990199" startTime="2011-10-19T16:11:15.2229121+02:00" endTime="2011-10-19T16:11:21.3225228+02:00" testType="13cdc9d9-ddb5-4fa4-a97d-d965ccfc6d4b" outcome="Passed" testListId="8c84fa94-04c1-424b-9868-57a2d4851a1d" relativeResultsDirectory="e96690b6-2e84-4272-8d62-a410bbe3663e">
      <Output>
        <DebugTrace>Time to create population of size 75: 686ms
844
843
825
817
813
805
775
773
766
764
763
762
761
737
732
731
725
722
720
717
716
716
714
713
713
702
702
696
695
693
693
687
687
684
681
678
677
674
672
670
669
666
666
664
664
661
660
655
654
652
648
647
645
642
642
640
640
637
637
630
629
628
625
625
624
617
616
612
605
580
580
562
562
551
526
Early abort after 135 generations.
Mean time per generation: 27ms
0000-&gt;0001: 53
0001-&gt;0002: 38
0002-&gt;0003: 31
0003-&gt;0004: 25
0004-&gt;0005: 16
0005-&gt;0006: 13
0006-&gt;0007: 15
0007-&gt;0008: 12
0008-&gt;0009: 11
0009-&gt;0010: 9
0010-&gt;0011: 13
0011-&gt;0012: 15
0012-&gt;0013: 13
0013-&gt;0014: 11
0014-&gt;0015: 7
0015-&gt;0016: 7
0016-&gt;0017: 5
0017-&gt;0018: 5
0018-&gt;0019: 5
0019-&gt;0020: 4
0020-&gt;0021: 4
0021-&gt;0022: 3
0022-&gt;0023: 4
0023-&gt;0024: 4
0024-&gt;0025: 4
0025-&gt;0026: 4
0026-&gt;0027: 3
0027-&gt;0028: 3
0028-&gt;0029: 3
0029-&gt;0030: 2
0030-&gt;0031: 3
0031-&gt;0032: 4
0032-&gt;0033: 3
0033-&gt;0034: 3
0034-&gt;0035: 4
0035-&gt;0036: 3
0036-&gt;0037: 3
0037-&gt;0038: 2
0038-&gt;0039: 1
0039-&gt;0040: 2
0040-&gt;0041: 2
0041-&gt;0042: 2
0042-&gt;0043: 2
0043-&gt;0044: 2
0044-&gt;0045: 2
0045-&gt;0046: 2
0046-&gt;0047: 2
0047-&gt;0048: 2
0048-&gt;0049: 3
0049-&gt;0050: 2
0050-&gt;0051: 2
0051-&gt;0052: 1
0052-&gt;0053: 1
0053-&gt;0054: 2
0054-&gt;0055: 1
0055-&gt;0056: 1
0056-&gt;0057: 1
0057-&gt;0058: 1
0058-&gt;0059: 1
0059-&gt;0060: 1
0060-&gt;0061: 1
0061-&gt;0062: 1
0062-&gt;0063: 1
0063-&gt;0064: 1
0064-&gt;0065: 1
0065-&gt;0066: 2
0066-&gt;0067: 0
0067-&gt;0068: 2
0068-&gt;0069: 0
0069-&gt;0070: 1
0070-&gt;0071: 1
0071-&gt;0072: 1
0072-&gt;0073: 1
0073-&gt;0074: 0
0074-&gt;0075: 1
0075-&gt;0076: 1
0076-&gt;0077: 1
0077-&gt;0078: 0
0078-&gt;0079: 1
0079-&gt;0080: 1
0080-&gt;0081: 1
0081-&gt;0082: 1
0082-&gt;0083: 1
0083-&gt;0084: 1
0084-&gt;0085: 1
0085-&gt;0086: 1
0086-&gt;0087: 1
0087-&gt;0088: 1
0088-&gt;0089: 1
0089-&gt;0090: 0
0090-&gt;0091: 1
0091-&gt;0092: 1
0092-&gt;0093: 1
0093-&gt;0094: 2
0094-&gt;0095: 1
0095-&gt;0096: 1
0096-&gt;0097: 1
0097-&gt;0098: 0
0098-&gt;0099: 1
0099-&gt;0100: 0
0100-&gt;0101: 1
0101-&gt;0102: 0
0102-&gt;0103: 1
0103-&gt;0104: 1
0104-&gt;0105: 1
0105-&gt;0106: 0
0106-&gt;0107: 1
0107-&gt;0108: 1
0108-&gt;0109: 0
0109-&gt;0110: 1
0110-&gt;0111: 0
0111-&gt;0112: 1
0112-&gt;0113: 0
0113-&gt;0114: 0
0114-&gt;0115: 1
0115-&gt;0116: 0
0116-&gt;0117: 1
0117-&gt;0118: 1
0118-&gt;0119: 0
0119-&gt;0120: 0
0120-&gt;0121: 0
0121-&gt;0122: 1
0122-&gt;0123: 0
0123-&gt;0124: 0
0124-&gt;0125: 1
0125-&gt;0126: 0
0126-&gt;0127: 0
0127-&gt;0128: 0
0128-&gt;0129: 0
0129-&gt;0130: 0
0130-&gt;0131: 0
0131-&gt;0132: 0
0132-&gt;0133: 0
0133-&gt;0134: 0
0134-&gt;0135: 0
0135-&gt;0136: 0
Evolution time: 3884ms
1140
1137
1137
1137
1137
1137
1137
1137
1137
1137
1137
1137
1137
1137
1137
1137
1137
1137
1137
1137
1137
1137
1137
1134
1134
1134
1134
1134
1134
1134
1134
1134
1134
1134
1134
1134
1134
1134
1134
1134
1134
1134
1134
1134
1134
1134
1134
1134
1134
1134
1134
1134
1134
1134
1134
1134
1134
1134
1134
1134
1134
1134
1134
1134
1134
1134
1134
1134
1134
1134
1134
1134
1134
1134
1134

Group 0
Block 0: 003 009 001 004 010 
Block 1: 006 008 005 012 011 
Block 2: 000 007 --- 012 002 
Block 3: --- --- --- --- --- 
Block 4: --- --- --- --- --- 
Block 5: --- --- --- --- --- 

Group 1
Block 0: 018 025 022 020 017 
Block 1: 018 025 019 023 017 
Block 2: 015 025 --- 016 024 
Block 3: 014 --- 021 013 --- 
Block 4: --- --- --- --- --- 
Block 5: --- --- --- --- --- 

Group 2
Block 0: 026 --- 031 028 029 
Block 1: 030 027 032 035 033 
Block 2: 034 036 --- --- --- 
Block 3: --- 036 --- --- --- 
Block 4: --- 036 --- --- --- 
Block 5: --- --- --- --- --- 

Group 3
Block 0: 037 039 040 043 038 
Block 1: 041 044 --- 042 --- 
Block 2: --- --- --- --- --- 
Block 3: --- --- 045 --- --- 
Block 4: 046 --- 045 --- --- 
Block 5: --- --- --- --- --- 
</DebugTrace>
      </Output>
    </UnitTestResult>
  </Results>
</TestRun>