<?xml version="1.0" encoding="UTF-8"?>
<TestRun id="4c241c08-e74a-4103-85cb-31ca814cf341" name="FloLap@FLOLAP-PC 2011-11-09 15:24:03" runUser="FloLap-PC\FloLap" xmlns="http://microsoft.com/schemas/VisualStudio/TeamTest/2010">
  <TestSettings name="Lokal" id="6ed96bb3-d821-4eee-a79d-3a3069da9890">
    <Description>Dies sind die standardmäßigen Testeinstellungen für einen lokalen Testlauf.</Description>
    <Deployment enabled="false" runDeploymentRoot="FloLap_FLOLAP-PC 2011-11-09 15_24_03">
      <DeploymentItem filename="E:\HsKA\Semester2\Projektarbeit\Stundenplangenerator\TimetablePlanner\TimetablePlanner\bin\Debug\TimetablePlanner.dll" />
    </Deployment>
    <Execution>
      <TestTypeSpecific />
      <AgentRule name="Execution Agents">
      </AgentRule>
    </Execution>
  </TestSettings>
  <Times creation="2011-11-09T15:24:03.4824769+01:00" queuing="2011-11-09T15:24:04.5003152+01:00" start="2011-11-09T15:24:04.5783154+01:00" finish="2011-11-09T15:24:18.9880524+01:00" />
  <ResultSummary outcome="Completed">
    <Counters total="1" executed="1" passed="1" error="0" failed="0" timeout="0" aborted="0" inconclusive="0" passedButRunAborted="0" notRunnable="0" notExecuted="0" disconnected="0" warning="0" completed="0" inProgress="0" pending="0" />
  </ResultSummary>
  <TestDefinitions>
    <UnitTest name="TimetableManualTester" storage="e:\hska\semester2\projektarbeit\stundenplangenerator\timetableplanner\timetableplannertests\bin\debug\timetableplannertests.dll" id="3ada0cc6-2a4d-2d63-7d9f-97d4d443b0f3">
      <Execution id="17aa8979-75ab-4aab-a1a7-549061d85726" />
      <TestMethod codeBase="E:/HsKA/Semester2/Projektarbeit/Stundenplangenerator/TimetablePlanner/TimetablePlannerTests/bin/Debug/TimetablePlannerTests.DLL" adapterTypeName="Microsoft.VisualStudio.TestTools.TestTypes.Unit.UnitTestAdapter, Microsoft.VisualStudio.QualityTools.Tips.UnitTest.Adapter, Version=10.0.0.0, Culture=neutral, PublicKeyToken=b03f5f7f11d50a3a" className="TimetablePlannerTests.TimetableTest, TimetablePlannerTests, Version=1.0.0.0, Culture=neutral, PublicKeyToken=null" name="TimetableManualTester" />
    </UnitTest>
  </TestDefinitions>
  <TestLists>
    <TestList name="Nicht in einer Liste enthaltene Ergebnisse" id="8c84fa94-04c1-424b-9868-57a2d4851a1d" />
    <TestList name="Alle geladenen Ergebnisse" id="19431567-8539-422a-85d7-44ee4e166bda" />
  </TestLists>
  <TestEntries>
    <TestEntry testId="3ada0cc6-2a4d-2d63-7d9f-97d4d443b0f3" executionId="17aa8979-75ab-4aab-a1a7-549061d85726" testListId="8c84fa94-04c1-424b-9868-57a2d4851a1d" />
  </TestEntries>
  <Results>
    <UnitTestResult executionId="17aa8979-75ab-4aab-a1a7-549061d85726" testId="3ada0cc6-2a4d-2d63-7d9f-97d4d443b0f3" testName="TimetableManualTester" computerName="FLOLAP-PC" duration="00:00:12.9931760" startTime="2011-11-09T15:24:04.6095154+01:00" endTime="2011-11-09T15:24:18.8690456+01:00" testType="13cdc9d9-ddb5-4fa4-a97d-d965ccfc6d4b" outcome="Passed" testListId="8c84fa94-04c1-424b-9868-57a2d4851a1d" relativeResultsDirectory="17aa8979-75ab-4aab-a1a7-549061d85726">
      <Output>
        <DebugTrace>Individual 2 created.
Individual 0 created.
Individual 1 created.
Individual 4 created.
Individual 3 created.
Individual 7 created.
Individual 8 created.
Individual 10 created.
Individual 5 created.
Individual 11 created.
Individual 12 created.
Individual 6 created.
Individual 9 created.
Individual 16 created.
Individual 13 created.
Individual 17 created.
Individual 18 created.
Individual 14 created.
Individual 15 created.
Individual 20 created.
Individual 21 created.
Individual 19 created.
Individual 24 created.
Individual 22 created.
Individual 23 created.
Generation 0 finished with best fitness of 3370.
Generation 1 finished with best fitness of 3440.
Generation 2 finished with best fitness of 3445.
Generation 3 finished with best fitness of 3615.
Generation 4 finished with best fitness of 3660.
Generation 5 finished with best fitness of 3720.
Generation 6 finished with best fitness of 3735.
Generation 7 finished with best fitness of 3935.
Generation 8 finished with best fitness of 3935.
Generation 9 finished with best fitness of 4025.
Generation 10 finished with best fitness of 4100.
Generation 11 finished with best fitness of 4245.
Generation 12 finished with best fitness of 4245.
Generation 13 finished with best fitness of 4250.
Generation 14 finished with best fitness of 4320.
Generation 15 finished with best fitness of 4335.
Generation 16 finished with best fitness of 4365.
Generation 17 finished with best fitness of 4505.
Generation 18 finished with best fitness of 4600.
Generation 19 finished with best fitness of 4600.
Generation 20 finished with best fitness of 4650.
Generation 21 finished with best fitness of 4745.
Generation 22 finished with best fitness of 4870.
Generation 23 finished with best fitness of 4915.
Generation 24 finished with best fitness of 4945.
Generation 25 finished with best fitness of 4980.
Generation 26 finished with best fitness of 5145.
Generation 27 finished with best fitness of 5145.
Generation 28 finished with best fitness of 5165.
Generation 29 finished with best fitness of 5165.
Generation 30 finished with best fitness of 5245.
Generation 31 finished with best fitness of 5300.
Generation 32 finished with best fitness of 5325.
Generation 33 finished with best fitness of 5355.
Generation 34 finished with best fitness of 5375.
Generation 35 finished with best fitness of 5415.
Generation 36 finished with best fitness of 5415.
Generation 37 finished with best fitness of 5475.
Generation 38 finished with best fitness of 5550.
Generation 39 finished with best fitness of 5610.
Generation 40 finished with best fitness of 5610.
Generation 41 finished with best fitness of 5685.
Generation 42 finished with best fitness of 5700.
Generation 43 finished with best fitness of 5800.
Generation 44 finished with best fitness of 5800.
Generation 45 finished with best fitness of 5800.
Generation 46 finished with best fitness of 5815.
Generation 47 finished with best fitness of 5820.
Generation 48 finished with best fitness of 5900.
Generation 49 finished with best fitness of 5900.
Generation 50 finished with best fitness of 5975.
Generation 51 finished with best fitness of 6020.
Generation 52 finished with best fitness of 6020.
Generation 53 finished with best fitness of 6050.
Generation 54 finished with best fitness of 6120.
Generation 55 finished with best fitness of 6155.
Generation 56 finished with best fitness of 6155.
Generation 57 finished with best fitness of 6210.
Generation 58 finished with best fitness of 6210.
Generation 59 finished with best fitness of 6255.
Generation 60 finished with best fitness of 6320.
Generation 61 finished with best fitness of 6365.
Generation 62 finished with best fitness of 6365.
Generation 63 finished with best fitness of 6365.
Generation 64 finished with best fitness of 6395.
Generation 65 finished with best fitness of 6405.
Generation 66 finished with best fitness of 6485.
Generation 67 finished with best fitness of 6510.
Generation 68 finished with best fitness of 6510.
Generation 69 finished with best fitness of 6535.
Generation 70 finished with best fitness of 6610.
Generation 71 finished with best fitness of 6610.
Generation 72 finished with best fitness of 6680.
Generation 73 finished with best fitness of 6680.
Generation 74 finished with best fitness of 6740.
Generation 75 finished with best fitness of 6790.
Generation 76 finished with best fitness of 6790.
Generation 77 finished with best fitness of 6790.
Generation 78 finished with best fitness of 6815.
Generation 79 finished with best fitness of 6845.
Generation 80 finished with best fitness of 6890.
Generation 81 finished with best fitness of 6950.
Generation 82 finished with best fitness of 6950.
Generation 83 finished with best fitness of 6950.
Generation 84 finished with best fitness of 6965.
Generation 85 finished with best fitness of 6965.
Generation 86 finished with best fitness of 7070.
Generation 87 finished with best fitness of 7070.
Generation 88 finished with best fitness of 7070.
Generation 89 finished with best fitness of 7070.
Generation 90 finished with best fitness of 7070.
Generation 91 finished with best fitness of 7115.
Generation 92 finished with best fitness of 7115.
Generation 93 finished with best fitness of 7225.
Generation 94 finished with best fitness of 7225.
Generation 95 finished with best fitness of 7370.
Generation 96 finished with best fitness of 7370.
Generation 97 finished with best fitness of 7370.
Generation 98 finished with best fitness of 7370.
Generation 99 finished with best fitness of 7485.
Generation 100 finished with best fitness of 7485.
Generation 101 finished with best fitness of 7485.
Generation 102 finished with best fitness of 7515.
Generation 103 finished with best fitness of 7515.
Generation 104 finished with best fitness of 7515.
Generation 105 finished with best fitness of 7545.
Generation 106 finished with best fitness of 7545.
Generation 107 finished with best fitness of 7545.
Generation 108 finished with best fitness of 7545.
Generation 109 finished with best fitness of 7605.
Generation 110 finished with best fitness of 7675.
Generation 111 finished with best fitness of 7675.
Generation 112 finished with best fitness of 7740.
Generation 113 finished with best fitness of 7740.
Generation 114 finished with best fitness of 7740.
Generation 115 finished with best fitness of 7740.
Generation 116 finished with best fitness of 7740.
Generation 117 finished with best fitness of 7755.
Generation 118 finished with best fitness of 7825.
Generation 119 finished with best fitness of 7825.
Generation 120 finished with best fitness of 7940.
Generation 121 finished with best fitness of 7940.
Generation 122 finished with best fitness of 7940.
Generation 123 finished with best fitness of 7940.
Generation 124 finished with best fitness of 7940.
Generation 125 finished with best fitness of 7940.
Generation 126 finished with best fitness of 7970.
Generation 127 finished with best fitness of 7970.
Generation 128 finished with best fitness of 7985.
Generation 129 finished with best fitness of 7985.
Generation 130 finished with best fitness of 7995.
Generation 131 finished with best fitness of 8015.
Generation 132 finished with best fitness of 8015.
Generation 133 finished with best fitness of 8015.
Generation 134 finished with best fitness of 8045.
Generation 135 finished with best fitness of 8055.
Generation 136 finished with best fitness of 8150.
Generation 137 finished with best fitness of 8150.
Generation 138 finished with best fitness of 8150.
Generation 139 finished with best fitness of 8150.
Generation 140 finished with best fitness of 8150.
Generation 141 finished with best fitness of 8195.
Generation 142 finished with best fitness of 8330.
Generation 143 finished with best fitness of 8330.
Generation 144 finished with best fitness of 8330.
Generation 145 finished with best fitness of 8330.
Generation 146 finished with best fitness of 8330.
Generation 147 finished with best fitness of 8330.
Generation 148 finished with best fitness of 8330.
Generation 149 finished with best fitness of 8390.
Generation 150 finished with best fitness of 8390.
Generation 151 finished with best fitness of 8390.
Generation 152 finished with best fitness of 8400.
Generation 153 finished with best fitness of 8400.
Generation 154 finished with best fitness of 8400.
Generation 155 finished with best fitness of 8400.
Generation 156 finished with best fitness of 8400.
Generation 157 finished with best fitness of 8400.
Generation 158 finished with best fitness of 8480.
Generation 159 finished with best fitness of 8480.
Generation 160 finished with best fitness of 8615.
Generation 161 finished with best fitness of 8615.
Generation 162 finished with best fitness of 8615.
Generation 163 finished with best fitness of 8615.
Generation 164 finished with best fitness of 8615.
Generation 165 finished with best fitness of 8630.
Generation 166 finished with best fitness of 8630.
Generation 167 finished with best fitness of 8675.
Generation 168 finished with best fitness of 8675.
Generation 169 finished with best fitness of 8680.
Generation 170 finished with best fitness of 8680.
Generation 171 finished with best fitness of 8680.
Generation 172 finished with best fitness of 8680.
Generation 173 finished with best fitness of 8705.
Generation 174 finished with best fitness of 8740.
Generation 175 finished with best fitness of 8740.
Generation 176 finished with best fitness of 8770.
Generation 177 finished with best fitness of 8770.
Generation 178 finished with best fitness of 8770.
Generation 179 finished with best fitness of 8810.
Generation 180 finished with best fitness of 8930.
Generation 181 finished with best fitness of 8930.
Generation 182 finished with best fitness of 8930.
Generation 183 finished with best fitness of 8930.
Generation 184 finished with best fitness of 8930.
Generation 185 finished with best fitness of 8930.
Generation 186 finished with best fitness of 8930.
Generation 187 finished with best fitness of 8930.
Generation 188 finished with best fitness of 8930.
Generation 189 finished with best fitness of 8930.
Generation 190 finished with best fitness of 8930.
Generation 191 finished with best fitness of 8980.
Generation 192 finished with best fitness of 8980.
Generation 193 finished with best fitness of 8980.
Generation 194 finished with best fitness of 8980.
Generation 195 finished with best fitness of 9020.
Generation 196 finished with best fitness of 9020.
Generation 197 finished with best fitness of 9020.
Generation 198 finished with best fitness of 9065.
Generation 199 finished with best fitness of 9095.
Generation 200 finished with best fitness of 9095.
Generation 201 finished with best fitness of 9095.
Generation 202 finished with best fitness of 9095.
Generation 203 finished with best fitness of 9095.
Generation 204 finished with best fitness of 9095.
Generation 205 finished with best fitness of 9095.
Generation 206 finished with best fitness of 9095.
Generation 207 finished with best fitness of 9095.
Generation 208 finished with best fitness of 9095.
Generation 209 finished with best fitness of 9095.
Generation 210 finished with best fitness of 9140.
Generation 211 finished with best fitness of 9140.
Generation 212 finished with best fitness of 9140.
Generation 213 finished with best fitness of 9140.
Generation 214 finished with best fitness of 9155.
Generation 215 finished with best fitness of 9155.
Generation 216 finished with best fitness of 9155.
Generation 217 finished with best fitness of 9155.
Generation 218 finished with best fitness of 9155.
Generation 219 finished with best fitness of 9195.
Generation 220 finished with best fitness of 9240.
Generation 221 finished with best fitness of 9240.
Generation 222 finished with best fitness of 9240.
Generation 223 finished with best fitness of 9240.
Generation 224 finished with best fitness of 9240.
Generation 225 finished with best fitness of 9240.
Generation 226 finished with best fitness of 9240.
Generation 227 finished with best fitness of 9245.
Generation 228 finished with best fitness of 9295.
Generation 229 finished with best fitness of 9295.
Generation 230 finished with best fitness of 9295.
Generation 231 finished with best fitness of 9295.
Generation 232 finished with best fitness of 9295.
Generation 233 finished with best fitness of 9295.
Generation 234 finished with best fitness of 9295.
Generation 235 finished with best fitness of 9295.
Generation 236 finished with best fitness of 9295.
Generation 237 finished with best fitness of 9295.
Generation 238 finished with best fitness of 9295.
Generation 239 finished with best fitness of 9295.
Generation 240 finished with best fitness of 9315.
Generation 241 finished with best fitness of 9315.
Generation 242 finished with best fitness of 9330.
Generation 243 finished with best fitness of 9330.
Generation 244 finished with best fitness of 9330.
Generation 245 finished with best fitness of 9330.
Generation 246 finished with best fitness of 9330.
Generation 247 finished with best fitness of 9330.
Generation 248 finished with best fitness of 9330.
Generation 249 finished with best fitness of 9345.
Generation 250 finished with best fitness of 9395.
Generation 251 finished with best fitness of 9395.
Generation 252 finished with best fitness of 9395.
Generation 253 finished with best fitness of 9395.
Generation 254 finished with best fitness of 9395.
Generation 255 finished with best fitness of 9395.
Generation 256 finished with best fitness of 9395.
Generation 257 finished with best fitness of 9425.
Generation 258 finished with best fitness of 9425.
Generation 259 finished with best fitness of 9425.
Generation 260 finished with best fitness of 9470.
Generation 261 finished with best fitness of 9470.
Generation 262 finished with best fitness of 9470.
Generation 263 finished with best fitness of 9480.
Generation 264 finished with best fitness of 9480.
Generation 265 finished with best fitness of 9480.
Generation 266 finished with best fitness of 9480.
Generation 267 finished with best fitness of 9480.
Generation 268 finished with best fitness of 9480.
Generation 269 finished with best fitness of 9480.
Generation 270 finished with best fitness of 9480.
Generation 271 finished with best fitness of 9480.
Generation 272 finished with best fitness of 9530.
Generation 273 finished with best fitness of 9530.
Generation 274 finished with best fitness of 9530.
Generation 275 finished with best fitness of 9530.
Generation 276 finished with best fitness of 9540.
Generation 277 finished with best fitness of 9575.
Generation 278 finished with best fitness of 9575.
Generation 279 finished with best fitness of 9575.
Generation 280 finished with best fitness of 9575.
Generation 281 finished with best fitness of 9590.
Generation 282 finished with best fitness of 9590.
Generation 283 finished with best fitness of 9590.
Generation 284 finished with best fitness of 9590.
Generation 285 finished with best fitness of 9590.
Generation 286 finished with best fitness of 9605.
Generation 287 finished with best fitness of 9635.
Generation 288 finished with best fitness of 9635.
Generation 289 finished with best fitness of 9635.
Generation 290 finished with best fitness of 9635.
Generation 291 finished with best fitness of 9635.
Generation 292 finished with best fitness of 9650.
Generation 293 finished with best fitness of 9650.
Generation 294 finished with best fitness of 9650.
Generation 295 finished with best fitness of 9650.
Generation 296 finished with best fitness of 9650.
Generation 297 finished with best fitness of 9650.
Generation 298 finished with best fitness of 9650.
Generation 299 finished with best fitness of 9650.
Generation 300 finished with best fitness of 9650.
Generation 301 finished with best fitness of 9650.
Generation 302 finished with best fitness of 9650.
Generation 303 finished with best fitness of 9650.
Generation 304 finished with best fitness of 9680.
Generation 305 finished with best fitness of 9680.
Generation 306 finished with best fitness of 9680.
Generation 307 finished with best fitness of 9680.
Generation 308 finished with best fitness of 9680.
Generation 309 finished with best fitness of 9680.
Generation 310 finished with best fitness of 9710.
Generation 311 finished with best fitness of 9710.
Generation 312 finished with best fitness of 9710.
Generation 313 finished with best fitness of 9755.
Generation 314 finished with best fitness of 9755.
Generation 315 finished with best fitness of 9755.
Generation 316 finished with best fitness of 9755.
Generation 317 finished with best fitness of 9755.
Generation 318 finished with best fitness of 9755.
Generation 319 finished with best fitness of 9755.
Generation 320 finished with best fitness of 9755.
Generation 321 finished with best fitness of 9755.
Generation 322 finished with best fitness of 9755.
Generation 323 finished with best fitness of 9755.
Generation 324 finished with best fitness of 9755.
Generation 325 finished with best fitness of 9755.
Generation 326 finished with best fitness of 9755.
Generation 327 finished with best fitness of 9755.
Generation 328 finished with best fitness of 9800.
Generation 329 finished with best fitness of 9800.
Generation 330 finished with best fitness of 9800.
Generation 331 finished with best fitness of 9805.
Generation 332 finished with best fitness of 9805.
Generation 333 finished with best fitness of 9815.
Generation 334 finished with best fitness of 9830.
Generation 335 finished with best fitness of 9830.
Generation 336 finished with best fitness of 9830.
Generation 337 finished with best fitness of 9830.
Generation 338 finished with best fitness of 9830.
Generation 339 finished with best fitness of 9830.
Generation 340 finished with best fitness of 9830.
Generation 341 finished with best fitness of 9830.
Generation 342 finished with best fitness of 9890.
Generation 343 finished with best fitness of 9890.
Generation 344 finished with best fitness of 9890.
Generation 345 finished with best fitness of 9890.
Generation 346 finished with best fitness of 9890.
Generation 347 finished with best fitness of 9890.
Generation 348 finished with best fitness of 9910.
Generation 349 finished with best fitness of 9910.
Generation 350 finished with best fitness of 9910.
Generation 351 finished with best fitness of 9910.
Generation 352 finished with best fitness of 9910.
Generation 353 finished with best fitness of 9910.
Generation 354 finished with best fitness of 9940.
Generation 355 finished with best fitness of 9955.
Generation 356 finished with best fitness of 9955.
Generation 357 finished with best fitness of 9955.
Generation 358 finished with best fitness of 9955.
Generation 359 finished with best fitness of 9955.
Generation 360 finished with best fitness of 9955.
Generation 361 finished with best fitness of 9955.
Generation 362 finished with best fitness of 9955.
Generation 363 finished with best fitness of 9955.
Generation 364 finished with best fitness of 9955.
Generation 365 finished with best fitness of 9955.
Generation 366 finished with best fitness of 9955.
Generation 367 finished with best fitness of 10010.
Generation 368 finished with best fitness of 10025.
Generation 369 finished with best fitness of 10025.
Generation 370 finished with best fitness of 10025.
Generation 371 finished with best fitness of 10025.
Generation 372 finished with best fitness of 10025.
Generation 373 finished with best fitness of 10025.
Generation 374 finished with best fitness of 10025.
Generation 375 finished with best fitness of 10025.
Generation 376 finished with best fitness of 10025.
Generation 377 finished with best fitness of 10070.
Generation 378 finished with best fitness of 10070.
Generation 379 finished with best fitness of 10070.
Generation 380 finished with best fitness of 10070.
Generation 381 finished with best fitness of 10070.
Generation 382 finished with best fitness of 10070.
Generation 383 finished with best fitness of 10070.
Generation 384 finished with best fitness of 10070.
Generation 385 finished with best fitness of 10070.
Generation 386 finished with best fitness of 10070.
Generation 387 finished with best fitness of 10085.
Generation 388 finished with best fitness of 10085.
Generation 389 finished with best fitness of 10085.
Generation 390 finished with best fitness of 10100.
Generation 391 finished with best fitness of 10100.
Generation 392 finished with best fitness of 10100.
Generation 393 finished with best fitness of 10100.
Generation 394 finished with best fitness of 10100.
Generation 395 finished with best fitness of 10100.
Generation 396 finished with best fitness of 10100.
Generation 397 finished with best fitness of 10100.
Generation 398 finished with best fitness of 10100.
Generation 399 finished with best fitness of 10100.
Generation 400 finished with best fitness of 10100.
Evolution finished after 12,8816713 seconds.
</DebugTrace>
      </Output>
    </UnitTestResult>
  </Results>
</TestRun>