<?xml version="1.0" encoding="UTF-8"?>
<TestRun id="4f2548f9-d664-4490-bc2f-b3866a606d25" name="FloLap@FLOLAP-PC 2011-10-23 11:36:59" runUser="FloLap-PC\FloLap" xmlns="http://microsoft.com/schemas/VisualStudio/TeamTest/2010">
  <TestSettings name="Lokal" id="6ed96bb3-d821-4eee-a79d-3a3069da9890">
    <Description>Dies sind die standardmäßigen Testeinstellungen für einen lokalen Testlauf.</Description>
    <Deployment enabled="false" runDeploymentRoot="FloLap_FLOLAP-PC 2011-10-23 11_36_59">
      <DeploymentItem filename="E:\HsKA\Semester2\Projektarbeit\Stundenplangenerator\TimetablePlanner\TimetablePlanner\bin\Debug\TimetablePlanner.dll" />
    </Deployment>
    <Execution>
      <TestTypeSpecific />
      <AgentRule name="Execution Agents">
      </AgentRule>
    </Execution>
  </TestSettings>
  <Times creation="2011-10-23T11:36:59.9111991+02:00" queuing="2011-10-23T11:37:00.7692006+02:00" start="2011-10-23T11:37:00.8472008+02:00" finish="2011-10-23T11:37:12.3600210+02:00" />
  <ResultSummary outcome="Completed">
    <Counters total="1" executed="1" passed="1" error="0" failed="0" timeout="0" aborted="0" inconclusive="0" passedButRunAborted="0" notRunnable="0" notExecuted="0" disconnected="0" warning="0" completed="0" inProgress="0" pending="0" />
  </ResultSummary>
  <TestDefinitions>
    <UnitTest name="TimetableManualTester" storage="e:\hska\semester2\projektarbeit\stundenplangenerator\timetableplanner\timetableplannertests\bin\debug\timetableplannertests.dll" id="3ada0cc6-2a4d-2d63-7d9f-97d4d443b0f3">
      <Execution id="e06130ce-8584-4be7-808f-035c49c9107d" />
      <TestMethod codeBase="E:/HsKA/Semester2/Projektarbeit/Stundenplangenerator/TimetablePlanner/TimetablePlannerTests/bin/Debug/TimetablePlannerTests.DLL" adapterTypeName="Microsoft.VisualStudio.TestTools.TestTypes.Unit.UnitTestAdapter, Microsoft.VisualStudio.QualityTools.Tips.UnitTest.Adapter, Version=10.0.0.0, Culture=neutral, PublicKeyToken=b03f5f7f11d50a3a" className="TimetablePlannerTests.TimetableTest, TimetablePlannerTests, Version=1.0.0.0, Culture=neutral, PublicKeyToken=null" name="TimetableManualTester" />
    </UnitTest>
  </TestDefinitions>
  <TestLists>
    <TestList name="Nicht in einer Liste enthaltene Ergebnisse" id="8c84fa94-04c1-424b-9868-57a2d4851a1d" />
    <TestList name="Alle geladenen Ergebnisse" id="19431567-8539-422a-85d7-44ee4e166bda" />
  </TestLists>
  <TestEntries>
    <TestEntry testId="3ada0cc6-2a4d-2d63-7d9f-97d4d443b0f3" executionId="e06130ce-8584-4be7-808f-035c49c9107d" testListId="8c84fa94-04c1-424b-9868-57a2d4851a1d" />
  </TestEntries>
  <Results>
    <UnitTestResult executionId="e06130ce-8584-4be7-808f-035c49c9107d" testId="3ada0cc6-2a4d-2d63-7d9f-97d4d443b0f3" testName="TimetableManualTester" computerName="FLOLAP-PC" duration="00:00:10.1281869" startTime="2011-10-23T11:37:00.9252009+02:00" endTime="2011-10-23T11:37:12.3132209+02:00" testType="13cdc9d9-ddb5-4fa4-a97d-d965ccfc6d4b" outcome="Passed" testListId="8c84fa94-04c1-424b-9868-57a2d4851a1d" relativeResultsDirectory="e06130ce-8584-4be7-808f-035c49c9107d">
      <Output>
        <DebugTrace>Time to create population of size 75: 608ms
1490
1330
1240
1230
1170
1140
1130
1050
1020
1020
1000
980
940
920
910
910
840
840
830
810
800
780
780
770
740
670
660
620
610
610
600
580
570
560
560
540
530
480
460
440
430
420
390
390
370
330
300
290
270
230
150
150
110
110
100
100
50
20
20
20
-30
-30
-60
-180
-180
-190
-200
-220
-260
-300
-420
-450
-490
-950
-1450
Early abort after 171 generations.
Mean time per generation: 42ms
Mean fitness increase per generation
446
196
144
91
77
57
49
43
33
50
45
36
36
30
32
32
37
39
39
42
39
41
36
43
43
44
41
35
32
34
27
28
17
28
29
20
25
18
18
16
17
13
18
17
18
21
21
18
18
17
12
10
15
15
12
9
9
7
12
10
8
10
13
9
10
9
8
8
9
5
4
6
11
5
6
10
5
6
8
5
7
9
9
6
7
6
5
8
5
5
7
8
5
9
7
9
7
7
8
6
4
4
7
5
9
5
4
2
6
3
9
6
6
3
4
5
4
2
2
3
3
3
5
2
2
2
2
3
6
5
6
3
5
3
3
5
5
2
4
1
3
4
2
1
1
3
1
1
1
2
2
2
0
2
1
1
0
2
1
1
1
1
0
2
1
3
0
2
0
1
2
1
Evolution time: 7347ms
3450
3430
3420
3410
3410
3410
3410
3410
3410
3410
3400
3400
3400
3400
3400
3400
3400
3400
3400
3400
3400
3390
3390
3390
3390
3390
3390
3380
3380
3380
3380
3380
3380
3380
3380
3380
3380
3380
3380
3380
3380
3380
3380
3380
3380
3380
3380
3380
3380
3380
3380
3380
3380
3380
3380
3380
3380
3370
3370
3370
3370
3370
3370
3370
3370
3370
3370
3370
3370
3370
3370
3370
3370
3370
3370

Group 0
Block 0: Technische Informatik 1 Übung          | Technische Informatik 1                | Mathematik 1 Labor                     | Theoretische Informatik 1              | Informatik 1 Übung                     | 
Block 1: Informatik 1                           | Theoretische Informatik 1              | Informatik 1                           | Mathematik 1                           | Fremdsprachen                          | 
Block 2: Technische Informatik 1                | Mathematik 1                           | ---------------------------------------| Mathematik 1 Labor                     | Fremdsprachen                          | 
Block 3: ---------------------------------------| ---------------------------------------| ---------------------------------------| ---------------------------------------| ---------------------------------------| 
Block 4: ---------------------------------------| ---------------------------------------| ---------------------------------------| ---------------------------------------| ---------------------------------------| 
Block 5: ---------------------------------------| ---------------------------------------| ---------------------------------------| ---------------------------------------| ---------------------------------------| 

Group 1
Block 0: Informatik 2                           | Softwarelabor                          | Mathematik 2 Labor                     | Softwarelabor                          | Informatik 2 Übung                     | 
Block 1: Technische Informatik 2                | Softwarelabor                          | Technische Informatik 2                | Softwarelabor                          | Sprachen und Metasprachen              | 
Block 2: Mathematik 2                           | Informatik 2                           | ---------------------------------------| Web-Programming                        | ---------------------------------------| 
Block 3: Informatik 2 Übung                     | Digital-Labor                          | ---------------------------------------| ---------------------------------------| ---------------------------------------| 
Block 4: ---------------------------------------| Digital-Labor                          | ---------------------------------------| ---------------------------------------| ---------------------------------------| 
Block 5: ---------------------------------------| Digital-Labor                          | ---------------------------------------| ---------------------------------------| ---------------------------------------| 

Group 2
Block 0: Verteilte Informationssysteme          | ---------------------------------------| Intelligente Systeme                   | Modellierung und Simulation            | Visualization and Semantics            | 
Block 1: Visualization and Semantics Lab        | ---------------------------------------| ---------------------------------------| Datenrepräsentation und -übertragung   | IT Service Management                  | 
Block 2: Mobile Systeme                         | ---------------------------------------| ---------------------------------------| IT Projektmanagement                   | ---------------------------------------| 
Block 3: ---------------------------------------| ---------------------------------------| ---------------------------------------| ---------------------------------------| Projektarbeit1                         | 
Block 4: ---------------------------------------| ---------------------------------------| ---------------------------------------| ---------------------------------------| Projektarbeit1                         | 
Block 5: Führungskräftetraining                 | ---------------------------------------| ---------------------------------------| ---------------------------------------| Projektarbeit1                         | 

Group 3
Block 0: Algorithmen Übung                      | Data Mining                            | ---------------------------------------| ---------------------------------------| Angewandte Kryptografie                | 
Block 1: Labor Benutzeroberflächen              | Dialog Systems                         | ---------------------------------------| Labor Verteilte Systeme                | IT-Sicherheit                          | 
Block 2: ---------------------------------------| ---------------------------------------| ---------------------------------------| Algorithmenentwurf                     | ---------------------------------------| 
Block 3: ---------------------------------------| ---------------------------------------| ---------------------------------------| ---------------------------------------| ---------------------------------------| 
Block 4: Projektarbeit2                         | ---------------------------------------| ---------------------------------------| ---------------------------------------| ---------------------------------------| 
Block 5: Projektarbeit2                         | ---------------------------------------| ---------------------------------------| ---------------------------------------| Seminar                                | 
</DebugTrace>
      </Output>
    </UnitTestResult>
  </Results>
</TestRun>