<?xml version="1.0" encoding="UTF-8"?>
<TestRun id="abbc08c0-ac98-4ac3-a446-c886cb587543" name="FloLap@FLOLAP-PC 2011-10-19 15:44:41" runUser="FloLap-PC\FloLap" xmlns="http://microsoft.com/schemas/VisualStudio/TeamTest/2010">
  <TestSettings name="Lokal" id="6ed96bb3-d821-4eee-a79d-3a3069da9890">
    <Description>Dies sind die standardmäßigen Testeinstellungen für einen lokalen Testlauf.</Description>
    <Deployment enabled="false" runDeploymentRoot="FloLap_FLOLAP-PC 2011-10-19 15_44_41">
      <DeploymentItem filename="E:\HsKA\Semester2\Projektarbeit\Stundenplangenerator\TimetablePlanner\TimetablePlanner\bin\Debug\TimetablePlanner.dll" />
    </Deployment>
    <Execution>
      <TestTypeSpecific />
      <AgentRule name="Execution Agents">
      </AgentRule>
    </Execution>
  </TestSettings>
  <Times creation="2011-10-19T15:44:41.0363938+02:00" queuing="2011-10-19T15:44:42.0659956+02:00" start="2011-10-19T15:44:42.1595958+02:00" finish="2011-10-19T15:44:48.9144076+02:00" />
  <ResultSummary outcome="Completed">
    <Counters total="1" executed="1" passed="1" error="0" failed="0" timeout="0" aborted="0" inconclusive="0" passedButRunAborted="0" notRunnable="0" notExecuted="0" disconnected="0" warning="0" completed="0" inProgress="0" pending="0" />
  </ResultSummary>
  <TestDefinitions>
    <UnitTest name="createTimetableInstanceTest" storage="e:\hska\semester2\projektarbeit\stundenplangenerator\timetableplanner\timetableplannertests\bin\debug\timetableplannertests.dll" id="ab441b29-9837-01bf-f43f-7839c8f73716">
      <Execution id="069d05a5-cf8d-40de-b6ba-23ce91f20670" />
      <TestMethod codeBase="E:/HsKA/Semester2/Projektarbeit/Stundenplangenerator/TimetablePlanner/TimetablePlannerTests/bin/Debug/TimetablePlannerTests.DLL" adapterTypeName="Microsoft.VisualStudio.TestTools.TestTypes.Unit.UnitTestAdapter, Microsoft.VisualStudio.QualityTools.Tips.UnitTest.Adapter, Version=10.0.0.0, Culture=neutral, PublicKeyToken=b03f5f7f11d50a3a" className="TimetablePlannerTests.TimetableTest, TimetablePlannerTests, Version=1.0.0.0, Culture=neutral, PublicKeyToken=null" name="createTimetableInstanceTest" />
    </UnitTest>
  </TestDefinitions>
  <TestLists>
    <TestList name="Nicht in einer Liste enthaltene Ergebnisse" id="8c84fa94-04c1-424b-9868-57a2d4851a1d" />
    <TestList name="Alle geladenen Ergebnisse" id="19431567-8539-422a-85d7-44ee4e166bda" />
  </TestLists>
  <TestEntries>
    <TestEntry testId="ab441b29-9837-01bf-f43f-7839c8f73716" executionId="069d05a5-cf8d-40de-b6ba-23ce91f20670" testListId="8c84fa94-04c1-424b-9868-57a2d4851a1d" />
  </TestEntries>
  <Results>
    <UnitTestResult executionId="069d05a5-cf8d-40de-b6ba-23ce91f20670" testId="ab441b29-9837-01bf-f43f-7839c8f73716" testName="createTimetableInstanceTest" computerName="FLOLAP-PC" duration="00:00:05.4306240" startTime="2011-10-19T15:44:42.2063959+02:00" endTime="2011-10-19T15:44:48.8208075+02:00" testType="13cdc9d9-ddb5-4fa4-a97d-d965ccfc6d4b" outcome="Passed" testListId="8c84fa94-04c1-424b-9868-57a2d4851a1d" relativeResultsDirectory="069d05a5-cf8d-40de-b6ba-23ce91f20670">
      <Output>
        <DebugTrace>Time to create population of size 75: 733ms
837
826
793
776
759
759
754
751
746
741
740
740
738
737
731
729
729
728
726
720
714
713
707
706
706
705
702
699
696
694
693
690
690
690
678
676
666
660
660
658
657
655
654
651
646
646
645
642
637
636
634
633
631
631
628
628
626
625
625
625
625
624
623
623
615
610
607
607
604
601
598
595
590
578
526
Early abort after 154 generations.
Mean time per generation: 27ms
Evolution time: 4305ms
1140
1140
1140
1140
1137
1137
1137
1137
1137
1137
1137
1137
1137
1137
1137
1137
1137
1137
1134
1134
1134
1134
1134
1134
1134
1134
1134
1134
1134
1134
1134
1134
1134
1134
1134
1134
1134
1134
1134
1134
1134
1134
1134
1134
1134
1134
1134
1134
1134
1134
1134
1134
1134
1134
1134
1134
1134
1134
1134
1134
1134
1134
1134
1134
1134
1134
1134
1134
1134
1134
1134
1134
1134
1134
1134

Group 0
Block 0: 006 002 009 008 003 
Block 1: 001 000 005 004 012 
Block 2: 010 011 --- 007 012 
Block 3: --- --- --- --- --- 
Block 4: --- --- --- --- --- 
Block 5: --- --- --- --- --- 

Group 1
Block 0: 017 020 018 025 019 
Block 1: 017 015 018 025 016 
Block 2: 022 014 --- 025 021 
Block 3: 023 024 --- --- 013 
Block 4: --- --- --- --- --- 
Block 5: --- --- --- --- --- 

Group 2
Block 0: 027 032 030 033 029 
Block 1: --- 026 035 031 028 
Block 2: --- --- --- 036 --- 
Block 3: --- --- --- 036 034 
Block 4: --- --- --- 036 --- 
Block 5: --- --- --- --- --- 

Group 3
Block 0: 041 046 038 044 039 
Block 1: 037 040 --- 042 043 
Block 2: --- --- --- --- --- 
Block 3: --- --- --- --- 045 
Block 4: --- --- --- --- 045 
Block 5: --- --- --- --- --- 
</DebugTrace>
      </Output>
    </UnitTestResult>
  </Results>
</TestRun>