<?xml version="1.0" encoding="UTF-8"?>
<TestRun id="b777b4a6-589b-4e0d-9e4e-9cc9347fe94b" name="FloLap@FLOLAP-PC 2011-10-23 12:45:28" runUser="FloLap-PC\FloLap" xmlns="http://microsoft.com/schemas/VisualStudio/TeamTest/2010">
  <TestSettings name="Lokal" id="6ed96bb3-d821-4eee-a79d-3a3069da9890">
    <Description>Dies sind die standardmäßigen Testeinstellungen für einen lokalen Testlauf.</Description>
    <Deployment enabled="false" runDeploymentRoot="FloLap_FLOLAP-PC 2011-10-23 12_45_28">
      <DeploymentItem filename="E:\HsKA\Semester2\Projektarbeit\Stundenplangenerator\TimetablePlanner\TimetablePlanner\bin\Debug\TimetablePlanner.dll" />
    </Deployment>
    <Execution>
      <TestTypeSpecific />
      <AgentRule name="Execution Agents">
      </AgentRule>
    </Execution>
  </TestSettings>
  <Times creation="2011-10-23T12:45:28.4712153+02:00" queuing="2011-10-23T12:45:29.3332646+02:00" start="2011-10-23T12:45:29.4332703+02:00" finish="2011-10-23T12:45:39.2515285+02:00" />
  <ResultSummary outcome="Completed">
    <Counters total="1" executed="1" passed="1" error="0" failed="0" timeout="0" aborted="0" inconclusive="0" passedButRunAborted="0" notRunnable="0" notExecuted="0" disconnected="0" warning="0" completed="0" inProgress="0" pending="0" />
  </ResultSummary>
  <TestDefinitions>
    <UnitTest name="TimetableManualTester" storage="e:\hska\semester2\projektarbeit\stundenplangenerator\timetableplanner\timetableplannertests\bin\debug\timetableplannertests.dll" id="3ada0cc6-2a4d-2d63-7d9f-97d4d443b0f3">
      <Execution id="d414651f-307f-4d1f-9960-4b1fd9ec70f1" />
      <TestMethod codeBase="E:/HsKA/Semester2/Projektarbeit/Stundenplangenerator/TimetablePlanner/TimetablePlannerTests/bin/Debug/TimetablePlannerTests.DLL" adapterTypeName="Microsoft.VisualStudio.TestTools.TestTypes.Unit.UnitTestAdapter, Microsoft.VisualStudio.QualityTools.Tips.UnitTest.Adapter, Version=10.0.0.0, Culture=neutral, PublicKeyToken=b03f5f7f11d50a3a" className="TimetablePlannerTests.TimetableTest, TimetablePlannerTests, Version=1.0.0.0, Culture=neutral, PublicKeyToken=null" name="TimetableManualTester" />
    </UnitTest>
  </TestDefinitions>
  <TestLists>
    <TestList name="Nicht in einer Liste enthaltene Ergebnisse" id="8c84fa94-04c1-424b-9868-57a2d4851a1d" />
    <TestList name="Alle geladenen Ergebnisse" id="19431567-8539-422a-85d7-44ee4e166bda" />
  </TestLists>
  <TestEntries>
    <TestEntry testId="3ada0cc6-2a4d-2d63-7d9f-97d4d443b0f3" executionId="d414651f-307f-4d1f-9960-4b1fd9ec70f1" testListId="8c84fa94-04c1-424b-9868-57a2d4851a1d" />
  </TestEntries>
  <Results>
    <UnitTestResult executionId="d414651f-307f-4d1f-9960-4b1fd9ec70f1" testId="3ada0cc6-2a4d-2d63-7d9f-97d4d443b0f3" testName="TimetableManualTester" computerName="FLOLAP-PC" duration="00:00:08.4835287" startTime="2011-10-23T12:45:29.4742726+02:00" endTime="2011-10-23T12:45:39.1579284+02:00" testType="13cdc9d9-ddb5-4fa4-a97d-d965ccfc6d4b" outcome="Passed" testListId="8c84fa94-04c1-424b-9868-57a2d4851a1d" relativeResultsDirectory="d414651f-307f-4d1f-9960-4b1fd9ec70f1">
      <Output>
        <DebugTrace>Time to create population of size 75: 624ms
1930
1470
1300
1230
1230
1130
1110
1100
1100
1090
1040
1010
980
980
970
950
930
920
900
870
860
850
850
820
810
790
750
740
700
690
690
670
650
620
620
590
590
590
580
560
550
550
540
540
530
520
490
490
480
380
300
290
280
210
210
200
200
160
130
120
110
0
-10
-50
-60
-70
-90
-120
-350
-380
-500
-680
-760
-790
-1000
Early abort after 142 generations.
Mean time per generation: 39ms
Mean fitness increase per generation
412
203
162
174
173
167
116
63
51
58
45
39
32
38
42
23
27
34
28
29
29
34
24
36
32
22
25
21
24
16
17
19
12
12
9
12
7
15
12
22
24
15
16
20
14
16
11
15
12
12
13
10
8
5
9
5
6
5
8
10
11
10
9
9
10
13
15
10
14
9
11
6
10
11
9
7
6
10
7
6
5
5
10
8
9
6
6
6
6
5
2
5
3
2
5
3
4
1
4
2
4
4
2
5
2
4
3
2
3
4
3
1
3
4
3
3
1
2
1
3
1
4
1
2
3
1
2
2
3
3
1
1
1
2
2
1
2
1
3
2
3
1
1
Evolution time: 5772ms
3490
3480
3480
3480
3480
3480
3470
3470
3470
3470
3470
3470
3470
3470
3470
3470
3470
3470
3470
3470
3470
3470
3470
3470
3460
3460
3460
3460
3460
3460
3460
3460
3460
3450
3450
3450
3450
3450
3450
3450
3450
3450
3450
3450
3450
3450
3450
3450
3450
3450
3450
3450
3450
3450
3450
3440
3440
3440
3440
3440
3440
3440
3440
3440
3440
3440
3440
3440
3440
3440
3440
3440
3440
3440
3440

Group 0
Block 0: Theoretische Informatik 1              | Mathematik 1                           | Technische Informatik 1 Übung          | Informatik 1 Übung                     | Fremdsprachen                          | 
Block 1: Technische Informatik 1                | Informatik 1                           | Theoretische Informatik 1              | Mathematik 1 Labor                     | Fremdsprachen                          | 
Block 2: Mathematik 1                           | ---------------------------------------| ---------------------------------------| Informatik 1                           | Mathematik 1 Labor                     | 
Block 3: ---------------------------------------| ---------------------------------------| ---------------------------------------| Technische Informatik 1                | ---------------------------------------| 
Block 4: ---------------------------------------| ---------------------------------------| ---------------------------------------| ---------------------------------------| ---------------------------------------| 
Block 5: ---------------------------------------| ---------------------------------------| ---------------------------------------| ---------------------------------------| ---------------------------------------| 

Group 1
Block 0: Technische Informatik 2                | Informatik 2 Übung                     | Technische Informatik 2                | Sprachen und Metasprachen              | Digital-Labor                          | 
Block 1: Softwarelabor                          | Softwarelabor                          | Informatik 2                           | Web-Programming                        | Digital-Labor                          | 
Block 2: Softwarelabor                          | Softwarelabor                          | ---------------------------------------| Informatik 2                           | Digital-Labor                          | 
Block 3: Mathematik 2 Labor                     | ---------------------------------------| ---------------------------------------| ---------------------------------------| Mathematik 2                           | 
Block 4: Informatik 2 Übung                     | ---------------------------------------| ---------------------------------------| ---------------------------------------| ---------------------------------------| 
Block 5: ---------------------------------------| ---------------------------------------| ---------------------------------------| ---------------------------------------| ---------------------------------------| 

Group 2
Block 0: Verteilte Informationssysteme          | ---------------------------------------| IT Projektmanagement                   | Visualization and Semantics            | IT Service Management                  | 
Block 1: Modellierung und Simulation            | ---------------------------------------| Datenrepräsentation und -übertragung   | Mobile Systeme                         | Visualization and Semantics Lab        | 
Block 2: ---------------------------------------| ---------------------------------------| ---------------------------------------| Intelligente Systeme                   | ---------------------------------------| 
Block 3: ---------------------------------------| ---------------------------------------| Projektarbeit1                         | ---------------------------------------| ---------------------------------------| 
Block 4: ---------------------------------------| ---------------------------------------| Projektarbeit1                         | ---------------------------------------| ---------------------------------------| 
Block 5: ---------------------------------------| ---------------------------------------| Projektarbeit1                         | Führungskräftetraining                 | ---------------------------------------| 

Group 3
Block 0: IT-Sicherheit                          | Data Mining                            | ---------------------------------------| Dialog Systems                         | Angewandte Kryptografie                | 
Block 1: ---------------------------------------| Labor Benutzeroberflächen              | ---------------------------------------| ---------------------------------------| Labor Verteilte Systeme                | 
Block 2: ---------------------------------------| Algorithmen Übung                      | ---------------------------------------| ---------------------------------------| Algorithmenentwurf                     | 
Block 3: ---------------------------------------| ---------------------------------------| ---------------------------------------| ---------------------------------------| ---------------------------------------| 
Block 4: ---------------------------------------| ---------------------------------------| ---------------------------------------| Projektarbeit2                         | ---------------------------------------| 
Block 5: Seminar                                | ---------------------------------------| ---------------------------------------| Projektarbeit2                         | ---------------------------------------| 
</DebugTrace>
      </Output>
    </UnitTestResult>
  </Results>
</TestRun>