<?xml version="1.0" encoding="UTF-8"?>
<TestRun id="7d110734-9912-498c-8d37-45ba59d88b2e" name="FloLap@FLOLAP-PC 2011-10-19 15:46:07" runUser="FloLap-PC\FloLap" xmlns="http://microsoft.com/schemas/VisualStudio/TeamTest/2010">
  <TestSettings name="Lokal" id="6ed96bb3-d821-4eee-a79d-3a3069da9890">
    <Description>Dies sind die standardmäßigen Testeinstellungen für einen lokalen Testlauf.</Description>
    <Deployment enabled="false" runDeploymentRoot="FloLap_FLOLAP-PC 2011-10-19 15_46_07">
      <DeploymentItem filename="E:\HsKA\Semester2\Projektarbeit\Stundenplangenerator\TimetablePlanner\TimetablePlanner\bin\Debug\TimetablePlanner.dll" />
    </Deployment>
    <Execution>
      <TestTypeSpecific />
      <AgentRule name="Execution Agents">
      </AgentRule>
    </Execution>
  </TestSettings>
  <Times creation="2011-10-19T15:46:07.2118507+02:00" queuing="2011-10-19T15:46:08.2414525+02:00" start="2011-10-19T15:46:08.3350527+02:00" finish="2011-10-19T15:46:14.4346634+02:00" />
  <ResultSummary outcome="Completed">
    <Counters total="1" executed="1" passed="1" error="0" failed="0" timeout="0" aborted="0" inconclusive="0" passedButRunAborted="0" notRunnable="0" notExecuted="0" disconnected="0" warning="0" completed="0" inProgress="0" pending="0" />
  </ResultSummary>
  <TestDefinitions>
    <UnitTest name="createTimetableInstanceTest" storage="e:\hska\semester2\projektarbeit\stundenplangenerator\timetableplanner\timetableplannertests\bin\debug\timetableplannertests.dll" id="ab441b29-9837-01bf-f43f-7839c8f73716">
      <Execution id="4f3182e8-2147-4e22-a81d-a9bb6618feef" />
      <TestMethod codeBase="E:/HsKA/Semester2/Projektarbeit/Stundenplangenerator/TimetablePlanner/TimetablePlannerTests/bin/Debug/TimetablePlannerTests.DLL" adapterTypeName="Microsoft.VisualStudio.TestTools.TestTypes.Unit.UnitTestAdapter, Microsoft.VisualStudio.QualityTools.Tips.UnitTest.Adapter, Version=10.0.0.0, Culture=neutral, PublicKeyToken=b03f5f7f11d50a3a" className="TimetablePlannerTests.TimetableTest, TimetablePlannerTests, Version=1.0.0.0, Culture=neutral, PublicKeyToken=null" name="createTimetableInstanceTest" />
    </UnitTest>
  </TestDefinitions>
  <TestLists>
    <TestList name="Nicht in einer Liste enthaltene Ergebnisse" id="8c84fa94-04c1-424b-9868-57a2d4851a1d" />
    <TestList name="Alle geladenen Ergebnisse" id="19431567-8539-422a-85d7-44ee4e166bda" />
  </TestLists>
  <TestEntries>
    <TestEntry testId="ab441b29-9837-01bf-f43f-7839c8f73716" executionId="4f3182e8-2147-4e22-a81d-a9bb6618feef" testListId="8c84fa94-04c1-424b-9868-57a2d4851a1d" />
  </TestEntries>
  <Results>
    <UnitTestResult executionId="4f3182e8-2147-4e22-a81d-a9bb6618feef" testId="ab441b29-9837-01bf-f43f-7839c8f73716" testName="createTimetableInstanceTest" computerName="FLOLAP-PC" duration="00:00:04.7386471" startTime="2011-10-19T15:46:08.3662528+02:00" endTime="2011-10-19T15:46:14.3410632+02:00" testType="13cdc9d9-ddb5-4fa4-a97d-d965ccfc6d4b" outcome="Passed" testListId="8c84fa94-04c1-424b-9868-57a2d4851a1d" relativeResultsDirectory="4f3182e8-2147-4e22-a81d-a9bb6618feef">
      <Output>
        <DebugTrace>Time to create population of size 75: 748ms
1364
1347
1346
1329
1320
1314
1287
1286
1279
1279
1279
1273
1267
1265
1264
1263
1258
1258
1256
1249
1243
1243
1241
1234
1232
1219
1213
1211
1205
1205
1205
1202
1202
1200
1196
1195
1193
1190
1188
1187
1183
1182
1182
1178
1177
1172
1169
1168
1165
1163
1161
1158
1157
1148
1148
1143
1142
1139
1139
1138
1128
1127
1127
1125
1122
1115
1107
1095
1095
1080
1074
1065
1056
1053
1041
Early abort after 137 generations.
Mean time per generation: 26ms
Evolution time: 3666ms
1634
1634
1634
1634
1634
1634
1634
1634
1634
1634
1634
1634
1634
1634
1634
1634
1634
1634
1634
1634
1634
1634
1634
1634
1634
1634
1631
1631
1631
1631
1631
1631
1631
1631
1631
1631
1631
1631
1631
1631
1631
1631
1631
1631
1631
1631
1631
1631
1631
1631
1631
1631
1631
1631
1631
1631
1631
1631
1631
1631
1631
1631
1631
1631
1631
1631
1631
1631
1631
1631
1631
1631
1631
1631
1631

Group 0
Block 0: 005 008 012 006 003 
Block 1: 011 009 012 010 001 
Block 2: 000 002 --- 007 004 
Block 3: --- --- --- --- --- 
Block 4: --- --- --- --- --- 
Block 5: --- --- --- --- --- 

Group 1
Block 0: 025 017 014 024 022 
Block 1: 025 017 016 018 023 
Block 2: 025 013 --- 018 015 
Block 3: 019 --- 020 --- 021 
Block 4: --- --- --- --- --- 
Block 5: --- --- --- --- --- 

Group 2
Block 0: 030 032 028 036 033 
Block 1: 031 027 035 036 029 
Block 2: --- 026 --- 036 --- 
Block 3: --- --- --- 034 --- 
Block 4: --- --- --- --- --- 
Block 5: --- --- --- --- --- 

Group 3
Block 0: 044 039 041 038 042 
Block 1: --- --- 037 043 040 
Block 2: --- --- --- --- --- 
Block 3: 045 --- --- --- 046 
Block 4: 045 --- --- --- --- 
Block 5: --- --- --- --- --- 
</DebugTrace>
      </Output>
    </UnitTestResult>
  </Results>
</TestRun>