<?xml version="1.0" encoding="UTF-8"?>
<TestRun id="61ec175e-41ef-4944-bc67-a1379c13dbc8" name="FloLap@FLOLAP-PC 2011-10-19 19:45:27" runUser="FloLap-PC\FloLap" xmlns="http://microsoft.com/schemas/VisualStudio/TeamTest/2010">
  <TestSettings name="Lokal" id="6ed96bb3-d821-4eee-a79d-3a3069da9890">
    <Description>Dies sind die standardmäßigen Testeinstellungen für einen lokalen Testlauf.</Description>
    <Deployment enabled="false" runDeploymentRoot="FloLap_FLOLAP-PC 2011-10-19 19_45_27">
      <DeploymentItem filename="E:\HsKA\Semester2\Projektarbeit\Stundenplangenerator\TimetablePlanner\TimetablePlanner\bin\Debug\TimetablePlanner.dll" />
    </Deployment>
    <Execution>
      <TestTypeSpecific />
      <AgentRule name="Execution Agents">
      </AgentRule>
    </Execution>
  </TestSettings>
  <Times creation="2011-10-19T19:45:27.3909966+02:00" queuing="2011-10-19T19:45:28.3709980+02:00" start="2011-10-19T19:45:28.4709981+02:00" finish="2011-10-19T19:45:37.0050934+02:00" />
  <ResultSummary outcome="Completed">
    <Counters total="1" executed="1" passed="1" error="0" failed="0" timeout="0" aborted="0" inconclusive="0" passedButRunAborted="0" notRunnable="0" notExecuted="0" disconnected="0" warning="0" completed="0" inProgress="0" pending="0" />
  </ResultSummary>
  <TestDefinitions>
    <UnitTest name="createTimetableInstanceTest" storage="e:\hska\semester2\projektarbeit\stundenplangenerator\timetableplanner\timetableplannertests\bin\debug\timetableplannertests.dll" id="ab441b29-9837-01bf-f43f-7839c8f73716">
      <Execution id="56006cba-cb3a-4159-9a52-d8d04df2f731" />
      <TestMethod codeBase="E:/HsKA/Semester2/Projektarbeit/Stundenplangenerator/TimetablePlanner/TimetablePlannerTests/bin/Debug/TimetablePlannerTests.DLL" adapterTypeName="Microsoft.VisualStudio.TestTools.TestTypes.Unit.UnitTestAdapter, Microsoft.VisualStudio.QualityTools.Tips.UnitTest.Adapter, Version=10.0.0.0, Culture=neutral, PublicKeyToken=b03f5f7f11d50a3a" className="TimetablePlannerTests.TimetableTest, TimetablePlannerTests, Version=1.0.0.0, Culture=neutral, PublicKeyToken=null" name="createTimetableInstanceTest" />
    </UnitTest>
  </TestDefinitions>
  <TestLists>
    <TestList name="Nicht in einer Liste enthaltene Ergebnisse" id="8c84fa94-04c1-424b-9868-57a2d4851a1d" />
    <TestList name="Alle geladenen Ergebnisse" id="19431567-8539-422a-85d7-44ee4e166bda" />
  </TestLists>
  <TestEntries>
    <TestEntry testId="ab441b29-9837-01bf-f43f-7839c8f73716" executionId="56006cba-cb3a-4159-9a52-d8d04df2f731" testListId="8c84fa94-04c1-424b-9868-57a2d4851a1d" />
  </TestEntries>
  <Results>
    <UnitTestResult executionId="56006cba-cb3a-4159-9a52-d8d04df2f731" testId="ab441b29-9837-01bf-f43f-7839c8f73716" testName="createTimetableInstanceTest" computerName="FLOLAP-PC" duration="00:00:07.1559955" startTime="2011-10-19T19:45:28.5209982+02:00" endTime="2011-10-19T19:45:36.9250933+02:00" testType="13cdc9d9-ddb5-4fa4-a97d-d965ccfc6d4b" outcome="Passed" testListId="8c84fa94-04c1-424b-9868-57a2d4851a1d" relativeResultsDirectory="56006cba-cb3a-4159-9a52-d8d04df2f731">
      <Output>
        <DebugTrace>Time to create population of size 75: 560ms
570
516
475
473
461
458
457
457
438
432
416
412
393
391
390
387
341
335
335
331
318
307
307
305
303
293
280
278
273
273
265
263
261
257
254
250
244
234
219
209
208
204
196
178
177
167
165
162
161
160
158
148
132
128
118
116
113
112
90
86
84
78
72
61
32
20
5
-8
-12
-24
-58
-107
-134
-164
-166
Early abort after 152 generations.
Mean time per generation: 40ms
Mean fitness increase per generation
151
98
59
56
48
41
37
36
27
20
14
13
8
11
10
12
9
7
9
6
11
8
8
9
9
8
11
11
11
14
12
12
11
13
10
10
9
6
6
7
6
4
4
4
4
6
6
5
3
6
5
3
3
4
5
5
6
2
4
2
2
4
3
5
4
3
4
2
3
4
3
2
3
3
3
3
3
2
3
2
3
3
2
2
2
2
2
3
2
3
3
2
2
3
1
3
2
1
2
2
1
2
2
1
2
2
5
3
5
4
1
0
1
0
1
0
2
1
1
1
2
2
2
2
0
1
0
0
0
0
0
0
0
1
0
0
0
0
1
0
1
1
0
1
0
1
0
1
0
1
0
1
0
Evolution time: 6262ms
1351
1349
1348
1347
1347
1346
1346
1345
1345
1344
1343
1343
1341
1340
1340
1339
1337
1337
1336
1336
1336
1335
1335
1334
1334
1334
1334
1334
1334
1334
1334
1334
1334
1333
1333
1333
1333
1332
1332
1331
1331
1331
1331
1331
1331
1331
1331
1331
1331
1331
1331
1331
1331
1331
1331
1331
1331
1331
1331
1331
1331
1331
1331
1331
1331
1331
1331
1331
1331
1331
1331
1331
1331
1331
1331

Group 0
Block 0: 011 000 004 007 010 
Block 1: 006 005 003 009 012 
Block 2: 001 008 --- 002 012 
Block 3: --- --- --- --- --- 
Block 4: --- --- --- --- --- 
Block 5: --- --- --- --- --- 

Group 1
Block 0: 014 013 --- 024 020 
Block 1: 015 018 --- 017 022 
Block 2: 016 018 --- 017 021 
Block 3: 025 023 019 --- --- 
Block 4: --- --- --- --- --- 
Block 5: --- --- --- --- --- 

Group 2
Block 0: --- 033 --- 028 --- 
Block 1: 030 026 --- 027 --- 
Block 2: 035 031 --- 032 --- 
Block 3: x34 --- x36 --- 029 
Block 4: --- --- --- --- --- 
Block 5: --- --- --- --- --- 

Group 3
Block 0: --- --- 043 041 044 
Block 1: --- 038 039 042 037 
Block 2: --- --- --- --- --- 
Block 3: --- --- 040 --- --- 
Block 4: --- --- x45 --- --- 
Block 5: x46 --- x45 --- --- 
</DebugTrace>
      </Output>
    </UnitTestResult>
  </Results>
</TestRun>