<?xml version="1.0" encoding="UTF-8"?>
<TestRun id="fe5b0cf5-2d4a-41c5-9046-c59ed8ae7452" name="FloLap@FLOLAP-PC 2011-10-12 19:17:50" runUser="FloLap-PC\FloLap" xmlns="http://microsoft.com/schemas/VisualStudio/TeamTest/2010">
  <TestSettings name="Lokal" id="6ed96bb3-d821-4eee-a79d-3a3069da9890">
    <Description>Dies sind die standardmäßigen Testeinstellungen für einen lokalen Testlauf.</Description>
    <Deployment enabled="false" runDeploymentRoot="FloLap_FLOLAP-PC 2011-10-12 19_17_50">
      <DeploymentItem filename="E:\HsKA\Semester2\Projektarbeit\Stundenplangenerator\TimetablePlanner\TimetablePlanner\bin\Debug\TimetablePlanner.dll" />
    </Deployment>
    <Execution>
      <TestTypeSpecific />
      <AgentRule name="Execution Agents">
      </AgentRule>
    </Execution>
  </TestSettings>
  <Times creation="2011-10-12T19:17:50.5198261+02:00" queuing="2011-10-12T19:17:51.6508908+02:00" start="2011-10-12T19:17:51.7358957+02:00" finish="2011-10-12T19:18:44.0738893+02:00" />
  <ResultSummary outcome="Completed">
    <Counters total="1" executed="1" passed="1" error="0" failed="0" timeout="0" aborted="0" inconclusive="0" passedButRunAborted="0" notRunnable="0" notExecuted="0" disconnected="0" warning="0" completed="0" inProgress="0" pending="0" />
  </ResultSummary>
  <TestDefinitions>
    <UnitTest name="createTimetableInstanceTest" storage="e:\hska\semester2\projektarbeit\stundenplangenerator\timetableplanner\timetableplannertests\bin\debug\timetableplannertests.dll" id="ab441b29-9837-01bf-f43f-7839c8f73716">
      <Execution id="50ab679f-9818-4a9f-ac09-300b7686563e" />
      <TestMethod codeBase="E:/HsKA/Semester2/Projektarbeit/Stundenplangenerator/TimetablePlanner/TimetablePlannerTests/bin/Debug/TimetablePlannerTests.DLL" adapterTypeName="Microsoft.VisualStudio.TestTools.TestTypes.Unit.UnitTestAdapter, Microsoft.VisualStudio.QualityTools.Tips.UnitTest.Adapter, Version=10.0.0.0, Culture=neutral, PublicKeyToken=b03f5f7f11d50a3a" className="TimetablePlannerTests.TimetableTest, TimetablePlannerTests, Version=1.0.0.0, Culture=neutral, PublicKeyToken=null" name="createTimetableInstanceTest" />
    </UnitTest>
  </TestDefinitions>
  <TestLists>
    <TestList name="Nicht in einer Liste enthaltene Ergebnisse" id="8c84fa94-04c1-424b-9868-57a2d4851a1d" />
    <TestList name="Alle geladenen Ergebnisse" id="19431567-8539-422a-85d7-44ee4e166bda" />
  </TestLists>
  <TestEntries>
    <TestEntry testId="ab441b29-9837-01bf-f43f-7839c8f73716" executionId="50ab679f-9818-4a9f-ac09-300b7686563e" testListId="8c84fa94-04c1-424b-9868-57a2d4851a1d" />
  </TestEntries>
  <Results>
    <UnitTestResult executionId="50ab679f-9818-4a9f-ac09-300b7686563e" testId="ab441b29-9837-01bf-f43f-7839c8f73716" testName="createTimetableInstanceTest" computerName="FLOLAP-PC" duration="00:00:50.8147696" startTime="2011-10-12T19:17:51.7998994+02:00" endTime="2011-10-12T19:18:43.9658831+02:00" testType="13cdc9d9-ddb5-4fa4-a97d-d965ccfc6d4b" outcome="Passed" testListId="8c84fa94-04c1-424b-9868-57a2d4851a1d" relativeResultsDirectory="50ab679f-9818-4a9f-ac09-300b7686563e">
      <Output>
        <DebugTrace>Time to create population of size 50: 274ms
-38: 000,037,037,000,000,000,000,000,000,025,000,000,000,000,000,000,000,000,000,000,000,000,000,000,000,020,038,000,000,000,000,000,000,000,000,000,006,000,000,000,005,000,017,017,017,000,000,000,000,000,000,000,000,000,032,000,000,010,000,000,000,000,000,000,000,000,000,000,000,000,000,022,000,000,003,000,000,000,000,007,000,000,000,000,000,000,000,000,000,000,000,000,000,000,000,000,004,000,000,000,000,000,000,000,000,000,000,000,029,000,000,016,000,000,000,000,000,000,000,000,000,000,000,000,034,000,031,000,000,000,000,000,000,000,000,003,000,000,000,000,000,000,000,000,000,000,009,000,000,000,024,000,012,000,000,000,013,000,000,000,000,000,000,000,000,000,000,000,000,000,021,000,000,000,018,000,000,028,028,028,002,000,000,000,000,000,000,014,000,000,000,000,000,000,000,000,000,000,000,000,000,000,000,000,000,000,015,016,000,000,000,000,000,000,000,000,000,000,000,000,000,000,000,000,000,036,026,000,000,000,000,000,000,000,000,019,000,000,000,000,008,008,000,000,000,000,000,000,000,000,001,000,000,000,010,000,000,000,000,000,000,000,000,000,000,000,000,000,000,000,000,000,000,000,000,000,000,000,005,000,000,000,000,000,000,000,000,001,000,000,000,000,000,000,027,000,000,000,000,000,000,000,000,000,000,000,000,000,000,000,000,000,000,000,000,000,023,000,009,000,000,000,000,000,000,000,030,000,000,000,000,000,000,011,011,000,000,000,000,006,000,000,033,000,007,000,000,000,000,000,000,011,011,000,000,035,000,000,000,000,
-40: 000,011,011,000,000,000,000,027,000,000,000,000,000,000,000,005,000,000,000,000,005,000,000,000,000,000,000,000,000,000,016,000,000,000,000,000,000,032,000,000,000,000,000,000,010,000,000,000,000,000,000,000,000,000,000,000,007,000,000,000,000,001,000,000,000,000,000,000,000,025,000,000,000,008,008,000,000,000,000,000,000,000,000,000,000,001,000,000,000,000,000,000,000,000,000,000,000,000,000,000,000,000,000,000,031,000,000,000,004,000,020,000,000,000,000,000,000,006,000,000,000,000,000,018,000,000,000,000,000,000,000,000,006,000,000,000,000,000,000,000,000,000,000,000,026,000,000,000,000,000,000,000,000,000,000,000,000,000,000,038,000,000,000,000,000,000,000,000,033,000,000,000,000,000,000,000,000,000,000,000,000,000,000,000,000,000,000,000,000,000,000,000,000,000,000,000,000,000,021,000,000,013,000,000,000,000,000,003,000,000,000,000,000,000,016,000,000,022,000,000,003,000,000,000,000,000,000,000,000,000,002,000,015,000,000,000,012,014,000,000,000,010,037,037,000,000,000,000,000,000,000,000,009,000,000,000,000,000,000,000,000,000,000,000,000,000,000,011,011,000,024,000,036,034,000,029,000,000,000,028,028,028,000,000,000,000,000,000,000,000,000,000,000,000,035,000,000,000,000,000,000,000,000,000,019,000,000,000,000,030,007,000,000,017,017,017,000,000,000,000,000,000,000,000,000,000,000,000,000,000,000,000,000,000,000,000,000,000,000,000,000,023,000,009,000,000,000,000,000,000,000,000,000,000,000,000,000,000,000,000,
-45: 000,000,000,000,000,000,000,000,000,023,000,000,033,000,000,000,000,000,000,000,000,000,000,000,009,000,027,000,000,000,000,000,000,000,000,000,000,000,005,000,000,000,000,000,000,005,000,000,000,001,000,000,000,000,000,000,000,000,000,000,000,001,004,000,000,000,000,000,000,000,000,000,034,000,000,000,026,000,000,000,000,037,037,000,000,000,000,000,000,000,000,000,006,000,000,000,000,000,000,010,019,000,000,000,000,000,022,000,000,000,000,021,032,000,000,000,000,000,000,000,000,000,000,000,000,000,000,000,000,000,000,000,000,000,000,000,015,000,000,000,000,000,000,000,009,000,000,011,011,000,000,000,000,000,000,000,000,000,000,000,000,000,029,000,000,000,000,000,000,000,017,017,017,000,000,000,000,000,003,000,000,000,000,000,000,000,000,000,000,000,000,000,000,000,014,031,000,000,000,000,000,000,000,000,000,000,000,000,024,000,000,000,000,000,000,000,000,000,000,000,000,000,000,016,000,000,000,000,000,013,000,000,000,000,000,000,000,035,000,000,000,000,000,000,000,000,000,000,000,000,000,000,000,000,000,000,000,000,000,000,002,000,020,000,025,000,018,000,000,000,000,007,000,008,008,012,007,000,000,000,000,000,000,000,000,000,000,000,000,000,000,000,000,000,000,000,000,000,000,000,000,000,000,006,030,000,000,028,028,028,000,000,000,038,000,000,000,000,000,000,000,000,000,000,000,000,000,000,000,000,000,003,000,000,000,000,000,000,000,016,000,000,000,000,000,000,000,000,010,000,000,000,036,000,000,011,011,000,000,000,
-45: 000,023,000,000,000,000,007,000,000,000,000,000,000,000,000,000,000,000,000,000,000,000,000,000,000,000,000,000,000,000,000,000,000,000,000,000,000,000,000,000,000,000,000,029,000,000,000,010,000,000,000,030,000,000,000,000,000,000,021,000,000,000,032,000,000,000,000,000,033,000,000,000,000,000,000,000,000,000,000,000,000,000,000,000,000,000,000,000,000,000,000,005,000,016,000,000,000,000,000,000,000,000,037,037,000,000,008,008,000,000,000,015,000,000,000,000,000,000,000,000,000,001,000,000,001,000,000,000,000,000,000,000,000,028,028,028,000,006,000,000,000,000,000,000,000,000,000,000,000,000,000,000,000,007,000,000,000,000,000,000,000,000,000,000,000,000,000,000,027,025,000,000,000,000,000,000,011,011,000,000,000,000,000,000,000,000,013,000,017,017,017,000,000,000,000,000,000,004,000,031,003,000,000,000,000,000,000,003,000,000,000,000,000,000,000,000,000,000,009,000,000,000,034,000,000,000,026,000,000,000,000,000,000,000,000,000,000,000,000,000,000,000,000,000,000,000,038,000,000,000,000,000,035,000,000,000,000,000,000,000,000,002,000,000,000,016,000,000,000,000,000,000,000,000,022,020,000,000,036,000,000,000,000,000,000,000,000,000,000,018,000,006,000,000,000,000,000,019,000,000,024,011,011,009,000,000,000,000,000,014,000,000,000,005,000,000,000,000,000,010,000,000,000,000,000,000,000,000,000,000,000,000,000,000,000,000,000,000,000,000,000,000,000,000,000,000,000,000,000,000,000,000,000,000,012,000,000,000,000,000,
-45: 000,000,000,000,000,000,000,023,000,000,000,000,025,000,017,017,017,000,000,000,000,000,004,000,000,010,000,000,000,000,000,000,000,000,000,000,000,011,011,000,000,000,000,000,035,003,000,000,000,000,000,000,000,000,000,000,000,016,000,000,000,000,000,000,000,000,000,022,016,000,000,000,034,033,000,000,000,000,037,037,000,000,000,000,000,000,000,000,000,000,000,000,000,000,000,000,001,000,000,000,000,000,000,000,000,000,000,000,000,000,000,000,000,006,030,000,000,000,000,000,000,000,000,000,000,000,000,000,000,000,038,000,000,000,000,021,000,000,000,000,006,000,000,000,000,000,000,000,000,000,000,000,002,007,000,000,000,028,028,028,000,000,000,000,000,000,000,000,019,000,000,000,000,029,000,000,000,000,000,000,000,000,000,027,000,000,000,000,010,000,000,000,000,015,000,000,000,000,000,000,008,008,000,000,000,000,000,031,000,000,000,000,000,000,000,000,000,009,000,000,000,000,000,000,000,000,000,000,000,000,000,000,009,000,000,000,000,000,000,000,018,000,000,005,000,000,000,000,000,000,011,011,000,000,000,000,000,000,024,000,000,000,000,000,020,000,000,000,013,000,000,000,005,000,014,000,000,000,000,000,000,032,000,000,000,000,000,000,001,000,000,000,000,000,000,000,000,000,012,000,000,000,000,000,000,000,000,000,000,000,000,000,000,000,000,000,003,000,036,000,000,000,000,000,000,000,000,000,000,000,000,000,000,000,000,000,000,026,000,007,000,000,000,000,000,000,000,000,000,000,000,000,000,000,000,000,000,000,000,000,
-46: 000,000,000,008,008,000,000,000,000,013,000,000,000,000,000,000,000,000,003,000,000,000,000,000,000,000,000,000,000,000,000,001,000,000,000,007,000,000,000,000,000,000,000,000,000,000,000,000,000,000,000,000,000,000,000,004,000,000,000,000,000,000,032,000,012,000,000,000,000,000,000,000,000,000,000,000,000,000,000,000,000,000,000,000,000,000,030,000,000,000,000,000,000,000,000,000,000,000,000,000,000,000,000,000,000,000,000,000,000,035,000,000,000,000,000,000,015,000,027,000,021,000,005,000,000,000,000,000,000,000,000,000,000,000,000,000,000,000,033,010,000,000,000,000,000,005,000,000,000,000,000,016,009,000,000,000,000,000,000,018,000,000,000,000,019,000,000,000,000,000,000,037,037,000,000,000,000,000,000,000,000,000,000,016,000,000,000,000,000,000,010,000,000,000,000,000,000,000,000,000,000,000,000,000,017,017,017,000,000,034,000,000,000,000,000,000,000,000,000,025,020,000,000,000,006,000,000,003,000,000,000,000,023,000,000,000,000,000,000,026,000,000,000,029,000,000,000,000,000,000,000,000,000,000,000,000,000,022,024,000,000,000,000,000,011,011,000,000,000,000,006,000,036,000,000,000,000,000,000,000,000,000,000,000,000,000,000,000,000,000,000,000,000,000,000,002,000,009,000,000,038,000,000,000,000,000,014,000,000,000,000,000,000,031,000,000,000,000,000,000,000,000,000,000,000,000,028,028,028,000,000,000,000,000,000,000,000,001,011,011,000,000,000,000,000,000,000,000,000,007,000,000,000,000,000,000,000,000,000,000,
-47: 000,000,013,000,000,000,000,000,000,000,000,000,000,000,000,000,000,000,000,000,035,000,000,003,000,000,000,000,000,000,000,000,000,000,000,000,000,017,017,017,000,000,000,000,000,000,036,000,000,000,000,000,000,000,000,000,000,000,000,000,000,009,000,000,000,000,000,026,000,000,000,000,000,000,000,000,000,000,000,000,000,000,000,000,000,000,011,011,000,000,000,000,000,000,000,000,000,019,000,000,000,000,000,000,000,000,001,000,000,000,000,000,000,000,000,000,000,000,000,000,000,000,000,000,030,000,000,012,000,020,000,000,000,000,000,000,000,000,022,000,000,000,000,000,000,000,000,029,000,000,000,000,000,000,000,000,000,000,000,000,000,000,000,000,000,000,000,000,000,000,000,000,000,000,000,000,000,000,000,018,000,000,000,000,000,000,000,005,000,003,000,000,008,008,000,000,000,000,000,000,021,000,000,000,000,000,000,015,000,000,000,000,000,000,000,000,001,000,000,000,000,000,000,000,000,037,037,000,000,000,000,000,004,000,000,000,000,034,000,000,006,000,000,000,000,000,016,000,000,000,000,000,000,000,000,000,000,000,000,000,000,000,000,007,025,000,000,000,000,000,000,010,000,032,010,000,000,038,000,000,000,000,000,000,000,009,000,000,000,000,000,000,000,000,000,000,014,000,000,000,028,028,028,000,006,000,000,000,011,011,000,000,000,000,000,000,000,000,000,000,000,000,000,005,000,000,016,000,023,000,000,024,000,027,000,000,000,000,000,031,000,000,000,000,000,007,000,000,000,000,000,033,000,000,000,002,000,000,000,000,
-47: 000,000,000,000,000,000,000,000,000,000,000,000,000,000,000,000,000,000,000,000,000,000,000,000,000,000,009,000,000,000,000,000,000,000,000,000,000,000,000,000,000,000,000,000,019,000,000,000,000,000,014,000,000,000,000,000,000,000,002,000,000,000,001,000,000,000,000,000,000,000,000,000,000,000,000,000,000,000,000,000,000,000,000,000,000,000,000,000,000,000,024,000,000,003,000,000,000,000,000,000,000,000,011,011,000,000,022,000,029,000,000,000,000,016,031,000,000,000,000,000,000,000,000,028,028,028,000,000,013,000,000,000,000,000,000,000,000,000,000,038,000,000,000,000,000,000,000,000,000,000,000,000,000,000,000,000,000,000,000,000,000,010,000,023,000,000,000,000,010,000,000,005,000,000,000,027,020,000,000,000,000,000,016,000,000,000,000,032,000,030,025,000,000,034,000,000,000,000,000,000,001,000,000,000,000,000,000,007,035,000,000,000,000,000,000,000,000,000,000,000,000,000,000,000,000,000,000,000,000,000,000,000,000,000,000,000,000,000,000,000,000,000,000,012,000,000,000,000,000,000,000,000,000,006,000,007,000,000,000,000,000,015,000,000,000,000,000,000,000,000,000,000,009,000,000,000,000,000,018,000,000,000,000,000,000,017,017,017,000,000,000,000,000,021,000,000,000,000,005,000,000,000,000,000,000,000,000,000,000,033,000,000,000,000,037,037,000,000,000,000,000,006,000,000,003,000,000,000,000,000,000,000,036,000,000,000,000,026,000,000,000,000,004,000,000,000,000,000,000,011,011,000,000,000,000,000,008,008,000,000,
-50: 000,000,000,000,000,000,009,000,000,000,000,000,000,009,000,000,000,000,000,000,022,000,000,000,000,000,035,000,000,007,000,000,000,000,000,000,000,000,000,030,000,000,000,000,000,000,000,000,000,006,000,000,000,000,033,000,000,000,000,000,000,000,000,000,000,005,000,012,029,000,000,000,000,000,000,000,000,000,028,028,028,034,000,000,000,000,000,000,000,003,038,000,000,000,000,000,000,000,000,000,000,000,000,000,024,000,000,000,016,000,037,037,000,000,000,000,000,011,011,000,000,000,010,000,000,000,000,000,000,000,000,000,000,000,000,000,000,000,000,000,000,025,000,000,000,000,000,000,004,000,000,000,000,000,000,000,000,000,000,000,000,000,016,000,000,000,000,000,000,000,000,000,000,000,000,000,000,000,000,000,000,000,000,015,000,000,000,021,000,000,000,000,000,000,013,000,000,000,006,000,000,000,007,000,000,000,000,000,000,000,000,000,008,008,005,000,000,000,000,014,000,000,000,000,000,011,011,000,000,000,000,000,000,001,000,000,000,000,000,000,000,020,000,023,000,018,001,000,000,000,000,000,000,000,000,000,000,000,000,036,000,000,000,000,000,000,000,000,000,000,000,000,026,000,000,000,000,000,000,000,019,000,000,000,017,017,017,000,000,000,000,000,027,000,000,000,000,000,000,000,010,000,000,000,000,000,000,000,003,000,000,000,000,000,000,000,000,000,000,000,000,000,000,000,002,000,000,000,000,000,000,000,000,000,000,000,000,000,000,000,000,000,000,000,000,000,000,000,000,000,000,000,031,000,000,000,000,032,000,000,
-51: 027,000,000,000,000,022,000,016,001,000,000,026,000,000,000,000,010,000,036,000,000,000,000,000,000,000,013,000,025,000,000,000,000,000,000,000,000,000,000,000,003,000,028,028,028,000,000,000,000,000,000,000,000,000,000,000,000,000,000,000,000,000,000,000,000,000,000,000,000,000,000,031,000,000,000,000,000,000,011,011,000,000,000,000,000,008,008,000,000,006,000,011,011,009,000,000,000,000,000,000,000,000,037,037,016,000,000,000,000,000,000,015,000,000,000,000,000,019,000,000,000,000,000,000,000,000,000,000,000,000,000,000,000,000,000,000,000,000,000,000,000,018,000,000,000,000,000,000,000,000,000,000,000,000,000,000,000,000,000,000,000,005,021,003,000,000,000,000,000,000,000,000,000,000,000,038,000,000,000,000,000,000,000,000,000,000,000,020,035,000,000,000,012,000,000,002,000,000,000,000,000,000,000,000,000,000,000,000,000,000,000,000,000,000,001,000,000,000,000,000,000,000,000,000,000,000,000,000,009,000,000,000,000,000,030,000,000,000,000,000,000,000,000,000,000,000,014,000,000,007,000,000,000,000,000,000,000,000,000,000,000,000,000,000,000,000,000,000,000,000,000,000,000,000,000,000,004,024,000,000,000,006,000,000,000,000,000,000,000,000,000,000,010,000,000,000,000,000,000,000,000,000,032,000,000,000,000,000,000,000,000,029,000,000,000,000,000,000,000,000,017,017,017,000,000,007,000,000,000,034,000,000,000,000,000,000,000,000,000,000,000,000,000,000,005,000,000,000,000,000,000,000,000,000,023,000,033,000,000,000,
-51: 000,000,000,000,000,000,000,000,000,000,000,005,000,000,000,000,000,000,000,000,000,000,000,025,000,000,000,000,000,000,000,000,000,000,023,000,000,000,000,000,000,000,000,000,000,000,015,000,000,000,020,000,000,000,000,000,000,000,000,000,000,000,000,000,000,000,028,028,028,000,000,000,000,000,000,000,000,000,000,000,000,000,000,000,000,000,000,000,000,000,000,000,000,000,000,000,001,000,000,000,000,000,000,000,000,000,000,000,000,000,000,029,000,000,000,000,000,000,000,000,000,000,035,000,000,000,000,000,000,000,000,000,000,017,017,017,000,000,000,000,000,000,000,000,000,013,000,000,000,000,007,000,024,000,000,000,000,000,000,000,000,036,016,016,000,000,000,000,000,000,000,011,011,000,000,000,003,000,000,000,027,000,000,000,000,000,011,011,012,000,000,000,000,000,000,000,000,000,000,000,000,000,000,006,004,000,000,008,008,000,000,000,010,000,000,000,007,000,000,000,000,000,000,000,037,037,000,000,000,000,000,000,000,000,033,000,000,000,000,000,000,005,000,000,000,000,000,000,021,000,000,032,031,000,000,000,000,034,000,000,022,000,000,000,000,003,000,000,000,000,000,000,000,000,000,000,000,000,000,000,000,000,000,000,000,000,000,000,000,000,000,000,000,000,000,006,000,019,009,000,000,000,000,000,000,000,009,000,000,000,000,000,000,000,000,000,000,000,014,000,000,000,000,002,000,000,000,000,000,000,000,000,000,000,000,000,000,038,000,001,000,010,000,000,000,000,000,000,000,018,000,000,000,000,000,000,026,000,030,000,
-54: 000,000,000,008,008,000,000,000,000,002,000,000,000,000,000,000,000,000,000,000,000,035,000,000,000,000,000,000,000,000,000,000,000,000,007,000,000,021,000,000,000,022,000,000,000,000,000,000,032,016,000,000,000,000,000,000,000,000,000,000,000,034,000,000,011,011,000,000,000,000,000,000,000,000,000,000,000,000,000,000,000,000,000,000,000,000,000,000,000,000,000,000,000,000,000,000,000,000,000,000,013,000,020,000,000,000,000,000,000,033,000,000,000,000,000,000,006,000,000,000,000,000,000,000,000,000,000,000,000,000,006,000,001,000,000,000,000,000,000,010,000,000,000,000,000,005,003,028,028,028,000,000,000,003,031,000,000,000,000,000,000,000,000,000,000,000,000,000,000,029,000,000,018,000,000,000,000,000,000,000,000,000,000,000,000,000,000,000,000,000,036,000,009,000,000,001,000,000,000,027,000,000,000,000,010,023,024,000,000,016,000,000,000,000,000,000,000,000,000,000,000,000,014,000,000,000,000,000,025,000,000,000,000,000,000,000,000,000,000,000,000,037,037,000,000,000,007,000,000,000,000,000,012,000,000,000,000,000,000,000,000,000,000,000,038,000,000,000,000,000,000,017,017,017,000,000,000,000,000,000,000,005,000,000,000,000,000,000,019,000,000,000,000,000,000,000,000,000,000,000,000,000,000,011,011,000,000,000,004,000,000,000,000,000,000,000,000,000,000,000,000,000,000,000,000,000,000,000,030,000,000,000,000,000,000,000,000,000,000,000,000,000,000,000,000,000,000,015,009,026,000,000,000,000,000,000,000,000,000,000,
-55: 022,000,000,000,000,000,000,000,024,000,000,000,011,011,000,000,000,000,000,000,005,000,000,000,000,000,000,000,000,000,000,000,000,000,000,000,000,000,000,000,000,000,000,000,007,001,000,000,000,000,000,000,000,000,000,000,000,000,000,000,000,000,000,000,000,000,000,000,000,000,000,000,000,000,000,000,000,000,000,000,000,000,000,000,006,000,004,000,000,000,000,021,012,000,000,000,000,000,000,000,000,010,000,000,000,000,000,000,000,000,000,000,000,026,000,000,000,000,000,000,000,000,000,000,000,000,000,000,000,000,000,000,000,000,000,000,000,000,031,000,000,000,013,000,000,007,000,000,000,034,000,000,000,000,000,000,000,000,000,011,011,000,000,000,000,000,000,000,000,016,000,000,000,000,015,001,000,000,000,036,000,008,008,000,000,000,000,000,000,000,000,000,000,037,037,000,000,000,000,000,000,000,000,000,000,000,000,000,000,000,000,000,000,000,000,000,000,000,000,000,006,020,000,000,000,000,000,000,000,000,032,000,000,000,002,029,000,023,000,000,000,000,000,003,000,000,000,000,000,000,000,000,017,017,017,009,000,000,025,000,003,035,000,010,000,000,000,000,000,038,000,000,000,000,000,014,000,033,000,000,000,000,000,000,000,000,000,000,000,000,000,000,000,000,000,000,000,000,000,000,000,000,000,000,005,000,000,016,000,000,000,000,000,018,000,000,000,000,000,000,000,000,000,000,000,000,000,000,000,000,000,000,000,000,000,000,000,000,000,000,000,009,028,028,028,000,000,027,000,000,000,000,000,000,000,000,030,019,000,000,
-55: 000,013,000,000,000,000,000,000,000,000,000,000,000,026,000,000,000,000,000,000,000,000,000,000,000,000,000,000,000,000,023,000,000,000,000,000,000,000,000,000,000,000,000,000,000,000,000,000,000,000,000,000,000,000,024,000,000,000,000,025,000,000,000,000,000,000,028,028,028,000,000,000,000,000,010,000,000,000,000,000,000,000,000,000,016,000,003,000,000,000,000,000,000,002,000,000,000,000,000,000,000,000,000,000,007,000,000,021,004,000,020,000,000,000,000,000,000,009,000,000,000,000,000,000,015,000,008,008,000,030,000,000,000,000,000,000,000,018,000,000,000,000,000,000,000,000,000,000,000,000,000,000,005,000,000,000,000,006,000,000,000,009,000,000,029,000,022,038,000,005,000,000,000,000,000,000,000,036,000,000,014,006,000,000,000,000,037,037,000,000,000,000,000,000,000,000,000,000,000,000,000,000,000,000,000,000,000,000,001,027,000,000,000,000,000,000,035,000,000,000,000,000,000,000,000,000,000,000,000,000,011,011,000,033,000,000,000,031,000,000,000,000,000,000,000,000,000,000,000,000,000,000,001,000,000,000,000,000,000,000,000,000,003,000,000,000,000,000,000,000,000,012,000,000,000,000,000,000,000,000,000,000,000,000,000,000,000,000,000,000,000,000,000,000,000,019,000,000,000,000,032,000,016,034,000,000,000,000,000,000,000,000,000,000,000,000,000,000,000,000,000,000,000,000,000,000,000,017,017,017,000,000,000,000,000,000,000,000,000,000,000,000,000,000,011,011,007,000,000,000,000,000,000,000,000,000,000,000,010,000,
-55: 000,003,000,000,000,000,000,000,000,000,008,008,000,000,006,000,000,000,000,000,017,017,017,003,000,000,015,000,000,000,000,000,000,000,000,000,035,000,000,000,000,000,000,000,019,000,000,012,000,000,000,000,000,007,000,000,000,000,036,000,000,000,000,000,000,000,000,000,000,000,000,009,000,022,000,000,000,000,011,011,000,016,000,000,000,000,000,000,000,000,000,016,000,000,000,000,000,000,000,000,000,000,000,000,031,000,000,020,000,000,000,000,000,000,000,000,000,001,000,000,000,000,013,000,000,000,000,000,000,000,000,000,000,000,000,000,000,000,010,007,000,000,000,000,037,037,026,000,000,000,000,028,028,028,000,000,000,000,000,000,000,000,005,000,000,000,000,000,000,000,000,000,000,000,000,000,000,000,000,000,000,000,000,000,000,000,000,000,000,000,000,000,000,000,000,000,000,000,000,005,004,000,000,000,000,000,006,000,000,000,000,000,000,000,000,000,000,000,000,000,000,000,000,000,000,000,000,000,000,000,034,000,000,000,027,000,000,000,000,000,024,000,023,000,000,000,000,000,038,010,000,000,011,011,000,000,000,000,000,002,000,000,000,000,000,000,000,000,025,021,000,000,000,000,014,000,000,000,000,000,000,030,000,000,000,000,000,000,000,000,000,000,000,000,000,000,000,000,000,000,000,000,000,000,000,000,000,000,000,032,000,000,000,000,000,000,000,000,000,000,000,029,018,000,000,001,000,000,000,000,000,000,009,000,000,000,000,000,000,000,000,033,000,000,000,000,000,000,000,000,000,000,000,000,000,000,000,000,000,000,
-56: 000,000,000,000,000,000,000,000,000,000,000,000,000,000,000,000,007,000,000,000,000,000,000,000,000,000,000,000,000,000,033,000,000,000,000,000,000,000,017,017,017,000,000,000,000,015,000,000,000,000,000,000,000,000,000,000,000,000,000,000,011,011,000,000,000,000,000,000,000,000,000,000,000,000,000,000,000,000,000,000,003,000,000,000,000,000,000,000,000,000,000,016,000,000,000,000,000,000,000,000,000,000,004,000,006,000,000,000,000,000,000,037,037,000,000,009,000,030,000,002,000,000,000,000,034,000,000,000,000,000,000,009,000,000,000,038,000,000,000,000,000,000,000,000,000,000,000,000,000,000,000,000,022,000,000,000,000,000,011,011,000,000,000,000,000,013,000,000,000,000,000,000,000,000,000,000,000,018,000,000,000,008,008,025,000,000,000,000,000,000,000,000,000,019,026,000,010,000,000,000,000,010,000,000,000,000,000,000,000,000,000,000,000,000,023,032,016,000,000,000,000,000,000,000,000,000,005,000,000,000,000,029,000,000,000,000,000,000,000,031,000,000,003,000,000,000,000,036,024,000,000,000,000,005,000,000,000,000,000,006,000,000,000,000,000,000,000,027,000,035,000,000,000,000,000,001,000,000,000,000,000,000,000,000,000,000,000,000,001,000,000,000,000,000,000,000,000,000,000,000,000,000,000,000,000,000,007,000,000,000,000,000,000,000,000,000,012,020,028,028,028,000,000,000,000,000,000,000,000,000,000,014,000,000,000,000,000,000,000,000,000,000,000,000,021,000,000,000,000,000,000,000,000,000,000,000,000,000,000,000,
-56: 000,000,000,012,000,000,000,000,000,000,000,000,000,000,000,000,000,000,000,005,000,029,000,036,000,009,000,028,028,028,000,000,000,000,000,000,000,000,020,008,008,004,000,000,000,000,000,000,000,000,035,000,000,000,000,000,000,000,000,034,011,011,000,000,016,000,000,000,000,032,000,000,000,000,031,000,000,000,000,000,000,000,000,000,000,000,016,000,000,000,000,000,000,000,000,000,018,000,000,000,023,000,000,005,000,006,000,000,000,000,000,000,000,000,038,000,000,000,000,000,000,000,000,000,000,000,000,000,000,000,000,000,017,017,017,000,000,000,000,024,000,000,000,000,000,000,000,000,006,000,000,000,001,000,000,009,000,000,000,000,000,000,000,000,000,000,000,000,019,000,000,000,000,000,000,000,000,000,000,000,000,000,000,000,000,000,000,000,000,000,000,000,010,000,000,000,026,010,000,030,000,000,000,000,000,000,000,000,000,000,000,000,000,000,000,000,000,000,000,000,000,000,000,000,000,000,000,000,000,000,000,000,000,000,000,000,003,000,000,000,000,001,000,000,000,033,000,025,000,000,000,000,000,000,000,000,000,000,000,000,000,000,000,000,022,000,000,000,000,000,000,000,000,000,000,000,000,000,002,000,000,000,000,000,007,037,037,000,000,000,000,000,021,000,000,000,013,000,000,000,000,000,000,014,000,000,015,000,000,000,000,000,000,000,000,000,000,000,000,000,000,000,000,000,000,000,007,000,000,000,000,000,000,000,000,027,000,000,000,000,000,000,000,003,000,000,000,000,000,011,011,000,000,000,000,000,000,000,000,000,
-57: 000,000,000,000,000,000,000,035,000,000,000,000,000,000,000,000,000,000,000,000,000,000,000,000,000,000,000,000,000,000,000,000,000,000,000,000,000,000,000,000,000,000,000,000,000,000,000,000,000,000,000,015,000,014,000,000,023,000,000,000,000,000,025,000,000,000,000,000,000,000,000,000,000,000,000,000,000,000,016,000,016,000,000,000,003,000,000,000,000,000,037,037,000,000,000,006,000,000,000,000,000,000,000,000,029,000,000,000,000,000,026,000,000,000,007,000,000,000,007,000,000,000,000,000,000,000,020,000,000,000,000,000,000,000,000,000,000,000,005,000,000,000,000,000,001,000,000,000,000,010,000,000,000,004,000,000,000,011,011,000,000,000,000,000,000,000,010,000,017,017,017,000,000,000,000,000,000,000,000,000,000,000,000,000,000,038,000,000,000,000,000,000,000,000,000,000,000,000,000,018,000,000,009,000,000,000,000,000,000,000,000,000,000,000,000,036,000,000,000,001,000,000,000,028,028,028,000,000,031,000,000,034,000,000,000,000,013,000,000,000,024,000,000,000,000,000,000,000,000,000,000,000,000,000,000,000,000,021,000,000,000,000,000,022,030,000,000,000,000,000,000,000,000,000,000,000,002,000,000,000,000,000,000,000,000,000,000,000,000,003,000,000,000,000,000,000,000,000,009,000,000,000,000,000,000,000,006,000,000,027,008,008,011,011,000,000,000,000,000,000,000,005,000,000,012,000,000,000,000,000,000,000,000,000,000,019,000,000,000,000,000,000,000,000,000,000,000,033,000,000,032,000,000,000,000,000,000,000,000,000,
-59: 000,006,000,000,000,000,000,000,000,008,008,000,000,000,000,000,000,000,000,017,017,017,018,000,009,000,000,000,000,000,000,000,000,000,000,000,000,000,012,000,000,000,000,000,000,000,000,000,000,000,000,000,000,000,000,000,000,000,000,000,000,001,000,000,000,007,000,000,000,000,000,000,000,000,000,000,000,000,000,000,000,000,005,001,000,010,000,000,000,000,000,000,000,000,000,000,000,000,033,000,000,000,000,003,000,000,000,000,000,024,000,004,003,000,000,000,000,000,000,000,000,000,021,000,000,000,000,000,000,000,031,000,000,000,000,000,006,000,000,000,000,009,000,000,000,014,000,000,000,000,000,000,000,000,000,000,000,000,000,000,000,005,000,000,000,000,000,000,000,000,000,000,000,000,000,000,000,000,000,000,000,000,000,000,000,000,000,000,000,000,000,000,000,000,000,000,000,000,000,000,000,000,000,000,000,000,000,000,000,000,000,000,000,000,000,000,019,000,000,000,016,000,000,000,000,000,011,011,000,020,000,000,000,000,000,000,000,000,000,000,000,000,002,000,000,000,000,000,000,000,000,026,000,000,030,000,000,000,000,000,000,000,000,000,000,000,000,000,000,000,011,011,000,000,000,022,036,016,027,000,000,000,000,032,000,000,013,000,000,000,000,000,000,000,037,037,000,000,007,000,000,000,000,000,000,000,000,000,000,000,000,000,000,000,000,000,000,000,000,000,000,000,000,000,000,000,000,000,000,000,000,028,028,028,000,000,000,034,000,029,025,000,000,023,000,035,000,038,000,010,000,000,015,000,000,000,000,000,000,000,
-59: 000,000,001,000,000,000,000,000,000,000,000,000,000,000,000,000,026,000,000,000,000,000,000,000,000,000,000,000,000,000,000,033,000,000,000,000,000,000,000,000,011,011,000,000,000,000,000,000,000,036,000,000,000,000,031,025,000,000,000,000,016,000,037,037,000,000,000,000,000,007,000,000,000,000,000,019,000,000,000,000,000,000,000,000,000,000,000,000,000,000,000,000,000,000,000,000,000,000,000,000,000,000,000,000,000,000,009,000,000,000,000,000,000,000,000,032,000,000,000,000,022,000,000,000,006,000,000,000,000,000,000,000,021,000,018,010,000,000,000,000,000,000,000,000,000,000,000,000,024,000,000,000,000,000,000,000,000,000,035,000,000,000,000,000,004,000,000,000,000,000,000,000,000,000,000,000,003,000,000,000,000,000,000,000,000,003,000,000,000,000,000,000,000,000,000,000,000,000,000,000,020,000,000,000,000,000,000,000,000,034,009,000,000,000,000,000,000,000,000,030,012,005,000,000,000,000,000,000,000,000,000,000,000,000,000,000,000,000,000,000,000,000,000,017,017,017,000,000,000,000,000,000,000,007,023,000,000,000,000,028,028,028,000,000,000,000,000,015,016,006,000,000,000,001,000,000,000,000,000,000,000,000,000,000,000,000,000,000,000,000,008,008,000,000,000,000,000,000,013,000,000,000,000,005,000,000,000,000,000,000,000,000,000,000,000,000,000,000,000,000,000,000,000,000,000,000,011,011,000,014,027,000,000,000,000,000,000,000,002,010,000,000,000,000,000,000,000,000,000,000,000,000,000,000,038,000,029,000,000,000,
-59: 000,000,000,000,000,000,000,037,037,000,027,000,000,000,000,000,000,001,000,000,000,000,000,000,000,000,000,000,007,000,000,000,006,000,000,030,000,000,000,000,000,000,016,000,005,000,000,000,000,000,000,028,028,028,000,000,000,000,000,000,000,000,000,000,014,000,000,000,000,000,000,000,000,031,000,000,000,000,000,000,000,000,000,000,000,000,000,000,000,000,000,000,000,024,000,000,000,011,011,000,000,006,000,000,000,000,000,000,000,000,000,000,010,000,000,000,000,000,000,000,000,000,000,000,005,000,000,000,000,000,000,000,000,000,000,000,000,000,000,038,000,000,000,000,000,000,004,000,000,000,000,000,000,000,000,000,000,000,000,000,000,000,000,000,000,000,000,000,000,000,009,000,000,000,000,029,000,000,000,000,000,000,000,000,000,000,000,000,000,000,000,001,000,000,000,000,000,000,000,000,000,000,000,000,000,000,000,000,000,000,000,020,000,000,000,000,000,000,000,000,000,000,035,007,023,000,000,000,009,000,000,000,000,000,013,000,033,000,000,000,011,011,000,000,000,025,000,000,026,000,000,000,000,000,000,000,000,000,000,000,000,000,000,000,000,000,000,000,000,000,000,000,000,000,000,021,000,000,000,000,000,000,032,000,000,000,000,000,003,000,000,000,000,000,000,002,000,000,000,000,000,000,000,000,000,000,000,000,000,015,000,000,000,036,000,000,000,000,010,000,008,008,000,034,000,012,000,000,000,000,000,000,000,018,000,000,000,000,003,000,000,000,000,000,000,017,017,017,000,000,000,000,016,000,022,000,000,019,000,000,
-60: 000,000,000,000,000,000,000,000,000,000,000,000,021,000,000,000,000,000,017,017,017,000,000,000,000,000,000,000,000,000,000,000,000,016,000,000,000,038,000,000,000,023,000,007,011,011,000,000,000,000,000,000,000,000,000,000,000,020,007,000,000,000,000,000,000,000,000,000,000,008,008,000,000,000,000,000,000,000,000,000,000,000,000,000,000,000,024,004,001,000,000,000,000,000,000,000,000,000,013,025,000,000,000,000,000,000,000,000,000,000,000,000,000,000,029,006,000,035,000,000,000,000,000,000,000,000,000,000,000,000,000,000,000,000,000,000,032,000,000,000,033,000,000,000,000,000,000,016,001,000,000,000,000,000,000,000,000,000,000,000,000,000,037,037,006,014,000,026,000,000,000,000,000,030,000,003,000,000,000,000,000,005,000,000,000,000,000,000,000,000,000,000,000,000,000,000,000,000,000,000,000,018,002,000,000,000,000,000,000,000,000,000,000,000,000,005,000,000,000,000,027,000,000,000,000,000,000,000,000,000,000,000,000,000,000,000,000,000,000,000,000,000,000,000,000,000,031,019,000,000,000,000,000,000,000,000,000,000,000,000,000,000,000,000,000,000,036,000,000,000,000,000,000,000,012,000,000,000,000,000,000,000,000,000,000,000,000,010,000,000,009,000,000,000,000,000,000,000,000,009,000,028,028,028,011,011,000,010,000,022,000,000,000,000,000,000,000,000,000,000,000,003,000,000,000,000,000,000,000,000,015,000,000,000,000,000,000,000,000,000,000,000,000,000,000,034,000,000,000,000,000,000,000,000,000,000,000,000,000,000,
-60: 000,000,000,000,000,000,016,008,008,000,000,000,000,000,000,000,000,000,000,000,000,000,000,023,000,000,000,000,000,000,000,000,000,000,000,000,000,000,005,000,021,000,037,037,000,000,003,000,000,000,000,000,000,000,000,000,000,000,000,031,000,000,000,010,000,000,000,000,000,000,000,000,000,000,000,000,000,000,000,000,000,000,000,000,000,000,000,000,000,000,000,000,000,000,019,000,000,000,000,000,000,000,027,013,000,000,000,000,000,000,000,000,000,000,000,000,000,000,000,000,000,000,002,000,000,025,000,000,000,000,000,000,000,000,000,020,030,000,000,001,000,000,000,000,000,000,000,000,000,000,000,000,000,000,000,000,000,000,000,000,009,000,000,000,000,000,000,000,000,000,012,000,000,000,000,000,000,026,000,004,000,000,000,007,000,000,000,000,000,000,000,014,000,000,015,000,000,032,000,000,000,000,000,000,000,000,006,000,000,000,000,000,000,029,000,000,000,000,000,000,000,000,000,000,000,000,000,000,000,000,000,000,000,000,000,000,000,000,009,000,000,000,000,000,000,000,000,000,000,000,000,000,000,000,011,011,000,000,038,000,000,000,000,000,000,000,000,000,000,000,000,000,007,000,000,000,000,000,000,035,000,000,034,000,000,003,016,000,000,005,000,000,001,000,000,000,000,000,000,036,000,010,000,006,000,000,000,000,024,000,000,000,011,011,000,000,000,000,000,000,000,000,000,000,000,000,028,028,028,000,000,033,000,018,000,000,000,000,017,017,017,000,000,000,000,000,000,000,000,000,022,000,000,000,000,000,000,000,000,000,
-61: 000,000,000,000,000,000,000,000,000,000,000,000,000,000,000,000,000,000,000,000,000,000,000,015,000,000,036,000,000,000,000,000,000,000,000,000,000,000,000,000,000,007,000,000,000,000,000,000,014,031,000,000,000,000,000,000,000,000,000,000,035,000,033,000,030,000,000,000,000,000,001,000,000,000,000,000,000,000,000,000,000,000,000,000,011,011,025,000,000,000,000,000,000,000,000,000,000,016,000,005,009,000,000,000,000,000,000,000,000,000,000,000,000,000,000,006,000,000,021,000,000,000,000,000,000,000,000,005,000,000,000,000,000,000,000,000,000,000,018,000,006,000,000,000,000,000,000,000,000,000,000,010,000,000,000,000,000,000,034,000,000,000,019,000,000,000,000,000,000,000,000,000,010,000,000,000,000,000,000,000,000,000,000,000,000,000,000,000,000,012,000,000,002,000,000,017,017,017,000,000,003,000,000,000,000,000,009,000,000,000,000,000,026,000,000,000,000,011,011,004,000,000,000,000,000,000,000,000,000,000,000,000,000,000,000,022,000,000,000,000,000,000,000,000,000,000,000,000,000,000,008,008,000,000,000,000,000,003,000,000,000,027,000,001,000,000,000,000,000,000,000,000,000,000,000,000,000,000,000,000,000,000,000,038,000,000,000,023,000,000,000,000,000,000,000,000,000,028,028,028,000,000,000,000,000,000,020,013,000,000,000,000,000,000,000,000,000,000,000,000,000,000,000,000,000,000,016,000,007,000,000,000,000,037,037,000,000,000,029,000,000,000,000,000,000,000,000,000,000,000,000,000,000,000,000,000,024,000,032,000,
-62: 000,000,000,000,000,005,000,000,000,000,000,000,000,000,014,000,000,000,000,007,000,000,000,000,031,000,000,000,000,000,000,000,000,000,001,000,000,035,012,000,000,000,000,000,000,000,000,000,000,000,000,000,000,000,000,000,000,000,000,000,000,000,026,000,000,000,000,000,016,000,007,000,000,000,000,025,000,000,000,000,000,029,000,000,000,000,008,008,006,000,000,011,011,000,000,000,013,000,000,022,000,000,000,000,000,000,000,000,000,000,000,000,000,000,000,000,000,000,032,000,000,000,000,000,000,005,000,000,000,000,000,000,000,000,000,020,000,000,000,000,000,000,000,000,000,033,000,000,000,000,000,000,000,000,000,003,000,027,016,000,000,000,000,000,030,003,023,000,000,000,000,000,000,000,000,000,000,018,000,000,000,006,000,009,000,000,000,000,000,010,000,000,000,000,000,000,000,000,000,000,000,015,000,000,000,000,000,000,000,000,000,000,000,000,000,000,000,000,000,000,000,000,000,000,000,000,000,000,000,000,000,000,000,000,000,000,000,000,000,000,000,000,000,000,034,000,000,000,000,000,000,021,000,000,000,000,000,000,000,000,000,000,000,000,000,000,037,037,000,004,002,017,017,017,000,000,000,000,000,000,038,000,000,000,000,000,000,036,000,000,000,011,011,000,000,000,000,000,000,000,000,000,000,000,000,000,009,000,000,000,000,000,000,000,000,000,000,000,000,000,000,000,000,010,000,000,028,028,028,000,000,001,000,000,000,000,000,000,000,000,000,000,000,000,000,000,019,000,000,000,000,000,000,000,024,000,000,000,000,000,
-62: 000,003,000,000,000,000,000,000,000,038,000,000,000,000,000,000,000,006,000,000,000,000,000,000,000,000,031,000,000,026,000,000,008,008,000,000,000,000,000,000,000,000,000,000,000,000,000,000,000,000,024,000,016,000,000,000,000,000,000,000,000,006,000,000,000,027,000,019,000,013,000,000,000,000,000,000,000,000,000,000,000,017,017,017,000,015,000,000,000,000,000,000,000,000,012,000,014,000,000,000,000,000,000,000,000,000,000,000,000,000,000,000,000,000,000,000,000,000,000,000,000,000,000,000,000,000,000,000,000,000,000,000,000,000,000,000,000,000,021,000,020,000,011,011,000,000,003,037,037,000,000,000,032,000,000,000,000,000,000,000,000,022,000,000,000,000,000,000,000,000,000,000,000,000,011,011,000,000,000,000,000,000,005,000,010,000,000,000,000,000,000,000,000,029,025,000,000,000,000,000,000,000,000,000,000,000,000,000,000,000,000,001,004,000,000,001,007,016,000,010,023,000,000,000,000,000,000,000,000,000,000,000,035,000,000,018,000,000,036,000,030,000,000,000,000,000,000,000,000,000,000,000,000,000,000,000,000,000,034,000,000,000,000,000,000,000,009,000,000,002,000,000,000,000,000,000,000,000,000,000,000,000,000,000,000,000,000,007,000,000,000,000,000,000,000,000,000,009,000,000,000,000,000,000,000,000,000,000,000,000,000,000,000,000,000,000,000,000,005,000,000,033,000,000,000,000,000,000,000,000,000,000,000,000,000,000,028,028,028,000,000,000,000,000,000,000,000,000,000,000,000,000,000,000,000,000,000,000,000,000,
-62: 000,000,000,000,000,000,000,000,010,000,000,000,000,000,000,000,000,000,000,000,000,000,000,000,000,000,036,000,005,000,000,000,000,000,000,033,000,000,000,000,000,000,000,017,017,017,000,010,022,000,000,000,000,000,016,011,011,000,000,000,000,000,000,000,000,000,000,000,000,000,000,000,000,000,000,000,027,000,000,000,005,000,000,000,000,000,000,000,000,006,014,000,000,000,000,000,000,000,000,000,000,000,000,000,000,000,000,000,000,000,000,000,000,000,000,000,000,000,000,000,000,000,000,000,003,000,000,000,000,000,000,000,029,000,000,000,000,000,000,000,000,000,000,000,004,000,000,000,000,000,000,000,000,000,000,032,000,000,000,000,000,000,006,000,000,000,000,000,000,000,000,000,000,000,000,000,000,000,000,000,021,000,002,000,000,000,000,000,011,011,000,000,000,007,000,000,000,000,000,000,000,000,000,000,000,000,000,000,007,000,000,000,000,000,000,001,000,000,035,000,000,000,000,023,000,000,000,000,000,000,000,000,000,000,000,000,000,000,012,000,000,000,000,000,000,013,000,000,000,000,020,000,000,037,037,000,000,000,001,000,000,000,000,000,000,000,000,000,000,031,000,000,000,000,000,000,000,000,000,008,008,000,000,030,000,000,000,000,016,000,000,000,018,000,000,000,000,000,000,000,000,028,028,028,000,000,000,000,000,034,000,000,000,000,009,000,000,000,000,000,000,000,000,000,000,000,000,000,000,000,000,019,000,000,000,025,000,003,000,000,000,026,024,000,000,038,000,009,015,000,000,000,000,000,000,000,000,000,000,000,
-63: 000,020,000,000,000,000,000,000,000,000,000,000,002,000,000,000,000,000,000,000,000,000,000,000,006,000,000,000,000,000,000,000,000,000,000,000,000,011,011,000,000,000,012,000,000,000,022,000,038,000,000,037,037,000,000,017,017,017,000,005,008,008,000,000,000,000,000,000,000,000,000,000,000,000,000,000,000,000,000,000,000,000,000,000,000,000,000,000,000,000,000,000,000,000,000,000,000,000,024,000,000,000,010,000,000,000,000,000,000,000,000,000,000,000,035,000,000,000,000,000,018,000,000,000,000,000,000,000,000,000,000,000,000,000,000,000,000,000,000,000,000,006,000,034,000,000,000,000,000,000,000,000,000,000,010,000,000,000,000,032,000,000,000,000,026,000,001,000,000,000,000,000,000,000,000,000,000,000,000,000,000,005,000,000,009,000,000,015,000,000,000,000,003,000,000,000,000,000,000,000,000,000,000,000,000,000,000,016,000,000,000,000,000,000,000,000,000,000,031,007,000,000,000,000,000,019,000,000,023,000,000,000,000,000,000,000,000,000,000,000,000,000,000,000,000,000,000,021,000,000,007,000,000,000,000,000,000,000,000,000,000,000,000,004,000,025,000,000,000,030,000,000,000,000,000,000,000,000,000,000,000,033,000,000,000,000,000,000,000,000,016,000,000,000,000,000,000,028,028,028,000,000,000,003,000,000,000,000,000,000,000,013,000,000,000,000,000,014,000,011,011,000,000,000,000,000,000,000,000,000,000,000,036,000,000,027,000,000,000,000,000,000,000,000,000,000,029,000,000,000,000,000,009,000,000,000,001,000,000,000,
-64: 000,000,000,000,007,000,000,000,000,000,038,000,000,000,011,011,000,000,000,000,000,000,000,000,000,000,000,000,006,000,000,000,000,000,000,000,000,000,010,000,000,002,000,000,000,000,010,000,000,000,012,000,000,000,000,000,000,000,000,000,000,000,000,000,000,000,000,000,013,000,000,000,036,000,000,000,000,000,035,028,028,028,000,000,000,000,000,000,000,000,000,000,001,000,000,000,000,000,000,000,000,000,000,000,000,000,000,014,000,000,000,000,000,000,008,008,017,017,017,000,000,018,000,033,000,006,000,000,000,000,000,000,024,000,000,000,020,000,000,000,000,000,000,000,000,000,000,000,000,000,000,000,000,000,000,000,000,000,000,000,000,000,000,000,000,000,000,003,000,000,025,000,000,000,000,005,000,000,031,030,000,000,000,000,000,000,000,000,000,000,000,000,000,000,000,000,000,000,000,016,000,000,000,000,037,037,027,000,000,000,000,000,000,000,000,000,004,000,000,000,001,000,000,000,000,000,000,000,000,000,000,009,000,000,000,000,000,000,021,000,000,000,000,000,032,000,000,000,000,000,000,000,000,000,000,000,000,000,000,000,000,000,000,000,000,000,000,000,000,000,022,000,023,000,000,000,000,026,000,000,000,000,000,000,000,000,000,000,000,000,000,000,000,000,000,000,000,000,000,000,000,000,029,005,000,000,000,000,000,000,011,011,015,000,000,000,000,007,000,000,000,000,000,000,000,000,000,000,009,019,000,000,000,000,000,000,000,000,000,000,000,000,000,034,000,000,000,000,000,003,000,000,000,000,000,000,000,000,016,000,
-64: 014,000,000,000,000,000,000,025,000,000,000,000,000,005,000,000,000,000,000,000,000,000,001,000,000,000,000,000,000,000,000,000,000,000,000,000,000,029,000,000,011,011,000,000,000,000,000,000,000,000,000,000,000,000,000,000,000,016,000,000,000,000,000,031,000,000,000,000,000,026,000,000,000,000,000,000,034,000,000,010,000,000,000,038,000,000,000,000,011,011,000,000,000,000,000,000,000,000,000,000,000,001,030,000,000,000,000,000,000,000,000,000,000,000,000,000,000,000,000,000,000,000,000,000,000,000,000,000,000,000,000,000,000,009,000,000,000,013,000,004,000,000,000,000,000,000,000,000,000,000,000,000,000,000,000,000,021,000,000,000,000,000,000,000,000,000,000,000,028,028,028,000,000,010,000,000,000,000,000,000,000,000,036,000,000,000,000,000,012,032,000,000,000,000,000,000,000,000,000,019,000,000,000,000,000,006,000,000,000,000,000,000,000,000,009,000,023,000,000,000,000,000,000,000,000,037,037,000,000,000,000,000,000,000,000,000,008,008,000,000,000,000,000,000,000,000,000,000,000,000,000,000,000,000,000,000,000,000,000,027,000,000,000,000,000,018,000,000,000,006,000,000,000,000,033,000,000,000,000,002,000,000,000,000,000,000,000,000,000,000,000,000,000,000,000,007,003,000,000,000,000,000,000,000,000,000,000,005,000,000,000,000,000,000,000,000,000,000,007,000,000,022,000,000,000,000,000,000,016,024,000,017,017,017,000,000,000,000,000,000,000,000,000,000,000,000,020,000,015,000,000,000,000,035,000,000,000,003,000,000,
-64: 013,000,032,000,000,000,000,000,000,000,000,000,000,000,003,007,000,000,000,000,000,000,000,000,000,000,000,000,000,000,020,000,000,000,000,000,000,000,000,012,000,000,000,000,001,000,000,027,000,038,000,000,000,000,000,000,000,000,000,000,000,000,000,000,000,000,000,000,000,000,009,000,000,000,011,011,026,000,000,000,000,000,000,000,037,037,000,000,000,000,000,000,000,000,000,000,000,000,000,000,000,000,000,000,000,000,000,000,031,000,000,000,000,000,000,000,000,000,000,000,000,000,000,000,000,000,000,000,000,000,000,000,016,000,000,000,000,025,000,000,000,024,000,000,000,000,000,000,000,000,000,000,000,000,000,000,000,000,000,000,000,000,000,000,000,000,005,000,000,035,000,000,000,000,000,000,000,000,029,000,000,028,028,028,000,000,006,000,000,000,000,007,019,000,000,000,014,000,000,000,000,000,000,000,000,000,000,006,000,000,000,000,000,000,000,000,000,000,000,000,000,000,000,000,000,000,000,004,000,000,000,000,000,000,000,000,000,000,000,000,015,000,000,000,000,000,036,000,000,030,018,000,000,000,000,033,000,000,001,008,008,000,000,000,000,000,005,000,011,011,010,000,000,000,002,010,000,000,000,000,000,000,000,000,000,000,000,000,000,000,000,000,000,034,000,000,022,000,023,000,000,000,000,000,000,000,000,000,000,000,000,000,000,017,017,017,000,000,000,000,000,021,003,016,000,000,000,000,000,000,000,000,000,000,000,000,000,000,000,000,000,000,000,000,000,000,009,000,000,000,000,000,000,000,000,000,000,000,000,000,
-64: 000,000,000,019,000,000,000,010,000,000,000,000,014,000,000,003,000,000,000,000,000,000,000,000,007,000,003,000,000,000,000,000,000,000,000,000,000,000,000,000,000,000,000,011,011,000,000,032,000,000,000,000,000,000,000,000,000,000,008,008,000,000,000,000,000,000,000,000,000,000,000,000,000,000,000,000,000,006,000,000,000,000,000,000,000,000,000,000,000,000,000,000,005,000,000,015,000,000,000,000,000,000,000,000,000,000,000,000,000,030,000,000,000,000,000,000,000,000,000,000,000,000,000,000,000,000,000,000,000,000,000,022,000,000,011,011,000,000,000,000,000,035,000,000,000,000,000,020,000,000,026,000,000,000,000,000,000,000,000,000,000,000,000,000,000,000,000,033,000,000,000,000,000,000,000,000,000,001,000,000,000,004,000,000,000,000,000,000,000,000,000,000,000,000,031,000,000,000,000,036,009,000,000,000,000,000,038,001,000,000,000,000,000,000,000,006,029,000,000,000,000,000,000,000,000,000,000,027,013,000,000,000,000,000,000,000,000,000,000,000,037,037,000,000,000,000,016,000,000,000,018,000,000,000,000,000,000,000,000,000,000,000,000,000,000,000,007,000,000,000,000,000,000,000,000,000,000,000,000,000,000,000,000,021,000,000,000,000,002,000,000,000,000,012,000,000,000,000,000,000,000,000,000,005,000,000,017,017,017,028,028,028,000,000,000,000,009,000,000,025,000,000,000,000,000,000,000,000,016,000,000,000,000,000,000,000,023,000,000,000,000,000,000,000,000,000,000,024,010,000,000,000,000,000,000,000,000,034,000,000,
-65: 000,000,016,000,000,032,000,000,000,010,000,034,000,000,000,000,000,000,000,000,000,000,000,016,000,000,000,000,000,000,000,000,000,000,000,000,000,000,000,000,000,000,000,000,000,000,000,000,000,000,000,000,000,000,000,000,000,000,000,000,000,000,000,000,000,000,000,000,000,000,000,000,018,000,000,000,000,000,000,000,000,000,000,000,000,000,000,000,000,000,006,000,001,000,000,000,009,000,000,000,000,000,000,000,000,000,000,023,000,000,000,000,000,000,000,000,000,000,000,000,000,000,000,000,000,019,000,000,000,000,000,000,000,000,000,000,000,030,000,000,005,000,000,000,027,000,000,009,000,000,000,000,000,005,000,033,000,000,015,000,000,000,000,024,000,000,012,006,000,007,000,000,007,000,000,000,022,000,000,000,000,000,000,000,000,000,000,000,000,000,000,000,000,017,017,017,000,000,013,008,008,000,000,000,000,000,000,026,000,000,000,000,000,000,000,000,000,000,000,000,000,000,000,000,000,000,004,000,000,000,000,000,000,003,000,000,000,000,000,000,037,037,000,000,000,000,000,031,000,000,029,000,000,000,000,035,000,000,021,000,000,000,036,025,000,000,000,000,001,000,000,000,000,000,000,000,000,000,011,011,000,000,000,000,000,000,002,000,000,000,000,000,000,000,000,000,000,000,000,000,000,000,014,000,000,020,000,000,038,000,000,000,028,028,028,000,000,000,000,000,000,000,000,000,000,000,000,000,000,000,000,000,000,000,000,000,000,010,000,000,000,000,000,011,011,000,000,000,000,003,000,000,000,000,000,000,000,000,000,000,
-66: 000,016,028,028,028,000,008,008,006,000,000,000,000,000,000,011,011,000,000,000,000,031,000,000,000,000,000,000,000,033,000,000,000,000,000,010,001,000,000,000,000,000,000,000,000,000,000,000,000,000,000,000,000,038,000,000,000,000,000,000,000,000,034,000,000,000,012,000,000,000,000,000,000,032,000,000,010,000,000,000,000,000,000,000,000,000,000,000,000,000,000,021,000,000,030,000,000,000,000,000,000,007,000,000,000,000,000,000,000,000,000,000,000,000,000,000,020,000,000,000,000,000,000,000,000,000,000,000,015,000,000,000,000,000,000,000,000,000,000,000,000,000,000,000,000,000,000,000,000,000,005,000,009,011,011,000,000,000,000,000,036,000,000,000,000,000,000,000,006,000,016,035,000,000,000,000,000,000,000,000,000,000,000,000,003,000,000,000,000,000,000,000,000,000,000,000,000,000,000,000,000,000,000,000,000,000,000,003,000,000,000,029,000,000,000,000,000,000,000,000,000,022,000,000,000,000,000,000,000,000,000,005,000,000,000,000,000,000,000,000,000,000,000,000,000,000,000,000,000,017,017,017,000,000,026,000,000,000,000,000,000,000,000,000,009,000,000,000,000,000,000,000,000,000,000,002,000,000,000,000,000,000,000,000,000,000,000,000,019,000,000,000,000,000,000,000,013,000,000,000,037,037,000,000,000,000,000,000,001,000,025,000,000,000,000,000,000,000,000,000,000,000,000,000,000,000,000,000,000,000,000,000,000,000,000,000,000,000,000,018,000,000,000,024,000,014,023,004,000,000,027,000,000,007,000,000,000,000,000,000,
-67: 000,000,000,000,000,000,000,000,000,000,000,000,000,000,000,000,000,000,000,000,000,000,000,000,000,000,000,000,000,000,025,000,000,019,000,000,000,000,000,009,000,000,000,000,038,016,000,000,000,000,000,000,000,000,001,000,000,000,000,000,000,000,000,006,000,000,000,000,000,000,000,000,000,028,028,028,000,000,000,000,000,000,000,000,000,000,007,000,000,031,000,000,000,006,000,000,000,000,023,000,000,000,000,000,000,000,000,016,000,000,004,000,000,000,000,010,000,000,022,000,018,000,000,033,000,010,000,000,000,000,000,000,000,000,000,008,008,000,000,000,034,000,012,003,000,009,000,000,000,000,000,000,000,000,000,000,020,000,027,000,000,000,000,000,000,007,000,000,000,000,000,000,000,000,000,000,014,000,000,000,000,000,000,026,011,011,000,000,000,000,000,000,000,000,000,000,000,000,024,000,000,000,000,000,000,000,000,000,036,000,000,000,000,000,000,000,000,032,000,000,000,000,000,000,000,000,005,013,000,000,000,000,000,000,000,000,000,000,000,000,000,000,000,035,000,000,000,000,000,000,000,000,000,000,000,000,000,000,000,000,000,000,000,000,000,000,011,011,030,029,000,000,000,000,037,037,000,000,000,003,000,000,000,015,000,000,000,000,017,017,017,000,001,002,000,000,000,000,000,000,000,000,000,000,000,000,000,000,000,000,000,000,000,000,000,000,000,000,021,000,000,000,000,000,000,000,000,000,000,000,000,000,000,000,000,000,000,000,000,000,000,000,000,000,000,000,000,000,000,000,000,000,000,000,005,000,000,000,000,000,
-67: 000,000,000,000,000,000,000,000,000,006,000,000,000,000,000,000,000,000,000,000,000,000,000,000,000,016,000,000,000,000,000,000,000,005,008,008,000,000,000,000,000,000,011,011,000,000,000,000,000,000,000,000,000,000,000,000,000,022,000,000,019,009,016,000,032,004,000,000,000,000,000,000,000,000,000,000,000,000,000,000,000,000,000,000,000,000,000,000,000,000,000,000,000,000,000,000,000,000,000,000,031,000,000,000,000,000,000,000,000,000,000,000,000,000,000,000,000,000,000,000,010,000,000,000,009,000,000,000,000,037,037,001,000,000,000,000,000,000,000,000,000,000,000,000,029,000,000,003,025,000,000,000,024,026,000,000,000,000,038,000,000,000,000,012,000,000,000,013,000,000,000,000,000,000,000,000,000,000,000,003,020,001,000,000,000,000,000,000,000,000,000,000,000,000,000,000,000,000,000,000,000,000,000,002,000,000,000,000,000,015,000,023,000,000,000,000,000,011,011,000,000,000,021,000,000,000,000,000,000,000,027,000,000,000,007,000,000,000,018,033,000,000,000,000,000,035,000,000,000,000,000,000,000,000,000,000,000,000,000,000,000,000,000,000,000,036,000,000,000,000,000,000,000,000,000,000,017,017,017,000,000,000,000,000,000,000,000,000,000,030,000,000,000,000,014,000,006,000,000,000,000,000,000,000,000,000,000,000,000,000,000,000,000,000,000,000,000,010,005,000,000,000,000,000,000,000,000,000,000,000,000,034,000,000,000,000,007,000,000,028,028,028,000,000,000,000,000,000,000,000,000,000,000,000,000,000,000,000,000,000,
-69: 000,000,000,000,000,000,000,000,000,000,018,000,000,000,000,028,028,028,000,000,000,000,000,000,000,000,020,000,000,000,000,000,000,000,000,000,001,000,000,000,000,000,000,000,000,000,000,000,009,000,000,000,000,027,000,000,001,000,000,013,000,000,016,000,000,033,000,000,000,000,000,000,000,000,008,008,000,000,000,000,000,000,011,011,014,000,000,000,023,000,000,000,000,000,000,007,000,000,000,000,000,000,000,000,026,000,006,000,000,000,005,000,000,000,000,000,030,000,000,000,000,000,006,000,010,000,000,000,000,000,000,000,000,000,000,000,000,000,000,009,000,000,000,000,000,000,000,000,000,000,000,000,000,000,000,025,007,000,000,038,031,000,010,000,000,000,002,000,000,000,000,037,037,000,032,000,000,000,000,000,000,000,000,000,000,000,000,000,000,000,000,000,000,000,000,000,000,000,000,029,004,000,000,000,000,000,000,000,000,000,000,000,000,000,000,000,000,000,000,000,000,000,000,000,017,017,017,000,000,000,015,000,000,000,000,000,000,000,000,000,000,000,000,000,000,000,000,000,000,000,019,000,034,000,000,000,003,000,035,000,000,000,000,016,000,000,000,000,000,000,000,000,000,000,000,000,000,000,024,021,000,000,022,000,000,000,000,000,000,000,000,000,000,000,000,000,000,036,000,000,000,000,000,000,000,000,000,000,000,000,000,000,000,000,000,000,000,000,000,000,000,005,000,003,000,000,000,000,000,000,000,012,011,011,000,000,000,000,000,000,000,000,000,000,000,000,000,000,000,000,000,000,000,000,000,000,000,000,000,000,
-70: 000,000,000,000,000,000,013,000,000,000,000,000,000,000,000,000,000,009,000,000,000,000,000,012,031,015,000,000,000,000,000,000,000,003,000,000,000,000,000,000,000,000,000,000,000,000,000,000,000,000,000,000,000,000,000,000,000,000,000,000,000,000,000,000,000,000,000,000,000,000,000,000,000,000,000,000,000,000,000,000,000,000,000,000,000,000,000,000,000,000,000,009,000,000,000,007,000,033,000,034,000,000,000,000,000,000,000,000,000,000,000,000,000,007,000,000,000,000,000,000,000,000,000,000,003,021,000,000,000,000,000,000,000,000,000,000,000,000,000,004,005,000,000,000,000,000,000,000,000,000,000,000,000,000,000,022,024,000,000,000,000,000,000,001,000,000,000,000,000,000,000,000,000,000,000,027,026,000,000,000,000,000,000,000,000,000,000,000,000,000,000,000,000,000,000,000,006,000,002,000,000,036,000,000,000,000,032,000,000,000,000,029,000,000,000,000,016,000,000,000,023,000,000,000,000,000,000,000,000,000,000,000,000,000,000,000,000,016,014,000,000,000,000,000,000,000,000,000,000,000,008,008,000,000,000,000,000,000,000,000,038,011,011,018,000,000,000,000,000,000,000,000,000,000,000,000,000,000,017,017,017,019,000,000,000,000,010,000,000,000,028,028,028,000,000,000,000,000,000,000,000,000,000,000,000,000,020,000,000,000,000,000,000,000,000,000,006,035,000,000,000,000,000,000,000,000,000,030,000,000,000,000,005,000,000,000,000,000,000,000,025,000,037,037,000,000,000,000,011,011,010,000,000,000,001,000,000,000,000,000,
-71: 000,000,000,000,000,000,000,000,000,000,000,000,000,000,000,000,000,000,000,000,001,000,000,000,000,000,018,000,000,000,023,000,024,000,000,019,011,011,000,000,000,000,000,033,000,009,000,000,000,000,000,000,000,000,000,000,000,000,000,000,000,000,000,000,000,000,000,000,000,000,000,013,000,000,000,000,000,000,022,000,000,000,000,000,004,000,000,000,000,000,000,000,038,000,000,021,000,000,000,000,000,000,000,000,000,000,036,000,000,000,000,000,000,003,000,000,000,000,000,000,000,000,000,000,000,000,000,035,000,000,000,000,000,000,000,000,000,000,000,026,000,031,000,000,000,000,000,000,000,000,000,000,000,000,015,000,000,000,000,000,000,000,000,000,000,000,000,009,000,000,000,000,000,000,010,000,000,000,000,000,000,000,000,000,032,000,000,017,017,017,000,000,000,000,001,000,000,000,000,000,000,000,000,000,000,025,000,005,000,000,000,000,000,000,000,000,000,000,000,000,000,000,000,000,000,000,000,000,000,000,000,000,000,000,030,037,037,006,000,000,000,000,000,000,000,000,000,000,000,028,028,028,000,000,000,000,000,000,000,000,000,010,016,000,005,000,000,000,000,000,000,000,000,000,000,000,000,000,000,000,000,000,000,000,000,012,000,016,000,000,000,000,000,007,000,000,034,008,008,000,007,000,000,000,000,000,000,000,000,000,006,000,000,000,000,000,029,002,000,000,000,000,000,003,000,000,000,000,000,000,000,000,000,000,014,000,027,000,000,000,000,000,000,000,000,000,000,000,000,011,011,000,000,020,000,000,000,000,000,000,
-73: 000,000,000,000,007,000,000,000,001,000,000,000,000,000,000,000,000,000,000,000,003,038,000,000,000,037,037,000,000,000,000,000,000,000,000,000,000,000,010,000,000,000,000,000,000,000,000,000,000,000,000,020,000,009,000,000,000,000,000,000,000,000,000,000,000,000,000,000,000,000,036,000,000,000,000,000,000,000,000,000,000,000,000,000,000,000,000,000,000,013,000,000,000,000,000,000,000,000,000,000,011,011,000,000,000,000,000,000,000,006,000,000,000,000,000,000,000,010,034,000,025,000,000,000,000,000,001,000,000,026,000,000,000,016,000,000,000,000,000,000,023,000,000,018,000,000,000,000,000,012,000,004,000,000,000,000,000,000,000,000,000,021,000,000,000,000,000,000,000,017,017,017,000,000,000,000,000,019,000,000,000,000,000,000,000,000,000,000,005,000,000,000,000,000,000,000,000,000,000,000,000,000,000,000,000,000,033,000,000,000,000,000,000,000,031,024,000,000,011,011,000,000,000,000,000,000,000,032,000,027,000,000,000,000,000,000,000,000,000,000,000,000,000,000,000,000,000,000,000,000,000,000,000,000,000,000,000,000,000,000,000,035,000,000,000,000,000,000,000,000,000,000,000,000,000,000,000,000,000,007,000,006,000,015,000,000,000,000,028,028,028,000,000,000,000,000,000,000,030,000,000,000,000,000,000,000,000,000,000,000,029,016,000,014,008,008,000,000,000,000,000,000,000,000,000,000,000,000,000,000,000,000,000,000,000,003,000,000,000,000,000,000,000,000,000,002,009,000,000,000,022,000,005,000,000,000,000,000,000,000,
-74: 000,000,000,000,000,006,000,000,000,020,000,000,028,028,028,012,000,000,000,000,000,000,000,000,000,000,000,000,000,000,000,000,000,000,000,000,000,000,000,000,000,000,000,000,000,000,009,000,000,000,000,021,000,000,000,000,000,010,000,000,000,000,000,000,000,000,000,000,000,000,000,000,000,000,000,000,000,000,000,024,000,000,000,000,000,000,015,000,000,000,000,000,000,000,000,000,000,011,011,000,010,000,000,007,000,000,000,000,000,000,000,000,018,000,000,000,000,025,000,002,000,000,000,016,000,000,000,000,000,000,000,000,005,000,000,000,033,000,000,000,000,000,000,000,000,038,000,000,000,000,000,000,001,004,000,000,000,000,000,000,000,000,000,000,000,000,000,006,000,000,000,000,000,000,031,000,000,000,000,000,000,000,017,017,017,000,030,000,000,000,000,022,000,000,000,000,000,000,000,000,000,000,000,023,000,000,000,000,000,019,003,000,000,000,000,036,014,000,000,000,000,000,000,000,007,000,009,000,000,000,000,000,000,000,000,000,026,000,000,000,000,000,000,000,000,000,000,000,000,000,000,000,000,000,000,000,000,000,000,000,000,000,034,000,000,000,000,000,000,000,000,000,000,000,000,000,000,000,000,000,037,037,000,000,000,013,000,000,000,000,000,011,011,000,000,000,000,000,000,000,000,000,000,000,027,000,000,000,000,000,000,001,000,016,000,003,000,000,000,000,000,000,000,000,000,000,000,035,000,000,000,000,000,000,000,000,032,000,000,008,008,000,000,000,000,000,000,000,000,000,000,005,029,000,000,000,000,000,000,000,
-74: 000,000,003,000,000,022,000,000,000,011,011,000,000,000,014,000,027,000,000,000,000,000,000,000,000,000,000,000,026,000,000,034,000,000,000,000,000,000,000,000,000,000,000,000,000,000,000,010,007,000,000,000,000,000,000,000,011,011,000,000,009,000,000,000,000,007,000,000,008,008,000,000,000,000,000,000,000,000,020,000,000,000,000,000,000,000,001,000,000,000,000,000,000,000,000,000,000,002,000,000,000,000,000,000,000,000,000,000,000,000,000,000,000,018,000,000,024,000,000,000,000,000,000,000,000,000,000,000,000,000,000,000,000,000,000,000,000,000,000,000,000,000,029,000,000,000,000,000,000,006,000,000,000,000,016,000,000,013,000,000,000,000,000,000,000,000,006,000,000,012,000,016,000,000,000,000,000,000,000,000,000,000,003,000,000,000,000,000,000,035,000,000,000,000,000,000,000,000,017,017,017,019,000,033,000,000,000,000,000,000,000,000,000,028,028,028,000,000,000,000,000,000,000,000,000,000,000,000,000,000,000,000,000,000,010,000,000,000,000,000,000,004,000,000,000,031,000,000,000,000,000,000,000,000,000,000,000,000,000,000,000,000,000,000,000,025,000,000,000,000,001,000,000,000,000,005,000,000,000,000,000,000,037,037,000,000,000,000,000,000,000,000,000,000,000,000,000,000,000,036,000,000,000,000,000,000,000,000,000,000,005,000,000,021,000,000,000,000,000,000,000,000,000,030,000,000,000,000,000,000,000,000,000,032,000,000,000,000,000,000,015,000,000,023,000,000,000,000,000,000,000,000,000,038,000,000,009,000,000,000,
-74: 000,000,000,000,000,000,017,017,017,000,000,000,000,000,000,000,000,000,000,000,000,000,023,000,000,000,000,000,000,000,000,000,000,000,000,000,000,000,000,000,000,003,000,031,000,000,038,000,000,000,000,000,000,000,000,000,000,000,000,007,000,000,000,000,000,000,003,000,000,000,000,000,000,000,000,000,000,019,000,000,000,000,000,000,000,000,000,000,000,000,000,035,000,000,000,000,000,000,000,016,000,000,000,000,014,000,000,000,000,000,010,000,000,000,000,000,000,000,010,000,000,000,000,000,022,036,000,002,008,008,000,000,000,000,000,016,000,000,000,000,000,000,000,000,000,037,037,000,000,000,029,000,000,000,000,000,000,000,000,000,000,000,000,000,000,000,000,000,000,000,000,000,000,000,000,000,000,034,000,000,000,000,000,000,033,000,000,000,000,000,000,000,000,000,000,000,000,000,000,000,000,000,000,000,000,000,026,000,011,011,000,000,000,000,000,027,000,028,028,028,000,009,015,000,000,000,000,000,005,000,000,000,000,000,000,000,000,000,000,020,000,000,000,000,021,000,000,000,000,000,000,000,000,006,000,000,000,006,000,000,025,000,000,000,000,000,000,030,000,000,000,000,000,000,000,000,005,000,000,000,007,004,000,000,000,000,000,000,000,000,000,000,000,000,011,011,000,000,000,000,000,000,000,001,000,000,000,000,000,000,000,000,009,000,000,000,000,000,000,000,000,000,000,001,000,000,000,018,000,000,000,000,000,000,000,000,013,000,000,000,000,000,000,000,000,000,000,032,024,000,000,000,012,000,000,000,000,000,000,000,
-74: 000,000,000,008,008,030,000,000,000,000,000,005,000,000,000,000,000,000,000,000,000,000,000,000,000,033,000,000,000,000,000,000,000,000,000,000,001,018,000,000,000,000,000,000,000,000,006,000,000,000,000,000,000,000,000,000,000,000,000,000,000,000,000,000,038,005,026,000,000,000,036,000,001,000,000,000,000,000,000,000,000,000,000,000,009,000,000,000,000,000,000,000,000,000,000,000,000,000,000,000,000,000,000,000,000,000,000,000,000,000,000,000,000,000,000,000,000,024,000,000,011,011,000,000,000,027,000,000,000,000,000,000,000,000,000,000,000,000,000,017,017,017,000,000,000,000,000,000,000,000,000,000,000,000,000,010,000,000,000,007,000,013,000,000,000,000,000,000,000,000,000,000,000,016,037,037,000,000,000,000,000,000,000,000,000,000,000,000,000,000,000,019,003,000,000,000,000,000,000,000,000,000,000,000,000,000,035,000,000,000,000,000,006,000,000,000,000,000,000,000,000,000,000,000,000,000,000,003,007,000,000,000,000,000,016,000,000,000,000,000,020,000,000,000,000,000,000,000,000,021,014,000,000,000,000,000,000,000,000,000,000,000,000,000,000,000,000,000,011,011,000,025,000,000,000,000,000,000,000,000,000,000,000,000,029,000,000,000,000,000,000,000,000,000,023,000,000,000,031,000,000,000,000,000,000,002,015,000,000,000,000,000,000,000,000,000,000,000,022,000,000,000,000,000,009,000,000,000,000,000,012,000,000,000,000,000,000,000,000,000,000,032,004,000,000,000,000,000,000,000,000,000,000,034,000,010,028,028,028,000,
-74: 000,000,000,000,000,000,000,000,000,000,000,000,000,000,000,000,000,000,038,000,011,011,000,000,000,000,000,000,000,000,000,000,000,000,000,000,000,000,000,000,000,000,000,000,000,000,037,037,000,000,000,000,000,000,000,000,000,001,030,000,000,000,000,000,000,001,000,000,000,000,000,000,000,000,000,000,000,000,000,000,000,000,000,000,000,000,000,000,007,000,000,000,000,000,000,019,000,000,000,000,000,000,000,000,000,000,000,025,000,000,000,000,000,000,023,000,000,000,000,000,000,000,000,000,000,000,000,000,000,000,000,000,000,000,010,000,000,000,016,000,000,000,000,000,000,000,010,000,036,000,000,000,000,000,000,000,000,000,033,000,005,000,000,000,000,016,000,000,000,000,000,026,000,000,007,000,000,000,000,000,000,012,000,000,000,000,000,009,000,000,000,000,002,000,000,006,000,000,000,000,000,000,000,000,000,000,000,000,000,000,000,000,000,000,000,000,000,000,000,000,000,000,000,000,000,000,000,000,000,000,000,000,000,000,000,003,000,011,011,000,035,000,000,013,000,000,000,000,000,000,000,000,000,000,000,000,015,000,000,000,000,000,000,031,008,008,000,000,014,000,000,000,000,000,000,000,000,000,000,024,000,000,000,000,000,017,017,017,000,020,000,000,000,000,004,000,000,000,018,000,000,000,000,000,000,000,000,000,034,000,000,000,000,000,000,000,000,000,000,000,000,021,000,022,000,000,000,000,000,000,000,006,000,009,000,000,000,005,000,000,029,000,000,000,000,028,028,028,032,000,000,000,003,027,000,000,000,000,000,000,
-75: 000,000,000,000,000,000,017,017,017,000,000,000,000,000,000,000,000,000,000,000,000,015,007,000,000,008,008,025,000,000,000,000,000,000,000,000,000,000,000,027,000,000,000,000,000,000,000,000,000,000,000,000,000,000,000,000,000,000,000,006,000,000,000,000,021,000,000,000,000,000,000,000,000,000,000,001,000,000,000,006,000,000,000,000,000,000,000,037,037,000,000,000,000,000,000,000,000,000,000,000,019,000,026,000,000,000,000,000,000,000,000,000,024,000,000,000,000,000,011,011,000,033,000,000,000,000,000,000,000,000,000,000,000,000,000,000,003,000,000,000,000,000,000,000,016,000,000,000,000,000,000,000,000,000,000,000,000,000,000,000,000,009,000,000,028,028,028,034,000,000,000,000,020,000,000,000,000,000,000,000,000,000,000,000,000,000,000,000,000,000,012,000,000,000,000,000,000,000,000,000,000,000,000,001,000,000,036,000,000,000,000,022,000,000,000,000,035,000,000,018,000,000,010,000,000,000,002,000,000,000,000,000,013,000,000,000,000,016,000,000,000,000,000,000,000,000,000,000,000,005,010,003,000,000,000,032,000,000,000,005,000,000,000,000,000,000,000,000,000,000,011,011,000,000,000,000,000,000,000,000,014,009,000,000,000,000,000,029,000,000,000,000,000,000,000,000,000,000,030,000,000,000,000,000,000,000,000,000,038,000,000,000,000,000,000,000,000,000,000,000,000,000,000,000,000,000,000,000,000,000,007,000,000,000,000,000,000,000,000,031,004,000,000,023,000,000,000,000,000,000,000,000,000,000,000,000,000,000,000,000,
-81: 024,000,000,005,000,000,000,000,000,033,000,010,000,000,000,000,006,000,000,016,000,000,019,000,000,000,008,008,000,000,000,000,000,000,000,000,015,000,000,000,000,000,000,000,000,000,005,000,018,000,000,000,031,000,000,000,000,000,000,000,000,000,000,000,036,000,000,000,000,000,000,000,000,000,000,000,000,002,009,000,000,000,011,011,000,000,000,000,000,000,000,000,000,026,000,038,007,000,000,000,000,000,000,000,000,000,023,000,000,000,000,000,000,000,000,000,000,000,000,000,000,000,000,000,000,000,000,000,000,000,000,000,000,000,000,000,000,000,000,000,000,000,030,009,000,000,000,000,000,000,000,001,000,000,000,000,000,022,000,000,000,000,000,000,000,000,000,000,000,000,000,000,027,000,000,000,000,000,000,000,000,000,000,000,000,000,028,028,028,013,000,000,000,000,000,000,000,020,000,000,000,000,000,021,000,000,000,000,000,000,032,000,000,000,000,000,000,000,000,000,000,029,000,000,000,000,016,000,000,000,000,000,000,000,000,000,000,000,000,000,000,000,000,000,000,000,007,000,000,025,000,000,000,012,000,014,000,000,006,000,000,000,000,000,000,000,000,000,000,000,000,000,000,000,003,000,000,000,000,000,000,003,000,017,017,017,000,035,000,000,037,037,000,000,000,000,000,000,000,000,000,000,000,000,000,000,000,000,000,000,000,000,000,000,000,000,000,000,000,004,034,000,000,000,000,000,000,000,011,011,000,000,000,000,000,010,000,000,000,000,000,000,000,000,000,000,000,000,000,000,000,000,000,000,000,000,001,000,000,000,
-83: 000,000,000,000,000,000,000,000,000,011,011,000,000,000,000,000,000,000,000,000,000,000,000,000,000,000,000,000,000,000,000,000,000,000,014,000,008,008,000,000,000,033,004,031,000,000,000,000,000,000,000,000,000,000,000,000,000,000,000,000,000,025,000,000,000,000,000,029,000,038,000,000,000,000,000,000,000,000,026,000,000,000,000,000,000,000,000,000,000,000,000,000,000,000,000,000,000,000,000,000,000,003,000,000,000,000,000,000,000,005,000,000,000,036,000,000,000,005,000,000,000,000,000,000,000,000,000,000,000,000,000,000,000,000,000,000,016,000,000,000,000,034,000,000,000,000,000,000,000,000,000,000,032,000,000,000,000,000,000,000,019,000,000,000,000,000,000,000,000,030,000,018,000,000,028,028,028,000,011,011,000,000,000,000,000,000,006,000,009,000,000,021,000,000,000,000,000,002,000,000,000,000,000,010,000,000,003,000,000,000,000,000,000,000,000,000,000,000,000,000,000,000,009,000,000,000,000,035,000,000,000,000,000,000,000,000,000,000,000,012,000,000,000,000,000,000,000,000,000,000,000,001,000,000,000,000,000,000,000,007,000,000,024,007,000,000,000,000,000,000,000,000,000,000,000,000,000,000,000,000,000,000,000,000,000,013,016,000,000,000,001,000,037,037,000,010,000,000,000,000,000,000,000,000,000,000,000,000,000,000,000,000,000,000,006,000,000,000,000,000,000,000,000,000,023,000,000,000,000,000,000,022,000,017,017,017,000,000,000,000,000,000,000,000,000,000,000,000,000,000,000,000,027,015,000,000,020,000,000,000,
-85: 000,033,000,000,000,009,011,011,000,000,000,014,023,037,037,000,000,000,000,027,000,000,000,000,000,000,000,000,000,000,000,000,000,000,016,010,002,000,000,000,000,000,000,000,000,000,000,005,000,006,000,000,000,026,000,000,000,013,000,000,000,000,024,000,000,000,000,000,000,000,000,000,000,000,000,000,000,000,000,000,000,010,000,000,000,000,000,000,000,000,000,028,028,028,000,000,000,000,000,000,000,000,000,000,000,000,000,000,000,000,007,000,000,000,000,000,000,012,000,000,000,000,000,000,000,004,000,000,000,000,000,000,000,000,000,000,000,000,000,000,018,000,000,003,000,000,000,000,011,011,000,000,000,000,000,000,000,000,000,000,000,038,000,000,000,000,015,000,000,000,000,000,000,035,000,000,000,000,000,000,006,000,000,000,000,000,000,000,000,000,000,000,000,000,000,000,000,000,000,000,000,000,000,025,000,000,000,007,000,034,000,000,000,000,000,000,000,000,000,000,000,031,000,000,016,000,000,000,000,000,000,000,000,000,000,000,000,000,000,003,000,000,000,000,000,000,000,000,000,036,000,000,000,000,000,000,000,000,000,000,000,000,000,000,000,000,000,000,000,000,001,000,020,000,000,000,000,000,000,000,000,000,017,017,017,000,000,000,000,000,021,000,001,000,008,008,000,000,000,000,000,032,000,000,009,000,000,000,000,029,005,000,000,000,000,000,000,000,000,000,000,000,022,000,000,000,000,000,000,000,000,000,000,000,000,000,000,000,000,000,000,030,000,000,000,000,000,000,000,000,000,000,000,019,000,000,000,000,000,000,
-94: 000,000,011,011,000,016,000,000,000,000,000,000,000,000,000,000,000,000,000,000,000,000,000,000,000,000,007,000,000,000,000,000,000,000,000,000,035,000,000,000,000,000,000,000,000,000,000,000,000,000,000,000,000,000,000,000,000,000,000,000,000,000,000,000,000,000,000,000,003,000,000,000,000,037,037,000,000,000,000,000,015,000,000,000,000,000,000,000,000,000,000,000,000,000,000,000,000,000,000,000,000,030,000,000,000,032,001,000,000,000,000,000,000,005,000,000,000,000,000,000,000,000,023,000,010,014,000,000,000,000,036,000,000,000,017,017,017,027,000,000,000,000,000,019,000,000,000,000,000,010,000,000,000,000,000,004,000,000,000,000,000,000,018,000,000,007,011,011,000,000,000,000,000,000,000,000,000,006,000,000,016,000,000,000,000,021,000,000,000,000,000,000,000,028,028,028,003,000,000,000,000,000,000,000,000,000,000,000,000,000,000,000,000,000,000,000,000,000,022,000,000,000,002,000,000,000,000,000,000,000,000,000,000,038,000,000,000,000,000,034,000,000,000,000,000,031,000,000,009,000,000,000,000,000,000,000,000,000,000,000,000,000,000,000,000,000,000,000,000,001,000,000,000,000,000,000,000,000,000,000,000,000,000,006,000,000,000,026,000,000,000,000,000,000,000,000,000,008,008,000,000,000,000,029,000,000,000,000,000,000,000,000,000,000,000,000,000,020,000,000,000,000,000,000,000,000,009,005,000,000,000,000,000,000,000,033,000,000,012,013,000,000,000,000,025,000,024,000,000,000,000,000,000,000,000,000,000,000,000,000,
</DebugTrace>
      </Output>
    </UnitTestResult>
  </Results>
</TestRun>