<?xml version="1.0" encoding="UTF-8"?>
<TestRun id="136b3d87-fb57-4fbb-b36a-af30338dac22" name="FloLap@FLOLAP-PC 2011-10-21 17:06:38" runUser="FloLap-PC\FloLap" xmlns="http://microsoft.com/schemas/VisualStudio/TeamTest/2010">
  <TestSettings name="Lokal" id="6ed96bb3-d821-4eee-a79d-3a3069da9890">
    <Description>Dies sind die standardmäßigen Testeinstellungen für einen lokalen Testlauf.</Description>
    <Deployment enabled="false" runDeploymentRoot="FloLap_FLOLAP-PC 2011-10-21 17_06_38">
      <DeploymentItem filename="E:\HsKA\Semester2\Projektarbeit\Stundenplangenerator\TimetablePlanner\TimetablePlanner\bin\Debug\TimetablePlanner.dll" />
    </Deployment>
    <Execution>
      <TestTypeSpecific />
      <AgentRule name="Execution Agents">
      </AgentRule>
    </Execution>
  </TestSettings>
  <Times creation="2011-10-21T17:06:38.0916393+02:00" queuing="2011-10-21T17:06:39.1046973+02:00" start="2011-10-21T17:06:39.1847018+02:00" finish="2011-10-21T17:06:48.8421621+02:00" />
  <ResultSummary outcome="Completed">
    <Counters total="1" executed="1" passed="1" error="0" failed="0" timeout="0" aborted="0" inconclusive="0" passedButRunAborted="0" notRunnable="0" notExecuted="0" disconnected="0" warning="0" completed="0" inProgress="0" pending="0" />
  </ResultSummary>
  <TestDefinitions>
    <UnitTest name="TimetableManualTester" storage="e:\hska\semester2\projektarbeit\stundenplangenerator\timetableplanner\timetableplannertests\bin\debug\timetableplannertests.dll" id="3ada0cc6-2a4d-2d63-7d9f-97d4d443b0f3">
      <Execution id="3ce258b2-bc33-4eb2-b090-1db2e165d4c3" />
      <TestMethod codeBase="E:/HsKA/Semester2/Projektarbeit/Stundenplangenerator/TimetablePlanner/TimetablePlannerTests/bin/Debug/TimetablePlannerTests.DLL" adapterTypeName="Microsoft.VisualStudio.TestTools.TestTypes.Unit.UnitTestAdapter, Microsoft.VisualStudio.QualityTools.Tips.UnitTest.Adapter, Version=10.0.0.0, Culture=neutral, PublicKeyToken=b03f5f7f11d50a3a" className="TimetablePlannerTests.TimetableTest, TimetablePlannerTests, Version=1.0.0.0, Culture=neutral, PublicKeyToken=null" name="TimetableManualTester" />
    </UnitTest>
  </TestDefinitions>
  <TestLists>
    <TestList name="Nicht in einer Liste enthaltene Ergebnisse" id="8c84fa94-04c1-424b-9868-57a2d4851a1d" />
    <TestList name="Alle geladenen Ergebnisse" id="19431567-8539-422a-85d7-44ee4e166bda" />
  </TestLists>
  <TestEntries>
    <TestEntry testId="3ada0cc6-2a4d-2d63-7d9f-97d4d443b0f3" executionId="3ce258b2-bc33-4eb2-b090-1db2e165d4c3" testListId="8c84fa94-04c1-424b-9868-57a2d4851a1d" />
  </TestEntries>
  <Results>
    <UnitTestResult executionId="3ce258b2-bc33-4eb2-b090-1db2e165d4c3" testId="3ada0cc6-2a4d-2d63-7d9f-97d4d443b0f3" testName="TimetableManualTester" computerName="FLOLAP-PC" duration="00:00:08.3347337" startTime="2011-10-21T17:06:39.2327046+02:00" endTime="2011-10-21T17:06:48.7485619+02:00" testType="13cdc9d9-ddb5-4fa4-a97d-d965ccfc6d4b" outcome="Passed" testListId="8c84fa94-04c1-424b-9868-57a2d4851a1d" relativeResultsDirectory="3ce258b2-bc33-4eb2-b090-1db2e165d4c3">
      <Output>
        <DebugTrace>Time to create population of size 75: 608ms
1400
1390
1360
1210
1140
1130
1100
1070
1050
1030
1010
1000
980
970
960
960
930
860
830
770
760
760
740
730
720
720
710
700
690
670
670
670
660
650
640
640
630
630
610
600
600
600
540
530
520
510
510
490
460
460
440
410
400
390
350
340
320
280
270
260
230
230
230
180
170
160
140
120
100
60
40
-40
-90
-320
-380
Early abort after 171 generations.
Mean time per generation: 32ms
Mean fitness increase per generation
286
181
130
113
78
54
62
54
44
42
42
44
43
47
47
52
43
46
40
28
42
40
41
26
24
16
25
15
28
18
18
21
20
32
18
23
17
21
23
18
10
13
16
17
11
16
16
15
15
17
19
12
14
19
16
18
12
16
11
10
13
9
10
8
9
3
3
5
4
5
7
5
8
4
4
4
4
4
3
8
8
9
5
5
3
4
6
5
5
2
5
4
6
6
4
4
3
3
3
4
8
4
6
3
5
2
5
4
6
5
3
6
4
6
4
5
4
8
3
6
6
5
5
4
5
6
3
7
3
4
2
2
5
6
3
4
4
4
3
4
7
3
6
6
5
5
3
5
4
3
2
3
4
2
3
5
4
3
2
2
2
2
1
1
1
1
2
1
1
0
0
1
Evolution time: 5616ms
3370
3370
3360
3350
3350
3350
3350
3350
3350
3350
3340
3340
3340
3340
3340
3340
3340
3340
3340
3340
3340
3330
3330
3330
3330
3330
3330
3330
3330
3330
3330
3330
3330
3330
3330
3330
3330
3330
3330
3330
3330
3330
3330
3330
3330
3330
3330
3330
3330
3330
3320
3320
3320
3320
3320
3320
3320
3320
3320
3320
3320
3320
3320
3320
3320
3320
3320
3320
3320
3320
3320
3320
3320
3320
3320

Group 0
Block 0: Mathematik 1                           | Fremdsprachen                          | Informatik 1                           | Theoretische Informatik 1              | Informatik 1 Übung                     | 
Block 1: Mathematik 1 Labor                     | Fremdsprachen                          | Mathematik 1 Labor                     | Technische Informatik 1                | Theoretische Informatik 1              | 
Block 2: ---------------------------------------| Informatik 1                           | ---------------------------------------| ---------------------------------------| Technische Informatik 1                | 
Block 3: ---------------------------------------| Mathematik 1                           | ---------------------------------------| ---------------------------------------| ---------------------------------------| 
Block 4: ---------------------------------------| Technische Informatik 1 Übung          | ---------------------------------------| ---------------------------------------| ---------------------------------------| 
Block 5: ---------------------------------------| ---------------------------------------| ---------------------------------------| ---------------------------------------| ---------------------------------------| 

Group 1
Block 0: Informatik 2                           | Web-Programming                        | Informatik 2                           | Softwarelabor                          | Mathematik 2                           | 
Block 1: Softwarelabor                          | Digital-Labor                          | Technische Informatik 2                | Softwarelabor                          | Technische Informatik 2                | 
Block 2: Softwarelabor                          | Digital-Labor                          | ---------------------------------------| Informatik 2 Übung                     | Informatik 2 Übung                     | 
Block 3: ---------------------------------------| Digital-Labor                          | ---------------------------------------| Mathematik 2 Labor                     | Sprachen und Metasprachen              | 
Block 4: ---------------------------------------| ---------------------------------------| ---------------------------------------| ---------------------------------------| ---------------------------------------| 
Block 5: ---------------------------------------| ---------------------------------------| ---------------------------------------| ---------------------------------------| ---------------------------------------| 

Group 2
Block 0: Mobile Systeme                         | Datenrepräsentation und -übertragung   | Modellierung und Simulation            | ---------------------------------------| Verteilte Informationssysteme          | 
Block 1: Visualization and Semantics            | ---------------------------------------| IT Projektmanagement                   | Intelligente Systeme                   | IT Service Management                  | 
Block 2: Visualization and Semantics Lab        | ---------------------------------------| ---------------------------------------| ---------------------------------------| ---------------------------------------| 
Block 3: Projektarbeit1                         | ---------------------------------------| ---------------------------------------| ---------------------------------------| ---------------------------------------| 
Block 4: Projektarbeit1                         | ---------------------------------------| ---------------------------------------| ---------------------------------------| ---------------------------------------| 
Block 5: Projektarbeit1                         | Führungskräftetraining                 | ---------------------------------------| ---------------------------------------| ---------------------------------------| 

Group 3
Block 0: ---------------------------------------| IT-Sicherheit                          | Angewandte Kryptografie                | Algorithmen Übung                      | Dialog Systems                         | 
Block 1: Algorithmenentwurf                     | ---------------------------------------| Labor Verteilte Systeme                | Labor Benutzeroberflächen              | Data Mining                            | 
Block 2: ---------------------------------------| ---------------------------------------| ---------------------------------------| ---------------------------------------| ---------------------------------------| 
Block 3: ---------------------------------------| ---------------------------------------| ---------------------------------------| ---------------------------------------| ---------------------------------------| 
Block 4: ---------------------------------------| ---------------------------------------| Projektarbeit2                         | ---------------------------------------| ---------------------------------------| 
Block 5: ---------------------------------------| ---------------------------------------| Projektarbeit2                         | Seminar                                | ---------------------------------------| 
</DebugTrace>
      </Output>
    </UnitTestResult>
  </Results>
</TestRun>