<?xml version="1.0" encoding="UTF-8"?>
<TestRun id="fdfb16c2-8213-4077-9d7c-f4c7f0ccbdbd" name="FloLap@FLOLAP-PC 2011-10-23 12:03:00" runUser="FloLap-PC\FloLap" xmlns="http://microsoft.com/schemas/VisualStudio/TeamTest/2010">
  <TestSettings name="Lokal" id="6ed96bb3-d821-4eee-a79d-3a3069da9890">
    <Description>Dies sind die standardmäßigen Testeinstellungen für einen lokalen Testlauf.</Description>
    <Deployment enabled="false" runDeploymentRoot="FloLap_FLOLAP-PC 2011-10-23 12_03_00">
      <DeploymentItem filename="E:\HsKA\Semester2\Projektarbeit\Stundenplangenerator\TimetablePlanner\TimetablePlanner\bin\Debug\TimetablePlanner.dll" />
    </Deployment>
    <Execution>
      <TestTypeSpecific />
      <AgentRule name="Execution Agents">
      </AgentRule>
    </Execution>
  </TestSettings>
  <Times creation="2011-10-23T12:03:00.5214867+02:00" queuing="2011-10-23T12:03:01.3170881+02:00" start="2011-10-23T12:03:01.4106883+02:00" finish="2011-10-23T12:04:17.2112214+02:00" />
  <ResultSummary outcome="Completed">
    <Counters total="1" executed="1" passed="1" error="0" failed="0" timeout="0" aborted="0" inconclusive="0" passedButRunAborted="0" notRunnable="0" notExecuted="0" disconnected="0" warning="0" completed="0" inProgress="0" pending="0" />
  </ResultSummary>
  <TestDefinitions>
    <UnitTest name="TimetableManualTester" storage="e:\hska\semester2\projektarbeit\stundenplangenerator\timetableplanner\timetableplannertests\bin\debug\timetableplannertests.dll" id="3ada0cc6-2a4d-2d63-7d9f-97d4d443b0f3">
      <Execution id="8e2629a3-4c5e-4c16-8c8d-aeb7831ea23b" />
      <TestMethod codeBase="E:/HsKA/Semester2/Projektarbeit/Stundenplangenerator/TimetablePlanner/TimetablePlannerTests/bin/Debug/TimetablePlannerTests.DLL" adapterTypeName="Microsoft.VisualStudio.TestTools.TestTypes.Unit.UnitTestAdapter, Microsoft.VisualStudio.QualityTools.Tips.UnitTest.Adapter, Version=10.0.0.0, Culture=neutral, PublicKeyToken=b03f5f7f11d50a3a" className="TimetablePlannerTests.TimetableTest, TimetablePlannerTests, Version=1.0.0.0, Culture=neutral, PublicKeyToken=null" name="TimetableManualTester" />
    </UnitTest>
  </TestDefinitions>
  <TestLists>
    <TestList name="Nicht in einer Liste enthaltene Ergebnisse" id="8c84fa94-04c1-424b-9868-57a2d4851a1d" />
    <TestList name="Alle geladenen Ergebnisse" id="19431567-8539-422a-85d7-44ee4e166bda" />
  </TestLists>
  <TestEntries>
    <TestEntry testId="3ada0cc6-2a4d-2d63-7d9f-97d4d443b0f3" executionId="8e2629a3-4c5e-4c16-8c8d-aeb7831ea23b" testListId="8c84fa94-04c1-424b-9868-57a2d4851a1d" />
  </TestEntries>
  <Results>
    <UnitTestResult executionId="8e2629a3-4c5e-4c16-8c8d-aeb7831ea23b" testId="3ada0cc6-2a4d-2d63-7d9f-97d4d443b0f3" testName="TimetableManualTester" computerName="FLOLAP-PC" duration="00:01:14.4714882" startTime="2011-10-23T12:03:01.4730884+02:00" endTime="2011-10-23T12:04:17.1176213+02:00" testType="13cdc9d9-ddb5-4fa4-a97d-d965ccfc6d4b" outcome="Passed" testListId="8c84fa94-04c1-424b-9868-57a2d4851a1d" relativeResultsDirectory="8e2629a3-4c5e-4c16-8c8d-aeb7831ea23b">
      <Output>
        <DebugTrace>Time to create population of size 75: 592ms
1410
1400
1310
1140
1110
1090
1080
1050
1040
1030
1020
1000
960
960
950
940
910
870
850
840
810
800
790
770
770
770
760
740
730
720
690
690
680
680
670
660
640
630
630
620
600
580
570
560
500
490
490
420
350
330
320
320
320
260
200
140
130
120
100
60
10
-10
-40
-210
-250
-310
-330
-380
-410
-540
-550
-610
-650
-840
-1150
Early abort after 181 generations.
Mean time per generation: 40ms
Mean fitness increase per generation
411
156
107
89
84
59
51
44
40
41
51
47
37
35
37
39
29
33
35
32
32
35
32
41
37
29
28
38
26
25
22
21
22
20
24
22
17
21
24
18
24
21
23
23
17
19
26
13
17
11
17
13
9
11
15
16
12
11
9
10
13
12
11
11
8
13
8
7
9
10
8
15
9
11
10
13
8
8
6
10
9
12
10
3
6
9
9
6
7
6
8
4
9
7
9
5
6
6
7
4
5
10
10
11
8
9
13
9
6
6
7
10
7
9
3
4
7
5
9
4
7
8
4
4
4
6
2
3
3
2
5
6
4
4
3
3
3
6
4
3
3
3
2
1
3
3
1
4
1
1
2
1
4
2
1
2
1
2
3
3
2
2
3
3
2
2
2
4
1
3
3
1
3
1
1
0
2
2
1
1
2
1
Evolution time: 7410ms
3500
3480
3480
3480
3480
3470
3470
3470
3470
3470
3470
3470
3470
3460
3460
3460
3460
3460
3460
3460
3450
3450
3450
3450
3450
3450
3450
3450
3450
3450
3450
3450
3450
3450
3440
3440
3440
3440
3440
3440
3440
3440
3440
3440
3440
3440
3440
3440
3440
3440
3440
3440
3440
3440
3440
3440
3440
3440
3440
3440
3440
3440
3440
3440
3440
3440
3430
3430
3430
3430
3430
3430
3430
3430
3430

Group 0
Block 0: Mathematik 1 Labor                     | Theoretische Informatik 1              | Informatik 1                           | Technische Informatik 1                | Fremdsprachen                          | 
Block 1: Informatik 1                           | Mathematik 1                           | Technische Informatik 1                | Mathematik 1 Labor                     | Fremdsprachen                          | 
Block 2: Informatik 1 Übung                     | ---------------------------------------| ---------------------------------------| Technische Informatik 1 Übung          | Mathematik 1                           | 
Block 3: Theoretische Informatik 1              | ---------------------------------------| ---------------------------------------| ---------------------------------------| ---------------------------------------| 
Block 4: ---------------------------------------| ---------------------------------------| ---------------------------------------| ---------------------------------------| ---------------------------------------| 
Block 5: ---------------------------------------| ---------------------------------------| ---------------------------------------| ---------------------------------------| ---------------------------------------| 

Group 1
Block 0: Softwarelabor                          | Mathematik 2 Labor                     | Softwarelabor                          | Digital-Labor                          | Web-Programming                        | 
Block 1: Softwarelabor                          | Technische Informatik 2                | Softwarelabor                          | Digital-Labor                          | Technische Informatik 2                | 
Block 2: Sprachen und Metasprachen              | Informatik 2                           | ---------------------------------------| Digital-Labor                          | Informatik 2                           | 
Block 3: ---------------------------------------| Informatik 2 Übung                     | ---------------------------------------| Mathematik 2                           | Informatik 2 Übung                     | 
Block 4: ---------------------------------------| ---------------------------------------| ---------------------------------------| ---------------------------------------| ---------------------------------------| 
Block 5: ---------------------------------------| ---------------------------------------| ---------------------------------------| ---------------------------------------| ---------------------------------------| 

Group 2
Block 0: ---------------------------------------| Modellierung und Simulation            | Intelligente Systeme                   | Mobile Systeme                         | Verteilte Informationssysteme          | 
Block 1: ---------------------------------------| Visualization and Semantics Lab        | IT Projektmanagement                   | Visualization and Semantics            | IT Service Management                  | 
Block 2: Datenrepräsentation und -übertragung   | ---------------------------------------| ---------------------------------------| ---------------------------------------| ---------------------------------------| 
Block 3: ---------------------------------------| Projektarbeit1                         | ---------------------------------------| ---------------------------------------| ---------------------------------------| 
Block 4: ---------------------------------------| Projektarbeit1                         | ---------------------------------------| ---------------------------------------| ---------------------------------------| 
Block 5: ---------------------------------------| Projektarbeit1                         | Führungskräftetraining                 | ---------------------------------------| ---------------------------------------| 

Group 3
Block 0: Data Mining                            | Algorithmen Übung                      | Labor Benutzeroberflächen              | Angewandte Kryptografie                | ---------------------------------------| 
Block 1: IT-Sicherheit                          | Labor Verteilte Systeme                | Dialog Systems                         | Algorithmenentwurf                     | ---------------------------------------| 
Block 2: ---------------------------------------| ---------------------------------------| ---------------------------------------| ---------------------------------------| ---------------------------------------| 
Block 3: ---------------------------------------| ---------------------------------------| ---------------------------------------| ---------------------------------------| ---------------------------------------| 
Block 4: Projektarbeit2                         | ---------------------------------------| ---------------------------------------| ---------------------------------------| ---------------------------------------| 
Block 5: Projektarbeit2                         | ---------------------------------------| ---------------------------------------| ---------------------------------------| Seminar                                | 
</DebugTrace>
      </Output>
    </UnitTestResult>
  </Results>
</TestRun>