<?xml version="1.0" encoding="UTF-8"?>
<TestRun id="1a77a23c-c48a-4b35-b6f8-85577f499883" name="FloLap@FLOLAP-PC 2011-10-19 19:19:49" runUser="FloLap-PC\FloLap" xmlns="http://microsoft.com/schemas/VisualStudio/TeamTest/2010">
  <TestSettings name="Lokal" id="6ed96bb3-d821-4eee-a79d-3a3069da9890">
    <Description>Dies sind die standardmäßigen Testeinstellungen für einen lokalen Testlauf.</Description>
    <Deployment enabled="false" runDeploymentRoot="FloLap_FLOLAP-PC 2011-10-19 19_19_49">
      <DeploymentItem filename="E:\HsKA\Semester2\Projektarbeit\Stundenplangenerator\TimetablePlanner\TimetablePlanner\bin\Debug\TimetablePlanner.dll" />
    </Deployment>
    <Execution>
      <TestTypeSpecific />
      <AgentRule name="Execution Agents">
      </AgentRule>
    </Execution>
  </TestSettings>
  <Times creation="2011-10-19T19:19:49.4462514+02:00" queuing="2011-10-19T19:19:50.4406616+02:00" start="2011-10-19T19:19:50.5342617+02:00" finish="2011-10-19T19:19:57.9386068+02:00" />
  <ResultSummary outcome="Completed">
    <Counters total="1" executed="1" passed="1" error="0" failed="0" timeout="0" aborted="0" inconclusive="0" passedButRunAborted="0" notRunnable="0" notExecuted="0" disconnected="0" warning="0" completed="0" inProgress="0" pending="0" />
  </ResultSummary>
  <TestDefinitions>
    <UnitTest name="createTimetableInstanceTest" storage="e:\hska\semester2\projektarbeit\stundenplangenerator\timetableplanner\timetableplannertests\bin\debug\timetableplannertests.dll" id="ab441b29-9837-01bf-f43f-7839c8f73716">
      <Execution id="0ac1c7da-f12c-4844-81d4-58caf4876424" />
      <TestMethod codeBase="E:/HsKA/Semester2/Projektarbeit/Stundenplangenerator/TimetablePlanner/TimetablePlannerTests/bin/Debug/TimetablePlannerTests.DLL" adapterTypeName="Microsoft.VisualStudio.TestTools.TestTypes.Unit.UnitTestAdapter, Microsoft.VisualStudio.QualityTools.Tips.UnitTest.Adapter, Version=10.0.0.0, Culture=neutral, PublicKeyToken=b03f5f7f11d50a3a" className="TimetablePlannerTests.TimetableTest, TimetablePlannerTests, Version=1.0.0.0, Culture=neutral, PublicKeyToken=null" name="createTimetableInstanceTest" />
    </UnitTest>
  </TestDefinitions>
  <TestLists>
    <TestList name="Nicht in einer Liste enthaltene Ergebnisse" id="8c84fa94-04c1-424b-9868-57a2d4851a1d" />
    <TestList name="Alle geladenen Ergebnisse" id="19431567-8539-422a-85d7-44ee4e166bda" />
  </TestLists>
  <TestEntries>
    <TestEntry testId="ab441b29-9837-01bf-f43f-7839c8f73716" executionId="0ac1c7da-f12c-4844-81d4-58caf4876424" testListId="8c84fa94-04c1-424b-9868-57a2d4851a1d" />
  </TestEntries>
  <Results>
    <UnitTestResult executionId="0ac1c7da-f12c-4844-81d4-58caf4876424" testId="ab441b29-9837-01bf-f43f-7839c8f73716" testName="createTimetableInstanceTest" computerName="FLOLAP-PC" duration="00:00:06.0718105" startTime="2011-10-19T19:19:50.5810618+02:00" endTime="2011-10-19T19:19:57.8450066+02:00" testType="13cdc9d9-ddb5-4fa4-a97d-d965ccfc6d4b" outcome="Passed" testListId="8c84fa94-04c1-424b-9868-57a2d4851a1d" relativeResultsDirectory="0ac1c7da-f12c-4844-81d4-58caf4876424">
      <Output>
        <DebugTrace>Time to create population of size 75: 546ms
344
323
301
298
285
276
275
266
257
227
224
220
216
212
209
208
206
203
200
182
173
156
152
152
151
149
134
128
124
123
114
112
104
91
87
78
73
71
69
63
62
62
57
56
53
46
45
44
44
38
19
16
15
2
2
-15
-20
-23
-28
-32
-33
-44
-44
-77
-82
-104
-114
-119
-134
-151
-152
-167
-170
-226
-282
Early abort after 166 generations.
Mean time per generation: 30ms
Mean fitness increase per generation
149
57
34
32
39
61
68
28
14
19
15
17
9
9
9
9
12
10
10
8
7
7
6
5
6
4
6
4
6
4
6
3
4
5
3
3
4
5
4
4
3
3
3
4
2
3
4
2
4
3
4
3
4
4
3
3
3
3
4
4
3
3
2
4
2
4
4
3
3
3
3
2
1
2
2
2
3
2
2
1
2
1
0
0
1
1
2
1
1
1
1
0
1
0
1
3
1
2
2
4
3
1
0
0
1
1
1
2
1
0
1
1
1
1
0
1
2
0
2
1
0
1
1
1
1
0
2
0
1
1
1
0
1
0
1
0
1
0
0
1
0
1
1
0
1
1
0
0
0
1
0
1
0
2
1
1
1
1
1
0
0
0
1
0
1
0
1
Evolution time: 5188ms
973
973
973
973
973
973
973
973
973
973
973
973
973
973
973
973
973
973
973
973
973
973
973
973
973
973
973
973
973
973
973
973
973
973
973
973
973
973
973
973
973
973
973
973
973
973
973
973
973
973
973
973
973
973
973
973
973
973
973
973
973
973
973
973
973
973
973
973
973
973
973
973
973
973
973

Group 0
Block 0: 000 001 012 006 003 
Block 1: 010 005 012 004 009 
Block 2: 008 011 --- 007 002 
Block 3: --- --- --- --- --- 
Block 4: --- --- --- --- --- 
Block 5: --- --- --- --- --- 

Group 1
Block 0: 017 020 019 025 014 
Block 1: 017 013 021 025 022 
Block 2: 016 024 --- 025 015 
Block 3: --- --- --- --- 018 
Block 4: 023 --- --- --- 018 
Block 5: --- --- --- --- --- 

Group 2
Block 0: 033 032 031 035 030 
Block 1: 029 028 026 --- 027 
Block 2: --- --- --- x34 --- 
Block 3: --- --- --- x36 --- 
Block 4: --- --- --- x36 --- 
Block 5: --- --- --- x36 --- 

Group 3
Block 0: 042 039 041 044 037 
Block 1: --- --- 040 038 043 
Block 2: --- --- --- --- --- 
Block 3: --- x46 --- --- --- 
Block 4: --- x45 --- --- --- 
Block 5: --- x45 --- --- --- 
</DebugTrace>
      </Output>
    </UnitTestResult>
  </Results>
</TestRun>