<?xml version="1.0" encoding="UTF-8"?>
<TestRun id="77ac89e4-ed82-4555-afbf-d8ffc019ffe1" name="FloLap@FLOLAP-PC 2011-10-23 12:05:14" runUser="FloLap-PC\FloLap" xmlns="http://microsoft.com/schemas/VisualStudio/TeamTest/2010">
  <TestSettings name="Lokal" id="6ed96bb3-d821-4eee-a79d-3a3069da9890">
    <Description>Dies sind die standardmäßigen Testeinstellungen für einen lokalen Testlauf.</Description>
    <Deployment enabled="false" runDeploymentRoot="FloLap_FLOLAP-PC 2011-10-23 12_05_14">
      <DeploymentItem filename="E:\HsKA\Semester2\Projektarbeit\Stundenplangenerator\TimetablePlanner\TimetablePlanner\bin\Debug\TimetablePlanner.dll" />
    </Deployment>
    <Execution>
      <TestTypeSpecific />
      <AgentRule name="Execution Agents">
      </AgentRule>
    </Execution>
  </TestSettings>
  <Times creation="2011-10-23T12:05:14.9113433+02:00" queuing="2011-10-23T12:05:15.7069447+02:00" start="2011-10-23T12:05:15.7693448+02:00" finish="2011-10-23T12:05:26.2213632+02:00" />
  <ResultSummary outcome="Completed">
    <Counters total="1" executed="1" passed="1" error="0" failed="0" timeout="0" aborted="0" inconclusive="0" passedButRunAborted="0" notRunnable="0" notExecuted="0" disconnected="0" warning="0" completed="0" inProgress="0" pending="0" />
  </ResultSummary>
  <TestDefinitions>
    <UnitTest name="TimetableManualTester" storage="e:\hska\semester2\projektarbeit\stundenplangenerator\timetableplanner\timetableplannertests\bin\debug\timetableplannertests.dll" id="3ada0cc6-2a4d-2d63-7d9f-97d4d443b0f3">
      <Execution id="80eb4fbf-aa5c-428f-85fb-e7d970151550" />
      <TestMethod codeBase="E:/HsKA/Semester2/Projektarbeit/Stundenplangenerator/TimetablePlanner/TimetablePlannerTests/bin/Debug/TimetablePlannerTests.DLL" adapterTypeName="Microsoft.VisualStudio.TestTools.TestTypes.Unit.UnitTestAdapter, Microsoft.VisualStudio.QualityTools.Tips.UnitTest.Adapter, Version=10.0.0.0, Culture=neutral, PublicKeyToken=b03f5f7f11d50a3a" className="TimetablePlannerTests.TimetableTest, TimetablePlannerTests, Version=1.0.0.0, Culture=neutral, PublicKeyToken=null" name="TimetableManualTester" />
    </UnitTest>
  </TestDefinitions>
  <TestLists>
    <TestList name="Nicht in einer Liste enthaltene Ergebnisse" id="8c84fa94-04c1-424b-9868-57a2d4851a1d" />
    <TestList name="Alle geladenen Ergebnisse" id="19431567-8539-422a-85d7-44ee4e166bda" />
  </TestLists>
  <TestEntries>
    <TestEntry testId="3ada0cc6-2a4d-2d63-7d9f-97d4d443b0f3" executionId="80eb4fbf-aa5c-428f-85fb-e7d970151550" testListId="8c84fa94-04c1-424b-9868-57a2d4851a1d" />
  </TestEntries>
  <Results>
    <UnitTestResult executionId="80eb4fbf-aa5c-428f-85fb-e7d970151550" testId="3ada0cc6-2a4d-2d63-7d9f-97d4d443b0f3" testName="TimetableManualTester" computerName="FLOLAP-PC" duration="00:00:09.1743363" startTime="2011-10-23T12:05:15.8161449+02:00" endTime="2011-10-23T12:05:26.1745631+02:00" testType="13cdc9d9-ddb5-4fa4-a97d-d965ccfc6d4b" outcome="Passed" testListId="8c84fa94-04c1-424b-9868-57a2d4851a1d" relativeResultsDirectory="80eb4fbf-aa5c-428f-85fb-e7d970151550">
      <Output>
        <DebugTrace>Time to create population of size 75: 592ms
1420
1220
1190
1170
1130
1130
1110
1010
1010
1010
1000
970
940
890
870
860
760
750
750
750
750
740
710
640
630
610
610
560
530
520
470
460
440
420
370
350
340
310
310
300
280
280
220
220
180
120
110
50
30
10
-40
-50
-50
-60
-60
-70
-80
-140
-160
-210
-220
-260
-290
-350
-350
-370
-520
-570
-590
-740
-770
-960
-1150
-1260
-1320
Early abort after 157 generations.
Mean time per generation: 40ms
Mean fitness increase per generation
497
232
135
114
94
66
58
51
66
66
67
56
60
38
35
36
29
31
30
28
30
29
25
29
29
27
23
27
29
24
31
29
34
20
16
18
24
21
30
27
26
21
16
17
16
19
24
14
20
20
17
18
11
10
17
17
20
13
8
16
9
11
9
15
13
12
8
14
16
16
5
14
12
5
10
4
9
9
2
7
6
7
4
7
5
8
5
5
5
4
5
6
6
2
3
3
3
5
6
3
3
4
3
5
1
4
6
3
3
4
5
5
1
4
2
5
5
3
6
4
3
5
2
2
5
3
2
1
4
4
3
4
3
4
3
1
2
3
1
4
3
2
1
2
3
3
3
3
1
3
2
3
2
3
2
1
2
2
Evolution time: 6458ms
3450
3440
3440
3440
3440
3440
3440
3440
3430
3430
3430
3420
3420
3420
3420
3410
3410
3410
3410
3410
3410
3410
3410
3410
3410
3410
3410
3400
3400
3400
3400
3400
3400
3400
3400
3400
3400
3400
3400
3400
3400
3400
3400
3400
3390
3390
3390
3390
3390
3390
3390
3390
3390
3390
3390
3390
3390
3390
3390
3390
3390
3390
3390
3390
3390
3390
3390
3390
3380
3380
3380
3380
3380
3380
3380

Group 0
Block 0: Informatik 1 Übung                     | Mathematik 1                           | Technische Informatik 1 Übung          | Informatik 1                           | Mathematik 1 Labor                     | 
Block 1: Fremdsprachen                          | Informatik 1                           | Technische Informatik 1                | Theoretische Informatik 1              | Mathematik 1                           | 
Block 2: Fremdsprachen                          | Mathematik 1 Labor                     | ---------------------------------------| Technische Informatik 1                | ---------------------------------------| 
Block 3: ---------------------------------------| Theoretische Informatik 1              | ---------------------------------------| ---------------------------------------| ---------------------------------------| 
Block 4: ---------------------------------------| ---------------------------------------| ---------------------------------------| ---------------------------------------| ---------------------------------------| 
Block 5: ---------------------------------------| ---------------------------------------| ---------------------------------------| ---------------------------------------| ---------------------------------------| 

Group 1
Block 0: Softwarelabor                          | Mathematik 2 Labor                     | Technische Informatik 2                | Digital-Labor                          | Informatik 2                           | 
Block 1: Softwarelabor                          | Softwarelabor                          | Mathematik 2                           | Digital-Labor                          | Web-Programming                        | 
Block 2: Informatik 2 Übung                     | Softwarelabor                          | ---------------------------------------| Digital-Labor                          | Sprachen und Metasprachen              | 
Block 3: Informatik 2                           | Informatik 2 Übung                     | ---------------------------------------| ---------------------------------------| ---------------------------------------| 
Block 4: ---------------------------------------| Technische Informatik 2                | ---------------------------------------| ---------------------------------------| ---------------------------------------| 
Block 5: ---------------------------------------| ---------------------------------------| ---------------------------------------| ---------------------------------------| ---------------------------------------| 

Group 2
Block 0: Datenrepräsentation und -übertragung   | Verteilte Informationssysteme          | Visualization and Semantics            | ---------------------------------------| IT Service Management                  | 
Block 1: Intelligente Systeme                   | Modellierung und Simulation            | Visualization and Semantics Lab        | ---------------------------------------| ---------------------------------------| 
Block 2: Mobile Systeme                         | ---------------------------------------| ---------------------------------------| ---------------------------------------| IT Projektmanagement                   | 
Block 3: ---------------------------------------| Projektarbeit1                         | ---------------------------------------| ---------------------------------------| ---------------------------------------| 
Block 4: ---------------------------------------| Projektarbeit1                         | ---------------------------------------| ---------------------------------------| ---------------------------------------| 
Block 5: ---------------------------------------| Projektarbeit1                         | ---------------------------------------| ---------------------------------------| Führungskräftetraining                 | 

Group 3
Block 0: Data Mining                            | ---------------------------------------| Dialog Systems                         | Angewandte Kryptografie                | ---------------------------------------| 
Block 1: Labor Benutzeroberflächen              | ---------------------------------------| IT-Sicherheit                          | Labor Verteilte Systeme                | Algorithmenentwurf                     | 
Block 2: Algorithmen Übung                      | ---------------------------------------| ---------------------------------------| ---------------------------------------| ---------------------------------------| 
Block 3: ---------------------------------------| ---------------------------------------| ---------------------------------------| ---------------------------------------| ---------------------------------------| 
Block 4: Projektarbeit2                         | ---------------------------------------| ---------------------------------------| ---------------------------------------| ---------------------------------------| 
Block 5: Projektarbeit2                         | ---------------------------------------| Seminar                                | ---------------------------------------| ---------------------------------------| 
</DebugTrace>
      </Output>
    </UnitTestResult>
  </Results>
</TestRun>