<?xml version="1.0" encoding="UTF-8"?>
<TestRun id="208a8fdb-42df-4f8c-a4fd-3e3dce9218de" name="FloLap@FLOLAP-PC 2011-10-15 18:32:16" runUser="FloLap-PC\FloLap" xmlns="http://microsoft.com/schemas/VisualStudio/TeamTest/2010">
  <TestSettings name="Lokal" id="6ed96bb3-d821-4eee-a79d-3a3069da9890">
    <Description>Dies sind die standardmäßigen Testeinstellungen für einen lokalen Testlauf.</Description>
    <Deployment enabled="false" runDeploymentRoot="FloLap_FLOLAP-PC 2011-10-15 18_32_16">
      <DeploymentItem filename="E:\HsKA\Semester2\Projektarbeit\Stundenplangenerator\TimetablePlanner\TimetablePlanner\bin\Debug\TimetablePlanner.dll" />
    </Deployment>
    <Execution>
      <TestTypeSpecific />
      <AgentRule name="Execution Agents">
      </AgentRule>
    </Execution>
  </TestSettings>
  <Times creation="2011-10-15T18:32:16.6301776+02:00" queuing="2011-10-15T18:32:17.8157797+02:00" start="2011-10-15T18:32:17.9561799+02:00" finish="2011-10-15T18:32:32.4330053+02:00" />
  <ResultSummary outcome="Completed">
    <Counters total="1" executed="1" passed="1" error="0" failed="0" timeout="0" aborted="0" inconclusive="0" passedButRunAborted="0" notRunnable="0" notExecuted="0" disconnected="0" warning="0" completed="0" inProgress="0" pending="0" />
  </ResultSummary>
  <TestDefinitions>
    <UnitTest name="createTimetableInstanceTest" storage="e:\hska\semester2\projektarbeit\stundenplangenerator\timetableplanner\timetableplannertests\bin\debug\timetableplannertests.dll" id="ab441b29-9837-01bf-f43f-7839c8f73716">
      <Execution id="7e1dbc7a-2057-4c74-a262-e7a7ea18e4b7" />
      <TestMethod codeBase="E:/HsKA/Semester2/Projektarbeit/Stundenplangenerator/TimetablePlanner/TimetablePlannerTests/bin/Debug/TimetablePlannerTests.DLL" adapterTypeName="Microsoft.VisualStudio.TestTools.TestTypes.Unit.UnitTestAdapter, Microsoft.VisualStudio.QualityTools.Tips.UnitTest.Adapter, Version=10.0.0.0, Culture=neutral, PublicKeyToken=b03f5f7f11d50a3a" className="TimetablePlannerTests.TimetableTest, TimetablePlannerTests, Version=1.0.0.0, Culture=neutral, PublicKeyToken=null" name="createTimetableInstanceTest" />
    </UnitTest>
  </TestDefinitions>
  <TestLists>
    <TestList name="Nicht in einer Liste enthaltene Ergebnisse" id="8c84fa94-04c1-424b-9868-57a2d4851a1d" />
    <TestList name="Alle geladenen Ergebnisse" id="19431567-8539-422a-85d7-44ee4e166bda" />
  </TestLists>
  <TestEntries>
    <TestEntry testId="ab441b29-9837-01bf-f43f-7839c8f73716" executionId="7e1dbc7a-2057-4c74-a262-e7a7ea18e4b7" testListId="8c84fa94-04c1-424b-9868-57a2d4851a1d" />
  </TestEntries>
  <Results>
    <UnitTestResult executionId="7e1dbc7a-2057-4c74-a262-e7a7ea18e4b7" testId="ab441b29-9837-01bf-f43f-7839c8f73716" testName="createTimetableInstanceTest" computerName="FLOLAP-PC" duration="00:00:13.0510507" startTime="2011-10-15T18:32:18.0965801+02:00" endTime="2011-10-15T18:32:32.3082051+02:00" testType="13cdc9d9-ddb5-4fa4-a97d-d965ccfc6d4b" outcome="Passed" testListId="8c84fa94-04c1-424b-9868-57a2d4851a1d" relativeResultsDirectory="7e1dbc7a-2057-4c74-a262-e7a7ea18e4b7">
      <Output>
        <DebugTrace>Time to create population of size 20: 109ms
0328: 035|036|036|---|---|---|014|---|---|---|---|---|---|---|---|---|---|---|002|---|---|---|---|---|---|027|027|027|---|---|---|---|---|023|---|---|---|---|---|---|---|---|---|008|017|---|---|---|---|---|---|---|---|---|---|---|---|---|---|---|---|---|---|---|---|---|---|---|006|---|---|---|---|018|---|---|---|---|---|011|---|---|---|---|---|---|---|---|---|---|---|---|---|---|---|---|---|---|037|---|013|---|---|009|019|004|---|---|---|---|---|---|025|---|---|012|---|026|000|---|---|---|---|---|---|---|---|---|---|---|---|---|---|---|---|---|---|---|---|---|---|---|---|---|---|---|---|---|---|---|---|010|010|---|---|---|---|003|---|---|---|---|028|---|---|---|---|---|---|032|---|---|009|---|---|---|---|---|---|---|---|---|002|---|---|---|030|---|---|---|---|---|---|---|---|---|---|---|---|---|---|---|---|---|---|---|---|---|---|---|---|---|---|---|---|---|---|---|---|---|---|---|033|000|---|---|---|---|---|---|---|020|---|---|005|---|---|---|034|---|---|005|---|---|004|---|015|029|---|---|---|---|---|---|---|---|---|---|---|---|---|031|---|---|---|---|---|---|---|---|001|---|---|---|---|---|---|---|---|---|---|---|---|006|---|---|---|---|---|007|007|---|---|---|---|010|010|---|---|---|---|---|016|016|016|---|---|---|024|---|015|---|---|---|---|---|---|---|---|---|---|---|---|---|---|---|---|---|---|---|---|---|022|---|008|---|---|---|---|---|---|---|---|021|---|---|---|---|---|---|---|---|---|---|---|---|---|---|---|---|
0296: ---|---|---|---|---|---|---|---|---|---|---|---|---|---|005|---|---|---|---|---|---|003|024|---|---|---|---|---|---|---|---|---|---|---|034|---|015|---|010|010|---|---|---|---|---|---|---|---|---|---|---|---|---|---|---|---|---|---|---|---|---|---|---|---|---|---|---|---|---|---|---|---|011|036|036|---|002|---|027|027|027|---|025|---|---|031|---|---|---|---|037|032|007|007|---|---|---|---|---|---|---|---|---|---|---|---|000|---|---|---|---|---|---|---|---|---|---|019|---|---|---|---|---|---|---|---|---|---|---|---|---|---|---|---|---|---|---|---|---|---|---|---|---|---|---|016|016|016|035|---|---|---|---|---|026|---|---|---|022|020|---|---|---|---|015|---|---|---|---|---|---|017|---|---|030|---|033|000|029|---|028|---|---|---|---|---|---|---|---|---|---|---|---|---|---|---|---|---|001|---|021|---|---|---|---|---|---|---|---|---|006|---|---|---|---|---|---|---|---|---|---|---|008|---|---|---|004|---|---|---|---|---|---|---|---|---|---|---|---|---|010|010|---|---|---|---|018|008|---|---|---|---|---|004|---|005|---|---|---|---|---|---|---|---|---|---|---|---|---|---|---|---|---|---|---|---|---|---|---|---|---|---|---|---|---|---|---|---|---|---|---|---|---|---|---|023|---|---|---|---|---|---|---|---|---|---|009|---|---|013|---|---|009|---|---|---|---|---|---|---|---|---|---|---|---|012|---|---|---|---|---|---|---|002|014|---|---|---|---|---|---|---|---|---|---|---|---|---|---|006|---|---|---|---|---|---|---|---|---|---|
0296: 028|032|---|---|---|---|---|005|009|---|---|---|---|---|---|030|---|---|010|010|---|---|---|---|---|---|---|---|---|---|---|---|014|011|---|---|---|---|---|---|---|---|---|008|---|---|---|---|---|---|---|---|---|---|---|---|---|---|006|---|---|---|---|---|---|---|---|---|---|001|---|---|---|---|---|---|---|---|---|---|---|---|---|---|---|---|---|031|---|---|---|017|---|---|---|---|---|034|033|---|---|---|000|---|---|---|015|---|---|---|036|036|---|---|---|---|029|004|023|---|---|---|---|---|---|---|---|006|---|---|---|---|---|---|---|---|---|---|---|---|---|---|---|---|---|---|---|---|---|---|015|---|004|---|---|---|018|---|---|---|---|---|027|027|027|---|---|---|---|---|---|---|---|---|025|024|---|---|008|---|---|---|---|---|009|---|---|---|---|022|---|---|---|---|---|---|---|---|---|---|---|---|---|---|---|---|---|---|021|---|---|---|---|---|---|---|---|---|---|---|---|---|005|---|---|---|000|---|020|---|---|---|---|---|002|---|---|---|---|---|---|---|---|035|---|---|---|---|---|---|---|---|---|---|---|---|---|---|---|026|---|---|---|---|---|---|---|---|---|---|---|---|---|---|---|---|---|---|---|---|---|---|---|---|---|---|---|---|012|---|---|003|---|---|---|---|---|---|---|---|---|---|---|---|---|---|002|---|013|---|---|---|---|010|010|007|007|---|019|---|---|---|---|---|---|---|016|016|016|---|---|---|---|---|037|---|---|---|---|---|---|---|---|---|---|---|---|---|---|---|---|---|---|---|---|---|---|---|---|---|
0286: ---|---|---|---|---|---|---|---|---|---|022|---|025|009|027|027|027|---|035|---|000|---|013|---|---|---|---|---|---|---|---|---|016|016|016|---|---|---|002|---|---|---|---|---|---|---|---|---|---|---|001|---|---|---|---|---|---|---|---|---|021|---|---|---|---|---|---|---|---|---|---|---|036|036|---|---|---|---|---|017|---|---|---|---|---|020|---|---|---|---|---|---|034|---|026|---|029|019|---|---|008|---|---|---|---|---|---|---|---|---|007|007|---|---|---|---|---|---|---|---|---|---|---|---|---|---|---|---|---|---|---|---|---|---|---|---|---|---|---|---|---|---|---|---|---|---|---|---|---|---|---|---|---|---|005|---|---|---|---|---|---|---|---|---|---|---|---|---|010|010|---|009|032|---|---|---|014|---|---|---|---|---|---|---|000|---|004|---|005|---|---|---|---|---|---|---|---|---|---|---|---|---|---|---|---|---|---|---|---|---|---|---|---|---|006|---|---|---|---|---|---|---|---|003|---|---|031|---|---|---|---|---|---|---|---|---|---|---|---|---|---|018|---|033|---|---|004|012|---|---|---|---|---|---|---|---|---|---|---|---|---|---|---|---|---|---|---|---|---|---|---|---|---|---|---|---|---|---|---|---|---|---|---|---|---|---|---|---|015|---|---|015|024|---|---|---|---|---|---|---|---|028|---|---|---|---|---|---|---|---|---|---|030|---|010|010|---|---|011|---|---|---|---|---|023|---|---|---|---|---|---|008|---|---|037|---|---|---|---|---|---|---|---|---|006|---|---|---|---|---|---|---|---|---|---|---|---|---|---|---|
0278: ---|---|---|---|---|---|---|008|---|---|---|---|---|---|004|---|---|---|---|---|---|---|---|---|005|---|---|---|---|---|---|---|---|032|---|---|---|022|---|---|---|---|016|016|016|---|---|---|---|---|---|---|---|---|001|---|021|---|---|---|---|---|---|---|---|---|---|---|---|---|---|---|---|---|---|---|---|---|---|000|---|---|---|---|017|036|036|---|---|---|---|---|015|---|---|---|033|024|009|---|013|---|---|003|034|007|007|---|---|---|---|028|---|---|---|---|---|---|---|---|---|---|---|---|---|---|---|---|---|---|---|---|---|---|---|---|---|---|---|---|---|---|---|---|---|027|027|027|---|---|---|---|---|---|---|---|---|---|012|---|---|---|---|010|010|---|---|---|---|---|---|---|---|---|---|---|---|---|014|---|---|---|037|---|023|---|---|---|---|008|---|---|---|---|---|---|---|---|---|---|006|---|---|---|---|---|---|---|---|---|---|---|---|---|---|---|---|---|---|---|025|---|---|---|---|---|019|---|---|---|---|---|---|---|---|031|---|026|---|---|---|---|---|---|---|---|---|---|---|030|---|---|---|---|---|---|---|---|---|---|---|---|---|---|---|---|---|---|---|---|---|---|---|---|---|---|---|---|---|---|---|---|---|---|---|---|---|---|018|---|---|---|---|---|---|010|010|---|015|---|---|---|005|---|020|---|---|---|029|---|009|---|---|035|---|---|002|---|011|---|---|---|---|---|---|---|---|002|---|---|---|---|---|000|---|---|---|---|---|---|---|---|---|---|---|---|---|---|006|---|---|---|---|---|---|---|---|---|---|---|
0250: 020|027|027|027|---|---|010|010|---|---|---|---|012|034|---|---|008|---|---|---|---|---|---|---|017|---|---|---|---|---|---|---|---|---|---|---|---|026|---|---|---|---|---|---|---|---|---|---|---|---|---|---|---|---|---|---|---|---|---|---|---|---|---|---|---|---|---|---|---|006|---|---|---|018|---|---|---|---|---|---|---|037|---|---|---|010|010|---|---|---|015|011|---|---|---|---|019|---|---|---|---|---|---|---|004|---|---|---|008|---|---|---|---|---|---|009|013|---|---|---|---|021|---|---|---|---|---|---|---|---|---|---|---|---|---|---|---|---|---|---|---|---|---|---|---|035|---|---|---|---|---|---|---|---|---|---|---|---|025|---|---|---|---|---|---|003|---|---|029|016|016|016|---|---|---|002|---|---|---|---|---|---|007|007|---|---|---|---|---|---|---|---|---|---|---|---|---|---|---|---|---|---|---|---|---|---|---|---|---|---|---|---|---|---|---|---|028|---|---|---|---|---|000|005|---|---|---|---|---|---|---|005|---|---|030|---|036|036|---|---|---|---|---|---|024|---|---|---|---|---|---|---|---|---|---|---|---|---|---|000|---|---|---|---|---|001|---|---|006|---|---|---|---|---|---|---|---|---|---|---|---|---|---|---|---|---|---|---|---|---|031|---|004|---|---|---|---|---|---|---|---|---|---|---|---|---|---|---|---|---|---|---|---|---|---|014|---|---|---|---|023|---|---|---|015|022|---|---|032|---|---|---|033|---|009|---|---|---|---|---|---|---|---|---|---|---|---|---|---|---|---|---|---|---|---|---|---|---|---|---|
0234: 033|012|---|---|---|---|---|---|---|---|---|---|005|---|---|014|---|---|007|007|---|---|---|---|---|---|---|---|---|---|027|027|027|---|---|---|---|---|004|---|---|---|022|---|---|---|---|---|---|---|---|---|---|---|---|---|---|---|---|---|---|---|---|---|---|---|---|---|---|---|---|---|018|010|010|---|---|---|---|---|---|---|---|---|013|002|---|015|---|---|---|---|---|---|---|---|008|---|---|---|---|---|---|---|---|---|---|---|---|---|016|016|016|---|---|034|---|---|---|---|---|---|---|---|021|---|---|---|---|---|---|---|---|---|---|---|---|---|---|---|---|---|---|---|019|---|---|---|017|---|---|---|---|---|---|---|---|---|025|---|---|---|---|---|020|---|026|---|---|030|---|002|---|---|---|---|010|010|---|---|---|---|---|000|---|---|---|---|---|---|005|---|---|---|---|---|---|---|---|---|---|---|---|---|---|---|---|---|---|---|---|---|---|---|---|---|028|---|---|---|---|---|009|---|---|---|---|---|---|---|---|---|---|---|---|015|---|---|---|---|009|---|---|---|---|---|029|---|---|---|---|---|---|---|---|035|004|---|---|---|---|---|---|---|---|006|---|---|---|---|---|---|---|---|---|---|---|---|---|---|---|---|001|---|---|---|---|---|---|003|---|024|---|---|---|037|---|---|---|---|---|---|---|---|---|---|---|036|036|---|---|---|---|---|---|---|---|---|---|---|---|032|---|---|---|008|---|---|---|---|---|---|031|---|---|---|---|---|---|---|---|---|---|---|---|---|006|---|---|---|---|---|---|---|---|---|---|---|---|---|
0232: ---|---|---|---|---|---|---|---|005|---|---|---|016|016|016|---|---|---|010|010|---|---|011|---|---|---|---|---|---|---|---|---|---|---|---|---|019|017|---|015|---|---|---|036|036|---|004|---|---|---|---|---|---|---|---|---|---|---|---|---|---|---|---|---|---|---|006|---|---|---|---|---|---|---|---|---|---|---|---|032|---|---|---|---|023|037|---|024|---|---|---|---|---|---|---|---|---|---|008|---|---|---|025|---|---|---|---|---|---|020|---|031|---|---|---|---|---|---|029|---|---|---|---|---|---|---|---|---|---|---|---|---|---|---|---|---|---|---|---|---|---|---|---|---|---|008|---|000|---|---|---|---|---|---|---|---|---|---|002|---|---|---|003|---|034|---|---|---|---|---|---|035|033|---|022|---|010|010|---|---|012|---|---|---|---|---|015|014|---|---|---|---|---|---|006|---|---|---|001|021|---|---|---|---|---|---|---|---|---|---|---|---|---|---|---|---|---|009|---|---|---|---|---|---|---|---|---|---|---|---|---|---|---|---|---|---|---|---|---|---|---|---|---|009|---|---|---|---|---|---|---|---|---|---|---|---|---|---|---|026|---|---|---|---|---|---|---|---|---|---|---|---|---|---|---|---|---|---|---|---|---|---|---|---|---|---|---|---|002|---|---|---|028|---|013|---|---|030|---|---|---|---|---|---|---|---|---|---|---|004|---|---|---|018|005|---|---|---|---|---|027|027|027|---|---|---|---|---|---|---|---|---|007|007|---|---|---|---|---|---|---|---|---|---|---|---|---|---|---|---|---|---|---|---|---|---|---|---|---|---|
0220: ---|---|---|---|030|---|---|---|---|---|017|---|---|009|---|---|020|---|---|022|---|000|012|---|---|---|---|---|029|---|---|016|016|016|---|---|---|---|---|023|---|---|---|---|---|010|010|---|---|---|---|---|---|---|---|---|---|---|---|---|---|---|---|---|---|---|---|---|---|---|---|---|027|027|027|---|---|---|002|---|---|---|003|---|---|---|---|031|004|---|024|---|---|---|---|---|---|000|---|---|---|---|036|036|---|---|---|---|---|037|025|---|---|---|---|---|---|---|013|---|---|---|---|---|---|---|---|---|---|---|---|---|---|---|---|---|---|---|---|---|---|---|006|---|---|---|---|---|---|---|---|026|008|---|011|---|---|015|---|---|---|---|---|009|---|---|---|---|---|---|---|---|---|---|---|---|---|---|---|---|---|---|---|---|---|---|007|007|---|005|014|---|---|---|---|---|---|---|---|---|---|---|---|---|---|---|---|---|---|---|---|---|006|---|---|---|---|005|---|---|015|---|---|---|---|---|035|---|---|---|---|---|---|---|---|---|---|---|---|---|---|008|---|---|---|---|---|---|---|033|---|---|---|032|---|---|---|---|034|---|---|---|028|---|---|---|---|---|---|---|---|---|---|---|---|---|---|---|---|---|---|---|---|---|---|---|---|---|---|---|---|---|---|---|---|---|004|---|018|---|---|---|---|---|---|---|---|---|---|---|---|---|---|---|---|019|---|---|---|---|010|010|---|---|---|---|---|---|002|---|---|---|---|---|---|---|---|001|---|021|---|---|---|---|---|---|---|---|---|---|---|---|---|---|---|---|---|---|---|---|
0216: ---|---|002|---|---|---|---|---|005|---|---|---|---|---|033|---|---|---|---|---|---|---|---|---|---|027|027|027|---|---|---|036|036|---|---|---|029|---|019|---|---|---|016|016|016|024|---|---|---|---|---|---|---|---|---|---|---|---|---|---|---|---|---|---|---|---|---|001|---|---|---|---|---|---|---|---|---|---|---|---|---|018|028|---|---|013|---|---|034|---|032|---|---|004|026|---|---|---|010|010|009|---|---|---|---|---|---|---|---|---|037|009|---|---|020|000|008|---|---|---|---|---|---|006|---|---|---|021|---|---|---|---|---|---|---|---|---|---|---|---|---|---|---|---|---|---|---|---|---|---|030|---|---|---|---|---|---|---|---|---|---|---|000|---|---|---|---|---|---|004|---|---|---|---|---|---|---|---|---|---|---|---|023|---|---|---|012|---|---|---|---|---|---|---|---|---|---|---|---|---|---|---|---|---|---|---|---|---|---|---|---|---|---|---|---|---|---|---|---|---|031|---|003|---|---|---|---|---|011|014|---|---|---|---|015|---|---|---|---|---|---|---|---|022|---|---|---|---|---|025|---|---|---|---|---|---|---|---|---|---|---|---|---|---|---|---|---|---|---|---|---|---|---|---|---|---|---|006|---|---|---|---|---|---|---|---|---|---|---|010|010|---|---|---|---|---|---|---|---|---|---|---|---|---|008|---|035|---|---|---|---|---|---|---|---|---|---|---|---|---|002|---|015|---|---|007|007|---|---|---|---|---|005|---|017|---|---|---|---|---|---|---|---|---|---|---|---|---|---|---|---|---|---|---|---|---|---|---|---|---|
0216: 034|---|---|---|011|---|---|---|---|002|---|---|---|---|---|---|019|---|---|---|---|---|033|---|035|015|017|---|---|---|009|---|---|018|---|---|032|---|---|---|---|---|---|---|---|---|---|---|---|---|---|---|---|---|---|---|006|---|---|---|---|---|---|---|---|---|---|---|---|---|---|---|029|---|---|---|---|---|020|---|---|031|---|---|036|036|---|---|---|---|---|012|---|---|---|---|---|---|---|---|---|---|005|---|---|---|009|---|008|---|---|---|023|---|---|010|010|---|---|---|---|---|---|---|---|---|---|---|---|006|---|---|---|---|---|---|---|---|---|---|---|---|---|---|016|016|016|---|---|---|---|---|015|014|---|---|---|---|---|005|---|---|---|003|---|---|---|---|---|028|---|---|---|---|027|027|027|---|---|---|---|---|---|---|---|---|000|004|---|026|---|---|---|---|---|---|---|---|---|---|---|---|---|---|---|---|---|---|---|---|---|---|---|---|---|---|---|004|---|---|---|---|024|---|---|---|---|---|---|---|---|---|---|---|---|---|---|030|---|---|---|---|---|---|---|---|---|---|---|---|---|---|---|---|---|---|---|---|---|---|---|---|---|---|---|---|---|---|---|---|---|---|---|021|001|---|---|---|---|---|---|---|---|---|---|---|---|---|010|010|---|---|---|---|---|---|---|---|013|---|---|007|007|---|037|---|---|---|---|---|---|---|---|---|---|---|---|---|---|---|---|022|---|---|---|---|---|002|---|---|008|---|---|---|025|---|---|---|---|---|---|---|---|---|---|---|---|---|---|---|---|---|---|---|---|---|---|---|---|---|
0198: ---|---|---|---|---|---|---|---|---|009|---|---|---|---|---|004|---|---|019|---|033|---|---|---|---|---|---|---|---|---|---|---|---|---|---|---|032|---|---|---|---|---|---|---|---|014|---|---|---|---|---|---|---|---|---|---|---|---|---|---|---|---|---|---|---|---|---|---|---|---|---|---|---|010|010|023|---|---|036|036|---|---|---|---|---|---|---|---|---|---|---|---|---|---|002|---|---|---|000|030|---|---|002|---|---|---|---|---|---|---|015|---|020|---|005|015|034|024|---|---|---|---|---|---|---|---|---|---|---|---|---|---|006|---|---|006|---|---|---|---|---|---|---|---|008|010|010|---|---|---|---|025|027|027|027|---|016|016|016|---|---|---|---|---|---|---|018|---|---|---|004|---|---|---|---|---|---|---|---|---|---|---|008|003|---|---|---|013|---|---|---|---|---|---|---|---|---|---|---|---|---|---|---|---|---|---|---|---|---|---|---|---|---|---|---|---|---|---|---|---|---|---|037|009|---|---|---|---|000|---|---|017|---|---|---|028|---|035|---|---|---|---|---|---|011|---|---|---|---|---|---|---|---|005|---|---|---|---|---|---|---|---|---|---|---|---|---|---|---|---|---|---|---|---|---|---|---|---|---|---|---|---|---|001|---|---|---|---|---|---|---|---|---|---|---|---|---|---|---|---|---|---|---|---|031|---|---|---|022|---|---|---|---|007|007|026|029|---|---|012|---|---|---|---|---|---|---|---|---|---|---|---|---|---|---|---|---|---|---|---|---|---|---|---|---|021|---|---|---|---|---|---|---|---|---|---|---|---|---|---|
0184: ---|007|007|---|---|---|---|---|---|---|---|---|---|---|---|---|---|---|---|---|---|---|---|---|002|---|---|---|---|---|---|004|033|---|---|---|---|008|---|---|---|---|---|004|003|---|---|---|---|---|---|---|---|---|---|---|---|---|---|---|---|---|---|---|---|---|---|---|---|---|---|---|---|---|---|---|029|---|---|---|---|---|023|---|---|005|014|037|---|---|---|---|000|008|015|---|---|---|---|010|010|---|---|---|---|022|---|---|---|---|---|---|---|---|---|028|---|---|---|---|---|---|---|---|---|---|---|---|---|---|---|---|---|---|---|---|006|---|---|---|---|---|---|---|019|000|---|---|---|---|---|---|---|024|---|---|016|016|016|025|---|---|---|---|---|---|---|---|---|005|---|013|---|---|030|---|002|---|---|---|---|026|---|---|009|---|---|---|---|---|---|---|006|---|---|---|---|---|---|---|---|---|---|---|---|---|---|---|---|---|---|---|---|---|---|---|009|---|---|---|---|---|020|---|---|---|---|---|---|---|---|---|---|---|036|036|---|010|010|---|---|---|---|---|---|---|---|---|---|035|---|---|---|---|---|---|032|---|---|017|---|---|---|---|---|---|---|---|---|---|---|---|---|---|---|---|---|---|---|001|---|---|---|---|---|---|---|---|---|034|---|---|---|---|---|---|---|---|---|---|011|---|---|---|018|---|---|---|---|---|---|---|---|---|012|---|---|---|031|---|---|---|015|---|---|---|---|---|---|---|---|---|027|027|027|---|---|---|---|---|---|---|---|---|---|---|---|---|021|---|---|---|---|---|---|---|---|---|---|---|
0176: ---|---|004|---|---|---|---|---|---|---|017|---|---|018|009|---|---|---|---|---|---|---|---|---|---|035|---|---|020|---|010|010|---|---|013|---|---|---|---|023|---|---|---|---|---|---|005|---|---|---|---|---|---|---|---|---|---|---|---|---|---|---|---|---|---|---|---|---|---|---|---|---|---|---|---|---|---|---|---|---|---|---|---|---|---|034|---|010|010|---|---|---|---|022|015|---|---|---|---|---|---|---|032|---|003|---|---|---|---|016|016|016|---|---|027|027|027|---|---|---|---|---|---|---|---|---|---|006|---|---|---|---|---|---|---|---|---|---|---|---|---|---|---|---|---|---|---|---|---|---|---|026|---|---|---|---|002|---|---|---|008|---|---|---|002|---|---|---|---|---|---|---|---|---|014|---|---|---|031|---|---|---|004|---|000|---|015|---|---|---|---|---|---|---|---|---|---|---|---|---|---|---|---|---|---|---|---|---|---|---|---|---|---|---|---|---|---|---|---|---|025|---|037|---|---|---|---|---|---|---|---|033|---|---|---|---|007|007|---|---|---|024|---|---|---|---|---|012|---|030|---|---|---|011|---|---|000|---|028|---|---|---|---|---|---|---|---|---|---|---|---|---|---|---|---|---|---|---|---|---|---|---|---|---|---|---|---|---|036|036|---|---|---|---|---|---|---|005|---|---|---|---|---|---|---|---|---|008|---|---|---|---|---|029|---|---|---|---|---|---|---|---|019|---|---|---|---|---|---|---|---|---|---|009|---|---|---|---|---|---|---|---|---|---|---|---|---|---|---|006|---|---|001|---|---|---|021|---|---|---|
0164: ---|---|---|008|---|---|---|---|---|---|---|---|---|---|---|---|---|---|010|010|011|---|022|---|034|---|---|---|---|---|---|016|016|016|---|---|---|---|---|---|014|---|---|---|---|---|012|---|---|---|---|001|---|---|---|---|---|---|---|---|---|---|---|---|---|---|---|---|---|---|---|---|---|010|010|002|---|---|009|025|---|---|---|---|---|024|---|---|000|---|---|031|028|---|---|---|---|---|---|---|---|---|000|---|---|015|---|---|005|---|---|020|---|---|---|027|027|027|---|---|---|---|---|---|---|---|---|---|---|---|---|---|---|---|---|---|---|---|---|---|---|---|---|---|---|035|---|---|---|---|---|---|---|---|---|---|---|---|013|026|---|---|---|---|---|---|---|---|---|---|---|---|008|---|---|002|---|004|---|---|004|015|009|---|---|---|032|---|---|---|---|---|---|---|---|---|---|---|---|---|---|---|---|---|---|---|---|---|---|---|---|---|---|---|---|---|---|---|---|---|033|---|---|---|---|---|---|---|---|005|---|017|003|---|---|---|---|---|019|---|---|---|---|---|---|---|---|---|007|007|---|---|---|---|---|---|---|---|---|---|---|---|---|---|---|---|---|---|---|---|---|---|---|---|---|---|---|---|---|---|---|---|---|---|---|---|---|---|---|---|036|036|---|---|---|---|---|---|030|---|---|---|---|---|037|---|---|---|---|---|---|---|---|---|023|---|---|---|---|---|---|---|---|---|---|018|---|029|---|---|---|---|---|---|---|---|021|---|006|---|---|---|---|---|---|---|---|---|---|---|---|---|---|---|006|---|---|---|---|---|
0162: ---|---|---|---|034|---|016|016|016|004|---|---|---|015|---|---|---|---|---|---|---|---|015|---|003|---|---|033|031|---|008|---|---|---|---|---|---|002|010|010|---|---|---|---|---|---|---|---|---|---|---|---|---|---|---|---|---|---|---|---|---|---|---|---|---|---|---|---|---|---|---|---|---|---|---|---|000|---|---|---|---|007|007|---|---|---|---|---|008|---|---|---|---|005|---|---|---|---|---|---|---|---|---|---|---|---|---|---|---|009|---|---|---|---|005|---|025|---|---|---|---|---|---|---|---|---|---|---|---|021|---|---|---|---|---|---|---|---|---|001|---|---|---|---|---|---|---|---|---|---|---|---|---|---|037|---|035|024|---|018|---|---|---|---|---|---|---|---|---|---|028|---|---|---|036|036|---|---|---|---|---|014|---|---|---|---|---|011|---|---|---|---|---|---|---|---|---|---|---|---|---|---|---|---|---|---|---|---|---|---|---|---|---|---|---|---|---|---|---|---|---|---|---|---|---|---|---|---|---|---|---|---|---|---|020|---|---|---|023|---|---|---|---|---|---|---|---|---|---|---|---|---|---|---|---|---|---|---|---|013|---|---|---|---|---|---|---|---|---|---|---|---|---|---|---|---|---|---|---|---|---|---|---|---|---|---|006|---|---|---|---|---|---|---|---|---|000|---|030|---|010|010|---|---|019|---|029|022|---|012|---|---|---|---|004|017|---|---|---|---|---|---|032|---|---|027|027|027|---|---|---|---|009|---|026|---|---|---|---|---|---|---|---|006|---|---|---|---|---|---|---|---|---|---|---|---|---|---|---|---|
0152: ---|020|034|024|005|---|---|---|---|---|004|---|---|016|016|016|---|---|023|---|---|---|---|---|---|007|007|033|---|---|---|---|---|---|---|---|003|---|---|013|---|---|---|010|010|---|004|---|---|---|---|---|---|---|---|---|---|021|---|---|---|---|---|---|---|---|---|---|---|---|---|---|009|---|---|---|---|---|---|---|---|---|---|---|027|027|027|---|---|---|---|---|---|022|---|---|---|---|---|---|---|---|---|---|---|---|---|---|---|025|---|---|026|---|002|---|010|010|030|---|---|---|---|---|---|---|---|---|---|---|---|---|---|---|---|---|---|---|---|---|---|001|---|---|---|---|---|---|---|---|000|---|---|---|---|---|017|---|---|---|---|---|---|---|---|---|---|---|005|---|---|---|---|---|---|---|---|---|---|---|---|---|---|---|---|---|---|---|---|---|---|---|---|---|---|---|---|---|---|---|---|---|006|---|---|006|---|---|---|---|---|---|---|---|---|---|---|---|---|---|---|---|---|012|---|---|---|---|---|---|---|---|---|---|---|---|---|---|035|---|011|---|---|---|028|---|032|---|---|002|018|---|---|---|---|---|008|---|---|---|---|---|---|---|---|---|---|---|---|---|---|---|---|---|---|---|---|---|---|---|---|---|---|---|---|---|---|---|---|000|015|---|037|---|---|036|036|---|014|---|---|---|---|009|---|---|---|---|031|---|---|---|---|---|---|---|---|---|---|---|---|---|---|---|---|---|---|---|008|---|---|015|019|---|029|---|---|---|---|---|---|---|---|---|---|---|---|---|---|---|---|---|---|---|---|---|---|---|---|---|
0150: ---|---|---|---|---|---|---|---|---|028|---|---|---|032|---|005|---|---|---|011|027|027|027|---|023|005|---|---|037|---|---|---|---|---|---|---|---|003|---|035|---|---|---|---|---|000|---|---|---|---|---|---|---|---|---|---|---|---|---|---|---|---|---|---|---|---|---|---|---|---|---|---|---|---|---|---|031|---|---|000|---|---|---|---|---|---|---|---|026|---|---|---|---|029|---|---|---|---|---|---|---|---|004|---|002|---|---|---|033|---|---|025|---|---|---|016|016|016|---|---|---|---|---|---|---|---|---|---|---|---|---|---|---|---|---|---|---|---|---|006|---|---|---|---|---|---|010|010|---|---|---|009|---|---|---|---|---|---|---|---|012|---|020|015|---|---|---|---|---|---|---|---|---|---|---|---|---|008|---|---|002|---|---|---|---|---|---|---|---|---|---|---|---|---|---|---|---|---|---|---|---|---|---|---|---|---|---|---|---|---|---|---|---|---|---|---|---|---|---|---|---|---|---|---|---|036|036|---|---|---|---|014|---|---|---|---|---|022|030|---|---|019|---|---|---|---|---|---|---|---|---|---|---|---|---|---|---|---|---|034|---|---|---|---|---|---|---|---|---|---|---|---|---|---|---|---|---|---|---|---|---|---|---|---|---|---|021|---|---|---|---|---|---|---|007|007|018|---|---|---|---|---|010|010|---|---|---|017|---|024|---|---|---|---|---|---|---|---|---|---|008|---|---|---|---|---|---|---|015|---|013|---|009|---|004|---|---|---|---|---|---|---|---|---|---|---|---|---|---|---|001|---|---|---|006|---|---|---|---|---|
0138: 027|027|027|023|---|---|---|---|---|---|---|---|---|---|---|---|---|---|010|010|030|---|---|---|---|---|---|---|---|---|033|---|---|---|---|---|---|---|---|028|---|---|---|---|---|---|---|---|---|---|---|---|---|---|---|---|---|---|---|---|---|---|---|---|---|---|---|---|---|---|---|---|---|---|---|---|---|---|---|---|---|---|034|---|---|---|---|---|---|---|---|---|---|012|---|---|---|---|009|015|---|---|---|---|---|---|---|---|---|---|---|---|---|---|---|---|016|016|016|---|---|006|---|---|---|---|---|---|---|---|---|---|---|---|---|---|---|---|---|---|---|---|---|---|---|---|005|---|---|---|---|---|---|---|---|---|---|037|004|008|---|---|002|---|---|009|005|---|---|---|000|020|---|---|---|---|---|003|---|---|---|010|010|029|---|---|015|---|025|---|---|---|---|---|---|---|---|---|---|---|---|---|---|---|---|---|---|---|---|---|---|---|---|---|---|---|013|---|---|---|022|---|---|---|---|---|---|---|004|---|---|011|---|---|000|---|---|---|---|---|---|---|---|---|---|---|---|---|036|036|---|---|---|---|---|---|---|---|---|---|---|014|---|---|---|---|---|---|---|---|---|---|---|---|---|---|---|---|---|---|---|---|---|---|---|---|021|---|---|019|---|---|---|---|---|---|---|017|018|---|---|035|---|---|---|---|---|---|---|---|032|---|---|---|---|007|007|---|---|031|008|026|---|---|---|002|---|024|---|---|---|---|---|---|---|---|---|---|006|---|---|---|---|---|---|---|---|---|---|---|001|---|---|---|---|---|---|---|---|---|
0136: ---|027|027|027|028|---|018|008|---|---|---|---|---|---|---|---|022|---|---|015|031|---|---|---|---|011|---|---|---|---|---|016|016|016|---|---|---|---|---|---|---|---|---|---|---|005|---|---|---|---|---|---|---|---|---|---|---|---|---|---|---|---|---|---|001|---|---|---|---|---|---|---|---|---|015|020|---|---|---|---|---|003|---|---|---|---|---|---|---|---|---|---|---|---|---|---|---|---|---|009|019|---|---|---|---|---|---|---|029|002|---|---|004|---|---|017|---|---|---|---|---|006|---|---|---|---|---|---|---|---|---|---|---|---|006|---|---|---|---|---|---|---|---|---|---|---|---|---|---|---|---|---|---|010|010|---|---|---|---|030|---|---|000|---|026|025|---|---|037|---|---|004|---|---|---|014|---|---|033|---|---|023|---|---|009|---|---|---|---|007|007|---|021|---|---|---|---|---|---|---|---|---|---|---|---|---|---|---|---|---|---|---|---|---|---|---|---|---|---|034|---|---|---|008|---|---|---|---|013|---|---|---|---|---|---|---|---|---|---|---|---|---|---|005|---|---|---|---|---|---|---|---|---|---|---|012|---|---|000|---|---|---|---|---|---|---|---|---|---|---|---|---|---|---|---|---|---|---|---|---|---|---|---|---|---|---|---|---|---|---|010|010|---|---|---|---|---|---|---|---|032|---|---|---|---|---|---|---|---|---|---|---|---|---|---|---|002|---|---|---|---|024|---|---|035|---|036|036|---|---|---|---|---|---|---|---|---|---|---|---|---|---|---|---|---|---|---|---|---|---|---|---|---|---|---|---|---|---|---|---|
5000 Generations finished after 12745ms
0958: 002|007|007|---|---|---|---|---|027|---|---|---|003|024|---|005|---|---|016|016|016|---|---|---|---|000|---|008|---|---|033|010|010|010|---|---|015|035|008|010|---|---|004|027|027|---|---|---|---|---|---|---|---|---|006|006|---|---|---|---|---|---|---|---|---|---|---|---|006|---|---|---|029|010|010|007|---|---|017|008|---|000|---|---|028|020|027|027|---|---|008|010|010|007|---|---|026|016|016|---|---|---|027|027|027|---|---|---|027|027|027|---|---|---|027|027|027|---|---|---|---|---|---|---|---|---|---|006|---|---|---|---|021|---|---|---|---|---|---|---|006|---|---|---|004|010|010|016|---|---|016|016|016|015|---|---|010|010|019|---|---|---|018|---|015|---|---|---|027|027|027|---|---|---|030|016|016|016|---|---|016|016|016|---|---|---|032|036|---|015|---|---|---|---|---|---|---|---|---|---|---|---|---|---|---|---|---|---|---|---|006|---|006|---|---|---|010|010|---|---|000|---|008|037|---|---|004|---|036|036|---|---|---|---|000|022|---|---|---|---|010|010|---|---|---|---|000|008|---|000|---|---|005|004|---|005|---|---|000|015|---|---|---|---|006|006|---|---|---|---|---|006|---|---|---|---|006|006|---|---|---|---|---|---|---|---|---|---|031|036|036|---|---|---|010|010|---|005|---|---|014|015|015|005|015|---|009|---|023|---|---|---|009|011|034|---|004|---|025|000|002|---|---|---|002|012|008|008|---|---|002|005|---|002|---|---|001|---|---|---|---|---|---|---|---|---|---|---|006|006|---|---|---|---|---|---|---|---|---|---|
0956: 002|007|007|---|---|---|---|030|027|---|---|---|003|024|---|005|---|---|016|016|016|---|---|---|---|000|---|008|---|---|033|010|010|010|---|---|015|035|008|010|---|---|004|027|027|---|---|---|---|---|---|---|---|---|006|006|---|---|---|---|---|---|---|---|---|---|---|---|006|---|---|---|029|010|010|007|---|---|017|008|---|000|---|---|028|020|027|027|---|---|008|010|010|007|---|---|026|016|016|---|---|---|027|027|027|---|---|---|027|027|027|---|---|---|027|027|027|---|---|---|---|---|---|---|---|---|---|006|---|---|---|---|021|---|---|---|---|---|---|---|006|---|---|---|004|010|010|016|---|---|016|016|016|015|---|---|010|010|019|---|---|---|018|---|015|---|---|---|027|027|027|---|---|---|---|016|016|016|---|---|016|016|016|---|---|---|032|036|---|015|---|---|---|---|---|---|---|---|---|---|---|---|---|---|---|---|---|---|---|---|006|---|006|---|---|---|010|010|---|---|000|---|008|037|---|---|004|---|036|036|---|---|---|---|000|022|---|---|---|---|010|010|---|---|---|---|000|008|---|000|---|---|005|004|---|005|---|---|000|015|---|---|---|---|006|006|---|---|---|---|---|006|---|---|---|---|006|006|---|---|---|---|---|---|---|---|---|---|031|036|036|---|---|---|010|010|---|005|---|---|014|015|015|005|015|---|009|---|023|---|---|---|009|011|034|---|004|---|025|000|002|---|---|---|002|012|008|008|---|---|002|005|---|002|---|---|001|---|---|---|---|---|---|---|---|---|---|---|006|006|---|---|---|---|---|---|---|---|---|---|
0956: 002|007|007|---|---|---|---|---|027|002|---|---|003|024|---|005|---|---|016|016|016|---|---|---|---|000|---|008|---|---|033|010|010|010|---|---|015|035|008|010|---|---|004|027|027|---|---|---|---|---|---|---|---|---|006|006|---|---|---|---|---|---|---|---|---|---|---|---|006|---|---|---|029|010|010|007|---|---|017|008|---|000|---|---|028|020|027|027|---|---|008|010|010|007|---|---|026|016|016|---|---|---|027|027|027|---|---|---|027|027|027|---|---|---|027|027|027|---|---|---|---|---|---|---|---|---|---|006|---|---|---|---|021|---|---|---|---|---|---|---|006|---|---|---|004|010|010|016|---|---|016|016|016|015|---|---|010|010|019|---|---|---|018|---|015|---|---|---|027|027|027|---|---|---|030|016|016|016|---|---|016|016|016|---|---|---|032|036|---|015|---|---|---|---|---|---|---|---|---|---|---|---|---|---|---|---|---|---|---|---|006|---|006|---|---|---|010|010|---|---|000|---|008|037|---|---|004|---|036|036|---|---|---|---|000|022|---|---|---|---|010|010|---|---|---|---|000|008|---|000|---|---|005|004|---|005|---|---|000|015|---|---|---|---|006|006|---|---|---|---|---|006|---|---|---|---|006|006|---|---|---|---|---|---|---|---|---|---|031|036|036|---|---|---|010|010|---|005|---|---|014|015|015|005|015|---|009|---|023|---|---|---|009|011|034|---|004|---|025|000|002|---|---|---|002|012|008|008|---|---|002|005|---|002|---|---|001|---|---|---|---|---|---|---|---|---|---|---|006|006|---|---|---|---|---|---|---|---|---|---|
0954: 002|007|007|---|---|---|---|022|027|---|---|---|003|024|---|---|---|---|016|016|016|---|---|---|---|000|---|008|---|---|033|010|010|010|---|---|015|035|008|010|---|---|004|027|027|---|---|---|---|---|---|---|---|---|006|006|---|---|---|---|---|---|---|---|---|---|---|---|006|---|---|---|029|010|010|007|---|---|017|008|---|000|---|---|028|020|027|027|---|---|008|010|010|007|---|---|026|016|016|---|---|---|027|027|027|---|---|---|027|027|027|---|---|---|027|027|027|---|---|---|---|---|---|---|---|---|---|006|---|---|---|---|021|---|---|---|---|---|---|---|006|---|---|---|004|010|010|016|---|---|016|016|016|015|---|---|010|010|019|---|---|---|018|---|015|---|---|---|027|027|027|---|---|---|030|016|016|016|---|---|016|016|016|---|---|---|032|036|---|015|---|---|---|---|---|---|---|---|---|---|---|---|---|---|---|---|---|---|---|---|006|---|---|---|---|---|010|010|---|---|000|---|008|037|---|---|004|---|036|036|---|---|---|---|000|005|---|---|---|---|010|010|---|---|---|---|---|008|---|000|---|---|005|004|---|005|---|---|000|015|---|---|---|---|006|006|---|---|---|---|---|006|---|---|---|---|006|006|---|---|---|---|---|---|---|---|---|---|031|036|036|---|---|---|010|010|---|005|---|---|014|015|015|005|015|---|009|---|023|---|---|---|009|011|034|---|004|---|025|000|002|---|---|---|002|012|008|008|---|---|002|005|---|002|---|---|001|---|---|---|---|---|---|---|---|---|---|---|006|006|---|---|---|---|---|---|---|---|---|---|
0952: 002|007|007|---|---|---|---|---|027|---|---|---|003|024|---|---|---|---|016|016|016|---|---|---|025|000|---|---|---|---|033|010|010|010|---|---|015|---|008|010|---|---|004|027|027|---|---|---|---|---|---|---|---|---|---|006|---|---|---|---|---|---|---|---|---|---|---|---|006|---|---|---|029|010|010|007|---|---|017|008|---|000|---|---|028|020|027|027|---|---|008|010|010|007|---|---|026|016|016|---|---|---|027|027|027|---|---|---|027|027|027|---|---|---|027|027|027|---|---|---|---|---|---|---|---|---|---|006|---|---|---|---|---|---|---|---|---|---|---|---|---|---|---|---|004|010|010|016|---|---|016|016|016|015|---|---|010|010|019|---|---|---|018|008|015|---|---|---|027|027|027|---|---|---|030|016|016|016|---|---|016|016|016|---|---|---|032|036|---|015|---|---|---|---|---|---|---|---|---|---|---|---|---|---|---|---|---|---|---|---|006|---|---|---|---|---|010|010|---|---|000|---|008|037|---|---|004|---|036|036|---|---|---|---|000|022|---|---|---|---|010|010|---|---|---|---|035|008|---|000|---|---|005|004|---|005|---|---|000|000|---|---|---|---|006|006|---|---|---|---|---|---|---|---|---|---|006|006|---|---|---|---|---|---|---|---|---|---|031|036|036|---|---|---|010|010|---|005|---|---|014|015|015|005|015|---|009|034|023|008|---|---|009|011|004|---|004|---|013|000|002|---|---|---|002|012|008|008|---|---|002|005|---|002|---|---|001|---|---|---|---|---|---|---|---|---|---|---|006|006|---|---|---|---|021|---|---|---|---|---|
0950: 002|007|007|---|---|---|---|026|027|---|---|---|003|024|---|---|---|---|016|016|016|---|---|---|025|000|---|---|---|---|033|010|010|010|---|---|015|---|008|010|---|---|004|027|027|---|---|---|---|---|---|---|---|---|---|006|---|---|---|---|---|---|---|---|---|---|---|---|006|---|---|---|029|010|010|007|---|---|017|008|---|000|---|---|028|020|027|027|---|---|008|010|010|007|---|---|---|016|016|---|---|---|027|027|027|---|---|---|027|027|027|---|---|---|027|027|027|---|---|---|---|---|---|---|---|---|---|006|---|---|---|---|---|---|---|---|---|---|---|---|---|---|---|---|004|010|010|016|---|---|016|016|016|015|---|---|010|010|019|---|---|---|018|008|015|---|---|---|027|027|027|---|---|---|030|016|016|016|---|---|016|016|016|---|---|---|032|036|---|015|---|---|---|---|---|---|---|---|---|---|---|---|---|---|---|---|---|---|---|---|006|---|---|---|---|---|010|010|---|---|000|---|008|037|---|---|004|---|036|036|---|---|---|---|000|022|---|---|---|---|010|010|---|---|---|---|035|008|---|000|---|---|005|004|---|005|---|---|000|000|---|---|---|---|006|006|---|---|---|---|---|---|---|---|---|---|006|006|---|---|---|---|---|---|---|---|---|---|031|036|036|---|---|---|010|010|---|005|---|---|014|015|015|005|015|---|009|034|023|008|---|---|009|011|004|---|004|---|013|000|002|---|---|---|002|012|008|008|---|---|002|005|---|002|---|---|001|---|---|---|---|---|---|---|---|---|---|---|006|006|---|---|---|---|021|---|---|---|---|---|
0948: 002|007|007|---|---|---|---|---|027|---|---|---|003|024|---|005|---|---|016|016|016|---|---|---|---|000|---|008|---|---|033|010|010|010|---|---|015|035|008|010|---|---|004|027|027|---|---|---|---|---|---|---|---|---|006|006|---|---|---|---|---|---|---|---|---|---|---|---|006|---|---|---|029|010|010|007|---|---|017|008|---|000|---|---|028|020|027|027|---|---|008|010|010|007|---|---|026|016|016|---|---|---|027|027|027|---|---|---|027|027|027|---|---|---|027|027|027|---|---|---|---|---|---|---|---|---|---|006|---|---|---|---|021|---|---|---|---|---|---|---|006|---|---|---|004|010|010|016|---|---|016|016|016|015|---|---|010|010|019|---|---|---|018|---|015|---|---|---|027|027|027|---|---|---|030|016|016|016|---|---|016|016|016|---|---|---|032|036|---|015|---|---|---|---|---|---|---|---|---|---|---|---|---|---|---|---|---|---|---|---|006|---|006|---|---|---|010|010|---|---|000|---|008|037|---|---|004|---|036|036|---|---|---|---|000|022|---|---|---|---|010|010|---|---|---|---|---|008|---|000|---|---|005|004|---|005|---|---|000|015|---|---|---|---|006|006|---|---|---|---|---|006|---|---|---|---|006|006|---|---|---|---|---|---|---|---|---|---|031|036|036|---|---|---|010|010|---|005|---|---|014|015|015|005|015|---|009|---|023|---|---|---|009|011|034|---|004|---|025|000|002|---|---|---|002|012|008|008|---|---|002|005|---|002|---|---|001|---|---|---|---|---|---|---|---|---|---|---|006|006|---|---|---|---|---|---|---|---|---|---|
0948: 002|007|007|---|---|---|028|015|---|---|---|---|003|027|027|027|---|---|016|016|016|---|---|---|025|000|---|---|---|---|033|010|010|010|---|---|015|035|008|010|---|---|004|027|027|---|---|---|---|---|---|---|---|---|---|006|---|---|---|---|---|---|---|---|---|---|---|---|006|---|---|---|029|010|010|007|---|---|017|008|---|000|---|---|---|020|027|027|---|---|008|010|010|007|---|---|026|016|016|---|---|---|027|027|027|---|---|---|027|027|027|---|---|---|027|027|027|---|---|---|---|---|---|---|---|---|---|006|---|---|---|---|---|---|---|---|---|---|---|---|---|---|---|---|004|010|010|016|---|---|016|016|016|015|---|---|010|010|019|---|---|---|018|009|015|---|---|---|027|027|027|---|---|---|030|016|016|016|---|---|016|016|016|---|---|---|032|036|008|015|---|---|---|---|---|---|---|---|---|---|---|---|---|---|---|---|---|---|---|---|006|---|---|---|---|---|010|010|---|---|000|---|008|037|---|---|004|---|036|036|---|---|---|---|000|022|---|---|---|---|010|010|---|---|---|---|---|008|---|000|---|---|005|004|---|005|---|---|000|008|---|---|---|---|006|006|---|---|---|---|---|---|---|---|---|---|006|006|---|---|---|---|---|---|---|---|---|---|031|036|036|---|---|---|010|010|---|005|---|---|014|015|015|005|015|---|009|034|023|---|---|---|009|011|---|---|004|---|---|000|002|---|---|---|002|012|008|008|---|---|002|005|---|002|---|---|001|---|---|---|---|---|---|---|---|---|---|---|006|006|---|---|---|---|021|---|---|---|---|---|
0948: 002|007|007|---|---|---|---|---|027|---|---|---|003|024|---|005|---|---|016|016|016|---|---|---|---|000|---|008|---|---|033|010|010|010|---|---|015|035|008|010|---|---|004|027|027|---|---|---|---|---|---|---|---|---|006|006|---|---|---|---|---|---|---|---|---|---|---|---|006|---|---|---|---|010|010|007|---|---|017|008|---|000|---|---|028|020|027|027|---|---|008|010|010|007|---|---|026|016|016|---|---|---|027|027|027|---|---|---|027|027|027|---|---|---|027|027|027|---|---|---|---|---|---|---|---|---|---|006|---|---|---|---|021|---|---|---|---|---|---|---|006|---|---|---|004|010|010|016|---|---|016|016|016|015|---|---|010|010|019|---|---|---|018|023|015|---|---|---|027|027|027|---|---|---|030|016|016|016|---|---|016|016|016|---|---|---|032|036|---|015|---|---|---|---|---|---|---|---|---|---|---|---|---|---|---|---|---|---|---|---|006|---|006|---|---|---|010|010|---|---|000|---|008|037|---|---|004|---|036|036|---|---|029|---|000|022|---|---|---|---|010|010|---|---|---|---|000|008|---|000|---|---|005|004|---|005|---|---|000|015|---|---|---|---|006|006|---|---|---|---|---|006|---|---|---|---|006|006|---|---|---|---|---|---|---|---|---|---|031|036|036|---|---|---|010|010|---|005|---|---|014|015|015|005|015|---|009|---|---|---|---|---|009|011|034|---|004|---|025|000|002|---|---|---|002|012|008|008|---|---|002|005|---|002|---|---|001|---|---|---|---|---|---|---|---|---|---|---|006|006|---|---|---|---|---|---|---|---|---|---|
0946: 002|007|007|---|---|---|---|---|027|---|---|---|003|024|---|---|---|---|016|016|016|---|---|---|025|000|---|008|---|---|033|010|010|010|---|---|015|035|008|010|---|---|004|027|027|---|---|---|---|---|---|---|---|---|006|006|---|---|---|---|---|---|---|---|---|---|---|---|006|---|---|---|029|010|010|007|---|---|017|008|---|000|---|---|028|020|027|027|---|---|008|010|010|007|---|---|026|016|016|---|---|---|027|027|027|---|---|---|027|027|027|---|---|---|027|027|027|---|---|---|---|---|---|---|---|---|---|006|---|---|---|---|021|---|---|---|---|---|---|---|006|---|---|---|004|010|010|016|---|---|016|016|016|015|---|---|010|010|019|---|---|---|018|---|015|---|---|---|027|027|027|---|---|---|030|016|016|016|---|---|016|016|016|---|---|---|032|036|---|015|---|---|---|---|---|---|---|---|---|---|---|---|---|---|---|---|---|---|---|---|006|---|---|---|---|---|010|010|---|---|000|---|008|037|---|---|004|---|036|036|---|---|---|---|000|022|---|---|---|---|010|010|---|---|---|---|---|008|---|000|---|---|005|004|---|005|---|---|000|015|---|---|---|---|006|006|---|---|---|---|---|006|---|---|---|---|006|006|---|---|---|---|---|---|---|---|---|---|031|036|036|---|---|---|010|010|---|005|---|---|014|015|015|005|015|---|009|---|023|---|---|---|009|011|034|---|004|---|---|000|002|---|---|---|002|012|008|008|---|---|002|005|---|002|---|---|001|---|---|---|---|---|---|---|---|---|---|---|006|006|---|---|---|---|---|---|---|---|---|---|
0946: 002|007|007|---|---|---|---|---|027|---|---|---|003|024|---|---|---|---|016|016|016|---|---|---|025|000|---|008|---|---|033|010|010|010|---|---|015|035|008|010|---|---|004|027|027|---|---|---|---|---|---|---|---|---|006|006|---|---|---|---|---|---|---|---|---|---|---|---|006|---|---|---|029|010|010|007|---|---|017|008|---|000|---|---|028|020|027|027|---|---|008|010|010|007|---|---|026|016|016|---|---|---|027|027|027|---|---|---|027|027|027|---|---|---|027|027|027|---|---|---|---|---|---|---|---|---|---|006|---|---|---|---|021|---|---|---|---|---|---|---|006|---|---|---|004|010|010|016|---|---|016|016|016|015|---|---|010|010|019|---|---|---|018|---|015|---|---|---|027|027|027|---|---|---|030|016|016|016|---|---|016|016|016|---|---|---|032|036|---|015|---|---|001|---|---|---|---|---|---|---|---|---|---|---|---|---|---|---|---|---|006|---|---|---|---|---|010|010|---|---|000|---|008|037|---|---|004|---|036|036|---|---|---|---|000|022|---|---|---|---|010|010|---|---|---|---|---|008|---|000|---|---|005|004|---|005|---|---|000|015|---|---|---|---|006|006|---|---|---|---|---|006|---|---|---|---|006|006|---|---|---|---|---|---|---|---|---|---|031|036|036|---|---|---|010|010|---|005|---|---|014|015|015|005|015|---|009|---|023|---|---|---|009|011|034|---|004|---|---|000|002|---|---|---|002|012|008|008|---|---|002|005|---|002|---|---|---|---|---|---|---|---|---|---|---|---|---|---|006|006|---|---|---|---|---|---|---|---|---|---|
0946: 002|007|007|---|---|---|---|---|027|---|---|---|003|---|---|005|---|---|016|016|016|---|---|---|---|000|---|008|---|---|033|010|010|010|---|---|015|035|008|010|---|---|004|027|027|---|---|---|---|---|---|---|---|---|006|006|---|---|---|---|---|---|---|---|---|---|---|---|006|---|---|---|029|010|010|007|---|---|017|008|---|000|---|---|028|020|027|027|---|---|008|010|010|007|---|---|026|016|016|---|---|---|027|027|027|---|---|---|027|027|027|---|---|---|027|027|027|---|---|---|---|---|---|---|---|---|---|006|---|---|---|---|021|---|---|---|---|---|---|---|006|---|---|---|004|010|010|016|---|---|016|016|016|015|---|---|010|010|019|---|---|---|018|---|015|---|---|---|027|027|027|---|---|---|030|016|016|016|---|---|016|016|016|---|024|---|032|036|---|015|---|---|---|---|---|---|---|---|---|---|---|---|---|---|---|---|---|---|---|---|006|---|006|---|---|---|010|010|---|---|000|---|008|037|---|---|004|---|036|036|---|---|---|---|000|022|---|---|---|---|010|010|---|---|---|---|000|008|---|000|---|---|005|004|---|005|---|---|000|015|---|---|---|---|006|006|---|---|---|---|---|006|---|---|---|---|006|006|---|---|---|---|---|---|---|---|---|---|031|036|036|---|---|---|010|010|---|005|---|---|014|015|015|005|015|---|009|---|023|---|---|---|009|011|034|---|004|---|025|000|002|---|---|---|002|012|008|008|---|---|002|005|---|002|---|---|001|---|---|---|---|---|---|---|---|---|---|---|006|006|---|---|---|---|---|---|---|---|---|---|
0946: 002|---|007|---|---|---|---|---|027|---|---|---|003|024|---|---|---|---|016|016|016|---|---|---|025|000|---|---|---|---|033|010|010|010|---|---|015|---|008|010|---|---|004|027|027|---|---|---|---|---|---|---|---|---|---|006|---|---|---|---|---|---|---|---|---|---|---|---|006|---|---|---|029|010|010|007|---|---|017|008|---|000|---|---|028|020|027|027|---|---|008|010|010|007|---|---|026|016|016|---|---|---|027|027|027|---|---|---|027|027|027|---|---|---|027|027|027|---|---|---|---|---|---|---|---|---|---|006|---|---|---|---|---|---|---|---|---|---|---|---|---|---|---|---|004|010|010|016|---|---|016|016|016|015|---|---|010|010|019|---|---|---|018|008|015|---|---|---|027|027|027|---|---|---|030|016|016|016|---|---|016|016|016|---|---|---|032|036|---|015|---|---|---|---|---|---|---|---|---|---|---|---|---|---|---|---|---|---|---|---|006|---|---|---|---|---|010|010|---|---|000|---|008|037|---|---|004|---|036|036|007|007|---|---|000|022|---|---|---|---|010|010|---|---|---|---|035|008|---|000|---|---|005|004|---|005|---|---|000|000|---|---|---|---|006|006|---|---|---|---|---|---|---|---|---|---|006|006|---|---|---|---|---|---|---|---|---|---|031|036|036|---|---|---|010|010|---|005|---|---|014|015|015|005|015|---|009|034|023|008|---|---|009|011|004|---|004|---|013|000|002|---|---|---|002|012|008|008|---|---|002|005|---|002|---|---|001|---|---|---|---|---|---|---|---|---|---|---|006|006|---|---|---|---|021|---|---|---|---|---|
0946: 002|007|007|---|---|---|---|---|027|---|---|---|003|024|---|---|---|---|016|016|016|---|---|---|---|000|---|008|---|---|033|010|010|010|---|---|015|035|008|010|---|---|004|027|027|---|---|---|---|---|---|---|---|---|006|006|---|---|---|---|---|---|---|---|---|---|---|---|006|---|---|---|029|010|010|007|---|---|017|008|---|000|---|---|028|020|027|027|---|---|008|010|010|007|---|---|026|016|016|---|---|---|027|027|027|---|---|---|027|027|027|---|---|---|027|027|027|---|---|---|---|---|---|---|---|---|---|006|---|---|---|---|021|---|---|---|---|---|---|---|006|---|---|---|004|010|010|016|---|---|016|016|016|015|---|---|010|010|019|---|---|---|018|---|015|---|---|---|027|027|027|---|---|---|030|016|016|016|---|---|016|016|016|---|---|---|032|036|---|015|---|---|---|---|---|---|---|---|---|---|---|---|---|---|---|---|---|---|---|---|006|---|---|---|---|---|010|010|---|---|000|---|008|037|---|---|004|---|036|036|---|---|---|---|000|022|---|---|---|---|010|010|---|---|---|---|---|008|---|000|---|---|005|004|---|005|---|---|000|015|---|---|---|---|006|006|---|---|---|---|---|006|---|---|---|---|006|006|---|---|---|---|---|---|---|---|---|---|031|036|036|---|---|---|010|010|---|005|---|---|014|015|015|005|015|---|009|---|023|---|---|---|009|011|034|---|004|---|025|000|002|---|---|---|002|012|008|008|---|---|002|005|---|002|---|---|001|---|---|---|---|---|---|---|---|---|---|---|006|006|---|---|---|---|---|---|---|---|---|---|
0946: 002|---|007|---|---|---|003|---|027|---|---|---|---|024|---|---|---|---|016|016|016|---|---|---|025|000|---|---|---|---|033|010|010|010|---|---|015|---|008|010|---|---|004|027|027|---|---|---|---|---|---|---|---|---|---|006|---|---|---|---|---|---|---|---|---|---|---|---|006|---|---|---|029|010|010|007|---|---|017|008|---|000|---|---|028|020|027|027|---|---|008|010|010|007|---|---|026|016|016|---|---|---|027|027|027|---|---|---|027|027|027|---|---|---|027|027|027|---|---|---|---|---|---|---|---|---|---|006|---|---|---|---|---|---|---|---|---|---|---|---|---|---|---|---|004|010|010|016|---|---|016|016|016|015|---|---|010|010|019|---|---|---|018|008|015|---|---|---|027|027|027|---|---|---|030|016|016|016|---|---|016|016|016|---|---|---|032|036|---|015|---|---|---|---|---|---|---|---|---|---|---|---|---|---|---|---|---|---|---|---|006|---|---|---|---|---|010|010|---|---|000|---|008|037|---|---|004|---|036|036|007|007|---|---|000|022|---|---|---|---|010|010|---|---|---|---|035|008|---|000|---|---|005|004|---|005|---|---|000|000|---|---|---|---|006|006|---|---|---|---|---|---|---|---|---|---|006|006|---|---|---|---|---|---|---|---|---|---|031|036|036|---|---|---|010|010|---|005|---|---|014|015|015|005|015|---|009|034|023|008|---|---|009|011|004|---|004|---|013|000|002|---|---|---|002|012|008|008|---|---|002|005|---|002|---|---|001|---|---|---|---|---|---|---|---|---|---|---|006|006|---|---|---|---|021|---|---|---|---|---|
0946: 002|007|007|---|---|---|---|---|027|---|---|---|003|024|---|005|---|---|016|016|016|---|---|---|---|000|---|008|---|---|033|010|010|010|---|---|015|035|008|010|---|---|004|027|027|---|---|---|---|---|---|---|---|---|006|006|---|---|---|---|---|---|---|---|---|---|---|---|006|---|---|---|029|010|010|007|---|---|017|008|---|000|---|---|028|020|027|027|---|---|008|010|010|007|---|---|026|016|016|---|---|---|027|027|027|---|---|---|027|027|027|---|---|---|027|027|027|---|---|---|---|---|---|---|---|---|---|006|---|---|---|---|021|---|---|---|---|---|---|---|006|---|---|---|004|010|010|016|---|---|016|016|016|015|---|---|010|010|019|---|---|---|018|---|015|---|---|---|027|027|027|---|---|---|030|016|016|016|---|---|016|016|016|---|---|---|032|036|---|015|---|---|---|---|---|---|---|---|---|---|---|---|---|---|---|---|---|---|---|---|006|---|006|---|---|---|010|010|---|---|000|---|008|037|---|---|004|---|036|036|---|---|---|---|000|022|---|002|---|---|010|010|---|---|---|---|---|008|---|000|---|---|005|004|---|005|---|---|000|015|---|---|---|---|006|006|---|---|---|---|---|006|---|---|---|---|006|006|---|---|---|---|---|---|---|---|---|---|031|036|036|---|---|---|010|010|---|005|---|---|014|015|015|005|015|---|009|---|023|---|---|---|009|011|034|---|004|---|025|000|002|---|---|---|002|012|008|008|---|---|002|005|---|002|---|---|001|---|---|---|---|---|---|---|---|---|---|---|006|006|---|---|---|---|---|---|---|---|---|---|
0944: 002|007|007|---|---|---|028|015|---|---|---|---|003|027|027|027|---|---|016|016|016|---|---|---|025|000|---|---|---|---|033|010|010|010|---|---|015|035|008|010|---|---|004|027|027|---|---|---|---|---|---|---|---|---|---|006|---|---|---|---|---|---|---|---|---|---|---|---|006|---|---|---|029|010|010|007|---|---|017|008|---|000|---|---|---|020|027|027|009|---|008|010|010|007|---|---|026|016|016|---|---|---|027|027|027|---|---|---|027|027|027|---|---|---|027|027|027|---|---|---|---|---|---|---|---|---|---|006|---|---|---|---|---|---|---|---|---|---|---|---|---|---|---|---|004|010|010|016|---|---|016|016|016|015|---|---|010|010|019|---|---|---|018|009|015|---|---|---|027|027|027|---|---|---|030|016|016|016|---|---|016|016|016|---|---|---|032|036|008|015|---|---|---|---|---|---|---|---|---|---|---|---|---|---|---|---|---|---|---|---|006|---|---|---|---|---|010|010|---|---|000|---|008|037|---|---|004|---|036|036|---|---|---|---|000|022|---|---|---|---|010|010|---|---|---|---|---|008|---|000|---|---|005|004|---|005|---|---|000|008|---|---|---|---|006|006|---|---|---|---|---|---|---|---|---|---|006|006|---|---|---|---|---|---|---|---|---|---|031|036|036|---|---|---|010|010|---|005|---|---|014|015|015|005|015|---|009|034|023|---|---|---|009|011|---|---|004|---|---|000|002|---|---|---|002|012|008|008|---|---|002|005|---|002|---|---|001|---|---|---|---|---|---|---|---|---|---|---|006|006|---|---|---|---|021|---|---|---|---|---|
0944: 002|007|007|---|---|---|---|---|027|002|---|---|003|024|---|005|---|---|016|016|016|---|---|---|---|000|---|008|---|---|033|010|010|010|---|---|015|035|008|010|---|---|004|027|027|---|---|---|---|---|---|---|---|---|006|006|---|---|---|---|---|---|---|---|---|---|---|---|006|---|---|---|029|010|010|007|---|---|017|008|---|000|---|---|028|020|027|027|---|---|008|010|010|007|---|---|026|016|016|---|---|---|027|027|027|---|---|---|027|027|027|---|---|---|027|027|027|---|037|---|---|---|---|---|---|---|---|006|---|---|---|---|021|---|---|---|---|---|---|---|006|---|---|---|004|010|010|016|---|---|016|016|016|015|---|---|010|010|019|---|---|---|018|---|015|---|---|---|027|027|027|---|---|---|030|016|016|016|---|---|016|016|016|---|---|---|032|036|---|015|---|---|---|---|---|---|---|---|---|---|---|---|---|---|---|---|---|---|---|---|006|---|006|---|---|---|010|010|---|---|000|---|008|---|---|---|004|---|036|036|---|---|---|---|000|022|---|---|---|---|010|010|---|---|---|---|000|008|---|000|---|---|005|004|---|005|---|---|000|015|---|---|---|---|006|006|---|---|---|---|---|006|---|---|---|---|006|006|---|---|---|---|---|---|---|---|---|---|031|036|036|---|---|---|010|010|---|005|---|---|014|015|015|005|015|---|009|---|023|---|---|---|009|011|034|---|004|---|025|000|002|---|---|---|002|012|008|008|---|---|002|005|---|002|---|---|001|---|---|---|---|---|---|---|---|---|---|---|006|006|---|---|---|---|---|---|---|---|---|---|
0944: 002|007|007|---|---|---|---|022|027|---|---|---|003|024|---|005|---|---|016|016|016|---|---|---|---|000|---|008|---|---|033|010|010|010|---|---|015|035|008|010|---|---|004|027|027|---|---|---|---|---|---|---|---|---|006|006|---|---|---|---|---|---|---|---|---|---|---|---|006|---|---|---|029|010|010|007|---|---|017|008|---|000|---|---|028|020|027|027|---|---|008|010|010|007|---|---|026|016|016|---|---|---|027|027|027|---|---|---|027|027|027|---|---|---|027|027|027|---|---|---|---|---|---|---|---|---|---|006|---|---|---|---|021|---|---|---|---|---|---|---|006|---|---|---|004|010|010|016|---|---|016|016|016|015|---|---|010|010|019|---|---|---|018|---|015|---|---|---|027|027|027|---|---|---|030|016|016|016|---|---|016|016|016|---|---|---|032|036|---|015|---|---|---|---|---|---|---|---|---|---|---|---|---|---|---|---|---|---|---|---|006|---|---|---|---|---|010|010|---|---|000|---|008|037|---|---|004|---|036|036|---|---|---|---|000|---|---|---|---|---|010|010|---|---|---|---|---|008|---|000|---|---|005|004|---|005|---|---|000|015|---|---|---|---|006|006|---|---|---|---|---|006|---|---|---|---|006|006|---|---|---|---|---|---|---|---|---|---|031|036|036|---|---|---|010|010|---|005|---|---|014|015|015|005|015|---|009|---|023|---|---|---|009|011|034|---|004|---|025|000|002|---|---|---|002|012|008|008|---|---|002|005|---|002|---|---|001|---|---|---|---|---|---|---|---|---|---|---|006|006|---|---|---|---|---|---|---|---|---|---|
0944: 002|007|007|---|---|---|---|---|027|---|---|---|003|024|---|005|---|---|016|016|016|---|---|---|---|000|---|008|---|---|033|010|010|010|---|---|015|035|008|010|---|---|004|027|027|---|---|---|---|---|---|---|---|---|006|006|---|---|---|---|---|---|---|---|---|---|---|---|006|---|---|---|---|010|010|007|---|---|017|008|---|000|---|---|028|020|027|027|---|---|008|010|010|007|---|---|026|016|016|---|---|---|027|027|027|---|---|---|027|027|027|---|---|---|027|027|027|---|---|---|---|---|---|---|---|---|---|006|---|---|---|---|021|---|---|---|---|---|---|---|006|---|---|---|004|010|010|016|---|---|016|016|016|015|---|---|010|010|019|---|---|---|018|---|015|---|---|---|027|027|027|---|---|---|030|016|016|016|---|---|016|016|016|---|---|---|032|036|---|015|---|---|---|---|---|---|---|---|---|---|---|---|---|---|---|---|---|---|---|---|006|---|006|---|---|---|010|010|---|---|000|---|008|037|---|---|004|---|036|036|---|---|029|---|000|022|---|---|---|---|010|010|---|---|---|---|000|008|---|000|---|---|005|004|---|005|---|---|000|015|---|---|---|---|006|006|---|---|---|---|---|006|---|---|---|---|006|006|---|---|---|---|---|---|---|---|---|---|031|036|036|---|---|---|010|010|---|005|---|---|014|015|015|005|015|---|009|---|023|---|---|---|009|011|034|---|004|---|025|000|002|---|---|---|002|012|008|008|---|---|002|005|---|002|---|---|001|---|---|---|---|---|---|---|---|---|---|---|006|006|---|---|---|---|---|---|---|---|---|---|
######################
Alle Professoren
Tag 0---------------
---
---
---
---
---
---
---
---
---
---
---
---
---
---
---
---
---
---
---
---
---
---
---
---
---
---
---
---
---
---
---
---
---
---
---
---
---
---
---
---
---
---
---
---
---
---
---
---
---
---
---
---
---
---
---
---
---
---
---
---
---
---
---
---
---
---
---
---
---
---
---
---
Tag 1---------------
---
---
---
---
---
---
---
---
---
---
---
---
---
---
---
---
---
---
---
---
---
---
---
---
---
---
---
---
---
---
---
---
---
---
---
---
---
---
---
---
---
---
---
---
---
---
---
---
---
---
---
---
---
---
---
---
---
---
---
---
---
---
---
---
---
---
---
---
---
---
---
---
Tag 2---------------
---
---
---
---
---
---
---
---
---
---
---
---
---
---
---
---
---
---
---
---
---
---
---
---
---
---
---
---
---
---
---
---
---
---
---
---
---
---
---
---
---
---
---
---
---
---
---
---
---
---
---
---
---
---
---
---
---
---
---
---
---
---
---
---
---
---
---
---
---
---
---
---
Tag 3---------------
---
---
---
---
---
---
---
---
---
---
---
---
---
---
---
---
---
---
---
---
---
---
---
---
---
---
---
---
---
---
---
---
---
---
---
---
---
---
---
---
---
---
---
---
---
---
---
---
---
---
---
---
---
---
---
---
---
---
---
---
---
---
---
---
---
---
---
---
---
---
---
---
Tag 4---------------
---
---
---
---
---
---
---
---
---
---
---
---
---
---
---
---
---
---
---
---
---
---
---
---
---
---
---
---
---
---
---
---
---
---
---
---
---
---
---
---
---
---
---
---
---
---
---
---
---
---
---
---
---
---
---
---
---
---
---
---
---
---
---
---
---
---
---
---
---
---
---
---

######################

Tag 0---------------
---
---
---
---
---
---
---
---
---
---
---
---
---
---
---
---
---
---
---
---
---
---
---
---
---
---
---
---
---
---
---
---
---
---
---
---
---
---
---
---
---
---
---
---
---
---
---
---
---
---
---
---
---
---
---
---
---
---
---
---
---
---
---
---
---
---
---
---
---
---
---
---
Tag 1---------------
---
---
---
---
---
---
---
---
---
---
---
---
---
---
---
---
---
---
---
---
---
---
---
---
---
---
---
---
---
---
---
---
---
---
---
---
---
---
---
---
---
---
---
---
---
---
---
---
---
---
---
---
---
---
---
---
---
---
---
---
---
---
---
---
---
---
---
---
---
---
---
---
Tag 2---------------
---
---
---
---
---
---
---
---
---
---
---
---
---
---
---
---
---
---
---
---
---
---
---
---
---
---
---
---
---
---
---
---
---
---
---
---
---
---
---
---
---
---
---
---
---
---
---
---
---
---
---
---
---
---
---
---
---
---
---
---
---
---
---
---
---
---
---
---
---
---
---
---
Tag 3---------------
---
---
---
---
---
---
---
---
---
---
---
---
---
---
---
---
---
---
---
---
---
---
---
---
---
---
---
---
---
---
---
---
---
---
---
---
---
---
---
---
---
---
---
---
---
---
---
---
---
---
---
---
---
---
---
---
---
---
---
---
---
---
---
---
---
---
---
---
---
---
---
---
Tag 4---------------
---
---
---
---
---
---
---
---
---
---
---
---
---
---
---
---
---
---
---
---
---
---
---
---
---
---
---
---
---
---
---
---
---
---
---
---
---
---
---
---
---
---
---
---
---
---
---
---
---
---
---
---
---
---
---
---
---
---
---
---
---
---
---
---
---
---
---
---
---
---
---
---

######################
!!Noch nicht angelegt
Tag 0---------------
---
---
---
---
---
---
---
---
---
---
---
---
---
---
---
---
---
---
---
---
---
---
---
---
---
---
---
---
---
---
---
---
---
---
---
---
---
---
---
---
---
---
---
---
---
---
---
---
---
---
---
---
---
---
---
---
---
---
---
---
---
---
---
---
---
---
---
---
---
---
---
---
Tag 1---------------
---
---
---
---
---
---
---
---
---
---
---
---
---
---
---
---
---
---
---
---
---
---
---
---
---
---
---
---
---
---
---
---
---
---
---
---
---
---
---
---
---
---
---
---
---
---
---
---
---
---
---
---
---
---
---
---
---
---
---
---
---
---
---
---
---
---
---
---
---
---
---
---
Tag 2---------------
---
---
---
---
---
---
---
---
---
---
---
---
---
---
---
---
---
---
---
---
---
---
---
---
---
---
---
---
---
---
---
---
---
---
---
---
---
---
---
---
---
---
---
---
---
---
---
---
---
---
---
---
---
---
---
---
---
---
---
---
---
---
---
---
---
---
---
---
---
---
---
---
Tag 3---------------
---
---
---
---
---
---
---
---
---
---
---
---
---
---
---
---
---
---
---
---
---
---
---
---
---
---
---
---
---
---
---
---
---
---
---
---
---
---
---
---
---
---
---
---
---
---
---
---
---
---
---
---
---
---
---
---
---
---
---
---
---
---
---
---
---
---
---
---
---
---
---
---
Tag 4---------------
---
---
---
---
---
---
---
---
---
---
---
---
---
---
---
---
---
---
---
---
---
---
---
---
---
---
---
---
---
---
---
---
---
---
---
---
---
---
---
---
---
---
---
---
---
---
---
---
---
---
---
---
---
---
---
---
---
---
---
---
---
---
---
---
---
---
---
---
---
---
---
---

######################
Bröckl
Tag 0---------------
---
---
---
---
---
---
---
---
---
---
---
---
---
---
---
---
---
---
---
---
---
---
---
---
---
---
---
---
---
---
---
---
---
---
---
---
---
---
---
---
---
---
---
---
---
---
---
---
---
---
---
---
---
---
---
---
---
---
---
---
---
---
---
---
---
---
---
---
---
---
---
---
Tag 1---------------
---
---
---
---
---
---
---
---
---
---
---
---
---
---
---
---
---
---
---
---
---
---
---
---
---
---
---
---
---
---
---
---
---
---
---
---
---
---
---
---
---
---
---
---
---
---
---
---
---
---
---
---
---
---
---
---
---
---
---
---
---
---
---
---
---
---
---
---
---
---
---
---
Tag 2---------------
---
---
---
---
---
---
---
---
---
---
---
---
---
---
---
---
---
---
---
---
---
---
---
---
---
---
---
---
---
---
---
---
---
---
---
---
---
---
---
---
---
---
---
---
---
---
---
---
---
---
---
---
---
---
---
---
---
---
---
---
---
---
---
---
---
---
---
---
---
---
---
---
Tag 3---------------
---
---
---
---
---
---
---
---
---
---
---
---
---
---
---
---
---
---
---
---
---
---
---
---
---
---
---
---
---
---
---
---
---
---
---
---
---
---
---
---
---
---
---
---
---
---
---
---
---
---
---
---
---
---
---
---
---
---
---
---
---
---
---
---
---
---
---
---
---
---
---
---
Tag 4---------------
---
---
---
---
---
---
---
---
---
---
---
---
---
---
---
---
---
---
---
---
---
---
---
---
---
---
---
---
---
---
---
---
---
---
---
---
---
---
---
---
---
---
---
---
---
---
---
---
---
---
---
---
---
---
---
---
---
---
---
---
---
---
---
---
---
---
---
---
---
---
---
---

######################
Ditzinger
Tag 0---------------
---
---
---
---
---
---
---
---
---
---
---
---
---
---
---
---
---
---
---
---
---
---
---
---
---
---
---
---
---
---
---
---
---
---
---
---
---
---
---
---
---
---
---
---
---
---
---
---
---
---
---
---
---
---
---
---
---
---
---
---
---
---
---
---
---
---
---
---
---
---
---
---
Tag 1---------------
---
---
---
---
---
---
---
---
---
---
---
---
---
---
---
---
---
---
---
---
---
---
---
---
---
---
---
---
---
---
---
---
---
---
---
---
---
---
---
---
---
---
---
---
---
---
---
---
---
---
---
---
---
---
---
---
---
---
---
---
---
---
---
---
---
---
---
---
---
---
---
---
Tag 2---------------
---
---
---
---
---
---
---
---
---
---
---
---
---
---
---
---
---
---
---
---
---
---
---
---
---
---
---
---
---
---
---
---
---
---
---
---
---
---
---
---
---
---
---
---
---
---
---
---
---
---
---
---
---
---
---
---
---
---
---
---
---
---
---
---
---
---
---
---
---
---
---
---
Tag 3---------------
---
---
---
---
---
---
---
---
---
---
---
---
---
---
---
---
---
---
---
---
---
---
---
---
---
---
---
---
---
---
---
---
---
---
---
---
---
---
---
---
---
---
---
---
---
---
---
---
---
---
---
---
---
---
---
---
---
---
---
---
---
---
---
---
---
---
---
---
---
---
---
---
Tag 4---------------
---
---
---
---
---
---
---
---
---
---
---
---
---
---
---
---
---
---
---
---
---
---
---
---
---
---
---
---
---
---
---
---
---
---
---
---
---
---
---
---
---
---
---
---
---
---
---
---
---
---
---
---
---
---
---
---
---
---
---
---
---
---
---
---
---
---
---
---
---
---
---
---

######################
Dübon
Tag 0---------------
---
---
---
---
---
---
---
---
---
---
---
---
---
---
---
---
---
---
---
---
---
---
---
---
---
---
---
---
---
---
---
---
---
---
---
---
---
---
---
---
---
---
---
---
---
---
---
---
---
---
---
---
---
---
---
---
---
---
---
---
---
---
---
---
---
---
---
---
---
---
---
---
Tag 1---------------
---
---
---
---
---
---
---
---
---
---
---
---
---
---
---
---
---
---
---
---
---
---
---
---
---
---
---
---
---
---
---
---
---
---
---
---
---
---
---
---
---
---
---
---
---
---
---
---
---
---
---
---
---
---
---
---
---
---
---
---
---
---
---
---
---
---
---
---
---
---
---
---
Tag 2---------------
---
---
---
---
---
---
---
---
---
---
---
---
---
---
---
---
---
---
---
---
---
---
---
---
---
---
---
---
---
---
---
---
---
---
---
---
---
---
---
---
---
---
---
---
---
---
---
---
---
---
---
---
---
---
---
---
---
---
---
---
---
---
---
---
---
---
---
---
---
---
---
---
Tag 3---------------
---
---
---
---
---
---
---
---
---
---
---
---
---
---
---
---
---
---
---
---
---
---
---
---
---
---
---
---
---
---
---
---
---
---
---
---
---
---
---
---
---
---
---
---
---
---
---
---
---
---
---
---
---
---
---
---
---
---
---
---
---
---
---
---
---
---
---
---
---
---
---
---
Tag 4---------------
---
---
---
---
---
---
---
---
---
---
---
---
---
---
---
---
---
---
---
---
---
---
---
---
---
---
---
---
---
---
---
---
---
---
---
---
---
---
---
---
---
---
---
---
---
---
---
---
---
---
---
---
---
---
---
---
---
---
---
---
---
---
---
---
---
---
---
---
---
---
---
---

######################
Fuchß
Tag 0---------------
---
---
---
---
---
---
---
---
---
---
---
---
---
---
---
---
---
---
---
---
---
---
---
---
---
---
---
---
---
---
---
---
---
---
---
---
---
---
---
---
---
---
---
---
---
---
---
---
---
---
---
---
---
---
---
---
---
---
---
---
---
---
---
---
---
---
---
---
---
---
---
---
Tag 1---------------
---
---
---
---
---
---
---
---
---
---
---
---
---
---
---
---
---
---
---
---
---
---
---
---
---
---
---
---
---
---
---
---
---
---
---
---
---
---
---
---
---
---
---
---
---
---
---
---
---
---
---
---
---
---
---
---
---
---
---
---
---
---
---
---
---
---
---
---
---
---
---
---
Tag 2---------------
---
---
---
---
---
---
---
---
---
---
---
---
---
---
---
---
---
---
---
---
---
---
---
---
---
---
---
---
---
---
---
---
---
---
---
---
---
---
---
---
---
---
---
---
---
---
---
---
---
---
---
---
---
---
---
---
---
---
---
---
---
---
---
---
---
---
---
---
---
---
---
---
Tag 3---------------
---
---
---
---
---
---
---
---
---
---
---
---
---
---
---
---
---
---
---
---
---
---
---
---
---
---
---
---
---
---
---
---
---
---
---
---
---
---
---
---
---
---
---
---
---
---
---
---
---
---
---
---
---
---
---
---
---
---
---
---
---
---
---
---
---
---
---
---
---
---
---
---
Tag 4---------------
---
---
---
---
---
---
---
---
---
---
---
---
---
---
---
---
---
---
---
---
---
---
---
---
---
---
---
---
---
---
---
---
---
---
---
---
---
---
---
---
---
---
---
---
---
---
---
---
---
---
---
---
---
---
---
---
---
---
---
---
---
---
---
---
---
---
---
---
---
---
---
---

######################
Gmeiner
Tag 0---------------
---
---
---
---
---
---
---
---
---
---
---
---
---
---
---
---
---
---
---
---
---
---
---
---
---
---
---
---
---
---
---
---
---
---
---
---
---
---
---
---
---
---
---
---
---
---
---
---
---
---
---
---
---
---
---
---
---
---
---
---
---
---
---
---
---
---
---
---
---
---
---
---
Tag 1---------------
---
---
---
---
---
---
---
---
---
---
---
---
---
---
---
---
---
---
---
---
---
---
---
---
---
---
---
---
---
---
---
---
---
---
---
---
---
---
---
---
---
---
---
---
---
---
---
---
---
---
---
---
---
---
---
---
---
---
---
---
---
---
---
---
---
---
---
---
---
---
---
---
Tag 2---------------
---
---
---
---
---
---
---
---
---
---
---
---
---
---
---
---
---
---
---
---
---
---
---
---
---
---
---
---
---
---
---
---
---
---
---
---
---
---
---
---
---
---
---
---
---
---
---
---
---
---
---
---
---
---
---
---
---
---
---
---
---
---
---
---
---
---
---
---
---
---
---
---
Tag 3---------------
---
---
---
---
---
---
---
---
---
---
---
---
---
---
---
---
---
---
---
---
---
---
---
---
---
---
---
---
---
---
---
---
---
---
---
---
---
---
---
---
---
---
---
---
---
---
---
---
---
---
---
---
---
---
---
---
---
---
---
---
---
---
---
---
---
---
---
---
---
---
---
---
Tag 4---------------
---
---
---
---
---
---
---
---
---
---
---
---
---
---
---
---
---
---
---
---
---
---
---
---
---
---
---
---
---
---
---
---
---
---
---
---
---
---
---
---
---
---
---
---
---
---
---
---
---
---
---
---
---
---
---
---
---
---
---
---
---
---
---
---
---
---
---
---
---
---
---
---

######################
Graf
Tag 0---------------
---
---
---
---
---
---
---
---
---
---
---
---
---
---
---
---
---
---
---
---
---
---
---
---
---
---
---
---
---
---
---
---
---
---
---
---
---
---
---
---
---
---
---
---
---
---
---
---
---
---
---
---
---
---
---
---
---
---
---
---
---
---
---
---
---
---
---
---
---
---
---
---
Tag 1---------------
---
---
---
---
---
---
---
---
---
---
---
---
---
---
---
---
---
---
---
---
---
---
---
---
---
---
---
---
---
---
---
---
---
---
---
---
---
---
---
---
---
---
---
---
---
---
---
---
---
---
---
---
---
---
---
---
---
---
---
---
---
---
---
---
---
---
---
---
---
---
---
---
Tag 2---------------
---
---
---
---
---
---
---
---
---
---
---
---
---
---
---
---
---
---
---
---
---
---
---
---
---
---
---
---
---
---
---
---
---
---
---
---
---
---
---
---
---
---
---
---
---
---
---
---
---
---
---
---
---
---
---
---
---
---
---
---
---
---
---
---
---
---
---
---
---
---
---
---
Tag 3---------------
---
---
---
---
---
---
---
---
---
---
---
---
---
---
---
---
---
---
---
---
---
---
---
---
---
---
---
---
---
---
---
---
---
---
---
---
---
---
---
---
---
---
---
---
---
---
---
---
---
---
---
---
---
---
---
---
---
---
---
---
---
---
---
---
---
---
---
---
---
---
---
---
Tag 4---------------
---
---
---
---
---
---
---
---
---
---
---
---
---
---
---
---
---
---
---
---
---
---
---
---
---
---
---
---
---
---
---
---
---
---
---
---
---
---
---
---
---
---
---
---
---
---
---
---
---
---
---
---
---
---
---
---
---
---
---
---
---
---
---
---
---
---
---
---
---
---
---
---

######################
Gremminger
Tag 0---------------
---
---
---
---
---
---
---
---
---
---
---
---
---
---
---
---
---
---
---
---
---
---
---
---
---
---
---
---
---
---
---
---
---
---
---
---
---
---
---
---
---
---
---
---
---
---
---
---
---
---
---
---
---
---
---
---
---
---
---
---
---
---
---
---
---
---
---
---
---
---
---
---
Tag 1---------------
---
---
---
---
---
---
---
---
---
---
---
---
---
---
---
---
---
---
---
---
---
---
---
---
---
---
---
---
---
---
---
---
---
---
---
---
---
---
---
---
---
---
---
---
---
---
---
---
---
---
---
---
---
---
---
---
---
---
---
---
---
---
---
---
---
---
---
---
---
---
---
---
Tag 2---------------
---
---
---
---
---
---
---
---
---
---
---
---
---
---
---
---
---
---
---
---
---
---
---
---
---
---
---
---
---
---
---
---
---
---
---
---
---
---
---
---
---
---
---
---
---
---
---
---
---
---
---
---
---
---
---
---
---
---
---
---
---
---
---
---
---
---
---
---
---
---
---
---
Tag 3---------------
---
---
---
---
---
---
---
---
---
---
---
---
---
---
---
---
---
---
---
---
---
---
---
---
---
---
---
---
---
---
---
---
---
---
---
---
---
---
---
---
---
---
---
---
---
---
---
---
---
---
---
---
---
---
---
---
---
---
---
---
---
---
---
---
---
---
---
---
---
---
---
---
Tag 4---------------
---
---
---
---
---
---
---
---
---
---
---
---
---
---
---
---
---
---
---
---
---
---
---
---
---
---
---
---
---
---
---
---
---
---
---
---
---
---
---
---
---
---
---
---
---
---
---
---
---
---
---
---
---
---
---
---
---
---
---
---
---
---
---
---
---
---
---
---
---
---
---
---

######################
Haneke
Tag 0---------------
---
---
---
---
---
---
---
---
---
---
---
---
---
---
---
---
---
---
---
---
---
---
---
---
---
---
---
---
---
---
---
---
---
---
---
---
---
---
---
---
---
---
---
---
---
---
---
---
---
---
---
---
---
---
---
---
---
---
---
---
---
---
---
---
---
---
---
---
---
---
---
---
Tag 1---------------
---
---
---
---
---
---
---
---
---
---
---
---
---
---
---
---
---
---
---
---
---
---
---
---
---
---
---
---
---
---
---
---
---
---
---
---
---
---
---
---
---
---
---
---
---
---
---
---
---
---
---
---
---
---
---
---
---
---
---
---
---
---
---
---
---
---
---
---
---
---
---
---
Tag 2---------------
---
---
---
---
---
---
---
---
---
---
---
---
---
---
---
---
---
---
---
---
---
---
---
---
---
---
---
---
---
---
---
---
---
---
---
---
---
---
---
---
---
---
---
---
---
---
---
---
---
---
---
---
---
---
---
---
---
---
---
---
---
---
---
---
---
---
---
---
---
---
---
---
Tag 3---------------
---
---
---
---
---
---
---
---
---
---
---
---
---
---
---
---
---
---
---
---
---
---
---
---
---
---
---
---
---
---
---
---
---
---
---
---
---
---
---
---
---
---
---
---
---
---
---
---
---
---
---
---
---
---
---
---
---
---
---
---
---
---
---
---
---
---
---
---
---
---
---
---
Tag 4---------------
---
---
---
---
---
---
---
---
---
---
---
---
---
---
---
---
---
---
---
---
---
---
---
---
---
---
---
---
---
---
---
---
---
---
---
---
---
---
---
---
---
---
---
---
---
---
---
---
---
---
---
---
---
---
---
---
---
---
---
---
---
---
---
---
---
---
---
---
---
---
---
---

######################
Heberle
Tag 0---------------
---
---
---
---
---
---
---
---
---
---
---
---
---
---
---
---
---
---
---
---
---
---
---
---
---
---
---
---
---
---
---
---
---
---
---
---
---
---
---
---
---
---
---
---
---
---
---
---
---
---
---
---
---
---
---
---
---
---
---
---
---
---
---
---
---
---
---
---
---
---
---
---
Tag 1---------------
---
---
---
---
---
---
---
---
---
---
---
---
---
---
---
---
---
---
---
---
---
---
---
---
---
---
---
---
---
---
---
---
---
---
---
---
---
---
---
---
---
---
---
---
---
---
---
---
---
---
---
---
---
---
---
---
---
---
---
---
---
---
---
---
---
---
---
---
---
---
---
---
Tag 2---------------
---
---
---
---
---
---
---
---
---
---
---
---
---
---
---
---
---
---
---
---
---
---
---
---
---
---
---
---
---
---
---
---
---
---
---
---
---
---
---
---
---
---
---
---
---
---
---
---
---
---
---
---
---
---
---
---
---
---
---
---
---
---
---
---
---
---
---
---
---
---
---
---
Tag 3---------------
---
---
---
---
---
---
---
---
---
---
---
---
---
---
---
---
---
---
---
---
---
---
---
---
---
---
---
---
---
---
---
---
---
---
---
---
---
---
---
---
---
---
---
---
---
---
---
---
---
---
---
---
---
---
---
---
---
---
---
---
---
---
---
---
---
---
---
---
---
---
---
---
Tag 4---------------
---
---
---
---
---
---
---
---
---
---
---
---
---
---
---
---
---
---
---
---
---
---
---
---
---
---
---
---
---
---
---
---
---
---
---
---
---
---
---
---
---
---
---
---
---
---
---
---
---
---
---
---
---
---
---
---
---
---
---
---
---
---
---
---
---
---
---
---
---
---
---
---

######################
Henning
Tag 0---------------
---
---
---
---
---
---
---
---
---
---
---
---
---
---
---
---
---
---
---
---
---
---
---
---
---
---
---
---
---
---
---
---
---
---
---
---
---
---
---
---
---
---
---
---
---
---
---
---
---
---
---
---
---
---
---
---
---
---
---
---
---
---
---
---
---
---
---
---
---
---
---
---
Tag 1---------------
---
---
---
---
---
---
---
---
---
---
---
---
---
---
---
---
---
---
---
---
---
---
---
---
---
---
---
---
---
---
---
---
---
---
---
---
---
---
---
---
---
---
---
---
---
---
---
---
---
---
---
---
---
---
---
---
---
---
---
---
---
---
---
---
---
---
---
---
---
---
---
---
Tag 2---------------
---
---
---
---
---
---
---
---
---
---
---
---
---
---
---
---
---
---
---
---
---
---
---
---
---
---
---
---
---
---
---
---
---
---
---
---
---
---
---
---
---
---
---
---
---
---
---
---
---
---
---
---
---
---
---
---
---
---
---
---
---
---
---
---
---
---
---
---
---
---
---
---
Tag 3---------------
---
---
---
---
---
---
---
---
---
---
---
---
---
---
---
---
---
---
---
---
---
---
---
---
---
---
---
---
---
---
---
---
---
---
---
---
---
---
---
---
---
---
---
---
---
---
---
---
---
---
---
---
---
---
---
---
---
---
---
---
---
---
---
---
---
---
---
---
---
---
---
---
Tag 4---------------
---
---
---
---
---
---
---
---
---
---
---
---
---
---
---
---
---
---
---
---
---
---
---
---
---
---
---
---
---
---
---
---
---
---
---
---
---
---
---
---
---
---
---
---
---
---
---
---
---
---
---
---
---
---
---
---
---
---
---
---
---
---
---
---
---
---
---
---
---
---
---
---

######################
Hoffmann
Tag 0---------------
---
---
---
---
---
---
---
---
---
---
---
---
---
---
---
---
---
---
---
---
---
---
---
---
---
---
---
---
---
---
---
---
---
---
---
---
---
---
---
---
---
---
---
---
---
---
---
---
---
---
---
---
---
---
---
---
---
---
---
---
---
---
---
---
---
---
---
---
---
---
---
---
Tag 1---------------
---
---
---
---
---
---
---
---
---
---
---
---
---
---
---
---
---
---
---
---
---
---
---
---
---
---
---
---
---
---
---
---
---
---
---
---
---
---
---
---
---
---
---
---
---
---
---
---
---
---
---
---
---
---
---
---
---
---
---
---
---
---
---
---
---
---
---
---
---
---
---
---
Tag 2---------------
---
---
---
---
---
---
---
---
---
---
---
---
---
---
---
---
---
---
---
---
---
---
---
---
---
---
---
---
---
---
---
---
---
---
---
---
---
---
---
---
---
---
---
---
---
---
---
---
---
---
---
---
---
---
---
---
---
---
---
---
---
---
---
---
---
---
---
---
---
---
---
---
Tag 3---------------
---
---
---
---
---
---
---
---
---
---
---
---
---
---
---
---
---
---
---
---
---
---
---
---
---
---
---
---
---
---
---
---
---
---
---
---
---
---
---
---
---
---
---
---
---
---
---
---
---
---
---
---
---
---
---
---
---
---
---
---
---
---
---
---
---
---
---
---
---
---
---
---
Tag 4---------------
---
---
---
---
---
---
---
---
---
---
---
---
---
---
---
---
---
---
---
---
---
---
---
---
---
---
---
---
---
---
---
---
---
---
---
---
---
---
---
---
---
---
---
---
---
---
---
---
---
---
---
---
---
---
---
---
---
---
---
---
---
---
---
---
---
---
---
---
---
---
---
---

######################
Hofmann
Tag 0---------------
---
---
---
---
---
---
---
---
---
---
---
---
---
---
---
---
---
---
---
---
---
---
---
---
---
---
---
---
---
---
---
---
---
---
---
---
---
---
---
---
---
---
---
---
---
---
---
---
---
---
---
---
---
---
---
---
---
---
---
---
---
---
---
---
---
---
---
---
---
---
---
---
Tag 1---------------
---
---
---
---
---
---
---
---
---
---
---
---
---
---
---
---
---
---
---
---
---
---
---
---
---
---
---
---
---
---
---
---
---
---
---
---
---
---
---
---
---
---
---
---
---
---
---
---
---
---
---
---
---
---
---
---
---
---
---
---
---
---
---
---
---
---
---
---
---
---
---
---
Tag 2---------------
---
---
---
---
---
---
---
---
---
---
---
---
---
---
---
---
---
---
---
---
---
---
---
---
---
---
---
---
---
---
---
---
---
---
---
---
---
---
---
---
---
---
---
---
---
---
---
---
---
---
---
---
---
---
---
---
---
---
---
---
---
---
---
---
---
---
---
---
---
---
---
---
Tag 3---------------
---
---
---
---
---
---
---
---
---
---
---
---
---
---
---
---
---
---
---
---
---
---
---
---
---
---
---
---
---
---
---
---
---
---
---
---
---
---
---
---
---
---
---
---
---
---
---
---
---
---
---
---
---
---
---
---
---
---
---
---
---
---
---
---
---
---
---
---
---
---
---
---
Tag 4---------------
---
---
---
---
---
---
---
---
---
---
---
---
---
---
---
---
---
---
---
---
---
---
---
---
---
---
---
---
---
---
---
---
---
---
---
---
---
---
---
---
---
---
---
---
---
---
---
---
---
---
---
---
---
---
---
---
---
---
---
---
---
---
---
---
---
---
---
---
---
---
---
---

######################
Hüttel
Tag 0---------------
---
---
---
---
---
---
---
---
---
---
---
---
---
---
---
---
---
---
---
---
---
---
---
---
---
---
---
---
---
---
---
---
---
---
---
---
---
---
---
---
---
---
---
---
---
---
---
---
---
---
---
---
---
---
---
---
---
---
---
---
---
---
---
---
---
---
---
---
---
---
---
---
Tag 1---------------
---
---
---
---
---
---
---
---
---
---
---
---
---
---
---
---
---
---
---
---
---
---
---
---
---
---
---
---
---
---
---
---
---
---
---
---
---
---
---
---
---
---
---
---
---
---
---
---
---
---
---
---
---
---
---
---
---
---
---
---
---
---
---
---
---
---
---
---
---
---
---
---
Tag 2---------------
---
---
---
---
---
---
---
---
---
---
---
---
---
---
---
---
---
---
---
---
---
---
---
---
---
---
---
---
---
---
---
---
---
---
---
---
---
---
---
---
---
---
---
---
---
---
---
---
---
---
---
---
---
---
---
---
---
---
---
---
---
---
---
---
---
---
---
---
---
---
---
---
Tag 3---------------
---
---
---
---
---
---
---
---
---
---
---
---
---
---
---
---
---
---
---
---
---
---
---
---
---
---
---
---
---
---
---
---
---
---
---
---
---
---
---
---
---
---
---
---
---
---
---
---
---
---
---
---
---
---
---
---
---
---
---
---
---
---
---
---
---
---
---
---
---
---
---
---
Tag 4---------------
---
---
---
---
---
---
---
---
---
---
---
---
---
---
---
---
---
---
---
---
---
---
---
---
---
---
---
---
---
---
---
---
---
---
---
---
---
---
---
---
---
---
---
---
---
---
---
---
---
---
---
---
---
---
---
---
---
---
---
---
---
---
---
---
---
---
---
---
---
---
---
---

######################
Körner
Tag 0---------------
---
---
---
---
---
---
---
---
---
---
---
---
---
---
---
---
---
---
---
---
---
---
---
---
---
---
---
---
---
---
---
---
---
---
---
---
---
---
---
---
---
---
---
---
---
---
---
---
---
---
---
---
---
---
---
---
---
---
---
---
---
---
---
---
---
---
---
---
---
---
---
---
Tag 1---------------
---
---
---
---
---
---
---
---
---
---
---
---
---
---
---
---
---
---
---
---
---
---
---
---
---
---
---
---
---
---
---
---
---
---
---
---
---
---
---
---
---
---
---
---
---
---
---
---
---
---
---
---
---
---
---
---
---
---
---
---
---
---
---
---
---
---
---
---
---
---
---
---
Tag 2---------------
---
---
---
---
---
---
---
---
---
---
---
---
---
---
---
---
---
---
---
---
---
---
---
---
---
---
---
---
---
---
---
---
---
---
---
---
---
---
---
---
---
---
---
---
---
---
---
---
---
---
---
---
---
---
---
---
---
---
---
---
---
---
---
---
---
---
---
---
---
---
---
---
Tag 3---------------
---
---
---
---
---
---
---
---
---
---
---
---
---
---
---
---
---
---
---
---
---
---
---
---
---
---
---
---
---
---
---
---
---
---
---
---
---
---
---
---
---
---
---
---
---
---
---
---
---
---
---
---
---
---
---
---
---
---
---
---
---
---
---
---
---
---
---
---
---
---
---
---
Tag 4---------------
---
---
---
---
---
---
---
---
---
---
---
---
---
---
---
---
---
---
---
---
---
---
---
---
---
---
---
---
---
---
---
---
---
---
---
---
---
---
---
---
---
---
---
---
---
---
---
---
---
---
---
---
---
---
---
---
---
---
---
---
---
---
---
---
---
---
---
---
---
---
---
---

######################
Laubenheimer
Tag 0---------------
---
---
---
---
---
---
---
---
---
---
---
---
---
---
---
---
---
---
---
---
---
---
---
---
---
---
---
---
---
---
---
---
---
---
---
---
---
---
---
---
---
---
---
---
---
---
---
---
---
---
---
---
---
---
---
---
---
---
---
---
---
---
---
---
---
---
---
---
---
---
---
---
Tag 1---------------
---
---
---
---
---
---
---
---
---
---
---
---
---
---
---
---
---
---
---
---
---
---
---
---
---
---
---
---
---
---
---
---
---
---
---
---
---
---
---
---
---
---
---
---
---
---
---
---
---
---
---
---
---
---
---
---
---
---
---
---
---
---
---
---
---
---
---
---
---
---
---
---
Tag 2---------------
---
---
---
---
---
---
---
---
---
---
---
---
---
---
---
---
---
---
---
---
---
---
---
---
---
---
---
---
---
---
---
---
---
---
---
---
---
---
---
---
---
---
---
---
---
---
---
---
---
---
---
---
---
---
---
---
---
---
---
---
---
---
---
---
---
---
---
---
---
---
---
---
Tag 3---------------
---
---
---
---
---
---
---
---
---
---
---
---
---
---
---
---
---
---
---
---
---
---
---
---
---
---
---
---
---
---
---
---
---
---
---
---
---
---
---
---
---
---
---
---
---
---
---
---
---
---
---
---
---
---
---
---
---
---
---
---
---
---
---
---
---
---
---
---
---
---
---
---
Tag 4---------------
---
---
---
---
---
---
---
---
---
---
---
---
---
---
---
---
---
---
---
---
---
---
---
---
---
---
---
---
---
---
---
---
---
---
---
---
---
---
---
---
---
---
---
---
---
---
---
---
---
---
---
---
---
---
---
---
---
---
---
---
---
---
---
---
---
---
---
---
---
---
---
---

######################
Link
Tag 0---------------
---
---
---
---
---
---
---
---
---
---
---
---
---
---
---
---
---
---
---
---
---
---
---
---
---
---
---
---
---
---
---
---
---
---
---
---
---
---
---
---
---
---
---
---
---
---
---
---
---
---
---
---
---
---
---
---
---
---
---
---
---
---
---
---
---
---
---
---
---
---
---
---
Tag 1---------------
---
---
---
---
---
---
---
---
---
---
---
---
---
---
---
---
---
---
---
---
---
---
---
---
---
---
---
---
---
---
---
---
---
---
---
---
---
---
---
---
---
---
---
---
---
---
---
---
---
---
---
---
---
---
---
---
---
---
---
---
---
---
---
---
---
---
---
---
---
---
---
---
Tag 2---------------
---
---
---
---
---
---
---
---
---
---
---
---
---
---
---
---
---
---
---
---
---
---
---
---
---
---
---
---
---
---
---
---
---
---
---
---
---
---
---
---
---
---
---
---
---
---
---
---
---
---
---
---
---
---
---
---
---
---
---
---
---
---
---
---
---
---
---
---
---
---
---
---
Tag 3---------------
---
---
---
---
---
---
---
---
---
---
---
---
---
---
---
---
---
---
---
---
---
---
---
---
---
---
---
---
---
---
---
---
---
---
---
---
---
---
---
---
---
---
---
---
---
---
---
---
---
---
---
---
---
---
---
---
---
---
---
---
---
---
---
---
---
---
---
---
---
---
---
---
Tag 4---------------
---
---
---
---
---
---
---
---
---
---
---
---
---
---
---
---
---
---
---
---
---
---
---
---
---
---
---
---
---
---
---
---
---
---
---
---
---
---
---
---
---
---
---
---
---
---
---
---
---
---
---
---
---
---
---
---
---
---
---
---
---
---
---
---
---
---
---
---
---
---
---
---

######################
Martin
Tag 0---------------
---
---
---
---
---
---
---
---
---
---
---
---
---
---
---
---
---
---
---
---
---
---
---
---
---
---
---
---
---
---
---
---
---
---
---
---
---
---
---
---
---
---
---
---
---
---
---
---
---
---
---
---
---
---
---
---
---
---
---
---
---
---
---
---
---
---
---
---
---
---
---
---
Tag 1---------------
---
---
---
---
---
---
---
---
---
---
---
---
---
---
---
---
---
---
---
---
---
---
---
---
---
---
---
---
---
---
---
---
---
---
---
---
---
---
---
---
---
---
---
---
---
---
---
---
---
---
---
---
---
---
---
---
---
---
---
---
---
---
---
---
---
---
---
---
---
---
---
---
Tag 2---------------
---
---
---
---
---
---
---
---
---
---
---
---
---
---
---
---
---
---
---
---
---
---
---
---
---
---
---
---
---
---
---
---
---
---
---
---
---
---
---
---
---
---
---
---
---
---
---
---
---
---
---
---
---
---
---
---
---
---
---
---
---
---
---
---
---
---
---
---
---
---
---
---
Tag 3---------------
---
---
---
---
---
---
---
---
---
---
---
---
---
---
---
---
---
---
---
---
---
---
---
---
---
---
---
---
---
---
---
---
---
---
---
---
---
---
---
---
---
---
---
---
---
---
---
---
---
---
---
---
---
---
---
---
---
---
---
---
---
---
---
---
---
---
---
---
---
---
---
---
Tag 4---------------
---
---
---
---
---
---
---
---
---
---
---
---
---
---
---
---
---
---
---
---
---
---
---
---
---
---
---
---
---
---
---
---
---
---
---
---
---
---
---
---
---
---
---
---
---
---
---
---
---
---
---
---
---
---
---
---
---
---
---
---
---
---
---
---
---
---
---
---
---
---
---
---

######################
Meisel
Tag 0---------------
---
---
---
---
---
---
---
---
---
---
---
---
---
---
---
---
---
---
---
---
---
---
---
---
---
---
---
---
---
---
---
---
---
---
---
---
---
---
---
---
---
---
---
---
---
---
---
---
---
---
---
---
---
---
---
---
---
---
---
---
---
---
---
---
---
---
---
---
---
---
---
---
Tag 1---------------
---
---
---
---
---
---
---
---
---
---
---
---
---
---
---
---
---
---
---
---
---
---
---
---
---
---
---
---
---
---
---
---
---
---
---
---
---
---
---
---
---
---
---
---
---
---
---
---
---
---
---
---
---
---
---
---
---
---
---
---
---
---
---
---
---
---
---
---
---
---
---
---
Tag 2---------------
---
---
---
---
---
---
---
---
---
---
---
---
---
---
---
---
---
---
---
---
---
---
---
---
---
---
---
---
---
---
---
---
---
---
---
---
---
---
---
---
---
---
---
---
---
---
---
---
---
---
---
---
---
---
---
---
---
---
---
---
---
---
---
---
---
---
---
---
---
---
---
---
Tag 3---------------
---
---
---
---
---
---
---
---
---
---
---
---
---
---
---
---
---
---
---
---
---
---
---
---
---
---
---
---
---
---
---
---
---
---
---
---
---
---
---
---
---
---
---
---
---
---
---
---
---
---
---
---
---
---
---
---
---
---
---
---
---
---
---
---
---
---
---
---
---
---
---
---
Tag 4---------------
---
---
---
---
---
---
---
---
---
---
---
---
---
---
---
---
---
---
---
---
---
---
---
---
---
---
---
---
---
---
---
---
---
---
---
---
---
---
---
---
---
---
---
---
---
---
---
---
---
---
---
---
---
---
---
---
---
---
---
---
---
---
---
---
---
---
---
---
---
---
---
---

######################
Morgenstern
Tag 0---------------
---
---
---
---
---
---
---
---
---
---
---
---
---
---
---
---
---
---
---
---
---
---
---
---
---
---
---
---
---
---
---
---
---
---
---
---
---
---
---
---
---
---
---
---
---
---
---
---
---
---
---
---
---
---
---
---
---
---
---
---
---
---
---
---
---
---
---
---
---
---
---
---
Tag 1---------------
---
---
---
---
---
---
---
---
---
---
---
---
---
---
---
---
---
---
---
---
---
---
---
---
---
---
---
---
---
---
---
---
---
---
---
---
---
---
---
---
---
---
---
---
---
---
---
---
---
---
---
---
---
---
---
---
---
---
---
---
---
---
---
---
---
---
---
---
---
---
---
---
Tag 2---------------
---
---
---
---
---
---
---
---
---
---
---
---
---
---
---
---
---
---
---
---
---
---
---
---
---
---
---
---
---
---
---
---
---
---
---
---
---
---
---
---
---
---
---
---
---
---
---
---
---
---
---
---
---
---
---
---
---
---
---
---
---
---
---
---
---
---
---
---
---
---
---
---
Tag 3---------------
---
---
---
---
---
---
---
---
---
---
---
---
---
---
---
---
---
---
---
---
---
---
---
---
---
---
---
---
---
---
---
---
---
---
---
---
---
---
---
---
---
---
---
---
---
---
---
---
---
---
---
---
---
---
---
---
---
---
---
---
---
---
---
---
---
---
---
---
---
---
---
---
Tag 4---------------
---
---
---
---
---
---
---
---
---
---
---
---
---
---
---
---
---
---
---
---
---
---
---
---
---
---
---
---
---
---
---
---
---
---
---
---
---
---
---
---
---
---
---
---
---
---
---
---
---
---
---
---
---
---
---
---
---
---
---
---
---
---
---
---
---
---
---
---
---
---
---
---

######################
Müller
Tag 0---------------
---
---
---
---
---
---
---
---
---
---
---
---
---
---
---
---
---
---
---
---
---
---
---
---
---
---
---
---
---
---
---
---
---
---
---
---
---
---
---
---
---
---
---
---
---
---
---
---
---
---
---
---
---
---
---
---
---
---
---
---
---
---
---
---
---
---
---
---
---
---
---
---
Tag 1---------------
---
---
---
---
---
---
---
---
---
---
---
---
---
---
---
---
---
---
---
---
---
---
---
---
---
---
---
---
---
---
---
---
---
---
---
---
---
---
---
---
---
---
---
---
---
---
---
---
---
---
---
---
---
---
---
---
---
---
---
---
---
---
---
---
---
---
---
---
---
---
---
---
Tag 2---------------
---
---
---
---
---
---
---
---
---
---
---
---
---
---
---
---
---
---
---
---
---
---
---
---
---
---
---
---
---
---
---
---
---
---
---
---
---
---
---
---
---
---
---
---
---
---
---
---
---
---
---
---
---
---
---
---
---
---
---
---
---
---
---
---
---
---
---
---
---
---
---
---
Tag 3---------------
---
---
---
---
---
---
---
---
---
---
---
---
---
---
---
---
---
---
---
---
---
---
---
---
---
---
---
---
---
---
---
---
---
---
---
---
---
---
---
---
---
---
---
---
---
---
---
---
---
---
---
---
---
---
---
---
---
---
---
---
---
---
---
---
---
---
---
---
---
---
---
---
Tag 4---------------
---
---
---
---
---
---
---
---
---
---
---
---
---
---
---
---
---
---
---
---
---
---
---
---
---
---
---
---
---
---
---
---
---
---
---
---
---
---
---
---
---
---
---
---
---
---
---
---
---
---
---
---
---
---
---
---
---
---
---
---
---
---
---
---
---
---
---
---
---
---
---
---

######################
Nees
Tag 0---------------
---
---
---
---
---
---
---
---
---
---
---
---
---
---
---
---
---
---
---
---
---
---
---
---
---
---
---
---
---
---
---
---
---
---
---
---
---
---
---
---
---
---
---
---
---
---
---
---
---
---
---
---
---
---
---
---
---
---
---
---
---
---
---
---
---
---
---
---
---
---
---
---
Tag 1---------------
---
---
---
---
---
---
---
---
---
---
---
---
---
---
---
---
---
---
---
---
---
---
---
---
---
---
---
---
---
---
---
---
---
---
---
---
---
---
---
---
---
---
---
---
---
---
---
---
---
---
---
---
---
---
---
---
---
---
---
---
---
---
---
---
---
---
---
---
---
---
---
---
Tag 2---------------
---
---
---
---
---
---
---
---
---
---
---
---
---
---
---
---
---
---
---
---
---
---
---
---
---
---
---
---
---
---
---
---
---
---
---
---
---
---
---
---
---
---
---
---
---
---
---
---
---
---
---
---
---
---
---
---
---
---
---
---
---
---
---
---
---
---
---
---
---
---
---
---
Tag 3---------------
---
---
---
---
---
---
---
---
---
---
---
---
---
---
---
---
---
---
---
---
---
---
---
---
---
---
---
---
---
---
---
---
---
---
---
---
---
---
---
---
---
---
---
---
---
---
---
---
---
---
---
---
---
---
---
---
---
---
---
---
---
---
---
---
---
---
---
---
---
---
---
---
Tag 4---------------
---
---
---
---
---
---
---
---
---
---
---
---
---
---
---
---
---
---
---
---
---
---
---
---
---
---
---
---
---
---
---
---
---
---
---
---
---
---
---
---
---
---
---
---
---
---
---
---
---
---
---
---
---
---
---
---
---
---
---
---
---
---
---
---
---
---
---
---
---
---
---
---

######################
Nestler
Tag 0---------------
---
---
---
---
---
---
---
---
---
---
---
---
---
---
---
---
---
---
---
---
---
---
---
---
---
---
---
---
---
---
---
---
---
---
---
---
---
---
---
---
---
---
---
---
---
---
---
---
---
---
---
---
---
---
---
---
---
---
---
---
---
---
---
---
---
---
---
---
---
---
---
---
Tag 1---------------
---
---
---
---
---
---
---
---
---
---
---
---
---
---
---
---
---
---
---
---
---
---
---
---
---
---
---
---
---
---
---
---
---
---
---
---
---
---
---
---
---
---
---
---
---
---
---
---
---
---
---
---
---
---
---
---
---
---
---
---
---
---
---
---
---
---
---
---
---
---
---
---
Tag 2---------------
---
---
---
---
---
---
---
---
---
---
---
---
---
---
---
---
---
---
---
---
---
---
---
---
---
---
---
---
---
---
---
---
---
---
---
---
---
---
---
---
---
---
---
---
---
---
---
---
---
---
---
---
---
---
---
---
---
---
---
---
---
---
---
---
---
---
---
---
---
---
---
---
Tag 3---------------
---
---
---
---
---
---
---
---
---
---
---
---
---
---
---
---
---
---
---
---
---
---
---
---
---
---
---
---
---
---
---
---
---
---
---
---
---
---
---
---
---
---
---
---
---
---
---
---
---
---
---
---
---
---
---
---
---
---
---
---
---
---
---
---
---
---
---
---
---
---
---
---
Tag 4---------------
---
---
---
---
---
---
---
---
---
---
---
---
---
---
---
---
---
---
---
---
---
---
---
---
---
---
---
---
---
---
---
---
---
---
---
---
---
---
---
---
---
---
---
---
---
---
---
---
---
---
---
---
---
---
---
---
---
---
---
---
---
---
---
---
---
---
---
---
---
---
---
---

######################
Neumann
Tag 0---------------
---
---
---
---
---
---
---
---
---
---
---
---
---
---
---
---
---
---
---
---
---
---
---
---
---
---
---
---
---
---
---
---
---
---
---
---
---
---
---
---
---
---
---
---
---
---
---
---
---
---
---
---
---
---
---
---
---
---
---
---
---
---
---
---
---
---
---
---
---
---
---
---
Tag 1---------------
---
---
---
---
---
---
---
---
---
---
---
---
---
---
---
---
---
---
---
---
---
---
---
---
---
---
---
---
---
---
---
---
---
---
---
---
---
---
---
---
---
---
---
---
---
---
---
---
---
---
---
---
---
---
---
---
---
---
---
---
---
---
---
---
---
---
---
---
---
---
---
---
Tag 2---------------
---
---
---
---
---
---
---
---
---
---
---
---
---
---
---
---
---
---
---
---
---
---
---
---
---
---
---
---
---
---
---
---
---
---
---
---
---
---
---
---
---
---
---
---
---
---
---
---
---
---
---
---
---
---
---
---
---
---
---
---
---
---
---
---
---
---
---
---
---
---
---
---
Tag 3---------------
---
---
---
---
---
---
---
---
---
---
---
---
---
---
---
---
---
---
---
---
---
---
---
---
---
---
---
---
---
---
---
---
---
---
---
---
---
---
---
---
---
---
---
---
---
---
---
---
---
---
---
---
---
---
---
---
---
---
---
---
---
---
---
---
---
---
---
---
---
---
---
---
Tag 4---------------
---
---
---
---
---
---
---
---
---
---
---
---
---
---
---
---
---
---
---
---
---
---
---
---
---
---
---
---
---
---
---
---
---
---
---
---
---
---
---
---
---
---
---
---
---
---
---
---
---
---
---
---
---
---
---
---
---
---
---
---
---
---
---
---
---
---
---
---
---
---
---
---

######################
Pape
Tag 0---------------
---
---
---
---
---
---
---
---
---
---
---
---
---
---
---
---
---
---
---
---
---
---
---
---
---
---
---
---
---
---
---
---
---
---
---
---
---
---
---
---
---
---
---
---
---
---
---
---
---
---
---
---
---
---
---
---
---
---
---
---
---
---
---
---
---
---
---
---
---
---
---
---
Tag 1---------------
---
---
---
---
---
---
---
---
---
---
---
---
---
---
---
---
---
---
---
---
---
---
---
---
---
---
---
---
---
---
---
---
---
---
---
---
---
---
---
---
---
---
---
---
---
---
---
---
---
---
---
---
---
---
---
---
---
---
---
---
---
---
---
---
---
---
---
---
---
---
---
---
Tag 2---------------
---
---
---
---
---
---
---
---
---
---
---
---
---
---
---
---
---
---
---
---
---
---
---
---
---
---
---
---
---
---
---
---
---
---
---
---
---
---
---
---
---
---
---
---
---
---
---
---
---
---
---
---
---
---
---
---
---
---
---
---
---
---
---
---
---
---
---
---
---
---
---
---
Tag 3---------------
---
---
---
---
---
---
---
---
---
---
---
---
---
---
---
---
---
---
---
---
---
---
---
---
---
---
---
---
---
---
---
---
---
---
---
---
---
---
---
---
---
---
---
---
---
---
---
---
---
---
---
---
---
---
---
---
---
---
---
---
---
---
---
---
---
---
---
---
---
---
---
---
Tag 4---------------
---
---
---
---
---
---
---
---
---
---
---
---
---
---
---
---
---
---
---
---
---
---
---
---
---
---
---
---
---
---
---
---
---
---
---
---
---
---
---
---
---
---
---
---
---
---
---
---
---
---
---
---
---
---
---
---
---
---
---
---
---
---
---
---
---
---
---
---
---
---
---
---

######################
Philipp
Tag 0---------------
---
---
---
---
---
---
---
---
---
---
---
---
---
---
---
---
---
---
---
---
---
---
---
---
---
---
---
---
---
---
---
---
---
---
---
---
---
---
---
---
---
---
---
---
---
---
---
---
---
---
---
---
---
---
---
---
---
---
---
---
---
---
---
---
---
---
---
---
---
---
---
---
Tag 1---------------
---
---
---
---
---
---
---
---
---
---
---
---
---
---
---
---
---
---
---
---
---
---
---
---
---
---
---
---
---
---
---
---
---
---
---
---
---
---
---
---
---
---
---
---
---
---
---
---
---
---
---
---
---
---
---
---
---
---
---
---
---
---
---
---
---
---
---
---
---
---
---
---
Tag 2---------------
---
---
---
---
---
---
---
---
---
---
---
---
---
---
---
---
---
---
---
---
---
---
---
---
---
---
---
---
---
---
---
---
---
---
---
---
---
---
---
---
---
---
---
---
---
---
---
---
---
---
---
---
---
---
---
---
---
---
---
---
---
---
---
---
---
---
---
---
---
---
---
---
Tag 3---------------
---
---
---
---
---
---
---
---
---
---
---
---
---
---
---
---
---
---
---
---
---
---
---
---
---
---
---
---
---
---
---
---
---
---
---
---
---
---
---
---
---
---
---
---
---
---
---
---
---
---
---
---
---
---
---
---
---
---
---
---
---
---
---
---
---
---
---
---
---
---
---
---
Tag 4---------------
---
---
---
---
---
---
---
---
---
---
---
---
---
---
---
---
---
---
---
---
---
---
---
---
---
---
---
---
---
---
---
---
---
---
---
---
---
---
---
---
---
---
---
---
---
---
---
---
---
---
---
---
---
---
---
---
---
---
---
---
---
---
---
---
---
---
---
---
---
---
---
---

######################
Regier
Tag 0---------------
---
---
---
---
---
---
---
---
---
---
---
---
---
---
---
---
---
---
---
---
---
---
---
---
---
---
---
---
---
---
---
---
---
---
---
---
---
---
---
---
---
---
---
---
---
---
---
---
---
---
---
---
---
---
---
---
---
---
---
---
---
---
---
---
---
---
---
---
---
---
---
---
Tag 1---------------
---
---
---
---
---
---
---
---
---
---
---
---
---
---
---
---
---
---
---
---
---
---
---
---
---
---
---
---
---
---
---
---
---
---
---
---
---
---
---
---
---
---
---
---
---
---
---
---
---
---
---
---
---
---
---
---
---
---
---
---
---
---
---
---
---
---
---
---
---
---
---
---
Tag 2---------------
---
---
---
---
---
---
---
---
---
---
---
---
---
---
---
---
---
---
---
---
---
---
---
---
---
---
---
---
---
---
---
---
---
---
---
---
---
---
---
---
---
---
---
---
---
---
---
---
---
---
---
---
---
---
---
---
---
---
---
---
---
---
---
---
---
---
---
---
---
---
---
---
Tag 3---------------
---
---
---
---
---
---
---
---
---
---
---
---
---
---
---
---
---
---
---
---
---
---
---
---
---
---
---
---
---
---
---
---
---
---
---
---
---
---
---
---
---
---
---
---
---
---
---
---
---
---
---
---
---
---
---
---
---
---
---
---
---
---
---
---
---
---
---
---
---
---
---
---
Tag 4---------------
---
---
---
---
---
---
---
---
---
---
---
---
---
---
---
---
---
---
---
---
---
---
---
---
---
---
---
---
---
---
---
---
---
---
---
---
---
---
---
---
---
---
---
---
---
---
---
---
---
---
---
---
---
---
---
---
---
---
---
---
---
---
---
---
---
---
---
---
---
---
---
---

######################
Reichhardt
Tag 0---------------
---
---
---
---
---
---
---
---
---
---
---
---
---
---
---
---
---
---
---
---
---
---
---
---
---
---
---
---
---
---
---
---
---
---
---
---
---
---
---
---
---
---
---
---
---
---
---
---
---
---
---
---
---
---
---
---
---
---
---
---
---
---
---
---
---
---
---
---
---
---
---
---
Tag 1---------------
---
---
---
---
---
---
---
---
---
---
---
---
---
---
---
---
---
---
---
---
---
---
---
---
---
---
---
---
---
---
---
---
---
---
---
---
---
---
---
---
---
---
---
---
---
---
---
---
---
---
---
---
---
---
---
---
---
---
---
---
---
---
---
---
---
---
---
---
---
---
---
---
Tag 2---------------
---
---
---
---
---
---
---
---
---
---
---
---
---
---
---
---
---
---
---
---
---
---
---
---
---
---
---
---
---
---
---
---
---
---
---
---
---
---
---
---
---
---
---
---
---
---
---
---
---
---
---
---
---
---
---
---
---
---
---
---
---
---
---
---
---
---
---
---
---
---
---
---
Tag 3---------------
---
---
---
---
---
---
---
---
---
---
---
---
---
---
---
---
---
---
---
---
---
---
---
---
---
---
---
---
---
---
---
---
---
---
---
---
---
---
---
---
---
---
---
---
---
---
---
---
---
---
---
---
---
---
---
---
---
---
---
---
---
---
---
---
---
---
---
---
---
---
---
---
Tag 4---------------
---
---
---
---
---
---
---
---
---
---
---
---
---
---
---
---
---
---
---
---
---
---
---
---
---
---
---
---
---
---
---
---
---
---
---
---
---
---
---
---
---
---
---
---
---
---
---
---
---
---
---
---
---
---
---
---
---
---
---
---
---
---
---
---
---
---
---
---
---
---
---
---

######################
Schaefer
Tag 0---------------
---
---
---
---
---
---
---
---
---
---
---
---
---
---
---
---
---
---
---
---
---
---
---
---
---
---
---
---
---
---
---
---
---
---
---
---
---
---
---
---
---
---
---
---
---
---
---
---
---
---
---
---
---
---
---
---
---
---
---
---
---
---
---
---
---
---
---
---
---
---
---
---
Tag 1---------------
---
---
---
---
---
---
---
---
---
---
---
---
---
---
---
---
---
---
---
---
---
---
---
---
---
---
---
---
---
---
---
---
---
---
---
---
---
---
---
---
---
---
---
---
---
---
---
---
---
---
---
---
---
---
---
---
---
---
---
---
---
---
---
---
---
---
---
---
---
---
---
---
Tag 2---------------
---
---
---
---
---
---
---
---
---
---
---
---
---
---
---
---
---
---
---
---
---
---
---
---
---
---
---
---
---
---
---
---
---
---
---
---
---
---
---
---
---
---
---
---
---
---
---
---
---
---
---
---
---
---
---
---
---
---
---
---
---
---
---
---
---
---
---
---
---
---
---
---
Tag 3---------------
---
---
---
---
---
---
---
---
---
---
---
---
---
---
---
---
---
---
---
---
---
---
---
---
---
---
---
---
---
---
---
---
---
---
---
---
---
---
---
---
---
---
---
---
---
---
---
---
---
---
---
---
---
---
---
---
---
---
---
---
---
---
---
---
---
---
---
---
---
---
---
---
Tag 4---------------
---
---
---
---
---
---
---
---
---
---
---
---
---
---
---
---
---
---
---
---
---
---
---
---
---
---
---
---
---
---
---
---
---
---
---
---
---
---
---
---
---
---
---
---
---
---
---
---
---
---
---
---
---
---
---
---
---
---
---
---
---
---
---
---
---
---
---
---
---
---
---
---

######################
Schmauch
Tag 0---------------
---
---
---
---
---
---
---
---
---
---
---
---
---
---
---
---
---
---
---
---
---
---
---
---
---
---
---
---
---
---
---
---
---
---
---
---
---
---
---
---
---
---
---
---
---
---
---
---
---
---
---
---
---
---
---
---
---
---
---
---
---
---
---
---
---
---
---
---
---
---
---
---
Tag 1---------------
---
---
---
---
---
---
---
---
---
---
---
---
---
---
---
---
---
---
---
---
---
---
---
---
---
---
---
---
---
---
---
---
---
---
---
---
---
---
---
---
---
---
---
---
---
---
---
---
---
---
---
---
---
---
---
---
---
---
---
---
---
---
---
---
---
---
---
---
---
---
---
---
Tag 2---------------
---
---
---
---
---
---
---
---
---
---
---
---
---
---
---
---
---
---
---
---
---
---
---
---
---
---
---
---
---
---
---
---
---
---
---
---
---
---
---
---
---
---
---
---
---
---
---
---
---
---
---
---
---
---
---
---
---
---
---
---
---
---
---
---
---
---
---
---
---
---
---
---
Tag 3---------------
---
---
---
---
---
---
---
---
---
---
---
---
---
---
---
---
---
---
---
---
---
---
---
---
---
---
---
---
---
---
---
---
---
---
---
---
---
---
---
---
---
---
---
---
---
---
---
---
---
---
---
---
---
---
---
---
---
---
---
---
---
---
---
---
---
---
---
---
---
---
---
---
Tag 4---------------
---
---
---
---
---
---
---
---
---
---
---
---
---
---
---
---
---
---
---
---
---
---
---
---
---
---
---
---
---
---
---
---
---
---
---
---
---
---
---
---
---
---
---
---
---
---
---
---
---
---
---
---
---
---
---
---
---
---
---
---
---
---
---
---
---
---
---
---
---
---
---
---

######################
Schmidt
Tag 0---------------
---
---
---
---
---
---
---
---
---
---
---
---
---
---
---
---
---
---
---
---
---
---
---
---
---
---
---
---
---
---
---
---
---
---
---
---
---
---
---
---
---
---
---
---
---
---
---
---
---
---
---
---
---
---
---
---
---
---
---
---
---
---
---
---
---
---
---
---
---
---
---
---
Tag 1---------------
---
---
---
---
---
---
---
---
---
---
---
---
---
---
---
---
---
---
---
---
---
---
---
---
---
---
---
---
---
---
---
---
---
---
---
---
---
---
---
---
---
---
---
---
---
---
---
---
---
---
---
---
---
---
---
---
---
---
---
---
---
---
---
---
---
---
---
---
---
---
---
---
Tag 2---------------
---
---
---
---
---
---
---
---
---
---
---
---
---
---
---
---
---
---
---
---
---
---
---
---
---
---
---
---
---
---
---
---
---
---
---
---
---
---
---
---
---
---
---
---
---
---
---
---
---
---
---
---
---
---
---
---
---
---
---
---
---
---
---
---
---
---
---
---
---
---
---
---
Tag 3---------------
---
---
---
---
---
---
---
---
---
---
---
---
---
---
---
---
---
---
---
---
---
---
---
---
---
---
---
---
---
---
---
---
---
---
---
---
---
---
---
---
---
---
---
---
---
---
---
---
---
---
---
---
---
---
---
---
---
---
---
---
---
---
---
---
---
---
---
---
---
---
---
---
Tag 4---------------
---
---
---
---
---
---
---
---
---
---
---
---
---
---
---
---
---
---
---
---
---
---
---
---
---
---
---
---
---
---
---
---
---
---
---
---
---
---
---
---
---
---
---
---
---
---
---
---
---
---
---
---
---
---
---
---
---
---
---
---
---
---
---
---
---
---
---
---
---
---
---
---

######################
Seifert
Tag 0---------------
---
---
---
---
---
---
---
---
---
---
---
---
---
---
---
---
---
---
---
---
---
---
---
---
---
---
---
---
---
---
---
---
---
---
---
---
---
---
---
---
---
---
---
---
---
---
---
---
---
---
---
---
---
---
---
---
---
---
---
---
---
---
---
---
---
---
---
---
---
---
---
---
Tag 1---------------
---
---
---
---
---
---
---
---
---
---
---
---
---
---
---
---
---
---
---
---
---
---
---
---
---
---
---
---
---
---
---
---
---
---
---
---
---
---
---
---
---
---
---
---
---
---
---
---
---
---
---
---
---
---
---
---
---
---
---
---
---
---
---
---
---
---
---
---
---
---
---
---
Tag 2---------------
---
---
---
---
---
---
---
---
---
---
---
---
---
---
---
---
---
---
---
---
---
---
---
---
---
---
---
---
---
---
---
---
---
---
---
---
---
---
---
---
---
---
---
---
---
---
---
---
---
---
---
---
---
---
---
---
---
---
---
---
---
---
---
---
---
---
---
---
---
---
---
---
Tag 3---------------
---
---
---
---
---
---
---
---
---
---
---
---
---
---
---
---
---
---
---
---
---
---
---
---
---
---
---
---
---
---
---
---
---
---
---
---
---
---
---
---
---
---
---
---
---
---
---
---
---
---
---
---
---
---
---
---
---
---
---
---
---
---
---
---
---
---
---
---
---
---
---
---
Tag 4---------------
---
---
---
---
---
---
---
---
---
---
---
---
---
---
---
---
---
---
---
---
---
---
---
---
---
---
---
---
---
---
---
---
---
---
---
---
---
---
---
---
---
---
---
---
---
---
---
---
---
---
---
---
---
---
---
---
---
---
---
---
---
---
---
---
---
---
---
---
---
---
---
---

######################
Senger
Tag 0---------------
---
---
---
---
---
---
---
---
---
---
---
---
---
---
---
---
---
---
---
---
---
---
---
---
---
---
---
---
---
---
---
---
---
---
---
---
---
---
---
---
---
---
---
---
---
---
---
---
---
---
---
---
---
---
---
---
---
---
---
---
---
---
---
---
---
---
---
---
---
---
---
---
Tag 1---------------
---
---
---
---
---
---
---
---
---
---
---
---
---
---
---
---
---
---
---
---
---
---
---
---
---
---
---
---
---
---
---
---
---
---
---
---
---
---
---
---
---
---
---
---
---
---
---
---
---
---
---
---
---
---
---
---
---
---
---
---
---
---
---
---
---
---
---
---
---
---
---
---
Tag 2---------------
---
---
---
---
---
---
---
---
---
---
---
---
---
---
---
---
---
---
---
---
---
---
---
---
---
---
---
---
---
---
---
---
---
---
---
---
---
---
---
---
---
---
---
---
---
---
---
---
---
---
---
---
---
---
---
---
---
---
---
---
---
---
---
---
---
---
---
---
---
---
---
---
Tag 3---------------
---
---
---
---
---
---
---
---
---
---
---
---
---
---
---
---
---
---
---
---
---
---
---
---
---
---
---
---
---
---
---
---
---
---
---
---
---
---
---
---
---
---
---
---
---
---
---
---
---
---
---
---
---
---
---
---
---
---
---
---
---
---
---
---
---
---
---
---
---
---
---
---
Tag 4---------------
---
---
---
---
---
---
---
---
---
---
---
---
---
---
---
---
---
---
---
---
---
---
---
---
---
---
---
---
---
---
---
---
---
---
---
---
---
---
---
---
---
---
---
---
---
---
---
---
---
---
---
---
---
---
---
---
---
---
---
---
---
---
---
---
---
---
---
---
---
---
---
---

######################
Vogelsang
Tag 0---------------
---
---
---
---
---
---
---
---
---
---
---
---
---
---
---
---
---
---
---
---
---
---
---
---
---
---
---
---
---
---
---
---
---
---
---
---
---
---
---
---
---
---
---
---
---
---
---
---
---
---
---
---
---
---
---
---
---
---
---
---
---
---
---
---
---
---
---
---
---
---
---
---
Tag 1---------------
---
---
---
---
---
---
---
---
---
---
---
---
---
---
---
---
---
---
---
---
---
---
---
---
---
---
---
---
---
---
---
---
---
---
---
---
---
---
---
---
---
---
---
---
---
---
---
---
---
---
---
---
---
---
---
---
---
---
---
---
---
---
---
---
---
---
---
---
---
---
---
---
Tag 2---------------
---
---
---
---
---
---
---
---
---
---
---
---
---
---
---
---
---
---
---
---
---
---
---
---
---
---
---
---
---
---
---
---
---
---
---
---
---
---
---
---
---
---
---
---
---
---
---
---
---
---
---
---
---
---
---
---
---
---
---
---
---
---
---
---
---
---
---
---
---
---
---
---
Tag 3---------------
---
---
---
---
---
---
---
---
---
---
---
---
---
---
---
---
---
---
---
---
---
---
---
---
---
---
---
---
---
---
---
---
---
---
---
---
---
---
---
---
---
---
---
---
---
---
---
---
---
---
---
---
---
---
---
---
---
---
---
---
---
---
---
---
---
---
---
---
---
---
---
---
Tag 4---------------
---
---
---
---
---
---
---
---
---
---
---
---
---
---
---
---
---
---
---
---
---
---
---
---
---
---
---
---
---
---
---
---
---
---
---
---
---
---
---
---
---
---
---
---
---
---
---
---
---
---
---
---
---
---
---
---
---
---
---
---
---
---
---
---
---
---
---
---
---
---
---
---

######################
Weidner
Tag 0---------------
---
---
---
---
---
---
---
---
---
---
---
---
---
---
---
---
---
---
---
---
---
---
---
---
---
---
---
---
---
---
---
---
---
---
---
---
---
---
---
---
---
---
---
---
---
---
---
---
---
---
---
---
---
---
---
---
---
---
---
---
---
---
---
---
---
---
---
---
---
---
---
---
Tag 1---------------
---
---
---
---
---
---
---
---
---
---
---
---
---
---
---
---
---
---
---
---
---
---
---
---
---
---
---
---
---
---
---
---
---
---
---
---
---
---
---
---
---
---
---
---
---
---
---
---
---
---
---
---
---
---
---
---
---
---
---
---
---
---
---
---
---
---
---
---
---
---
---
---
Tag 2---------------
---
---
---
---
---
---
---
---
---
---
---
---
---
---
---
---
---
---
---
---
---
---
---
---
---
---
---
---
---
---
---
---
---
---
---
---
---
---
---
---
---
---
---
---
---
---
---
---
---
---
---
---
---
---
---
---
---
---
---
---
---
---
---
---
---
---
---
---
---
---
---
---
Tag 3---------------
---
---
---
---
---
---
---
---
---
---
---
---
---
---
---
---
---
---
---
---
---
---
---
---
---
---
---
---
---
---
---
---
---
---
---
---
---
---
---
---
---
---
---
---
---
---
---
---
---
---
---
---
---
---
---
---
---
---
---
---
---
---
---
---
---
---
---
---
---
---
---
---
Tag 4---------------
---
---
---
---
---
---
---
---
---
---
---
---
---
---
---
---
---
---
---
---
---
---
---
---
---
---
---
---
---
---
---
---
---
---
---
---
---
---
---
---
---
---
---
---
---
---
---
---
---
---
---
---
---
---
---
---
---
---
---
---
---
---
---
---
---
---
---
---
---
---
---
---

######################
Wirth
Tag 0---------------
---
---
---
---
---
---
---
---
---
---
---
---
---
---
---
---
---
---
---
---
---
---
---
---
---
---
---
---
---
---
---
---
---
---
---
---
---
---
---
---
---
---
---
---
---
---
---
---
---
---
---
---
---
---
---
---
---
---
---
---
---
---
---
---
---
---
---
---
---
---
---
---
Tag 1---------------
---
---
---
---
---
---
---
---
---
---
---
---
---
---
---
---
---
---
---
---
---
---
---
---
---
---
---
---
---
---
---
---
---
---
---
---
---
---
---
---
---
---
---
---
---
---
---
---
---
---
---
---
---
---
---
---
---
---
---
---
---
---
---
---
---
---
---
---
---
---
---
---
Tag 2---------------
---
---
---
---
---
---
---
---
---
---
---
---
---
---
---
---
---
---
---
---
---
---
---
---
---
---
---
---
---
---
---
---
---
---
---
---
---
---
---
---
---
---
---
---
---
---
---
---
---
---
---
---
---
---
---
---
---
---
---
---
---
---
---
---
---
---
---
---
---
---
---
---
Tag 3---------------
---
---
---
---
---
---
---
---
---
---
---
---
---
---
---
---
---
---
---
---
---
---
---
---
---
---
---
---
---
---
---
---
---
---
---
---
---
---
---
---
---
---
---
---
---
---
---
---
---
---
---
---
---
---
---
---
---
---
---
---
---
---
---
---
---
---
---
---
---
---
---
---
Tag 4---------------
---
---
---
---
---
---
---
---
---
---
---
---
---
---
---
---
---
---
---
---
---
---
---
---
---
---
---
---
---
---
---
---
---
---
---
---
---
---
---
---
---
---
---
---
---
---
---
---
---
---
---
---
---
---
---
---
---
---
---
---
---
---
---
---
---
---
---
---
---
---
---
---

######################
Zimmermann
Tag 0---------------
---
---
---
---
---
---
---
---
---
---
---
---
---
---
---
---
---
---
---
---
---
---
---
---
---
---
---
---
---
---
---
---
---
---
---
---
---
---
---
---
---
---
---
---
---
---
---
---
---
---
---
---
---
---
---
---
---
---
---
---
---
---
---
---
---
---
---
---
---
---
---
---
Tag 1---------------
---
---
---
---
---
---
---
---
---
---
---
---
---
---
---
---
---
---
---
---
---
---
---
---
---
---
---
---
---
---
---
---
---
---
---
---
---
---
---
---
---
---
---
---
---
---
---
---
---
---
---
---
---
---
---
---
---
---
---
---
---
---
---
---
---
---
---
---
---
---
---
---
Tag 2---------------
---
---
---
---
---
---
---
---
---
---
---
---
---
---
---
---
---
---
---
---
---
---
---
---
---
---
---
---
---
---
---
---
---
---
---
---
---
---
---
---
---
---
---
---
---
---
---
---
---
---
---
---
---
---
---
---
---
---
---
---
---
---
---
---
---
---
---
---
---
---
---
---
Tag 3---------------
---
---
---
---
---
---
---
---
---
---
---
---
---
---
---
---
---
---
---
---
---
---
---
---
---
---
---
---
---
---
---
---
---
---
---
---
---
---
---
---
---
---
---
---
---
---
---
---
---
---
---
---
---
---
---
---
---
---
---
---
---
---
---
---
---
---
---
---
---
---
---
---
Tag 4---------------
---
---
---
---
---
---
---
---
---
---
---
---
---
---
---
---
---
---
---
---
---
---
---
---
---
---
---
---
---
---
---
---
---
---
---
---
---
---
---
---
---
---
---
---
---
---
---
---
---
---
---
---
---
---
---
---
---
---
---
---
---
---
---
---
---
---
---
---
---
---
---
---

</DebugTrace>
      </Output>
    </UnitTestResult>
  </Results>
</TestRun>