<?xml version="1.0" encoding="UTF-8"?>
<TestRun id="79175545-7a33-4a88-991b-01ad737cf2b3" name="FloLap@FLOLAP-PC 2011-11-09 14:25:24" runUser="FloLap-PC\FloLap" xmlns="http://microsoft.com/schemas/VisualStudio/TeamTest/2010">
  <TestSettings name="Lokal" id="6ed96bb3-d821-4eee-a79d-3a3069da9890">
    <Description>Dies sind die standardmäßigen Testeinstellungen für einen lokalen Testlauf.</Description>
    <Deployment enabled="false" runDeploymentRoot="FloLap_FLOLAP-PC 2011-11-09 14_25_24">
      <DeploymentItem filename="E:\HsKA\Semester2\Projektarbeit\Stundenplangenerator\TimetablePlanner\TimetablePlanner\bin\Debug\TimetablePlanner.dll" />
    </Deployment>
    <Execution>
      <TestTypeSpecific />
      <AgentRule name="Execution Agents">
      </AgentRule>
    </Execution>
  </TestSettings>
  <Times creation="2011-11-09T14:25:24.8801696+01:00" queuing="2011-11-09T14:25:26.0656210+01:00" start="2011-11-09T14:25:26.2060213+01:00" finish="2011-11-09T14:26:40.1444490+01:00" />
  <ResultSummary outcome="Completed">
    <Counters total="1" executed="1" passed="1" error="0" failed="0" timeout="0" aborted="0" inconclusive="0" passedButRunAborted="0" notRunnable="0" notExecuted="0" disconnected="0" warning="0" completed="0" inProgress="0" pending="0" />
  </ResultSummary>
  <TestDefinitions>
    <UnitTest name="TimetableManualTester" storage="e:\hska\semester2\projektarbeit\stundenplangenerator\timetableplanner\timetableplannertests\bin\debug\timetableplannertests.dll" id="3ada0cc6-2a4d-2d63-7d9f-97d4d443b0f3">
      <Execution id="272eb254-06fa-4039-9a02-0c3e719717d5" />
      <TestMethod codeBase="E:/HsKA/Semester2/Projektarbeit/Stundenplangenerator/TimetablePlanner/TimetablePlannerTests/bin/Debug/TimetablePlannerTests.DLL" adapterTypeName="Microsoft.VisualStudio.TestTools.TestTypes.Unit.UnitTestAdapter, Microsoft.VisualStudio.QualityTools.Tips.UnitTest.Adapter, Version=10.0.0.0, Culture=neutral, PublicKeyToken=b03f5f7f11d50a3a" className="TimetablePlannerTests.TimetableTest, TimetablePlannerTests, Version=1.0.0.0, Culture=neutral, PublicKeyToken=null" name="TimetableManualTester" />
    </UnitTest>
  </TestDefinitions>
  <TestLists>
    <TestList name="Nicht in einer Liste enthaltene Ergebnisse" id="8c84fa94-04c1-424b-9868-57a2d4851a1d" />
    <TestList name="Alle geladenen Ergebnisse" id="19431567-8539-422a-85d7-44ee4e166bda" />
  </TestLists>
  <TestEntries>
    <TestEntry testId="3ada0cc6-2a4d-2d63-7d9f-97d4d443b0f3" executionId="272eb254-06fa-4039-9a02-0c3e719717d5" testListId="8c84fa94-04c1-424b-9868-57a2d4851a1d" />
  </TestEntries>
  <Results>
    <UnitTestResult executionId="272eb254-06fa-4039-9a02-0c3e719717d5" testId="3ada0cc6-2a4d-2d63-7d9f-97d4d443b0f3" testName="TimetableManualTester" computerName="FLOLAP-PC" duration="00:01:12.4011517" startTime="2011-11-09T14:25:26.3498226+01:00" endTime="2011-11-09T14:26:40.0352488+01:00" testType="13cdc9d9-ddb5-4fa4-a97d-d965ccfc6d4b" outcome="Passed" testListId="8c84fa94-04c1-424b-9868-57a2d4851a1d" relativeResultsDirectory="272eb254-06fa-4039-9a02-0c3e719717d5">
      <Output>
        <DebugTrace>Individual 3 created.
Individual 0 created.
Individual 5 created.
Individual 1 created.
Individual 2 created.
Individual 7 created.
Individual 4 created.
Individual 10 created.
Individual 9 created.
Individual 8 created.
Individual 11 created.
Individual 14 created.
Individual 13 created.
Individual 12 created.
Individual 15 created.
Individual 17 created.
Individual 6 created.
Individual 18 created.
Individual 16 created.
Individual 19 created.
Individual 20 created.
Individual 22 created.
Individual 23 created.
Individual 21 created.
Individual 24 created.
Generation 0 finished with best fitness of 1880.
Generation 1 finished with best fitness of 1970.
Generation 2 finished with best fitness of 2090.
Generation 3 finished with best fitness of 2090.
Generation 4 finished with best fitness of 2220.
Generation 5 finished with best fitness of 2250.
Generation 6 finished with best fitness of 2370.
Generation 7 finished with best fitness of 2430.
Generation 8 finished with best fitness of 2460.
Generation 9 finished with best fitness of 2480.
Generation 10 finished with best fitness of 2540.
Generation 11 finished with best fitness of 2600.
Generation 12 finished with best fitness of 2750.
Generation 13 finished with best fitness of 2750.
Generation 14 finished with best fitness of 2760.
Generation 15 finished with best fitness of 2850.
Generation 16 finished with best fitness of 2900.
Generation 17 finished with best fitness of 2900.
Generation 18 finished with best fitness of 3080.
Generation 19 finished with best fitness of 3110.
Generation 20 finished with best fitness of 3170.
Generation 21 finished with best fitness of 3260.
Generation 22 finished with best fitness of 3350.
Generation 23 finished with best fitness of 3370.
Generation 24 finished with best fitness of 3390.
Generation 25 finished with best fitness of 3400.
Generation 26 finished with best fitness of 3430.
Generation 27 finished with best fitness of 3440.
Generation 28 finished with best fitness of 3480.
Generation 29 finished with best fitness of 3560.
Generation 30 finished with best fitness of 3660.
Generation 31 finished with best fitness of 3750.
Generation 32 finished with best fitness of 3750.
Generation 33 finished with best fitness of 3750.
Generation 34 finished with best fitness of 3750.
Generation 35 finished with best fitness of 3840.
Generation 36 finished with best fitness of 3950.
Generation 37 finished with best fitness of 4030.
Generation 38 finished with best fitness of 4030.
Generation 39 finished with best fitness of 4040.
Generation 40 finished with best fitness of 4130.
Generation 41 finished with best fitness of 4180.
Generation 42 finished with best fitness of 4180.
Generation 43 finished with best fitness of 4250.
Generation 44 finished with best fitness of 4360.
Generation 45 finished with best fitness of 4390.
Generation 46 finished with best fitness of 4480.
Generation 47 finished with best fitness of 4480.
Generation 48 finished with best fitness of 4480.
Generation 49 finished with best fitness of 4540.
Generation 50 finished with best fitness of 4550.
Generation 51 finished with best fitness of 4550.
Generation 52 finished with best fitness of 4610.
Generation 53 finished with best fitness of 4610.
Generation 54 finished with best fitness of 4610.
Generation 55 finished with best fitness of 4610.
Generation 56 finished with best fitness of 4610.
Generation 57 finished with best fitness of 4770.
Generation 58 finished with best fitness of 4830.
Generation 59 finished with best fitness of 4830.
Generation 60 finished with best fitness of 4850.
Generation 61 finished with best fitness of 4850.
Generation 62 finished with best fitness of 4880.
Generation 63 finished with best fitness of 4890.
Generation 64 finished with best fitness of 4920.
Generation 65 finished with best fitness of 5000.
Generation 66 finished with best fitness of 5100.
Generation 67 finished with best fitness of 5100.
Generation 68 finished with best fitness of 5130.
Generation 69 finished with best fitness of 5130.
Generation 70 finished with best fitness of 5160.
Generation 71 finished with best fitness of 5180.
Generation 72 finished with best fitness of 5240.
Generation 73 finished with best fitness of 5240.
Generation 74 finished with best fitness of 5240.
Generation 75 finished with best fitness of 5240.
Generation 76 finished with best fitness of 5280.
Generation 77 finished with best fitness of 5280.
Generation 78 finished with best fitness of 5290.
Generation 79 finished with best fitness of 5360.
Generation 80 finished with best fitness of 5370.
Generation 81 finished with best fitness of 5440.
Generation 82 finished with best fitness of 5440.
Generation 83 finished with best fitness of 5490.
Generation 84 finished with best fitness of 5490.
Generation 85 finished with best fitness of 5520.
Generation 86 finished with best fitness of 5520.
Generation 87 finished with best fitness of 5520.
Generation 88 finished with best fitness of 5610.
Generation 89 finished with best fitness of 5610.
Generation 90 finished with best fitness of 5610.
Generation 91 finished with best fitness of 5630.
Generation 92 finished with best fitness of 5630.
Generation 93 finished with best fitness of 5690.
Generation 94 finished with best fitness of 5690.
Generation 95 finished with best fitness of 5690.
Generation 96 finished with best fitness of 5720.
Generation 97 finished with best fitness of 5720.
Generation 98 finished with best fitness of 5720.
Generation 99 finished with best fitness of 5720.
Generation 100 finished with best fitness of 5780.
Generation 101 finished with best fitness of 5810.
Generation 102 finished with best fitness of 5810.
Generation 103 finished with best fitness of 5810.
Generation 104 finished with best fitness of 5810.
Generation 105 finished with best fitness of 5900.
Generation 106 finished with best fitness of 5900.
Generation 107 finished with best fitness of 5900.
Generation 108 finished with best fitness of 5900.
Generation 109 finished with best fitness of 5920.
Generation 110 finished with best fitness of 5920.
Generation 111 finished with best fitness of 5940.
Generation 112 finished with best fitness of 6000.
Generation 113 finished with best fitness of 6000.
Generation 114 finished with best fitness of 6000.
Generation 115 finished with best fitness of 6020.
Generation 116 finished with best fitness of 6070.
Generation 117 finished with best fitness of 6200.
Generation 118 finished with best fitness of 6200.
Generation 119 finished with best fitness of 6200.
Generation 120 finished with best fitness of 6200.
Generation 121 finished with best fitness of 6200.
Generation 122 finished with best fitness of 6220.
Generation 123 finished with best fitness of 6220.
Generation 124 finished with best fitness of 6220.
Generation 125 finished with best fitness of 6310.
Generation 126 finished with best fitness of 6310.
Generation 127 finished with best fitness of 6310.
Generation 128 finished with best fitness of 6310.
Generation 129 finished with best fitness of 6310.
Generation 130 finished with best fitness of 6310.
Generation 131 finished with best fitness of 6310.
Generation 132 finished with best fitness of 6320.
Generation 133 finished with best fitness of 6360.
Generation 134 finished with best fitness of 6360.
Generation 135 finished with best fitness of 6360.
Generation 136 finished with best fitness of 6400.
Generation 137 finished with best fitness of 6400.
Generation 138 finished with best fitness of 6400.
Generation 139 finished with best fitness of 6400.
Generation 140 finished with best fitness of 6400.
Generation 141 finished with best fitness of 6400.
Generation 142 finished with best fitness of 6420.
Generation 143 finished with best fitness of 6450.
Generation 144 finished with best fitness of 6450.
Generation 145 finished with best fitness of 6460.
Generation 146 finished with best fitness of 6480.
Generation 147 finished with best fitness of 6480.
Generation 148 finished with best fitness of 6480.
Generation 149 finished with best fitness of 6480.
Generation 150 finished with best fitness of 6570.
Generation 151 finished with best fitness of 6570.
Generation 152 finished with best fitness of 6570.
Generation 153 finished with best fitness of 6570.
Generation 154 finished with best fitness of 6570.
Generation 155 finished with best fitness of 6590.
Generation 156 finished with best fitness of 6590.
Generation 157 finished with best fitness of 6610.
Generation 158 finished with best fitness of 6610.
Generation 159 finished with best fitness of 6610.
Generation 160 finished with best fitness of 6630.
Generation 161 finished with best fitness of 6630.
Generation 162 finished with best fitness of 6630.
Generation 163 finished with best fitness of 6640.
Generation 164 finished with best fitness of 6690.
Generation 165 finished with best fitness of 6700.
Generation 166 finished with best fitness of 6700.
Generation 167 finished with best fitness of 6700.
Generation 168 finished with best fitness of 6700.
Generation 169 finished with best fitness of 6700.
Generation 170 finished with best fitness of 6710.
Generation 171 finished with best fitness of 6710.
Generation 172 finished with best fitness of 6710.
Generation 173 finished with best fitness of 6740.
Generation 174 finished with best fitness of 6760.
Generation 175 finished with best fitness of 6760.
Generation 176 finished with best fitness of 6780.
Generation 177 finished with best fitness of 6840.
Generation 178 finished with best fitness of 6840.
Generation 179 finished with best fitness of 6840.
Generation 180 finished with best fitness of 6840.
Generation 181 finished with best fitness of 6840.
Generation 182 finished with best fitness of 6840.
Generation 183 finished with best fitness of 6880.
Generation 184 finished with best fitness of 6940.
Generation 185 finished with best fitness of 6940.
Generation 186 finished with best fitness of 6940.
Generation 187 finished with best fitness of 6940.
Generation 188 finished with best fitness of 6940.
Generation 189 finished with best fitness of 6940.
Generation 190 finished with best fitness of 6940.
Generation 191 finished with best fitness of 6940.
Generation 192 finished with best fitness of 6980.
Generation 193 finished with best fitness of 6980.
Generation 194 finished with best fitness of 6980.
Generation 195 finished with best fitness of 6980.
Generation 196 finished with best fitness of 6980.
Generation 197 finished with best fitness of 6980.
Generation 198 finished with best fitness of 6980.
Generation 199 finished with best fitness of 6980.
Generation 200 finished with best fitness of 6980.
Generation 201 finished with best fitness of 6980.
Generation 202 finished with best fitness of 6980.
Generation 203 finished with best fitness of 6980.
Generation 204 finished with best fitness of 6980.
Generation 205 finished with best fitness of 6980.
Generation 206 finished with best fitness of 6980.
Generation 207 finished with best fitness of 7010.
Generation 208 finished with best fitness of 7010.
Generation 209 finished with best fitness of 7040.
Generation 210 finished with best fitness of 7110.
Generation 211 finished with best fitness of 7110.
Generation 212 finished with best fitness of 7200.
Generation 213 finished with best fitness of 7200.
Generation 214 finished with best fitness of 7210.
Generation 215 finished with best fitness of 7210.
Generation 216 finished with best fitness of 7210.
Generation 217 finished with best fitness of 7210.
Generation 218 finished with best fitness of 7210.
Generation 219 finished with best fitness of 7210.
Generation 220 finished with best fitness of 7210.
Generation 221 finished with best fitness of 7210.
Generation 222 finished with best fitness of 7210.
Generation 223 finished with best fitness of 7210.
Generation 224 finished with best fitness of 7210.
Generation 225 finished with best fitness of 7210.
Generation 226 finished with best fitness of 7210.
Generation 227 finished with best fitness of 7230.
Generation 228 finished with best fitness of 7230.
Generation 229 finished with best fitness of 7230.
Generation 230 finished with best fitness of 7230.
Generation 231 finished with best fitness of 7240.
Generation 232 finished with best fitness of 7240.
Generation 233 finished with best fitness of 7280.
Generation 234 finished with best fitness of 7280.
Generation 235 finished with best fitness of 7280.
Generation 236 finished with best fitness of 7280.
Generation 237 finished with best fitness of 7280.
Generation 238 finished with best fitness of 7280.
Generation 239 finished with best fitness of 7280.
Generation 240 finished with best fitness of 7280.
Generation 241 finished with best fitness of 7280.
Generation 242 finished with best fitness of 7280.
Generation 243 finished with best fitness of 7280.
Generation 244 finished with best fitness of 7280.
Generation 245 finished with best fitness of 7280.
Generation 246 finished with best fitness of 7330.
Generation 247 finished with best fitness of 7330.
Generation 248 finished with best fitness of 7330.
Generation 249 finished with best fitness of 7330.
Generation 250 finished with best fitness of 7330.
Generation 251 finished with best fitness of 7330.
Generation 252 finished with best fitness of 7330.
Generation 253 finished with best fitness of 7360.
Generation 254 finished with best fitness of 7360.
Generation 255 finished with best fitness of 7360.
Generation 256 finished with best fitness of 7360.
Generation 257 finished with best fitness of 7360.
Generation 258 finished with best fitness of 7390.
Generation 259 finished with best fitness of 7390.
Generation 260 finished with best fitness of 7390.
Generation 261 finished with best fitness of 7390.
Generation 262 finished with best fitness of 7390.
Generation 263 finished with best fitness of 7390.
Generation 264 finished with best fitness of 7390.
Generation 265 finished with best fitness of 7390.
Generation 266 finished with best fitness of 7390.
Generation 267 finished with best fitness of 7390.
Generation 268 finished with best fitness of 7390.
Generation 269 finished with best fitness of 7390.
Generation 270 finished with best fitness of 7390.
Generation 271 finished with best fitness of 7450.
Generation 272 finished with best fitness of 7450.
Generation 273 finished with best fitness of 7450.
Generation 274 finished with best fitness of 7450.
Generation 275 finished with best fitness of 7450.
Generation 276 finished with best fitness of 7450.
Generation 277 finished with best fitness of 7450.
Generation 278 finished with best fitness of 7450.
Generation 279 finished with best fitness of 7450.
Generation 280 finished with best fitness of 7470.
Generation 281 finished with best fitness of 7470.
Generation 282 finished with best fitness of 7470.
Generation 283 finished with best fitness of 7510.
Generation 284 finished with best fitness of 7510.
Generation 285 finished with best fitness of 7510.
Generation 286 finished with best fitness of 7510.
Generation 287 finished with best fitness of 7510.
Generation 288 finished with best fitness of 7510.
Generation 289 finished with best fitness of 7540.
Generation 290 finished with best fitness of 7540.
Generation 291 finished with best fitness of 7540.
Generation 292 finished with best fitness of 7540.
Generation 293 finished with best fitness of 7540.
Generation 294 finished with best fitness of 7550.
Generation 295 finished with best fitness of 7570.
Generation 296 finished with best fitness of 7570.
Generation 297 finished with best fitness of 7570.
Generation 298 finished with best fitness of 7570.
Generation 299 finished with best fitness of 7570.
Generation 300 finished with best fitness of 7600.
Generation 301 finished with best fitness of 7600.
Generation 302 finished with best fitness of 7600.
Generation 303 finished with best fitness of 7600.
Generation 304 finished with best fitness of 7600.
Generation 305 finished with best fitness of 7630.
Generation 306 finished with best fitness of 7630.
Generation 307 finished with best fitness of 7630.
Generation 308 finished with best fitness of 7630.
Generation 309 finished with best fitness of 7630.
Generation 310 finished with best fitness of 7630.
Generation 311 finished with best fitness of 7630.
Generation 312 finished with best fitness of 7630.
Generation 313 finished with best fitness of 7630.
Generation 314 finished with best fitness of 7630.
Generation 315 finished with best fitness of 7630.
Generation 316 finished with best fitness of 7630.
Generation 317 finished with best fitness of 7630.
Generation 318 finished with best fitness of 7630.
Generation 319 finished with best fitness of 7640.
Generation 320 finished with best fitness of 7640.
Generation 321 finished with best fitness of 7640.
Generation 322 finished with best fitness of 7640.
Generation 323 finished with best fitness of 7640.
Generation 324 finished with best fitness of 7640.
Generation 325 finished with best fitness of 7640.
Generation 326 finished with best fitness of 7640.
Generation 327 finished with best fitness of 7680.
Generation 328 finished with best fitness of 7680.
Generation 329 finished with best fitness of 7700.
Generation 330 finished with best fitness of 7710.
Generation 331 finished with best fitness of 7710.
Generation 332 finished with best fitness of 7710.
Generation 333 finished with best fitness of 7710.
Generation 334 finished with best fitness of 7710.
Generation 335 finished with best fitness of 7710.
Generation 336 finished with best fitness of 7710.
Generation 337 finished with best fitness of 7740.
Generation 338 finished with best fitness of 7740.
Generation 339 finished with best fitness of 7740.
Generation 340 finished with best fitness of 7740.
Generation 341 finished with best fitness of 7740.
Generation 342 finished with best fitness of 7740.
Generation 343 finished with best fitness of 7740.
Generation 344 finished with best fitness of 7740.
Generation 345 finished with best fitness of 7740.
Generation 346 finished with best fitness of 7740.
Generation 347 finished with best fitness of 7740.
Generation 348 finished with best fitness of 7740.
Generation 349 finished with best fitness of 7740.
Generation 350 finished with best fitness of 7740.
Generation 351 finished with best fitness of 7780.
Generation 352 finished with best fitness of 7780.
Generation 353 finished with best fitness of 7780.
Generation 354 finished with best fitness of 7780.
Generation 355 finished with best fitness of 7780.
Generation 356 finished with best fitness of 7780.
Generation 357 finished with best fitness of 7780.
Generation 358 finished with best fitness of 7780.
Generation 359 finished with best fitness of 7780.
Generation 360 finished with best fitness of 7810.
Generation 361 finished with best fitness of 7810.
Generation 362 finished with best fitness of 7810.
Generation 363 finished with best fitness of 7810.
Generation 364 finished with best fitness of 7810.
Generation 365 finished with best fitness of 7810.
Generation 366 finished with best fitness of 7810.
Generation 367 finished with best fitness of 7810.
Generation 368 finished with best fitness of 7810.
Generation 369 finished with best fitness of 7810.
Generation 370 finished with best fitness of 7810.
Generation 371 finished with best fitness of 7810.
Generation 372 finished with best fitness of 7830.
Generation 373 finished with best fitness of 7830.
Generation 374 finished with best fitness of 7830.
Generation 375 finished with best fitness of 7830.
Generation 376 finished with best fitness of 7830.
Generation 377 finished with best fitness of 7890.
Generation 378 finished with best fitness of 7890.
Generation 379 finished with best fitness of 7890.
Generation 380 finished with best fitness of 7890.
Generation 381 finished with best fitness of 7890.
Generation 382 finished with best fitness of 7890.
Generation 383 finished with best fitness of 7890.
Generation 384 finished with best fitness of 7890.
Generation 385 finished with best fitness of 7890.
Generation 386 finished with best fitness of 7890.
Generation 387 finished with best fitness of 7890.
Generation 388 finished with best fitness of 7890.
Generation 389 finished with best fitness of 7890.
Generation 390 finished with best fitness of 7890.
Generation 391 finished with best fitness of 7890.
Generation 392 finished with best fitness of 7940.
Generation 393 finished with best fitness of 7940.
Generation 394 finished with best fitness of 7940.
Generation 395 finished with best fitness of 7940.
Generation 396 finished with best fitness of 7940.
Generation 397 finished with best fitness of 7940.
Generation 398 finished with best fitness of 7940.
Generation 399 finished with best fitness of 7960.
Generation 400 finished with best fitness of 7960.
Generation 401 finished with best fitness of 7960.
Generation 402 finished with best fitness of 7960.
Generation 403 finished with best fitness of 7960.
Generation 404 finished with best fitness of 8010.
Generation 405 finished with best fitness of 8010.
Generation 406 finished with best fitness of 8010.
Generation 407 finished with best fitness of 8010.
Generation 408 finished with best fitness of 8010.
Generation 409 finished with best fitness of 8010.
Generation 410 finished with best fitness of 8010.
Generation 411 finished with best fitness of 8010.
Generation 412 finished with best fitness of 8010.
Generation 413 finished with best fitness of 8010.
Generation 414 finished with best fitness of 8010.
Generation 415 finished with best fitness of 8050.
Generation 416 finished with best fitness of 8050.
Generation 417 finished with best fitness of 8050.
Generation 418 finished with best fitness of 8050.
Generation 419 finished with best fitness of 8050.
Generation 420 finished with best fitness of 8050.
Generation 421 finished with best fitness of 8050.
Generation 422 finished with best fitness of 8050.
Generation 423 finished with best fitness of 8050.
Generation 424 finished with best fitness of 8050.
Generation 425 finished with best fitness of 8050.
Generation 426 finished with best fitness of 8050.
Generation 427 finished with best fitness of 8050.
Generation 428 finished with best fitness of 8050.
Generation 429 finished with best fitness of 8050.
Generation 430 finished with best fitness of 8050.
Generation 431 finished with best fitness of 8050.
Generation 432 finished with best fitness of 8050.
Evolution finished after 13,8833407 seconds.
</DebugTrace>
      </Output>
    </UnitTestResult>
  </Results>
</TestRun>