<?xml version="1.0" encoding="UTF-8"?>
<TestRun id="26d1543b-750a-4e90-be71-eb8364305bbd" name="FloLap@FLOLAP-PC 2011-10-28 10:37:08" runUser="FloLap-PC\FloLap" xmlns="http://microsoft.com/schemas/VisualStudio/TeamTest/2010">
  <TestSettings name="Lokal" id="6ed96bb3-d821-4eee-a79d-3a3069da9890">
    <Description>Dies sind die standardmäßigen Testeinstellungen für einen lokalen Testlauf.</Description>
    <Deployment enabled="false" runDeploymentRoot="FloLap_FLOLAP-PC 2011-10-28 10_37_08">
      <DeploymentItem filename="E:\HsKA\Semester2\Projektarbeit\Stundenplangenerator\TimetablePlanner\TimetablePlanner\bin\Debug\TimetablePlanner.dll" />
    </Deployment>
    <Execution>
      <TestTypeSpecific />
      <AgentRule name="Execution Agents">
      </AgentRule>
    </Execution>
  </TestSettings>
  <Times creation="2011-10-28T10:37:08.5907477+02:00" queuing="2011-10-28T10:37:09.5851968+02:00" start="2011-10-28T10:37:09.6832024+02:00" finish="2011-10-28T10:41:14.3078097+02:00" />
  <ResultSummary outcome="Failed">
    <Counters total="1" executed="1" error="0" failed="1" timeout="0" aborted="0" inconclusive="0" passedButRunAborted="0" notRunnable="0" notExecuted="0" disconnected="0" warning="0" passed="0" completed="0" inProgress="0" pending="0" />
  </ResultSummary>
  <TestDefinitions>
    <UnitTest name="TimetableManualTester" storage="e:\hska\semester2\projektarbeit\stundenplangenerator\timetableplanner\timetableplannertests\bin\debug\timetableplannertests.dll" id="3ada0cc6-2a4d-2d63-7d9f-97d4d443b0f3">
      <Execution id="8d9d9b2f-8f48-4799-965f-bcd4335199a2" />
      <TestMethod codeBase="E:/HsKA/Semester2/Projektarbeit/Stundenplangenerator/TimetablePlanner/TimetablePlannerTests/bin/Debug/TimetablePlannerTests.DLL" adapterTypeName="Microsoft.VisualStudio.TestTools.TestTypes.Unit.UnitTestAdapter, Microsoft.VisualStudio.QualityTools.Tips.UnitTest.Adapter, Version=10.0.0.0, Culture=neutral, PublicKeyToken=b03f5f7f11d50a3a" className="TimetablePlannerTests.TimetableTest, TimetablePlannerTests, Version=1.0.0.0, Culture=neutral, PublicKeyToken=null" name="TimetableManualTester" />
    </UnitTest>
  </TestDefinitions>
  <TestLists>
    <TestList name="Nicht in einer Liste enthaltene Ergebnisse" id="8c84fa94-04c1-424b-9868-57a2d4851a1d" />
    <TestList name="Alle geladenen Ergebnisse" id="19431567-8539-422a-85d7-44ee4e166bda" />
  </TestLists>
  <TestEntries>
    <TestEntry testId="3ada0cc6-2a4d-2d63-7d9f-97d4d443b0f3" executionId="8d9d9b2f-8f48-4799-965f-bcd4335199a2" testListId="8c84fa94-04c1-424b-9868-57a2d4851a1d" />
  </TestEntries>
  <Results>
    <UnitTestResult executionId="8d9d9b2f-8f48-4799-965f-bcd4335199a2" testId="3ada0cc6-2a4d-2d63-7d9f-97d4d443b0f3" testName="TimetableManualTester" computerName="FLOLAP-PC" duration="00:04:03.2117667" startTime="2011-10-28T10:37:09.7442059+02:00" endTime="2011-10-28T10:41:14.1898029+02:00" testType="13cdc9d9-ddb5-4fa4-a97d-d965ccfc6d4b" outcome="Failed" testListId="8c84fa94-04c1-424b-9868-57a2d4851a1d" relativeResultsDirectory="8d9d9b2f-8f48-4799-965f-bcd4335199a2">
      <Output>
        <DebugTrace>Time to create population of size 50: 20513ms
3670
3530
3070
3000
2680
2570
2470
2420
2370
2360
2350
2270
2270
2240
2210
2170
2150
2130
2100
1970
1860
1860
1830
1800
1790
1770
1770
1760
1740
1720
1690
1630
1430
1390
1360
1340
1320
1320
1250
1200
1160
1050
990
990
920
770
680
590
450
40
Mean time per generation: 393ms
Mean fitness increase per generation
583
331
364
349
226
151
113
96
120
100
108
80
96
104
88
80
57
51
73
63
81
55
73
76
73
102
77
66
65
70
52
63
42
73
58
68
69
59
37
44
49
73
69
59
52
47
68
66
54
26
27
32
49
46
46
40
32
31
41
55
67
57
44
44
47
51
43
46
41
34
26
23
24
19
12
20
33
21
42
39
28
31
39
32
37
33
29
44
22
21
28
28
30
34
27
40
28
37
39
19
17
33
22
20
43
22
29
15
28
15
19
16
16
11
20
14
12
14
11
22
24
19
22
28
16
36
20
31
26
24
13
25
21
14
16
25
25
21
33
21
17
17
20
13
10
7
13
7
17
14
12
13
16
18
11
15
9
11
9
18
20
29
17
18
16
14
11
12
13
17
16
11
17
20
12
6
14
13
9
13
14
14
17
12
18
12
13
13
21
17
10
20
12
10
12
17
9
22
20
13
10
21
12
9
16
13
15
13
21
17
10
3
7
16
7
12
11
14
13
9
6
6
9
13
15
11
13
7
18
13
8
18
17
20
11
17
13
11
10
7
14
7
9
9
12
2
5
7
5
5
2
2
6
7
7
4
10
12
12
9
13
11
7
9
6
11
16
10
7
5
7
5
7
5
7
3
2
2
7
1
3
8
3
5
5
15
7
8
9
5
13
4
4
7
5
11
9
6
7
9
6
8
11
12
4
9
14
6
8
9
13
4
7
9
12
6
3
7
10
7
8
5
3
5
4
4
1
2
4
5
6
1
5
3
7
2
9
5
4
7
1
3
2
5
9
6
5
7
5
9
6
5
10
1
2
11
8
6
14
15
9
7
11
8
10
7
14
8
11
13
10
10
9
9
1
3
3
2
3
3
3
1
1
3
6
4
3
2
1
0
3
4
3
5
6
1
1
8
3
1
4
0
1
5
1
6
1
4
1
4
2
3
2
3
5
0
5
2
2
3
7
2
7
8
2
3
5
2
3
4
3
3
3
2
3
1
6
2
5
4
4
7
8
3
5
1
3
1
1
3
8
5
6
3
4
2
0
3
4
2
3
3
5
1
0
2
1
1
0
2
2
2
2
4
2
2
0
1
1
1
1
2
2
1
0
0
3
0
2
0
3
2
3
0
2
2
0
2
4
2
0
8
3
2
1
2
4
5
6
5
2
1
4
3
1
1
8
3
2
3
1
2
0
4
2
3
4
2
0
0
0
1
1
0
1
2
0
1
3
2
0
1
Evolution time: 213171ms
12300
12280
12280
12260
12260
12260
12260
12260
12260
12260
12250
12240
12240
12240
12240
12240
12240
12240
12240
12240
12240
12240
12240
12240
12240
12240
12240
12240
12240
12240
12240
12240
12240
12240
12240
12240
12240
12240
12240
12240
12240
12240
12240
12240
12240
12240
12240
12240
12240
12240
</DebugTrace>
        <ErrorInfo>
          <Message>Die TimetablePlannerTests.TimetableTest.TimetableManualTester-Testmethode hat eine Ausnahme ausgelöst: System.IO.IOException: Der Prozess kann nicht auf die Datei "E:\HsKA\Semester2\Projektarbeit\Stundenplangenerator\TimetablePlanner\TimetablePlannerTests\outputtest.csv" zugreifen, da sie von einem anderen Prozess verwendet wird.</Message>
          <StackTrace>    bei System.IO.__Error.WinIOError(Int32 errorCode, String maybeFullPath)
   bei System.IO.FileStream.Init(String path, FileMode mode, FileAccess access, Int32 rights, Boolean useRights, FileShare share, Int32 bufferSize, FileOptions options, SECURITY_ATTRIBUTES secAttrs, String msgPath, Boolean bFromProxy, Boolean useLongPath)
   bei System.IO.FileStream..ctor(String path, FileMode mode, FileAccess access, FileShare share, Int32 bufferSize, FileOptions options)
   bei System.IO.StreamWriter.CreateFile(String path, Boolean append)
   bei System.IO.StreamWriter..ctor(String path, Boolean append, Encoding encoding, Int32 bufferSize)
   bei System.IO.StreamWriter..ctor(String path, Boolean append, Encoding encoding)
   bei System.IO.File.InternalWriteAllText(String path, String contents, Encoding encoding)
   bei System.IO.File.WriteAllText(String path, String contents)
   bei TimetablePlanner.TimetableExportCSV.WriteCSV(String filePath, List`1 output)
   bei TimetablePlanner.TimetableExportCSV.ExportAll(Individual individual, TimetableData ttData, String filePath)
   bei TimetablePlannerTests.TimetableTest.TimetableManualTester() in E:\HsKA\Semester2\Projektarbeit\Stundenplangenerator\TimetablePlanner\TimetablePlannerTests\TimetableDataReaderTest.cs:Zeile 50.
</StackTrace>
        </ErrorInfo>
      </Output>
    </UnitTestResult>
  </Results>
</TestRun>