<?xml version="1.0" encoding="UTF-8"?>
<TestRun id="2bfbb598-0f2c-4a05-885b-b62d9ea1c4bc" name="FloLap@FLOLAP-PC 2011-10-21 22:18:09" runUser="FloLap-PC\FloLap" xmlns="http://microsoft.com/schemas/VisualStudio/TeamTest/2010">
  <TestSettings name="Lokal" id="6ed96bb3-d821-4eee-a79d-3a3069da9890">
    <Description>Dies sind die standardmäßigen Testeinstellungen für einen lokalen Testlauf.</Description>
    <Deployment enabled="false" runDeploymentRoot="FloLap_FLOLAP-PC 2011-10-21 22_18_09">
      <DeploymentItem filename="E:\HsKA\Semester2\Projektarbeit\Stundenplangenerator\TimetablePlanner\TimetablePlanner\bin\Debug\TimetablePlanner.dll" />
    </Deployment>
    <Execution>
      <TestTypeSpecific />
      <AgentRule name="Execution Agents">
      </AgentRule>
    </Execution>
  </TestSettings>
  <Times creation="2011-10-21T22:18:09.9621742+02:00" queuing="2011-10-21T22:18:10.9917760+02:00" start="2011-10-21T22:18:11.0853761+02:00" finish="2011-10-21T22:18:22.4109960+02:00" />
  <ResultSummary outcome="Completed">
    <Counters total="1" executed="1" passed="1" error="0" failed="0" timeout="0" aborted="0" inconclusive="0" passedButRunAborted="0" notRunnable="0" notExecuted="0" disconnected="0" warning="0" completed="0" inProgress="0" pending="0" />
  </ResultSummary>
  <TestDefinitions>
    <UnitTest name="TimetableManualTester" storage="e:\hska\semester2\projektarbeit\stundenplangenerator\timetableplanner\timetableplannertests\bin\debug\timetableplannertests.dll" id="3ada0cc6-2a4d-2d63-7d9f-97d4d443b0f3">
      <Execution id="11db195f-f4ba-4a30-8b82-1bb6f4e01202" />
      <TestMethod codeBase="E:/HsKA/Semester2/Projektarbeit/Stundenplangenerator/TimetablePlanner/TimetablePlannerTests/bin/Debug/TimetablePlannerTests.DLL" adapterTypeName="Microsoft.VisualStudio.TestTools.TestTypes.Unit.UnitTestAdapter, Microsoft.VisualStudio.QualityTools.Tips.UnitTest.Adapter, Version=10.0.0.0, Culture=neutral, PublicKeyToken=b03f5f7f11d50a3a" className="TimetablePlannerTests.TimetableTest, TimetablePlannerTests, Version=1.0.0.0, Culture=neutral, PublicKeyToken=null" name="TimetableManualTester" />
    </UnitTest>
  </TestDefinitions>
  <TestLists>
    <TestList name="Nicht in einer Liste enthaltene Ergebnisse" id="8c84fa94-04c1-424b-9868-57a2d4851a1d" />
    <TestList name="Alle geladenen Ergebnisse" id="19431567-8539-422a-85d7-44ee4e166bda" />
  </TestLists>
  <TestEntries>
    <TestEntry testId="3ada0cc6-2a4d-2d63-7d9f-97d4d443b0f3" executionId="11db195f-f4ba-4a30-8b82-1bb6f4e01202" testListId="8c84fa94-04c1-424b-9868-57a2d4851a1d" />
  </TestEntries>
  <Results>
    <UnitTestResult executionId="11db195f-f4ba-4a30-8b82-1bb6f4e01202" testId="3ada0cc6-2a4d-2d63-7d9f-97d4d443b0f3" testName="TimetableManualTester" computerName="FLOLAP-PC" duration="00:00:09.9692746" startTime="2011-10-21T22:18:11.1477762+02:00" endTime="2011-10-21T22:18:22.3329959+02:00" testType="13cdc9d9-ddb5-4fa4-a97d-d965ccfc6d4b" outcome="Passed" testListId="8c84fa94-04c1-424b-9868-57a2d4851a1d" relativeResultsDirectory="11db195f-f4ba-4a30-8b82-1bb6f4e01202">
      <Output>
        <DebugTrace>Time to create population of size 75: 624ms
1530
1310
1230
1190
1040
1040
1040
1020
1010
930
920
890
880
880
880
860
850
850
850
820
800
780
720
710
710
690
680
680
670
670
630
600
600
570
550
550
540
530
470
470
460
430
420
400
390
380
380
340
260
230
220
200
150
140
70
20
10
-50
-150
-160
-180
-230
-240
-280
-320
-400
-410
-460
-500
-560
-620
-870
-870
-1270
-1580
Early abort after 166 generations.
Mean time per generation: 42ms
Mean fitness increase per generation
473
184
126
114
121
97
86
39
45
41
31
45
38
45
38
35
34
43
38
38
42
23
35
25
30
20
28
23
27
24
21
22
24
30
32
29
31
24
20
19
18
14
20
12
13
7
14
16
19
25
20
29
26
25
16
15
19
11
14
10
10
11
14
7
8
10
10
8
7
13
3
4
12
7
10
7
11
10
12
6
4
12
5
7
8
8
11
10
4
2
5
6
3
2
3
4
2
4
2
3
2
2
4
2
5
7
6
3
4
4
3
2
6
5
4
4
6
4
3
3
5
7
1
5
4
5
4
2
3
3
3
2
4
3
4
3
4
2
4
2
3
2
1
1
1
2
1
2
2
2
2
2
2
1
0
1
0
2
3
2
1
2
2
0
2
1
1
Evolution time: 7129ms
3470
3470
3470
3470
3470
3470
3460
3460
3460
3460
3460
3450
3450
3440
3440
3440
3440
3440
3440
3440
3440
3440
3440
3440
3440
3440
3440
3440
3440
3430
3430
3430
3430
3430
3430
3430
3430
3420
3420
3420
3420
3420
3420
3420
3420
3420
3420
3420
3420
3420
3420
3420
3420
3420
3420
3420
3420
3420
3420
3420
3420
3420
3420
3420
3420
3410
3410
3410
3410
3410
3410
3410
3410
3410
3410

Group 0
Block 0: Theoretische Informatik 1              | Mathematik 1                           | Technische Informatik 1 Übung          | Informatik 1                           | Fremdsprachen                          | 
Block 1: Technische Informatik 1                | Theoretische Informatik 1              | Mathematik 1 Labor                     | Mathematik 1                           | Fremdsprachen                          | 
Block 2: ---------------------------------------| Informatik 1 Übung                     | ---------------------------------------| Mathematik 1 Labor                     | Informatik 1                           | 
Block 3: ---------------------------------------| ---------------------------------------| ---------------------------------------| Technische Informatik 1                | ---------------------------------------| 
Block 4: ---------------------------------------| ---------------------------------------| ---------------------------------------| ---------------------------------------| ---------------------------------------| 
Block 5: ---------------------------------------| ---------------------------------------| ---------------------------------------| ---------------------------------------| ---------------------------------------| 

Group 1
Block 0: Technische Informatik 2                | Softwarelabor                          | Mathematik 2 Labor                     | Informatik 2                           | Digital-Labor                          | 
Block 1: Informatik 2 Übung                     | Softwarelabor                          | Web-Programming                        | Mathematik 2                           | Digital-Labor                          | 
Block 2: ---------------------------------------| Informatik 2                           | ---------------------------------------| Technische Informatik 2                | Digital-Labor                          | 
Block 3: ---------------------------------------| Informatik 2 Übung                     | ---------------------------------------| Sprachen und Metasprachen              | Softwarelabor                          | 
Block 4: ---------------------------------------| ---------------------------------------| ---------------------------------------| ---------------------------------------| Softwarelabor                          | 
Block 5: ---------------------------------------| ---------------------------------------| ---------------------------------------| ---------------------------------------| ---------------------------------------| 

Group 2
Block 0: ---------------------------------------| Modellierung und Simulation            | Intelligente Systeme                   | Datenrepräsentation und -übertragung   | Verteilte Informationssysteme          | 
Block 1: ---------------------------------------| ---------------------------------------| Mobile Systeme                         | Visualization and Semantics            | IT Projektmanagement                   | 
Block 2: ---------------------------------------| ---------------------------------------| ---------------------------------------| IT Service Management                  | Visualization and Semantics Lab        | 
Block 3: ---------------------------------------| ---------------------------------------| ---------------------------------------| ---------------------------------------| Projektarbeit1                         | 
Block 4: ---------------------------------------| ---------------------------------------| ---------------------------------------| ---------------------------------------| Projektarbeit1                         | 
Block 5: ---------------------------------------| ---------------------------------------| ---------------------------------------| Führungskräftetraining                 | Projektarbeit1                         | 

Group 3
Block 0: Labor Benutzeroberflächen              | Algorithmenentwurf                     | IT-Sicherheit                          | ---------------------------------------| ---------------------------------------| 
Block 1: Data Mining                            | Algorithmen Übung                      | Labor Verteilte Systeme                | ---------------------------------------| ---------------------------------------| 
Block 2: Dialog Systems                         | Angewandte Kryptografie                | ---------------------------------------| ---------------------------------------| ---------------------------------------| 
Block 3: ---------------------------------------| ---------------------------------------| ---------------------------------------| ---------------------------------------| ---------------------------------------| 
Block 4: ---------------------------------------| ---------------------------------------| ---------------------------------------| Projektarbeit2                         | ---------------------------------------| 
Block 5: Seminar                                | ---------------------------------------| ---------------------------------------| Projektarbeit2                         | ---------------------------------------| 
</DebugTrace>
      </Output>
    </UnitTestResult>
  </Results>
</TestRun>