<?xml version="1.0" encoding="UTF-8"?>
<TestRun id="7a161b05-a690-4e14-837d-ec36e045e12a" name="FloLap@FLOLAP-PC 2011-10-18 20:27:06" runUser="FloLap-PC\FloLap" xmlns="http://microsoft.com/schemas/VisualStudio/TeamTest/2010">
  <TestSettings name="Lokal" id="6ed96bb3-d821-4eee-a79d-3a3069da9890">
    <Description>Dies sind die standardmäßigen Testeinstellungen für einen lokalen Testlauf.</Description>
    <Deployment enabled="false" runDeploymentRoot="FloLap_FLOLAP-PC 2011-10-18 20_27_06">
      <DeploymentItem filename="E:\HsKA\Semester2\Projektarbeit\Stundenplangenerator\TimetablePlanner\TimetablePlanner\bin\Debug\TimetablePlanner.dll" />
    </Deployment>
    <Execution>
      <TestTypeSpecific />
      <AgentRule name="Execution Agents">
      </AgentRule>
    </Execution>
  </TestSettings>
  <Times creation="2011-10-18T20:27:06.4913300+02:00" queuing="2011-10-18T20:27:07.4083825+02:00" start="2011-10-18T20:27:07.4873870+02:00" finish="2011-10-18T20:27:10.1305382+02:00" />
  <ResultSummary outcome="Completed">
    <Counters total="1" executed="1" passed="1" error="0" failed="0" timeout="0" aborted="0" inconclusive="0" passedButRunAborted="0" notRunnable="0" notExecuted="0" disconnected="0" warning="0" completed="0" inProgress="0" pending="0" />
  </ResultSummary>
  <TestDefinitions>
    <UnitTest name="createTimetableInstanceTest" storage="e:\hska\semester2\projektarbeit\stundenplangenerator\timetableplanner\timetableplannertests\bin\debug\timetableplannertests.dll" id="ab441b29-9837-01bf-f43f-7839c8f73716">
      <Execution id="c86f1441-6cc8-4946-bb2d-8e8973f29c44" />
      <TestMethod codeBase="E:/HsKA/Semester2/Projektarbeit/Stundenplangenerator/TimetablePlanner/TimetablePlannerTests/bin/Debug/TimetablePlannerTests.DLL" adapterTypeName="Microsoft.VisualStudio.TestTools.TestTypes.Unit.UnitTestAdapter, Microsoft.VisualStudio.QualityTools.Tips.UnitTest.Adapter, Version=10.0.0.0, Culture=neutral, PublicKeyToken=b03f5f7f11d50a3a" className="TimetablePlannerTests.TimetableTest, TimetablePlannerTests, Version=1.0.0.0, Culture=neutral, PublicKeyToken=null" name="createTimetableInstanceTest" />
    </UnitTest>
  </TestDefinitions>
  <TestLists>
    <TestList name="Nicht in einer Liste enthaltene Ergebnisse" id="8c84fa94-04c1-424b-9868-57a2d4851a1d" />
    <TestList name="Alle geladenen Ergebnisse" id="19431567-8539-422a-85d7-44ee4e166bda" />
  </TestLists>
  <TestEntries>
    <TestEntry testId="ab441b29-9837-01bf-f43f-7839c8f73716" executionId="c86f1441-6cc8-4946-bb2d-8e8973f29c44" testListId="8c84fa94-04c1-424b-9868-57a2d4851a1d" />
  </TestEntries>
  <Results>
    <UnitTestResult executionId="c86f1441-6cc8-4946-bb2d-8e8973f29c44" testId="ab441b29-9837-01bf-f43f-7839c8f73716" testName="createTimetableInstanceTest" computerName="FLOLAP-PC" duration="00:00:01.2612114" startTime="2011-10-18T20:27:07.5283893+02:00" endTime="2011-10-18T20:27:10.0205319+02:00" testType="13cdc9d9-ddb5-4fa4-a97d-d965ccfc6d4b" outcome="Passed" testListId="8c84fa94-04c1-424b-9868-57a2d4851a1d" relativeResultsDirectory="c86f1441-6cc8-4946-bb2d-8e8973f29c44">
      <Output>
        <DebugTrace>Time to create population of size 200: 1000ms
TimetablePlanner.Individual
TimetablePlanner.Individual
TimetablePlanner.Individual
TimetablePlanner.Individual
TimetablePlanner.Individual
TimetablePlanner.Individual
TimetablePlanner.Individual
TimetablePlanner.Individual
TimetablePlanner.Individual
TimetablePlanner.Individual
TimetablePlanner.Individual
TimetablePlanner.Individual
TimetablePlanner.Individual
TimetablePlanner.Individual
TimetablePlanner.Individual
TimetablePlanner.Individual
TimetablePlanner.Individual
TimetablePlanner.Individual
TimetablePlanner.Individual
TimetablePlanner.Individual
TimetablePlanner.Individual
TimetablePlanner.Individual
TimetablePlanner.Individual
TimetablePlanner.Individual
TimetablePlanner.Individual
TimetablePlanner.Individual
TimetablePlanner.Individual
TimetablePlanner.Individual
TimetablePlanner.Individual
TimetablePlanner.Individual
TimetablePlanner.Individual
TimetablePlanner.Individual
TimetablePlanner.Individual
TimetablePlanner.Individual
TimetablePlanner.Individual
TimetablePlanner.Individual
TimetablePlanner.Individual
TimetablePlanner.Individual
TimetablePlanner.Individual
TimetablePlanner.Individual
TimetablePlanner.Individual
TimetablePlanner.Individual
TimetablePlanner.Individual
TimetablePlanner.Individual
TimetablePlanner.Individual
TimetablePlanner.Individual
TimetablePlanner.Individual
TimetablePlanner.Individual
TimetablePlanner.Individual
TimetablePlanner.Individual
TimetablePlanner.Individual
TimetablePlanner.Individual
TimetablePlanner.Individual
TimetablePlanner.Individual
TimetablePlanner.Individual
TimetablePlanner.Individual
TimetablePlanner.Individual
TimetablePlanner.Individual
TimetablePlanner.Individual
TimetablePlanner.Individual
TimetablePlanner.Individual
TimetablePlanner.Individual
TimetablePlanner.Individual
TimetablePlanner.Individual
TimetablePlanner.Individual
TimetablePlanner.Individual
TimetablePlanner.Individual
TimetablePlanner.Individual
TimetablePlanner.Individual
TimetablePlanner.Individual
TimetablePlanner.Individual
TimetablePlanner.Individual
TimetablePlanner.Individual
TimetablePlanner.Individual
TimetablePlanner.Individual
TimetablePlanner.Individual
TimetablePlanner.Individual
TimetablePlanner.Individual
TimetablePlanner.Individual
TimetablePlanner.Individual
TimetablePlanner.Individual
TimetablePlanner.Individual
TimetablePlanner.Individual
TimetablePlanner.Individual
TimetablePlanner.Individual
TimetablePlanner.Individual
TimetablePlanner.Individual
TimetablePlanner.Individual
TimetablePlanner.Individual
TimetablePlanner.Individual
TimetablePlanner.Individual
TimetablePlanner.Individual
TimetablePlanner.Individual
TimetablePlanner.Individual
TimetablePlanner.Individual
TimetablePlanner.Individual
TimetablePlanner.Individual
TimetablePlanner.Individual
TimetablePlanner.Individual
TimetablePlanner.Individual
TimetablePlanner.Individual
TimetablePlanner.Individual
TimetablePlanner.Individual
TimetablePlanner.Individual
TimetablePlanner.Individual
TimetablePlanner.Individual
TimetablePlanner.Individual
TimetablePlanner.Individual
TimetablePlanner.Individual
TimetablePlanner.Individual
TimetablePlanner.Individual
TimetablePlanner.Individual
TimetablePlanner.Individual
TimetablePlanner.Individual
TimetablePlanner.Individual
TimetablePlanner.Individual
TimetablePlanner.Individual
TimetablePlanner.Individual
TimetablePlanner.Individual
TimetablePlanner.Individual
TimetablePlanner.Individual
TimetablePlanner.Individual
TimetablePlanner.Individual
TimetablePlanner.Individual
TimetablePlanner.Individual
TimetablePlanner.Individual
TimetablePlanner.Individual
TimetablePlanner.Individual
TimetablePlanner.Individual
TimetablePlanner.Individual
TimetablePlanner.Individual
TimetablePlanner.Individual
TimetablePlanner.Individual
TimetablePlanner.Individual
TimetablePlanner.Individual
TimetablePlanner.Individual
TimetablePlanner.Individual
TimetablePlanner.Individual
TimetablePlanner.Individual
TimetablePlanner.Individual
TimetablePlanner.Individual
TimetablePlanner.Individual
TimetablePlanner.Individual
TimetablePlanner.Individual
TimetablePlanner.Individual
TimetablePlanner.Individual
TimetablePlanner.Individual
TimetablePlanner.Individual
TimetablePlanner.Individual
TimetablePlanner.Individual
TimetablePlanner.Individual
TimetablePlanner.Individual
TimetablePlanner.Individual
TimetablePlanner.Individual
TimetablePlanner.Individual
TimetablePlanner.Individual
TimetablePlanner.Individual
TimetablePlanner.Individual
TimetablePlanner.Individual
TimetablePlanner.Individual
TimetablePlanner.Individual
TimetablePlanner.Individual
TimetablePlanner.Individual
TimetablePlanner.Individual
TimetablePlanner.Individual
TimetablePlanner.Individual
TimetablePlanner.Individual
TimetablePlanner.Individual
TimetablePlanner.Individual
TimetablePlanner.Individual
TimetablePlanner.Individual
TimetablePlanner.Individual
TimetablePlanner.Individual
TimetablePlanner.Individual
TimetablePlanner.Individual
TimetablePlanner.Individual
TimetablePlanner.Individual
TimetablePlanner.Individual
TimetablePlanner.Individual
TimetablePlanner.Individual
TimetablePlanner.Individual
TimetablePlanner.Individual
TimetablePlanner.Individual
TimetablePlanner.Individual
TimetablePlanner.Individual
TimetablePlanner.Individual
TimetablePlanner.Individual
TimetablePlanner.Individual
TimetablePlanner.Individual
TimetablePlanner.Individual
TimetablePlanner.Individual
TimetablePlanner.Individual
TimetablePlanner.Individual
TimetablePlanner.Individual
TimetablePlanner.Individual
TimetablePlanner.Individual
TimetablePlanner.Individual
TimetablePlanner.Individual
TimetablePlanner.Individual
TimetablePlanner.Individual
</DebugTrace>
      </Output>
    </UnitTestResult>
  </Results>
</TestRun>