<?xml version="1.0" encoding="UTF-8"?>
<TestRun id="82695a60-2000-4be5-951c-1db3657dcf23" name="FloLap@FLOLAP-PC 2011-11-09 16:00:40" runUser="FloLap-PC\FloLap" xmlns="http://microsoft.com/schemas/VisualStudio/TeamTest/2010">
  <TestSettings name="Lokal" id="6ed96bb3-d821-4eee-a79d-3a3069da9890">
    <Description>Dies sind die standardmäßigen Testeinstellungen für einen lokalen Testlauf.</Description>
    <Deployment enabled="false" runDeploymentRoot="FloLap_FLOLAP-PC 2011-11-09 16_00_40">
      <DeploymentItem filename="E:\HsKA\Semester2\Projektarbeit\Stundenplangenerator\TimetablePlanner\TimetablePlanner\bin\Debug\TimetablePlanner.dll" />
    </Deployment>
    <Execution>
      <TestTypeSpecific />
      <AgentRule name="Execution Agents">
      </AgentRule>
    </Execution>
  </TestSettings>
  <Times creation="2011-11-09T16:00:40.5754370+01:00" queuing="2011-11-09T16:00:41.8390393+01:00" start="2011-11-09T16:00:41.9326394+01:00" finish="2011-11-09T16:00:57.0695804+01:00" />
  <ResultSummary outcome="Completed">
    <Counters total="2" executed="2" passed="2" error="0" failed="0" timeout="0" aborted="0" inconclusive="0" passedButRunAborted="0" notRunnable="0" notExecuted="0" disconnected="0" warning="0" completed="0" inProgress="0" pending="0" />
  </ResultSummary>
  <TestDefinitions>
    <UnitTest name="TimetableManualTester" storage="e:\hska\semester2\projektarbeit\stundenplangenerator\timetableplanner\timetableplannertests\bin\debug\timetableplannertests.dll" id="3ada0cc6-2a4d-2d63-7d9f-97d4d443b0f3">
      <Execution id="5bd9c6d0-cd2a-480d-8d1a-809706ed6c44" />
      <TestMethod codeBase="E:/HsKA/Semester2/Projektarbeit/Stundenplangenerator/TimetablePlanner/TimetablePlannerTests/bin/Debug/TimetablePlannerTests.DLL" adapterTypeName="Microsoft.VisualStudio.TestTools.TestTypes.Unit.UnitTestAdapter, Microsoft.VisualStudio.QualityTools.Tips.UnitTest.Adapter, Version=10.0.0.0, Culture=neutral, PublicKeyToken=b03f5f7f11d50a3a" className="TimetablePlannerTests.TimetableTest, TimetablePlannerTests, Version=1.0.0.0, Culture=neutral, PublicKeyToken=null" name="TimetableManualTester" />
    </UnitTest>
    <UnitTest name="TimetableInputExportTest" storage="e:\hska\semester2\projektarbeit\stundenplangenerator\timetableplanner\timetableplannertests\bin\debug\timetableplannertests.dll" id="643aee53-482b-7ddc-6eba-83a04b5cba46">
      <Execution id="4f883237-ba52-44c2-a6e6-4bc6eb61ad79" />
      <TestMethod codeBase="E:/HsKA/Semester2/Projektarbeit/Stundenplangenerator/TimetablePlanner/TimetablePlannerTests/bin/Debug/TimetablePlannerTests.DLL" adapterTypeName="Microsoft.VisualStudio.TestTools.TestTypes.Unit.UnitTestAdapter, Microsoft.VisualStudio.QualityTools.Tips.UnitTest.Adapter, Version=10.0.0.0, Culture=neutral, PublicKeyToken=b03f5f7f11d50a3a" className="TimetablePlannerTests.TimetableTest, TimetablePlannerTests, Version=1.0.0.0, Culture=neutral, PublicKeyToken=null" name="TimetableInputExportTest" />
    </UnitTest>
  </TestDefinitions>
  <TestLists>
    <TestList name="Nicht in einer Liste enthaltene Ergebnisse" id="8c84fa94-04c1-424b-9868-57a2d4851a1d" />
    <TestList name="Alle geladenen Ergebnisse" id="19431567-8539-422a-85d7-44ee4e166bda" />
  </TestLists>
  <TestEntries>
    <TestEntry testId="3ada0cc6-2a4d-2d63-7d9f-97d4d443b0f3" executionId="5bd9c6d0-cd2a-480d-8d1a-809706ed6c44" testListId="8c84fa94-04c1-424b-9868-57a2d4851a1d" />
    <TestEntry testId="643aee53-482b-7ddc-6eba-83a04b5cba46" executionId="4f883237-ba52-44c2-a6e6-4bc6eb61ad79" testListId="8c84fa94-04c1-424b-9868-57a2d4851a1d" />
  </TestEntries>
  <Results>
    <UnitTestResult executionId="5bd9c6d0-cd2a-480d-8d1a-809706ed6c44" testId="3ada0cc6-2a4d-2d63-7d9f-97d4d443b0f3" testName="TimetableManualTester" computerName="FLOLAP-PC" duration="00:00:14.0148231" startTime="2011-11-09T16:00:41.9794395+01:00" endTime="2011-11-09T16:00:56.8979801+01:00" testType="13cdc9d9-ddb5-4fa4-a97d-d965ccfc6d4b" outcome="Passed" testListId="8c84fa94-04c1-424b-9868-57a2d4851a1d" relativeResultsDirectory="5bd9c6d0-cd2a-480d-8d1a-809706ed6c44">
      <Output>
        <DebugTrace>Individual 3 created.
Individual 5 created.
Individual 9 created.
Individual 6 created.
Individual 7 created.
Individual 4 created.
Individual 2 created.
Individual 11 created.
Individual 14 created.
Individual 12 created.
Individual 8 created.
Individual 0 created.
Individual 1 created.
Individual 15 created.
Individual 18 created.
Individual 17 created.
Individual 19 created.
Individual 10 created.
Individual 22 created.
Individual 20 created.
Individual 16 created.
Individual 21 created.
Individual 24 created.
Individual 23 created.
Individual 13 created.
Population created after 2,2874841 seconds.
Generation 0 finished with best fitness of 3505.
Generation 1 finished with best fitness of 3550.
Generation 2 finished with best fitness of 3550.
Generation 3 finished with best fitness of 3610.
Generation 4 finished with best fitness of 3610.
Generation 5 finished with best fitness of 3770.
Generation 6 finished with best fitness of 3885.
Generation 7 finished with best fitness of 4065.
Generation 8 finished with best fitness of 4065.
Generation 9 finished with best fitness of 4095.
Generation 10 finished with best fitness of 4095.
Generation 11 finished with best fitness of 4095.
Generation 12 finished with best fitness of 4230.
Generation 13 finished with best fitness of 4245.
Generation 14 finished with best fitness of 4365.
Generation 15 finished with best fitness of 4425.
Generation 16 finished with best fitness of 4465.
Generation 17 finished with best fitness of 4465.
Generation 18 finished with best fitness of 4475.
Generation 19 finished with best fitness of 4485.
Generation 20 finished with best fitness of 4560.
Generation 21 finished with best fitness of 4595.
Generation 22 finished with best fitness of 4695.
Generation 23 finished with best fitness of 4745.
Generation 24 finished with best fitness of 4755.
Generation 25 finished with best fitness of 4755.
Generation 26 finished with best fitness of 4955.
Generation 27 finished with best fitness of 4970.
Generation 28 finished with best fitness of 5075.
Generation 29 finished with best fitness of 5120.
Generation 30 finished with best fitness of 5120.
Generation 31 finished with best fitness of 5210.
Generation 32 finished with best fitness of 5245.
Generation 33 finished with best fitness of 5320.
Generation 34 finished with best fitness of 5320.
Generation 35 finished with best fitness of 5330.
Generation 36 finished with best fitness of 5405.
Generation 37 finished with best fitness of 5540.
Generation 38 finished with best fitness of 5715.
Generation 39 finished with best fitness of 5775.
Generation 40 finished with best fitness of 5775.
Generation 41 finished with best fitness of 5775.
Generation 42 finished with best fitness of 5920.
Generation 43 finished with best fitness of 5920.
Generation 44 finished with best fitness of 5920.
Generation 45 finished with best fitness of 5975.
Generation 46 finished with best fitness of 5975.
Generation 47 finished with best fitness of 5975.
Generation 48 finished with best fitness of 6065.
Generation 49 finished with best fitness of 6080.
Generation 50 finished with best fitness of 6080.
Generation 51 finished with best fitness of 6080.
Generation 52 finished with best fitness of 6125.
Generation 53 finished with best fitness of 6205.
Generation 54 finished with best fitness of 6280.
Generation 55 finished with best fitness of 6345.
Generation 56 finished with best fitness of 6345.
Generation 57 finished with best fitness of 6345.
Generation 58 finished with best fitness of 6555.
Generation 59 finished with best fitness of 6565.
Generation 60 finished with best fitness of 6595.
Generation 61 finished with best fitness of 6595.
Generation 62 finished with best fitness of 6595.
Generation 63 finished with best fitness of 6625.
Generation 64 finished with best fitness of 6640.
Generation 65 finished with best fitness of 6640.
Generation 66 finished with best fitness of 6715.
Generation 67 finished with best fitness of 6715.
Generation 68 finished with best fitness of 6715.
Generation 69 finished with best fitness of 6790.
Generation 70 finished with best fitness of 6790.
Generation 71 finished with best fitness of 6820.
Generation 72 finished with best fitness of 6855.
Generation 73 finished with best fitness of 6920.
Generation 74 finished with best fitness of 6940.
Generation 75 finished with best fitness of 7040.
Generation 76 finished with best fitness of 7040.
Generation 77 finished with best fitness of 7040.
Generation 78 finished with best fitness of 7100.
Generation 79 finished with best fitness of 7100.
Generation 80 finished with best fitness of 7100.
Generation 81 finished with best fitness of 7100.
Generation 82 finished with best fitness of 7125.
Generation 83 finished with best fitness of 7135.
Generation 84 finished with best fitness of 7135.
Generation 85 finished with best fitness of 7210.
Generation 86 finished with best fitness of 7210.
Generation 87 finished with best fitness of 7315.
Generation 88 finished with best fitness of 7315.
Generation 89 finished with best fitness of 7315.
Generation 90 finished with best fitness of 7315.
Generation 91 finished with best fitness of 7315.
Generation 92 finished with best fitness of 7420.
Generation 93 finished with best fitness of 7420.
Generation 94 finished with best fitness of 7505.
Generation 95 finished with best fitness of 7505.
Generation 96 finished with best fitness of 7535.
Generation 97 finished with best fitness of 7535.
Generation 98 finished with best fitness of 7535.
Generation 99 finished with best fitness of 7535.
Generation 100 finished with best fitness of 7560.
Generation 101 finished with best fitness of 7560.
Generation 102 finished with best fitness of 7560.
Generation 103 finished with best fitness of 7665.
Generation 104 finished with best fitness of 7665.
Generation 105 finished with best fitness of 7665.
Generation 106 finished with best fitness of 7715.
Generation 107 finished with best fitness of 7715.
Generation 108 finished with best fitness of 7770.
Generation 109 finished with best fitness of 7770.
Generation 110 finished with best fitness of 7785.
Generation 111 finished with best fitness of 7865.
Generation 112 finished with best fitness of 7865.
Generation 113 finished with best fitness of 7865.
Generation 114 finished with best fitness of 7865.
Generation 115 finished with best fitness of 7895.
Generation 116 finished with best fitness of 7895.
Generation 117 finished with best fitness of 7895.
Generation 118 finished with best fitness of 7895.
Generation 119 finished with best fitness of 7975.
Generation 120 finished with best fitness of 7985.
Generation 121 finished with best fitness of 7985.
Generation 122 finished with best fitness of 8045.
Generation 123 finished with best fitness of 8045.
Generation 124 finished with best fitness of 8130.
Generation 125 finished with best fitness of 8130.
Generation 126 finished with best fitness of 8130.
Generation 127 finished with best fitness of 8130.
Generation 128 finished with best fitness of 8160.
Generation 129 finished with best fitness of 8160.
Generation 130 finished with best fitness of 8160.
Generation 131 finished with best fitness of 8160.
Generation 132 finished with best fitness of 8160.
Generation 133 finished with best fitness of 8165.
Generation 134 finished with best fitness of 8165.
Generation 135 finished with best fitness of 8165.
Generation 136 finished with best fitness of 8255.
Generation 137 finished with best fitness of 8255.
Generation 138 finished with best fitness of 8255.
Generation 139 finished with best fitness of 8255.
Generation 140 finished with best fitness of 8255.
Generation 141 finished with best fitness of 8255.
Generation 142 finished with best fitness of 8255.
Generation 143 finished with best fitness of 8295.
Generation 144 finished with best fitness of 8295.
Generation 145 finished with best fitness of 8370.
Generation 146 finished with best fitness of 8370.
Generation 147 finished with best fitness of 8370.
Generation 148 finished with best fitness of 8370.
Generation 149 finished with best fitness of 8370.
Generation 150 finished with best fitness of 8370.
Generation 151 finished with best fitness of 8400.
Generation 152 finished with best fitness of 8400.
Generation 153 finished with best fitness of 8455.
Generation 154 finished with best fitness of 8455.
Generation 155 finished with best fitness of 8455.
Generation 156 finished with best fitness of 8455.
Generation 157 finished with best fitness of 8455.
Generation 158 finished with best fitness of 8470.
Generation 159 finished with best fitness of 8470.
Generation 160 finished with best fitness of 8695.
Generation 161 finished with best fitness of 8695.
Generation 162 finished with best fitness of 8695.
Generation 163 finished with best fitness of 8695.
Generation 164 finished with best fitness of 8695.
Generation 165 finished with best fitness of 8740.
Generation 166 finished with best fitness of 8740.
Generation 167 finished with best fitness of 8740.
Generation 168 finished with best fitness of 8740.
Generation 169 finished with best fitness of 8815.
Generation 170 finished with best fitness of 8815.
Generation 171 finished with best fitness of 8815.
Generation 172 finished with best fitness of 8815.
Generation 173 finished with best fitness of 8815.
Generation 174 finished with best fitness of 8815.
Generation 175 finished with best fitness of 8865.
Generation 176 finished with best fitness of 8865.
Generation 177 finished with best fitness of 8865.
Generation 178 finished with best fitness of 8865.
Generation 179 finished with best fitness of 8865.
Generation 180 finished with best fitness of 8865.
Generation 181 finished with best fitness of 8865.
Generation 182 finished with best fitness of 8865.
Generation 183 finished with best fitness of 8865.
Generation 184 finished with best fitness of 8865.
Generation 185 finished with best fitness of 8885.
Generation 186 finished with best fitness of 8885.
Generation 187 finished with best fitness of 8885.
Generation 188 finished with best fitness of 8915.
Generation 189 finished with best fitness of 8925.
Generation 190 finished with best fitness of 8925.
Generation 191 finished with best fitness of 8925.
Generation 192 finished with best fitness of 8945.
Generation 193 finished with best fitness of 9005.
Generation 194 finished with best fitness of 9005.
Generation 195 finished with best fitness of 9005.
Generation 196 finished with best fitness of 9005.
Generation 197 finished with best fitness of 9060.
Generation 198 finished with best fitness of 9060.
Generation 199 finished with best fitness of 9060.
Generation 200 finished with best fitness of 9060.
Generation 201 finished with best fitness of 9115.
Generation 202 finished with best fitness of 9115.
Generation 203 finished with best fitness of 9175.
Generation 204 finished with best fitness of 9175.
Generation 205 finished with best fitness of 9175.
Generation 206 finished with best fitness of 9175.
Generation 207 finished with best fitness of 9175.
Generation 208 finished with best fitness of 9175.
Generation 209 finished with best fitness of 9175.
Generation 210 finished with best fitness of 9175.
Generation 211 finished with best fitness of 9175.
Generation 212 finished with best fitness of 9175.
Generation 213 finished with best fitness of 9175.
Generation 214 finished with best fitness of 9200.
Generation 215 finished with best fitness of 9200.
Generation 216 finished with best fitness of 9200.
Generation 217 finished with best fitness of 9200.
Generation 218 finished with best fitness of 9200.
Generation 219 finished with best fitness of 9215.
Generation 220 finished with best fitness of 9230.
Generation 221 finished with best fitness of 9230.
Generation 222 finished with best fitness of 9230.
Generation 223 finished with best fitness of 9230.
Generation 224 finished with best fitness of 9230.
Generation 225 finished with best fitness of 9230.
Generation 226 finished with best fitness of 9245.
Generation 227 finished with best fitness of 9245.
Generation 228 finished with best fitness of 9245.
Generation 229 finished with best fitness of 9245.
Generation 230 finished with best fitness of 9245.
Generation 231 finished with best fitness of 9245.
Generation 232 finished with best fitness of 9245.
Generation 233 finished with best fitness of 9290.
Generation 234 finished with best fitness of 9290.
Generation 235 finished with best fitness of 9290.
Generation 236 finished with best fitness of 9395.
Generation 237 finished with best fitness of 9395.
Generation 238 finished with best fitness of 9440.
Generation 239 finished with best fitness of 9440.
Generation 240 finished with best fitness of 9440.
Generation 241 finished with best fitness of 9440.
Generation 242 finished with best fitness of 9440.
Generation 243 finished with best fitness of 9440.
Generation 244 finished with best fitness of 9440.
Generation 245 finished with best fitness of 9440.
Generation 246 finished with best fitness of 9470.
Generation 247 finished with best fitness of 9470.
Generation 248 finished with best fitness of 9470.
Generation 249 finished with best fitness of 9470.
Generation 250 finished with best fitness of 9470.
Generation 251 finished with best fitness of 9470.
Generation 252 finished with best fitness of 9470.
Generation 253 finished with best fitness of 9470.
Generation 254 finished with best fitness of 9525.
Generation 255 finished with best fitness of 9525.
Generation 256 finished with best fitness of 9545.
Generation 257 finished with best fitness of 9575.
Generation 258 finished with best fitness of 9575.
Generation 259 finished with best fitness of 9575.
Generation 260 finished with best fitness of 9575.
Generation 261 finished with best fitness of 9575.
Generation 262 finished with best fitness of 9575.
Generation 263 finished with best fitness of 9575.
Generation 264 finished with best fitness of 9575.
Generation 265 finished with best fitness of 9620.
Generation 266 finished with best fitness of 9620.
Generation 267 finished with best fitness of 9620.
Generation 268 finished with best fitness of 9620.
Generation 269 finished with best fitness of 9620.
Generation 270 finished with best fitness of 9620.
Generation 271 finished with best fitness of 9620.
Generation 272 finished with best fitness of 9620.
Generation 273 finished with best fitness of 9620.
Generation 274 finished with best fitness of 9620.
Generation 275 finished with best fitness of 9665.
Generation 276 finished with best fitness of 9665.
Generation 277 finished with best fitness of 9665.
Generation 278 finished with best fitness of 9665.
Generation 279 finished with best fitness of 9665.
Generation 280 finished with best fitness of 9665.
Generation 281 finished with best fitness of 9665.
Generation 282 finished with best fitness of 9665.
Generation 283 finished with best fitness of 9665.
Generation 284 finished with best fitness of 9665.
Generation 285 finished with best fitness of 9665.
Generation 286 finished with best fitness of 9665.
Generation 287 finished with best fitness of 9665.
Generation 288 finished with best fitness of 9665.
Generation 289 finished with best fitness of 9665.
Generation 290 finished with best fitness of 9665.
Generation 291 finished with best fitness of 9725.
Generation 292 finished with best fitness of 9725.
Generation 293 finished with best fitness of 9725.
Generation 294 finished with best fitness of 9750.
Generation 295 finished with best fitness of 9770.
Generation 296 finished with best fitness of 9770.
Generation 297 finished with best fitness of 9770.
Generation 298 finished with best fitness of 9770.
Generation 299 finished with best fitness of 9830.
Generation 300 finished with best fitness of 9830.
Generation 301 finished with best fitness of 9830.
Generation 302 finished with best fitness of 9830.
Generation 303 finished with best fitness of 9830.
Generation 304 finished with best fitness of 9830.
Generation 305 finished with best fitness of 9830.
Generation 306 finished with best fitness of 9830.
Generation 307 finished with best fitness of 9830.
Generation 308 finished with best fitness of 9830.
Generation 309 finished with best fitness of 9830.
Generation 310 finished with best fitness of 9830.
Generation 311 finished with best fitness of 9830.
Generation 312 finished with best fitness of 9830.
Generation 313 finished with best fitness of 9830.
Generation 314 finished with best fitness of 9830.
Generation 315 finished with best fitness of 9830.
Generation 316 finished with best fitness of 9835.
Generation 317 finished with best fitness of 9835.
Generation 318 finished with best fitness of 9835.
Generation 319 finished with best fitness of 9835.
Generation 320 finished with best fitness of 9835.
Generation 321 finished with best fitness of 9835.
Generation 322 finished with best fitness of 9860.
Generation 323 finished with best fitness of 9860.
Generation 324 finished with best fitness of 9860.
Generation 325 finished with best fitness of 9860.
Generation 326 finished with best fitness of 9860.
Generation 327 finished with best fitness of 9860.
Generation 328 finished with best fitness of 9865.
Generation 329 finished with best fitness of 9865.
Generation 330 finished with best fitness of 9930.
Generation 331 finished with best fitness of 9930.
Generation 332 finished with best fitness of 9930.
Generation 333 finished with best fitness of 9930.
Generation 334 finished with best fitness of 9930.
Generation 335 finished with best fitness of 9930.
Generation 336 finished with best fitness of 9930.
Generation 337 finished with best fitness of 9930.
Generation 338 finished with best fitness of 9930.
Generation 339 finished with best fitness of 9930.
Generation 340 finished with best fitness of 9930.
Generation 341 finished with best fitness of 9930.
Generation 342 finished with best fitness of 9930.
Generation 343 finished with best fitness of 9930.
Generation 344 finished with best fitness of 9930.
Generation 345 finished with best fitness of 9930.
Generation 346 finished with best fitness of 9930.
Generation 347 finished with best fitness of 9930.
Generation 348 finished with best fitness of 9930.
Generation 349 finished with best fitness of 9970.
Generation 350 finished with best fitness of 9970.
Generation 351 finished with best fitness of 9975.
Generation 352 finished with best fitness of 9975.
Generation 353 finished with best fitness of 9975.
Generation 354 finished with best fitness of 9975.
Generation 355 finished with best fitness of 9975.
Generation 356 finished with best fitness of 9975.
Generation 357 finished with best fitness of 9975.
Generation 358 finished with best fitness of 9975.
Generation 359 finished with best fitness of 9975.
Generation 360 finished with best fitness of 9980.
Generation 361 finished with best fitness of 9980.
Generation 362 finished with best fitness of 9980.
Generation 363 finished with best fitness of 9980.
Generation 364 finished with best fitness of 9980.
Generation 365 finished with best fitness of 9980.
Generation 366 finished with best fitness of 9980.
Generation 367 finished with best fitness of 10015.
Generation 368 finished with best fitness of 10015.
Generation 369 finished with best fitness of 10015.
Generation 370 finished with best fitness of 10060.
Generation 371 finished with best fitness of 10060.
Generation 372 finished with best fitness of 10060.
Generation 373 finished with best fitness of 10060.
Generation 374 finished with best fitness of 10060.
Generation 375 finished with best fitness of 10060.
Generation 376 finished with best fitness of 10060.
Generation 377 finished with best fitness of 10060.
Generation 378 finished with best fitness of 10060.
Generation 379 finished with best fitness of 10060.
Generation 380 finished with best fitness of 10060.
Generation 381 finished with best fitness of 10060.
Generation 382 finished with best fitness of 10060.
Generation 383 finished with best fitness of 10060.
Generation 384 finished with best fitness of 10060.
Generation 385 finished with best fitness of 10060.
Generation 386 finished with best fitness of 10060.
Generation 387 finished with best fitness of 10060.
Generation 388 finished with best fitness of 10065.
Generation 389 finished with best fitness of 10065.
Generation 390 finished with best fitness of 10065.
Generation 391 finished with best fitness of 10065.
Generation 392 finished with best fitness of 10065.
Generation 393 finished with best fitness of 10065.
Generation 394 finished with best fitness of 10065.
Generation 395 finished with best fitness of 10065.
Generation 396 finished with best fitness of 10065.
Generation 397 finished with best fitness of 10145.
Generation 398 finished with best fitness of 10145.
Generation 399 finished with best fitness of 10145.
Generation 400 finished with best fitness of 10145.
Generation 401 finished with best fitness of 10145.
Generation 402 finished with best fitness of 10160.
Generation 403 finished with best fitness of 10160.
Generation 404 finished with best fitness of 10160.
Generation 405 finished with best fitness of 10160.
Generation 406 finished with best fitness of 10160.
Generation 407 finished with best fitness of 10180.
Generation 408 finished with best fitness of 10180.
Generation 409 finished with best fitness of 10180.
Generation 410 finished with best fitness of 10180.
Generation 411 finished with best fitness of 10180.
Generation 412 finished with best fitness of 10180.
Generation 413 finished with best fitness of 10180.
Generation 414 finished with best fitness of 10180.
Generation 415 finished with best fitness of 10180.
Generation 416 finished with best fitness of 10180.
Generation 417 finished with best fitness of 10180.
Generation 418 finished with best fitness of 10180.
Generation 419 finished with best fitness of 10180.
Generation 420 finished with best fitness of 10215.
Generation 421 finished with best fitness of 10215.
Generation 422 finished with best fitness of 10215.
Generation 423 finished with best fitness of 10215.
Generation 424 finished with best fitness of 10215.
Generation 425 finished with best fitness of 10220.
Generation 426 finished with best fitness of 10220.
Generation 427 finished with best fitness of 10220.
Generation 428 finished with best fitness of 10220.
Generation 429 finished with best fitness of 10220.
Generation 430 finished with best fitness of 10220.
Generation 431 finished with best fitness of 10245.
Generation 432 finished with best fitness of 10245.
Generation 433 finished with best fitness of 10245.
Generation 434 finished with best fitness of 10245.
Generation 435 finished with best fitness of 10245.
Evolution finished after 13,8627044 seconds.
</DebugTrace>
      </Output>
    </UnitTestResult>
    <UnitTestResult executionId="4f883237-ba52-44c2-a6e6-4bc6eb61ad79" testId="643aee53-482b-7ddc-6eba-83a04b5cba46" testName="TimetableInputExportTest" computerName="FLOLAP-PC" duration="00:00:00.0230795" startTime="2011-11-09T16:00:56.9135802+01:00" endTime="2011-11-09T16:00:56.9447802+01:00" testType="13cdc9d9-ddb5-4fa4-a97d-d965ccfc6d4b" outcome="Passed" testListId="8c84fa94-04c1-424b-9868-57a2d4851a1d" relativeResultsDirectory="4f883237-ba52-44c2-a6e6-4bc6eb61ad79">
    </UnitTestResult>
  </Results>
</TestRun>