<?xml version="1.0" encoding="UTF-8"?>
<TestRun id="5b443138-f966-4c47-bb62-31957ce1b9a2" name="FloLap@FLOLAP-PC 2011-10-28 09:55:19" runUser="FloLap-PC\FloLap" xmlns="http://microsoft.com/schemas/VisualStudio/TeamTest/2010">
  <TestSettings name="Lokal" id="6ed96bb3-d821-4eee-a79d-3a3069da9890">
    <Description>Dies sind die standardmäßigen Testeinstellungen für einen lokalen Testlauf.</Description>
    <Deployment enabled="false" runDeploymentRoot="FloLap_FLOLAP-PC 2011-10-28 09_55_19">
      <DeploymentItem filename="E:\HsKA\Semester2\Projektarbeit\Stundenplangenerator\TimetablePlanner\TimetablePlanner\bin\Debug\TimetablePlanner.dll" />
    </Deployment>
    <Execution>
      <TestTypeSpecific />
      <AgentRule name="Execution Agents">
      </AgentRule>
    </Execution>
  </TestSettings>
  <Times creation="2011-10-28T09:55:19.4411437+02:00" queuing="2011-10-28T09:55:20.5832090+02:00" start="2011-10-28T09:55:20.6722141+02:00" finish="2011-10-28T09:55:28.6895682+02:00" />
  <ResultSummary outcome="Completed">
    <Counters total="1" executed="1" passed="1" error="0" failed="0" timeout="0" aborted="0" inconclusive="0" passedButRunAborted="0" notRunnable="0" notExecuted="0" disconnected="0" warning="0" completed="0" inProgress="0" pending="0" />
  </ResultSummary>
  <TestDefinitions>
    <UnitTest name="TimetableManualTester" storage="e:\hska\semester2\projektarbeit\stundenplangenerator\timetableplanner\timetableplannertests\bin\debug\timetableplannertests.dll" id="3ada0cc6-2a4d-2d63-7d9f-97d4d443b0f3">
      <Execution id="318b0fd3-a0b2-4a9c-ba63-1617a8f537b1" />
      <TestMethod codeBase="E:/HsKA/Semester2/Projektarbeit/Stundenplangenerator/TimetablePlanner/TimetablePlannerTests/bin/Debug/TimetablePlannerTests.DLL" adapterTypeName="Microsoft.VisualStudio.TestTools.TestTypes.Unit.UnitTestAdapter, Microsoft.VisualStudio.QualityTools.Tips.UnitTest.Adapter, Version=10.0.0.0, Culture=neutral, PublicKeyToken=b03f5f7f11d50a3a" className="TimetablePlannerTests.TimetableTest, TimetablePlannerTests, Version=1.0.0.0, Culture=neutral, PublicKeyToken=null" name="TimetableManualTester" />
    </UnitTest>
  </TestDefinitions>
  <TestLists>
    <TestList name="Nicht in einer Liste enthaltene Ergebnisse" id="8c84fa94-04c1-424b-9868-57a2d4851a1d" />
    <TestList name="Alle geladenen Ergebnisse" id="19431567-8539-422a-85d7-44ee4e166bda" />
  </TestLists>
  <TestEntries>
    <TestEntry testId="3ada0cc6-2a4d-2d63-7d9f-97d4d443b0f3" executionId="318b0fd3-a0b2-4a9c-ba63-1617a8f537b1" testListId="8c84fa94-04c1-424b-9868-57a2d4851a1d" />
  </TestEntries>
  <Results>
    <UnitTestResult executionId="318b0fd3-a0b2-4a9c-ba63-1617a8f537b1" testId="3ada0cc6-2a4d-2d63-7d9f-97d4d443b0f3" testName="TimetableManualTester" computerName="FLOLAP-PC" duration="00:00:06.6483360" startTime="2011-10-28T09:55:20.7212169+02:00" endTime="2011-10-28T09:55:28.5647680+02:00" testType="13cdc9d9-ddb5-4fa4-a97d-d965ccfc6d4b" outcome="Passed" testListId="8c84fa94-04c1-424b-9868-57a2d4851a1d" relativeResultsDirectory="318b0fd3-a0b2-4a9c-ba63-1617a8f537b1">
      <Output>
        <DebugTrace>Time to create population of size 1: 77ms
800
Early abort after 71 generations.
Mean time per generation: 1ms
Mean fitness increase per generation
0
90
40
0
0
30
0
0
0
120
0
120
120
0
90
40
0
0
40
0
300
40
30
0
0
280
0
0
0
0
0
40
0
0
0
50
0
0
0
0
160
60
0
0
0
0
0
0
70
0
90
0
0
0
0
0
0
0
30
0
0
0
0
0
0
120
0
0
0
0
0
0
Evolution time: 136ms
2760

Group 0
Block 0: Technische Informatik 1 Übung, E305         | Technische Informatik 1, E305               | Mathematik 1, E301                          | Mathematik 1, E305                          | --------------------------------------------| 
Block 1: Mathematik 1 Labor, LI137                   | --------------------------------------------| Theoretische Informatik 1, E301             | --------------------------------------------| Technische Informatik 1, E302               | 
Block 2: Informatik 1, E303                          | --------------------------------------------| --------------------------------------------| --------------------------------------------| Theoretische Informatik 1, E305             | 
Block 3: Mathematik 1 Labor, LI136                   | --------------------------------------------| --------------------------------------------| Informatik 1, E203                          | --------------------------------------------| 
Block 4: --------------------------------------------| Fremdsprachen, E301                         | --------------------------------------------| --------------------------------------------| --------------------------------------------| 
Block 5: --------------------------------------------| Fremdsprachen, E301                         | --------------------------------------------| Informatik 1 Übung, LI008                   | --------------------------------------------| 

Group 1
Block 0: Mathematik 1 Labor, LI008                   | Fremdsprachen, E302                         | --------------------------------------------| --------------------------------------------| --------------------------------------------| 
Block 1: Theoretische Informatik 1, E301             | Fremdsprachen, E302                         | Informatik 1 Übung, LI137                   | Mathematik 1 Labor, LI136                   | --------------------------------------------| 
Block 2: Mathematik 1, E203                          | Technische Informatik 1, E201               | --------------------------------------------| --------------------------------------------| Informatik 1, E304                          | 
Block 3: --------------------------------------------| --------------------------------------------| --------------------------------------------| --------------------------------------------| --------------------------------------------| 
Block 4: --------------------------------------------| Mathematik 1, E213                          | Theoretische Informatik 1, E302             | --------------------------------------------| --------------------------------------------| 
Block 5: Technische Informatik 1 Übung, E302         | Technische Informatik 1, E304               | Informatik 1, E304                          | --------------------------------------------| --------------------------------------------| 

Group 2
Block 0: Technische Informatik 2, E203               | --------------------------------------------| --------------------------------------------| Mathematik 2 Labor, E303                    | --------------------------------------------| 
Block 1: Informatik 2 Übung, E305                    | --------------------------------------------| --------------------------------------------| Mathematik 2, E213                          | Softwarelabor, E201                         | 
Block 2: --------------------------------------------| Informatik 2 Übung, E213                    | --------------------------------------------| Softwarelabor, E304                         | Softwarelabor, E201                         | 
Block 3: Informatik 2, E303                          | Informatik 2, E305                          | Sprachen und Metasprachen, E304             | Softwarelabor, E304                         | Digital-Labor, E303                         | 
Block 4: --------------------------------------------| --------------------------------------------| Web-Programming, E203                       | --------------------------------------------| Digital-Labor, E303                         | 
Block 5: --------------------------------------------| --------------------------------------------| Technische Informatik 2, E302               | --------------------------------------------| Digital-Labor, E303                         | 

Group 3
Block 0: DB1 und K-Netze1, E304                      | --------------------------------------------| --------------------------------------------| --------------------------------------------| Systemnah. Progr., LI141                    | 
Block 1: BWL, E203                                   | BWL, E213                                   | DB1 und K-Netze1, E201                      | --------------------------------------------| Automatisierung, E304                       | 
Block 2: DB-Praktikum, E201                          | DB1 und K-Netze1, E203                      | --------------------------------------------| --------------------------------------------| Automat. Labor, E302                        | 
Block 3: DB-Praktikum, E201                          | Automatisierung, E203                       | --------------------------------------------| Systemnah. Progr., LI141                    | Automat. Labor, E302                        | 
Block 4: Systemnah. Progr., LI008                    | --------------------------------------------| --------------------------------------------| Mensch-Maschine-Kommunikation, E304         | --------------------------------------------| 
Block 5: --------------------------------------------| --------------------------------------------| --------------------------------------------| Mensch-Maschine-Kommunikation, E304         | --------------------------------------------| 

Group 4
Block 0: Mensch-Maschine-Kommunikation, E302         | --------------------------------------------| DB1 und K-Netze1, E213                      | --------------------------------------------| DB1 und K-Netze1, E203                      | 
Block 1: Mensch-Maschine-Kommunikation, E302         | Systemnah. Progr., LI008                    | BWL, E303                                   | --------------------------------------------| BWL, E305                                   | 
Block 2: --------------------------------------------| --------------------------------------------| --------------------------------------------| --------------------------------------------| --------------------------------------------| 
Block 3: --------------------------------------------| Systemnah. Progr., LI141                    | Automat. Labor, E213                        | --------------------------------------------| --------------------------------------------| 
Block 4: Automatisierung, E201                       | --------------------------------------------| Automat. Labor, E213                        | --------------------------------------------| DB-Praktikum, E201                          | 
Block 5: DB1 und K-Netze1, E213                      | --------------------------------------------| Automatisierung, E201                       | Systemnah. Progr., LI137                    | DB-Praktikum, E201                          | 

Group 5
Block 0: --------------------------------------------| --------------------------------------------| --------------------------------------------| --------------------------------------------| Praxisnachbereitung, E213                   | 
Block 1: --------------------------------------------| Praxisvorbereitung, E304                    | --------------------------------------------| --------------------------------------------| --------------------------------------------| 
Block 2: Praxisvorbereitung, E302                    | Praxisvorbereitung, E304                    | --------------------------------------------| --------------------------------------------| --------------------------------------------| 
Block 3: Praxisvorbereitung, E302                    | Praxisvorbereitung, E304                    | --------------------------------------------| --------------------------------------------| --------------------------------------------| 
Block 4: Praxisvorbereitung, E302                    | --------------------------------------------| --------------------------------------------| --------------------------------------------| --------------------------------------------| 
Block 5: --------------------------------------------| --------------------------------------------| --------------------------------------------| --------------------------------------------| --------------------------------------------| 

Group 6
Block 0: SW-Engineering, LI141                       | --------------------------------------------| --------------------------------------------| --------------------------------------------| Autonome Systeme und RA, E304               | 
Block 1: SW-Engineering, LI141                       | DB2 und K-Netze2, E201                      | --------------------------------------------| ERP-Labor, E303                             | ERP-Systeme, E301                           | 
Block 2: SW-Engineering, LI141                       | Verteilte Informationssysteme Labor, LI008  | --------------------------------------------| --------------------------------------------| --------------------------------------------| 
Block 3: SW-Engineering, LI141                       | --------------------------------------------| --------------------------------------------| --------------------------------------------| Verteilte Informationssysteme, E301         | 
Block 4: Autonome Systeme und RA, E303               | DB2 und K-Netze2, E305                      | --------------------------------------------| --------------------------------------------| --------------------------------------------| 
Block 5: --------------------------------------------| ERP-Systeme, E213                           | --------------------------------------------| --------------------------------------------| --------------------------------------------| 

Group 7
Block 0: --------------------------------------------| DB2 und K-Netze2, E213                      | Verteilte Informationssysteme Labor, LI137  | DB2 und K-Netze2, E203                      | --------------------------------------------| 
Block 1: --------------------------------------------| Autonome Systeme und RA, E303               | --------------------------------------------| --------------------------------------------| SW-Engineering, LI141                       | 
Block 2: --------------------------------------------| --------------------------------------------| --------------------------------------------| --------------------------------------------| SW-Engineering, LI141                       | 
Block 3: --------------------------------------------| Autonome Systeme und RA, E303               | --------------------------------------------| ERP-Systeme, E302                           | SW-Engineering, LI141                       | 
Block 4: --------------------------------------------| --------------------------------------------| --------------------------------------------| ERP-Systeme, E303                           | SW-Engineering, LI141                       | 
Block 5: Verteilte Informationssysteme, E305         | --------------------------------------------| --------------------------------------------| --------------------------------------------| ERP-Labor, E301                             | 

Group 8
Block 0: Computer Vision, E303                       | --------------------------------------------| Computergrafik, E201                        | Advanced Networking, E301                   | Geschäftsprozesse, E305                     | 
Block 1: Recht, E213                                 | Robotics, E203                              | Intercultural Comm., E304                   | Advanced Networking, E301                   | --------------------------------------------| 
Block 2: Business Intelligence, E304                 | Spez. Kap. Software Engineering, E301       | --------------------------------------------| Benutzeroberflächen, E203                   | Embedded Software, E213                     | 
Block 3: Modellb. SW-Entw., E213                     | Intercultural Comm., E213                   | Gameprogramming, E305                       | Embedded Labor, E305                        | Computergrafik, E305                        | 
Block 4: --------------------------------------------| --------------------------------------------| Seminar, E201                               | Embedded Labor, E305                        | Geschäftsprozesse, E304                     | 
Block 5: --------------------------------------------| Networksecurity, E305                       | IT-Consulting, E303                         | Rhetorik, E303                              | Labor Bildverarbeitung, E305                | 

Group 9
Block 0: --------------------------------------------| Labor Autonome Systeme, LI141               | --------------------------------------------| High Performance Computing, E302            | --------------------------------------------| 
Block 1: --------------------------------------------| --------------------------------------------| --------------------------------------------| High Performance Computing, E302            | --------------------------------------------| 
Block 2: --------------------------------------------| --------------------------------------------| --------------------------------------------| Qualitätssicherung, E301                    | --------------------------------------------| 
Block 3: Multimedia, E301                            | --------------------------------------------| --------------------------------------------| Teamteaching, E303                          | --------------------------------------------| 
Block 4: --------------------------------------------| Projektmanagement, E203                     | --------------------------------------------| --------------------------------------------| --------------------------------------------| 
Block 5: --------------------------------------------| --------------------------------------------| --------------------------------------------| --------------------------------------------| --------------------------------------------| 

Group 10
Block 0: IT Projektmanagement, E301                  | IT Service Management, E303                 | --------------------------------------------| Mobile Systeme, E213                        | Modellierung und Simulation, E201           | 
Block 1: Führungskräftetraining, E303                | --------------------------------------------| --------------------------------------------| --------------------------------------------| --------------------------------------------| 
Block 2: --------------------------------------------| Projektarbeit1, E302                        | --------------------------------------------| Visualization and Semantics Lab, LI141      | --------------------------------------------| 
Block 3: Datenrepräsentation und -übertragung, E203  | Projektarbeit1, E302                        | --------------------------------------------| --------------------------------------------| --------------------------------------------| 
Block 4: Verteilte Informationssysteme, E301         | Projektarbeit1, E302                        | --------------------------------------------| Intelligente Systeme, E203                  | --------------------------------------------| 
Block 5: Visualization and Semantics, E304           | --------------------------------------------| --------------------------------------------| --------------------------------------------| --------------------------------------------| 

Group 11
Block 0: --------------------------------------------| Algorithmenentwurf, E201                    | Algorithmen Übung, E305                     | --------------------------------------------| --------------------------------------------| 
Block 1: --------------------------------------------| --------------------------------------------| --------------------------------------------| Labor Benutzeroberflächen, E203             | --------------------------------------------| 
Block 2: Labor Verteilte Systeme, E301               | Dialog Systems, E303                        | --------------------------------------------| IT-Sicherheit, E305                         | Seminar, E303                               | 
Block 3: --------------------------------------------| Angewandte Kryptografie, E201               | --------------------------------------------| --------------------------------------------| --------------------------------------------| 
Block 4: --------------------------------------------| --------------------------------------------| --------------------------------------------| --------------------------------------------| Projektarbeit2, E203                        | 
Block 5: --------------------------------------------| --------------------------------------------| --------------------------------------------| Data Mining, E213                           | Projektarbeit2, E203                        | 
</DebugTrace>
      </Output>
    </UnitTestResult>
  </Results>
</TestRun>