<?xml version="1.0" encoding="UTF-8"?>
<TestRun id="7ef6c0f3-5919-4425-8c4e-e8268ac5f036" name="FloLap@FLOLAP-PC 2011-10-15 18:47:13" runUser="FloLap-PC\FloLap" xmlns="http://microsoft.com/schemas/VisualStudio/TeamTest/2010">
  <TestSettings name="Lokal" id="6ed96bb3-d821-4eee-a79d-3a3069da9890">
    <Description>Dies sind die standardmäßigen Testeinstellungen für einen lokalen Testlauf.</Description>
    <Deployment enabled="false" runDeploymentRoot="FloLap_FLOLAP-PC 2011-10-15 18_47_13">
      <DeploymentItem filename="E:\HsKA\Semester2\Projektarbeit\Stundenplangenerator\TimetablePlanner\TimetablePlanner\bin\Debug\TimetablePlanner.dll" />
    </Deployment>
    <Execution>
      <TestTypeSpecific />
      <AgentRule name="Execution Agents">
      </AgentRule>
    </Execution>
  </TestSettings>
  <Times creation="2011-10-15T18:47:13.4283821+02:00" queuing="2011-10-15T18:47:14.4811922+02:00" start="2011-10-15T18:47:14.6371924+02:00" finish="2011-10-15T18:47:29.3948183+02:00" />
  <ResultSummary outcome="Completed">
    <Counters total="1" executed="1" passed="1" error="0" failed="0" timeout="0" aborted="0" inconclusive="0" passedButRunAborted="0" notRunnable="0" notExecuted="0" disconnected="0" warning="0" completed="0" inProgress="0" pending="0" />
  </ResultSummary>
  <TestDefinitions>
    <UnitTest name="createTimetableInstanceTest" storage="e:\hska\semester2\projektarbeit\stundenplangenerator\timetableplanner\timetableplannertests\bin\debug\timetableplannertests.dll" id="ab441b29-9837-01bf-f43f-7839c8f73716">
      <Execution id="54beddfd-254c-4d64-88a4-398122542859" />
      <TestMethod codeBase="E:/HsKA/Semester2/Projektarbeit/Stundenplangenerator/TimetablePlanner/TimetablePlannerTests/bin/Debug/TimetablePlannerTests.DLL" adapterTypeName="Microsoft.VisualStudio.TestTools.TestTypes.Unit.UnitTestAdapter, Microsoft.VisualStudio.QualityTools.Tips.UnitTest.Adapter, Version=10.0.0.0, Culture=neutral, PublicKeyToken=b03f5f7f11d50a3a" className="TimetablePlannerTests.TimetableTest, TimetablePlannerTests, Version=1.0.0.0, Culture=neutral, PublicKeyToken=null" name="createTimetableInstanceTest" />
    </UnitTest>
  </TestDefinitions>
  <TestLists>
    <TestList name="Nicht in einer Liste enthaltene Ergebnisse" id="8c84fa94-04c1-424b-9868-57a2d4851a1d" />
    <TestList name="Alle geladenen Ergebnisse" id="19431567-8539-422a-85d7-44ee4e166bda" />
  </TestLists>
  <TestEntries>
    <TestEntry testId="ab441b29-9837-01bf-f43f-7839c8f73716" executionId="54beddfd-254c-4d64-88a4-398122542859" testListId="8c84fa94-04c1-424b-9868-57a2d4851a1d" />
  </TestEntries>
  <Results>
    <UnitTestResult executionId="54beddfd-254c-4d64-88a4-398122542859" testId="ab441b29-9837-01bf-f43f-7839c8f73716" testName="createTimetableInstanceTest" computerName="FLOLAP-PC" duration="00:00:13.2868123" startTime="2011-10-15T18:47:14.7775927+02:00" endTime="2011-10-15T18:47:29.2700181+02:00" testType="13cdc9d9-ddb5-4fa4-a97d-d965ccfc6d4b" outcome="Passed" testListId="8c84fa94-04c1-424b-9868-57a2d4851a1d" relativeResultsDirectory="54beddfd-254c-4d64-88a4-398122542859">
      <Output>
        <DebugTrace>Time to create population of size 20: 109ms
0250: ---|---|---|---|---|---|---|000|---|---|---|---|---|008|002|---|---|---|---|---|004|005|019|---|---|---|---|036|036|---|---|010|010|---|---|---|---|---|037|---|009|---|---|012|---|---|---|---|---|---|---|---|---|---|---|---|---|---|---|---|---|---|---|---|---|---|---|---|---|---|---|---|---|030|---|---|---|---|028|---|---|---|---|---|033|---|---|031|---|---|---|---|---|---|---|---|029|010|010|---|---|---|---|004|---|---|---|---|---|024|007|007|015|---|---|---|---|---|---|---|---|---|---|---|---|---|---|---|---|---|---|---|---|---|---|---|---|---|---|---|---|---|---|---|---|---|008|---|002|---|---|027|027|027|---|---|---|---|---|---|---|---|013|---|000|---|---|---|---|016|016|016|---|---|---|---|---|---|---|---|---|---|---|---|---|---|026|---|---|---|---|---|006|---|---|---|---|---|---|---|---|---|---|---|---|---|---|---|---|---|---|---|---|---|---|---|---|014|---|---|---|---|---|---|---|---|018|---|---|034|---|---|---|---|---|---|---|---|---|---|---|---|---|---|---|---|---|003|---|---|---|---|---|022|---|---|---|---|023|025|---|---|---|---|---|---|---|---|---|---|---|---|---|---|---|---|021|---|---|---|---|---|001|---|---|---|---|---|---|035|---|---|032|---|---|---|---|---|017|---|---|---|---|---|---|---|---|020|---|---|---|---|015|011|---|---|---|---|---|---|---|---|---|---|---|---|---|005|---|---|---|---|009|---|---|---|---|---|---|---|---|---|---|---|---|---|---|---|---|---|---|---|---|---|---|006|---|---|---|---|
0240: 009|---|---|---|---|---|---|---|---|---|---|---|---|---|---|---|---|---|---|018|028|---|---|---|010|010|---|014|---|---|---|---|024|---|000|---|---|016|016|016|---|---|027|027|027|---|---|---|---|---|---|---|---|---|---|006|---|---|---|---|---|---|---|---|---|---|---|---|---|---|---|---|000|---|015|---|---|---|---|---|---|---|025|---|---|007|007|---|---|---|---|---|---|002|---|---|019|---|---|---|---|---|008|---|033|015|---|---|---|010|010|---|---|---|011|---|023|---|---|---|---|---|---|---|---|---|006|---|---|---|---|---|---|---|---|---|---|---|---|---|---|021|---|---|---|---|---|---|---|---|034|004|---|---|---|---|---|---|---|---|---|---|---|---|---|004|035|---|---|032|---|---|---|---|---|---|---|---|009|---|---|---|---|---|012|---|029|030|036|036|---|---|---|---|---|---|---|---|---|---|---|---|---|---|---|---|---|---|---|---|---|---|---|---|---|---|002|---|---|---|---|---|---|---|---|---|---|---|005|---|---|---|---|---|---|---|---|---|008|---|020|---|---|---|---|---|---|---|---|005|---|---|---|---|---|026|---|---|031|---|---|---|---|---|001|---|---|---|---|---|---|---|---|---|---|---|---|---|---|---|---|---|---|---|---|---|---|---|---|---|---|---|---|---|---|017|---|---|---|---|---|---|---|003|---|---|---|---|---|037|---|---|---|---|---|---|---|---|---|---|---|---|---|---|---|022|---|---|---|---|---|---|---|---|---|---|---|---|---|---|---|---|---|---|---|---|---|---|---|---|---|---|---|---|---|---|---|---|---|---|
0234: 002|---|---|---|---|---|016|016|016|---|---|---|---|---|---|---|004|---|---|---|---|025|---|---|023|---|026|---|---|---|---|035|---|---|---|---|---|---|---|---|---|---|---|---|---|---|037|---|---|---|---|---|---|---|---|---|---|---|---|---|---|---|---|---|---|---|---|---|---|---|---|---|---|---|010|010|---|---|---|008|---|---|---|---|---|011|---|---|---|---|010|010|---|---|---|---|---|---|---|---|---|---|---|007|007|---|---|---|---|---|008|---|---|---|---|---|015|---|005|---|---|---|---|---|---|---|---|---|---|---|---|---|---|---|---|---|---|---|---|---|006|---|---|---|---|---|---|---|---|---|---|027|027|027|---|---|---|---|---|000|004|---|---|013|---|---|---|---|020|018|032|---|---|---|---|---|---|---|---|---|---|---|---|---|---|---|---|---|---|024|---|---|---|---|---|---|---|---|---|---|---|---|---|---|---|---|---|---|---|---|---|---|---|001|---|---|015|033|---|---|---|---|---|009|---|---|---|---|---|000|---|---|---|---|---|---|---|---|---|---|---|---|---|---|---|---|029|030|---|---|019|---|---|012|---|---|---|---|002|---|---|---|---|---|---|---|---|---|---|---|---|---|---|---|---|---|---|---|---|---|---|---|---|---|---|---|---|---|---|---|---|---|---|---|---|---|028|---|---|---|---|---|---|031|---|---|---|---|---|034|---|---|---|---|003|---|---|---|009|017|---|---|---|---|---|036|036|---|---|---|---|---|---|---|022|---|---|---|---|---|---|---|---|---|---|021|---|---|006|---|---|---|---|---|---|---|---|---|---|---|
0234: ---|---|---|012|---|---|016|016|016|---|002|---|---|---|---|---|---|---|---|009|---|---|031|---|---|---|---|---|---|---|035|---|---|---|---|---|---|---|---|---|---|---|---|011|033|---|020|---|---|---|---|---|---|---|---|---|---|---|---|---|---|---|---|---|---|---|---|---|---|---|---|---|---|---|---|---|---|---|---|009|---|---|---|---|---|---|---|---|---|---|013|---|---|---|---|---|000|010|010|---|026|---|025|---|003|---|---|---|---|---|---|019|---|---|---|---|030|---|---|---|---|---|---|---|---|---|---|---|---|---|---|---|001|---|---|---|---|---|---|---|---|---|006|---|024|---|---|008|---|---|---|007|007|---|---|---|---|---|---|---|---|---|---|000|---|---|---|---|---|---|---|---|---|---|---|---|---|028|---|---|005|022|---|---|---|---|---|---|---|---|---|---|---|---|---|---|---|---|---|---|---|---|---|---|---|---|006|---|---|---|---|---|---|---|---|---|---|018|---|---|015|---|---|---|---|010|010|---|---|---|---|004|---|---|---|004|---|029|032|---|---|034|---|---|---|---|036|036|---|---|---|---|---|---|---|---|015|---|023|---|---|---|---|---|---|---|---|---|---|---|---|---|---|---|---|---|---|---|---|---|---|---|---|---|---|---|---|---|---|---|---|---|---|---|---|---|014|---|---|---|037|027|027|027|---|---|---|---|---|---|---|---|008|005|---|---|---|---|017|---|---|---|---|---|---|---|---|---|---|---|---|---|---|---|---|---|---|---|---|---|---|---|---|---|---|---|---|---|---|---|---|---|---|---|---|021|---|---|---|---|
0224: ---|---|034|---|009|---|---|---|---|---|037|---|028|---|008|---|---|---|005|---|---|---|---|---|023|---|---|---|---|---|---|---|---|---|---|---|---|---|---|---|---|---|014|---|---|---|---|---|---|---|---|---|006|---|---|---|---|---|---|---|---|---|---|---|---|---|---|---|---|---|---|---|---|012|---|---|---|---|---|---|---|---|---|---|---|000|---|030|---|---|---|002|---|---|---|---|007|007|---|---|---|---|---|---|---|032|---|---|---|035|---|---|011|---|---|036|036|---|---|---|---|---|---|---|---|---|---|---|---|---|---|---|---|---|---|006|---|---|---|---|---|---|---|---|004|---|018|031|---|---|---|010|010|---|033|---|---|026|---|---|---|---|000|002|---|---|---|---|---|---|---|---|---|---|---|---|---|---|---|---|---|---|---|---|---|---|---|---|---|---|---|---|---|---|---|---|---|---|---|---|---|---|---|---|---|021|---|---|---|---|---|---|---|---|---|---|---|---|---|010|010|---|---|---|---|---|019|---|---|---|---|---|---|---|004|015|---|---|---|---|---|024|---|---|---|---|017|---|---|---|---|---|---|---|---|---|---|---|---|---|---|---|---|---|---|001|---|---|---|---|---|---|---|---|---|---|---|---|---|---|---|---|---|---|---|---|---|---|022|---|---|---|015|---|025|---|---|---|---|---|---|---|---|013|009|---|---|---|---|---|020|---|003|027|027|027|---|---|---|---|005|---|---|---|---|008|---|---|---|---|---|016|016|016|---|---|---|---|---|---|---|---|---|---|---|---|---|---|---|---|---|---|---|---|---|---|---|---|---|---|
0214: ---|010|010|---|---|---|---|008|---|---|---|---|---|---|000|---|---|---|---|---|---|002|---|---|---|---|016|016|016|---|---|---|---|---|---|---|---|---|---|---|---|---|025|---|002|000|---|---|---|---|---|---|---|---|---|---|021|---|---|---|---|---|---|---|---|---|---|---|---|---|---|---|028|---|032|---|---|---|---|---|---|009|---|---|004|---|037|026|---|---|---|018|---|---|---|---|---|---|---|---|---|---|020|---|---|---|---|---|---|035|---|---|---|---|---|---|---|---|---|---|---|---|---|---|006|---|006|---|---|---|---|---|---|---|---|---|---|---|---|---|---|---|---|---|004|---|---|---|023|---|---|---|---|---|005|---|---|033|---|036|036|---|017|---|---|---|---|---|005|---|---|---|---|---|---|---|---|015|---|---|027|027|027|---|---|---|007|007|---|---|---|---|---|---|---|001|---|---|---|---|---|---|---|---|---|---|---|---|---|---|---|---|---|---|---|---|011|---|---|031|---|---|---|015|---|---|---|---|008|---|---|029|---|---|---|019|---|---|---|---|---|030|---|---|---|---|---|---|---|---|---|---|---|---|---|---|---|---|---|024|---|014|---|---|---|---|---|---|---|---|---|---|---|---|---|---|---|---|---|---|---|---|---|---|---|---|---|---|012|---|022|---|---|---|---|---|010|010|013|---|---|---|---|---|---|---|---|---|---|034|---|---|---|---|---|---|---|---|003|---|---|---|---|---|---|---|---|---|009|---|---|---|---|---|---|---|---|---|---|---|---|---|---|---|---|---|---|---|---|---|---|---|---|---|---|---|---|---|---|---|
0198: 036|036|011|---|035|---|---|009|---|---|---|---|---|---|---|---|---|---|---|---|---|---|---|---|---|---|---|---|---|---|---|---|002|026|---|---|---|030|---|010|010|---|---|---|004|---|---|---|---|---|---|---|---|---|---|---|---|---|---|---|---|---|---|---|---|---|---|---|---|---|021|---|005|---|---|---|017|---|---|---|037|---|018|---|---|---|013|---|---|---|---|---|---|---|---|---|---|---|---|022|---|---|---|---|015|---|---|---|---|---|034|---|---|---|---|---|031|---|---|---|---|---|---|---|---|---|---|---|---|---|---|---|---|---|006|---|---|---|---|---|---|---|---|---|033|---|024|---|---|---|---|---|---|---|008|---|---|---|032|---|---|---|---|008|---|---|---|---|028|---|007|007|---|---|---|---|---|---|---|---|---|---|---|012|---|---|009|---|000|---|---|---|---|---|006|---|---|---|---|---|---|---|---|---|---|---|---|---|---|---|---|001|---|---|---|---|---|---|---|---|---|---|---|015|---|---|---|---|---|---|---|---|---|---|---|---|---|---|---|---|---|025|---|---|---|---|000|---|---|003|---|---|---|020|---|---|---|---|---|---|---|---|---|---|---|---|---|---|---|---|---|---|---|---|---|---|---|---|---|---|---|---|---|---|---|---|---|---|---|---|---|023|---|---|016|016|016|005|---|---|---|---|004|---|---|---|---|014|---|---|---|---|---|---|---|---|---|---|---|029|---|010|010|---|---|002|019|---|---|---|---|027|027|027|---|---|---|---|---|---|---|---|---|---|---|---|---|---|---|---|---|---|---|---|---|---|---|---|---|---|
0196: ---|004|031|---|---|---|---|025|---|015|015|---|---|---|035|---|---|---|---|019|---|010|010|---|---|---|---|---|---|---|003|---|---|---|---|---|---|---|---|012|---|---|---|---|000|---|030|---|---|---|---|---|---|---|---|---|---|---|---|---|---|---|---|---|---|---|---|---|---|---|---|---|---|---|---|---|---|---|016|016|016|---|---|---|---|---|---|---|---|---|033|---|007|007|---|---|---|014|---|---|---|---|---|000|---|---|---|---|023|---|---|---|---|---|---|---|---|---|---|---|---|---|---|---|---|---|---|---|---|---|---|---|---|---|---|---|---|---|---|---|---|---|---|---|---|---|---|034|009|---|032|027|027|027|---|---|005|---|---|---|---|---|---|---|---|011|008|---|---|---|---|---|---|---|---|---|---|---|---|---|---|010|010|---|024|---|---|018|029|---|002|---|---|---|001|---|---|---|021|---|---|---|---|---|---|---|---|---|---|---|---|---|006|---|---|---|---|---|---|---|---|---|022|---|---|---|---|---|037|---|---|---|---|---|---|---|---|---|---|---|---|---|---|---|---|---|005|---|---|---|---|---|---|---|---|---|017|---|---|013|---|---|---|---|---|---|---|---|---|---|---|---|---|---|---|---|---|---|---|---|---|---|---|---|---|---|---|---|---|---|---|---|---|---|---|004|020|---|---|---|028|---|---|---|---|---|---|---|---|---|---|---|009|---|---|---|026|---|---|---|008|002|---|---|---|---|---|036|036|---|---|---|---|---|---|---|---|---|---|---|---|---|---|---|---|---|---|---|---|---|---|006|---|---|---|---|---|---|---|---|
0196: 036|036|---|028|---|---|007|007|---|---|008|---|---|---|023|---|---|---|---|012|---|035|020|---|003|---|018|014|---|---|---|004|---|---|033|---|---|---|---|002|---|---|---|---|---|---|024|---|---|---|---|---|---|---|---|---|---|---|---|---|---|---|021|---|---|---|---|---|---|---|---|---|---|005|---|---|---|---|---|---|---|---|---|---|---|---|---|017|---|---|002|032|---|---|---|---|000|---|---|---|---|---|---|009|---|---|019|---|---|---|---|---|---|---|009|---|---|---|---|---|---|---|---|---|---|---|---|---|---|---|---|---|---|---|---|---|---|---|---|---|---|---|---|---|---|---|---|---|---|---|---|008|---|---|---|---|030|---|---|---|---|---|015|005|---|---|---|---|---|---|022|015|---|---|---|---|---|---|013|---|---|016|016|016|---|---|---|---|---|---|---|---|---|---|---|---|---|---|---|---|---|---|---|---|---|---|001|006|---|---|---|---|---|---|---|---|---|025|---|---|---|---|---|---|---|---|037|---|---|---|---|---|029|---|---|---|---|---|---|---|---|---|---|---|---|---|---|---|---|---|---|---|---|---|---|---|---|---|011|---|---|---|---|---|---|---|---|---|---|---|---|006|---|---|---|---|---|---|---|---|---|---|---|---|---|---|---|---|---|026|031|---|---|---|---|---|034|000|---|---|010|010|---|---|---|---|---|---|027|027|027|---|---|---|---|---|---|---|---|---|---|010|010|---|004|---|---|---|---|---|---|---|---|---|---|---|---|---|---|---|---|---|---|---|---|---|---|---|---|---|---|---|---|---|---|---|---|---|---|---|
0194: ---|---|---|---|---|---|---|---|---|---|---|---|---|---|023|024|---|---|005|---|003|---|---|---|010|010|018|---|---|---|---|026|009|---|008|---|---|---|---|---|017|---|---|005|013|---|---|---|---|---|---|---|---|---|---|---|---|---|---|---|---|---|---|---|006|---|---|---|---|---|---|---|---|---|000|---|---|---|004|---|---|---|---|---|---|---|036|036|---|---|---|000|---|037|012|---|---|---|---|---|---|---|---|---|---|---|---|---|019|---|009|---|---|---|---|020|---|---|---|---|---|---|---|---|---|---|---|---|---|---|---|---|---|---|---|---|---|---|---|---|---|---|---|---|---|---|---|---|---|---|---|---|---|---|---|---|---|028|---|004|---|---|007|007|---|---|---|---|---|002|---|---|011|---|---|---|---|---|---|---|016|016|016|---|029|---|010|010|---|---|002|---|---|---|---|---|---|---|001|---|---|---|021|---|---|---|---|---|---|---|---|---|---|---|---|---|---|---|---|---|015|---|---|---|---|---|---|---|---|---|---|---|030|---|033|025|---|---|---|---|035|---|---|---|---|---|---|---|---|022|032|---|---|---|---|---|031|---|---|---|---|---|---|---|---|---|---|006|---|---|---|---|---|---|---|---|---|---|---|---|---|---|---|---|---|---|---|---|---|---|---|---|---|---|---|---|034|---|---|---|---|---|---|---|---|---|---|---|---|---|015|---|---|---|---|---|---|---|014|---|---|---|---|---|---|---|---|008|---|---|027|027|027|---|---|---|---|---|---|---|---|---|---|---|---|---|---|---|---|---|---|---|---|---|---|---|---|---|---|---|
0192: ---|002|026|---|---|---|031|---|---|---|---|---|---|---|---|---|---|---|---|---|---|---|035|---|---|---|---|---|011|---|---|005|---|---|033|---|---|---|---|---|024|---|---|---|---|---|---|---|---|---|---|---|---|---|---|---|---|---|---|---|---|---|---|---|---|---|---|---|021|---|---|---|032|---|027|027|027|---|---|---|---|---|034|---|---|---|---|---|---|---|---|---|---|009|---|---|018|---|---|---|---|---|---|---|---|---|---|---|---|---|---|---|019|---|010|010|028|---|---|---|---|---|---|---|---|---|---|---|---|---|---|---|---|---|---|---|---|---|---|---|---|---|---|---|---|---|007|007|---|---|---|---|---|030|---|---|---|002|---|---|---|---|004|---|---|---|---|---|---|---|013|---|---|---|---|---|---|---|---|---|012|---|---|---|---|---|010|010|---|---|000|---|---|---|---|---|---|---|001|---|006|---|---|---|---|---|---|---|---|---|---|---|---|---|---|---|---|---|---|---|---|---|---|---|---|---|---|---|---|---|---|---|---|---|---|---|---|---|022|---|025|---|---|---|---|---|036|036|---|---|---|---|029|---|---|---|014|---|---|---|---|---|004|---|---|---|---|---|---|---|---|---|---|---|---|---|---|---|---|---|---|---|---|---|---|---|---|---|005|---|---|---|015|---|---|---|---|---|---|---|015|---|---|037|---|---|---|---|---|---|---|---|---|---|003|---|017|---|008|008|---|---|009|---|023|---|---|---|000|---|016|016|016|020|---|---|---|---|---|---|---|---|---|---|006|---|---|---|---|---|---|---|---|---|---|---|---|---|---|---|
0188: ---|---|---|---|---|---|016|016|016|---|---|---|---|---|015|002|---|---|---|003|---|---|---|---|---|013|---|---|---|---|---|026|035|---|008|---|---|---|---|---|009|---|029|---|---|034|---|---|---|---|---|---|---|---|---|---|---|---|---|---|---|---|---|001|---|---|---|---|021|---|---|---|---|---|---|---|---|---|---|023|008|---|---|---|---|---|004|---|---|---|---|---|---|005|000|---|---|---|---|---|032|---|---|---|---|---|---|---|---|002|---|---|---|---|---|---|017|005|---|---|---|---|---|---|---|---|---|---|---|---|---|---|---|---|---|---|---|---|---|---|---|---|---|---|010|010|020|---|---|---|---|022|---|---|033|---|---|---|027|027|027|---|---|007|007|---|---|---|036|036|---|---|---|---|---|010|010|---|---|---|---|---|---|---|---|---|014|---|---|---|---|---|---|---|---|---|---|---|---|---|---|---|---|---|---|---|---|---|---|---|---|---|---|006|---|---|012|---|---|---|---|---|---|---|---|---|---|---|---|---|---|---|---|---|---|---|---|---|---|---|---|---|---|---|---|---|---|---|---|030|---|---|---|009|---|---|---|---|---|000|---|---|---|---|---|---|---|---|---|---|---|---|---|---|---|---|---|---|---|---|---|---|---|---|---|---|---|---|---|---|---|---|---|---|---|---|015|---|---|---|028|031|019|---|---|---|---|---|---|---|---|---|---|---|---|---|037|---|---|---|024|018|011|---|---|---|---|---|025|---|---|---|---|---|---|---|---|---|006|---|---|---|---|---|---|---|---|---|---|---|---|---|---|---|---|---|---|---|---|---|
0184: ---|---|007|007|---|---|---|---|---|---|---|---|004|003|---|---|---|---|---|---|---|---|---|---|---|017|---|---|---|---|---|---|023|008|---|---|---|032|---|---|---|---|---|---|009|022|---|---|---|---|---|---|---|---|---|---|---|---|---|---|---|---|---|---|---|---|---|---|---|---|---|---|---|---|---|---|005|---|---|---|---|---|---|---|---|---|016|016|016|---|---|---|---|---|---|---|---|000|---|---|---|---|---|---|---|---|020|---|---|010|010|031|---|---|029|014|---|005|---|---|---|---|---|---|---|---|---|---|---|---|---|---|---|---|---|---|---|---|---|---|---|---|---|---|---|---|---|---|008|---|---|---|---|---|---|---|---|010|010|---|---|---|---|---|028|---|---|---|---|---|---|---|---|---|027|027|027|---|025|---|009|---|---|---|015|---|---|019|004|---|---|---|---|---|---|---|---|---|---|---|---|---|---|---|006|---|---|---|---|---|---|---|---|---|---|---|---|---|036|036|---|---|---|037|---|---|---|---|---|---|---|---|---|---|002|---|---|---|---|---|---|---|---|---|---|---|---|---|---|030|---|---|---|---|---|---|035|---|015|---|---|---|---|---|---|---|---|---|---|---|---|---|---|---|---|---|---|---|---|---|---|---|---|---|---|---|---|---|---|---|024|---|---|---|002|---|---|011|---|---|---|012|---|034|013|---|---|---|---|---|---|---|---|---|---|---|---|---|---|---|---|000|---|---|026|033|---|---|---|---|---|---|018|---|---|---|---|---|---|---|---|---|---|---|---|006|---|---|---|021|---|001|---|---|---|---|---|---|---|---|
0178: ---|---|---|---|024|---|---|---|---|000|---|---|---|026|034|037|---|---|---|---|---|---|---|---|---|009|---|---|---|---|---|---|031|---|---|---|010|010|---|---|---|---|---|---|016|016|016|---|---|---|---|---|---|---|---|006|---|---|---|---|---|---|---|---|---|---|---|---|---|---|---|---|---|---|030|---|---|---|---|014|---|---|---|---|028|---|---|---|---|---|---|003|025|---|---|---|---|010|010|---|---|---|015|---|---|---|---|---|---|---|036|036|---|---|029|---|022|---|---|---|---|---|---|---|---|---|---|021|---|---|---|---|---|---|---|---|001|---|---|---|---|---|---|---|---|---|---|020|---|---|032|---|---|---|---|---|---|---|015|011|---|---|---|---|---|---|023|---|---|---|---|007|007|---|---|---|---|---|---|---|---|---|---|---|---|---|---|---|---|---|---|---|---|---|---|---|---|---|---|---|---|---|---|---|---|---|---|---|---|---|---|---|---|---|---|---|---|---|---|---|---|---|---|---|---|---|---|---|---|---|---|---|---|---|---|---|---|---|005|---|---|---|---|---|---|---|035|005|---|004|002|---|---|---|---|---|---|---|---|---|---|009|---|---|---|---|---|---|006|---|---|---|---|---|---|---|---|---|---|---|---|---|---|---|---|---|---|---|---|019|---|---|---|---|013|002|---|008|008|---|033|---|012|---|---|---|---|---|---|---|---|---|---|004|---|---|---|---|---|---|---|---|---|---|---|---|---|---|000|---|027|027|027|---|---|---|---|---|---|---|---|---|---|---|---|---|---|---|---|---|---|---|---|---|---|---|---|---|---|---|
0176: ---|---|---|002|---|---|---|014|---|---|---|---|016|016|016|---|011|---|---|---|035|---|---|---|---|---|005|---|008|---|---|009|---|---|---|---|---|---|---|---|---|---|---|---|---|---|---|---|---|---|---|---|---|---|---|---|---|---|021|---|---|---|---|---|---|---|---|---|---|---|---|---|---|---|---|---|---|---|---|026|---|---|004|---|---|---|---|---|---|---|---|---|---|005|---|---|013|---|---|---|---|---|---|028|---|---|---|---|024|---|027|027|027|---|---|---|---|---|015|---|---|---|---|---|---|---|---|---|---|---|---|---|---|---|---|---|---|---|---|---|---|---|---|---|012|---|---|---|---|---|---|---|---|---|---|---|032|017|---|---|---|---|---|---|020|---|000|---|---|---|---|033|---|---|---|---|---|019|---|---|---|---|037|---|---|---|004|010|010|---|023|---|---|---|---|---|---|---|---|---|---|---|---|---|---|---|---|---|---|---|---|---|---|---|006|---|---|---|---|---|---|---|---|025|---|002|---|---|---|015|---|---|---|---|---|---|---|009|---|---|---|---|---|---|030|---|---|---|---|---|---|---|---|---|---|---|---|---|018|---|---|---|---|---|---|---|---|---|---|---|---|---|---|---|---|---|---|---|---|---|---|---|---|---|---|---|---|---|---|---|---|034|031|---|---|---|---|036|036|---|029|---|---|---|---|---|000|---|---|---|---|---|---|022|008|---|---|---|---|010|010|---|---|---|007|007|---|---|---|---|---|---|---|003|---|---|---|---|---|---|---|---|---|006|001|---|---|---|---|---|---|---|---|---|---|---|---|---|---|---|
0160: ---|015|---|---|---|---|---|---|---|034|---|---|---|---|---|---|---|---|023|---|---|010|010|---|037|---|---|---|---|---|020|---|025|---|---|---|---|---|---|---|---|---|---|---|027|027|027|---|---|---|---|---|---|---|---|---|---|---|---|---|---|---|---|---|---|---|---|---|---|---|---|---|---|---|---|022|---|---|---|---|008|008|---|---|---|---|---|---|---|---|---|---|031|---|---|---|---|028|---|007|007|---|---|002|000|---|---|---|---|---|---|---|---|---|---|035|---|---|---|---|---|---|---|---|---|---|---|---|---|---|---|---|---|006|---|---|---|---|---|---|---|---|---|---|---|---|---|009|003|---|---|---|---|026|---|---|016|016|016|---|---|---|---|---|---|---|---|---|---|024|---|---|---|---|---|005|019|000|018|---|---|---|---|---|---|---|---|017|---|---|---|---|---|001|---|---|---|---|---|---|---|---|---|---|---|---|---|---|---|---|---|---|---|---|---|---|033|---|---|---|---|---|---|005|---|---|---|---|029|---|---|015|032|---|004|---|---|036|036|---|---|---|---|---|---|---|---|---|---|---|---|---|---|---|---|011|---|---|---|012|---|004|---|---|---|---|---|---|---|---|---|---|---|021|---|---|---|006|---|---|---|---|---|---|---|---|---|---|014|---|---|---|002|---|---|---|---|---|---|---|---|---|---|010|010|---|---|---|---|---|---|---|---|030|---|---|---|---|---|---|---|---|---|---|009|---|---|---|---|---|---|---|---|---|013|---|---|---|---|---|---|---|---|---|---|---|---|---|---|---|---|---|---|---|---|---|---|---|---|---|
0158: 000|---|---|---|---|---|---|---|018|---|---|---|---|010|010|---|002|---|---|---|---|011|---|---|---|---|005|---|---|---|009|---|037|---|---|---|027|027|027|---|008|---|---|025|---|---|---|---|---|---|---|---|---|---|---|---|---|---|---|---|---|---|---|---|---|---|---|---|---|---|---|---|---|---|007|007|---|---|---|---|---|---|---|---|---|---|---|---|---|---|---|---|---|002|004|---|005|---|---|---|---|---|---|022|---|---|---|---|---|---|014|---|---|---|---|---|---|---|035|---|---|---|---|---|---|---|---|---|---|---|---|---|---|---|---|---|---|---|---|001|---|---|---|---|---|---|---|---|---|---|---|---|---|024|---|---|---|012|---|---|---|---|---|010|010|017|---|---|008|---|031|029|---|---|---|---|---|---|---|---|---|---|---|---|---|---|016|016|016|---|---|---|---|---|---|---|006|---|021|---|---|---|---|---|---|---|---|---|---|---|---|---|---|---|---|---|---|---|---|---|---|---|---|---|---|034|---|---|004|---|---|015|---|---|---|---|---|020|009|---|---|---|---|---|---|---|026|---|---|019|---|---|---|---|---|003|---|---|---|---|---|---|---|---|---|---|---|---|---|---|---|---|---|---|---|---|---|---|---|---|---|---|---|006|---|---|---|---|---|---|---|---|033|---|---|---|---|---|---|---|---|---|---|---|---|---|---|---|032|---|030|---|036|036|---|---|---|---|---|---|---|---|013|---|---|---|---|015|---|---|---|---|---|023|028|---|---|---|---|---|---|---|---|---|---|---|---|---|---|---|---|---|---|---|---|---|---|---|---|---|
0148: 007|007|---|010|010|---|---|---|---|010|010|---|---|033|---|---|---|---|---|031|---|---|---|---|---|---|---|---|011|---|---|---|---|---|---|---|---|---|---|---|---|---|---|---|---|---|004|---|---|---|---|---|---|---|---|---|---|---|---|---|---|---|---|---|006|---|---|---|---|---|---|---|---|---|---|---|037|---|---|---|---|---|---|---|---|---|---|015|012|---|008|---|---|020|---|---|---|---|---|---|---|---|---|---|---|014|029|---|---|---|---|---|---|---|---|---|---|---|---|---|---|---|---|---|---|---|---|---|---|---|---|---|---|---|---|---|---|---|---|---|---|---|---|---|---|---|---|---|---|---|---|---|---|---|---|---|---|019|---|030|---|---|009|---|---|002|---|---|---|032|024|---|---|---|---|016|016|016|---|---|---|009|---|---|---|---|---|004|028|---|---|---|---|---|---|---|---|---|---|---|---|---|---|---|---|---|---|---|021|---|---|---|---|---|---|---|---|---|---|005|000|---|---|---|---|022|---|---|---|---|---|---|017|---|---|---|---|---|---|---|---|013|---|018|---|---|---|---|---|---|---|---|---|---|---|---|015|---|036|036|---|---|---|---|---|---|---|---|---|---|---|---|---|---|---|---|---|001|---|---|---|---|---|---|---|---|---|---|---|---|---|---|---|---|000|023|---|---|---|---|003|008|---|---|---|---|027|027|027|---|034|---|---|---|---|---|025|---|---|002|---|---|035|---|026|---|---|---|---|---|---|---|005|---|---|---|---|---|---|---|---|---|---|---|---|---|---|---|006|---|---|---|---|---|---|---|---|---|---|---|
0140: 011|---|---|010|010|---|---|025|---|---|---|---|---|---|---|---|---|---|027|027|027|---|---|---|---|---|---|---|002|---|034|---|---|020|---|---|---|---|024|---|000|---|---|---|---|013|---|---|---|---|---|---|---|---|---|---|---|---|---|---|---|---|---|---|---|---|---|---|---|---|---|---|---|---|---|---|---|---|015|---|---|---|029|---|---|---|---|023|---|---|---|---|---|---|031|---|---|---|---|---|---|---|---|000|---|---|005|---|009|022|030|012|---|---|---|---|---|007|007|---|---|---|---|---|---|---|---|---|---|021|---|---|---|---|---|---|---|---|---|006|006|---|---|---|---|036|036|---|015|---|009|016|016|016|---|---|---|---|---|---|002|---|---|---|---|---|---|---|---|---|---|---|---|---|---|---|---|026|---|---|---|---|---|019|003|---|---|---|018|---|---|---|---|---|---|---|---|---|---|---|---|---|---|---|---|---|---|---|---|---|001|---|---|---|---|---|---|---|---|---|---|---|---|---|---|---|---|---|---|---|---|---|---|---|---|028|---|014|---|---|---|---|---|---|---|---|---|008|---|---|005|---|017|---|---|---|---|---|---|---|---|---|---|---|---|---|---|---|---|---|---|---|---|---|---|---|---|---|---|---|---|---|---|---|---|---|---|---|---|035|---|---|---|---|---|---|---|---|---|---|---|---|---|---|---|---|---|---|008|004|---|---|---|032|033|---|---|---|---|---|---|010|010|---|037|---|---|---|---|---|---|---|---|---|---|---|---|---|---|---|---|---|---|---|---|---|---|---|---|---|---|---|---|---|---|---|---|---|---|---|
0136: ---|---|---|---|---|---|---|023|---|---|---|---|---|---|---|---|---|---|---|---|---|015|019|---|004|008|013|---|---|---|---|---|016|016|016|---|---|---|---|---|---|---|032|---|---|---|009|---|---|---|---|---|---|---|---|---|---|---|---|---|---|---|---|---|---|---|---|---|---|---|---|---|007|007|---|---|---|---|---|---|000|---|011|---|---|017|003|---|---|---|---|---|---|---|---|---|---|---|---|---|---|---|---|026|---|005|004|---|002|---|---|---|---|---|---|---|---|037|020|---|---|---|---|---|---|---|---|---|---|---|---|---|---|---|---|---|---|---|---|---|---|---|006|---|---|---|---|---|---|---|009|010|010|---|---|---|---|---|---|---|018|---|024|---|---|---|---|---|---|---|---|---|---|---|---|027|027|027|---|---|---|---|---|---|---|---|---|036|036|---|---|---|---|---|---|---|---|---|---|---|---|---|---|---|---|---|---|---|---|---|---|---|---|---|---|---|000|---|---|022|---|---|---|---|---|---|015|---|---|---|---|---|---|---|---|---|---|---|---|---|034|---|---|---|---|---|---|---|---|---|---|---|---|---|---|---|005|---|---|028|---|---|014|---|---|---|---|006|---|---|---|---|---|---|---|---|---|---|---|---|021|---|---|---|---|---|---|---|033|---|---|---|002|---|---|---|008|---|---|---|---|---|---|035|012|---|---|---|---|---|---|---|029|---|---|---|---|---|---|---|---|---|---|---|---|---|010|010|031|---|030|---|---|025|---|---|---|---|---|---|---|---|---|---|---|---|---|---|---|---|---|001|---|---|---|---|---|---|---|---|
5000 Generations finished after 12948ms
0974: 015|017|016|---|---|---|010|010|037|---|015|---|027|027|027|000|020|---|---|036|036|015|---|---|035|002|016|016|---|---|023|010|005|---|---|---|009|014|002|---|---|---|018|016|016|016|---|---|---|---|---|---|---|---|---|---|---|---|---|---|---|006|---|---|---|---|---|---|---|---|---|---|027|027|027|---|---|---|027|027|027|---|---|---|027|027|027|---|---|---|000|005|027|009|---|---|015|010|010|---|---|---|034|027|027|027|---|---|009|004|005|---|---|---|012|---|016|016|---|---|001|---|---|---|---|---|---|---|---|---|---|---|006|---|---|---|---|---|---|---|---|---|---|---|010|010|008|---|002|---|004|026|027|027|---|---|027|027|027|---|---|---|013|015|000|---|015|---|019|004|---|016|---|---|008|---|032|---|---|---|016|016|016|009|---|---|000|008|008|000|---|---|---|---|---|---|---|---|---|---|---|---|---|---|---|---|---|---|---|---|---|---|---|---|---|---|022|015|---|---|---|---|007|007|007|007|---|---|008|029|010|010|---|---|031|033|---|---|---|---|015|028|---|---|---|---|024|003|---|---|---|---|015|---|010|010|---|---|009|025|---|---|---|---|006|---|---|---|---|---|021|006|---|---|---|---|006|---|---|---|---|---|006|006|---|---|---|---|027|027|027|---|---|---|016|016|016|---|---|---|036|036|015|---|---|---|004|036|036|011|---|---|015|030|004|---|---|---|027|027|027|---|---|---|009|010|010|005|---|---|005|008|009|---|---|---|---|---|---|---|---|---|---|006|---|---|---|---|---|---|---|---|---|---|---|006|---|---|---|---|
0972: 015|017|016|---|---|---|010|010|037|---|015|---|027|027|027|---|020|---|---|036|036|015|---|---|035|002|016|016|---|---|023|010|005|---|---|---|009|014|002|---|---|---|018|016|016|016|---|---|---|---|---|---|---|---|---|---|---|---|---|---|---|006|---|---|---|---|---|---|---|---|---|---|027|027|027|---|---|---|027|027|027|---|---|---|027|027|027|---|---|---|000|005|027|009|---|---|015|010|010|---|---|---|034|027|027|027|---|---|009|004|005|---|---|---|012|---|016|016|---|---|001|---|---|---|---|---|---|---|---|---|---|---|006|---|---|---|---|---|---|---|---|---|---|---|010|010|008|---|002|---|004|026|027|027|---|---|027|027|027|---|---|---|013|015|000|---|015|---|019|004|---|016|---|---|008|---|032|---|---|---|016|016|016|009|---|---|000|008|008|000|---|---|---|---|---|---|---|---|---|---|---|---|---|---|---|---|---|---|---|---|---|---|---|---|---|---|022|015|---|---|---|---|007|007|007|007|---|---|008|029|010|010|---|---|031|033|---|---|---|---|015|028|---|---|---|---|024|003|---|---|---|---|015|---|010|010|---|---|009|025|---|---|---|---|006|---|---|---|---|---|021|006|---|---|---|---|006|---|---|---|---|---|006|006|---|---|---|---|027|027|027|---|000|---|016|016|016|---|---|---|036|036|015|---|---|---|004|036|036|011|---|---|015|030|004|---|---|---|027|027|027|---|---|---|009|010|010|005|---|---|005|008|009|---|---|---|---|---|---|---|---|---|---|006|---|---|---|---|---|---|---|---|---|---|---|006|---|---|---|---|
0966: 015|017|016|---|---|---|010|010|037|---|015|---|027|027|027|000|020|---|014|036|036|015|---|---|035|002|016|016|---|---|023|010|005|---|---|---|009|---|002|---|---|---|018|016|016|016|---|---|---|---|---|---|---|---|---|---|---|---|---|---|---|---|---|---|---|---|---|---|---|---|---|---|027|027|027|---|---|---|027|027|027|---|---|---|027|027|027|---|---|---|000|005|027|009|---|---|015|010|010|---|---|---|034|027|027|027|---|---|009|004|005|---|---|---|012|002|016|016|---|---|001|---|---|---|---|---|---|---|---|---|---|---|006|---|---|---|---|---|---|---|---|---|---|---|010|010|008|---|002|---|004|026|027|027|---|---|027|027|027|---|---|---|013|015|000|---|015|---|019|004|---|016|---|---|008|---|032|---|---|---|016|016|016|009|---|---|000|008|008|000|---|---|---|---|---|---|---|---|---|---|---|---|---|---|---|---|---|---|---|---|---|---|---|---|---|---|022|015|---|---|---|---|007|007|007|007|---|---|008|029|010|010|---|---|031|033|---|---|---|---|015|028|---|---|---|---|024|003|---|---|---|---|015|---|010|010|---|---|009|025|---|---|---|---|---|---|---|---|---|---|021|006|---|---|---|---|006|---|---|---|---|---|006|006|---|---|---|---|027|027|027|---|---|---|016|016|016|---|---|---|036|036|015|---|---|---|004|036|036|011|---|---|015|030|004|---|---|---|027|027|027|---|---|---|009|010|010|005|---|---|005|008|009|---|---|---|---|---|---|---|---|---|---|006|---|---|---|---|---|---|---|---|---|---|---|006|---|---|---|---|
0966: 015|017|016|---|---|---|010|010|037|---|015|---|027|027|027|000|020|---|---|036|036|015|---|---|035|002|016|016|---|---|023|010|005|---|---|---|009|014|002|---|---|---|018|016|016|016|---|---|---|---|---|---|---|---|---|---|---|---|---|---|---|---|---|---|---|---|---|---|---|---|---|---|027|027|027|---|---|---|027|027|027|---|---|---|027|027|027|---|---|---|000|005|027|009|---|---|015|010|010|---|---|---|034|027|027|027|---|---|009|004|005|---|---|---|012|---|016|016|---|---|001|---|---|---|---|---|---|---|---|---|---|---|006|---|---|---|---|---|---|---|---|---|---|---|010|010|008|---|002|---|004|026|027|027|---|---|027|027|027|---|---|---|013|015|000|---|015|---|019|004|---|016|---|---|008|---|032|---|---|---|016|016|016|009|---|---|000|008|008|000|---|---|---|---|---|---|---|---|---|---|---|---|---|---|---|---|---|---|---|---|---|---|---|---|---|---|022|015|---|---|---|---|007|007|007|007|---|---|008|029|010|010|---|---|031|033|---|---|---|---|015|028|---|---|---|---|024|003|---|---|---|---|015|---|010|010|---|---|009|025|---|---|---|---|006|---|---|---|---|---|021|006|---|---|---|---|006|---|---|---|---|---|006|006|---|---|---|---|027|027|027|---|---|---|016|016|016|---|---|---|036|036|015|---|---|---|004|036|036|011|---|---|015|030|004|---|---|---|027|027|027|---|---|---|009|010|010|005|---|---|005|008|009|---|---|---|---|---|---|---|---|---|---|006|---|---|---|---|---|---|---|---|---|---|---|006|---|---|---|---|
0966: 015|017|016|---|---|---|010|010|037|---|015|---|027|027|027|---|020|---|014|036|036|015|---|---|035|002|016|016|---|---|023|010|---|---|---|---|009|---|002|---|---|---|018|016|016|016|---|---|---|---|---|---|---|---|---|---|---|---|---|---|---|---|---|---|---|---|021|---|---|---|---|---|027|027|027|---|---|---|027|027|027|---|---|---|027|027|027|011|---|---|000|005|027|009|---|---|015|010|010|---|---|---|034|027|027|027|---|---|009|004|005|---|---|---|012|031|016|016|---|---|---|---|---|---|---|---|---|---|---|---|---|---|006|---|---|---|---|---|---|---|---|---|---|---|010|010|008|---|002|---|004|026|027|027|---|---|027|027|027|---|008|---|013|015|000|---|015|---|019|004|029|016|---|---|008|022|032|---|---|---|016|016|016|009|---|---|000|008|008|---|---|---|001|---|---|---|---|---|---|---|---|---|---|---|---|---|---|---|---|---|---|---|---|---|---|---|005|015|---|---|---|---|007|007|007|007|---|---|008|---|010|010|---|---|009|033|---|---|---|---|015|028|---|---|---|---|024|003|---|---|---|---|015|---|010|010|---|---|009|025|---|---|---|---|---|006|---|---|---|---|---|006|---|---|---|---|006|---|---|---|---|---|006|006|---|---|---|---|027|027|027|---|---|---|016|016|016|---|---|---|036|036|015|---|---|---|004|036|036|---|---|---|015|030|004|---|---|---|027|027|027|---|---|---|009|010|010|005|---|---|005|008|009|---|---|---|---|---|---|---|---|---|---|---|---|---|---|---|---|---|---|---|---|---|---|006|---|---|---|---|
0962: 015|017|016|---|---|---|010|010|037|---|015|---|027|027|027|000|020|---|---|036|036|015|---|---|035|002|016|016|---|---|023|010|005|---|---|---|009|014|002|---|---|---|018|016|016|016|---|---|---|---|---|---|---|---|---|---|---|---|---|---|---|---|---|---|---|---|---|---|---|---|---|---|027|027|027|---|---|---|027|027|027|---|---|---|027|027|027|---|---|---|000|005|027|009|---|---|015|010|010|---|---|---|034|027|027|027|---|---|009|004|005|---|---|---|012|---|016|016|---|---|001|---|---|---|---|---|---|---|---|---|---|---|006|---|---|---|---|---|---|---|---|---|---|---|010|010|008|---|002|---|004|026|027|027|---|---|027|027|027|---|---|---|013|015|000|---|015|---|019|004|---|016|000|---|008|---|032|---|---|---|016|016|016|009|---|---|000|008|008|000|---|---|---|---|---|---|---|---|---|---|---|---|---|---|---|---|---|---|---|---|---|---|---|---|---|---|022|015|---|---|---|---|007|007|007|007|---|---|008|029|010|010|---|---|031|033|---|---|---|---|015|028|---|---|---|---|024|003|---|---|---|---|015|---|010|010|---|---|009|025|---|---|---|---|006|---|---|---|---|---|021|006|---|---|---|---|006|---|---|---|---|---|006|006|---|---|---|---|027|027|027|---|---|---|016|016|016|---|---|---|036|036|015|---|---|---|004|036|036|011|---|---|015|030|004|---|---|---|027|027|027|---|---|---|009|010|010|005|---|---|005|008|009|---|---|---|---|---|---|---|---|---|---|006|---|---|---|---|---|---|---|---|---|---|---|006|---|---|---|---|
0962: 015|017|016|---|---|---|010|010|037|---|015|---|027|027|027|000|020|---|014|036|036|015|---|---|035|002|016|016|---|---|023|010|005|---|---|---|009|---|002|---|---|---|018|016|016|016|---|---|---|---|---|---|---|---|---|---|---|---|---|---|---|---|---|---|---|---|---|---|---|---|---|---|027|027|027|---|---|---|027|027|027|---|---|---|027|027|027|---|---|---|000|005|027|009|---|---|015|010|010|---|---|---|034|027|027|027|---|---|009|004|005|---|---|---|012|002|016|016|---|---|001|---|---|---|---|---|---|---|---|---|---|---|006|---|---|---|---|---|---|---|---|---|---|---|010|010|008|---|002|---|004|026|027|027|---|---|027|027|027|---|---|---|013|015|000|---|015|---|019|004|---|016|---|---|008|---|032|---|---|---|016|016|016|009|---|---|000|008|008|000|---|---|---|---|---|---|---|---|---|---|---|---|006|---|---|---|---|---|---|---|---|---|---|---|---|---|022|015|---|---|---|---|007|007|007|007|---|---|008|029|010|010|---|---|031|033|---|---|---|---|015|028|---|---|---|---|024|003|---|---|---|---|015|---|010|010|---|---|009|025|---|---|---|---|---|---|---|---|---|---|021|006|---|---|---|---|006|---|---|---|---|---|006|006|---|---|---|---|027|027|027|---|---|---|016|016|016|---|---|---|036|036|015|---|---|---|004|036|036|011|---|---|015|030|004|---|---|---|027|027|027|---|---|---|009|010|010|005|---|---|005|008|009|---|---|---|---|---|---|---|---|---|---|006|---|---|---|---|---|---|---|---|---|---|---|006|---|---|---|---|
0962: 015|017|016|---|---|---|010|010|037|---|015|---|027|027|027|000|020|---|014|036|036|015|---|---|035|002|016|016|---|---|023|010|005|---|---|---|009|---|002|---|---|---|018|016|016|016|---|---|---|---|---|---|---|---|---|---|---|---|---|---|---|---|---|---|---|---|---|---|---|---|---|---|027|027|027|---|---|---|027|027|027|---|---|---|027|027|027|---|---|---|000|005|027|009|---|---|015|010|010|---|---|---|034|027|027|027|---|---|009|004|005|---|---|---|012|002|016|016|---|---|001|---|---|---|---|---|---|---|---|---|---|---|006|---|---|---|---|---|---|---|---|---|---|---|010|010|008|---|002|---|004|026|027|027|---|---|027|027|027|---|---|---|013|015|000|---|015|---|019|004|---|016|---|---|008|---|032|---|---|---|016|016|016|009|---|---|000|008|008|000|---|---|---|---|---|---|---|---|---|---|---|---|---|---|---|---|---|---|---|---|---|---|---|---|---|---|022|015|---|---|---|---|007|007|007|007|---|---|008|029|010|010|---|---|031|033|---|---|---|---|015|028|---|---|---|---|024|003|---|---|---|---|015|---|010|010|---|---|009|025|---|---|---|---|---|---|---|---|---|---|021|006|---|---|---|---|006|---|---|---|---|---|006|006|---|---|---|---|027|027|027|---|---|---|016|016|016|---|002|---|036|036|015|---|---|---|004|036|036|011|---|---|015|030|004|---|---|---|027|027|027|---|---|---|009|010|010|005|---|---|005|008|009|---|---|---|---|---|---|---|---|---|---|006|---|---|---|---|---|---|---|---|---|---|---|006|---|---|---|---|
0960: 015|017|016|---|---|---|010|010|037|---|015|---|027|027|027|000|020|---|---|036|036|015|---|---|035|002|016|016|---|---|023|010|005|---|---|---|009|014|002|---|---|---|018|016|016|016|---|---|---|---|---|---|---|---|---|---|---|---|---|---|---|---|---|---|---|---|---|---|---|---|---|---|027|027|027|---|---|---|027|027|027|---|---|---|027|027|027|---|---|---|000|005|027|009|---|---|015|010|010|---|---|---|034|027|027|027|---|---|009|004|005|---|---|---|012|---|016|016|---|---|001|---|---|---|---|---|---|---|---|---|---|---|006|---|---|---|---|---|---|---|---|---|---|---|010|010|008|---|002|---|004|026|027|027|---|---|027|027|027|---|---|---|013|015|000|009|015|---|019|004|---|016|000|---|008|---|032|---|---|---|016|016|016|009|---|---|000|008|008|000|---|---|---|---|---|---|---|---|---|---|---|---|---|---|---|---|---|---|---|---|---|---|---|---|---|---|022|015|---|---|---|---|007|007|007|007|---|---|008|029|010|010|---|---|031|033|---|---|---|---|015|028|---|---|---|---|024|003|---|---|---|---|015|---|010|010|---|---|009|025|---|---|---|---|006|---|---|---|---|---|021|006|---|---|---|---|006|---|---|---|---|---|006|006|---|---|---|---|027|027|027|---|---|---|016|016|016|---|---|---|036|036|015|---|---|---|004|036|036|011|---|---|015|030|004|---|---|---|027|027|027|---|---|---|009|010|010|005|---|---|005|008|009|---|---|---|---|---|---|---|---|---|---|006|---|---|---|---|---|---|---|---|---|---|---|006|---|---|---|---|
0960: 015|017|016|---|---|---|010|010|037|---|015|---|027|027|027|005|020|---|---|036|036|015|---|---|035|002|016|016|---|---|023|010|005|---|---|---|009|014|002|---|---|---|018|016|016|016|---|---|---|---|---|---|---|---|---|---|---|---|---|---|---|---|---|---|---|---|---|---|---|---|---|---|027|027|027|---|---|---|027|027|027|---|---|---|027|027|027|---|---|---|000|005|027|009|---|---|015|010|010|---|---|---|034|027|027|027|---|---|009|004|005|---|---|---|012|---|016|016|---|---|001|---|---|---|---|---|---|---|---|---|---|---|---|---|---|---|---|---|---|---|---|---|---|---|010|010|008|---|002|---|004|026|027|027|---|---|027|027|027|---|---|---|013|015|000|---|015|---|019|004|005|016|---|---|008|---|032|---|---|---|016|016|016|009|---|---|000|008|008|---|---|---|---|---|---|---|---|---|006|---|---|---|---|---|---|---|---|---|---|---|---|---|---|---|---|---|022|015|---|---|---|---|007|007|007|007|---|---|008|029|010|010|---|---|031|033|---|---|---|---|015|028|---|---|---|---|024|003|---|---|---|---|015|---|010|010|---|---|009|025|---|---|011|---|---|---|---|---|---|---|021|006|---|---|---|---|006|---|---|---|---|---|006|006|---|---|---|---|027|027|027|---|---|---|016|016|016|---|---|---|036|036|015|---|---|---|004|036|036|---|---|---|015|030|004|---|---|---|027|027|027|---|---|---|009|010|010|005|---|---|005|008|009|---|---|---|---|---|---|---|---|---|---|006|---|---|---|---|---|---|---|---|---|---|---|006|---|---|---|---|
0960: 015|017|016|---|---|---|010|010|037|---|015|---|027|027|027|---|020|---|---|036|036|015|---|---|035|002|016|016|---|---|023|010|005|---|---|---|---|014|002|---|---|---|018|016|016|016|---|---|---|---|---|---|---|---|---|---|---|---|---|---|---|006|---|---|---|---|---|---|---|---|---|---|027|027|027|---|---|---|027|027|027|---|---|---|027|027|027|---|---|---|000|005|027|009|---|---|015|010|010|---|---|---|034|027|027|027|---|---|009|004|005|---|---|---|012|---|016|016|---|---|001|---|---|---|---|---|---|---|---|---|---|---|006|---|---|---|---|---|---|---|---|---|---|---|010|010|008|---|002|---|004|026|027|027|---|---|027|027|027|---|---|---|013|015|000|---|015|---|019|004|---|016|---|---|008|---|032|---|---|---|016|016|016|009|---|---|000|008|008|000|---|---|---|---|---|---|---|---|---|---|---|---|---|---|---|---|---|---|---|---|---|---|---|---|---|---|022|015|---|---|---|---|007|007|007|007|---|---|008|029|010|010|---|---|031|033|---|---|---|---|015|028|---|---|---|---|024|003|---|---|---|---|015|---|010|010|---|---|009|025|---|---|---|---|006|---|---|---|---|---|021|006|---|---|---|---|006|---|---|---|---|---|006|006|---|---|---|---|027|027|027|---|000|---|016|016|016|---|---|---|036|036|015|---|---|---|004|036|036|011|---|---|015|030|004|---|---|---|027|027|027|009|---|---|009|010|010|005|---|---|005|008|009|---|---|---|---|---|---|---|---|---|---|006|---|---|---|---|---|---|---|---|---|---|---|006|---|---|---|---|
0960: 015|017|016|---|---|---|010|010|037|---|015|---|027|027|027|000|020|---|023|036|036|015|---|---|035|002|016|016|---|---|---|010|005|---|---|---|009|014|002|---|---|---|018|016|016|016|---|---|---|---|---|---|---|---|---|---|---|---|---|---|---|---|---|---|---|---|---|---|---|---|---|---|027|027|027|---|---|---|027|027|027|---|---|---|027|027|027|---|---|---|000|005|027|009|---|---|015|010|010|---|---|---|034|027|027|027|---|---|009|004|005|---|---|---|012|---|016|016|---|---|001|---|---|---|---|---|---|---|---|---|---|---|006|---|---|---|---|---|---|---|---|---|---|---|010|010|008|---|002|---|004|026|027|027|---|---|027|027|027|---|---|---|013|015|000|---|015|---|019|004|---|016|---|---|008|022|032|---|---|---|016|016|016|009|---|---|000|008|008|---|---|---|---|---|---|---|---|---|---|---|006|---|---|---|---|---|---|---|---|---|---|---|---|---|---|---|---|015|---|---|---|---|007|007|007|007|---|---|008|029|010|010|---|---|031|033|---|---|---|---|015|028|---|---|---|---|024|003|---|---|---|---|015|---|010|010|---|---|009|025|---|---|---|---|---|---|---|---|---|---|021|006|---|---|---|---|006|---|---|---|---|---|006|006|---|---|---|---|027|027|027|---|---|---|016|016|016|---|---|---|036|036|015|---|---|---|004|036|036|011|---|---|015|030|004|---|---|---|027|027|027|---|---|---|009|010|010|005|---|---|005|008|009|---|---|---|---|---|---|---|---|---|---|006|---|---|---|---|---|---|---|---|---|---|---|006|---|---|---|---|
0960: 015|017|016|---|---|---|010|010|037|---|015|---|027|027|027|000|020|---|023|036|036|015|---|---|035|002|016|016|---|---|---|010|005|---|---|---|009|014|002|---|---|---|018|016|016|016|---|---|---|---|---|---|---|---|---|---|---|---|---|---|---|---|---|---|---|---|---|---|---|---|---|---|027|027|027|---|---|---|027|027|027|---|---|---|027|027|027|---|---|---|000|005|027|009|---|---|015|010|010|---|---|---|034|027|027|027|---|---|009|004|005|---|---|---|012|030|016|016|---|---|001|---|---|---|---|---|---|---|---|---|---|---|006|---|---|---|---|---|---|---|---|---|---|---|010|010|008|---|002|---|004|026|027|027|---|---|027|027|027|---|---|---|013|015|000|---|015|---|019|004|---|016|---|---|008|022|032|---|---|---|016|016|016|009|---|---|000|008|008|---|---|---|---|---|---|---|---|---|---|---|006|---|---|---|---|---|---|---|---|---|---|---|---|---|---|---|---|015|---|---|---|---|007|007|007|007|---|---|008|029|010|010|---|---|031|033|---|---|---|---|015|028|---|---|---|---|024|003|---|---|---|---|015|---|010|010|---|---|009|025|---|---|---|---|---|---|---|---|---|---|021|006|---|---|---|---|006|---|---|---|---|---|006|006|---|---|---|---|027|027|027|---|---|---|016|016|016|---|---|---|036|036|015|---|---|---|004|036|036|011|---|---|015|---|004|---|---|---|027|027|027|---|---|---|009|010|010|005|---|---|005|008|009|---|---|---|---|---|---|---|---|---|---|006|---|---|---|---|---|---|---|---|---|---|---|006|---|---|---|---|
0960: 015|017|016|---|---|---|010|010|037|---|015|---|027|027|027|000|020|---|023|036|036|015|---|---|035|002|016|016|---|---|---|010|005|---|---|---|009|014|002|---|---|---|018|016|016|016|---|---|---|---|---|---|---|---|---|---|---|---|---|---|---|---|---|---|---|---|---|---|---|---|---|---|027|027|027|---|---|---|027|027|027|---|---|---|027|027|027|---|---|---|000|005|027|009|---|---|015|010|010|---|---|---|034|027|027|027|---|---|009|004|005|---|---|---|012|025|016|016|---|---|001|---|---|---|---|---|---|---|---|---|---|---|006|---|---|---|---|---|---|---|---|---|---|---|010|010|008|---|002|---|004|026|027|027|---|---|027|027|027|---|---|---|013|015|000|---|015|---|019|004|---|016|---|---|008|022|032|---|---|---|016|016|016|009|---|---|000|008|008|---|---|---|---|---|---|---|---|---|---|---|006|---|---|---|---|---|---|---|---|---|---|---|---|---|---|---|---|015|---|---|---|---|007|007|007|007|---|---|008|029|010|010|---|---|031|033|---|---|---|---|015|028|---|---|---|---|024|003|---|---|---|---|015|---|010|010|---|---|009|---|---|---|---|---|---|---|---|---|---|---|021|006|---|---|---|---|006|---|---|---|---|---|006|006|---|---|---|---|027|027|027|---|---|---|016|016|016|---|---|---|036|036|015|---|---|---|004|036|036|011|---|---|015|030|004|---|---|---|027|027|027|---|---|---|009|010|010|005|---|---|005|008|009|---|---|---|---|---|---|---|---|---|---|006|---|---|---|---|---|---|---|---|---|---|---|006|---|---|---|---|
0960: 015|017|016|---|---|---|010|010|037|---|015|---|027|027|027|---|020|---|---|036|036|015|---|---|035|002|016|016|---|---|023|010|005|---|---|---|009|---|002|---|---|---|018|016|016|016|---|---|---|---|---|---|---|---|---|---|---|---|---|---|---|006|---|---|---|---|---|---|---|---|---|---|027|027|027|---|---|---|027|027|027|---|---|---|027|027|027|---|---|---|000|005|027|009|---|---|015|010|010|---|---|---|034|027|027|027|---|---|009|004|005|---|---|---|012|---|016|016|014|---|001|---|---|---|---|---|---|---|---|---|---|---|006|---|---|---|---|---|---|---|---|---|---|---|010|010|008|---|002|---|004|026|027|027|---|---|027|027|027|---|---|---|013|015|000|---|015|---|019|004|---|016|---|---|008|---|032|---|---|---|016|016|016|009|---|---|000|008|008|000|---|---|---|---|---|---|---|---|---|---|---|---|---|---|---|---|---|---|---|---|---|---|---|---|---|---|022|015|---|---|---|---|007|007|007|007|---|---|008|029|010|010|---|---|031|033|---|---|---|---|015|028|---|---|---|---|024|003|---|---|---|---|015|---|010|010|---|---|009|025|---|---|---|---|006|---|---|---|---|---|021|006|---|---|---|---|006|---|---|---|---|---|006|006|---|---|---|---|027|027|027|---|000|---|016|016|016|---|---|---|036|036|015|---|---|---|004|036|036|011|---|---|015|030|004|---|---|---|027|027|027|---|---|---|009|010|010|005|---|---|005|008|009|---|---|---|---|---|---|---|---|---|---|006|---|---|---|---|---|---|---|---|---|---|---|006|---|---|---|---|
0958: 015|017|016|---|---|---|010|010|037|---|015|---|027|027|027|---|020|---|023|036|036|015|---|---|035|002|016|016|---|---|---|010|005|---|---|---|009|014|002|---|---|---|018|016|016|016|---|---|---|---|---|---|---|---|---|---|---|---|---|---|---|---|---|---|---|---|---|---|---|---|---|---|027|027|027|---|---|---|027|027|027|---|---|---|027|027|027|---|---|---|000|005|027|009|---|---|015|010|010|---|---|---|034|027|027|027|---|---|009|004|005|---|---|---|012|030|016|016|---|---|001|---|---|---|---|---|---|---|---|---|---|---|006|---|---|---|---|---|---|---|---|---|---|---|010|010|008|---|002|---|004|026|027|027|000|---|027|027|027|---|---|---|013|015|000|---|015|---|019|004|---|016|---|---|008|022|032|---|---|---|016|016|016|009|---|---|000|008|008|---|---|---|---|---|---|---|---|---|---|---|006|---|---|---|---|---|---|---|---|---|---|---|---|---|---|---|---|015|---|---|---|---|007|007|007|007|---|---|008|029|010|010|---|---|031|033|---|---|---|---|015|028|---|---|---|---|024|003|---|---|---|---|015|---|010|010|---|---|009|025|---|---|---|---|---|---|---|---|---|---|021|006|---|---|---|---|006|---|---|---|---|---|006|006|---|---|---|---|027|027|027|---|---|---|016|016|016|---|---|---|036|036|015|---|---|---|004|036|036|011|---|---|015|---|004|---|---|---|027|027|027|---|---|---|009|010|010|005|---|---|005|008|009|---|---|---|---|---|---|---|---|---|---|006|---|---|---|---|---|---|---|---|---|---|---|006|---|---|---|---|
0958: 015|017|016|---|---|---|010|010|037|---|015|---|027|027|027|000|020|---|003|036|036|015|---|---|035|002|016|016|---|---|023|010|005|---|---|---|009|014|002|---|---|---|018|016|016|016|---|---|---|---|---|---|---|---|---|---|---|---|---|---|---|---|---|---|---|---|---|---|---|---|---|---|027|027|027|---|---|---|027|027|027|---|---|---|027|027|027|---|---|---|000|005|027|009|---|---|015|010|010|---|---|---|034|027|027|027|---|---|009|004|005|---|---|---|012|---|016|016|---|---|001|---|---|---|---|---|---|---|---|---|---|---|006|---|---|---|---|---|---|---|---|---|---|---|010|010|008|---|002|---|004|026|027|027|---|---|027|027|027|---|---|---|013|015|000|---|015|---|019|004|---|016|---|---|008|---|032|---|---|---|016|016|016|009|---|---|000|008|008|000|---|---|---|---|---|---|---|---|---|---|---|---|---|---|---|---|---|---|---|---|---|---|---|---|---|---|022|015|---|---|---|---|007|007|007|007|---|---|008|029|010|010|---|---|031|033|---|---|---|---|015|028|---|---|---|---|024|---|---|---|---|---|015|---|010|010|---|---|009|025|---|---|---|---|---|---|---|---|---|---|021|006|---|---|---|---|006|---|---|---|---|---|006|006|---|---|---|---|027|027|027|---|---|---|016|016|016|---|---|---|036|036|015|---|---|---|004|036|036|011|---|---|015|030|004|---|---|---|027|027|027|---|---|---|009|010|010|005|---|---|005|008|009|---|---|---|---|---|---|---|---|---|---|006|---|---|---|---|---|---|---|---|---|---|---|006|---|---|---|---|
0958: 015|017|016|---|---|---|010|010|---|---|015|---|027|027|027|000|020|---|014|036|036|015|---|---|035|002|016|016|---|---|023|010|005|---|---|---|009|---|002|---|---|---|018|016|016|016|---|---|---|---|---|---|---|---|---|---|---|---|---|---|---|---|---|---|---|---|---|---|---|---|---|---|027|027|027|---|---|---|027|027|027|---|---|---|027|027|027|---|---|---|000|005|027|009|---|---|015|010|010|---|---|---|034|027|027|027|---|---|009|004|005|---|---|---|012|002|016|016|---|---|001|---|---|---|---|---|---|---|---|---|---|---|006|---|---|---|---|---|---|---|---|---|---|---|010|010|008|---|002|---|004|026|027|027|---|---|027|027|027|---|---|---|013|015|000|---|015|---|019|004|---|016|---|---|008|---|032|---|---|---|016|016|016|009|---|---|000|008|008|000|---|---|---|---|---|---|---|---|---|---|---|---|---|---|---|---|---|---|---|---|---|---|---|---|---|---|022|015|---|---|---|---|007|007|007|007|037|---|008|029|010|010|---|---|031|033|---|---|---|---|015|028|---|---|---|---|024|003|---|---|---|---|015|---|010|010|---|---|009|025|---|---|---|---|---|---|---|---|---|---|021|006|---|---|---|---|006|---|---|---|---|---|006|006|---|---|---|---|027|027|027|---|---|---|016|016|016|---|---|---|036|036|015|---|---|---|004|036|036|011|---|---|015|030|004|---|---|---|027|027|027|---|---|---|009|010|010|005|---|---|005|008|009|---|---|---|---|---|---|---|---|---|---|006|---|---|---|---|---|---|---|---|---|---|---|006|---|---|---|---|
0958: 015|017|016|---|---|---|010|010|037|---|015|---|027|027|027|005|020|---|---|036|036|015|---|---|035|002|016|016|---|---|023|010|005|---|---|---|009|014|002|---|---|---|018|016|016|016|---|---|---|---|---|---|---|---|---|---|---|---|---|---|---|---|---|---|---|---|---|---|---|---|---|---|027|027|027|---|---|---|027|027|027|---|---|---|027|027|027|---|---|---|000|005|027|009|---|---|015|010|010|---|---|---|034|027|027|027|---|---|009|004|005|---|---|---|012|---|016|016|---|---|001|---|---|---|---|---|---|---|---|---|---|---|---|---|---|---|---|---|---|---|---|---|---|---|010|010|008|---|002|---|004|026|027|027|---|---|027|027|027|---|---|---|013|015|000|---|015|---|019|004|005|016|---|---|008|022|032|---|---|---|016|016|016|009|---|---|000|008|008|---|---|---|---|---|---|---|---|---|006|---|---|---|---|---|---|---|---|---|---|---|---|---|---|---|---|---|---|015|---|---|---|---|007|007|007|007|---|---|008|029|010|010|---|---|031|033|---|---|---|---|015|028|---|---|---|---|024|003|---|---|---|---|015|---|010|010|---|---|009|025|---|---|011|---|---|---|---|---|---|---|021|006|---|---|---|---|006|---|---|---|---|---|006|006|---|---|---|---|027|027|027|---|---|---|016|016|016|---|---|---|036|036|015|---|---|---|004|036|036|---|---|---|015|030|004|---|---|---|027|027|027|---|---|---|009|010|010|005|---|---|005|008|009|---|---|---|---|---|---|---|---|---|---|006|---|---|---|---|---|---|---|---|---|---|---|006|---|---|---|---|
0958: 015|017|016|---|---|---|010|010|037|---|015|---|027|027|027|005|020|---|034|036|036|015|---|---|035|002|016|016|---|---|023|010|005|---|---|---|009|014|002|---|---|---|018|016|016|016|---|---|---|---|---|---|---|---|---|---|---|---|---|---|---|---|---|---|---|---|---|---|---|---|---|---|027|027|027|---|---|---|027|027|027|---|---|---|027|027|027|---|---|---|000|005|027|009|---|---|015|010|010|---|---|---|---|027|027|027|---|---|009|004|005|---|---|---|012|---|016|016|---|---|001|---|---|---|---|---|---|---|---|---|---|---|006|---|---|---|---|---|---|---|---|---|---|---|010|010|008|---|002|---|004|026|027|027|---|---|027|027|027|---|---|---|013|015|000|---|015|---|019|004|005|016|---|---|008|022|032|---|---|---|016|016|016|009|---|---|000|008|008|---|---|---|---|---|---|---|---|---|---|---|---|---|---|---|---|---|---|---|---|---|---|---|---|---|---|---|---|015|---|---|---|---|007|007|007|007|---|---|008|029|010|010|---|---|031|033|---|---|---|---|015|028|---|---|---|---|024|003|---|---|---|---|015|---|010|010|---|---|009|025|---|---|011|---|---|---|---|---|---|---|021|006|---|---|---|---|006|---|---|---|---|---|006|006|---|---|---|---|027|027|027|---|---|---|016|016|016|---|---|---|036|036|015|---|---|---|004|036|036|---|---|---|015|030|004|---|---|---|027|027|027|---|---|---|009|010|010|005|---|---|005|008|009|---|---|---|---|---|---|---|---|---|---|006|---|---|---|---|---|---|---|---|---|---|---|006|---|---|---|---|
############
Alle Professoren
Tag 0
Block 3 in Raum E213
Tag 1
Block 0 in Raum E301
Tag 2
Block 2 in Raum E301
Block 0 in Raum E305
Block 3 in Raum E305
Tag 3
Tag 4

############

Tag 0
Tag 1
Block 0 in Raum LI008(Lab)
Tag 2
Tag 3
Tag 4

############
!!Noch nicht angelegt
Tag 0
Block 1 in Raum E302
Block 2 in Raum E304
Tag 1
Tag 2
Block 4 in Raum E201
Tag 3
Tag 4

############
Bröckl
Tag 0
Tag 1
Tag 2
Tag 3
Block 1 in Raum E303
Tag 4

############
Ditzinger
Tag 0
Tag 1
Block 1 in Raum E304
Tag 2
Block 0 in Raum E203
Block 1 in Raum E302
Tag 3
Tag 4
Block 0 in Raum E301
Block 2 in Raum E302

############
Dübon
Tag 0
Block 2 in Raum E303
Tag 1
Block 1 in Raum E301
Block 2 in Raum E304
Tag 2
Tag 3
Tag 4
Block 3 in Raum E304
Block 0 in Raum E305

############
Fuchß
Tag 0
Block 1 in Raum LI137(Lab)
Tag 1
Block 0 in Raum LI137(Lab)
Tag 2
Tag 3
Block 0 in Raum LI008(Lab)
Block 1 in Raum LI136(Lab)
Block 0 in Raum LI137(Lab)
Block 0 in Raum LI141(Lab)
Block 1 in Raum LI141(Lab)
Tag 4
Block 1 in Raum LI136(Lab)
Block 1 in Raum LI141(Lab)

############
Gmeiner
Tag 0
Tag 1
Block 1 in Raum E203
Tag 2
Tag 3
Block 0 in Raum E203
Block 1 in Raum E203
Block 2 in Raum E203
Block 3 in Raum E203
Tag 4

############
Graf
Tag 0
Tag 1
Tag 2
Block 2 in Raum E201
Block 0 in Raum E303
Block 1 in Raum E305
Block 2 in Raum E305
Tag 3
Block 0 in Raum E213
Tag 4
Block 1 in Raum E305

############
Gremminger
Tag 0
Block 0 in Raum E304
Tag 1
Block 3 in Raum E301
Block 0 in Raum E304
Tag 2
Block 3 in Raum E304
Tag 3
Block 0 in Raum E305
Tag 4
Block 0 in Raum E304
Block 2 in Raum E305

############
Haneke
Tag 0
Block 0 in Raum E203
Block 1 in Raum E203
Block 1 in Raum E303
Block 2 in Raum E303
Tag 1
Block 1 in Raum E302
Block 2 in Raum E302
Tag 2
Block 0 in Raum E201
Block 1 in Raum E201
Tag 3
Block 2 in Raum E213
Block 3 in Raum E213
Block 2 in Raum E304
Block 3 in Raum E304
Tag 4
Block 1 in Raum E304
Block 2 in Raum E304

############
Heberle
Tag 0
Tag 1
Tag 2
Tag 3
Tag 4
Block 3 in Raum E301

############
Henning
Tag 0
Tag 1
Block 0 in Raum E305
Tag 2
Tag 3
Tag 4

############
Hoffmann
Tag 0
Tag 1
Tag 2
Block 0 in Raum E301
Tag 3
Tag 4

############
Hofmann
Tag 0
Block 1 in Raum E304
Tag 1
Tag 2
Tag 3
Tag 4

############
Hüttel
Tag 0
Block 0 in Raum E201
Block 4 in Raum E203
Block 3 in Raum E301
Tag 1
Block 0 in Raum E302
Tag 2
Block 1 in Raum E301
Block 4 in Raum E301
Tag 3
Block 1 in Raum E201
Block 0 in Raum E302
Block 0 in Raum E304
Tag 4
Block 0 in Raum E213
Block 2 in Raum E213
Block 0 in Raum E302

############
Körner
Tag 0
Block 2 in Raum E201
Block 2 in Raum E302
Block 3 in Raum E302
Block 1 in Raum E305
Block 2 in Raum E305
Block 3 in Raum E305
Tag 1
Block 2 in Raum E305
Block 3 in Raum E305
Tag 2
Block 3 in Raum E302
Block 0 in Raum E304
Block 1 in Raum E304
Block 2 in Raum E304
Tag 3
Tag 4
Block 0 in Raum E203
Block 1 in Raum E203
Block 2 in Raum E203

############
Laubenheimer
Tag 0
Block 1 in Raum E201
Tag 1
Tag 2
Tag 3
Tag 4

############
Link
Tag 0
Block 0 in Raum E305
Tag 1
Tag 2
Tag 3
Tag 4

############
Martin
Tag 0
Tag 1
Tag 2
Block 0 in Raum E302
Tag 3
Tag 4

############
Meisel
Tag 0
Block 4 in Raum E213
Tag 1
Tag 2
Tag 3
Tag 4

############
Morgenstern
Tag 0
Tag 1
Tag 2
Tag 3
Block 0 in Raum LI136(Lab)
Tag 4

############
Müller
Tag 0
Tag 1
Tag 2
Tag 3
Block 0 in Raum E201
Tag 4

############
Nees
Tag 0
Block 0 in Raum E303
Tag 1
Tag 2
Tag 3
Tag 4

############
Nestler
Tag 0
Block 0 in Raum E213
Tag 1
Tag 2
Tag 3
Block 0 in Raum E303
Tag 4

############
Neumann
Tag 0
Tag 1
Tag 2
Tag 3
Block 1 in Raum E305
Tag 4

############
Pape
Tag 0
Tag 1
Tag 2
Block 1 in Raum E203
Tag 3
Tag 4

############
Philipp
Tag 0
Block 0 in Raum E213
Block 1 in Raum E213
Block 2 in Raum E213
Tag 1
Block 0 in Raum E201
Block 1 in Raum E201
Block 2 in Raum E201
Block 0 in Raum E203
Block 1 in Raum E203
Block 2 in Raum E203
Block 0 in Raum E213
Block 1 in Raum E213
Block 2 in Raum E213
Block 2 in Raum E301
Block 1 in Raum E303
Block 2 in Raum E303
Block 3 in Raum E303
Tag 2
Block 2 in Raum E203
Block 3 in Raum E203
Block 0 in Raum E213
Block 1 in Raum E213
Block 2 in Raum E213
Tag 3
Tag 4
Block 0 in Raum E201
Block 1 in Raum E201
Block 2 in Raum E201
Block 0 in Raum E303
Block 1 in Raum E303
Block 2 in Raum E303

############
Regier
Tag 0
Tag 1
Block 0 in Raum E203
Tag 2
Tag 3
Block 1 in Raum E302
Tag 4

############
Reichhardt
Tag 0
Tag 1
Tag 2
Tag 3
Block 1 in Raum E213
Tag 4

############
Schaefer
Tag 0
Tag 1
Block 1 in Raum E201
Tag 2
Tag 3
Tag 4
Block 1 in Raum E302

############
Schmauch
Tag 0
Block 0 in Raum E301
Tag 1
Tag 2
Tag 3
Block 0 in Raum E301
Tag 4

############
Schmidt
Tag 0
Tag 1
Tag 2
Block 2 in Raum E303
Tag 3
Tag 4

############
Seifert
Tag 0
Tag 1
Block 0 in Raum E213
Tag 2
Tag 3
Block 1 in Raum E301
Tag 4

############
Senger
Tag 0
Tag 1
Block 0 in Raum E303
Tag 2
Tag 3
Tag 4

############
Vogelsang
Tag 0
Block 0 in Raum E302
Tag 1
Tag 2
Tag 3
Tag 4

############
Weidner
Tag 0
Block 1 in Raum E301
Block 2 in Raum E301
Tag 1
Tag 2
Tag 3
Tag 4
Block 0 in Raum E203
Block 1 in Raum E203
Block 0 in Raum E213
Block 1 in Raum E213
Block 1 in Raum E301
Block 2 in Raum E301

############
Wirth
Tag 0
Block 2 in Raum E203
Tag 1
Tag 2
Tag 3
Tag 4

############
Zimmermann
Tag 0
Tag 1
Tag 2
Tag 3
Tag 4

</DebugTrace>
      </Output>
    </UnitTestResult>
  </Results>
</TestRun>