<?xml version="1.0" encoding="UTF-8"?>
<TestRun id="9355c1b8-09a5-469c-aa17-91f106b6b556" name="FloLap@FLOLAP-PC 2011-11-09 15:13:54" runUser="FloLap-PC\FloLap" xmlns="http://microsoft.com/schemas/VisualStudio/TeamTest/2010">
  <TestSettings name="Lokal" id="6ed96bb3-d821-4eee-a79d-3a3069da9890">
    <Description>Dies sind die standardmäßigen Testeinstellungen für einen lokalen Testlauf.</Description>
    <Deployment enabled="false" runDeploymentRoot="FloLap_FLOLAP-PC 2011-11-09 15_13_54">
      <DeploymentItem filename="E:\HsKA\Semester2\Projektarbeit\Stundenplangenerator\TimetablePlanner\TimetablePlanner\bin\Debug\TimetablePlanner.dll" />
    </Deployment>
    <Execution>
      <TestTypeSpecific />
      <AgentRule name="Execution Agents">
      </AgentRule>
    </Execution>
  </TestSettings>
  <Times creation="2011-11-09T15:13:54.8320492+01:00" queuing="2011-11-09T15:13:55.8676773+01:00" start="2011-11-09T15:13:55.9526822+01:00" finish="2011-11-09T15:14:15.3586142+01:00" />
  <ResultSummary outcome="Failed">
    <Counters total="2" executed="2" passed="1" error="0" failed="1" timeout="0" aborted="0" inconclusive="0" passedButRunAborted="0" notRunnable="0" notExecuted="0" disconnected="0" warning="0" completed="0" inProgress="0" pending="0" />
  </ResultSummary>
  <TestDefinitions>
    <UnitTest name="TimetableManualTester" storage="e:\hska\semester2\projektarbeit\stundenplangenerator\timetableplanner\timetableplannertests\bin\debug\timetableplannertests.dll" id="3ada0cc6-2a4d-2d63-7d9f-97d4d443b0f3">
      <Execution id="9918fc96-212c-42bb-aad7-d33256df1222" />
      <TestMethod codeBase="E:/HsKA/Semester2/Projektarbeit/Stundenplangenerator/TimetablePlanner/TimetablePlannerTests/bin/Debug/TimetablePlannerTests.DLL" adapterTypeName="Microsoft.VisualStudio.TestTools.TestTypes.Unit.UnitTestAdapter, Microsoft.VisualStudio.QualityTools.Tips.UnitTest.Adapter, Version=10.0.0.0, Culture=neutral, PublicKeyToken=b03f5f7f11d50a3a" className="TimetablePlannerTests.TimetableTest, TimetablePlannerTests, Version=1.0.0.0, Culture=neutral, PublicKeyToken=null" name="TimetableManualTester" />
    </UnitTest>
    <UnitTest name="TimetableInputExportTest" storage="e:\hska\semester2\projektarbeit\stundenplangenerator\timetableplanner\timetableplannertests\bin\debug\timetableplannertests.dll" id="643aee53-482b-7ddc-6eba-83a04b5cba46">
      <Execution id="7d8b9b22-ebab-4642-b660-2e139ef7e262" />
      <TestMethod codeBase="E:/HsKA/Semester2/Projektarbeit/Stundenplangenerator/TimetablePlanner/TimetablePlannerTests/bin/Debug/TimetablePlannerTests.DLL" adapterTypeName="Microsoft.VisualStudio.TestTools.TestTypes.Unit.UnitTestAdapter, Microsoft.VisualStudio.QualityTools.Tips.UnitTest.Adapter, Version=10.0.0.0, Culture=neutral, PublicKeyToken=b03f5f7f11d50a3a" className="TimetablePlannerTests.TimetableTest, TimetablePlannerTests, Version=1.0.0.0, Culture=neutral, PublicKeyToken=null" name="TimetableInputExportTest" />
    </UnitTest>
  </TestDefinitions>
  <TestLists>
    <TestList name="Nicht in einer Liste enthaltene Ergebnisse" id="8c84fa94-04c1-424b-9868-57a2d4851a1d" />
    <TestList name="Alle geladenen Ergebnisse" id="19431567-8539-422a-85d7-44ee4e166bda" />
  </TestLists>
  <TestEntries>
    <TestEntry testId="3ada0cc6-2a4d-2d63-7d9f-97d4d443b0f3" executionId="9918fc96-212c-42bb-aad7-d33256df1222" testListId="8c84fa94-04c1-424b-9868-57a2d4851a1d" />
    <TestEntry testId="643aee53-482b-7ddc-6eba-83a04b5cba46" executionId="7d8b9b22-ebab-4642-b660-2e139ef7e262" testListId="8c84fa94-04c1-424b-9868-57a2d4851a1d" />
  </TestEntries>
  <Results>
    <UnitTestResult executionId="9918fc96-212c-42bb-aad7-d33256df1222" testId="3ada0cc6-2a4d-2d63-7d9f-97d4d443b0f3" testName="TimetableManualTester" computerName="FLOLAP-PC" duration="00:00:17.9943856" startTime="2011-11-09T15:13:56.0026851+01:00" endTime="2011-11-09T15:14:15.2032088+01:00" testType="13cdc9d9-ddb5-4fa4-a97d-d965ccfc6d4b" outcome="Failed" testListId="8c84fa94-04c1-424b-9868-57a2d4851a1d" relativeResultsDirectory="9918fc96-212c-42bb-aad7-d33256df1222">
      <Output>
        <DebugTrace>Individual 0 created.
Individual 4 created.
Individual 3 created.
Individual 5 created.
Individual 1 created.
Individual 2 created.
Individual 6 created.
Individual 8 created.
Individual 9 created.
Individual 11 created.
Individual 7 created.
Individual 10 created.
Individual 14 created.
Individual 13 created.
Individual 15 created.
Individual 16 created.
Individual 12 created.
Individual 18 created.
Individual 17 created.
Individual 22 created.
Individual 23 created.
Individual 20 created.
Individual 19 created.
Individual 21 created.
Individual 24 created.
Generation 0 finished with best fitness of 3404.
Generation 1 finished with best fitness of 3524.
Generation 2 finished with best fitness of 3524.
Generation 3 finished with best fitness of 3572.
Generation 4 finished with best fitness of 3662.
Generation 5 finished with best fitness of 3682.
Generation 6 finished with best fitness of 3768.
Generation 7 finished with best fitness of 4006.
Generation 8 finished with best fitness of 4006.
Generation 9 finished with best fitness of 4018.
Generation 10 finished with best fitness of 4222.
Generation 11 finished with best fitness of 4246.
Generation 12 finished with best fitness of 4246.
Generation 13 finished with best fitness of 4300.
Generation 14 finished with best fitness of 4418.
Generation 15 finished with best fitness of 4418.
Generation 16 finished with best fitness of 4574.
Generation 17 finished with best fitness of 4574.
Generation 18 finished with best fitness of 4592.
Generation 19 finished with best fitness of 4622.
Generation 20 finished with best fitness of 4676.
Generation 21 finished with best fitness of 4678.
Generation 22 finished with best fitness of 4808.
Generation 23 finished with best fitness of 4808.
Generation 24 finished with best fitness of 4808.
Generation 25 finished with best fitness of 4878.
Generation 26 finished with best fitness of 4982.
Generation 27 finished with best fitness of 4982.
Generation 28 finished with best fitness of 5004.
Generation 29 finished with best fitness of 5088.
Generation 30 finished with best fitness of 5088.
Generation 31 finished with best fitness of 5090.
Generation 32 finished with best fitness of 5168.
Generation 33 finished with best fitness of 5204.
Generation 34 finished with best fitness of 5264.
Generation 35 finished with best fitness of 5318.
Generation 36 finished with best fitness of 5318.
Generation 37 finished with best fitness of 5384.
Generation 38 finished with best fitness of 5498.
Generation 39 finished with best fitness of 5498.
Generation 40 finished with best fitness of 5522.
Generation 41 finished with best fitness of 5620.
Generation 42 finished with best fitness of 5620.
Generation 43 finished with best fitness of 5722.
Generation 44 finished with best fitness of 5722.
Generation 45 finished with best fitness of 5728.
Generation 46 finished with best fitness of 5740.
Generation 47 finished with best fitness of 5780.
Generation 48 finished with best fitness of 5780.
Generation 49 finished with best fitness of 5780.
Generation 50 finished with best fitness of 5810.
Generation 51 finished with best fitness of 5820.
Generation 52 finished with best fitness of 5880.
Generation 53 finished with best fitness of 5880.
Generation 54 finished with best fitness of 5880.
Generation 55 finished with best fitness of 5934.
Generation 56 finished with best fitness of 6052.
Generation 57 finished with best fitness of 6052.
Generation 58 finished with best fitness of 6052.
Generation 59 finished with best fitness of 6052.
Generation 60 finished with best fitness of 6052.
Generation 61 finished with best fitness of 6238.
Generation 62 finished with best fitness of 6238.
Generation 63 finished with best fitness of 6238.
Generation 64 finished with best fitness of 6256.
Generation 65 finished with best fitness of 6256.
Generation 66 finished with best fitness of 6256.
Generation 67 finished with best fitness of 6256.
Generation 68 finished with best fitness of 6256.
Generation 69 finished with best fitness of 6262.
Generation 70 finished with best fitness of 6276.
Generation 71 finished with best fitness of 6436.
Generation 72 finished with best fitness of 6502.
Generation 73 finished with best fitness of 6502.
Generation 74 finished with best fitness of 6502.
Generation 75 finished with best fitness of 6558.
Generation 76 finished with best fitness of 6558.
Generation 77 finished with best fitness of 6558.
Generation 78 finished with best fitness of 6564.
Generation 79 finished with best fitness of 6564.
Generation 80 finished with best fitness of 6588.
Generation 81 finished with best fitness of 6588.
Generation 82 finished with best fitness of 6658.
Generation 83 finished with best fitness of 6658.
Generation 84 finished with best fitness of 6688.
Generation 85 finished with best fitness of 6688.
Generation 86 finished with best fitness of 6688.
Generation 87 finished with best fitness of 6688.
Generation 88 finished with best fitness of 6760.
Generation 89 finished with best fitness of 6760.
Generation 90 finished with best fitness of 6760.
Generation 91 finished with best fitness of 6772.
Generation 92 finished with best fitness of 6872.
Generation 93 finished with best fitness of 6916.
Generation 94 finished with best fitness of 6916.
Generation 95 finished with best fitness of 6916.
Generation 96 finished with best fitness of 6916.
Generation 97 finished with best fitness of 6952.
Generation 98 finished with best fitness of 6952.
Generation 99 finished with best fitness of 6952.
Generation 100 finished with best fitness of 6952.
Generation 101 finished with best fitness of 6974.
Generation 102 finished with best fitness of 6974.
Generation 103 finished with best fitness of 7024.
Generation 104 finished with best fitness of 7024.
Generation 105 finished with best fitness of 7024.
Generation 106 finished with best fitness of 7024.
Generation 107 finished with best fitness of 7034.
Generation 108 finished with best fitness of 7034.
Generation 109 finished with best fitness of 7054.
Generation 110 finished with best fitness of 7066.
Generation 111 finished with best fitness of 7066.
Generation 112 finished with best fitness of 7090.
Generation 113 finished with best fitness of 7160.
Generation 114 finished with best fitness of 7178.
Generation 115 finished with best fitness of 7204.
Generation 116 finished with best fitness of 7210.
Generation 117 finished with best fitness of 7210.
Generation 118 finished with best fitness of 7210.
Generation 119 finished with best fitness of 7210.
Generation 120 finished with best fitness of 7262.
Generation 121 finished with best fitness of 7262.
Generation 122 finished with best fitness of 7262.
Generation 123 finished with best fitness of 7286.
Generation 124 finished with best fitness of 7286.
Generation 125 finished with best fitness of 7286.
Generation 126 finished with best fitness of 7310.
Generation 127 finished with best fitness of 7310.
Generation 128 finished with best fitness of 7310.
Generation 129 finished with best fitness of 7310.
Generation 130 finished with best fitness of 7310.
Generation 131 finished with best fitness of 7310.
Generation 132 finished with best fitness of 7364.
Generation 133 finished with best fitness of 7364.
Generation 134 finished with best fitness of 7424.
Generation 135 finished with best fitness of 7424.
Generation 136 finished with best fitness of 7424.
Generation 137 finished with best fitness of 7482.
Generation 138 finished with best fitness of 7568.
Generation 139 finished with best fitness of 7568.
Generation 140 finished with best fitness of 7568.
Generation 141 finished with best fitness of 7568.
Generation 142 finished with best fitness of 7568.
Generation 143 finished with best fitness of 7568.
Generation 144 finished with best fitness of 7568.
Generation 145 finished with best fitness of 7568.
Generation 146 finished with best fitness of 7568.
Generation 147 finished with best fitness of 7610.
Generation 148 finished with best fitness of 7610.
Generation 149 finished with best fitness of 7610.
Generation 150 finished with best fitness of 7610.
Generation 151 finished with best fitness of 7626.
Generation 152 finished with best fitness of 7626.
Generation 153 finished with best fitness of 7628.
Generation 154 finished with best fitness of 7628.
Generation 155 finished with best fitness of 7628.
Generation 156 finished with best fitness of 7628.
Generation 157 finished with best fitness of 7628.
Generation 158 finished with best fitness of 7704.
Generation 159 finished with best fitness of 7704.
Generation 160 finished with best fitness of 7704.
Generation 161 finished with best fitness of 7704.
Generation 162 finished with best fitness of 7722.
Generation 163 finished with best fitness of 7722.
Generation 164 finished with best fitness of 7722.
Generation 165 finished with best fitness of 7722.
Generation 166 finished with best fitness of 7722.
Generation 167 finished with best fitness of 7722.
Generation 168 finished with best fitness of 7830.
Generation 169 finished with best fitness of 7830.
Generation 170 finished with best fitness of 7830.
Generation 171 finished with best fitness of 7830.
Generation 172 finished with best fitness of 7896.
Generation 173 finished with best fitness of 7896.
Generation 174 finished with best fitness of 7896.
Generation 175 finished with best fitness of 7896.
Generation 176 finished with best fitness of 7896.
Generation 177 finished with best fitness of 7896.
Generation 178 finished with best fitness of 7896.
Generation 179 finished with best fitness of 7896.
Generation 180 finished with best fitness of 7920.
Generation 181 finished with best fitness of 7944.
Generation 182 finished with best fitness of 7944.
Generation 183 finished with best fitness of 7944.
Generation 184 finished with best fitness of 7944.
Generation 185 finished with best fitness of 7944.
Generation 186 finished with best fitness of 7956.
Generation 187 finished with best fitness of 7956.
Generation 188 finished with best fitness of 7998.
Generation 189 finished with best fitness of 7998.
Generation 190 finished with best fitness of 7998.
Generation 191 finished with best fitness of 7998.
Generation 192 finished with best fitness of 7998.
Generation 193 finished with best fitness of 7998.
Generation 194 finished with best fitness of 8002.
Generation 195 finished with best fitness of 8002.
Generation 196 finished with best fitness of 8026.
Generation 197 finished with best fitness of 8026.
Generation 198 finished with best fitness of 8026.
Generation 199 finished with best fitness of 8026.
Generation 200 finished with best fitness of 8026.
Generation 201 finished with best fitness of 8026.
Generation 202 finished with best fitness of 8056.
Generation 203 finished with best fitness of 8056.
Generation 204 finished with best fitness of 8056.
Generation 205 finished with best fitness of 8056.
Generation 206 finished with best fitness of 8056.
Generation 207 finished with best fitness of 8056.
Generation 208 finished with best fitness of 8056.
Generation 209 finished with best fitness of 8056.
Generation 210 finished with best fitness of 8056.
Generation 211 finished with best fitness of 8096.
Generation 212 finished with best fitness of 8096.
Generation 213 finished with best fitness of 8096.
Generation 214 finished with best fitness of 8096.
Generation 215 finished with best fitness of 8144.
Generation 216 finished with best fitness of 8168.
Generation 217 finished with best fitness of 8168.
Generation 218 finished with best fitness of 8210.
Generation 219 finished with best fitness of 8210.
Generation 220 finished with best fitness of 8210.
Generation 221 finished with best fitness of 8210.
Generation 222 finished with best fitness of 8210.
Generation 223 finished with best fitness of 8210.
Generation 224 finished with best fitness of 8210.
Generation 225 finished with best fitness of 8210.
Generation 226 finished with best fitness of 8210.
Generation 227 finished with best fitness of 8210.
Generation 228 finished with best fitness of 8218.
Generation 229 finished with best fitness of 8218.
Generation 230 finished with best fitness of 8218.
Generation 231 finished with best fitness of 8218.
Generation 232 finished with best fitness of 8232.
Generation 233 finished with best fitness of 8232.
Generation 234 finished with best fitness of 8232.
Generation 235 finished with best fitness of 8232.
Generation 236 finished with best fitness of 8232.
Generation 237 finished with best fitness of 8232.
Generation 238 finished with best fitness of 8312.
Generation 239 finished with best fitness of 8312.
Generation 240 finished with best fitness of 8312.
Generation 241 finished with best fitness of 8312.
Generation 242 finished with best fitness of 8312.
Generation 243 finished with best fitness of 8312.
Generation 244 finished with best fitness of 8340.
Generation 245 finished with best fitness of 8340.
Generation 246 finished with best fitness of 8340.
Generation 247 finished with best fitness of 8340.
Generation 248 finished with best fitness of 8340.
Generation 249 finished with best fitness of 8340.
Generation 250 finished with best fitness of 8340.
Generation 251 finished with best fitness of 8340.
Generation 252 finished with best fitness of 8428.
Generation 253 finished with best fitness of 8428.
Generation 254 finished with best fitness of 8428.
Generation 255 finished with best fitness of 8428.
Generation 256 finished with best fitness of 8428.
Generation 257 finished with best fitness of 8428.
Generation 258 finished with best fitness of 8428.
Generation 259 finished with best fitness of 8428.
Generation 260 finished with best fitness of 8428.
Generation 261 finished with best fitness of 8428.
Generation 262 finished with best fitness of 8428.
Generation 263 finished with best fitness of 8428.
Generation 264 finished with best fitness of 8494.
Generation 265 finished with best fitness of 8494.
Generation 266 finished with best fitness of 8494.
Generation 267 finished with best fitness of 8494.
Generation 268 finished with best fitness of 8494.
Generation 269 finished with best fitness of 8494.
Generation 270 finished with best fitness of 8494.
Generation 271 finished with best fitness of 8494.
Generation 272 finished with best fitness of 8494.
Generation 273 finished with best fitness of 8494.
Generation 274 finished with best fitness of 8494.
Generation 275 finished with best fitness of 8494.
Generation 276 finished with best fitness of 8494.
Generation 277 finished with best fitness of 8504.
Generation 278 finished with best fitness of 8514.
Generation 279 finished with best fitness of 8514.
Generation 280 finished with best fitness of 8514.
Generation 281 finished with best fitness of 8520.
Generation 282 finished with best fitness of 8526.
Generation 283 finished with best fitness of 8526.
Generation 284 finished with best fitness of 8526.
Generation 285 finished with best fitness of 8526.
Generation 286 finished with best fitness of 8526.
Generation 287 finished with best fitness of 8526.
Generation 288 finished with best fitness of 8558.
Generation 289 finished with best fitness of 8558.
Generation 290 finished with best fitness of 8566.
Generation 291 finished with best fitness of 8566.
Generation 292 finished with best fitness of 8566.
Generation 293 finished with best fitness of 8566.
Generation 294 finished with best fitness of 8566.
Generation 295 finished with best fitness of 8566.
Generation 296 finished with best fitness of 8566.
Generation 297 finished with best fitness of 8566.
Generation 298 finished with best fitness of 8578.
Generation 299 finished with best fitness of 8588.
Generation 300 finished with best fitness of 8588.
Generation 301 finished with best fitness of 8648.
Generation 302 finished with best fitness of 8648.
Generation 303 finished with best fitness of 8648.
Generation 304 finished with best fitness of 8648.
Generation 305 finished with best fitness of 8648.
Generation 306 finished with best fitness of 8648.
Generation 307 finished with best fitness of 8648.
Generation 308 finished with best fitness of 8648.
Generation 309 finished with best fitness of 8648.
Generation 310 finished with best fitness of 8648.
Generation 311 finished with best fitness of 8648.
Generation 312 finished with best fitness of 8648.
Generation 313 finished with best fitness of 8648.
Evolution finished after 10,497798 seconds.
</DebugTrace>
        <ErrorInfo>
          <Message>Die TimetablePlannerTests.TimetableTest.TimetableManualTester-Testmethode hat eine Ausnahme ausgelöst: System.IO.IOException: Der Prozess kann nicht auf die Datei "E:\HsKA\Semester2\Projektarbeit\Stundenplangenerator\TimetablePlanner\TimetablePlannerTests\outputtest.csv" zugreifen, da sie von einem anderen Prozess verwendet wird.</Message>
          <StackTrace>    bei System.IO.__Error.WinIOError(Int32 errorCode, String maybeFullPath)
   bei System.IO.FileStream.Init(String path, FileMode mode, FileAccess access, Int32 rights, Boolean useRights, FileShare share, Int32 bufferSize, FileOptions options, SECURITY_ATTRIBUTES secAttrs, String msgPath, Boolean bFromProxy, Boolean useLongPath)
   bei System.IO.FileStream..ctor(String path, FileMode mode, FileAccess access, FileShare share, Int32 bufferSize, FileOptions options)
   bei System.IO.StreamWriter.CreateFile(String path, Boolean append)
   bei System.IO.StreamWriter..ctor(String path, Boolean append, Encoding encoding, Int32 bufferSize)
   bei System.IO.StreamWriter..ctor(String path, Boolean append, Encoding encoding)
   bei System.IO.File.InternalWriteAllText(String path, String contents, Encoding encoding)
   bei System.IO.File.WriteAllText(String path, String contents)
   bei TimetablePlanner.TimetableExportCSV.WriteCSV(String filePath, List`1 output) in E:\HsKA\Semester2\Projektarbeit\Stundenplangenerator\TimetablePlanner\TimetablePlanner\TimetableExportCSV.cs:Zeile 80.
   bei TimetablePlanner.TimetableExportCSV.ExportAll(Individual individual, TimetableData ttData, String filePath) in E:\HsKA\Semester2\Projektarbeit\Stundenplangenerator\TimetablePlanner\TimetablePlanner\TimetableExportCSV.cs:Zeile 70.
   bei TimetablePlannerTests.TimetableTest.TimetableManualTester() in E:\HsKA\Semester2\Projektarbeit\Stundenplangenerator\TimetablePlanner\TimetablePlannerTests\TimetableTest.cs:Zeile 54.
</StackTrace>
        </ErrorInfo>
      </Output>
    </UnitTestResult>
    <UnitTestResult executionId="7d8b9b22-ebab-4642-b660-2e139ef7e262" testId="643aee53-482b-7ddc-6eba-83a04b5cba46" testName="TimetableInputExportTest" computerName="FLOLAP-PC" duration="00:00:00.0232313" startTime="2011-11-09T15:14:15.2192097+01:00" endTime="2011-11-09T15:14:15.2502115+01:00" testType="13cdc9d9-ddb5-4fa4-a97d-d965ccfc6d4b" outcome="Passed" testListId="8c84fa94-04c1-424b-9868-57a2d4851a1d" relativeResultsDirectory="7d8b9b22-ebab-4642-b660-2e139ef7e262">
    </UnitTestResult>
  </Results>
</TestRun>