<?xml version="1.0" encoding="UTF-8"?>
<TestRun id="f5380dbd-9e0c-4958-adf7-a8f4021a3a78" name="FloLap@FLOLAP-PC 2011-10-21 16:37:51" runUser="FloLap-PC\FloLap" xmlns="http://microsoft.com/schemas/VisualStudio/TeamTest/2010">
  <TestSettings name="Lokal" id="6ed96bb3-d821-4eee-a79d-3a3069da9890">
    <Description>Dies sind die standardmäßigen Testeinstellungen für einen lokalen Testlauf.</Description>
    <Deployment enabled="false" runDeploymentRoot="FloLap_FLOLAP-PC 2011-10-21 16_37_51">
      <DeploymentItem filename="E:\HsKA\Semester2\Projektarbeit\Stundenplangenerator\TimetablePlanner\TimetablePlanner\bin\Debug\TimetablePlanner.dll" />
    </Deployment>
    <Execution>
      <TestTypeSpecific />
      <AgentRule name="Execution Agents">
      </AgentRule>
    </Execution>
  </TestSettings>
  <Times creation="2011-10-21T16:37:51.3327244+02:00" queuing="2011-10-21T16:37:52.3417822+02:00" start="2011-10-21T16:37:52.4267870+02:00" finish="2011-10-21T16:38:02.0473373+02:00" />
  <ResultSummary outcome="Completed">
    <Counters total="1" executed="1" passed="1" error="0" failed="0" timeout="0" aborted="0" inconclusive="0" passedButRunAborted="0" notRunnable="0" notExecuted="0" disconnected="0" warning="0" completed="0" inProgress="0" pending="0" />
  </ResultSummary>
  <TestDefinitions>
    <UnitTest name="TimetableManualTester" storage="e:\hska\semester2\projektarbeit\stundenplangenerator\timetableplanner\timetableplannertests\bin\debug\timetableplannertests.dll" id="3ada0cc6-2a4d-2d63-7d9f-97d4d443b0f3">
      <Execution id="0fae0498-68bb-46e0-883d-883acbde3001" />
      <TestMethod codeBase="E:/HsKA/Semester2/Projektarbeit/Stundenplangenerator/TimetablePlanner/TimetablePlannerTests/bin/Debug/TimetablePlannerTests.DLL" adapterTypeName="Microsoft.VisualStudio.TestTools.TestTypes.Unit.UnitTestAdapter, Microsoft.VisualStudio.QualityTools.Tips.UnitTest.Adapter, Version=10.0.0.0, Culture=neutral, PublicKeyToken=b03f5f7f11d50a3a" className="TimetablePlannerTests.TimetableTest, TimetablePlannerTests, Version=1.0.0.0, Culture=neutral, PublicKeyToken=null" name="TimetableManualTester" />
    </UnitTest>
  </TestDefinitions>
  <TestLists>
    <TestList name="Nicht in einer Liste enthaltene Ergebnisse" id="8c84fa94-04c1-424b-9868-57a2d4851a1d" />
    <TestList name="Alle geladenen Ergebnisse" id="19431567-8539-422a-85d7-44ee4e166bda" />
  </TestLists>
  <TestEntries>
    <TestEntry testId="3ada0cc6-2a4d-2d63-7d9f-97d4d443b0f3" executionId="0fae0498-68bb-46e0-883d-883acbde3001" testListId="8c84fa94-04c1-424b-9868-57a2d4851a1d" />
  </TestEntries>
  <Results>
    <UnitTestResult executionId="0fae0498-68bb-46e0-883d-883acbde3001" testId="3ada0cc6-2a4d-2d63-7d9f-97d4d443b0f3" testName="TimetableManualTester" computerName="FLOLAP-PC" duration="00:00:08.2242637" startTime="2011-10-21T16:37:52.4707895+02:00" endTime="2011-10-21T16:38:01.9483316+02:00" testType="13cdc9d9-ddb5-4fa4-a97d-d965ccfc6d4b" outcome="Passed" testListId="8c84fa94-04c1-424b-9868-57a2d4851a1d" relativeResultsDirectory="0fae0498-68bb-46e0-883d-883acbde3001">
      <Output>
        <DebugTrace>Time to create population of size 75: 639ms
1830
1630
1360
1330
1250
1190
1190
1120
1090
1080
1060
1060
1030
1030
1010
990
980
980
970
970
960
950
940
910
890
890
890
870
870
860
850
840
820
810
800
770
760
760
750
750
720
700
700
690
680
670
640
610
610
590
580
580
570
570
560
560
540
530
520
520
520
520
520
510
500
440
400
380
380
350
280
260
220
170
170
Early abort after 161 generations.
Mean time per generation: 32ms
Mean fitness increase per generation
244
150
147
156
178
106
59
62
58
65
54
50
33
33
41
30
36
30
39
23
20
22
18
29
27
17
24
12
17
15
14
11
10
12
15
20
17
16
18
18
13
11
6
17
10
12
14
10
18
11
12
13
8
13
11
8
13
9
7
6
4
9
7
6
5
10
5
6
13
6
6
9
8
12
9
9
9
10
8
7
4
9
10
10
9
10
9
10
5
5
6
8
6
7
6
8
6
3
3
8
7
5
6
2
5
3
4
3
3
2
5
3
4
2
1
1
1
3
4
4
2
3
3
1
2
4
4
4
4
6
3
4
2
4
1
4
5
2
3
2
1
3
2
4
0
4
2
1
1
2
2
3
1
0
2
2
3
2
0
1
1
3
Evolution time: 5405ms
3450
3450
3440
3440
3440
3440
3440
3430
3430
3430
3430
3430
3420
3420
3420
3420
3420
3420
3420
3420
3420
3420
3420
3420
3420
3420
3410
3410
3410
3410
3410
3410
3410
3410
3410
3410
3410
3410
3410
3410
3410
3410
3410
3400
3400
3400
3400
3400
3400
3400
3400
3400
3400
3400
3400
3400
3400
3400
3400
3400
3400
3400
3400
3400
3400
3400
3400
3390
3390
3390
3390
3390
3390
3390
3390

Group 0
Block 0: Technische Informatik 1                |Fremdsprachen                          |Mathematik 1 Labor                     |Technische Informatik 1                |Informatik 1 Übung                     |
Block 1: Theoretische Informatik 1              |Fremdsprachen                          |Mathematik 1                           |Technische Informatik 1 Übung          |Mathematik 1 Labor                     |
Block 2: ---------------------------------------|Informatik 1                           |---------------------------------------|Mathematik 1                           |Informatik 1                           |
Block 3: ---------------------------------------|---------------------------------------|---------------------------------------|Theoretische Informatik 1              |---------------------------------------|
Block 4: ---------------------------------------|---------------------------------------|---------------------------------------|---------------------------------------|---------------------------------------|
Block 5: ---------------------------------------|---------------------------------------|---------------------------------------|---------------------------------------|---------------------------------------|

Group 1
Block 0: Informatik 2                           |Mathematik 2 Labor                     |Softwarelabor                          |Softwarelabor                          |Digital-Labor                          |
Block 1: Informatik 2 Übung                     |Informatik 2                           |Softwarelabor                          |Softwarelabor                          |Digital-Labor                          |
Block 2: Sprachen und Metasprachen              |Technische Informatik 2                |---------------------------------------|Informatik 2 Übung                     |Digital-Labor                          |
Block 3: Mathematik 2                           |---------------------------------------|---------------------------------------|Technische Informatik 2                |Web-Programming                        |
Block 4: ---------------------------------------|---------------------------------------|---------------------------------------|---------------------------------------|---------------------------------------|
Block 5: ---------------------------------------|---------------------------------------|---------------------------------------|---------------------------------------|---------------------------------------|

Group 2
Block 0: Verteilte Informationssysteme          |Datenrepräsentation und -übertragung   |IT Projektmanagement                   |Intelligente Systeme                   |IT Service Management                  |
Block 1: Visualization and Semantics            |---------------------------------------|Modellierung und Simulation            |Mobile Systeme                         |---------------------------------------|
Block 2: ---------------------------------------|---------------------------------------|---------------------------------------|Visualization and Semantics Lab        |---------------------------------------|
Block 3: ---------------------------------------|---------------------------------------|Projektarbeit1                         |---------------------------------------|---------------------------------------|
Block 4: ---------------------------------------|---------------------------------------|Projektarbeit1                         |---------------------------------------|---------------------------------------|
Block 5: Führungskräftetraining                 |---------------------------------------|Projektarbeit1                         |---------------------------------------|---------------------------------------|

Group 3
Block 0: ---------------------------------------|Labor Verteilte Systeme                |Algorithmenentwurf                     |Angewandte Kryptografie                |Labor Benutzeroberflächen              |
Block 1: Algorithmen Übung                      |Data Mining                            |---------------------------------------|---------------------------------------|Dialog Systems                         |
Block 2: IT-Sicherheit                          |---------------------------------------|---------------------------------------|---------------------------------------|---------------------------------------|
Block 3: ---------------------------------------|---------------------------------------|---------------------------------------|---------------------------------------|---------------------------------------|
Block 4: ---------------------------------------|---------------------------------------|---------------------------------------|---------------------------------------|Projektarbeit2                         |
Block 5: Seminar                                |---------------------------------------|---------------------------------------|---------------------------------------|Projektarbeit2                         |
</DebugTrace>
      </Output>
    </UnitTestResult>
  </Results>
</TestRun>