<?xml version="1.0" encoding="UTF-8"?>
<TestRun id="70006ff0-b9cd-47b3-8408-6f0085b29a46" name="FloLap@FLOLAP-PC 2011-10-12 19:23:08" runUser="FloLap-PC\FloLap" xmlns="http://microsoft.com/schemas/VisualStudio/TeamTest/2010">
  <TestSettings name="Lokal" id="6ed96bb3-d821-4eee-a79d-3a3069da9890">
    <Description>Dies sind die standardmäßigen Testeinstellungen für einen lokalen Testlauf.</Description>
    <Deployment enabled="false" runDeploymentRoot="FloLap_FLOLAP-PC 2011-10-12 19_23_08">
      <DeploymentItem filename="E:\HsKA\Semester2\Projektarbeit\Stundenplangenerator\TimetablePlanner\TimetablePlanner\bin\Debug\TimetablePlanner.dll" />
    </Deployment>
    <Execution>
      <TestTypeSpecific />
      <AgentRule name="Execution Agents">
      </AgentRule>
    </Execution>
  </TestSettings>
  <Times creation="2011-10-12T19:23:08.2840012+02:00" queuing="2011-10-12T19:23:09.3310611+02:00" start="2011-10-12T19:23:09.4190661+02:00" finish="2011-10-12T19:23:11.5421876+02:00" />
  <ResultSummary outcome="Completed">
    <Counters total="1" executed="1" passed="1" error="0" failed="0" timeout="0" aborted="0" inconclusive="0" passedButRunAborted="0" notRunnable="0" notExecuted="0" disconnected="0" warning="0" completed="0" inProgress="0" pending="0" />
  </ResultSummary>
  <TestDefinitions>
    <UnitTest name="createTimetableInstanceTest" storage="e:\hska\semester2\projektarbeit\stundenplangenerator\timetableplanner\timetableplannertests\bin\debug\timetableplannertests.dll" id="ab441b29-9837-01bf-f43f-7839c8f73716">
      <Execution id="1654b486-2c69-48e9-aa0b-e8fbc10e01f2" />
      <TestMethod codeBase="E:/HsKA/Semester2/Projektarbeit/Stundenplangenerator/TimetablePlanner/TimetablePlannerTests/bin/Debug/TimetablePlannerTests.DLL" adapterTypeName="Microsoft.VisualStudio.TestTools.TestTypes.Unit.UnitTestAdapter, Microsoft.VisualStudio.QualityTools.Tips.UnitTest.Adapter, Version=10.0.0.0, Culture=neutral, PublicKeyToken=b03f5f7f11d50a3a" className="TimetablePlannerTests.TimetableTest, TimetablePlannerTests, Version=1.0.0.0, Culture=neutral, PublicKeyToken=null" name="createTimetableInstanceTest" />
    </UnitTest>
  </TestDefinitions>
  <TestLists>
    <TestList name="Nicht in einer Liste enthaltene Ergebnisse" id="8c84fa94-04c1-424b-9868-57a2d4851a1d" />
    <TestList name="Alle geladenen Ergebnisse" id="19431567-8539-422a-85d7-44ee4e166bda" />
  </TestLists>
  <TestEntries>
    <TestEntry testId="ab441b29-9837-01bf-f43f-7839c8f73716" executionId="1654b486-2c69-48e9-aa0b-e8fbc10e01f2" testListId="8c84fa94-04c1-424b-9868-57a2d4851a1d" />
  </TestEntries>
  <Results>
    <UnitTestResult executionId="1654b486-2c69-48e9-aa0b-e8fbc10e01f2" testId="ab441b29-9837-01bf-f43f-7839c8f73716" testName="createTimetableInstanceTest" computerName="FLOLAP-PC" duration="00:00:00.4276325" startTime="2011-10-12T19:23:09.4820697+02:00" endTime="2011-10-12T19:23:11.4441820+02:00" testType="13cdc9d9-ddb5-4fa4-a97d-d965ccfc6d4b" outcome="Passed" testListId="8c84fa94-04c1-424b-9868-57a2d4851a1d" relativeResultsDirectory="1654b486-2c69-48e9-aa0b-e8fbc10e01f2">
      <Output>
        <DebugTrace>Time to create population of size 50: 252ms
84: 000,000,000,000,000,031,000,000,000,000,030,000,000,000,000,000,000,000,014,000,000,000,000,000,000,000,000,000,000,000,000,000,009,000,000,000,000,032,000,015,000,000,000,008,008,000,000,000,000,000,000,000,005,038,000,000,000,000,000,001,000,000,000,000,000,000,000,000,000,000,000,000,000,000,000,000,000,000,000,000,000,000,000,000,034,011,011,000,000,023,000,035,000,000,000,000,002,005,009,000,000,000,000,000,020,000,000,000,000,000,000,000,000,000,000,000,000,000,010,000,029,000,006,000,000,000,000,036,004,000,000,000,000,000,000,025,000,000,016,000,003,000,000,000,000,000,000,027,000,000,000,000,000,000,000,000,000,000,000,000,000,000,000,000,000,000,000,000,000,000,000,000,000,000,000,000,000,000,000,000,000,000,000,000,000,000,000,000,000,000,000,000,000,000,017,017,017,000,000,000,000,000,000,000,000,000,000,000,000,000,013,000,000,000,000,000,000,000,000,000,000,000,000,000,000,000,000,000,000,000,000,026,000,000,000,000,000,000,000,000,000,007,019,000,006,000,000,000,000,000,000,000,000,016,000,000,000,000,001,000,000,000,000,000,021,000,000,000,000,000,000,000,018,000,011,011,000,000,000,000,000,000,000,000,024,000,000,000,000,000,000,000,000,000,000,000,000,007,000,000,000,010,000,000,000,000,012,000,022,000,000,000,000,000,000,000,000,000,000,000,000,000,000,000,000,000,000,000,000,000,000,000,000,000,000,000,000,000,000,003,000,000,028,028,028,000,000,000,000,000,000,000,000,033,037,037,000,000,000,000,
80: 000,000,000,000,000,000,027,000,000,000,000,000,000,037,037,000,000,000,000,003,000,000,005,000,011,011,006,000,000,000,002,000,000,000,000,000,000,000,000,000,000,000,000,000,000,000,000,000,000,000,000,000,000,000,000,000,000,011,011,000,000,000,000,000,000,000,000,000,000,000,030,000,000,000,000,000,000,000,032,000,000,000,000,000,000,000,000,000,000,000,000,000,000,000,000,000,000,000,033,000,000,000,000,000,007,004,000,000,000,012,000,000,013,000,000,000,000,021,000,000,000,000,034,000,000,000,000,001,000,000,000,000,000,019,000,000,000,000,000,000,000,000,000,000,000,000,000,000,000,000,000,000,000,000,000,000,000,000,001,000,000,000,000,003,000,000,000,000,000,031,000,000,000,000,000,008,008,000,000,036,000,000,018,000,000,000,000,000,000,000,000,000,000,000,000,007,000,000,017,017,017,000,000,000,000,010,000,000,006,000,000,000,000,028,028,028,000,000,000,025,000,000,000,029,000,000,000,000,000,000,000,000,000,000,000,000,000,000,000,009,000,000,000,000,000,000,000,000,000,000,000,000,000,000,000,000,000,000,000,000,009,000,016,000,000,000,000,000,000,000,000,000,000,000,000,023,000,000,014,000,000,000,000,015,000,000,000,000,016,000,026,000,005,000,000,000,000,000,000,000,000,000,000,000,000,000,020,000,000,000,000,038,000,000,000,000,000,000,000,000,000,000,000,000,000,022,000,000,024,000,000,000,000,000,000,000,035,010,000,000,000,000,000,000,000,000,000,000,000,000,000,000,000,000,000,000,000,000,000,000,
74: 000,000,000,000,000,000,000,000,000,000,000,000,035,000,000,000,000,000,000,000,034,017,017,017,000,000,000,000,000,000,016,000,000,000,000,000,000,000,000,000,000,000,000,000,000,011,011,000,000,000,000,016,000,038,010,000,000,023,000,000,000,036,000,000,000,000,000,000,000,000,000,000,000,000,000,000,000,000,000,000,000,000,013,000,000,000,031,000,000,000,000,003,006,000,000,000,000,000,000,000,000,000,022,000,000,000,000,000,000,000,000,002,000,000,000,032,000,000,000,000,000,000,000,000,000,000,000,000,010,000,000,000,000,000,000,000,000,000,000,000,000,000,018,000,000,000,000,000,000,000,000,005,000,000,008,008,000,000,000,000,000,000,000,000,000,014,000,000,000,000,000,000,000,000,000,000,000,000,000,000,000,000,012,000,000,000,000,000,001,000,000,000,000,000,000,000,000,027,000,000,000,000,000,000,000,000,000,030,000,000,025,000,000,003,000,000,024,000,000,000,000,000,000,000,000,000,000,000,000,000,000,000,000,020,000,007,000,000,000,000,000,000,000,000,000,000,033,000,000,001,000,021,000,000,000,000,000,000,007,028,028,028,000,000,000,000,000,000,000,000,000,019,000,000,000,000,000,000,000,000,000,000,000,000,000,000,000,015,011,011,000,000,000,000,000,000,000,000,000,000,029,000,006,000,000,000,000,000,000,000,000,000,000,000,000,000,000,000,000,000,000,000,000,000,000,000,000,000,000,000,000,037,037,000,000,000,000,000,000,000,000,000,000,009,009,000,000,000,026,000,004,000,000,000,005,000,000,000,000,000,
71: 000,000,000,000,000,000,000,000,000,000,000,000,000,000,000,007,000,000,000,000,033,000,000,000,003,000,000,000,000,000,000,000,000,000,005,000,000,026,000,000,000,000,000,000,000,000,000,000,000,000,000,000,000,001,000,000,000,000,000,000,000,000,029,038,000,000,000,000,000,000,000,000,000,000,000,019,000,000,000,000,000,003,000,000,000,000,000,000,000,000,027,000,000,000,000,000,000,028,028,028,000,004,000,000,000,031,000,000,000,000,000,000,000,016,000,011,011,000,000,000,030,000,000,000,000,000,000,032,000,000,000,000,000,037,037,000,000,000,000,000,000,000,000,000,000,000,000,000,000,021,000,000,000,000,007,000,024,000,000,000,000,000,020,000,000,006,000,000,000,000,000,000,000,000,000,000,000,000,000,000,022,000,000,000,000,000,000,000,000,000,000,000,000,000,000,000,000,000,000,000,000,000,006,036,011,011,000,000,000,000,000,000,000,000,000,000,000,000,000,000,000,000,000,000,000,000,000,000,018,000,000,035,000,000,000,000,000,000,000,009,000,000,000,000,002,023,000,000,000,000,000,000,014,000,000,000,000,000,025,000,000,000,000,000,017,017,017,000,010,000,000,000,016,000,000,000,000,000,000,000,000,000,000,000,034,000,000,000,000,000,000,000,012,000,000,000,000,000,000,000,001,005,000,000,000,000,000,000,000,000,000,000,010,000,000,000,000,000,000,000,000,000,000,000,000,000,000,000,000,000,000,000,000,000,000,000,000,000,000,009,000,000,000,000,000,000,000,000,000,008,008,000,000,000,000,000,015,013,000,000,
71: 000,000,000,000,000,000,000,000,000,000,000,000,000,000,000,000,000,000,000,005,000,000,000,030,000,000,000,001,000,000,000,000,000,000,000,000,035,000,000,000,000,000,000,000,000,000,010,006,000,027,000,000,000,000,000,000,006,000,000,000,000,004,000,002,000,000,000,000,000,023,000,000,000,000,000,000,000,000,000,000,000,000,000,000,000,000,000,013,000,000,000,000,000,000,000,000,000,000,018,000,000,000,000,000,000,000,000,000,028,028,028,000,000,000,000,000,000,000,000,000,022,000,000,000,000,000,000,000,036,000,000,000,000,010,000,000,000,000,000,000,000,000,000,000,000,000,000,000,000,000,000,037,037,000,000,000,000,000,000,003,000,000,000,000,008,008,019,000,000,000,000,000,000,000,000,000,000,000,000,000,000,000,000,000,000,031,000,000,000,000,000,000,000,000,000,000,000,000,000,014,000,000,016,000,005,029,000,000,000,025,000,016,012,000,000,000,000,000,000,000,000,000,000,000,000,009,000,000,000,000,000,000,000,000,000,001,000,000,000,000,000,033,000,000,000,000,015,000,000,000,000,000,000,000,000,000,000,000,000,000,000,000,000,000,011,011,000,000,007,000,000,000,000,000,000,000,000,000,000,000,000,000,000,000,000,000,000,000,000,000,000,000,000,000,000,000,000,000,000,000,000,000,000,000,000,000,003,000,000,000,032,000,038,000,000,009,000,000,000,000,000,000,000,000,000,000,021,000,000,007,000,000,020,000,000,000,000,000,000,011,011,000,000,000,000,000,024,000,034,000,000,000,000,000,000,017,017,017,026,000,
70: 000,000,000,000,000,000,000,000,000,000,000,000,000,022,002,000,000,038,000,000,000,000,000,000,000,000,000,000,000,005,000,000,000,000,000,000,000,000,000,000,000,000,000,000,000,000,000,000,009,000,000,000,001,000,030,000,000,023,000,000,000,000,000,000,000,000,000,000,000,000,000,000,000,000,000,000,000,000,000,000,000,000,000,000,012,000,000,000,000,000,000,000,000,000,000,000,000,000,000,000,000,000,000,018,000,000,000,000,000,000,000,008,008,000,000,011,011,024,000,000,013,034,016,000,000,000,000,000,000,000,019,014,000,000,000,000,000,000,000,027,000,035,000,000,000,000,000,000,000,000,000,017,017,017,000,000,000,021,000,000,000,000,000,000,000,000,000,000,000,000,025,000,000,000,000,000,000,000,000,010,000,000,000,000,000,000,000,004,000,000,000,000,000,000,000,000,005,000,000,000,000,000,000,000,000,000,000,000,000,000,000,000,000,000,000,000,009,000,016,000,026,000,000,000,000,000,000,000,000,000,000,000,000,015,000,000,000,000,000,000,000,000,000,000,007,000,000,000,000,000,000,000,000,000,000,000,000,000,000,000,000,006,000,000,037,037,000,000,000,000,000,000,000,000,000,000,000,000,000,000,000,000,000,000,000,036,000,000,000,000,000,000,000,000,000,029,000,000,000,000,000,028,028,028,033,000,000,000,000,000,000,031,000,000,000,000,000,000,000,000,003,000,000,007,000,001,000,006,000,000,000,000,000,000,000,000,000,000,011,011,000,000,000,010,000,000,000,000,032,000,003,000,000,000,020,000,000,000,000,000,
63: 006,028,028,028,000,000,000,000,000,000,000,000,014,032,000,000,000,000,000,000,009,033,000,000,038,000,000,000,000,000,000,000,000,000,000,000,000,009,027,000,000,000,000,000,000,000,000,000,000,000,000,007,000,000,000,000,000,000,030,000,000,000,000,000,000,000,000,000,000,000,000,000,000,000,000,000,000,000,000,000,000,000,000,000,000,000,021,012,000,000,000,000,000,000,007,000,000,000,000,000,000,015,000,000,000,000,000,000,000,000,000,000,000,000,000,031,000,000,000,000,026,000,000,000,000,000,000,005,000,000,000,000,000,000,000,000,000,000,037,037,029,000,000,019,000,000,000,000,000,000,000,000,000,000,024,016,000,000,000,000,000,000,000,000,000,000,000,000,000,000,000,000,000,000,000,000,000,000,000,013,000,000,000,000,000,000,000,000,000,000,000,000,000,022,000,000,000,000,000,023,000,000,000,000,000,000,000,000,000,000,000,000,000,001,034,000,000,004,000,000,000,000,000,000,000,000,000,000,000,000,000,000,000,000,000,000,000,000,000,000,000,000,000,000,000,000,000,000,000,000,000,000,000,000,000,010,000,000,036,000,000,000,000,000,000,001,000,017,017,017,003,035,000,010,000,000,000,000,000,000,000,000,000,000,000,000,000,000,000,000,000,000,000,000,016,000,000,000,005,000,000,000,000,000,000,000,000,000,000,000,000,002,000,000,000,000,003,006,025,000,000,000,008,008,000,000,000,000,000,000,000,000,000,000,000,000,018,011,011,000,000,000,000,000,020,000,000,000,000,000,000,011,011,000,000,000,000,000,000,000,
61: 014,000,000,000,000,003,000,000,000,000,000,000,000,000,006,000,000,000,000,009,001,000,010,000,000,000,000,000,000,012,000,000,000,000,000,000,000,000,000,000,000,000,000,000,000,000,000,000,000,000,016,000,000,000,019,000,000,000,000,000,000,032,000,000,011,011,000,000,000,000,020,000,000,000,000,000,000,000,017,017,017,000,000,000,000,000,035,000,000,000,000,000,000,000,000,000,000,011,011,000,000,001,000,016,037,037,000,000,000,000,000,000,000,000,000,000,024,000,000,000,013,000,000,031,000,010,000,000,000,000,000,000,000,000,000,000,000,000,000,000,000,000,000,000,000,000,000,000,027,000,000,000,000,000,000,000,000,000,030,000,000,000,000,000,038,025,033,000,000,000,029,000,000,000,000,000,000,000,000,000,000,000,000,000,000,000,000,000,023,000,000,000,000,000,000,000,000,000,000,000,000,000,000,000,000,000,000,000,000,000,000,000,000,000,000,000,000,000,000,000,005,000,000,000,026,000,000,000,003,000,000,000,005,000,000,000,000,000,036,000,000,008,008,000,007,000,000,006,000,000,000,000,000,000,007,000,018,000,000,021,000,000,000,000,000,000,000,000,000,000,002,000,000,000,000,000,000,000,000,000,000,000,004,000,000,000,000,000,000,009,000,000,000,000,000,000,000,000,000,000,000,000,000,000,000,000,000,000,000,000,000,000,000,000,000,000,000,000,000,034,000,000,000,015,000,000,000,000,000,000,000,000,000,000,000,000,000,000,028,028,028,000,000,022,000,000,000,000,000,000,000,000,000,000,000,000,000,000,000,000,
59: 010,000,000,000,000,000,000,000,000,000,000,000,015,000,000,000,000,000,000,000,000,000,000,000,000,000,000,033,000,000,000,000,000,000,000,000,000,000,000,021,000,000,000,000,000,000,000,000,000,000,006,031,025,000,024,000,000,000,000,000,000,000,000,000,000,000,000,000,000,000,000,000,000,000,000,016,000,000,000,008,008,000,000,000,000,000,000,000,038,016,000,000,000,000,000,000,000,000,000,009,000,000,005,000,011,011,000,001,000,000,004,000,000,000,000,000,005,000,000,000,000,000,000,000,000,000,000,000,000,000,000,000,000,000,000,000,000,000,000,013,000,034,000,000,000,000,029,000,000,000,000,000,000,000,000,000,000,000,000,000,000,000,000,000,000,000,000,000,000,000,035,000,000,000,000,000,000,000,000,000,000,000,000,000,000,000,000,000,000,000,003,000,000,000,000,000,000,000,000,000,000,000,020,000,000,000,000,000,000,000,017,017,017,000,000,023,000,000,036,000,022,000,000,000,000,030,000,000,000,000,000,000,000,000,014,018,000,000,037,037,009,000,000,000,000,000,006,000,000,010,000,000,000,000,000,000,000,000,000,000,000,000,000,000,028,028,028,003,000,000,000,000,000,000,019,000,000,000,000,000,000,000,000,000,000,000,000,000,000,000,000,000,000,000,000,000,000,000,000,000,000,000,012,007,000,000,000,000,000,000,000,007,000,000,032,000,000,000,000,000,000,000,000,000,000,027,000,000,000,000,000,000,000,000,002,000,000,000,000,000,000,000,000,000,000,026,000,000,011,011,000,000,000,000,001,000,000,000,000,000,
57: 000,000,000,000,000,000,000,000,000,000,000,000,000,000,000,000,000,000,000,000,000,000,000,027,000,000,000,000,000,000,000,000,000,013,000,000,000,000,000,000,000,000,000,000,000,000,000,000,003,000,000,000,000,000,000,003,000,000,000,000,000,000,000,000,000,000,000,000,000,000,000,000,036,000,006,000,000,004,000,000,000,000,000,000,000,000,000,000,000,000,037,037,000,000,000,000,000,000,000,000,009,000,000,008,008,000,000,000,000,029,000,000,000,000,000,020,000,000,000,012,000,000,021,000,000,000,000,000,000,001,000,000,000,000,000,022,000,000,000,000,000,000,009,000,000,000,000,000,000,000,000,000,000,000,000,000,000,000,000,000,000,001,010,000,000,000,000,000,000,000,000,000,000,000,000,000,000,000,000,000,000,000,000,000,000,000,000,000,000,007,000,000,014,000,000,000,000,000,000,000,000,000,000,000,000,000,000,000,000,000,000,000,000,000,000,000,000,031,026,000,000,000,015,000,000,000,000,000,000,000,024,000,000,000,000,000,000,000,000,000,000,000,000,000,000,000,000,000,000,000,000,000,000,000,000,000,000,000,028,028,028,000,011,011,000,033,000,000,000,025,000,000,000,000,000,018,000,034,000,000,000,000,000,002,000,000,000,000,000,032,000,017,017,017,035,000,000,000,000,000,000,000,016,000,000,000,000,000,005,000,000,000,000,000,038,000,000,023,000,000,019,000,000,000,000,011,011,006,000,000,000,000,000,000,000,000,000,000,007,030,016,000,000,000,000,000,000,005,000,000,000,000,000,000,000,000,010,000,000,000,
57: 000,000,000,000,000,000,000,000,000,000,000,000,000,000,000,000,000,000,000,000,003,000,000,000,000,000,000,000,000,000,000,000,000,000,000,000,000,000,000,000,000,002,000,000,000,000,000,000,037,037,000,000,000,000,000,000,000,000,000,000,000,008,008,000,000,000,000,000,000,000,000,000,000,000,000,000,000,007,000,000,000,000,018,000,000,000,000,000,000,000,000,000,000,000,000,000,011,011,024,000,000,000,000,000,000,000,000,000,000,000,000,000,000,000,000,000,010,000,020,000,000,000,000,000,000,000,000,000,000,000,000,000,000,000,000,006,000,000,000,000,000,010,000,000,000,019,000,000,000,000,000,011,011,000,000,000,000,000,026,000,025,000,000,000,000,000,000,001,000,001,000,000,000,000,000,000,000,000,000,000,023,000,000,000,000,000,004,000,000,016,000,000,000,000,000,000,000,000,000,000,000,000,000,000,000,000,000,000,000,000,000,000,000,017,017,017,003,000,031,000,000,012,000,034,000,000,005,000,000,000,000,000,000,000,005,000,000,000,000,000,027,000,000,000,000,016,000,021,000,000,000,033,000,000,000,000,000,000,000,000,000,022,000,000,000,000,000,000,000,000,035,009,000,000,000,000,000,000,000,000,000,000,000,000,000,000,013,000,000,000,000,000,000,000,000,007,000,000,000,029,000,000,000,000,000,000,038,030,000,000,000,032,009,000,000,006,000,000,000,000,000,000,000,000,000,000,000,000,000,000,000,000,036,000,015,000,000,000,000,000,000,000,000,000,000,000,000,000,000,014,000,000,000,000,000,000,028,028,028,000,
56: 032,000,000,000,000,000,000,000,000,000,000,000,000,000,000,000,000,000,021,000,000,000,019,000,000,000,000,000,000,000,000,000,000,010,015,000,000,000,000,000,000,000,000,000,000,000,000,000,000,022,000,000,000,000,023,000,009,000,000,016,000,000,000,000,000,000,000,000,000,000,000,000,000,000,000,000,000,000,000,000,000,000,024,000,034,000,009,000,001,000,000,000,000,000,000,000,000,000,038,000,000,035,000,012,000,000,000,000,000,000,000,003,000,000,000,000,000,000,000,000,001,000,000,000,000,000,000,000,026,000,000,000,000,027,000,000,000,000,006,000,000,000,000,000,000,000,000,000,000,000,000,000,000,031,000,000,000,000,000,000,000,000,000,000,004,000,000,000,000,000,000,000,000,000,000,000,000,000,000,000,000,000,000,000,025,036,000,000,000,000,000,000,000,000,000,000,000,000,000,000,017,017,017,000,000,029,002,000,000,000,000,018,000,000,000,000,028,028,028,000,000,000,000,010,000,007,000,000,000,000,000,000,000,000,000,000,000,030,000,000,000,000,000,000,000,016,000,000,000,000,000,000,033,000,000,013,000,000,000,000,000,000,000,000,000,000,000,007,000,000,000,000,000,000,000,000,000,000,000,000,000,000,000,000,000,000,000,000,000,000,000,000,000,000,000,000,020,000,000,000,000,000,000,000,000,000,005,000,000,000,000,000,003,014,000,011,011,000,000,000,008,008,000,000,000,000,000,037,037,000,000,000,000,000,006,000,000,000,000,000,000,000,000,000,011,011,000,000,000,000,000,000,005,000,000,000,000,000,000,000,
55: 000,038,000,000,000,007,000,000,000,000,000,000,000,000,000,000,000,000,000,000,000,000,011,011,000,000,000,026,000,000,000,000,014,000,000,000,000,000,000,000,000,000,000,000,000,000,000,000,000,000,000,000,000,000,017,017,017,000,000,000,024,000,000,000,000,000,000,000,000,000,000,000,000,000,000,000,000,000,000,000,000,002,000,000,000,000,000,000,000,000,000,031,000,000,000,018,000,000,000,000,000,000,000,000,000,000,000,000,000,000,000,000,000,000,000,000,000,000,000,000,000,000,000,000,000,000,000,000,000,000,000,000,016,000,005,022,000,000,003,000,000,000,000,025,000,000,000,000,000,000,000,000,000,000,007,000,000,000,028,028,028,000,000,023,000,000,000,000,000,000,000,000,013,000,030,037,037,000,000,000,000,000,000,000,000,000,000,000,000,003,000,029,000,000,000,000,004,000,000,000,000,000,000,000,005,015,000,000,000,000,000,000,000,000,000,000,000,000,000,000,000,000,027,000,000,000,000,000,000,000,000,000,000,016,000,009,000,000,000,000,000,006,010,000,000,020,000,000,000,000,000,000,000,000,000,000,000,000,001,000,000,000,000,000,000,009,000,000,000,012,000,000,000,000,000,000,000,000,001,036,000,000,010,008,008,000,000,000,000,000,000,000,000,000,000,000,000,000,000,000,000,000,000,000,000,000,000,000,000,000,000,000,000,000,000,000,000,000,000,000,000,000,019,000,000,000,000,000,011,011,000,033,000,000,000,000,000,000,006,021,000,000,000,000,000,035,000,000,000,034,000,000,000,000,000,000,032,000,000,000,
55: 000,000,000,000,000,000,019,000,000,000,000,000,000,000,000,006,000,000,037,037,031,000,000,000,000,000,000,000,000,000,000,000,000,000,000,000,000,001,000,000,000,000,000,000,000,000,000,000,000,000,000,000,000,000,000,001,000,000,000,020,000,000,000,000,003,000,000,000,000,000,000,000,000,000,000,036,000,000,000,000,000,000,000,000,009,000,000,000,000,012,000,000,000,000,000,000,000,000,000,000,000,000,005,000,000,017,017,017,000,000,023,000,000,000,000,000,000,000,000,000,000,011,011,024,000,000,000,000,000,000,000,000,000,000,000,000,015,000,000,011,011,000,000,000,000,000,000,000,000,035,000,000,000,000,000,000,000,000,000,000,000,000,000,000,000,000,000,000,000,000,008,008,027,000,000,000,000,000,007,000,000,000,000,000,000,000,000,000,000,000,000,000,000,013,000,000,034,000,000,000,005,000,000,000,033,028,028,028,000,000,000,000,000,000,004,000,000,000,000,000,016,000,000,000,000,000,000,000,000,000,007,000,000,000,000,000,000,000,029,000,026,000,000,000,025,000,000,000,014,000,000,038,030,000,010,000,000,000,000,000,000,003,000,000,009,000,000,000,000,000,000,032,000,018,000,000,000,000,000,000,000,000,000,000,000,000,000,000,000,000,010,000,000,000,000,006,000,000,000,000,000,000,000,000,000,000,000,000,000,000,000,000,000,000,000,000,000,000,000,000,002,000,000,000,000,000,000,000,000,000,000,000,000,000,000,000,000,000,000,000,000,000,000,000,021,000,000,000,000,000,016,000,000,000,000,000,000,022,000,000,
54: 017,017,017,000,009,000,000,000,006,000,033,000,000,000,025,000,000,000,000,000,000,000,000,000,000,011,011,000,000,000,000,000,000,000,000,000,000,000,020,000,000,000,000,000,000,000,000,000,000,000,000,000,000,000,000,000,000,000,000,000,000,000,000,000,000,015,012,000,000,027,000,000,013,000,000,000,000,000,003,000,000,000,000,000,000,000,000,007,000,000,000,000,000,000,010,000,000,000,000,000,000,000,000,003,000,000,000,005,000,000,000,000,000,000,000,000,000,000,009,000,000,000,000,000,000,000,000,000,000,000,000,000,000,000,000,000,000,000,000,000,000,000,000,000,000,026,000,000,000,030,000,000,000,000,000,000,000,000,038,000,000,000,014,004,000,000,000,000,000,000,000,000,000,000,000,000,000,000,000,000,000,000,000,000,000,000,000,000,006,000,000,000,000,000,000,005,000,034,000,000,011,011,000,032,000,000,000,000,000,000,002,000,000,000,000,000,000,000,000,000,000,000,000,000,000,008,008,000,000,000,000,000,000,000,000,029,035,000,000,000,000,007,001,000,000,000,000,000,000,000,024,000,000,000,000,000,000,000,000,028,028,028,000,000,000,000,000,022,000,000,000,000,000,000,000,000,000,000,000,000,000,010,000,021,000,000,000,023,000,000,000,016,000,000,000,000,000,000,000,000,000,000,000,000,000,000,000,000,031,000,000,000,000,000,000,000,000,000,000,000,000,000,000,000,000,000,036,000,000,000,000,000,000,000,000,000,000,000,016,018,000,000,000,037,037,000,000,000,001,000,000,000,019,000,000,000,000,000,000,000,
53: 008,008,000,000,000,036,000,000,000,032,000,000,000,020,000,000,000,000,000,000,000,000,000,000,000,029,000,000,006,000,000,000,000,000,000,000,000,000,000,000,000,000,000,000,038,000,000,000,024,000,000,000,000,000,000,000,000,000,000,000,035,000,000,000,004,000,000,037,037,000,000,000,000,000,000,000,000,000,000,000,000,010,000,000,000,000,000,000,000,000,000,015,000,000,000,001,022,000,000,000,007,001,000,000,000,000,000,000,000,000,000,000,006,000,000,019,000,000,000,000,000,000,034,000,000,000,000,000,000,000,000,000,000,000,000,000,033,000,000,000,000,000,000,000,000,000,000,000,000,000,000,028,028,028,000,000,000,026,000,000,000,000,012,002,000,000,000,000,000,000,007,023,000,000,000,000,000,000,000,000,000,000,000,000,000,000,000,000,000,000,000,000,000,000,000,000,000,000,000,000,000,000,000,000,000,000,000,000,000,000,000,000,000,000,000,000,000,000,000,000,000,000,000,000,000,000,000,005,000,000,000,000,000,000,000,000,000,000,000,031,000,000,003,011,011,000,000,027,000,000,000,000,000,000,000,000,000,000,000,000,000,000,000,000,000,000,000,000,000,000,000,000,011,011,000,000,000,000,000,009,009,000,010,000,000,000,000,000,000,000,000,000,000,000,014,000,017,017,017,000,000,000,025,000,000,000,000,000,016,000,030,000,000,016,000,000,000,000,000,021,003,000,000,000,000,000,000,000,000,000,000,000,000,000,000,000,000,000,000,018,000,000,000,000,000,013,000,000,000,000,000,000,000,005,000,000,000,000,000,000,
51: 000,000,000,000,000,020,002,000,000,000,000,000,000,000,000,005,000,000,000,000,000,000,000,000,000,000,000,019,000,000,000,000,000,000,000,000,000,000,000,000,000,000,000,000,000,031,000,000,000,000,000,000,000,000,000,000,000,000,000,000,000,000,000,001,000,000,000,000,000,000,036,000,034,000,033,000,023,000,000,000,000,000,000,000,000,000,000,000,000,000,000,000,000,007,000,000,038,000,000,000,000,000,000,000,000,000,000,000,000,000,000,003,026,000,000,000,000,000,000,000,000,000,035,037,037,016,000,000,000,000,000,007,000,000,000,000,000,000,005,000,000,000,000,000,000,000,000,000,021,000,000,000,000,000,000,000,000,000,000,000,000,000,000,000,000,000,000,000,000,000,000,000,000,000,001,000,000,000,000,000,000,000,000,000,011,011,000,000,000,000,000,000,000,000,000,000,000,000,000,000,030,000,000,000,000,000,000,000,000,000,000,000,006,000,000,000,000,000,000,000,000,000,012,029,000,015,000,000,004,000,000,000,000,000,018,000,000,011,011,006,025,000,003,000,000,000,000,000,000,000,009,000,000,000,000,000,000,000,000,000,000,000,000,000,000,024,000,010,000,000,000,000,000,000,000,000,000,000,000,000,000,000,000,009,000,000,000,000,000,028,028,028,000,000,000,000,000,000,000,000,022,000,000,000,000,000,000,017,017,017,000,032,013,000,000,000,000,027,000,000,000,000,000,000,000,000,000,014,000,000,008,008,000,000,000,000,000,000,000,000,000,000,016,000,000,000,000,000,010,000,000,000,000,000,000,000,000,000,000,000,
50: 033,000,000,000,000,000,000,000,000,000,013,000,000,000,000,000,000,000,000,000,000,000,000,000,000,000,000,000,000,000,000,000,000,000,031,000,027,016,025,000,000,000,000,000,000,000,000,000,000,000,000,000,000,000,000,000,000,000,000,000,009,014,015,011,011,029,000,000,000,000,000,000,000,000,000,000,000,000,000,000,000,000,037,037,000,000,007,000,000,000,000,000,000,000,000,000,000,000,000,000,000,000,000,000,000,000,000,000,000,000,000,000,000,000,000,007,000,024,000,000,000,000,022,000,000,000,000,000,000,000,000,000,000,000,005,000,000,000,000,000,000,000,000,000,000,000,000,001,000,003,000,000,000,000,000,030,000,000,000,000,000,000,000,000,000,000,000,000,017,017,017,000,000,000,000,000,000,000,000,000,000,000,000,000,000,000,000,000,000,000,000,000,000,000,000,000,000,000,000,000,018,000,009,000,019,000,000,000,038,000,028,028,028,000,000,000,000,000,010,020,035,000,000,000,000,000,003,001,000,021,000,000,000,000,000,000,000,000,000,000,000,000,000,000,006,000,000,000,000,000,000,000,006,000,000,000,000,000,000,034,000,036,000,000,000,000,000,000,000,000,000,000,000,008,008,000,000,000,000,000,000,032,000,000,000,000,000,000,026,000,000,000,000,000,000,000,000,000,000,000,000,000,000,000,000,010,023,000,000,000,011,011,000,000,000,000,000,000,000,000,000,000,000,000,000,000,000,000,000,000,004,000,016,000,000,000,005,000,000,000,000,000,000,000,000,012,000,000,000,000,000,000,000,000,000,000,000,000,002,000,
50: 000,000,000,000,000,000,000,000,000,000,000,000,000,000,000,000,000,000,000,001,000,000,000,000,000,000,000,000,000,000,033,005,000,020,000,000,000,000,000,000,000,035,000,000,000,000,000,000,000,000,000,000,000,000,000,000,001,000,000,000,022,000,026,000,000,000,032,000,000,000,010,000,000,015,000,009,000,000,000,000,000,000,000,000,000,000,000,000,000,000,000,027,000,000,000,000,000,000,000,009,000,000,000,000,000,037,037,000,000,014,000,010,000,000,000,000,000,016,000,000,003,000,000,021,029,000,000,024,005,000,000,000,000,000,000,000,000,000,000,000,000,000,000,000,000,000,000,000,000,000,000,000,000,017,017,017,000,007,000,000,000,000,000,000,000,000,000,000,000,000,000,000,000,000,000,002,000,000,000,000,000,000,006,000,000,000,000,000,000,000,000,000,000,007,000,006,012,000,000,000,000,000,000,016,036,000,000,000,000,000,000,000,000,000,000,000,000,000,000,000,000,000,000,000,000,000,000,000,000,000,000,000,000,000,000,000,000,000,031,000,000,011,011,000,000,000,000,000,000,000,000,000,000,000,000,000,000,000,011,011,000,013,000,000,000,000,000,000,019,025,000,000,000,023,003,000,000,000,000,000,000,000,000,000,000,000,000,000,000,000,000,018,000,000,000,000,000,000,000,000,000,004,000,000,000,000,000,000,038,000,000,000,000,000,028,028,028,000,000,000,000,000,000,000,000,000,000,000,000,000,000,000,000,000,000,000,000,034,000,000,000,000,000,030,000,000,000,000,000,000,000,000,000,000,000,000,000,008,008,000,
49: 000,000,000,000,000,000,000,000,000,000,000,000,000,000,000,000,000,000,000,000,000,014,000,000,000,000,000,000,010,000,037,037,000,016,000,000,000,000,000,010,000,000,000,000,000,000,000,000,021,000,000,000,016,000,000,000,012,000,000,000,000,000,000,000,000,000,000,000,000,000,000,000,000,000,000,000,000,000,000,000,000,000,000,000,000,034,000,027,000,000,000,000,000,000,000,000,000,000,000,018,000,000,038,000,000,000,000,000,000,000,000,000,000,000,011,011,000,000,000,000,000,000,000,028,028,028,000,026,000,000,000,000,000,000,008,008,000,001,000,000,000,000,000,000,000,000,006,000,000,000,000,000,000,000,000,000,003,000,000,000,003,000,000,000,000,000,000,000,005,000,000,000,000,000,000,000,000,000,000,000,000,000,019,000,000,000,000,000,029,000,000,000,009,000,000,000,024,000,030,000,000,007,000,000,000,000,000,000,000,000,031,000,000,000,000,000,000,000,000,000,000,000,000,000,000,000,000,000,025,000,000,000,000,000,000,000,000,000,000,000,000,000,000,000,036,000,000,000,035,000,000,000,000,000,017,017,017,000,004,000,000,000,000,000,000,000,023,000,000,015,000,000,000,000,000,001,006,000,000,000,000,000,000,000,000,000,000,005,013,000,000,000,000,000,000,000,000,002,011,011,000,000,000,000,000,009,000,000,000,000,000,000,000,000,000,032,000,000,033,000,000,000,000,000,000,000,000,000,000,000,007,000,000,000,000,000,000,000,000,000,000,000,000,000,000,022,020,000,000,000,000,000,000,000,000,000,000,000,000,000,
46: 000,000,000,000,000,000,000,000,000,000,000,000,000,000,000,000,000,000,000,000,000,000,000,016,000,000,000,000,000,000,000,000,000,000,000,000,000,000,000,000,038,000,000,000,000,000,000,000,000,000,000,000,000,000,000,000,000,000,030,000,020,000,000,000,000,000,000,000,000,000,000,027,000,000,000,028,028,028,000,000,000,000,000,010,003,000,000,000,000,000,000,000,000,000,000,000,008,008,007,000,005,000,000,000,000,000,000,000,000,000,000,000,000,001,000,009,000,000,000,000,000,037,037,000,000,000,000,000,000,000,000,000,000,000,000,000,000,000,000,000,000,000,000,000,000,000,000,000,000,000,000,000,000,000,000,000,000,011,011,000,010,000,000,000,000,000,000,000,000,000,000,000,000,000,000,006,000,000,000,000,000,000,000,000,009,000,006,022,000,000,000,000,029,000,000,000,025,000,000,003,000,000,000,000,000,000,000,000,000,000,000,000,000,013,000,000,000,000,016,000,019,000,026,000,000,000,000,000,017,017,017,000,000,000,000,000,000,000,000,000,000,000,000,000,035,000,000,000,018,000,000,000,000,000,000,000,000,000,000,000,000,000,000,000,000,033,000,000,000,000,000,000,000,001,000,000,000,000,000,000,005,000,000,007,000,011,011,000,000,000,000,000,000,000,002,000,000,000,000,015,000,000,000,000,000,000,031,000,000,000,000,000,000,034,000,000,000,000,000,000,023,021,000,000,000,000,032,000,000,036,000,000,000,014,000,000,000,000,004,000,000,000,000,000,000,000,000,000,000,000,000,012,000,024,000,000,000,000,000,000,
46: 000,000,000,000,000,000,000,000,000,000,000,000,038,000,000,000,000,000,000,000,000,022,025,000,000,000,000,000,000,000,000,000,000,000,000,010,000,023,000,000,000,000,000,030,000,000,000,000,000,001,000,000,000,000,000,000,000,000,000,033,003,000,000,000,000,000,000,000,000,000,000,000,000,000,000,000,000,000,000,000,000,000,000,000,000,000,000,000,000,000,000,000,000,000,000,000,000,000,000,000,007,036,000,000,028,028,028,000,000,011,011,011,000,000,000,000,000,000,000,006,000,000,000,000,000,000,013,000,000,000,000,000,000,000,000,000,000,000,008,008,000,000,000,000,000,000,000,000,000,000,000,000,000,000,000,000,000,000,000,000,019,000,015,017,017,017,000,000,000,000,000,000,000,021,000,014,000,000,000,002,000,005,000,035,000,000,000,000,000,001,000,000,032,000,000,000,000,000,000,000,000,000,000,000,000,000,000,000,000,000,000,000,037,037,000,000,000,000,003,000,010,000,000,031,000,000,000,000,000,000,000,000,000,000,000,000,000,000,000,000,012,000,000,000,000,000,000,000,020,000,000,000,000,000,004,000,000,000,000,000,000,000,000,000,000,000,000,000,005,000,000,000,000,000,000,000,000,000,000,000,034,000,000,000,000,000,000,000,000,009,000,000,000,024,000,016,000,000,000,006,000,000,000,000,000,000,000,000,000,000,000,000,000,000,000,000,000,000,000,000,007,000,000,000,016,000,018,000,000,027,000,000,000,009,026,000,000,000,000,000,000,000,000,000,000,000,000,000,000,029,000,000,000,000,000,000,000,000,000,000,
43: 000,000,000,000,000,000,000,000,000,000,000,000,000,000,000,000,000,000,000,000,000,000,000,000,000,000,000,000,000,000,037,037,000,000,000,000,000,000,018,000,000,000,004,000,000,000,000,000,000,000,000,000,001,000,000,000,026,000,000,000,000,000,000,000,000,000,000,000,000,000,000,015,007,000,000,000,000,000,000,000,000,000,000,000,000,000,000,000,000,000,000,000,000,000,000,000,000,008,008,000,000,012,000,000,000,000,000,000,000,000,000,000,035,000,000,000,000,000,020,000,000,000,029,000,000,000,000,000,000,000,000,000,000,000,000,000,002,000,000,000,000,000,000,000,000,000,000,000,000,000,000,000,000,009,000,000,000,000,000,000,000,000,000,000,000,000,000,000,000,000,000,000,000,000,000,019,000,000,000,000,000,000,013,000,000,000,000,000,000,000,000,000,000,000,000,000,000,000,000,000,010,000,000,000,000,000,000,030,000,000,000,000,000,000,000,000,000,023,000,011,011,001,000,000,000,000,010,000,000,000,024,038,000,016,000,000,000,000,000,000,016,000,000,034,000,000,000,000,000,000,000,000,000,000,000,000,000,000,005,000,000,021,000,006,000,000,000,027,000,000,000,000,031,014,000,000,003,000,000,000,000,022,000,000,000,000,000,000,000,000,000,033,011,011,000,000,000,000,000,000,036,000,000,000,000,000,000,000,000,000,000,000,000,000,000,000,000,000,000,000,000,000,000,000,000,000,000,032,006,000,028,028,028,000,007,000,005,000,000,000,000,000,009,000,000,000,000,025,017,017,017,000,000,000,000,003,000,000,000,000,
42: 000,000,000,000,034,000,000,008,008,000,000,000,000,000,000,000,000,000,000,000,000,000,036,000,000,000,000,000,000,015,000,000,000,000,000,000,000,000,000,000,011,011,000,000,000,000,000,000,000,000,000,000,033,000,000,000,000,000,000,000,000,005,000,025,000,000,000,000,000,000,000,000,000,000,019,000,000,000,000,031,000,000,000,000,000,000,000,000,000,000,000,000,000,000,000,000,000,000,000,007,000,000,000,000,000,000,000,000,000,000,000,026,000,000,010,000,000,000,002,000,000,000,000,000,001,000,000,000,000,000,000,010,000,004,007,000,000,000,000,000,000,000,000,000,000,000,000,016,011,011,000,000,000,000,000,016,000,000,000,000,000,029,000,000,018,000,000,000,000,000,024,000,000,000,000,000,000,000,000,000,001,000,000,000,000,000,000,000,000,000,000,000,000,000,000,000,000,000,000,020,006,000,000,000,000,000,000,000,000,000,000,000,000,000,030,000,000,017,017,017,000,000,000,000,000,000,000,027,032,000,000,000,000,000,000,000,000,000,006,000,000,000,000,000,000,009,000,000,000,000,000,000,012,000,000,000,000,000,000,000,000,000,000,000,000,000,000,000,000,000,000,000,000,000,000,000,000,037,037,000,000,000,000,000,000,000,000,000,022,000,000,000,000,000,000,003,000,000,000,000,013,000,000,000,000,000,000,000,000,000,000,000,000,000,035,000,000,000,000,000,000,000,000,000,038,000,023,000,000,000,000,000,000,000,000,000,000,000,000,028,028,028,003,005,000,000,000,000,014,000,000,000,021,000,009,000,000,000,000,000,
42: 032,000,000,000,002,000,000,012,017,017,017,000,000,000,000,000,000,000,000,000,000,016,000,000,000,000,000,036,000,000,000,000,000,000,000,000,000,000,000,000,000,031,000,000,000,000,000,000,000,000,000,000,000,000,000,000,000,010,000,000,030,000,000,000,000,000,000,000,000,000,014,000,000,000,000,005,000,000,000,000,000,000,000,000,000,027,000,034,001,000,000,000,000,000,000,000,000,000,000,000,000,009,000,000,000,000,000,000,024,000,000,000,000,000,000,000,000,000,000,038,000,000,000,000,000,000,000,000,000,000,016,000,000,000,000,008,008,000,000,000,000,000,000,000,000,000,000,000,000,000,022,000,000,000,000,000,000,000,000,000,000,000,000,000,000,000,000,000,000,000,000,000,000,000,000,011,011,003,000,000,004,000,020,000,000,000,000,000,000,000,033,000,000,000,000,000,000,007,029,000,003,000,000,000,000,000,000,000,000,000,000,000,000,000,026,000,000,000,000,000,000,000,000,000,009,000,019,000,000,000,006,000,000,000,000,000,023,000,001,000,000,000,000,000,000,000,000,000,000,000,000,000,013,000,000,000,000,000,000,000,000,037,037,000,000,000,000,000,000,000,000,000,000,000,000,000,018,000,000,000,000,000,000,000,000,000,000,000,000,000,000,000,000,000,000,006,000,000,000,021,015,010,035,000,000,000,000,000,025,000,005,000,011,011,000,000,000,000,000,028,028,028,000,000,000,000,000,000,000,000,000,000,000,000,000,000,000,000,000,000,000,000,000,000,000,000,000,000,000,000,000,000,000,000,000,000,000,000,007,000,
41: 000,000,026,000,000,024,000,000,000,000,000,000,000,000,000,000,000,000,000,013,000,037,037,000,000,000,000,000,000,000,000,000,000,000,000,000,000,000,000,020,000,000,017,017,017,000,000,000,000,000,000,000,000,000,000,000,000,000,000,000,000,000,000,000,000,000,000,000,000,000,000,000,000,000,000,000,000,000,000,035,000,000,000,002,000,000,000,000,025,000,000,004,000,019,000,000,000,000,000,003,000,000,030,000,000,000,000,000,000,000,000,006,000,000,000,000,000,000,000,000,005,000,000,000,000,000,000,000,000,000,000,000,000,000,000,000,000,000,000,000,000,000,008,008,000,000,000,000,009,001,000,000,000,000,000,000,000,000,000,006,000,000,000,000,007,000,000,000,014,000,000,000,023,000,000,000,000,000,000,000,000,000,000,000,000,000,000,009,007,000,032,000,000,000,000,000,000,000,016,000,036,000,000,010,000,000,034,000,000,000,000,000,000,000,000,000,000,000,000,000,000,000,000,000,000,000,000,000,000,000,000,000,000,000,000,003,000,012,000,000,000,000,000,000,000,000,000,016,000,015,000,000,000,000,000,000,000,000,000,000,000,000,000,000,000,000,000,000,000,001,000,000,000,027,000,000,000,000,000,000,000,010,018,038,000,029,021,000,000,000,022,000,000,000,028,028,028,000,000,000,000,000,000,000,000,000,000,000,000,000,011,011,000,000,000,000,000,000,000,011,011,000,000,000,000,000,000,000,000,000,000,000,000,000,000,000,000,000,033,005,000,000,031,000,000,000,000,000,000,000,000,000,000,000,000,000,000,000,000,000,
41: 000,000,000,000,000,000,029,000,000,000,000,000,000,000,032,036,037,037,000,015,000,000,019,000,000,000,000,000,000,000,000,000,000,000,000,000,000,000,000,000,000,000,000,000,000,000,000,000,000,000,000,000,000,000,000,000,000,000,000,000,000,000,000,000,000,022,000,000,000,000,000,000,000,002,000,000,000,000,000,000,000,030,038,000,000,000,000,000,000,000,000,000,000,000,006,000,000,000,028,028,028,000,000,000,000,000,000,000,000,000,000,000,000,000,023,000,000,000,000,000,016,011,011,000,008,008,000,035,000,000,000,000,000,000,027,000,000,000,000,000,000,007,000,000,000,000,000,000,000,000,000,000,005,000,000,000,000,000,000,000,000,000,000,000,000,000,000,000,000,000,000,000,000,000,000,000,000,000,000,000,000,000,000,000,000,000,000,006,000,000,033,000,000,000,000,000,000,000,000,003,000,000,000,000,000,000,000,000,000,000,000,000,000,000,000,000,000,000,000,000,026,000,010,000,024,000,005,000,000,000,000,000,000,025,000,014,000,000,020,000,000,000,000,010,000,000,000,000,000,000,000,000,000,000,000,000,000,000,000,000,000,000,000,000,000,009,011,011,000,000,000,000,017,017,017,000,000,000,000,000,000,000,034,000,000,000,000,000,000,000,001,000,000,000,000,001,000,000,000,000,000,013,000,000,000,000,000,000,000,000,000,000,000,000,000,018,000,000,000,000,000,000,012,000,000,000,016,004,000,000,009,000,007,000,000,000,000,000,000,000,000,000,000,000,021,000,003,000,000,000,000,000,000,000,000,000,000,000,031,000,
41: 003,009,000,000,005,000,000,000,000,000,000,000,000,000,000,031,000,000,037,037,000,000,000,021,000,000,000,000,000,000,000,000,000,000,000,000,000,000,000,000,000,000,000,002,000,000,000,000,000,000,000,000,000,000,000,000,000,000,000,000,000,000,000,000,010,000,000,000,000,000,000,015,001,028,028,028,016,000,009,000,000,003,000,000,036,000,017,017,017,000,000,000,000,000,000,014,000,000,000,000,000,000,000,000,000,000,000,013,000,000,000,000,011,011,007,025,000,000,000,000,000,000,000,034,000,000,000,000,000,000,000,019,000,005,000,000,000,000,000,000,000,000,000,000,000,000,000,000,000,000,000,000,000,000,000,000,000,000,000,000,000,000,000,000,000,000,000,000,000,000,000,000,000,000,000,000,000,000,000,000,000,000,000,000,000,000,000,000,029,000,000,000,000,000,000,012,000,000,000,000,000,000,024,000,000,000,000,000,000,000,000,000,000,004,000,010,000,000,000,000,000,033,000,000,000,000,000,000,027,000,000,000,000,000,032,000,000,000,000,000,000,000,000,000,000,000,016,000,020,000,000,000,000,000,000,000,000,000,000,007,000,000,000,000,000,000,000,000,000,000,000,000,000,000,000,000,000,000,000,000,000,030,000,008,008,000,000,000,000,023,000,000,000,038,035,000,000,000,000,000,000,000,000,000,006,000,018,000,000,000,000,000,001,000,022,000,000,000,000,000,000,000,000,000,000,000,000,000,026,000,000,000,000,000,000,000,000,000,006,000,011,011,000,000,000,000,000,000,000,000,000,000,000,000,000,000,000,000,000,000,
38: 000,000,000,000,000,000,000,000,000,023,000,000,000,036,012,000,000,000,006,000,000,000,000,000,028,028,028,000,000,000,000,000,000,000,000,000,000,000,000,000,000,000,000,000,000,000,000,000,000,000,000,000,033,000,000,000,000,000,000,000,000,000,000,000,000,000,000,000,000,000,000,000,000,018,000,000,005,000,000,000,000,002,000,000,000,003,000,000,000,000,000,000,000,000,000,000,000,000,000,000,000,027,000,000,000,000,000,000,000,000,000,000,005,000,000,000,000,001,000,000,035,000,000,000,030,000,000,000,000,000,000,000,025,000,000,000,001,000,000,000,000,000,000,000,004,000,000,000,026,000,000,000,011,011,008,008,000,000,000,000,000,000,000,000,000,000,000,000,032,000,000,000,000,009,000,000,000,000,003,029,000,000,000,000,000,000,000,000,000,000,000,000,000,000,000,000,000,000,000,000,000,000,000,000,000,000,000,000,000,000,000,000,020,000,000,000,000,038,000,009,010,000,000,000,014,000,000,000,000,000,000,037,037,000,000,000,000,000,000,000,000,000,006,000,000,000,000,007,000,000,000,000,015,000,000,000,024,000,000,000,000,000,000,000,019,000,017,017,017,000,000,000,000,000,000,013,000,000,000,000,000,000,000,000,000,000,000,000,000,000,000,000,021,000,000,000,000,000,000,000,011,011,000,000,000,000,000,000,031,022,000,000,000,000,000,000,000,000,000,000,000,000,007,000,016,000,000,000,000,000,000,000,000,000,000,000,000,000,000,000,000,000,000,000,000,000,000,000,000,000,000,034,000,010,016,000,000,000,000,000,
37: 000,000,000,000,000,000,021,000,000,000,000,000,000,000,000,000,001,000,000,000,000,000,000,000,000,016,000,000,000,000,000,000,000,000,000,000,000,000,000,000,000,000,000,035,000,000,000,000,000,000,000,000,000,000,028,028,028,000,000,000,000,000,036,000,000,000,000,000,000,000,000,000,000,000,000,015,000,000,009,000,000,000,000,000,000,000,000,000,000,006,000,019,022,000,000,000,000,000,000,000,000,004,000,000,000,003,000,010,000,000,000,027,000,000,000,000,000,000,032,000,000,000,000,000,000,000,000,000,000,000,000,007,000,000,000,000,000,025,000,000,000,000,000,000,000,000,000,000,000,000,000,000,000,000,000,000,018,000,000,000,008,008,000,000,037,037,020,000,000,000,000,005,000,000,000,000,000,000,000,000,000,000,000,000,000,000,023,011,011,014,000,000,000,003,000,000,000,000,000,000,000,000,010,000,000,000,026,000,000,012,000,000,000,000,000,000,000,000,000,000,000,000,000,000,000,000,000,000,000,000,000,000,000,000,000,000,000,000,000,000,000,016,000,000,000,000,000,000,000,000,038,007,000,000,000,000,000,000,009,000,000,000,001,000,000,000,000,000,030,000,000,000,000,000,000,000,000,000,000,000,000,006,017,017,017,000,000,000,000,002,000,000,000,000,000,034,000,000,000,000,000,000,000,000,000,000,024,013,000,000,000,000,000,000,011,011,000,000,031,000,000,000,000,029,000,000,000,000,000,000,000,000,000,000,000,000,000,000,000,000,000,000,000,000,000,000,000,000,000,000,000,000,000,033,000,000,000,005,000,000,
37: 000,000,010,000,027,000,000,000,000,000,037,037,000,000,000,003,000,000,000,000,000,000,000,013,000,000,000,000,000,000,000,025,022,000,000,000,000,000,000,000,000,000,000,000,000,017,017,017,000,000,000,000,000,000,000,000,000,000,000,000,000,000,011,011,005,000,000,000,000,000,005,000,000,006,033,000,000,024,000,028,028,028,000,000,000,000,000,000,000,000,001,000,031,019,000,000,000,000,038,000,000,000,000,000,004,000,000,002,000,000,000,000,000,000,000,000,000,000,000,000,000,000,000,000,000,000,000,000,000,000,000,000,000,000,000,000,000,000,016,000,034,000,000,000,000,015,000,000,000,016,000,000,000,000,000,000,000,000,000,000,000,000,000,000,000,000,036,000,000,000,000,000,000,000,000,000,000,000,000,035,000,008,008,000,000,000,012,003,000,000,000,000,000,000,000,000,000,000,000,000,000,000,000,000,000,000,000,000,000,000,000,000,000,000,000,000,000,000,000,000,000,000,000,000,000,000,000,000,000,000,000,000,000,014,018,001,000,000,000,000,000,032,000,000,000,000,000,000,000,000,000,000,000,000,000,021,000,000,000,000,000,000,009,000,007,000,000,000,030,000,000,000,000,000,000,010,000,000,000,000,000,000,000,000,000,000,026,000,000,000,000,000,000,000,000,000,000,006,000,000,000,009,000,000,000,000,000,000,000,000,000,000,007,020,000,000,000,000,000,000,000,000,023,000,000,000,000,000,000,000,000,000,000,000,000,000,000,000,000,000,000,000,000,000,000,000,000,000,000,029,000,000,000,000,000,011,011,000,000,000,
36: 000,000,000,000,029,000,000,000,000,000,000,000,000,000,000,007,018,000,000,000,000,000,000,000,000,000,020,000,011,011,000,000,000,000,035,000,000,000,000,000,000,000,000,000,000,000,000,000,016,000,010,000,000,000,004,000,000,000,000,000,000,000,000,000,000,000,000,000,000,019,000,000,000,000,000,000,000,000,000,000,000,000,000,000,030,000,000,000,000,001,000,000,000,000,000,000,011,011,000,000,000,000,000,000,000,000,000,000,000,000,000,000,000,000,000,000,000,000,000,000,000,000,000,000,000,000,000,000,000,000,000,000,000,000,000,000,000,015,000,000,009,000,000,000,000,000,000,000,000,032,000,000,000,000,000,000,000,000,000,000,000,000,000,000,000,000,000,000,000,000,005,000,005,012,000,000,000,000,000,000,000,000,021,000,000,000,000,000,000,000,000,000,000,000,000,000,000,027,000,003,000,000,000,000,014,000,009,000,000,023,000,000,000,000,000,000,000,000,000,000,000,000,000,031,000,000,000,000,000,000,000,000,000,000,000,000,000,000,000,000,000,000,017,017,017,000,000,007,000,000,000,000,028,028,028,000,000,000,000,024,000,000,000,000,013,000,000,000,000,000,000,000,000,000,000,000,000,002,000,000,000,038,006,000,000,026,000,000,000,037,037,036,000,025,000,000,000,000,000,000,000,000,000,000,000,000,016,000,000,008,008,022,000,000,000,000,000,000,000,000,000,006,000,000,000,033,000,000,000,000,000,000,000,000,000,000,000,000,000,010,000,000,000,000,000,000,000,000,000,000,000,003,000,000,000,000,034,000,001,000,
32: 000,000,000,000,000,000,000,000,000,036,000,000,000,000,000,000,000,000,000,000,000,000,000,000,000,000,013,000,000,000,000,000,000,000,000,000,000,037,037,000,000,000,000,000,000,000,000,029,000,000,000,000,000,000,008,008,000,000,000,000,000,000,000,000,000,000,000,000,000,000,000,000,000,000,000,000,000,000,000,000,002,000,011,011,000,000,000,000,000,000,000,000,000,000,021,000,000,000,000,007,000,000,000,000,000,020,000,000,000,000,000,000,014,034,001,000,025,000,000,000,000,028,028,028,000,000,000,000,000,000,000,000,000,000,000,000,000,000,000,000,000,000,000,000,000,000,000,000,000,000,000,000,000,027,000,000,000,000,000,000,000,000,000,000,038,000,000,000,000,000,000,000,000,032,000,000,000,000,000,000,011,011,000,000,033,000,009,000,000,000,000,000,000,022,000,000,000,000,000,000,010,000,000,000,024,000,000,000,000,000,016,023,000,000,000,000,000,000,000,000,000,005,000,017,017,017,006,000,000,000,000,009,005,000,000,000,000,000,000,000,000,003,000,000,000,026,000,000,000,000,000,000,000,000,000,012,007,000,000,000,000,000,000,000,000,000,000,000,000,010,000,000,000,000,000,015,000,000,000,000,000,000,000,000,000,000,031,000,004,000,000,000,000,000,000,000,018,000,000,000,000,000,000,000,000,000,000,000,000,000,000,000,000,000,000,000,000,000,000,000,000,000,000,000,000,000,000,000,000,000,000,000,000,000,000,030,000,016,000,000,006,000,000,035,000,000,003,000,000,019,000,001,000,000,000,000,000,000,000,000,
31: 000,000,000,000,000,000,000,032,000,000,030,035,000,011,011,000,000,000,000,000,000,000,009,000,000,000,000,000,000,000,000,000,000,000,000,007,000,000,000,000,000,020,000,000,000,019,000,001,008,008,023,000,000,027,000,000,013,000,000,000,038,028,028,028,000,000,000,000,000,000,000,000,000,000,000,000,000,000,000,000,000,000,000,000,000,000,000,000,000,000,000,000,000,000,000,036,000,000,000,001,000,006,000,000,000,000,000,000,000,000,000,000,000,000,000,000,000,000,000,000,000,000,000,025,000,000,000,000,000,000,000,000,000,000,000,000,000,000,000,000,000,000,000,000,014,000,000,000,000,000,000,000,000,000,000,012,000,005,000,000,000,000,000,022,000,000,000,000,000,000,009,000,000,000,000,000,000,024,000,000,000,026,000,000,000,000,010,000,000,000,000,000,000,007,000,000,000,000,000,000,000,000,000,000,000,000,000,017,017,017,000,000,000,000,000,000,000,000,000,000,000,000,000,000,011,011,000,000,000,000,000,000,000,000,000,000,000,000,000,004,000,000,000,000,000,000,037,037,000,000,000,000,000,000,000,000,000,000,000,006,034,000,000,000,000,000,000,000,000,000,000,015,000,016,000,003,000,000,000,000,000,000,000,000,000,000,003,000,000,000,000,031,000,033,000,000,010,000,000,000,000,000,000,000,000,000,000,000,000,000,000,000,000,000,000,000,000,000,000,021,000,000,000,000,000,000,000,000,018,000,000,000,000,000,000,000,000,000,000,000,000,000,000,000,000,000,000,000,000,002,016,000,000,000,000,029,000,005,000,000,
31: 004,000,006,000,000,000,000,000,000,000,000,000,000,000,000,001,014,000,000,000,003,000,000,000,000,000,000,000,000,000,000,000,000,000,000,000,000,000,000,000,000,000,000,000,000,000,000,000,000,000,000,000,003,000,000,035,000,000,000,000,000,000,000,000,000,000,000,000,000,000,000,000,000,000,000,000,000,000,000,000,000,000,000,000,017,017,017,032,000,000,036,000,000,000,000,000,000,000,000,000,021,000,000,000,000,000,000,000,000,000,000,000,000,000,037,037,000,010,000,000,000,000,038,000,000,000,000,000,000,000,000,000,000,000,000,024,000,000,000,000,000,008,008,000,000,000,013,000,000,000,000,000,000,000,000,000,033,000,000,000,000,000,000,000,000,000,000,000,000,000,000,000,000,000,000,010,000,000,000,000,000,000,000,000,000,000,000,000,000,000,000,000,000,000,000,000,000,000,000,000,000,000,000,000,000,000,000,000,000,026,000,000,000,000,000,000,001,000,000,000,000,000,000,029,027,000,007,000,000,005,009,000,000,000,000,000,012,000,000,000,000,000,000,000,000,000,000,000,000,000,000,000,000,000,000,000,015,000,000,000,011,011,000,000,000,000,000,000,000,000,000,000,000,000,034,000,000,000,000,000,000,016,000,000,000,000,000,000,000,000,000,028,028,028,011,011,000,000,016,000,000,000,000,019,006,000,000,000,000,000,000,020,000,025,000,000,000,031,000,000,000,000,000,000,000,000,022,007,000,000,000,000,009,000,000,023,000,000,018,000,005,030,000,000,000,000,000,000,000,000,000,002,000,000,000,000,000,000,000,000,
30: 000,000,000,000,000,000,000,000,000,000,036,000,000,000,000,000,000,000,000,000,000,000,000,000,024,000,000,000,000,000,000,001,000,000,000,000,000,000,000,000,000,000,000,000,000,000,000,000,000,000,000,000,000,000,000,000,000,007,000,000,000,000,000,000,000,000,000,000,000,027,000,007,000,000,000,000,000,000,000,000,000,000,000,000,019,000,020,000,000,000,032,000,000,000,000,023,000,000,034,028,028,028,000,000,000,000,000,000,000,000,030,011,011,000,000,017,017,017,000,000,000,000,000,000,000,000,000,000,000,000,000,000,000,010,035,000,000,000,000,000,000,000,000,000,000,008,008,000,000,000,000,000,033,000,000,000,000,000,000,000,000,000,000,018,000,000,000,000,000,000,000,000,000,000,000,000,000,003,000,000,000,016,000,000,005,000,000,000,000,000,000,000,000,000,000,000,000,000,000,009,000,022,000,000,000,000,000,001,000,015,000,000,000,000,000,000,000,000,037,037,000,000,000,000,000,000,000,000,000,000,000,000,000,000,000,000,000,000,000,000,000,000,000,000,000,000,000,000,002,000,000,000,031,000,006,000,000,000,000,000,029,000,000,000,000,000,000,000,011,011,000,000,000,000,000,000,000,000,000,000,009,000,000,000,000,000,010,000,000,000,000,016,000,000,000,000,000,012,000,000,000,000,000,000,000,000,000,014,000,000,000,000,000,000,026,000,000,000,000,000,000,000,005,025,000,000,000,003,000,000,000,000,000,004,000,000,013,000,000,000,000,000,006,000,000,000,000,000,000,000,000,000,021,000,000,000,000,038,000,000,
28: 000,000,000,000,016,000,000,000,000,000,020,000,000,000,000,000,000,000,000,000,000,000,010,007,000,000,000,000,000,000,028,028,028,000,000,000,000,000,000,000,000,000,000,000,000,003,000,000,000,000,000,000,000,000,000,003,000,000,000,000,000,000,004,000,019,000,000,000,000,000,000,000,030,023,000,000,000,000,000,000,000,000,000,000,006,000,000,000,000,000,000,000,000,000,000,000,000,000,000,000,000,000,000,000,000,000,000,000,000,000,000,000,000,000,000,000,000,000,011,011,000,000,000,000,000,000,000,009,000,000,000,009,000,014,000,000,000,000,000,000,000,000,000,000,000,000,000,000,000,000,000,000,000,000,000,000,000,000,000,000,000,000,006,021,000,000,015,000,000,011,011,000,000,000,000,000,038,000,000,000,000,000,000,000,029,000,000,000,007,000,002,033,036,000,000,000,000,000,000,000,000,000,000,000,022,000,000,034,000,005,000,000,000,000,000,000,000,000,000,000,000,000,000,000,000,000,000,000,000,000,032,000,000,013,000,035,000,000,000,027,037,037,000,001,016,000,000,000,005,031,000,000,000,000,000,000,000,000,000,000,000,000,000,000,000,000,000,000,000,000,000,000,017,017,017,018,010,000,000,000,000,000,000,000,000,000,000,000,000,000,000,000,000,000,000,000,000,000,000,000,000,000,000,000,000,000,000,000,000,000,000,024,000,000,000,000,000,026,025,000,000,000,000,001,000,000,000,012,000,000,000,000,000,000,000,000,000,000,008,008,000,000,000,000,000,000,000,000,000,000,000,000,000,000,000,000,000,000,000,000,
26: 000,000,000,000,000,000,000,000,000,000,000,000,000,000,000,005,000,000,000,003,000,000,000,000,004,000,000,000,000,031,000,000,000,000,000,000,000,000,000,000,000,000,012,000,000,000,000,000,000,000,000,000,000,000,000,024,000,000,000,001,000,007,000,000,000,000,000,008,008,000,019,000,000,000,000,000,000,000,000,000,000,017,017,017,000,026,006,000,000,000,000,000,000,000,000,000,000,000,000,000,000,000,000,000,000,000,000,000,000,000,000,000,000,000,037,037,000,016,000,000,000,000,010,000,000,000,000,000,000,000,000,000,000,000,000,000,000,000,000,000,000,000,021,000,000,000,000,015,038,000,000,000,000,000,000,000,000,000,000,000,000,000,000,000,000,000,000,000,000,000,000,000,000,000,000,000,000,000,000,000,007,000,011,011,000,000,000,000,000,036,000,033,000,000,000,003,000,020,000,000,000,000,010,000,000,000,011,011,000,000,000,009,000,000,000,000,000,000,000,000,000,000,000,000,000,000,000,000,000,000,000,029,000,000,000,000,000,000,016,009,000,000,000,000,000,000,000,000,000,000,000,000,000,000,000,000,000,006,000,000,000,000,000,030,034,000,000,000,000,000,000,032,000,000,000,000,000,022,000,000,000,000,000,028,028,028,000,000,000,000,000,000,000,000,000,000,000,035,000,000,005,000,000,000,027,002,000,000,000,013,000,000,000,000,000,000,000,000,000,000,000,000,000,018,000,001,000,000,000,000,000,000,000,000,000,000,000,025,000,000,000,000,000,000,000,000,000,000,000,000,000,000,023,000,000,014,000,000,000,000,
24: 000,000,000,000,000,000,000,000,000,000,000,000,000,000,000,000,000,000,000,000,000,000,000,000,000,000,000,016,000,000,000,000,000,006,009,025,000,000,000,000,000,000,000,000,010,000,000,024,000,000,000,000,000,000,000,000,000,000,000,000,000,000,000,000,000,000,000,000,000,000,000,032,018,000,010,028,028,028,000,000,000,023,000,000,000,000,000,000,000,000,000,000,000,000,000,029,000,000,007,000,037,037,000,000,000,000,000,000,000,000,000,000,000,000,000,000,000,000,000,000,000,000,000,000,031,000,000,000,000,000,000,000,000,000,000,000,006,000,000,000,000,000,000,000,000,000,000,000,000,000,000,000,000,000,000,000,000,008,008,000,000,000,000,000,000,000,000,000,000,001,000,000,000,000,000,000,000,000,000,000,000,000,000,000,000,000,000,000,000,000,000,000,000,016,000,020,000,000,000,000,022,021,000,000,000,000,007,000,000,000,000,000,026,000,000,000,038,000,000,014,000,000,000,000,000,030,000,000,000,033,000,000,000,000,003,000,000,000,000,000,001,000,000,000,000,000,000,000,036,002,019,000,000,000,000,003,000,000,000,011,011,015,000,000,000,000,000,000,000,000,035,000,005,000,000,000,000,000,012,000,000,000,000,000,000,000,000,000,000,011,011,000,000,000,000,000,000,000,000,000,000,000,004,000,000,000,013,000,000,000,000,000,000,000,000,017,017,017,000,000,000,000,009,000,000,000,034,000,000,000,000,000,000,000,000,000,000,000,000,005,000,000,000,000,000,000,000,000,000,000,000,000,000,000,000,000,000,027,000,000,
21: 000,000,000,000,000,015,000,003,000,000,000,000,024,000,017,017,017,000,000,013,000,000,000,019,000,000,000,000,000,000,000,000,000,000,000,000,000,009,000,011,011,036,000,000,000,000,000,034,000,016,000,000,000,000,000,000,000,000,000,000,000,000,000,000,000,000,000,000,000,000,000,000,000,000,000,000,016,031,000,000,000,000,000,000,000,000,000,000,000,000,000,008,008,000,000,000,000,000,000,000,000,000,000,009,000,000,000,000,000,000,022,000,000,000,012,000,000,000,037,037,023,000,000,000,000,000,001,000,000,000,000,000,000,000,033,004,000,000,000,000,010,000,000,000,000,010,000,000,000,000,000,000,000,000,000,001,003,000,000,000,000,030,000,000,005,000,000,000,000,000,018,000,000,000,000,000,000,002,000,000,000,029,000,000,000,000,000,000,000,000,000,000,000,000,000,000,000,000,000,000,000,000,000,000,000,000,000,000,000,000,000,000,021,000,000,000,000,000,014,000,000,006,000,000,000,000,000,026,000,000,007,028,028,028,000,000,000,000,000,000,000,000,000,000,000,006,000,000,000,000,000,000,000,007,000,000,000,000,000,000,000,000,000,000,000,000,000,000,000,000,000,000,000,000,000,000,000,000,000,000,000,000,000,000,000,000,000,000,000,000,000,000,000,000,000,000,000,000,000,000,000,000,027,020,000,000,000,000,000,005,000,000,000,032,000,000,000,000,000,000,000,000,000,000,000,000,000,000,000,025,000,000,000,011,011,000,000,000,000,000,000,000,000,035,000,000,000,000,000,000,038,000,000,000,000,000,000,000,000,000,
21: 000,000,028,028,028,000,000,000,000,000,000,000,000,005,000,000,006,009,000,000,000,000,000,000,000,000,033,000,000,000,000,000,000,000,000,000,000,015,007,000,000,000,000,000,000,000,000,000,000,000,000,000,000,012,000,000,000,000,037,037,017,017,017,000,000,000,000,000,000,000,000,000,000,000,020,000,000,000,000,000,000,000,000,000,000,000,000,000,000,000,025,000,024,000,035,000,000,000,000,000,000,000,014,030,000,000,000,003,000,000,000,000,000,000,000,000,000,000,000,000,000,011,011,000,000,013,000,000,000,000,000,000,000,000,000,010,018,000,023,000,000,000,000,000,000,000,000,000,000,000,000,000,000,000,000,000,000,000,000,000,000,000,000,000,000,000,000,000,000,000,000,032,000,000,000,000,000,000,000,000,000,000,010,000,000,000,000,000,000,000,000,000,000,000,000,000,000,002,000,000,000,034,000,019,000,000,000,000,026,000,000,000,000,000,031,000,007,000,000,000,000,000,000,000,009,001,000,000,004,000,000,036,000,000,000,000,000,005,000,000,000,000,000,000,000,000,000,000,000,000,000,000,000,000,000,000,000,000,000,021,000,000,000,000,000,000,006,000,000,000,000,000,000,000,000,000,003,000,000,000,000,001,000,000,000,000,000,000,000,038,000,011,011,029,000,000,000,000,000,000,000,000,008,008,000,000,000,000,000,000,000,000,000,000,000,000,000,000,000,016,000,000,000,000,000,000,000,000,000,000,000,000,000,000,000,027,000,000,000,000,016,000,000,000,000,000,000,000,000,000,000,022,000,000,000,000,000,000,000,000,
20: 000,000,000,006,031,000,000,005,007,000,000,000,000,000,000,027,000,038,011,011,000,000,000,000,000,000,037,037,000,018,015,000,000,000,003,022,000,000,000,000,000,000,000,000,000,000,000,000,000,000,000,000,000,000,000,000,000,000,013,000,000,000,000,000,000,030,000,000,010,000,000,000,000,000,000,000,000,000,000,000,000,000,000,000,000,009,000,001,029,000,000,000,000,000,000,000,000,000,000,000,000,000,001,000,000,002,000,000,000,000,000,000,000,000,000,000,000,000,000,000,000,000,012,014,000,000,000,000,000,000,000,000,000,000,000,000,000,000,000,000,000,000,000,000,000,000,000,000,000,000,000,000,000,000,032,000,000,019,000,000,000,000,000,000,000,000,000,000,006,000,004,000,021,000,000,000,000,000,000,000,000,000,000,000,000,000,000,000,000,000,000,000,000,000,000,000,000,000,000,000,000,000,000,000,000,000,020,000,000,000,000,000,000,000,000,007,010,000,000,000,000,000,000,000,000,000,000,000,000,000,000,000,000,000,000,000,003,000,000,009,000,000,000,000,000,035,024,000,000,000,000,000,026,000,000,000,000,005,016,000,000,000,025,000,000,000,000,000,000,000,000,000,028,028,028,000,016,000,000,000,000,000,000,000,000,000,000,000,000,000,011,011,000,000,000,000,000,000,033,000,008,008,017,017,017,000,000,000,000,023,000,000,000,000,000,000,000,036,000,000,000,000,000,000,000,000,000,000,000,000,000,000,000,000,000,000,000,000,000,000,000,000,000,000,000,000,000,000,000,000,000,000,000,034,000,000,000,000,000,000,
16: 000,000,006,000,000,012,000,000,000,000,000,000,000,000,000,000,000,034,024,022,000,000,000,000,000,000,000,026,000,000,000,000,000,000,000,000,000,000,000,000,000,000,000,000,000,000,000,000,000,000,000,000,000,000,000,011,011,000,000,000,000,000,000,000,000,000,000,000,000,000,000,000,001,000,000,001,000,000,000,037,037,000,000,000,000,000,035,000,000,000,000,000,000,017,017,017,000,010,000,000,000,000,000,007,015,000,000,019,000,000,000,000,000,006,027,000,000,000,000,000,000,000,000,000,000,000,000,000,000,000,000,000,000,030,000,000,000,000,000,000,000,000,000,000,000,023,000,000,025,000,000,000,000,000,000,009,000,000,000,000,000,000,000,000,000,002,000,000,000,003,000,000,014,000,000,000,000,000,000,000,000,000,000,000,000,000,028,028,028,000,000,000,000,000,000,000,000,000,000,000,016,000,000,000,000,000,000,000,000,000,000,000,000,000,003,000,000,000,000,000,036,000,000,000,000,000,000,000,000,000,000,000,000,032,000,000,000,000,000,029,000,000,000,000,000,000,000,000,000,000,000,000,000,000,000,000,000,000,000,000,000,000,007,000,000,008,008,013,000,018,000,000,000,000,033,000,016,000,000,000,000,000,000,000,000,000,011,011,000,000,000,021,000,000,038,000,000,000,000,010,000,000,000,000,000,000,000,000,000,000,000,031,000,000,000,005,000,000,004,000,000,000,005,000,000,000,000,000,000,000,000,000,000,020,000,000,000,000,000,000,000,000,000,000,000,009,000,000,000,000,000,000,000,000,000,000,000,000,000,000,
16: 000,000,000,000,000,000,000,000,000,000,000,000,000,000,000,034,000,000,000,000,000,000,000,000,000,000,000,000,000,000,000,000,000,000,000,000,000,000,023,000,000,000,000,000,000,000,000,000,000,000,000,028,028,028,000,000,000,000,009,000,000,006,011,011,000,000,000,000,007,000,000,000,000,000,000,000,000,000,000,000,000,000,026,000,013,000,021,000,000,000,000,000,000,000,000,000,000,000,000,000,000,000,005,000,030,000,000,000,020,000,000,008,008,000,000,000,000,000,031,000,000,000,000,012,000,000,019,002,032,000,014,000,000,000,035,000,000,000,000,000,000,000,000,000,000,000,000,000,000,018,000,000,000,038,000,000,000,000,000,000,000,000,000,000,000,000,000,000,000,000,003,000,000,000,000,000,006,000,000,000,010,003,000,000,000,000,000,000,000,000,000,027,000,000,016,000,000,000,000,000,000,000,000,000,000,000,000,000,000,022,000,000,000,000,000,000,000,000,000,036,000,000,000,000,000,000,000,000,000,000,000,000,033,009,000,001,000,001,004,000,000,000,000,000,000,000,000,000,000,000,000,000,000,000,000,000,000,000,000,000,000,000,007,000,000,000,000,000,000,000,000,000,000,000,000,000,000,000,000,000,000,000,000,000,000,000,000,025,000,000,000,000,015,005,000,000,000,017,017,017,000,000,000,000,010,000,000,000,000,000,000,000,000,000,000,000,000,000,000,029,000,000,000,000,000,000,000,000,016,000,000,000,037,037,000,000,000,000,000,000,000,000,011,011,000,000,000,000,000,000,000,000,000,000,000,000,000,000,024,000,
15: 000,000,000,000,000,000,000,000,000,009,000,000,000,000,000,000,000,007,000,000,000,000,030,000,000,000,005,011,011,000,000,000,000,000,000,000,000,000,000,000,000,000,000,000,000,000,003,000,000,000,000,006,000,000,000,000,000,000,000,000,028,028,028,000,027,000,000,000,000,000,000,000,000,000,000,000,000,000,000,000,000,000,000,000,000,000,000,000,000,000,000,000,000,000,000,000,000,000,000,000,000,014,016,000,000,000,020,000,000,023,001,000,000,000,000,000,000,000,000,003,000,000,000,000,000,000,000,000,000,000,015,000,009,018,000,000,000,000,000,000,000,000,000,000,000,000,000,000,000,000,000,000,000,000,000,000,000,000,000,000,000,000,000,000,000,000,000,000,038,000,000,036,000,000,000,000,034,000,000,000,017,017,017,000,000,000,000,000,000,002,000,000,000,000,000,000,000,000,000,000,025,000,000,010,000,000,000,026,011,011,000,000,000,000,000,033,000,000,000,000,000,000,000,000,035,000,029,000,000,000,000,000,031,000,000,000,016,000,000,000,000,000,000,000,000,000,013,000,000,000,004,022,000,000,000,000,000,000,000,000,000,000,000,000,000,000,000,000,012,000,000,008,008,000,006,000,000,000,000,000,000,032,000,000,000,000,000,000,000,000,000,000,000,000,000,000,000,000,000,000,000,000,000,000,000,000,007,000,000,000,019,024,000,005,000,000,000,001,021,000,000,000,000,000,000,000,000,000,000,000,000,000,000,000,000,000,000,000,000,000,000,000,000,010,000,000,000,000,000,000,037,037,000,000,000,000,000,000,000,000,
3: 000,000,000,000,010,000,000,004,000,020,000,000,000,000,000,000,000,016,000,000,000,000,000,000,000,000,000,000,000,005,000,000,000,000,000,000,000,000,000,000,000,000,000,033,000,000,031,000,000,000,000,000,000,006,032,000,000,000,000,000,000,000,028,028,028,000,000,000,000,000,000,000,000,000,000,000,036,000,000,000,000,035,000,000,000,000,000,003,000,000,000,000,000,000,008,008,000,000,000,000,000,000,000,017,017,017,000,019,000,000,000,000,000,000,000,000,027,025,000,010,000,000,000,000,000,000,000,000,000,000,000,000,000,000,013,000,000,000,000,000,000,000,012,000,005,007,000,000,000,038,000,000,000,030,000,000,000,000,000,000,006,000,000,000,000,000,000,000,018,000,000,000,000,000,000,016,000,000,000,000,000,000,000,000,000,000,000,000,000,000,000,000,000,000,000,000,000,000,000,000,000,000,000,000,000,000,000,000,000,000,000,000,011,011,000,000,001,000,000,000,000,007,000,000,000,000,000,000,000,000,000,000,002,023,000,000,021,000,000,000,000,000,000,000,000,000,000,000,000,000,000,000,000,000,000,000,000,000,000,000,003,000,000,000,000,000,000,001,000,000,000,000,000,000,000,000,000,000,000,000,000,000,024,000,015,011,011,000,000,000,000,000,000,029,000,022,000,000,000,000,000,000,000,000,000,000,000,000,000,009,000,000,000,000,000,000,000,000,000,000,000,014,000,000,000,000,000,000,000,009,034,000,000,000,000,000,000,000,000,000,000,000,000,000,000,000,000,000,037,037,000,000,000,000,000,000,000,000,026,000,
-2: 000,000,000,000,000,000,000,000,000,000,000,000,000,000,000,000,000,000,000,000,000,000,000,000,000,000,000,000,000,000,025,000,000,000,000,000,000,000,000,000,000,005,000,000,000,000,032,000,000,000,000,000,018,000,000,000,000,000,000,000,000,009,000,000,000,000,000,000,000,000,000,000,000,000,000,000,000,000,000,034,000,000,006,000,016,000,000,017,017,017,000,000,000,015,000,000,000,000,000,024,009,000,000,000,000,000,000,000,000,000,000,000,000,000,030,037,037,000,000,000,000,000,000,000,000,000,000,000,000,000,035,000,000,010,000,008,008,000,000,000,000,011,011,000,000,000,000,026,000,000,000,000,000,000,000,000,000,000,000,000,000,000,000,000,000,019,000,000,000,000,000,000,000,000,000,000,000,000,000,027,000,010,012,000,000,000,000,000,000,000,000,000,000,000,016,000,000,000,000,014,000,000,007,000,000,000,000,000,000,029,000,005,000,000,000,000,000,000,000,000,000,000,000,000,000,000,000,001,000,000,000,022,000,000,000,000,000,000,020,000,021,000,000,000,000,038,000,000,000,000,000,006,000,000,000,000,000,000,000,000,000,000,000,000,000,000,000,000,000,003,000,000,000,028,028,028,000,000,023,003,000,000,000,036,013,000,000,000,000,000,000,000,000,000,000,000,000,000,000,002,000,000,000,001,000,000,000,000,011,011,000,000,000,000,004,000,000,000,000,000,000,000,000,000,031,000,000,000,000,000,000,000,007,000,000,000,000,000,000,000,000,000,000,000,000,033,000,000,000,000,000,000,000,000,000,000,000,000,000,000,
-2: 000,000,000,000,000,000,000,000,000,000,000,009,000,000,018,000,000,000,000,000,000,000,000,000,000,000,027,030,000,022,000,000,000,003,000,014,000,000,000,000,000,000,000,000,000,000,000,000,000,000,005,000,000,000,000,000,000,010,007,000,000,000,000,000,000,012,000,000,000,000,000,000,000,000,000,000,000,000,004,000,000,000,000,000,000,000,000,000,000,000,000,000,000,010,000,013,024,000,000,000,000,000,000,000,000,000,000,000,000,000,035,000,000,000,000,000,000,000,000,001,000,000,000,000,000,019,008,008,009,000,000,000,000,000,000,021,011,011,000,002,000,000,000,000,000,000,000,000,000,000,000,000,000,000,003,000,000,000,000,034,000,000,000,000,000,000,000,000,000,000,000,016,000,000,026,000,000,000,000,000,000,000,000,000,000,000,000,000,000,000,000,000,000,031,000,000,000,000,000,000,000,025,000,000,000,000,037,037,000,000,000,000,000,000,000,033,000,000,000,038,000,000,000,000,000,020,000,005,000,000,000,000,000,000,000,000,000,001,000,000,000,000,000,000,000,000,036,000,000,000,011,011,000,000,017,017,017,000,000,000,000,000,032,000,028,028,028,000,000,000,006,000,000,000,000,000,000,000,007,000,023,000,000,000,000,000,000,000,000,000,000,000,000,000,000,000,000,000,000,000,000,000,000,000,000,000,000,000,016,000,000,000,000,000,000,000,000,000,000,000,000,000,000,000,000,000,000,000,000,029,000,000,000,000,000,000,000,000,000,000,006,000,000,015,000,000,000,000,000,000,000,000,000,000,000,000,000,000,000,000,
-12: 000,000,000,000,000,000,000,000,000,000,000,000,000,000,000,028,028,028,000,000,000,000,000,000,000,000,000,000,009,000,000,000,000,000,000,000,000,000,021,016,000,002,000,000,000,000,004,000,000,000,000,000,000,000,000,000,000,011,011,006,000,000,000,000,000,014,000,000,000,000,000,000,000,000,000,000,000,000,000,000,000,000,003,000,035,013,000,000,000,000,000,000,000,000,000,000,000,000,000,029,000,006,000,000,000,000,000,000,000,000,000,000,000,000,000,000,000,000,010,000,000,000,000,034,000,000,000,000,000,000,000,000,000,000,000,000,000,000,000,031,000,000,000,000,012,000,000,000,000,000,000,000,000,000,000,003,010,000,000,008,008,000,000,000,000,000,036,000,000,000,001,000,000,007,000,000,000,000,000,000,000,000,000,000,000,009,000,000,000,000,005,000,000,000,000,000,000,000,000,000,000,000,000,000,000,000,000,037,037,000,000,000,000,000,000,000,000,000,000,000,023,000,000,000,000,000,000,000,000,000,000,000,000,000,000,027,000,022,015,000,000,000,000,000,000,000,000,000,000,000,000,000,000,000,000,000,030,005,000,000,033,000,000,000,025,000,000,011,011,000,000,000,000,000,000,000,000,032,000,000,000,000,000,000,000,000,000,000,000,000,000,000,000,001,000,000,000,000,000,000,000,000,018,000,000,000,017,017,017,000,000,024,000,000,000,020,000,000,026,007,016,000,000,000,000,000,000,019,000,000,000,000,000,000,000,000,000,000,000,000,000,000,000,000,000,000,000,000,000,000,000,000,000,000,038,000,000,000,000,000,
-17: 000,000,000,017,017,017,000,000,000,000,000,000,000,000,000,016,000,000,000,018,000,000,016,000,000,000,000,000,000,000,000,000,000,000,000,000,000,000,000,003,000,000,008,008,000,012,000,000,000,000,005,000,000,000,000,000,000,000,000,000,000,000,034,000,000,000,000,000,000,000,000,038,000,000,000,000,000,000,000,000,000,000,022,000,000,000,000,000,000,000,000,000,000,000,000,000,009,000,000,000,000,000,000,000,000,000,000,000,000,000,000,000,000,000,000,000,000,000,037,037,000,000,000,000,000,000,000,000,000,000,000,001,000,000,000,025,011,011,000,007,000,000,000,000,000,000,000,000,000,000,000,000,000,000,000,033,000,000,000,000,004,000,000,036,000,000,005,009,000,000,000,000,000,000,000,000,000,000,000,006,000,000,000,000,000,000,000,013,020,028,028,028,000,000,000,000,000,000,000,000,000,000,000,000,019,001,000,000,015,000,000,021,000,000,000,000,000,000,000,000,000,000,000,000,000,000,000,000,000,000,000,000,000,000,010,000,000,000,000,000,000,000,000,014,030,000,000,000,000,000,000,000,000,000,000,035,000,006,000,000,000,000,000,010,000,000,000,002,000,000,000,000,000,000,000,000,000,000,000,000,000,000,000,000,000,023,000,000,000,000,000,000,000,000,000,000,000,000,031,000,000,000,000,000,000,000,000,000,000,000,000,029,007,000,000,000,011,011,027,000,003,000,000,026,000,000,000,000,000,000,024,000,000,000,000,000,000,000,032,000,000,000,000,000,000,000,000,000,000,000,000,000,000,000,000,000,000,000,000,000,
</DebugTrace>
      </Output>
    </UnitTestResult>
  </Results>
</TestRun>