<?xml version="1.0" encoding="UTF-8"?>
<TestRun id="eb2fed34-bbd3-4380-a15c-067d8c24ed30" name="FloLap@FLOLAP-PC 2011-11-18 16:01:33" runUser="FloLap-PC\FloLap" xmlns="http://microsoft.com/schemas/VisualStudio/TeamTest/2010">
  <TestSettings name="Lokal" id="6ed96bb3-d821-4eee-a79d-3a3069da9890">
    <Description>Dies sind die standardmäßigen Testeinstellungen für einen lokalen Testlauf.</Description>
    <Deployment enabled="false" runDeploymentRoot="FloLap_FLOLAP-PC 2011-11-18 16_01_33">
      <DeploymentItem filename="E:\HsKA\Semester2\Projektarbeit\Stundenplangenerator\TimetablePlanner\TimetablePlanner\bin\Debug\TimetablePlanner.dll" />
    </Deployment>
    <Execution>
      <TestTypeSpecific />
      <AgentRule name="Execution Agents">
      </AgentRule>
    </Execution>
  </TestSettings>
  <Times creation="2011-11-18T16:01:33.4989354+01:00" queuing="2011-11-18T16:01:34.5597373+01:00" start="2011-11-18T16:01:34.6533374+01:00" finish="2011-11-18T16:01:47.8047517+01:00" />
  <ResultSummary outcome="Completed">
    <Counters total="2" executed="2" passed="2" error="0" failed="0" timeout="0" aborted="0" inconclusive="0" passedButRunAborted="0" notRunnable="0" notExecuted="0" disconnected="0" warning="0" completed="0" inProgress="0" pending="0" />
  </ResultSummary>
  <TestDefinitions>
    <UnitTest name="TimetableGenerationTest" storage="e:\hska\semester2\projektarbeit\stundenplangenerator\timetableplanner\timetableplannertests\bin\debug\timetableplannertests.dll" id="4689e2d1-87f2-8844-ae95-39072767341d">
      <Execution id="040b16fd-baab-45a0-be52-9b1625da22f1" />
      <TestMethod codeBase="E:/HsKA/Semester2/Projektarbeit/Stundenplangenerator/TimetablePlanner/TimetablePlannerTests/bin/Debug/TimetablePlannerTests.DLL" adapterTypeName="Microsoft.VisualStudio.TestTools.TestTypes.Unit.UnitTestAdapter, Microsoft.VisualStudio.QualityTools.Tips.UnitTest.Adapter, Version=10.0.0.0, Culture=neutral, PublicKeyToken=b03f5f7f11d50a3a" className="TimetablePlannerTests.TimetableTest, TimetablePlannerTests, Version=1.0.0.0, Culture=neutral, PublicKeyToken=null" name="TimetableGenerationTest" />
    </UnitTest>
    <UnitTest name="TimetableInputExportTest" storage="e:\hska\semester2\projektarbeit\stundenplangenerator\timetableplanner\timetableplannertests\bin\debug\timetableplannertests.dll" id="643aee53-482b-7ddc-6eba-83a04b5cba46">
      <Execution id="fc0ce006-aae5-45fc-b972-ec6c4c5a9f01" />
      <TestMethod codeBase="E:/HsKA/Semester2/Projektarbeit/Stundenplangenerator/TimetablePlanner/TimetablePlannerTests/bin/Debug/TimetablePlannerTests.DLL" adapterTypeName="Microsoft.VisualStudio.TestTools.TestTypes.Unit.UnitTestAdapter, Microsoft.VisualStudio.QualityTools.Tips.UnitTest.Adapter, Version=10.0.0.0, Culture=neutral, PublicKeyToken=b03f5f7f11d50a3a" className="TimetablePlannerTests.TimetableTest, TimetablePlannerTests, Version=1.0.0.0, Culture=neutral, PublicKeyToken=null" name="TimetableInputExportTest" />
    </UnitTest>
  </TestDefinitions>
  <TestLists>
    <TestList name="Nicht in einer Liste enthaltene Ergebnisse" id="8c84fa94-04c1-424b-9868-57a2d4851a1d" />
    <TestList name="Alle geladenen Ergebnisse" id="19431567-8539-422a-85d7-44ee4e166bda" />
  </TestLists>
  <TestEntries>
    <TestEntry testId="4689e2d1-87f2-8844-ae95-39072767341d" executionId="040b16fd-baab-45a0-be52-9b1625da22f1" testListId="8c84fa94-04c1-424b-9868-57a2d4851a1d" />
    <TestEntry testId="643aee53-482b-7ddc-6eba-83a04b5cba46" executionId="fc0ce006-aae5-45fc-b972-ec6c4c5a9f01" testListId="8c84fa94-04c1-424b-9868-57a2d4851a1d" />
  </TestEntries>
  <Results>
    <UnitTestResult executionId="040b16fd-baab-45a0-be52-9b1625da22f1" testId="4689e2d1-87f2-8844-ae95-39072767341d" testName="TimetableGenerationTest" computerName="FLOLAP-PC" duration="00:00:11.7848015" startTime="2011-11-18T16:01:34.7157375+01:00" endTime="2011-11-18T16:01:47.6955515+01:00" testType="13cdc9d9-ddb5-4fa4-a97d-d965ccfc6d4b" outcome="Passed" testListId="8c84fa94-04c1-424b-9868-57a2d4851a1d" relativeResultsDirectory="040b16fd-baab-45a0-be52-9b1625da22f1">
      <Output>
        <DebugTrace>Individual 0 created.
Individual 1 created.
Individual 7 created.
Individual 3 created.
Individual 6 created.
Individual 8 created.
Individual 2 created.
Individual 10 created.
Individual 4 created.
Individual 9 created.
Individual 15 created.
Individual 5 created.
Individual 17 created.
Individual 12 created.
Individual 20 created.
Individual 19 created.
Individual 23 created.
Individual 18 created.
Individual 13 created.
Individual 22 created.
Individual 14 created.
Individual 11 created.
Individual 16 created.
Individual 21 created.
Individual 24 created.
Population created after 0,9806466 seconds.
Generation 0 finished with best fitness of 6020.
Generation 1 finished with best fitness of 6325.
Generation 2 finished with best fitness of 6325.
Generation 3 finished with best fitness of 6505.
Generation 4 finished with best fitness of 6520.
Generation 5 finished with best fitness of 6545.
Generation 6 finished with best fitness of 6705.
Generation 7 finished with best fitness of 7050.
Generation 8 finished with best fitness of 7050.
Generation 9 finished with best fitness of 7050.
Generation 10 finished with best fitness of 7055.
Generation 11 finished with best fitness of 7180.
Generation 12 finished with best fitness of 7180.
Generation 13 finished with best fitness of 7180.
Generation 14 finished with best fitness of 7300.
Generation 15 finished with best fitness of 7330.
Generation 16 finished with best fitness of 7385.
Generation 17 finished with best fitness of 7445.
Generation 18 finished with best fitness of 7480.
Generation 19 finished with best fitness of 7720.
Generation 20 finished with best fitness of 7720.
Generation 21 finished with best fitness of 7740.
Generation 22 finished with best fitness of 7795.
Generation 23 finished with best fitness of 7795.
Generation 24 finished with best fitness of 7965.
Generation 25 finished with best fitness of 7980.
Generation 26 finished with best fitness of 8065.
Generation 27 finished with best fitness of 8065.
Generation 28 finished with best fitness of 8140.
Generation 29 finished with best fitness of 8235.
Generation 30 finished with best fitness of 8235.
Generation 31 finished with best fitness of 8235.
Generation 32 finished with best fitness of 8405.
Generation 33 finished with best fitness of 8555.
Generation 34 finished with best fitness of 8555.
Generation 35 finished with best fitness of 8555.
Generation 36 finished with best fitness of 8555.
Generation 37 finished with best fitness of 8605.
Generation 38 finished with best fitness of 8605.
Generation 39 finished with best fitness of 8615.
Generation 40 finished with best fitness of 8645.
Generation 41 finished with best fitness of 8670.
Generation 42 finished with best fitness of 8745.
Generation 43 finished with best fitness of 8750.
Generation 44 finished with best fitness of 8865.
Generation 45 finished with best fitness of 8920.
Generation 46 finished with best fitness of 8920.
Generation 47 finished with best fitness of 9120.
Generation 48 finished with best fitness of 9120.
Generation 49 finished with best fitness of 9120.
Generation 50 finished with best fitness of 9195.
Generation 51 finished with best fitness of 9400.
Generation 52 finished with best fitness of 9400.
Generation 53 finished with best fitness of 9470.
Generation 54 finished with best fitness of 9520.
Generation 55 finished with best fitness of 9520.
Generation 56 finished with best fitness of 9600.
Generation 57 finished with best fitness of 9695.
Generation 58 finished with best fitness of 9710.
Generation 59 finished with best fitness of 9710.
Generation 60 finished with best fitness of 9710.
Generation 61 finished with best fitness of 9710.
Generation 62 finished with best fitness of 9785.
Generation 63 finished with best fitness of 9810.
Generation 64 finished with best fitness of 9885.
Generation 65 finished with best fitness of 9885.
Generation 66 finished with best fitness of 9885.
Generation 67 finished with best fitness of 10000.
Generation 68 finished with best fitness of 10015.
Generation 69 finished with best fitness of 10015.
Generation 70 finished with best fitness of 10015.
Generation 71 finished with best fitness of 10055.
Generation 72 finished with best fitness of 10175.
Generation 73 finished with best fitness of 10175.
Generation 74 finished with best fitness of 10255.
Generation 75 finished with best fitness of 10255.
Generation 76 finished with best fitness of 10310.
Generation 77 finished with best fitness of 10450.
Generation 78 finished with best fitness of 10450.
Generation 79 finished with best fitness of 10450.
Generation 80 finished with best fitness of 10450.
Generation 81 finished with best fitness of 10565.
Generation 82 finished with best fitness of 10565.
Generation 83 finished with best fitness of 10565.
Generation 84 finished with best fitness of 10565.
Generation 85 finished with best fitness of 10570.
Generation 86 finished with best fitness of 10645.
Generation 87 finished with best fitness of 10705.
Generation 88 finished with best fitness of 10705.
Generation 89 finished with best fitness of 10815.
Generation 90 finished with best fitness of 10815.
Generation 91 finished with best fitness of 10815.
Generation 92 finished with best fitness of 10840.
Generation 93 finished with best fitness of 10860.
Generation 94 finished with best fitness of 10990.
Generation 95 finished with best fitness of 10990.
Generation 96 finished with best fitness of 10990.
Generation 97 finished with best fitness of 10990.
Generation 98 finished with best fitness of 11125.
Generation 99 finished with best fitness of 11125.
Generation 100 finished with best fitness of 11125.
Generation 101 finished with best fitness of 11125.
Generation 102 finished with best fitness of 11215.
Generation 103 finished with best fitness of 11215.
Generation 104 finished with best fitness of 11215.
Generation 105 finished with best fitness of 11215.
Generation 106 finished with best fitness of 11215.
Generation 107 finished with best fitness of 11245.
Generation 108 finished with best fitness of 11395.
Generation 109 finished with best fitness of 11395.
Generation 110 finished with best fitness of 11395.
Generation 111 finished with best fitness of 11395.
Generation 112 finished with best fitness of 11445.
Generation 113 finished with best fitness of 11445.
Generation 114 finished with best fitness of 11445.
Generation 115 finished with best fitness of 11445.
Generation 116 finished with best fitness of 11475.
Generation 117 finished with best fitness of 11475.
Generation 118 finished with best fitness of 11510.
Generation 119 finished with best fitness of 11510.
Generation 120 finished with best fitness of 11565.
Generation 121 finished with best fitness of 11565.
Generation 122 finished with best fitness of 11565.
Generation 123 finished with best fitness of 11565.
Generation 124 finished with best fitness of 11565.
Generation 125 finished with best fitness of 11700.
Generation 126 finished with best fitness of 11700.
Generation 127 finished with best fitness of 11700.
Generation 128 finished with best fitness of 11700.
Generation 129 finished with best fitness of 11700.
Generation 130 finished with best fitness of 11700.
Generation 131 finished with best fitness of 11700.
Generation 132 finished with best fitness of 11740.
Generation 133 finished with best fitness of 11825.
Generation 134 finished with best fitness of 11825.
Generation 135 finished with best fitness of 11825.
Generation 136 finished with best fitness of 11825.
Generation 137 finished with best fitness of 11975.
Generation 138 finished with best fitness of 11975.
Generation 139 finished with best fitness of 11975.
Generation 140 finished with best fitness of 11975.
Generation 141 finished with best fitness of 11985.
Generation 142 finished with best fitness of 11985.
Generation 143 finished with best fitness of 11985.
Generation 144 finished with best fitness of 11985.
Generation 145 finished with best fitness of 11985.
Generation 146 finished with best fitness of 11985.
Generation 147 finished with best fitness of 11985.
Generation 148 finished with best fitness of 11985.
Generation 149 finished with best fitness of 12045.
Generation 150 finished with best fitness of 12045.
Generation 151 finished with best fitness of 12045.
Generation 152 finished with best fitness of 12045.
Generation 153 finished with best fitness of 12045.
Generation 154 finished with best fitness of 12045.
Generation 155 finished with best fitness of 12045.
Generation 156 finished with best fitness of 12045.
Generation 157 finished with best fitness of 12045.
Generation 158 finished with best fitness of 12045.
Generation 159 finished with best fitness of 12045.
Generation 160 finished with best fitness of 12045.
Generation 161 finished with best fitness of 12145.
Generation 162 finished with best fitness of 12235.
Generation 163 finished with best fitness of 12235.
Generation 164 finished with best fitness of 12235.
Generation 165 finished with best fitness of 12235.
Generation 166 finished with best fitness of 12235.
Generation 167 finished with best fitness of 12235.
Generation 168 finished with best fitness of 12235.
Generation 169 finished with best fitness of 12235.
Generation 170 finished with best fitness of 12235.
Generation 171 finished with best fitness of 12235.
Generation 172 finished with best fitness of 12235.
Generation 173 finished with best fitness of 12295.
Generation 174 finished with best fitness of 12295.
Generation 175 finished with best fitness of 12295.
Generation 176 finished with best fitness of 12295.
Generation 177 finished with best fitness of 12350.
Generation 178 finished with best fitness of 12350.
Generation 179 finished with best fitness of 12365.
Generation 180 finished with best fitness of 12365.
Generation 181 finished with best fitness of 12365.
Generation 182 finished with best fitness of 12380.
Generation 183 finished with best fitness of 12380.
Generation 184 finished with best fitness of 12380.
Generation 185 finished with best fitness of 12380.
Generation 186 finished with best fitness of 12430.
Generation 187 finished with best fitness of 12430.
Generation 188 finished with best fitness of 12460.
Generation 189 finished with best fitness of 12460.
Generation 190 finished with best fitness of 12460.
Generation 191 finished with best fitness of 12460.
Generation 192 finished with best fitness of 12460.
Generation 193 finished with best fitness of 12460.
Generation 194 finished with best fitness of 12500.
Generation 195 finished with best fitness of 12530.
Generation 196 finished with best fitness of 12560.
Generation 197 finished with best fitness of 12560.
Generation 198 finished with best fitness of 12560.
Generation 199 finished with best fitness of 12560.
Generation 200 finished with best fitness of 12560.
Generation 201 finished with best fitness of 12690.
Generation 202 finished with best fitness of 12690.
Generation 203 finished with best fitness of 12690.
Generation 204 finished with best fitness of 12690.
Generation 205 finished with best fitness of 12690.
Generation 206 finished with best fitness of 12690.
Generation 207 finished with best fitness of 12690.
Generation 208 finished with best fitness of 12775.
Generation 209 finished with best fitness of 12775.
Generation 210 finished with best fitness of 12775.
Generation 211 finished with best fitness of 12775.
Generation 212 finished with best fitness of 12775.
Generation 213 finished with best fitness of 12795.
Generation 214 finished with best fitness of 12795.
Generation 215 finished with best fitness of 12795.
Generation 216 finished with best fitness of 12795.
Generation 217 finished with best fitness of 12795.
Generation 218 finished with best fitness of 12795.
Generation 219 finished with best fitness of 12795.
Generation 220 finished with best fitness of 12850.
Generation 221 finished with best fitness of 12850.
Generation 222 finished with best fitness of 12850.
Generation 223 finished with best fitness of 12850.
Generation 224 finished with best fitness of 12850.
Generation 225 finished with best fitness of 12850.
Generation 226 finished with best fitness of 12850.
Generation 227 finished with best fitness of 12850.
Generation 228 finished with best fitness of 12850.
Generation 229 finished with best fitness of 12850.
Generation 230 finished with best fitness of 12850.
Generation 231 finished with best fitness of 12850.
Generation 232 finished with best fitness of 12850.
Generation 233 finished with best fitness of 12850.
Generation 234 finished with best fitness of 12900.
Generation 235 finished with best fitness of 12900.
Generation 236 finished with best fitness of 12900.
Generation 237 finished with best fitness of 12900.
Generation 238 finished with best fitness of 12900.
Generation 239 finished with best fitness of 12900.
Generation 240 finished with best fitness of 12950.
Generation 241 finished with best fitness of 12950.
Generation 242 finished with best fitness of 12950.
Generation 243 finished with best fitness of 12950.
Generation 244 finished with best fitness of 12950.
Generation 245 finished with best fitness of 12950.
Generation 246 finished with best fitness of 12950.
Generation 247 finished with best fitness of 12995.
Generation 248 finished with best fitness of 12995.
Generation 249 finished with best fitness of 12995.
Generation 250 finished with best fitness of 12995.
Generation 251 finished with best fitness of 12995.
Generation 252 finished with best fitness of 12995.
Generation 253 finished with best fitness of 12995.
Generation 254 finished with best fitness of 12995.
Generation 255 finished with best fitness of 12995.
Generation 256 finished with best fitness of 12995.
Generation 257 finished with best fitness of 12995.
Generation 258 finished with best fitness of 12995.
Generation 259 finished with best fitness of 12995.
Generation 260 finished with best fitness of 12995.
Generation 261 finished with best fitness of 12995.
Generation 262 finished with best fitness of 12995.
Generation 263 finished with best fitness of 13005.
Generation 264 finished with best fitness of 13005.
Generation 265 finished with best fitness of 13130.
Generation 266 finished with best fitness of 13130.
Generation 267 finished with best fitness of 13255.
Generation 268 finished with best fitness of 13255.
Generation 269 finished with best fitness of 13255.
Generation 270 finished with best fitness of 13255.
Generation 271 finished with best fitness of 13255.
Generation 272 finished with best fitness of 13255.
Generation 273 finished with best fitness of 13255.
Generation 274 finished with best fitness of 13255.
Generation 275 finished with best fitness of 13255.
Generation 276 finished with best fitness of 13255.
Generation 277 finished with best fitness of 13255.
Generation 278 finished with best fitness of 13255.
Generation 279 finished with best fitness of 13255.
Generation 280 finished with best fitness of 13255.
Generation 281 finished with best fitness of 13255.
Generation 282 finished with best fitness of 13255.
Generation 283 finished with best fitness of 13255.
Generation 284 finished with best fitness of 13255.
Generation 285 finished with best fitness of 13255.
Generation 286 finished with best fitness of 13255.
Generation 287 finished with best fitness of 13255.
Generation 288 finished with best fitness of 13255.
Generation 289 finished with best fitness of 13275.
Generation 290 finished with best fitness of 13275.
Generation 291 finished with best fitness of 13275.
Generation 292 finished with best fitness of 13300.
Generation 293 finished with best fitness of 13300.
Generation 294 finished with best fitness of 13300.
Generation 295 finished with best fitness of 13300.
Generation 296 finished with best fitness of 13300.
Generation 297 finished with best fitness of 13300.
Generation 298 finished with best fitness of 13300.
Generation 299 finished with best fitness of 13300.
Generation 300 finished with best fitness of 13300.
Generation 301 finished with best fitness of 13300.
Generation 302 finished with best fitness of 13300.
Generation 303 finished with best fitness of 13300.
Generation 304 finished with best fitness of 13300.
Generation 305 finished with best fitness of 13300.
Generation 306 finished with best fitness of 13300.
Generation 307 finished with best fitness of 13300.
Generation 308 finished with best fitness of 13350.
Generation 309 finished with best fitness of 13350.
Generation 310 finished with best fitness of 13350.
Generation 311 finished with best fitness of 13350.
Generation 312 finished with best fitness of 13350.
Generation 313 finished with best fitness of 13350.
Generation 314 finished with best fitness of 13350.
Generation 315 finished with best fitness of 13375.
Generation 316 finished with best fitness of 13375.
Generation 317 finished with best fitness of 13375.
Generation 318 finished with best fitness of 13375.
Generation 319 finished with best fitness of 13375.
Generation 320 finished with best fitness of 13375.
Generation 321 finished with best fitness of 13375.
Generation 322 finished with best fitness of 13385.
Generation 323 finished with best fitness of 13385.
Generation 324 finished with best fitness of 13385.
Generation 325 finished with best fitness of 13385.
Generation 326 finished with best fitness of 13385.
Generation 327 finished with best fitness of 13385.
Generation 328 finished with best fitness of 13385.
Generation 329 finished with best fitness of 13385.
Generation 330 finished with best fitness of 13395.
Generation 331 finished with best fitness of 13395.
Generation 332 finished with best fitness of 13470.
Generation 333 finished with best fitness of 13470.
Generation 334 finished with best fitness of 13470.
Generation 335 finished with best fitness of 13470.
Generation 336 finished with best fitness of 13470.
Generation 337 finished with best fitness of 13470.
Generation 338 finished with best fitness of 13470.
Generation 339 finished with best fitness of 13470.
Generation 340 finished with best fitness of 13470.
Generation 341 finished with best fitness of 13570.
Generation 342 finished with best fitness of 13570.
Generation 343 finished with best fitness of 13600.
Generation 344 finished with best fitness of 13600.
Generation 345 finished with best fitness of 13600.
Generation 346 finished with best fitness of 13600.
Generation 347 finished with best fitness of 13600.
Generation 348 finished with best fitness of 13630.
Generation 349 finished with best fitness of 13630.
Generation 350 finished with best fitness of 13630.
Generation 351 finished with best fitness of 13630.
Generation 352 finished with best fitness of 13630.
Generation 353 finished with best fitness of 13630.
Generation 354 finished with best fitness of 13630.
Generation 355 finished with best fitness of 13630.
Generation 356 finished with best fitness of 13630.
Generation 357 finished with best fitness of 13630.
Generation 358 finished with best fitness of 13630.
Generation 359 finished with best fitness of 13630.
Generation 360 finished with best fitness of 13630.
Generation 361 finished with best fitness of 13630.
Generation 362 finished with best fitness of 13630.
Generation 363 finished with best fitness of 13630.
Generation 364 finished with best fitness of 13630.
Generation 365 finished with best fitness of 13630.
Generation 366 finished with best fitness of 13630.
Generation 367 finished with best fitness of 13630.
Generation 368 finished with best fitness of 13630.
Generation 369 finished with best fitness of 13655.
Generation 370 finished with best fitness of 13655.
Generation 371 finished with best fitness of 13655.
Generation 372 finished with best fitness of 13655.
Generation 373 finished with best fitness of 13655.
Evolution finished after 11,0731534 seconds.
------------------------
Average fitness :
5046
5465
5740
5959
6112
6247
6324
6429
6536
6619
6709
6826
6895
6958
7038
7106
7170
7239
7310
7356
7419
7469
7525
7582
7661
7747
7798
7885
7949
8023
8056
8089
8124
8186
8258
8332
8370
8413
8462
8485
8515
8541
8565
8602
8642
8677
8717
8745
8801
8847
8903
8964
9050
9103
9173
9233
9301
9372
9427
9477
9515
9561
9586
9628
9661
9697
9722
9763
9825
9847
9900
9936
9948
9984
10015
10052
10076
10114
10170
10196
10240
10272
10326
10376
10400
10433
10459
10498
10525
10546
10575
10588
10616
10654
10699
10760
10780
10814
10833
10860
10888
10931
10979
11032
11055
11065
11090
11098
11118
11154
11176
11193
11209
11236
11255
11272
11288
11329
11357
11389
11412
11432
11448
11464
11479
11485
11525
11538
11551
11575
11581
11600
11604
11614
11645
11661
11674
11688
11719
11738
11764
11784
11811
11824
11841
11850
11861
11871
11871
11878
11891
11901
11915
11928
11934
11945
11959
11969
11974
11977
11979
11979
11989
12003
12011
12014
12031
12040
12061
12097
12121
12135
12147
12154
12168
12191
12202
12207
12222
12237
12257
12265
12268
12280
12289
12298
12305
12322
12339
12348
12365
12365
12377
12383
12393
12399
12409
12426
12429
12446
12459
12466
12495
12514
12534
12545
12569
12577
12584
12600
12615
12627
12632
12651
12669
12680
12695
12697
12700
12706
12710
12718
12720
12724
12727
12728
12734
12739
12741
12743
12747
12749
12757
12762
12764
12773
12779
12786
12788
12794
12803
12813
12825
12842
12847
12851
12854
12861
12874
12886
12895
12901
12901
12910
12918
12928
12938
12946
12947
12955
12957
12965
12967
12968
12972
12974
12983
12985
13010
13018
13025
13030
13031
13037
13050
13057
13069
13080
13087
13094
13099
13111
13116
13127
13138
13141
13142
13144
13152
13155
13169
13173
13176
13183
13185
13187
13187
13187
13191
13200
13204
13207
13208
13214
13215
13217
13222
13226
13228
13235
13239
13246
13252
13252
13255
13263
13272
13287
13293
13300
13307
13307
13309
13316
13322
13324
13326
13330
13334
13339
13339
13348
13350
13359
13361
13366
13373
13375
13378
13381
13388
13388
13397
13398
13409
13417
13430
13434
13435
13448
13473
13488
13496
13501
13511
13519
13531
13540
13546
13557
13568
13576
13581
13582
13589
13590
13592
13592
13593
13595
13602
13604
13605
13606
13606
------------------------
Best individual fitness:
6020
6020
6325
6325
6505
6520
6545
6705
7050
7050
7050
7055
7180
7180
7180
7300
7330
7385
7445
7480
7720
7720
7740
7795
7795
7965
7980
8065
8065
8140
8235
8235
8235
8405
8555
8555
8555
8555
8605
8605
8615
8645
8670
8745
8750
8865
8920
8920
9120
9120
9120
9195
9400
9400
9470
9520
9520
9600
9695
9710
9710
9710
9710
9785
9810
9885
9885
9885
10000
10015
10015
10015
10055
10175
10175
10255
10255
10310
10450
10450
10450
10450
10565
10565
10565
10565
10570
10645
10705
10705
10815
10815
10815
10840
10860
10990
10990
10990
10990
11125
11125
11125
11125
11215
11215
11215
11215
11215
11245
11395
11395
11395
11395
11445
11445
11445
11445
11475
11475
11510
11510
11565
11565
11565
11565
11565
11700
11700
11700
11700
11700
11700
11700
11740
11825
11825
11825
11825
11975
11975
11975
11975
11985
11985
11985
11985
11985
11985
11985
11985
12045
12045
12045
12045
12045
12045
12045
12045
12045
12045
12045
12045
12145
12235
12235
12235
12235
12235
12235
12235
12235
12235
12235
12235
12295
12295
12295
12295
12350
12350
12365
12365
12365
12380
12380
12380
12380
12430
12430
12460
12460
12460
12460
12460
12460
12500
12530
12560
12560
12560
12560
12560
12690
12690
12690
12690
12690
12690
12690
12775
12775
12775
12775
12775
12795
12795
12795
12795
12795
12795
12795
12850
12850
12850
12850
12850
12850
12850
12850
12850
12850
12850
12850
12850
12850
12900
12900
12900
12900
12900
12900
12950
12950
12950
12950
12950
12950
12950
12995
12995
12995
12995
12995
12995
12995
12995
12995
12995
12995
12995
12995
12995
12995
12995
13005
13005
13130
13130
13255
13255
13255
13255
13255
13255
13255
13255
13255
13255
13255
13255
13255
13255
13255
13255
13255
13255
13255
13255
13255
13255
13275
13275
13275
13300
13300
13300
13300
13300
13300
13300
13300
13300
13300
13300
13300
13300
13300
13300
13300
13350
13350
13350
13350
13350
13350
13350
13375
13375
13375
13375
13375
13375
13375
13385
13385
13385
13385
13385
13385
13385
13385
13395
13395
13470
13470
13470
13470
13470
13470
13470
13470
13470
13570
13570
13600
13600
13600
13600
13600
13630
13630
13630
13630
13630
13630
13630
13630
13630
13630
13630
13630
13630
13630
13630
13630
13630
13630
13630
13630
13630
13655
13655
13655
13655
13655
</DebugTrace>
      </Output>
    </UnitTestResult>
    <UnitTestResult executionId="fc0ce006-aae5-45fc-b972-ec6c4c5a9f01" testId="643aee53-482b-7ddc-6eba-83a04b5cba46" testName="TimetableInputExportTest" computerName="FLOLAP-PC" duration="00:00:00.0290873" startTime="2011-11-18T16:01:47.7111515+01:00" endTime="2011-11-18T16:01:47.7423516+01:00" testType="13cdc9d9-ddb5-4fa4-a97d-d965ccfc6d4b" outcome="Passed" testListId="8c84fa94-04c1-424b-9868-57a2d4851a1d" relativeResultsDirectory="fc0ce006-aae5-45fc-b972-ec6c4c5a9f01">
    </UnitTestResult>
  </Results>
</TestRun>