<?xml version="1.0" encoding="UTF-8"?>
<TestRun id="9ebe8de0-ce8b-48b8-a5e3-7d993f2ff8b8" name="FloLap@FLOLAP-PC 2011-10-19 16:14:32" runUser="FloLap-PC\FloLap" xmlns="http://microsoft.com/schemas/VisualStudio/TeamTest/2010">
  <TestSettings name="Lokal" id="6ed96bb3-d821-4eee-a79d-3a3069da9890">
    <Description>Dies sind die standardmäßigen Testeinstellungen für einen lokalen Testlauf.</Description>
    <Deployment enabled="false" runDeploymentRoot="FloLap_FLOLAP-PC 2011-10-19 16_14_32">
      <DeploymentItem filename="E:\HsKA\Semester2\Projektarbeit\Stundenplangenerator\TimetablePlanner\TimetablePlanner\bin\Debug\TimetablePlanner.dll" />
    </Deployment>
    <Execution>
      <TestTypeSpecific />
      <AgentRule name="Execution Agents">
      </AgentRule>
    </Execution>
  </TestSettings>
  <Times creation="2011-10-19T16:14:32.7187074+02:00" queuing="2011-10-19T16:14:33.7377095+02:00" start="2011-10-19T16:14:33.8157096+02:00" finish="2011-10-19T16:14:40.2741210+02:00" />
  <ResultSummary outcome="Completed">
    <Counters total="1" executed="1" passed="1" error="0" failed="0" timeout="0" aborted="0" inconclusive="0" passedButRunAborted="0" notRunnable="0" notExecuted="0" disconnected="0" warning="0" completed="0" inProgress="0" pending="0" />
  </ResultSummary>
  <TestDefinitions>
    <UnitTest name="createTimetableInstanceTest" storage="e:\hska\semester2\projektarbeit\stundenplangenerator\timetableplanner\timetableplannertests\bin\debug\timetableplannertests.dll" id="ab441b29-9837-01bf-f43f-7839c8f73716">
      <Execution id="090950f5-885f-40ec-a173-c28da68bc2ec" />
      <TestMethod codeBase="E:/HsKA/Semester2/Projektarbeit/Stundenplangenerator/TimetablePlanner/TimetablePlannerTests/bin/Debug/TimetablePlannerTests.DLL" adapterTypeName="Microsoft.VisualStudio.TestTools.TestTypes.Unit.UnitTestAdapter, Microsoft.VisualStudio.QualityTools.Tips.UnitTest.Adapter, Version=10.0.0.0, Culture=neutral, PublicKeyToken=b03f5f7f11d50a3a" className="TimetablePlannerTests.TimetableTest, TimetablePlannerTests, Version=1.0.0.0, Culture=neutral, PublicKeyToken=null" name="createTimetableInstanceTest" />
    </UnitTest>
  </TestDefinitions>
  <TestLists>
    <TestList name="Nicht in einer Liste enthaltene Ergebnisse" id="8c84fa94-04c1-424b-9868-57a2d4851a1d" />
    <TestList name="Alle geladenen Ergebnisse" id="19431567-8539-422a-85d7-44ee4e166bda" />
  </TestLists>
  <TestEntries>
    <TestEntry testId="ab441b29-9837-01bf-f43f-7839c8f73716" executionId="090950f5-885f-40ec-a173-c28da68bc2ec" testListId="8c84fa94-04c1-424b-9868-57a2d4851a1d" />
  </TestEntries>
  <Results>
    <UnitTestResult executionId="090950f5-885f-40ec-a173-c28da68bc2ec" testId="ab441b29-9837-01bf-f43f-7839c8f73716" testName="createTimetableInstanceTest" computerName="FLOLAP-PC" duration="00:00:05.0560779" startTime="2011-10-19T16:14:33.8625097+02:00" endTime="2011-10-19T16:14:40.1649208+02:00" testType="13cdc9d9-ddb5-4fa4-a97d-d965ccfc6d4b" outcome="Passed" testListId="8c84fa94-04c1-424b-9868-57a2d4851a1d" relativeResultsDirectory="090950f5-885f-40ec-a173-c28da68bc2ec">
      <Output>
        <DebugTrace>Time to create population of size 75: 780ms
837
828
817
816
807
797
797
796
792
785
784
767
764
761
761
759
743
743
742
734
732
731
729
728
725
723
723
723
720
720
713
711
710
707
707
700
695
693
692
687
687
687
684
684
681
678
678
678
675
675
672
669
663
658
651
645
640
639
637
636
635
634
633
633
631
625
623
621
616
610
610
607
597
586
550
Early abort after 139 generations.
Mean time per generation: 27ms
Mean fitness increase per generation
50
33
26
14
12
8
10
10
8
7
8
6
7
7
8
6
6
7
6
5
5
5
5
5
5
5
5
5
4
4
3
3
4
4
5
4
3
4
4
3
3
2
1
3
2
2
2
3
2
2
2
2
2
2
2
2
1
2
2
2
2
2
2
2
1
3
2
2
2
2
2
2
2
1
1
1
2
1
2
1
2
1
2
0
1
1
0
2
1
0
1
1
0
1
0
0
0
1
1
0
1
1
0
1
1
1
1
0
1
1
1
1
0
2
0
1
1
0
0
1
0
1
1
1
1
1
0
0
1
0
0
0
0
0
0
0
0
0
0
0
Evolution time: 3931ms
1140
1140
1140
1140
1140
1140
1140
1140
1140
1140
1140
1140
1140
1140
1140
1140
1140
1140
1140
1140
1140
1140
1140
1140
1140
1140
1140
1140
1140
1140
1140
1140
1140
1140
1140
1140
1140
1140
1140
1140
1140
1140
1140
1140
1140
1140
1140
1140
1140
1140
1140
1140
1140
1140
1140
1140
1140
1140
1140
1140
1140
1140
1140
1140
1140
1140
1140
1140
1140
1140
1140
1140
1140
1140
1140

Group 0
Block 0: 012 011 004 005 006 
Block 1: 012 003 000 002 010 
Block 2: 007 001 --- 009 008 
Block 3: --- --- --- --- --- 
Block 4: --- --- --- --- --- 
Block 5: --- --- --- --- --- 

Group 1
Block 0: 023 020 021 025 015 
Block 1: 024 018 016 025 022 
Block 2: 014 018 --- 025 013 
Block 3: --- 017 019 --- --- 
Block 4: --- 017 --- --- --- 
Block 5: --- --- --- --- --- 

Group 2
Block 0: 028 032 033 031 026 
Block 1: --- 029 027 030 035 
Block 2: --- --- --- --- 036 
Block 3: --- --- --- 034 036 
Block 4: --- --- --- --- 036 
Block 5: --- --- --- --- --- 

Group 3
Block 0: 037 039 042 044 041 
Block 1: 043 038 040 046 --- 
Block 2: --- --- --- --- --- 
Block 3: --- 045 --- --- --- 
Block 4: --- 045 --- --- --- 
Block 5: --- --- --- --- --- 
</DebugTrace>
      </Output>
    </UnitTestResult>
  </Results>
</TestRun>