<?xml version="1.0" encoding="UTF-8"?>
<TestRun id="ca3c868b-1a9c-4643-a698-4a58c28dfb32" name="FloLap@FLOLAP-PC 2011-10-15 18:32:48" runUser="FloLap-PC\FloLap" xmlns="http://microsoft.com/schemas/VisualStudio/TeamTest/2010">
  <TestSettings name="Lokal" id="6ed96bb3-d821-4eee-a79d-3a3069da9890">
    <Description>Dies sind die standardmäßigen Testeinstellungen für einen lokalen Testlauf.</Description>
    <Deployment enabled="false" runDeploymentRoot="FloLap_FLOLAP-PC 2011-10-15 18_32_48">
      <DeploymentItem filename="E:\HsKA\Semester2\Projektarbeit\Stundenplangenerator\TimetablePlanner\TimetablePlanner\bin\Debug\TimetablePlanner.dll" />
    </Deployment>
    <Execution>
      <TestTypeSpecific />
      <AgentRule name="Execution Agents">
      </AgentRule>
    </Execution>
  </TestSettings>
  <Times creation="2011-10-15T18:32:48.2826332+02:00" queuing="2011-10-15T18:32:49.3434350+02:00" start="2011-10-15T18:32:49.4838353+02:00" finish="2011-10-15T18:33:04.2414612+02:00" />
  <ResultSummary outcome="Completed">
    <Counters total="1" executed="1" passed="1" error="0" failed="0" timeout="0" aborted="0" inconclusive="0" passedButRunAborted="0" notRunnable="0" notExecuted="0" disconnected="0" warning="0" completed="0" inProgress="0" pending="0" />
  </ResultSummary>
  <TestDefinitions>
    <UnitTest name="createTimetableInstanceTest" storage="e:\hska\semester2\projektarbeit\stundenplangenerator\timetableplanner\timetableplannertests\bin\debug\timetableplannertests.dll" id="ab441b29-9837-01bf-f43f-7839c8f73716">
      <Execution id="0907e831-95fe-4786-8fb2-5dea872e7dc6" />
      <TestMethod codeBase="E:/HsKA/Semester2/Projektarbeit/Stundenplangenerator/TimetablePlanner/TimetablePlannerTests/bin/Debug/TimetablePlannerTests.DLL" adapterTypeName="Microsoft.VisualStudio.TestTools.TestTypes.Unit.UnitTestAdapter, Microsoft.VisualStudio.QualityTools.Tips.UnitTest.Adapter, Version=10.0.0.0, Culture=neutral, PublicKeyToken=b03f5f7f11d50a3a" className="TimetablePlannerTests.TimetableTest, TimetablePlannerTests, Version=1.0.0.0, Culture=neutral, PublicKeyToken=null" name="createTimetableInstanceTest" />
    </UnitTest>
  </TestDefinitions>
  <TestLists>
    <TestList name="Nicht in einer Liste enthaltene Ergebnisse" id="8c84fa94-04c1-424b-9868-57a2d4851a1d" />
    <TestList name="Alle geladenen Ergebnisse" id="19431567-8539-422a-85d7-44ee4e166bda" />
  </TestLists>
  <TestEntries>
    <TestEntry testId="ab441b29-9837-01bf-f43f-7839c8f73716" executionId="0907e831-95fe-4786-8fb2-5dea872e7dc6" testListId="8c84fa94-04c1-424b-9868-57a2d4851a1d" />
  </TestEntries>
  <Results>
    <UnitTestResult executionId="0907e831-95fe-4786-8fb2-5dea872e7dc6" testId="ab441b29-9837-01bf-f43f-7839c8f73716" testName="createTimetableInstanceTest" computerName="FLOLAP-PC" duration="00:00:13.2265428" startTime="2011-10-15T18:32:49.6086355+02:00" endTime="2011-10-15T18:33:04.1322610+02:00" testType="13cdc9d9-ddb5-4fa4-a97d-d965ccfc6d4b" outcome="Passed" testListId="8c84fa94-04c1-424b-9868-57a2d4851a1d" relativeResultsDirectory="0907e831-95fe-4786-8fb2-5dea872e7dc6">
      <Output>
        <DebugTrace>Time to create population of size 20: 156ms
0306: ---|---|---|---|---|---|---|035|---|---|---|---|---|---|---|---|---|---|026|027|027|027|---|---|---|---|---|---|032|---|---|---|029|---|---|---|---|015|---|000|002|---|016|016|016|---|---|---|---|---|006|---|---|---|---|---|---|---|---|---|---|---|---|---|---|---|---|---|---|---|---|---|---|---|---|---|022|---|---|---|---|005|031|---|---|023|---|---|---|---|017|---|---|---|---|---|030|---|---|---|---|---|---|---|---|---|---|---|---|037|025|---|---|---|---|---|---|---|---|---|---|---|---|---|---|---|---|---|---|---|---|---|---|---|---|006|---|---|---|---|---|001|---|---|---|013|---|---|---|---|005|---|011|---|---|---|---|010|010|028|---|---|---|---|---|---|---|---|---|---|---|---|---|---|---|---|---|019|---|---|---|---|---|---|---|---|---|---|---|---|---|---|---|---|---|---|---|---|---|---|---|---|---|---|---|---|---|---|---|---|---|---|---|021|---|---|---|---|---|---|---|---|---|---|---|---|---|---|---|---|---|---|---|---|018|---|---|002|---|---|---|---|---|---|014|---|---|---|---|015|---|---|---|---|---|---|---|---|024|---|---|---|---|---|---|---|---|---|---|---|---|---|---|---|---|---|---|---|---|---|---|---|---|---|---|---|---|---|008|---|---|---|---|---|009|034|004|---|000|---|020|---|---|---|033|---|---|---|007|007|009|---|012|010|010|---|---|---|004|036|036|---|---|---|---|003|---|---|---|---|---|---|---|---|---|---|---|---|---|---|---|---|---|---|---|---|---|---|---|---|---|---|---|---|---|---|---|---|---|---|
0280: ---|---|016|016|016|---|037|---|013|---|---|---|010|010|---|---|---|---|---|---|---|---|---|---|023|---|---|---|---|---|---|025|---|---|000|---|---|---|---|004|005|---|---|---|000|---|---|---|---|---|---|---|---|---|---|---|---|---|---|---|---|---|---|---|---|---|---|---|---|---|---|---|---|---|---|---|019|---|---|---|---|---|---|---|---|---|009|034|033|---|---|---|015|---|---|---|---|---|---|---|---|---|---|---|024|002|008|---|032|---|---|---|---|---|008|---|---|---|035|---|---|021|---|---|---|---|---|---|---|---|---|---|---|---|006|---|---|---|---|---|---|---|---|---|036|036|---|---|---|---|009|---|---|---|---|---|026|---|010|010|011|---|---|---|---|028|---|---|---|---|---|---|002|---|---|007|007|---|---|---|---|031|---|---|---|---|---|017|---|---|---|---|---|---|---|---|---|---|---|---|---|---|---|---|---|---|---|006|---|---|---|---|---|---|---|---|---|---|---|---|---|---|---|015|---|---|---|---|020|---|---|---|---|---|---|---|---|---|---|---|---|---|---|---|---|---|029|---|---|---|---|---|---|---|---|---|---|---|---|---|---|---|---|---|---|---|---|---|---|---|---|---|---|---|---|---|---|---|---|---|---|---|---|---|---|---|---|---|---|---|014|---|022|---|---|---|---|---|---|---|---|027|027|027|---|---|---|---|---|---|003|---|---|030|004|---|005|---|---|---|---|---|---|---|---|---|012|---|---|---|---|018|---|---|---|---|---|---|---|---|---|---|---|---|---|---|---|---|---|---|001|---|---|---|---|---|---|---|---|---|
0272: ---|003|---|---|---|---|022|---|---|---|---|---|---|---|---|---|---|---|---|---|---|---|---|---|---|---|---|---|029|---|---|---|---|008|---|---|---|---|---|---|---|---|030|---|---|---|004|---|---|---|---|---|---|---|---|021|---|---|---|---|---|---|---|---|---|---|---|---|---|---|---|---|---|---|---|---|---|---|---|---|---|---|---|---|024|035|---|020|000|---|034|032|---|013|---|---|---|028|---|---|---|---|---|016|016|016|---|---|---|---|---|014|---|---|---|---|002|---|---|---|---|---|---|---|006|---|---|---|---|---|---|---|---|---|---|---|---|---|---|---|---|---|---|---|---|005|---|---|---|---|---|---|---|---|012|---|000|---|---|---|---|---|---|---|---|---|---|---|---|026|---|---|---|---|---|019|004|---|015|---|025|---|033|---|017|---|---|---|---|---|009|---|---|---|---|---|---|---|---|---|---|---|---|---|---|---|---|---|---|---|---|---|---|---|---|---|---|---|---|002|---|---|---|---|---|---|015|---|---|031|---|005|---|---|---|---|---|---|---|---|---|---|---|---|---|---|---|---|---|---|---|---|---|---|---|---|---|---|---|---|---|---|---|---|---|---|---|---|---|---|---|---|---|---|---|---|---|---|---|006|---|---|---|---|---|---|---|---|---|---|---|---|---|---|023|---|---|036|036|---|011|---|018|---|---|---|---|010|010|---|---|---|027|027|027|---|---|---|009|---|---|008|---|---|---|---|---|007|007|---|---|037|010|010|---|---|---|---|---|---|---|---|---|---|---|---|---|---|---|---|001|---|---|---|---|---|---|---|---|---|
0250: ---|---|---|---|---|---|---|---|---|---|---|---|---|---|---|---|---|---|---|---|---|008|---|---|036|036|---|008|032|---|---|---|---|---|---|---|---|---|---|---|---|---|018|---|---|---|---|---|---|---|---|---|---|---|---|---|---|---|---|---|---|---|---|---|---|---|---|001|---|---|---|---|---|---|---|---|---|---|---|022|---|---|028|---|---|---|---|---|020|---|027|027|027|---|---|---|---|---|009|---|004|---|---|007|007|026|---|---|---|034|---|---|---|---|---|---|---|---|---|---|---|---|---|---|---|---|---|---|---|---|---|---|---|---|---|---|---|---|---|---|---|---|---|---|---|---|030|---|037|---|---|015|---|---|---|---|---|---|---|---|---|---|---|---|012|---|025|---|---|---|019|011|029|---|---|002|---|---|---|---|---|---|---|009|---|---|---|---|---|017|003|---|---|---|---|---|---|---|---|021|---|---|---|---|---|---|---|006|---|---|---|---|---|---|---|---|005|---|---|005|---|---|---|---|---|015|---|---|---|---|---|---|035|---|---|031|---|---|---|---|---|---|---|---|002|---|---|---|---|---|000|---|033|023|---|---|---|---|---|---|---|---|---|---|---|---|---|---|---|---|---|---|---|---|---|---|006|---|---|---|---|---|---|---|---|---|---|---|---|---|---|---|---|---|016|016|016|000|---|---|---|---|014|013|---|---|---|---|---|---|---|---|---|024|---|010|010|---|010|010|---|004|---|---|---|---|---|---|---|---|---|---|---|---|---|---|---|---|---|---|---|---|---|---|---|---|---|---|---|---|---|---|---|---|---|---|---|---|---|---|
0246: 026|---|---|---|034|---|---|---|---|---|---|---|---|---|012|005|---|---|---|---|013|---|---|---|008|010|010|---|---|---|031|---|004|---|022|---|---|028|---|---|---|---|---|---|---|---|---|---|---|---|---|---|---|---|---|---|---|---|---|---|---|---|---|---|---|---|---|---|---|---|---|---|---|---|004|---|---|---|---|018|---|037|---|---|017|---|---|---|---|---|---|---|---|---|---|---|---|---|---|---|---|---|009|---|---|003|---|---|---|015|---|---|009|---|---|---|---|---|---|---|006|---|---|---|---|---|---|---|---|---|---|---|---|---|---|---|---|---|---|---|---|---|---|---|---|---|---|---|---|---|---|---|---|---|---|---|---|---|036|036|---|---|---|---|---|000|---|---|---|---|---|---|---|---|---|032|020|---|---|---|---|---|---|---|---|---|---|---|---|---|---|---|---|---|---|---|---|---|---|---|---|---|---|---|---|---|---|---|---|---|---|---|---|---|---|---|033|---|---|---|---|---|008|---|---|---|---|---|---|---|---|---|---|---|---|---|---|---|014|---|005|002|---|015|000|---|---|---|---|---|---|---|---|011|---|025|019|---|---|002|---|---|---|---|---|---|---|---|001|---|---|---|---|---|---|---|---|---|---|---|---|---|---|---|---|---|---|---|---|029|---|---|---|---|016|016|016|---|---|---|---|---|030|---|---|---|010|010|---|---|023|---|---|024|---|---|---|---|007|007|---|---|---|---|027|027|027|---|035|---|---|---|---|---|---|---|---|---|---|---|---|---|---|---|---|---|---|---|021|---|006|---|---|---|---|---|---|---|---|---|
0222: 002|005|034|---|---|---|007|007|012|---|---|---|016|016|016|---|---|---|010|010|---|---|---|---|---|---|028|008|---|---|---|000|014|004|026|---|---|---|009|---|---|---|---|---|010|010|---|---|---|---|---|---|---|---|---|---|---|---|---|---|---|---|---|---|---|---|---|---|---|---|---|---|---|---|---|---|---|---|---|---|---|---|---|---|030|---|---|---|015|---|---|---|017|004|---|---|---|---|---|---|---|---|---|---|---|---|---|---|---|---|---|---|---|---|---|033|---|---|---|---|---|---|---|---|---|---|---|---|---|---|---|---|---|---|---|006|---|---|---|---|---|---|---|---|---|---|005|---|---|---|---|---|020|015|009|---|---|---|---|---|---|---|002|---|---|---|---|---|---|---|019|---|---|---|---|024|---|---|---|---|---|---|---|---|---|---|---|---|---|032|---|---|---|---|---|---|---|---|---|---|---|---|---|---|---|---|---|---|---|---|---|---|---|---|---|---|---|---|---|000|---|---|---|025|---|---|---|---|018|---|---|---|---|---|---|---|---|---|---|---|---|---|---|---|---|---|---|---|---|---|---|---|031|---|---|---|---|---|---|---|---|022|037|---|---|---|---|---|---|---|---|021|---|---|---|---|---|---|---|---|---|---|---|---|---|---|---|---|---|036|036|---|---|---|023|---|---|---|---|---|---|---|---|---|---|---|---|---|013|---|---|---|---|029|008|---|---|---|---|003|---|---|---|---|---|---|---|035|---|---|---|027|027|027|---|---|001|---|---|---|---|---|---|---|---|---|---|---|---|---|---|---|006|---|---|---|---|---|---|---|
0216: 000|---|---|---|---|---|037|---|---|---|031|---|---|---|---|005|---|---|---|---|---|---|---|---|---|007|007|---|---|---|---|---|---|---|---|---|019|---|---|---|---|---|018|---|---|---|---|---|---|---|---|---|---|---|---|---|021|---|---|---|---|001|---|---|---|---|---|---|---|---|---|---|---|010|010|---|---|---|---|---|---|---|---|---|---|---|030|---|---|---|---|---|000|---|---|---|---|---|010|010|---|---|---|002|---|---|009|---|---|---|022|013|---|---|---|---|008|---|---|---|---|---|---|---|006|---|---|---|---|---|---|---|---|---|---|---|---|---|---|---|---|---|---|---|---|---|002|---|---|---|027|027|027|---|---|---|---|034|---|---|---|---|036|036|---|---|---|---|024|---|---|---|---|---|---|---|---|026|---|---|---|---|015|---|025|---|032|---|014|---|033|---|---|---|---|---|---|---|---|---|---|---|---|---|---|---|---|---|---|---|---|---|---|---|---|---|---|009|---|---|---|---|---|---|---|---|023|---|015|008|---|012|---|---|004|---|---|---|---|---|---|---|---|---|020|---|035|003|---|---|029|---|---|---|---|---|---|---|---|---|---|017|---|---|---|---|---|---|---|---|---|---|---|---|---|---|---|---|---|---|---|---|---|---|---|---|---|---|004|---|---|---|---|---|---|016|016|016|---|---|---|---|---|---|---|---|---|---|---|---|011|---|---|---|028|---|---|---|---|---|---|---|---|---|---|---|---|005|---|---|---|---|---|---|---|---|---|---|006|---|---|---|---|---|---|---|---|---|---|---|---|---|---|---|---|---|---|---|---|---|
0206: ---|---|009|---|---|---|---|005|---|---|---|---|---|034|015|---|---|---|---|---|---|---|---|---|---|---|---|---|---|---|---|---|---|---|---|---|---|010|010|---|---|---|---|---|---|---|---|---|---|---|---|---|---|---|---|---|---|---|021|---|---|---|---|001|---|---|---|---|---|---|---|---|000|004|---|---|024|---|016|016|016|---|---|---|---|---|010|010|---|---|032|031|---|---|---|---|027|027|027|---|---|---|---|---|---|---|---|---|---|---|---|---|---|---|---|---|---|---|026|---|---|---|---|---|---|---|006|---|---|---|---|---|---|---|---|---|---|---|---|006|---|---|---|---|---|---|019|023|---|---|022|---|---|015|---|---|---|013|025|---|008|---|---|---|004|---|012|---|---|---|002|---|020|---|011|---|---|---|---|---|---|---|---|---|---|---|---|---|---|---|035|---|---|---|---|---|---|---|---|---|---|---|---|---|---|---|---|---|---|---|---|---|---|---|---|---|---|---|---|---|---|---|---|---|---|---|---|---|---|008|---|---|---|---|---|---|---|---|---|---|---|---|---|---|---|---|---|---|---|---|---|---|005|---|---|---|---|---|000|---|---|---|---|---|---|---|---|---|---|---|---|---|---|---|---|---|---|---|---|---|---|---|---|---|---|---|---|---|---|---|009|014|---|---|---|---|---|029|---|---|---|033|---|017|002|---|036|036|028|003|030|---|---|---|---|---|---|---|---|---|---|---|037|---|---|---|---|---|---|---|007|007|---|---|---|---|---|---|---|---|---|---|---|---|---|---|---|---|---|---|---|---|---|---|---|---|---|---|---|---|
0196: 035|000|---|---|---|---|004|---|036|036|023|---|---|---|---|003|019|---|---|---|---|014|---|---|---|---|---|029|---|---|---|---|011|---|037|---|---|---|---|---|---|---|015|---|026|---|---|---|---|---|---|---|---|---|---|---|---|---|---|---|---|021|---|---|---|---|---|---|---|---|---|---|---|032|---|---|---|---|009|002|---|---|---|---|---|---|---|---|---|---|---|---|030|---|---|---|---|---|---|004|---|---|---|---|---|---|---|---|027|027|027|---|---|---|---|---|---|---|---|---|---|---|---|---|---|---|---|---|---|---|---|---|---|---|---|---|---|---|---|---|---|---|---|---|---|---|---|---|---|---|---|---|015|---|028|---|016|016|016|---|---|---|---|---|---|---|009|---|---|---|---|---|---|---|---|007|007|---|---|---|012|---|---|---|008|---|---|---|---|---|---|---|---|---|---|006|---|---|---|---|---|---|---|---|---|---|---|---|---|---|---|---|---|---|---|---|---|---|---|005|---|---|031|---|---|---|---|---|---|---|---|---|---|---|005|024|---|---|---|---|---|---|---|---|---|---|020|---|---|---|---|---|---|---|---|---|---|---|013|---|---|---|---|---|---|---|---|---|---|---|---|---|---|001|---|---|---|---|---|---|---|---|---|---|---|---|---|---|---|---|---|---|000|---|018|---|---|---|---|---|---|010|010|---|---|---|---|034|---|---|---|---|---|---|---|---|---|---|---|017|022|---|008|---|---|---|025|002|033|---|---|---|010|010|---|---|---|---|---|---|006|---|---|---|---|---|---|---|---|---|---|---|---|---|---|---|---|---|---|---|
0194: ---|034|---|008|---|---|---|---|---|---|---|---|---|026|---|---|---|---|---|014|---|---|---|---|---|---|---|---|---|---|015|---|---|---|---|---|028|---|031|033|---|---|---|---|---|013|037|---|---|---|---|---|---|---|---|---|---|---|---|---|---|---|---|---|---|---|---|---|---|---|---|---|008|---|---|019|000|---|009|023|---|004|---|---|018|---|004|---|---|---|005|---|---|---|017|---|---|---|024|---|---|---|---|002|---|---|025|---|---|---|---|---|---|---|---|---|---|---|005|---|---|---|---|---|---|---|---|---|---|---|---|---|---|---|---|---|---|---|---|---|---|---|---|---|---|016|016|016|029|---|036|036|---|---|---|---|015|---|---|---|---|---|---|---|---|---|---|---|000|---|---|---|---|---|---|027|027|027|---|---|---|007|007|---|---|---|---|---|---|---|---|---|---|---|---|---|006|---|---|---|---|---|---|---|---|---|---|---|---|---|---|---|---|---|---|---|---|---|---|---|020|---|---|---|---|---|---|---|---|030|---|---|---|---|---|002|---|---|035|---|---|---|---|---|012|---|---|---|---|---|---|---|---|---|---|---|---|---|---|---|---|---|---|---|---|---|---|---|006|---|---|---|---|---|---|---|---|---|---|---|021|---|---|---|---|001|---|---|---|003|009|---|---|---|011|---|---|---|---|---|---|---|---|---|---|---|---|022|---|---|---|---|---|---|---|---|---|---|---|010|010|---|---|---|010|010|---|---|032|---|---|---|---|---|---|---|---|---|---|---|---|---|---|---|---|---|---|---|---|---|---|---|---|---|---|---|---|---|---|---|
0184: ---|037|---|---|026|---|020|---|---|---|005|---|023|---|---|---|---|---|002|009|---|022|---|---|024|---|---|---|---|---|018|---|---|---|---|---|---|---|031|000|---|---|---|---|---|---|---|---|---|006|---|---|---|---|---|---|---|---|---|---|---|---|---|021|---|---|---|---|---|---|---|---|---|009|---|---|033|---|---|004|---|015|---|---|004|---|---|032|008|---|---|---|---|---|---|---|---|010|010|---|002|---|027|027|027|---|---|---|---|034|---|005|011|---|---|---|---|---|017|---|---|---|---|---|---|---|---|---|---|---|---|---|---|---|---|---|---|---|---|---|---|---|---|---|---|---|025|---|---|---|---|---|---|000|---|---|---|---|---|---|---|---|---|---|003|---|---|---|---|---|---|---|015|---|---|---|013|---|---|---|---|---|---|---|---|---|---|007|007|---|---|---|---|---|---|---|---|---|---|---|---|---|---|---|---|---|---|---|---|---|---|---|---|---|006|---|---|---|---|---|---|---|---|019|---|---|---|---|---|---|---|---|---|---|---|---|---|030|---|---|---|---|---|---|---|---|---|---|010|010|---|---|028|---|---|---|---|---|---|---|---|036|036|---|---|---|---|---|---|---|---|---|---|---|---|---|---|---|---|---|---|---|---|---|---|---|---|---|---|---|---|---|---|---|---|014|---|---|---|---|---|012|---|---|---|---|029|---|---|---|---|---|---|---|008|---|---|---|---|---|---|---|---|---|---|016|016|016|---|---|---|---|035|---|---|---|---|---|---|---|---|---|---|---|---|---|---|---|---|---|---|---|---|---|---|001|---|---|---|---|
0184: ---|007|007|---|018|---|---|---|---|---|---|---|---|---|---|---|---|---|---|---|---|---|---|---|---|---|---|---|---|---|---|---|008|---|037|---|---|004|---|---|---|---|---|---|034|---|022|---|---|001|---|---|---|---|---|---|---|---|---|---|---|006|---|---|---|---|---|---|---|---|---|---|---|---|---|023|---|---|---|009|002|009|---|---|---|025|---|---|---|---|---|014|---|---|---|---|---|012|---|---|011|---|000|---|033|---|---|---|---|---|---|---|---|---|---|016|016|016|---|---|---|006|---|---|---|---|---|---|---|---|---|---|---|---|---|---|---|---|---|---|---|---|---|---|---|---|---|---|002|---|---|010|010|031|---|---|---|---|---|---|---|---|---|---|004|---|---|---|---|015|---|010|010|---|---|---|024|---|---|---|---|---|---|008|---|---|027|027|027|---|---|---|---|---|---|---|---|---|---|---|---|---|---|---|---|---|---|---|---|---|---|---|---|---|---|---|---|---|---|---|---|---|---|---|---|---|005|---|---|028|---|---|005|---|---|013|---|---|---|---|---|000|---|---|---|---|---|---|---|---|035|---|---|032|---|---|026|---|020|015|036|036|---|---|---|---|---|---|---|---|---|---|---|---|---|---|---|---|---|---|---|---|---|---|---|---|021|---|---|---|---|---|---|---|003|---|---|---|---|---|---|---|---|---|---|---|---|---|---|017|---|---|019|---|---|---|---|---|---|---|---|---|---|---|---|030|---|029|---|---|---|---|---|---|---|---|---|---|---|---|---|---|---|---|---|---|---|---|---|---|---|---|---|---|---|---|---|---|---|---|
0178: ---|---|---|---|018|---|008|014|024|010|010|---|---|---|---|022|---|---|---|---|004|037|009|---|---|---|002|---|---|---|---|---|029|036|036|---|---|---|007|007|---|---|016|016|016|---|---|---|---|---|---|---|---|---|---|---|021|---|---|---|---|---|---|---|---|---|---|---|---|---|---|---|008|015|---|---|---|---|---|028|---|---|---|---|---|000|---|---|---|---|---|035|---|---|---|---|---|---|---|023|---|---|---|---|010|010|---|---|---|---|---|---|---|---|---|---|---|---|---|---|---|---|---|---|---|---|---|---|---|---|---|---|---|001|---|006|---|---|---|---|---|---|---|---|003|---|---|---|033|---|---|---|---|---|---|---|---|---|---|---|---|---|---|---|---|---|004|---|---|015|---|---|---|---|---|---|---|---|---|---|012|005|---|---|---|---|---|005|---|---|013|---|---|---|---|---|---|---|---|---|---|---|---|---|---|---|---|---|006|---|---|---|---|---|---|---|000|---|---|025|---|---|---|---|---|---|---|---|---|---|---|---|---|---|---|---|---|034|---|---|---|---|---|---|---|---|---|---|---|---|002|---|---|---|---|---|---|---|030|---|---|---|---|---|---|---|---|---|---|---|---|---|---|---|---|---|---|---|---|---|---|---|---|---|---|---|---|---|027|027|027|---|---|---|---|---|---|017|---|---|---|011|---|---|---|---|---|020|---|---|---|---|---|009|---|031|---|---|---|026|019|---|---|---|---|---|---|---|---|---|---|---|---|032|---|---|---|---|---|---|---|---|---|---|---|---|---|---|---|---|---|---|---|---|---|---|---|---|---|---|
0176: ---|---|---|---|005|---|---|---|---|---|---|---|015|---|---|---|---|---|---|---|---|030|---|---|---|---|---|---|008|---|---|---|---|---|---|---|---|022|---|---|---|---|---|008|---|---|---|---|---|---|---|---|---|---|---|001|---|---|---|---|---|---|---|---|---|---|---|---|---|---|021|---|---|---|---|032|---|---|---|---|009|034|---|---|---|---|---|---|---|---|007|007|---|---|---|---|---|---|---|028|---|---|---|000|026|019|---|---|---|---|002|---|---|---|004|---|---|014|023|---|---|---|---|---|---|---|---|---|---|---|---|---|---|---|---|---|---|---|---|---|---|---|---|---|---|---|---|---|---|---|---|004|---|000|---|---|---|---|010|010|018|---|---|002|---|024|---|---|---|---|---|---|---|---|---|010|010|---|---|---|---|017|---|---|---|---|---|025|---|---|---|---|---|---|---|---|---|---|---|---|---|---|006|---|---|---|---|---|---|---|---|---|---|---|---|---|---|---|---|029|---|---|---|---|---|031|---|---|---|---|---|---|---|---|036|036|---|---|---|---|---|---|---|---|---|---|---|---|---|---|---|---|037|015|---|---|---|---|---|---|---|---|---|---|---|---|---|---|---|---|---|---|---|---|---|---|---|---|---|---|---|---|---|---|---|006|---|---|011|---|020|---|---|---|---|---|---|---|---|---|003|---|---|---|---|---|---|016|016|016|009|---|012|---|---|005|---|---|---|---|033|---|---|---|035|---|---|---|---|---|---|013|027|027|027|---|---|---|---|---|---|---|---|---|---|---|---|---|---|---|---|---|---|---|---|---|---|---|---|---|
0166: ---|---|007|007|---|---|020|---|---|---|---|---|---|030|---|---|022|---|---|029|---|---|---|---|034|017|010|010|---|---|---|---|---|---|---|---|---|008|---|---|---|---|---|---|---|---|---|---|---|---|---|---|---|---|---|---|---|---|---|---|---|---|---|---|---|---|---|---|---|---|---|---|---|---|023|---|---|---|---|---|---|---|---|---|---|---|---|---|012|---|---|---|---|---|005|---|---|---|015|002|---|---|---|---|000|---|002|---|011|---|---|---|---|---|---|---|---|---|---|---|---|---|---|021|---|---|---|---|---|---|---|---|---|---|---|---|---|---|---|---|---|---|---|---|---|015|---|---|---|---|018|---|013|---|---|---|---|---|---|---|---|---|014|---|---|---|037|---|---|---|033|---|---|---|035|---|---|---|---|---|---|---|000|---|---|---|---|010|010|---|004|---|---|---|---|---|---|---|---|---|---|---|---|---|---|---|---|---|---|---|---|---|---|---|---|---|004|---|---|---|---|---|---|---|---|---|---|---|---|---|---|---|009|---|032|---|---|---|---|---|---|---|036|036|---|---|---|---|---|---|---|---|---|---|---|---|025|---|---|---|---|---|---|---|---|---|---|---|001|---|---|---|---|---|---|---|---|---|---|---|---|---|---|---|---|---|---|---|---|016|016|016|028|---|---|---|---|003|---|---|---|---|008|---|---|---|027|027|027|---|031|---|---|---|---|---|---|---|005|---|019|---|---|---|---|---|009|---|026|---|---|---|024|---|---|---|---|---|006|---|006|---|---|---|---|---|---|---|---|---|---|---|---|---|---|---|---|---|---|---|
0166: ---|---|036|036|---|---|000|---|015|---|---|---|---|003|---|---|025|---|---|---|029|---|---|---|020|---|---|010|010|---|---|---|008|015|---|---|---|---|---|---|---|---|---|004|026|---|---|---|---|---|---|---|---|---|---|---|---|---|---|---|---|---|---|---|---|---|---|---|---|---|---|---|---|---|---|---|030|---|---|---|---|---|---|---|---|---|016|016|016|---|---|---|---|---|---|---|009|023|---|---|---|---|---|---|---|009|---|---|---|---|---|---|019|---|---|024|002|---|---|---|---|---|---|---|006|---|---|---|---|---|---|---|---|---|---|---|---|---|---|---|---|---|---|---|---|010|010|---|---|---|---|---|028|032|---|---|---|---|017|004|---|---|---|---|012|---|---|---|---|---|---|034|---|---|013|---|---|---|---|---|---|000|---|---|---|---|---|---|---|031|---|---|---|---|---|---|---|---|---|021|---|006|---|---|---|---|---|---|---|---|---|---|---|---|---|---|033|---|---|---|---|---|---|---|---|---|---|---|---|---|---|---|---|---|007|007|---|---|---|---|---|---|---|---|---|---|---|---|---|014|---|---|---|---|---|---|---|---|---|---|---|011|---|---|---|---|---|---|001|---|---|---|---|---|---|---|---|---|---|---|---|---|---|---|---|---|---|---|---|---|---|---|---|---|---|---|---|037|---|---|---|---|018|---|---|---|005|---|002|---|---|---|---|---|---|---|---|---|027|027|027|---|---|---|035|---|---|005|022|---|---|008|---|---|---|---|---|---|---|---|---|---|---|---|---|---|---|---|---|---|---|---|---|---|---|---|---|---|---|---|
0160: ---|---|---|---|---|---|---|016|016|016|025|---|---|---|002|---|000|---|---|---|---|---|---|---|---|034|---|---|015|---|---|---|005|---|---|---|---|032|---|---|---|---|008|---|029|---|003|---|---|---|---|---|---|---|---|---|---|---|---|---|---|---|---|---|---|---|---|---|---|---|---|---|---|---|---|---|---|---|---|002|---|024|---|---|---|---|---|---|---|---|---|---|---|---|009|---|---|---|---|---|---|---|---|---|---|---|---|---|---|---|---|---|013|---|---|---|---|---|---|---|---|---|---|---|---|---|---|---|---|---|---|---|---|006|---|---|---|---|---|---|021|---|---|---|---|---|---|---|---|---|---|---|018|---|---|---|---|---|037|---|---|---|---|---|---|007|007|---|---|---|035|---|---|---|000|---|---|---|---|---|019|031|---|---|---|---|017|---|004|010|010|---|---|---|---|---|---|---|---|---|---|---|---|---|---|---|---|---|---|---|---|---|---|---|---|---|023|011|---|033|---|---|---|---|---|---|---|---|---|---|---|---|---|---|---|009|---|---|---|---|---|---|---|008|---|---|---|---|---|---|---|---|---|---|---|010|010|---|028|022|---|---|---|---|---|---|---|---|---|---|---|---|---|---|---|---|---|---|---|---|---|---|---|---|---|---|---|---|015|---|---|---|---|---|---|---|004|---|---|---|---|---|---|030|---|---|005|---|036|036|---|---|014|026|---|020|---|---|---|---|---|---|---|---|---|027|027|027|---|---|---|---|---|---|---|---|---|---|---|---|---|---|---|---|---|---|---|---|---|---|---|---|006|---|---|---|---|---|001|---|
0156: ---|---|028|---|020|---|---|009|---|033|---|---|---|015|---|000|---|---|---|---|---|---|032|---|---|---|---|---|---|---|002|---|015|005|014|---|---|---|---|---|---|---|---|---|026|---|037|---|---|---|---|---|---|---|---|021|---|---|---|---|---|---|---|---|---|---|---|---|---|---|006|---|---|004|007|007|030|---|---|011|---|---|---|---|---|---|031|024|---|---|---|---|017|---|005|---|---|---|012|---|---|---|---|---|---|---|---|---|035|---|---|---|---|---|---|---|---|---|---|---|---|---|---|---|---|---|---|---|---|---|006|---|---|---|---|---|---|---|---|---|---|---|---|---|---|---|---|---|---|---|016|016|016|---|025|---|---|---|---|---|---|---|---|008|---|---|---|---|---|---|---|---|---|---|---|---|---|---|---|---|---|---|---|---|---|---|010|010|029|002|---|---|---|---|---|---|---|---|---|---|001|---|---|---|---|---|---|---|---|---|---|---|---|---|---|---|---|---|---|---|---|---|---|009|---|018|---|---|003|---|---|---|013|---|---|---|---|---|---|---|---|---|---|---|---|---|---|---|---|---|023|---|---|---|---|---|---|---|---|019|---|---|---|---|---|---|---|---|---|---|---|---|---|---|---|---|---|---|---|---|---|---|---|---|---|---|---|---|---|010|010|---|022|---|027|027|027|---|---|---|---|---|000|---|---|---|---|---|---|---|---|---|---|---|---|---|---|---|---|034|---|---|---|---|---|---|036|036|---|---|---|---|008|---|004|---|---|---|---|---|---|---|---|---|---|---|---|---|---|---|---|---|---|---|---|---|---|---|---|---|
0148: ---|---|---|---|037|---|033|---|005|---|---|---|---|007|007|019|---|---|016|016|016|---|---|---|---|009|---|---|---|---|---|---|---|---|---|---|---|---|---|---|---|---|---|---|022|018|---|---|---|---|---|---|---|---|---|---|---|---|---|---|---|---|---|---|---|---|---|---|---|---|---|---|---|---|---|---|017|---|002|---|---|---|003|---|029|---|---|---|---|---|---|005|---|---|026|---|---|---|---|---|008|---|---|012|---|---|---|---|010|010|---|---|004|---|---|---|---|---|035|---|---|021|---|---|---|---|---|---|---|---|---|---|---|---|---|---|---|---|---|---|---|---|---|---|---|027|027|027|002|---|---|032|---|015|---|---|---|---|000|---|---|---|---|---|---|010|010|---|---|---|024|---|---|---|---|---|---|000|---|---|---|---|036|036|---|---|---|008|---|---|---|---|---|---|---|---|---|---|---|---|---|---|006|---|---|---|---|---|---|---|---|---|---|---|---|---|---|---|---|---|---|---|---|---|---|---|---|---|---|---|---|---|---|---|028|---|---|---|---|---|---|---|---|---|---|---|030|---|---|---|---|---|---|---|---|---|---|---|---|---|---|---|---|---|---|---|---|---|---|---|---|---|---|---|---|---|---|---|---|---|---|---|---|---|---|---|001|---|---|---|---|---|---|---|---|---|---|---|---|---|---|---|009|---|034|---|---|015|---|---|---|---|---|013|031|---|---|---|---|---|020|---|011|---|---|---|---|004|014|---|---|---|025|---|023|---|---|---|---|---|---|---|006|---|---|---|---|---|---|---|---|---|---|---|---|---|---|---|---|---|
0130: ---|---|---|---|---|---|---|005|---|---|---|---|003|---|024|---|008|---|023|---|---|---|---|---|---|---|---|037|---|---|---|025|---|012|---|---|---|015|---|---|020|---|---|---|---|---|---|---|---|---|---|---|---|---|---|---|---|---|---|---|---|---|---|---|---|---|---|---|---|---|---|---|---|---|---|---|---|---|---|005|---|010|010|---|022|029|011|---|014|---|---|---|---|---|---|---|---|---|026|---|---|---|---|---|---|---|---|---|027|027|027|---|---|---|---|---|---|---|---|---|---|---|---|---|---|---|---|---|---|---|---|---|---|021|---|---|---|---|---|---|---|---|---|---|---|013|---|010|010|---|---|---|---|004|---|---|---|---|---|---|---|---|---|---|---|---|---|---|---|---|---|---|031|---|---|019|017|036|036|---|009|008|032|033|---|---|---|---|---|---|---|---|---|---|---|---|---|---|---|---|---|---|001|---|---|---|---|006|---|---|---|---|---|---|---|---|---|---|---|---|---|---|---|---|---|---|---|---|---|---|---|034|000|---|---|---|---|009|---|---|---|---|---|---|000|---|---|---|---|---|004|---|---|---|---|---|---|---|---|---|---|---|---|---|---|---|---|---|---|---|---|---|---|---|---|---|---|---|---|---|---|---|---|---|---|---|---|---|---|---|---|---|---|---|---|002|---|---|---|---|---|---|---|---|---|---|---|---|---|035|---|---|---|015|016|016|016|---|028|018|---|002|---|---|---|---|---|---|---|---|---|007|007|---|030|---|---|---|006|---|---|---|---|---|---|---|---|---|---|---|---|---|---|---|---|---|---|---|---|---|
5000 Generations finished after 12885ms
0970: 010|010|---|009|---|---|004|037|014|005|---|---|010|010|005|---|---|---|013|010|010|---|---|---|002|016|016|---|---|---|018|009|004|---|---|---|011|000|010|010|---|---|032|015|---|---|---|---|---|---|---|---|---|---|006|001|---|---|---|---|---|---|---|---|---|---|---|---|006|---|---|---|008|010|010|---|---|---|016|016|016|---|---|---|027|027|027|---|---|---|017|016|016|016|---|---|016|016|016|000|---|---|027|027|027|015|---|---|027|027|027|---|---|---|034|036|036|---|---|---|---|---|---|---|---|---|---|---|---|---|---|---|---|---|---|---|---|---|---|---|---|---|---|---|023|026|016|016|016|---|005|027|027|027|---|---|028|010|010|---|---|---|027|027|027|---|---|---|002|030|010|010|---|---|027|027|027|---|---|---|027|027|027|---|---|---|027|027|027|---|---|---|006|---|---|---|---|---|---|006|---|---|---|---|006|---|---|---|---|---|---|---|---|---|---|---|019|002|---|---|---|---|031|002|---|---|---|---|005|002|---|015|004|---|000|---|---|002|---|---|007|007|---|---|---|---|033|015|---|015|---|---|024|003|---|---|---|---|002|---|---|---|---|---|---|006|---|---|---|---|006|---|---|---|---|---|---|006|---|---|---|---|006|---|---|---|---|---|008|027|027|027|---|---|009|025|004|---|000|---|020|010|010|015|---|---|000|029|---|007|009|---|012|010|010|---|---|---|004|004|036|---|---|---|016|016|016|---|---|---|022|009|035|---|---|---|---|---|---|---|---|---|---|---|---|---|---|---|021|---|---|---|---|---|---|---|---|---|---|---|
0970: 010|010|---|---|---|---|004|037|---|005|---|---|010|010|005|---|---|---|013|010|010|---|---|---|002|016|016|---|---|---|018|009|004|009|---|---|011|000|010|010|---|---|032|015|002|---|---|---|021|---|---|---|---|---|006|001|---|---|---|---|---|---|---|---|---|---|---|---|006|---|---|---|008|010|010|---|---|---|016|016|016|---|---|---|027|027|027|---|---|---|017|016|016|016|---|---|016|016|016|000|---|---|027|027|027|015|---|---|027|027|027|---|---|---|034|036|036|---|---|---|---|---|---|---|---|---|---|---|---|---|---|---|---|---|---|---|---|---|---|---|---|---|---|---|023|026|016|016|016|---|005|027|027|027|---|---|028|010|010|---|---|---|027|027|027|---|---|---|002|030|010|010|---|---|027|027|027|---|---|---|027|027|027|---|---|---|027|027|027|---|---|---|006|---|---|---|---|---|---|006|---|---|---|---|006|006|---|---|---|---|---|---|---|---|---|---|014|002|---|---|---|---|031|002|---|---|---|---|005|002|---|015|004|---|000|005|---|002|---|---|007|007|---|---|---|---|033|019|---|015|---|---|024|003|---|---|---|---|002|---|---|---|---|---|---|006|---|---|---|---|006|---|---|---|---|---|---|---|---|---|---|---|006|---|---|---|---|---|008|027|027|027|---|---|009|---|004|---|000|---|020|010|010|015|---|---|000|029|025|007|009|---|012|010|010|---|008|---|004|004|036|---|---|---|016|016|016|---|---|---|022|009|035|---|---|---|---|---|---|---|---|---|---|---|---|---|---|---|---|---|---|---|---|---|---|---|---|---|---|---|
0970: 010|010|---|---|---|---|004|037|008|005|009|---|010|010|005|---|---|---|013|010|010|---|---|---|002|016|016|---|---|---|018|009|004|---|---|---|011|000|010|010|---|---|032|015|002|---|---|---|021|---|---|---|---|---|006|001|---|---|---|---|---|---|---|---|---|---|---|---|006|---|---|---|008|010|010|---|---|---|016|016|016|---|---|---|027|027|027|---|---|---|017|016|016|016|---|---|016|016|016|000|---|---|027|027|027|015|---|---|027|027|027|---|---|---|034|036|036|---|---|---|---|---|---|---|---|---|---|---|---|---|---|---|---|---|---|---|---|---|---|---|---|---|---|---|023|026|016|016|016|---|005|027|027|027|---|---|028|010|010|---|---|---|027|027|027|---|---|---|002|030|010|010|---|---|027|027|027|---|---|---|027|027|027|---|---|---|027|027|027|---|---|---|006|---|---|---|---|---|---|006|---|---|---|---|006|006|---|---|---|---|---|---|---|---|---|---|014|002|---|---|---|---|031|002|---|---|---|---|005|002|---|015|004|---|000|005|---|002|---|---|007|007|---|---|---|---|033|019|---|015|---|---|024|003|---|---|---|---|002|---|---|---|---|---|---|006|---|---|---|---|006|---|---|---|---|---|---|---|---|---|---|---|006|---|---|---|---|---|008|027|027|027|---|---|009|---|004|---|000|---|020|010|010|015|---|---|000|029|025|007|009|---|012|010|010|---|008|---|004|004|036|---|---|---|016|016|016|000|---|---|022|009|035|---|---|---|---|---|---|---|---|---|---|---|---|---|---|---|---|---|---|---|---|---|---|---|---|---|---|---|
0968: 010|010|---|---|---|---|004|037|---|005|---|---|010|010|005|---|---|---|013|010|010|---|---|---|002|016|016|---|---|---|018|009|004|---|---|---|011|000|010|010|---|---|032|015|002|---|---|---|021|---|---|---|---|---|006|001|---|---|---|---|---|---|---|---|---|---|---|---|006|---|---|---|008|010|010|---|---|---|016|016|016|---|---|---|027|027|027|---|---|---|017|016|016|016|---|---|016|016|016|000|---|---|027|027|027|015|---|---|027|027|027|---|---|---|034|036|036|---|---|---|---|---|---|---|---|---|---|---|---|---|---|---|---|---|---|---|---|---|---|---|---|---|---|---|023|026|016|016|016|---|005|027|027|027|009|---|028|010|010|---|---|---|027|027|027|---|---|---|002|030|010|010|---|---|027|027|027|---|---|---|027|027|027|---|---|---|027|027|027|---|---|---|006|---|---|---|---|---|---|006|---|---|---|---|006|006|---|---|---|---|---|---|---|---|---|---|014|002|---|---|---|---|031|002|---|---|---|---|005|002|---|015|004|---|000|005|---|002|---|---|007|007|---|---|---|---|033|019|---|015|---|---|024|003|---|---|---|---|002|---|---|---|---|---|---|006|---|---|---|---|006|---|---|---|---|---|---|---|---|---|---|---|006|---|---|---|---|---|008|027|027|027|---|---|009|---|004|---|000|---|020|010|010|015|---|---|000|029|025|007|009|---|012|010|010|---|008|---|004|004|036|---|---|---|016|016|016|---|---|---|022|009|035|---|---|---|---|---|---|---|---|---|---|---|---|---|---|---|---|---|---|---|---|---|---|---|---|---|---|---|
0968: 010|010|---|---|---|---|004|037|---|005|009|---|010|010|005|---|---|---|013|010|010|---|---|---|002|016|016|---|---|---|018|009|004|---|---|---|011|000|010|010|---|---|032|015|002|---|---|---|021|---|---|---|---|---|006|001|---|---|---|---|---|---|---|---|---|---|---|---|006|---|---|---|008|010|010|---|---|---|016|016|016|---|---|---|027|027|027|---|---|---|017|016|016|016|---|---|016|016|016|000|---|---|027|027|027|015|---|---|027|027|027|---|---|---|034|036|036|---|---|---|---|---|---|---|---|---|---|---|---|---|---|---|---|---|---|---|---|---|---|---|---|---|---|---|023|026|016|016|016|---|005|027|027|027|---|---|028|010|010|---|---|---|027|027|027|---|---|---|002|030|010|010|---|---|027|027|027|---|---|---|027|027|027|---|---|---|027|027|027|---|---|---|006|---|---|---|---|---|---|006|---|---|---|---|006|006|---|---|---|---|---|---|---|---|---|---|014|002|---|---|---|---|031|002|---|---|---|---|005|002|---|015|004|---|000|005|---|002|---|---|007|007|---|---|---|---|033|019|---|015|---|---|024|003|---|---|---|---|002|---|---|---|---|---|---|006|---|---|---|---|006|---|---|---|---|---|---|---|---|---|---|---|006|---|---|---|---|---|008|027|027|027|---|---|009|---|004|---|000|---|020|010|010|015|---|---|000|029|025|007|009|---|012|010|010|---|008|---|004|004|036|---|---|---|016|016|016|---|---|---|022|009|035|---|---|---|---|---|---|---|---|---|---|---|---|---|---|---|---|---|---|---|---|---|---|---|---|---|---|---|
0968: 010|010|---|---|---|---|004|037|008|005|009|---|010|010|005|---|---|---|013|010|010|---|---|---|---|016|016|---|---|---|018|009|004|---|---|---|011|000|010|010|---|---|032|015|002|---|---|---|021|---|---|---|---|---|006|001|---|---|---|---|---|---|---|---|---|---|---|---|006|---|---|---|008|010|010|---|---|---|016|016|016|---|---|---|027|027|027|---|---|---|017|016|016|016|---|---|016|016|016|000|---|---|027|027|027|015|---|---|027|027|027|---|---|---|034|036|036|---|---|---|---|---|---|---|---|---|---|---|---|---|---|---|---|---|---|---|---|---|---|---|---|---|---|---|023|026|016|016|016|---|005|027|027|027|---|---|028|010|010|---|---|---|027|027|027|---|---|---|002|030|010|010|---|---|027|027|027|---|---|---|027|027|027|---|---|---|027|027|027|---|---|---|006|---|---|---|---|---|---|006|---|---|---|---|006|006|---|---|---|---|---|---|---|---|---|---|014|002|---|---|---|---|031|002|---|---|---|---|005|002|---|015|004|---|000|005|---|002|---|---|007|007|---|---|---|---|033|019|---|015|---|---|024|003|---|---|---|---|002|---|---|---|---|---|---|006|---|---|---|---|006|---|---|---|---|---|---|---|---|---|---|---|006|---|---|---|---|---|008|027|027|027|---|---|009|002|004|---|000|---|020|010|010|015|---|---|000|029|025|007|009|---|012|010|010|---|008|---|004|004|036|---|---|---|016|016|016|000|---|---|022|009|035|---|---|---|---|---|---|---|---|---|---|---|---|---|---|---|---|---|---|---|---|---|---|---|---|---|---|---|
0966: 010|010|---|009|---|---|004|037|---|005|---|---|010|010|005|---|---|---|013|010|010|---|---|---|002|016|016|---|---|---|018|009|004|---|---|---|011|000|010|010|---|---|032|015|---|---|---|---|---|---|---|---|---|---|006|001|---|---|---|---|---|---|---|---|---|---|---|---|006|---|---|---|008|010|010|---|---|---|016|016|016|---|---|---|027|027|027|---|---|---|017|016|016|016|---|---|016|016|016|000|---|---|027|027|027|015|---|---|027|027|027|---|---|---|034|036|036|---|---|---|---|---|---|---|---|---|---|---|---|---|---|---|---|006|---|---|---|---|021|---|---|---|---|---|023|026|016|016|016|---|005|027|027|027|---|---|028|010|010|---|---|---|027|027|027|---|---|---|002|030|010|010|---|---|027|027|027|---|---|---|027|027|027|---|---|---|027|027|027|---|---|---|006|---|---|---|---|---|---|006|---|---|---|---|006|---|---|---|---|---|---|---|---|---|---|---|014|002|---|---|---|---|031|002|---|---|---|---|005|002|---|015|004|---|000|---|---|002|---|---|007|007|---|---|---|---|033|019|---|015|---|---|024|003|---|---|---|---|002|---|---|---|---|---|---|006|---|---|---|---|006|---|---|---|---|---|---|---|---|---|---|---|006|---|---|---|---|---|008|027|027|027|---|---|009|025|004|---|000|---|020|010|010|015|---|---|000|029|---|007|009|---|012|010|010|---|---|---|004|004|036|---|---|---|016|016|016|---|---|---|022|009|035|---|---|---|---|---|---|---|---|---|---|---|---|---|---|---|---|---|---|---|---|---|---|---|---|---|---|---|
0966: 010|010|---|---|---|---|004|037|---|005|009|---|010|010|005|---|---|---|013|010|010|---|---|---|002|016|016|---|---|---|018|009|004|---|---|---|011|000|010|010|---|---|032|015|002|---|---|---|021|---|---|---|---|---|006|001|---|---|---|---|---|---|---|---|---|---|---|---|006|---|---|---|008|010|010|---|---|---|016|016|016|---|---|---|027|027|027|---|---|---|017|016|016|016|---|---|016|016|016|000|---|---|027|027|027|015|---|---|027|027|027|---|---|---|034|036|036|---|---|---|---|---|---|---|---|---|---|---|---|---|---|---|---|---|---|---|---|---|---|---|---|---|---|---|023|026|016|016|016|---|005|027|027|027|---|---|028|010|010|---|---|---|027|027|027|---|---|---|002|030|010|010|---|---|027|027|027|---|---|---|027|027|027|---|---|---|027|027|027|---|---|---|006|---|---|---|---|---|---|006|---|---|---|---|006|006|---|---|---|---|---|---|---|---|---|---|014|002|---|---|---|---|031|002|---|---|---|---|005|002|---|015|004|---|000|005|---|002|---|---|007|007|---|---|---|---|033|019|---|015|---|---|024|003|---|---|---|---|002|---|---|---|---|---|---|006|---|---|---|---|006|---|---|---|---|---|---|---|---|---|---|---|006|---|---|---|---|---|008|027|027|027|---|---|009|---|004|---|000|---|020|010|010|015|---|---|000|029|025|007|009|---|012|010|010|---|008|---|004|004|036|---|---|---|016|016|016|000|---|---|022|009|035|---|---|---|---|---|---|---|---|---|---|---|---|---|---|---|---|---|---|---|---|---|---|---|---|---|---|---|
0964: 010|010|---|---|---|---|004|037|---|005|009|---|010|010|005|---|---|---|013|010|010|---|---|---|002|016|016|---|---|---|018|009|004|---|---|---|011|000|010|010|---|---|032|015|002|---|---|---|021|---|---|---|---|---|006|001|---|---|---|---|---|---|---|---|---|---|---|---|006|---|---|---|008|010|010|---|---|---|016|016|016|---|004|---|027|027|027|---|---|---|017|016|016|016|---|---|016|016|016|000|---|---|027|027|027|015|---|---|027|027|027|---|---|---|034|036|036|---|---|---|---|---|---|---|---|---|---|---|---|---|---|---|---|---|---|---|---|---|---|---|---|---|---|---|023|026|016|016|016|---|005|027|027|027|---|---|028|010|010|---|---|---|027|027|027|---|---|---|002|030|010|010|---|---|027|027|027|---|---|---|027|027|027|---|---|---|027|027|027|---|---|---|006|---|---|---|---|---|---|006|---|---|---|---|006|006|---|---|---|---|---|---|---|---|---|---|014|002|---|---|---|---|031|002|---|---|---|---|005|002|---|015|004|---|000|005|---|002|---|---|007|007|---|---|---|---|033|019|---|015|---|---|024|003|---|---|---|---|002|---|---|---|---|---|---|006|---|---|---|---|006|---|---|---|---|---|---|---|---|---|---|---|006|---|---|---|---|---|008|027|027|027|---|---|009|---|004|---|000|---|020|010|010|015|---|---|000|029|025|007|009|---|012|010|010|---|008|---|004|004|036|---|---|---|016|016|016|---|---|---|022|009|035|---|---|---|---|---|---|---|---|---|---|---|---|---|---|---|---|---|---|---|---|---|---|---|---|---|---|---|
0962: 010|010|---|009|---|---|004|037|014|005|---|---|010|010|005|---|---|---|013|010|010|---|---|---|002|016|016|---|---|---|018|009|004|---|---|---|011|000|010|010|---|---|032|015|---|---|---|---|021|---|---|---|---|---|006|001|---|---|---|---|---|---|---|---|---|---|---|---|006|---|---|---|008|010|010|---|---|---|016|016|016|---|---|---|027|027|027|---|---|---|017|016|016|016|---|---|016|016|016|000|---|---|027|027|027|015|---|---|027|027|027|---|---|---|034|036|036|---|---|---|---|---|---|---|---|---|---|---|---|---|---|---|---|---|---|---|---|---|---|---|---|---|---|---|023|---|016|016|016|---|005|027|027|027|---|---|028|010|010|---|---|---|027|027|027|---|---|---|002|030|010|010|---|---|027|027|027|---|---|---|027|027|027|---|---|---|027|027|027|---|---|---|006|---|---|---|---|---|---|006|---|---|---|---|006|---|---|---|---|---|---|---|---|---|---|---|019|002|---|---|---|---|031|002|---|---|---|---|005|002|---|015|004|---|000|---|---|002|---|---|007|007|---|---|---|---|033|---|---|015|---|---|024|003|---|---|---|---|002|026|---|---|---|---|---|006|---|---|---|---|006|---|---|---|---|---|---|006|---|---|---|---|006|---|---|---|---|---|008|027|027|027|---|---|009|025|004|---|000|---|020|010|010|015|---|---|000|029|---|007|009|---|012|010|010|---|---|---|004|004|036|---|---|---|016|016|016|---|---|---|022|009|035|---|---|---|---|---|---|---|---|---|---|---|---|---|---|---|---|---|---|---|---|---|---|---|---|---|---|---|
0962: 010|010|---|009|---|---|004|037|014|005|---|---|010|010|005|---|---|---|013|010|010|---|---|---|002|016|016|---|---|---|018|009|004|---|---|---|011|000|010|010|---|---|032|015|---|---|---|---|---|---|---|---|---|---|006|001|---|---|---|---|---|---|---|---|---|---|---|---|006|---|---|---|008|010|010|---|---|---|016|016|016|---|---|---|027|027|027|---|---|---|017|016|016|016|---|---|016|016|016|000|---|---|027|027|027|015|---|---|027|027|027|---|---|---|034|036|036|---|---|---|---|---|---|---|---|---|---|---|---|---|---|---|---|---|---|---|---|---|---|---|---|---|---|---|023|026|016|016|016|---|005|027|027|027|---|---|028|010|010|---|---|---|027|027|027|---|---|---|002|030|010|010|---|---|027|027|027|---|---|---|027|027|027|---|---|---|027|027|027|---|---|---|006|---|---|---|---|---|---|006|---|---|---|---|006|---|---|---|---|---|---|---|---|---|---|---|019|002|---|---|---|---|031|002|---|---|---|---|005|002|---|015|004|---|000|---|---|002|---|---|007|007|---|---|---|---|033|---|---|015|---|---|024|003|---|---|---|---|002|---|---|---|---|---|---|006|---|---|---|---|006|---|---|---|---|---|---|006|---|---|---|---|006|---|---|---|---|---|008|027|027|027|---|---|009|025|004|---|000|---|020|010|010|015|---|---|000|029|---|007|009|---|012|010|010|---|---|---|004|004|036|---|---|---|016|016|016|---|---|---|022|009|035|---|---|---|---|---|---|---|---|---|---|---|---|---|---|---|021|---|---|---|---|---|---|---|---|---|---|---|
0962: 010|010|---|009|---|---|004|037|014|005|---|---|010|010|005|---|---|---|013|010|010|---|---|---|002|016|016|---|---|---|018|009|004|---|---|---|011|000|010|010|---|---|032|015|---|---|---|---|021|---|---|---|---|---|006|---|---|---|---|---|---|---|---|---|---|---|---|---|006|---|---|---|008|010|010|---|---|---|016|016|016|---|---|---|027|027|027|---|---|---|017|016|016|016|---|---|016|016|016|000|---|---|027|027|027|015|---|---|027|027|027|---|---|---|034|036|036|---|---|---|---|---|---|---|---|---|---|---|---|---|---|---|---|---|---|---|---|---|---|---|---|---|---|---|023|026|016|016|016|---|005|027|027|027|---|---|028|010|010|---|---|---|027|027|027|---|---|---|002|030|010|010|---|---|027|027|027|---|---|---|027|027|027|---|---|---|027|027|027|---|---|---|006|---|---|---|---|---|---|006|---|---|---|---|006|---|---|---|---|---|---|---|---|---|---|---|---|002|---|---|---|---|031|002|---|---|---|---|005|002|---|015|004|---|000|015|---|002|---|---|007|007|---|---|---|---|033|019|---|015|---|---|024|003|---|---|---|---|002|---|---|---|---|---|---|006|---|---|---|---|006|---|---|---|---|---|---|---|---|---|---|---|006|---|---|---|---|---|008|027|027|027|---|---|009|025|004|---|000|---|020|010|010|015|---|---|000|029|---|007|009|---|012|010|010|---|---|---|004|004|036|---|---|---|016|016|016|---|---|---|022|009|035|---|---|---|001|---|---|---|---|---|---|---|---|---|---|---|---|---|---|---|---|---|---|---|---|---|---|---|
0962: 010|027|027|027|---|---|004|037|---|005|---|---|010|010|005|---|---|---|013|010|010|---|---|---|002|016|016|---|---|---|018|009|004|009|---|---|011|000|010|010|---|---|032|015|002|---|---|---|021|---|---|---|---|---|006|001|---|---|---|---|---|---|---|---|---|---|---|---|006|---|---|---|008|010|010|---|---|---|016|016|016|---|---|---|---|027|027|---|---|---|017|016|016|016|---|---|016|016|016|000|---|---|027|027|027|015|---|---|027|027|027|---|---|---|034|036|036|---|---|---|---|---|---|---|---|---|---|---|---|---|---|---|---|---|---|---|---|---|---|---|---|---|---|---|023|026|016|016|016|---|005|027|027|027|---|---|028|010|010|---|---|---|027|027|027|---|---|---|002|030|010|010|---|---|027|027|027|---|---|---|027|027|027|---|---|---|027|027|027|---|---|---|006|---|---|---|---|---|---|006|---|---|---|---|006|006|---|---|---|---|---|---|---|---|---|---|014|002|---|---|---|---|031|002|---|---|---|---|005|002|---|015|004|---|000|005|---|002|---|---|007|007|---|---|---|---|033|019|---|015|---|---|024|003|---|---|---|---|002|---|---|---|---|---|---|006|---|---|---|---|006|---|---|---|---|---|---|---|---|---|---|---|006|---|---|---|---|---|008|027|027|027|---|---|009|---|004|---|000|---|020|010|010|015|---|---|000|029|025|007|009|---|012|010|010|---|008|---|004|004|036|---|---|---|016|016|016|---|---|---|022|009|035|---|---|---|---|---|---|---|---|---|---|---|---|---|---|---|---|---|---|---|---|---|---|---|---|---|---|---|
0962: 010|010|---|009|---|---|004|037|014|005|---|---|010|010|005|---|---|---|013|010|010|---|---|---|002|016|016|---|---|---|018|009|004|---|---|---|011|000|010|010|---|---|032|015|---|---|---|---|---|---|---|---|---|---|006|---|---|---|---|---|---|---|---|---|---|---|---|---|006|---|---|---|008|010|010|---|---|---|016|016|016|---|---|---|027|027|027|---|---|---|017|016|016|016|---|---|016|016|016|000|---|---|027|027|027|015|---|---|027|027|027|---|---|---|034|036|036|---|---|---|---|---|---|---|---|---|---|---|---|---|---|---|---|---|---|---|---|---|---|---|---|---|---|---|023|026|016|016|016|---|005|027|027|027|---|---|028|010|010|---|---|---|027|027|027|---|---|---|002|030|010|010|---|---|027|027|027|---|---|---|027|027|027|---|---|---|027|027|027|---|---|---|006|---|---|---|---|---|---|006|---|---|---|---|006|---|---|---|---|---|---|---|---|---|---|---|019|002|---|---|---|---|031|002|---|---|---|---|005|002|---|015|004|---|000|---|---|002|---|---|007|007|---|---|---|---|033|022|---|015|---|---|024|003|---|---|---|---|002|---|---|---|---|---|---|006|---|---|---|---|006|---|---|---|---|---|---|006|---|---|---|---|006|---|---|---|---|---|008|027|027|027|---|---|009|025|004|---|000|---|020|010|010|015|---|---|000|029|---|007|009|---|012|010|010|---|---|---|004|004|036|---|---|---|016|016|016|---|---|---|---|009|035|---|---|---|---|---|---|---|---|---|---|---|---|---|---|---|021|---|---|---|---|---|001|---|---|---|---|---|
0962: 016|016|016|---|---|---|004|037|---|005|009|---|010|010|005|---|---|---|013|010|010|---|---|---|002|---|016|---|---|---|018|009|004|---|---|---|011|000|010|010|---|---|032|015|002|---|---|---|021|---|---|---|---|---|006|001|---|---|---|---|---|---|---|---|---|---|---|---|006|---|---|---|008|010|010|---|---|---|016|016|016|---|---|---|027|027|027|---|---|---|017|016|016|016|---|---|016|016|016|000|---|---|027|027|027|015|---|---|027|027|027|---|---|---|034|036|036|---|---|---|---|---|---|---|---|---|---|---|---|---|---|---|---|---|---|---|---|---|---|---|---|---|---|---|023|026|016|016|016|---|005|027|027|027|---|---|028|010|010|---|---|---|027|027|027|---|---|---|002|030|010|010|---|---|027|027|027|---|---|---|027|027|027|---|---|---|027|027|027|---|---|---|006|---|---|---|---|---|---|006|---|---|---|---|006|006|---|---|---|---|---|---|---|---|---|---|014|002|---|---|---|---|031|002|---|---|---|---|005|002|---|015|004|---|000|005|---|002|---|---|007|007|---|---|---|---|033|019|---|015|---|---|024|003|---|---|---|---|002|---|---|---|---|---|---|006|---|---|---|---|006|---|---|---|---|---|---|---|---|---|---|---|006|---|---|---|---|---|008|027|027|027|---|---|009|---|004|---|000|---|020|010|010|015|---|---|000|029|025|007|009|---|012|010|010|---|008|---|004|004|036|---|---|---|016|016|016|000|---|---|022|009|035|---|---|---|---|---|---|---|---|---|---|---|---|---|---|---|---|---|---|---|---|---|---|---|---|---|---|---|
0962: 010|010|---|009|---|---|004|037|014|005|---|---|010|010|005|---|---|---|013|010|010|---|---|---|002|016|016|---|---|---|018|009|004|---|---|---|011|000|010|010|---|---|032|015|---|---|---|---|021|---|---|---|---|---|006|001|---|---|---|---|---|---|---|---|---|---|---|---|006|---|---|---|008|010|010|---|---|---|016|016|016|---|---|---|027|027|027|---|---|---|017|016|016|016|---|---|016|016|016|000|---|---|027|027|027|015|---|---|027|027|027|---|---|---|034|036|036|---|---|---|---|---|---|---|---|---|---|---|---|---|---|---|---|---|---|---|---|---|---|---|---|---|---|---|023|026|016|016|016|---|005|027|027|027|---|---|028|010|010|---|---|---|027|027|027|---|---|---|002|030|010|010|---|---|027|027|027|---|---|---|027|027|027|---|---|---|027|027|027|---|---|---|006|---|---|---|---|---|---|006|---|---|---|---|006|---|---|---|---|---|---|---|---|---|---|---|019|002|---|---|---|---|031|002|---|---|---|---|005|002|---|015|004|---|000|---|---|002|---|---|007|007|---|---|---|---|033|---|---|015|---|---|024|003|---|---|---|---|002|---|---|---|---|---|---|006|---|---|---|---|006|---|---|---|---|---|---|006|---|---|---|---|006|---|---|---|---|---|008|027|027|027|---|---|009|025|004|---|000|---|020|010|010|015|---|---|000|029|---|007|009|---|012|010|010|---|---|---|004|004|036|---|---|---|016|016|016|---|---|---|022|009|035|---|---|---|---|---|---|---|---|---|---|---|---|---|---|---|---|---|---|---|---|---|---|---|---|---|---|---|
0960: 010|010|---|---|---|---|004|037|---|005|009|---|010|010|005|---|---|---|013|010|010|---|---|---|002|016|016|---|---|---|018|009|004|---|---|---|011|000|010|010|---|---|032|015|002|---|---|---|021|---|---|---|---|---|006|---|---|---|---|---|---|---|---|---|---|---|---|---|006|---|---|---|008|010|010|---|---|---|016|016|016|---|---|---|027|027|027|---|---|---|017|016|016|016|---|---|016|016|016|000|---|---|027|027|027|015|---|---|027|027|027|---|---|---|034|036|036|---|---|---|---|---|---|---|---|---|---|---|---|---|---|---|---|---|---|---|---|---|---|---|---|---|---|---|023|026|016|016|016|---|005|027|027|027|---|---|028|010|010|---|---|---|027|027|027|---|---|---|002|030|010|010|---|---|027|027|027|---|---|---|027|027|027|---|---|---|027|027|027|---|---|---|006|001|---|---|---|---|---|006|---|---|---|---|006|---|---|---|---|---|---|---|---|---|---|---|014|002|---|---|---|---|031|002|---|---|---|---|005|002|---|015|004|---|000|005|---|002|---|---|007|007|---|---|---|---|033|019|---|015|---|---|024|003|---|---|---|---|002|---|---|---|---|---|---|006|---|---|---|---|006|---|---|---|---|---|---|---|---|---|---|---|006|---|---|---|---|---|008|027|027|027|---|---|009|---|004|---|000|---|020|010|010|015|---|---|000|029|025|007|009|---|012|010|010|---|008|---|004|004|036|---|---|---|016|016|016|---|---|---|022|009|035|---|---|---|---|---|---|---|---|---|---|---|---|---|---|---|---|---|---|---|---|---|---|---|---|---|---|---|
0960: 010|010|---|009|---|---|004|037|014|005|---|---|010|010|005|---|---|---|013|010|010|---|---|---|002|016|016|---|---|---|018|009|004|---|---|---|011|000|010|010|---|---|032|015|---|---|---|---|---|---|---|---|---|---|006|001|---|---|---|---|---|---|---|---|---|---|---|---|006|---|---|---|008|010|010|---|---|---|016|016|016|---|---|---|027|027|027|---|---|---|017|016|016|016|---|---|016|016|016|000|---|---|027|027|027|015|---|---|027|027|027|---|---|---|034|036|036|---|---|---|---|---|---|---|---|---|---|---|---|---|---|---|---|---|---|---|---|---|---|---|---|---|---|---|023|---|016|016|016|---|005|027|027|027|---|---|028|010|010|---|---|---|027|027|027|---|---|---|002|030|010|010|---|---|027|027|027|---|---|---|027|027|027|---|---|---|027|027|027|---|---|---|006|---|---|---|---|---|---|006|---|---|---|---|006|---|---|---|---|---|---|---|---|---|---|---|019|002|---|---|---|---|031|002|---|---|---|---|005|002|---|015|004|---|000|---|---|002|---|---|007|007|---|---|---|---|033|---|---|015|---|---|024|003|---|---|---|---|002|026|---|---|---|---|---|006|---|---|---|---|006|---|---|---|---|---|---|006|---|---|---|---|006|---|---|---|---|---|008|027|027|027|---|---|009|025|004|---|000|---|020|010|010|015|---|---|000|029|---|007|009|---|012|010|010|---|---|---|004|004|036|---|---|---|016|016|016|---|---|---|022|009|035|---|---|---|---|---|---|---|---|---|---|---|---|---|---|---|---|021|---|---|---|---|---|---|---|---|---|---|
0960: 010|010|---|---|---|---|004|037|---|005|009|---|010|010|005|---|---|---|013|010|010|---|---|---|002|016|016|---|---|---|018|009|004|---|---|---|011|000|010|010|---|---|032|015|002|---|---|---|021|---|---|---|---|---|006|001|---|---|---|---|---|---|---|---|---|---|---|---|006|---|---|---|008|010|010|---|---|---|016|016|016|---|---|---|027|027|027|---|---|---|017|016|016|016|---|---|016|016|016|000|---|---|027|027|027|015|---|---|027|027|027|---|---|---|034|036|036|---|---|---|---|---|---|---|---|---|---|---|---|---|---|---|---|---|---|---|---|---|---|---|---|---|---|---|023|026|016|016|016|---|005|027|027|027|---|---|028|010|010|---|---|---|027|027|027|---|---|---|002|030|010|010|---|---|027|027|027|---|---|---|027|027|027|---|---|---|027|027|027|---|---|---|006|---|---|---|---|---|---|006|---|---|---|---|006|---|---|---|---|---|---|---|---|---|---|---|014|002|---|---|---|---|031|002|---|---|---|---|005|002|---|015|004|---|000|005|---|002|---|---|007|007|---|---|---|---|033|019|---|015|---|---|024|003|---|---|---|---|002|---|---|---|---|---|---|006|---|---|---|---|006|---|---|---|---|---|---|---|---|---|---|---|006|---|---|---|---|---|008|027|027|027|---|---|009|---|004|---|000|---|020|010|010|015|---|---|000|029|025|007|009|---|012|010|010|---|008|---|004|004|036|---|---|---|016|016|016|---|---|---|022|009|035|---|---|---|---|---|---|---|---|---|---|---|---|---|---|---|---|---|---|---|---|---|---|---|---|---|---|---|
0960: 010|010|---|009|---|---|004|037|014|005|---|---|010|010|005|---|---|---|013|010|010|---|---|---|002|016|016|---|---|---|018|009|004|---|---|---|011|000|010|010|---|---|032|015|---|---|---|---|021|---|---|---|---|---|006|---|---|---|---|---|---|---|---|---|---|---|---|001|006|---|---|---|008|010|010|---|---|---|016|016|016|---|---|---|027|027|027|---|---|---|017|016|016|016|---|---|016|016|016|000|---|---|027|027|027|015|---|---|027|027|027|---|---|---|034|036|036|---|---|---|---|---|---|---|---|---|---|---|---|---|---|---|---|---|---|---|---|---|---|---|---|---|---|---|023|026|016|016|016|---|005|027|027|027|---|---|028|010|010|---|---|---|027|027|027|---|---|---|002|030|010|010|---|---|027|027|027|---|---|---|027|027|027|---|---|---|027|027|027|---|---|---|006|---|---|---|---|---|---|006|---|---|---|---|006|---|---|---|---|---|---|---|---|---|---|---|---|002|---|---|---|---|031|002|---|---|---|---|005|002|---|015|004|---|000|015|---|002|---|---|007|007|---|---|---|---|033|019|---|015|---|---|024|003|---|---|---|---|002|---|---|---|---|---|---|006|---|---|---|---|006|---|---|---|---|---|---|---|---|---|---|---|006|---|---|---|---|---|008|027|027|027|---|---|009|025|004|---|000|---|020|010|010|015|---|---|000|029|---|007|009|---|012|010|010|---|---|---|004|004|036|---|---|---|016|016|016|---|---|---|022|009|035|---|---|---|---|---|---|---|---|---|---|---|---|---|---|---|---|---|---|---|---|---|---|---|---|---|---|---|
######################
Alle Professoren
Tag 0---------------
---
---
---
---
---
---
---
---
---
---
---
---
---
---
---
---
---
---
---
---
---
---
---
---
---
---
---
---
---
---
---
---
---
---
---
---
---
---
---
---
---
---
---
---
---
---
---
---
---
---
---
---
---
---
---
---
---
---
---
---
---
---
---
---
---
---
---
---
---
---
---
---
Tag 1---------------
---
---
---
---
---
---
---
---
---
---
---
---
---
---
---
---
---
---
---
---
---
---
---
---
---
---
---
---
---
---
---
---
---
---
---
---
---
---
---
---
---
---
---
---
---
---
---
---
---
---
---
---
---
---
---
---
---
---
---
---
---
---
---
---
---
---
---
---
---
---
---
---
Tag 2---------------
---
---
---
---
---
---
---
---
---
---
---
---
---
---
---
---
---
---
---
---
---
---
---
---
---
---
---
---
---
---
---
---
---
---
---
---
---
---
---
---
---
---
---
---
---
---
---
---
---
---
---
---
---
---
---
---
---
---
---
---
---
---
---
---
---
---
---
---
---
---
---
---
Tag 3---------------
---
---
---
---
---
---
---
---
---
---
---
---
---
---
---
---
---
---
---
---
---
---
---
---
---
---
---
---
---
---
---
---
---
---
---
---
---
---
---
---
---
---
---
---
---
---
---
---
---
---
---
---
---
---
---
---
---
---
---
---
---
---
---
---
---
---
---
---
---
---
---
---
Tag 4---------------
---
---
---
---
---
---
---
---
---
---
---
---
---
---
---
---
---
---
---
---
---
---
---
---
---
---
---
---
---
---
---
---
---
---
---
---
---
---
---
---
---
---
---
---
---
---
---
---
---
---
---
---
---
---
---
---
---
---
---
---
---
---
---
---
---
---
---
---
---
---
---
---

######################

Tag 0---------------
---
---
---
---
---
---
---
---
---
---
---
---
---
---
---
---
---
---
---
---
---
---
---
---
---
---
---
---
---
---
---
---
---
---
---
---
---
---
---
---
---
---
---
---
---
---
---
---
---
---
---
---
---
---
---
---
---
---
---
---
---
---
---
---
---
---
---
---
---
---
---
---
Tag 1---------------
---
---
---
---
---
---
---
---
---
---
---
---
---
---
---
---
---
---
---
---
---
---
---
---
---
---
---
---
---
---
---
---
---
---
---
---
---
---
---
---
---
---
---
---
---
---
---
---
---
---
---
---
---
---
---
---
---
---
---
---
---
---
---
---
---
---
---
---
---
---
---
---
Tag 2---------------
---
---
---
---
---
---
---
---
---
---
---
---
---
---
---
---
---
---
---
---
---
---
---
---
---
---
---
---
---
---
---
---
---
---
---
---
---
---
---
---
---
---
---
---
---
---
---
---
---
---
---
---
---
---
---
---
---
---
---
---
---
---
---
---
---
---
---
---
---
---
---
---
Tag 3---------------
---
---
---
---
---
---
---
---
---
---
---
---
---
---
---
---
---
---
---
---
---
---
---
---
---
---
---
---
---
---
---
---
---
---
---
---
---
---
---
---
---
---
---
---
---
---
---
---
---
---
---
---
---
---
---
---
---
---
---
---
---
---
---
---
---
---
---
---
---
---
---
---
Tag 4---------------
---
---
---
---
---
---
---
---
---
---
---
---
---
---
---
---
---
---
---
---
---
---
---
---
---
---
---
---
---
---
---
---
---
---
---
---
---
---
---
---
---
---
---
---
---
---
---
---
---
---
---
---
---
---
---
---
---
---
---
---
---
---
---
---
---
---
---
---
---
---
---
---

######################
!!Noch nicht angelegt
Tag 0---------------
---
---
---
---
---
---
---
---
---
---
---
---
---
---
---
---
---
---
---
---
---
---
---
---
---
---
---
---
---
---
---
---
---
---
---
---
---
---
---
---
---
---
---
---
---
---
---
---
---
---
---
---
---
---
---
---
---
---
---
---
---
---
---
---
---
---
---
---
---
---
---
---
Tag 1---------------
---
---
---
---
---
---
---
---
---
---
---
---
---
---
---
---
---
---
---
---
---
---
---
---
---
---
---
---
---
---
---
---
---
---
---
---
---
---
---
---
---
---
---
---
---
---
---
---
---
---
---
---
---
---
---
---
---
---
---
---
---
---
---
---
---
---
---
---
---
---
---
---
Tag 2---------------
---
---
---
---
---
---
---
---
---
---
---
---
---
---
---
---
---
---
---
---
---
---
---
---
---
---
---
---
---
---
---
---
---
---
---
---
---
---
---
---
---
---
---
---
---
---
---
---
---
---
---
---
---
---
---
---
---
---
---
---
---
---
---
---
---
---
---
---
---
---
---
---
Tag 3---------------
---
---
---
---
---
---
---
---
---
---
---
---
---
---
---
---
---
---
---
---
---
---
---
---
---
---
---
---
---
---
---
---
---
---
---
---
---
---
---
---
---
---
---
---
---
---
---
---
---
---
---
---
---
---
---
---
---
---
---
---
---
---
---
---
---
---
---
---
---
---
---
---
Tag 4---------------
---
---
---
---
---
---
---
---
---
---
---
---
---
---
---
---
---
---
---
---
---
---
---
---
---
---
---
---
---
---
---
---
---
---
---
---
---
---
---
---
---
---
---
---
---
---
---
---
---
---
---
---
---
---
---
---
---
---
---
---
---
---
---
---
---
---
---
---
---
---
---
---

######################
Bröckl
Tag 0---------------
---
---
---
---
---
---
---
---
---
---
---
---
---
---
---
---
---
---
---
---
---
---
---
---
---
---
---
---
---
---
---
---
---
---
---
---
---
---
---
---
---
---
---
---
---
---
---
---
---
---
---
---
---
---
---
---
---
---
---
---
---
---
---
---
---
---
---
---
---
---
---
---
Tag 1---------------
---
---
---
---
---
---
---
---
---
---
---
---
---
---
---
---
---
---
---
---
---
---
---
---
---
---
---
---
---
---
---
---
---
---
---
---
---
---
---
---
---
---
---
---
---
---
---
---
---
---
---
---
---
---
---
---
---
---
---
---
---
---
---
---
---
---
---
---
---
---
---
---
Tag 2---------------
---
---
---
---
---
---
---
---
---
---
---
---
---
---
---
---
---
---
---
---
---
---
---
---
---
---
---
---
---
---
---
---
---
---
---
---
---
---
---
---
---
---
---
---
---
---
---
---
---
---
---
---
---
---
---
---
---
---
---
---
---
---
---
---
---
---
---
---
---
---
---
---
Tag 3---------------
---
---
---
---
---
---
---
---
---
---
---
---
---
---
---
---
---
---
---
---
---
---
---
---
---
---
---
---
---
---
---
---
---
---
---
---
---
---
---
---
---
---
---
---
---
---
---
---
---
---
---
---
---
---
---
---
---
---
---
---
---
---
---
---
---
---
---
---
---
---
---
---
Tag 4---------------
---
---
---
---
---
---
---
---
---
---
---
---
---
---
---
---
---
---
---
---
---
---
---
---
---
---
---
---
---
---
---
---
---
---
---
---
---
---
---
---
---
---
---
---
---
---
---
---
---
---
---
---
---
---
---
---
---
---
---
---
---
---
---
---
---
---
---
---
---
---
---
---

######################
Ditzinger
Tag 0---------------
---
---
---
---
---
---
---
---
---
---
---
---
---
---
---
---
---
---
---
---
---
---
---
---
---
---
---
---
---
---
---
---
---
---
---
---
---
---
---
---
---
---
---
---
---
---
---
---
---
---
---
---
---
---
---
---
---
---
---
---
---
---
---
---
---
---
---
---
---
---
---
---
Tag 1---------------
---
---
---
---
---
---
---
---
---
---
---
---
---
---
---
---
---
---
---
---
---
---
---
---
---
---
---
---
---
---
---
---
---
---
---
---
---
---
---
---
---
---
---
---
---
---
---
---
---
---
---
---
---
---
---
---
---
---
---
---
---
---
---
---
---
---
---
---
---
---
---
---
Tag 2---------------
---
---
---
---
---
---
---
---
---
---
---
---
---
---
---
---
---
---
---
---
---
---
---
---
---
---
---
---
---
---
---
---
---
---
---
---
---
---
---
---
---
---
---
---
---
---
---
---
---
---
---
---
---
---
---
---
---
---
---
---
---
---
---
---
---
---
---
---
---
---
---
---
Tag 3---------------
---
---
---
---
---
---
---
---
---
---
---
---
---
---
---
---
---
---
---
---
---
---
---
---
---
---
---
---
---
---
---
---
---
---
---
---
---
---
---
---
---
---
---
---
---
---
---
---
---
---
---
---
---
---
---
---
---
---
---
---
---
---
---
---
---
---
---
---
---
---
---
---
Tag 4---------------
---
---
---
---
---
---
---
---
---
---
---
---
---
---
---
---
---
---
---
---
---
---
---
---
---
---
---
---
---
---
---
---
---
---
---
---
---
---
---
---
---
---
---
---
---
---
---
---
---
---
---
---
---
---
---
---
---
---
---
---
---
---
---
---
---
---
---
---
---
---
---
---

######################
Dübon
Tag 0---------------
---
---
---
---
---
---
---
---
---
---
---
---
---
---
---
---
---
---
---
---
---
---
---
---
---
---
---
---
---
---
---
---
---
---
---
---
---
---
---
---
---
---
---
---
---
---
---
---
---
---
---
---
---
---
---
---
---
---
---
---
---
---
---
---
---
---
---
---
---
---
---
---
Tag 1---------------
---
---
---
---
---
---
---
---
---
---
---
---
---
---
---
---
---
---
---
---
---
---
---
---
---
---
---
---
---
---
---
---
---
---
---
---
---
---
---
---
---
---
---
---
---
---
---
---
---
---
---
---
---
---
---
---
---
---
---
---
---
---
---
---
---
---
---
---
---
---
---
---
Tag 2---------------
---
---
---
---
---
---
---
---
---
---
---
---
---
---
---
---
---
---
---
---
---
---
---
---
---
---
---
---
---
---
---
---
---
---
---
---
---
---
---
---
---
---
---
---
---
---
---
---
---
---
---
---
---
---
---
---
---
---
---
---
---
---
---
---
---
---
---
---
---
---
---
---
Tag 3---------------
---
---
---
---
---
---
---
---
---
---
---
---
---
---
---
---
---
---
---
---
---
---
---
---
---
---
---
---
---
---
---
---
---
---
---
---
---
---
---
---
---
---
---
---
---
---
---
---
---
---
---
---
---
---
---
---
---
---
---
---
---
---
---
---
---
---
---
---
---
---
---
---
Tag 4---------------
---
---
---
---
---
---
---
---
---
---
---
---
---
---
---
---
---
---
---
---
---
---
---
---
---
---
---
---
---
---
---
---
---
---
---
---
---
---
---
---
---
---
---
---
---
---
---
---
---
---
---
---
---
---
---
---
---
---
---
---
---
---
---
---
---
---
---
---
---
---
---
---

######################
Fuchß
Tag 0---------------
---
---
---
---
---
---
---
---
---
---
---
---
---
---
---
---
---
---
---
---
---
---
---
---
---
---
---
---
---
---
---
---
---
---
---
---
---
---
---
---
---
---
---
---
---
---
---
---
---
---
---
---
---
---
---
---
---
---
---
---
---
---
---
---
---
---
---
---
---
---
---
---
Tag 1---------------
---
---
---
---
---
---
---
---
---
---
---
---
---
---
---
---
---
---
---
---
---
---
---
---
---
---
---
---
---
---
---
---
---
---
---
---
---
---
---
---
---
---
---
---
---
---
---
---
---
---
---
---
---
---
---
---
---
---
---
---
---
---
---
---
---
---
---
---
---
---
---
---
Tag 2---------------
---
---
---
---
---
---
---
---
---
---
---
---
---
---
---
---
---
---
---
---
---
---
---
---
---
---
---
---
---
---
---
---
---
---
---
---
---
---
---
---
---
---
---
---
---
---
---
---
---
---
---
---
---
---
---
---
---
---
---
---
---
---
---
---
---
---
---
---
---
---
---
---
Tag 3---------------
---
---
---
---
---
---
---
---
---
---
---
---
---
---
---
---
---
---
---
---
---
---
---
---
---
---
---
---
---
---
---
---
---
---
---
---
---
---
---
---
---
---
---
---
---
---
---
---
---
---
---
---
---
---
---
---
---
---
---
---
---
---
---
---
---
---
---
---
---
---
---
---
Tag 4---------------
---
---
---
---
---
---
---
---
---
---
---
---
---
---
---
---
---
---
---
---
---
---
---
---
---
---
---
---
---
---
---
---
---
---
---
---
---
---
---
---
---
---
---
---
---
---
---
---
---
---
---
---
---
---
---
---
---
---
---
---
---
---
---
---
---
---
---
---
---
---
---
---

######################
Gmeiner
Tag 0---------------
---
---
---
---
---
---
---
---
---
---
---
---
---
---
---
---
---
---
---
---
---
---
---
---
---
---
---
---
---
---
---
---
---
---
---
---
---
---
---
---
---
---
---
---
---
---
---
---
---
---
---
---
---
---
---
---
---
---
---
---
---
---
---
---
---
---
---
---
---
---
---
---
Tag 1---------------
---
---
---
---
---
---
---
---
---
---
---
---
---
---
---
---
---
---
---
---
---
---
---
---
---
---
---
---
---
---
---
---
---
---
---
---
---
---
---
---
---
---
---
---
---
---
---
---
---
---
---
---
---
---
---
---
---
---
---
---
---
---
---
---
---
---
---
---
---
---
---
---
Tag 2---------------
---
---
---
---
---
---
---
---
---
---
---
---
---
---
---
---
---
---
---
---
---
---
---
---
---
---
---
---
---
---
---
---
---
---
---
---
---
---
---
---
---
---
---
---
---
---
---
---
---
---
---
---
---
---
---
---
---
---
---
---
---
---
---
---
---
---
---
---
---
---
---
---
Tag 3---------------
---
---
---
---
---
---
---
---
---
---
---
---
---
---
---
---
---
---
---
---
---
---
---
---
---
---
---
---
---
---
---
---
---
---
---
---
---
---
---
---
---
---
---
---
---
---
---
---
---
---
---
---
---
---
---
---
---
---
---
---
---
---
---
---
---
---
---
---
---
---
---
---
Tag 4---------------
---
---
---
---
---
---
---
---
---
---
---
---
---
---
---
---
---
---
---
---
---
---
---
---
---
---
---
---
---
---
---
---
---
---
---
---
---
---
---
---
---
---
---
---
---
---
---
---
---
---
---
---
---
---
---
---
---
---
---
---
---
---
---
---
---
---
---
---
---
---
---
---

######################
Graf
Tag 0---------------
---
---
---
---
---
---
---
---
---
---
---
---
---
---
---
---
---
---
---
---
---
---
---
---
---
---
---
---
---
---
---
---
---
---
---
---
---
---
---
---
---
---
---
---
---
---
---
---
---
---
---
---
---
---
---
---
---
---
---
---
---
---
---
---
---
---
---
---
---
---
---
---
Tag 1---------------
---
---
---
---
---
---
---
---
---
---
---
---
---
---
---
---
---
---
---
---
---
---
---
---
---
---
---
---
---
---
---
---
---
---
---
---
---
---
---
---
---
---
---
---
---
---
---
---
---
---
---
---
---
---
---
---
---
---
---
---
---
---
---
---
---
---
---
---
---
---
---
---
Tag 2---------------
---
---
---
---
---
---
---
---
---
---
---
---
---
---
---
---
---
---
---
---
---
---
---
---
---
---
---
---
---
---
---
---
---
---
---
---
---
---
---
---
---
---
---
---
---
---
---
---
---
---
---
---
---
---
---
---
---
---
---
---
---
---
---
---
---
---
---
---
---
---
---
---
Tag 3---------------
---
---
---
---
---
---
---
---
---
---
---
---
---
---
---
---
---
---
---
---
---
---
---
---
---
---
---
---
---
---
---
---
---
---
---
---
---
---
---
---
---
---
---
---
---
---
---
---
---
---
---
---
---
---
---
---
---
---
---
---
---
---
---
---
---
---
---
---
---
---
---
---
Tag 4---------------
---
---
---
---
---
---
---
---
---
---
---
---
---
---
---
---
---
---
---
---
---
---
---
---
---
---
---
---
---
---
---
---
---
---
---
---
---
---
---
---
---
---
---
---
---
---
---
---
---
---
---
---
---
---
---
---
---
---
---
---
---
---
---
---
---
---
---
---
---
---
---
---

######################
Gremminger
Tag 0---------------
---
---
---
---
---
---
---
---
---
---
---
---
---
---
---
---
---
---
---
---
---
---
---
---
---
---
---
---
---
---
---
---
---
---
---
---
---
---
---
---
---
---
---
---
---
---
---
---
---
---
---
---
---
---
---
---
---
---
---
---
---
---
---
---
---
---
---
---
---
---
---
---
Tag 1---------------
---
---
---
---
---
---
---
---
---
---
---
---
---
---
---
---
---
---
---
---
---
---
---
---
---
---
---
---
---
---
---
---
---
---
---
---
---
---
---
---
---
---
---
---
---
---
---
---
---
---
---
---
---
---
---
---
---
---
---
---
---
---
---
---
---
---
---
---
---
---
---
---
Tag 2---------------
---
---
---
---
---
---
---
---
---
---
---
---
---
---
---
---
---
---
---
---
---
---
---
---
---
---
---
---
---
---
---
---
---
---
---
---
---
---
---
---
---
---
---
---
---
---
---
---
---
---
---
---
---
---
---
---
---
---
---
---
---
---
---
---
---
---
---
---
---
---
---
---
Tag 3---------------
---
---
---
---
---
---
---
---
---
---
---
---
---
---
---
---
---
---
---
---
---
---
---
---
---
---
---
---
---
---
---
---
---
---
---
---
---
---
---
---
---
---
---
---
---
---
---
---
---
---
---
---
---
---
---
---
---
---
---
---
---
---
---
---
---
---
---
---
---
---
---
---
Tag 4---------------
---
---
---
---
---
---
---
---
---
---
---
---
---
---
---
---
---
---
---
---
---
---
---
---
---
---
---
---
---
---
---
---
---
---
---
---
---
---
---
---
---
---
---
---
---
---
---
---
---
---
---
---
---
---
---
---
---
---
---
---
---
---
---
---
---
---
---
---
---
---
---
---

######################
Haneke
Tag 0---------------
---
---
---
---
---
---
---
---
---
---
---
---
---
---
---
---
---
---
---
---
---
---
---
---
---
---
---
---
---
---
---
---
---
---
---
---
---
---
---
---
---
---
---
---
---
---
---
---
---
---
---
---
---
---
---
---
---
---
---
---
---
---
---
---
---
---
---
---
---
---
---
---
Tag 1---------------
---
---
---
---
---
---
---
---
---
---
---
---
---
---
---
---
---
---
---
---
---
---
---
---
---
---
---
---
---
---
---
---
---
---
---
---
---
---
---
---
---
---
---
---
---
---
---
---
---
---
---
---
---
---
---
---
---
---
---
---
---
---
---
---
---
---
---
---
---
---
---
---
Tag 2---------------
---
---
---
---
---
---
---
---
---
---
---
---
---
---
---
---
---
---
---
---
---
---
---
---
---
---
---
---
---
---
---
---
---
---
---
---
---
---
---
---
---
---
---
---
---
---
---
---
---
---
---
---
---
---
---
---
---
---
---
---
---
---
---
---
---
---
---
---
---
---
---
---
Tag 3---------------
---
---
---
---
---
---
---
---
---
---
---
---
---
---
---
---
---
---
---
---
---
---
---
---
---
---
---
---
---
---
---
---
---
---
---
---
---
---
---
---
---
---
---
---
---
---
---
---
---
---
---
---
---
---
---
---
---
---
---
---
---
---
---
---
---
---
---
---
---
---
---
---
Tag 4---------------
---
---
---
---
---
---
---
---
---
---
---
---
---
---
---
---
---
---
---
---
---
---
---
---
---
---
---
---
---
---
---
---
---
---
---
---
---
---
---
---
---
---
---
---
---
---
---
---
---
---
---
---
---
---
---
---
---
---
---
---
---
---
---
---
---
---
---
---
---
---
---
---

######################
Heberle
Tag 0---------------
---
---
---
---
---
---
---
---
---
---
---
---
---
---
---
---
---
---
---
---
---
---
---
---
---
---
---
---
---
---
---
---
---
---
---
---
---
---
---
---
---
---
---
---
---
---
---
---
---
---
---
---
---
---
---
---
---
---
---
---
---
---
---
---
---
---
---
---
---
---
---
---
Tag 1---------------
---
---
---
---
---
---
---
---
---
---
---
---
---
---
---
---
---
---
---
---
---
---
---
---
---
---
---
---
---
---
---
---
---
---
---
---
---
---
---
---
---
---
---
---
---
---
---
---
---
---
---
---
---
---
---
---
---
---
---
---
---
---
---
---
---
---
---
---
---
---
---
---
Tag 2---------------
---
---
---
---
---
---
---
---
---
---
---
---
---
---
---
---
---
---
---
---
---
---
---
---
---
---
---
---
---
---
---
---
---
---
---
---
---
---
---
---
---
---
---
---
---
---
---
---
---
---
---
---
---
---
---
---
---
---
---
---
---
---
---
---
---
---
---
---
---
---
---
---
Tag 3---------------
---
---
---
---
---
---
---
---
---
---
---
---
---
---
---
---
---
---
---
---
---
---
---
---
---
---
---
---
---
---
---
---
---
---
---
---
---
---
---
---
---
---
---
---
---
---
---
---
---
---
---
---
---
---
---
---
---
---
---
---
---
---
---
---
---
---
---
---
---
---
---
---
Tag 4---------------
---
---
---
---
---
---
---
---
---
---
---
---
---
---
---
---
---
---
---
---
---
---
---
---
---
---
---
---
---
---
---
---
---
---
---
---
---
---
---
---
---
---
---
---
---
---
---
---
---
---
---
---
---
---
---
---
---
---
---
---
---
---
---
---
---
---
---
---
---
---
---
---

######################
Henning
Tag 0---------------
---
---
---
---
---
---
---
---
---
---
---
---
---
---
---
---
---
---
---
---
---
---
---
---
---
---
---
---
---
---
---
---
---
---
---
---
---
---
---
---
---
---
---
---
---
---
---
---
---
---
---
---
---
---
---
---
---
---
---
---
---
---
---
---
---
---
---
---
---
---
---
---
Tag 1---------------
---
---
---
---
---
---
---
---
---
---
---
---
---
---
---
---
---
---
---
---
---
---
---
---
---
---
---
---
---
---
---
---
---
---
---
---
---
---
---
---
---
---
---
---
---
---
---
---
---
---
---
---
---
---
---
---
---
---
---
---
---
---
---
---
---
---
---
---
---
---
---
---
Tag 2---------------
---
---
---
---
---
---
---
---
---
---
---
---
---
---
---
---
---
---
---
---
---
---
---
---
---
---
---
---
---
---
---
---
---
---
---
---
---
---
---
---
---
---
---
---
---
---
---
---
---
---
---
---
---
---
---
---
---
---
---
---
---
---
---
---
---
---
---
---
---
---
---
---
Tag 3---------------
---
---
---
---
---
---
---
---
---
---
---
---
---
---
---
---
---
---
---
---
---
---
---
---
---
---
---
---
---
---
---
---
---
---
---
---
---
---
---
---
---
---
---
---
---
---
---
---
---
---
---
---
---
---
---
---
---
---
---
---
---
---
---
---
---
---
---
---
---
---
---
---
Tag 4---------------
---
---
---
---
---
---
---
---
---
---
---
---
---
---
---
---
---
---
---
---
---
---
---
---
---
---
---
---
---
---
---
---
---
---
---
---
---
---
---
---
---
---
---
---
---
---
---
---
---
---
---
---
---
---
---
---
---
---
---
---
---
---
---
---
---
---
---
---
---
---
---
---

######################
Hoffmann
Tag 0---------------
---
---
---
---
---
---
---
---
---
---
---
---
---
---
---
---
---
---
---
---
---
---
---
---
---
---
---
---
---
---
---
---
---
---
---
---
---
---
---
---
---
---
---
---
---
---
---
---
---
---
---
---
---
---
---
---
---
---
---
---
---
---
---
---
---
---
---
---
---
---
---
---
Tag 1---------------
---
---
---
---
---
---
---
---
---
---
---
---
---
---
---
---
---
---
---
---
---
---
---
---
---
---
---
---
---
---
---
---
---
---
---
---
---
---
---
---
---
---
---
---
---
---
---
---
---
---
---
---
---
---
---
---
---
---
---
---
---
---
---
---
---
---
---
---
---
---
---
---
Tag 2---------------
---
---
---
---
---
---
---
---
---
---
---
---
---
---
---
---
---
---
---
---
---
---
---
---
---
---
---
---
---
---
---
---
---
---
---
---
---
---
---
---
---
---
---
---
---
---
---
---
---
---
---
---
---
---
---
---
---
---
---
---
---
---
---
---
---
---
---
---
---
---
---
---
Tag 3---------------
---
---
---
---
---
---
---
---
---
---
---
---
---
---
---
---
---
---
---
---
---
---
---
---
---
---
---
---
---
---
---
---
---
---
---
---
---
---
---
---
---
---
---
---
---
---
---
---
---
---
---
---
---
---
---
---
---
---
---
---
---
---
---
---
---
---
---
---
---
---
---
---
Tag 4---------------
---
---
---
---
---
---
---
---
---
---
---
---
---
---
---
---
---
---
---
---
---
---
---
---
---
---
---
---
---
---
---
---
---
---
---
---
---
---
---
---
---
---
---
---
---
---
---
---
---
---
---
---
---
---
---
---
---
---
---
---
---
---
---
---
---
---
---
---
---
---
---
---

######################
Hofmann
Tag 0---------------
---
---
---
---
---
---
---
---
---
---
---
---
---
---
---
---
---
---
---
---
---
---
---
---
---
---
---
---
---
---
---
---
---
---
---
---
---
---
---
---
---
---
---
---
---
---
---
---
---
---
---
---
---
---
---
---
---
---
---
---
---
---
---
---
---
---
---
---
---
---
---
---
Tag 1---------------
---
---
---
---
---
---
---
---
---
---
---
---
---
---
---
---
---
---
---
---
---
---
---
---
---
---
---
---
---
---
---
---
---
---
---
---
---
---
---
---
---
---
---
---
---
---
---
---
---
---
---
---
---
---
---
---
---
---
---
---
---
---
---
---
---
---
---
---
---
---
---
---
Tag 2---------------
---
---
---
---
---
---
---
---
---
---
---
---
---
---
---
---
---
---
---
---
---
---
---
---
---
---
---
---
---
---
---
---
---
---
---
---
---
---
---
---
---
---
---
---
---
---
---
---
---
---
---
---
---
---
---
---
---
---
---
---
---
---
---
---
---
---
---
---
---
---
---
---
Tag 3---------------
---
---
---
---
---
---
---
---
---
---
---
---
---
---
---
---
---
---
---
---
---
---
---
---
---
---
---
---
---
---
---
---
---
---
---
---
---
---
---
---
---
---
---
---
---
---
---
---
---
---
---
---
---
---
---
---
---
---
---
---
---
---
---
---
---
---
---
---
---
---
---
---
Tag 4---------------
---
---
---
---
---
---
---
---
---
---
---
---
---
---
---
---
---
---
---
---
---
---
---
---
---
---
---
---
---
---
---
---
---
---
---
---
---
---
---
---
---
---
---
---
---
---
---
---
---
---
---
---
---
---
---
---
---
---
---
---
---
---
---
---
---
---
---
---
---
---
---
---

######################
Hüttel
Tag 0---------------
---
---
---
---
---
---
---
---
---
---
---
---
---
---
---
---
---
---
---
---
---
---
---
---
---
---
---
---
---
---
---
---
---
---
---
---
---
---
---
---
---
---
---
---
---
---
---
---
---
---
---
---
---
---
---
---
---
---
---
---
---
---
---
---
---
---
---
---
---
---
---
---
Tag 1---------------
---
---
---
---
---
---
---
---
---
---
---
---
---
---
---
---
---
---
---
---
---
---
---
---
---
---
---
---
---
---
---
---
---
---
---
---
---
---
---
---
---
---
---
---
---
---
---
---
---
---
---
---
---
---
---
---
---
---
---
---
---
---
---
---
---
---
---
---
---
---
---
---
Tag 2---------------
---
---
---
---
---
---
---
---
---
---
---
---
---
---
---
---
---
---
---
---
---
---
---
---
---
---
---
---
---
---
---
---
---
---
---
---
---
---
---
---
---
---
---
---
---
---
---
---
---
---
---
---
---
---
---
---
---
---
---
---
---
---
---
---
---
---
---
---
---
---
---
---
Tag 3---------------
---
---
---
---
---
---
---
---
---
---
---
---
---
---
---
---
---
---
---
---
---
---
---
---
---
---
---
---
---
---
---
---
---
---
---
---
---
---
---
---
---
---
---
---
---
---
---
---
---
---
---
---
---
---
---
---
---
---
---
---
---
---
---
---
---
---
---
---
---
---
---
---
Tag 4---------------
---
---
---
---
---
---
---
---
---
---
---
---
---
---
---
---
---
---
---
---
---
---
---
---
---
---
---
---
---
---
---
---
---
---
---
---
---
---
---
---
---
---
---
---
---
---
---
---
---
---
---
---
---
---
---
---
---
---
---
---
---
---
---
---
---
---
---
---
---
---
---
---

######################
Körner
Tag 0---------------
---
---
---
---
---
---
---
---
---
---
---
---
---
---
---
---
---
---
---
---
---
---
---
---
---
---
---
---
---
---
---
---
---
---
---
---
---
---
---
---
---
---
---
---
---
---
---
---
---
---
---
---
---
---
---
---
---
---
---
---
---
---
---
---
---
---
---
---
---
---
---
---
Tag 1---------------
---
---
---
---
---
---
---
---
---
---
---
---
---
---
---
---
---
---
---
---
---
---
---
---
---
---
---
---
---
---
---
---
---
---
---
---
---
---
---
---
---
---
---
---
---
---
---
---
---
---
---
---
---
---
---
---
---
---
---
---
---
---
---
---
---
---
---
---
---
---
---
---
Tag 2---------------
---
---
---
---
---
---
---
---
---
---
---
---
---
---
---
---
---
---
---
---
---
---
---
---
---
---
---
---
---
---
---
---
---
---
---
---
---
---
---
---
---
---
---
---
---
---
---
---
---
---
---
---
---
---
---
---
---
---
---
---
---
---
---
---
---
---
---
---
---
---
---
---
Tag 3---------------
---
---
---
---
---
---
---
---
---
---
---
---
---
---
---
---
---
---
---
---
---
---
---
---
---
---
---
---
---
---
---
---
---
---
---
---
---
---
---
---
---
---
---
---
---
---
---
---
---
---
---
---
---
---
---
---
---
---
---
---
---
---
---
---
---
---
---
---
---
---
---
---
Tag 4---------------
---
---
---
---
---
---
---
---
---
---
---
---
---
---
---
---
---
---
---
---
---
---
---
---
---
---
---
---
---
---
---
---
---
---
---
---
---
---
---
---
---
---
---
---
---
---
---
---
---
---
---
---
---
---
---
---
---
---
---
---
---
---
---
---
---
---
---
---
---
---
---
---

######################
Laubenheimer
Tag 0---------------
---
---
---
---
---
---
---
---
---
---
---
---
---
---
---
---
---
---
---
---
---
---
---
---
---
---
---
---
---
---
---
---
---
---
---
---
---
---
---
---
---
---
---
---
---
---
---
---
---
---
---
---
---
---
---
---
---
---
---
---
---
---
---
---
---
---
---
---
---
---
---
---
Tag 1---------------
---
---
---
---
---
---
---
---
---
---
---
---
---
---
---
---
---
---
---
---
---
---
---
---
---
---
---
---
---
---
---
---
---
---
---
---
---
---
---
---
---
---
---
---
---
---
---
---
---
---
---
---
---
---
---
---
---
---
---
---
---
---
---
---
---
---
---
---
---
---
---
---
Tag 2---------------
---
---
---
---
---
---
---
---
---
---
---
---
---
---
---
---
---
---
---
---
---
---
---
---
---
---
---
---
---
---
---
---
---
---
---
---
---
---
---
---
---
---
---
---
---
---
---
---
---
---
---
---
---
---
---
---
---
---
---
---
---
---
---
---
---
---
---
---
---
---
---
---
Tag 3---------------
---
---
---
---
---
---
---
---
---
---
---
---
---
---
---
---
---
---
---
---
---
---
---
---
---
---
---
---
---
---
---
---
---
---
---
---
---
---
---
---
---
---
---
---
---
---
---
---
---
---
---
---
---
---
---
---
---
---
---
---
---
---
---
---
---
---
---
---
---
---
---
---
Tag 4---------------
---
---
---
---
---
---
---
---
---
---
---
---
---
---
---
---
---
---
---
---
---
---
---
---
---
---
---
---
---
---
---
---
---
---
---
---
---
---
---
---
---
---
---
---
---
---
---
---
---
---
---
---
---
---
---
---
---
---
---
---
---
---
---
---
---
---
---
---
---
---
---
---

######################
Link
Tag 0---------------
---
---
---
---
---
---
---
---
---
---
---
---
---
---
---
---
---
---
---
---
---
---
---
---
---
---
---
---
---
---
---
---
---
---
---
---
---
---
---
---
---
---
---
---
---
---
---
---
---
---
---
---
---
---
---
---
---
---
---
---
---
---
---
---
---
---
---
---
---
---
---
---
Tag 1---------------
---
---
---
---
---
---
---
---
---
---
---
---
---
---
---
---
---
---
---
---
---
---
---
---
---
---
---
---
---
---
---
---
---
---
---
---
---
---
---
---
---
---
---
---
---
---
---
---
---
---
---
---
---
---
---
---
---
---
---
---
---
---
---
---
---
---
---
---
---
---
---
---
Tag 2---------------
---
---
---
---
---
---
---
---
---
---
---
---
---
---
---
---
---
---
---
---
---
---
---
---
---
---
---
---
---
---
---
---
---
---
---
---
---
---
---
---
---
---
---
---
---
---
---
---
---
---
---
---
---
---
---
---
---
---
---
---
---
---
---
---
---
---
---
---
---
---
---
---
Tag 3---------------
---
---
---
---
---
---
---
---
---
---
---
---
---
---
---
---
---
---
---
---
---
---
---
---
---
---
---
---
---
---
---
---
---
---
---
---
---
---
---
---
---
---
---
---
---
---
---
---
---
---
---
---
---
---
---
---
---
---
---
---
---
---
---
---
---
---
---
---
---
---
---
---
Tag 4---------------
---
---
---
---
---
---
---
---
---
---
---
---
---
---
---
---
---
---
---
---
---
---
---
---
---
---
---
---
---
---
---
---
---
---
---
---
---
---
---
---
---
---
---
---
---
---
---
---
---
---
---
---
---
---
---
---
---
---
---
---
---
---
---
---
---
---
---
---
---
---
---
---

######################
Martin
Tag 0---------------
---
---
---
---
---
---
---
---
---
---
---
---
---
---
---
---
---
---
---
---
---
---
---
---
---
---
---
---
---
---
---
---
---
---
---
---
---
---
---
---
---
---
---
---
---
---
---
---
---
---
---
---
---
---
---
---
---
---
---
---
---
---
---
---
---
---
---
---
---
---
---
---
Tag 1---------------
---
---
---
---
---
---
---
---
---
---
---
---
---
---
---
---
---
---
---
---
---
---
---
---
---
---
---
---
---
---
---
---
---
---
---
---
---
---
---
---
---
---
---
---
---
---
---
---
---
---
---
---
---
---
---
---
---
---
---
---
---
---
---
---
---
---
---
---
---
---
---
---
Tag 2---------------
---
---
---
---
---
---
---
---
---
---
---
---
---
---
---
---
---
---
---
---
---
---
---
---
---
---
---
---
---
---
---
---
---
---
---
---
---
---
---
---
---
---
---
---
---
---
---
---
---
---
---
---
---
---
---
---
---
---
---
---
---
---
---
---
---
---
---
---
---
---
---
---
Tag 3---------------
---
---
---
---
---
---
---
---
---
---
---
---
---
---
---
---
---
---
---
---
---
---
---
---
---
---
---
---
---
---
---
---
---
---
---
---
---
---
---
---
---
---
---
---
---
---
---
---
---
---
---
---
---
---
---
---
---
---
---
---
---
---
---
---
---
---
---
---
---
---
---
---
Tag 4---------------
---
---
---
---
---
---
---
---
---
---
---
---
---
---
---
---
---
---
---
---
---
---
---
---
---
---
---
---
---
---
---
---
---
---
---
---
---
---
---
---
---
---
---
---
---
---
---
---
---
---
---
---
---
---
---
---
---
---
---
---
---
---
---
---
---
---
---
---
---
---
---
---

######################
Meisel
Tag 0---------------
---
---
---
---
---
---
---
---
---
---
---
---
---
---
---
---
---
---
---
---
---
---
---
---
---
---
---
---
---
---
---
---
---
---
---
---
---
---
---
---
---
---
---
---
---
---
---
---
---
---
---
---
---
---
---
---
---
---
---
---
---
---
---
---
---
---
---
---
---
---
---
---
Tag 1---------------
---
---
---
---
---
---
---
---
---
---
---
---
---
---
---
---
---
---
---
---
---
---
---
---
---
---
---
---
---
---
---
---
---
---
---
---
---
---
---
---
---
---
---
---
---
---
---
---
---
---
---
---
---
---
---
---
---
---
---
---
---
---
---
---
---
---
---
---
---
---
---
---
Tag 2---------------
---
---
---
---
---
---
---
---
---
---
---
---
---
---
---
---
---
---
---
---
---
---
---
---
---
---
---
---
---
---
---
---
---
---
---
---
---
---
---
---
---
---
---
---
---
---
---
---
---
---
---
---
---
---
---
---
---
---
---
---
---
---
---
---
---
---
---
---
---
---
---
---
Tag 3---------------
---
---
---
---
---
---
---
---
---
---
---
---
---
---
---
---
---
---
---
---
---
---
---
---
---
---
---
---
---
---
---
---
---
---
---
---
---
---
---
---
---
---
---
---
---
---
---
---
---
---
---
---
---
---
---
---
---
---
---
---
---
---
---
---
---
---
---
---
---
---
---
---
Tag 4---------------
---
---
---
---
---
---
---
---
---
---
---
---
---
---
---
---
---
---
---
---
---
---
---
---
---
---
---
---
---
---
---
---
---
---
---
---
---
---
---
---
---
---
---
---
---
---
---
---
---
---
---
---
---
---
---
---
---
---
---
---
---
---
---
---
---
---
---
---
---
---
---
---

######################
Morgenstern
Tag 0---------------
---
---
---
---
---
---
---
---
---
---
---
---
---
---
---
---
---
---
---
---
---
---
---
---
---
---
---
---
---
---
---
---
---
---
---
---
---
---
---
---
---
---
---
---
---
---
---
---
---
---
---
---
---
---
---
---
---
---
---
---
---
---
---
---
---
---
---
---
---
---
---
---
Tag 1---------------
---
---
---
---
---
---
---
---
---
---
---
---
---
---
---
---
---
---
---
---
---
---
---
---
---
---
---
---
---
---
---
---
---
---
---
---
---
---
---
---
---
---
---
---
---
---
---
---
---
---
---
---
---
---
---
---
---
---
---
---
---
---
---
---
---
---
---
---
---
---
---
---
Tag 2---------------
---
---
---
---
---
---
---
---
---
---
---
---
---
---
---
---
---
---
---
---
---
---
---
---
---
---
---
---
---
---
---
---
---
---
---
---
---
---
---
---
---
---
---
---
---
---
---
---
---
---
---
---
---
---
---
---
---
---
---
---
---
---
---
---
---
---
---
---
---
---
---
---
Tag 3---------------
---
---
---
---
---
---
---
---
---
---
---
---
---
---
---
---
---
---
---
---
---
---
---
---
---
---
---
---
---
---
---
---
---
---
---
---
---
---
---
---
---
---
---
---
---
---
---
---
---
---
---
---
---
---
---
---
---
---
---
---
---
---
---
---
---
---
---
---
---
---
---
---
Tag 4---------------
---
---
---
---
---
---
---
---
---
---
---
---
---
---
---
---
---
---
---
---
---
---
---
---
---
---
---
---
---
---
---
---
---
---
---
---
---
---
---
---
---
---
---
---
---
---
---
---
---
---
---
---
---
---
---
---
---
---
---
---
---
---
---
---
---
---
---
---
---
---
---
---

######################
Müller
Tag 0---------------
---
---
---
---
---
---
---
---
---
---
---
---
---
---
---
---
---
---
---
---
---
---
---
---
---
---
---
---
---
---
---
---
---
---
---
---
---
---
---
---
---
---
---
---
---
---
---
---
---
---
---
---
---
---
---
---
---
---
---
---
---
---
---
---
---
---
---
---
---
---
---
---
Tag 1---------------
---
---
---
---
---
---
---
---
---
---
---
---
---
---
---
---
---
---
---
---
---
---
---
---
---
---
---
---
---
---
---
---
---
---
---
---
---
---
---
---
---
---
---
---
---
---
---
---
---
---
---
---
---
---
---
---
---
---
---
---
---
---
---
---
---
---
---
---
---
---
---
---
Tag 2---------------
---
---
---
---
---
---
---
---
---
---
---
---
---
---
---
---
---
---
---
---
---
---
---
---
---
---
---
---
---
---
---
---
---
---
---
---
---
---
---
---
---
---
---
---
---
---
---
---
---
---
---
---
---
---
---
---
---
---
---
---
---
---
---
---
---
---
---
---
---
---
---
---
Tag 3---------------
---
---
---
---
---
---
---
---
---
---
---
---
---
---
---
---
---
---
---
---
---
---
---
---
---
---
---
---
---
---
---
---
---
---
---
---
---
---
---
---
---
---
---
---
---
---
---
---
---
---
---
---
---
---
---
---
---
---
---
---
---
---
---
---
---
---
---
---
---
---
---
---
Tag 4---------------
---
---
---
---
---
---
---
---
---
---
---
---
---
---
---
---
---
---
---
---
---
---
---
---
---
---
---
---
---
---
---
---
---
---
---
---
---
---
---
---
---
---
---
---
---
---
---
---
---
---
---
---
---
---
---
---
---
---
---
---
---
---
---
---
---
---
---
---
---
---
---
---

######################
Nees
Tag 0---------------
---
---
---
---
---
---
---
---
---
---
---
---
---
---
---
---
---
---
---
---
---
---
---
---
---
---
---
---
---
---
---
---
---
---
---
---
---
---
---
---
---
---
---
---
---
---
---
---
---
---
---
---
---
---
---
---
---
---
---
---
---
---
---
---
---
---
---
---
---
---
---
---
Tag 1---------------
---
---
---
---
---
---
---
---
---
---
---
---
---
---
---
---
---
---
---
---
---
---
---
---
---
---
---
---
---
---
---
---
---
---
---
---
---
---
---
---
---
---
---
---
---
---
---
---
---
---
---
---
---
---
---
---
---
---
---
---
---
---
---
---
---
---
---
---
---
---
---
---
Tag 2---------------
---
---
---
---
---
---
---
---
---
---
---
---
---
---
---
---
---
---
---
---
---
---
---
---
---
---
---
---
---
---
---
---
---
---
---
---
---
---
---
---
---
---
---
---
---
---
---
---
---
---
---
---
---
---
---
---
---
---
---
---
---
---
---
---
---
---
---
---
---
---
---
---
Tag 3---------------
---
---
---
---
---
---
---
---
---
---
---
---
---
---
---
---
---
---
---
---
---
---
---
---
---
---
---
---
---
---
---
---
---
---
---
---
---
---
---
---
---
---
---
---
---
---
---
---
---
---
---
---
---
---
---
---
---
---
---
---
---
---
---
---
---
---
---
---
---
---
---
---
Tag 4---------------
---
---
---
---
---
---
---
---
---
---
---
---
---
---
---
---
---
---
---
---
---
---
---
---
---
---
---
---
---
---
---
---
---
---
---
---
---
---
---
---
---
---
---
---
---
---
---
---
---
---
---
---
---
---
---
---
---
---
---
---
---
---
---
---
---
---
---
---
---
---
---
---

######################
Nestler
Tag 0---------------
---
---
---
---
---
---
---
---
---
---
---
---
---
---
---
---
---
---
---
---
---
---
---
---
---
---
---
---
---
---
---
---
---
---
---
---
---
---
---
---
---
---
---
---
---
---
---
---
---
---
---
---
---
---
---
---
---
---
---
---
---
---
---
---
---
---
---
---
---
---
---
---
Tag 1---------------
---
---
---
---
---
---
---
---
---
---
---
---
---
---
---
---
---
---
---
---
---
---
---
---
---
---
---
---
---
---
---
---
---
---
---
---
---
---
---
---
---
---
---
---
---
---
---
---
---
---
---
---
---
---
---
---
---
---
---
---
---
---
---
---
---
---
---
---
---
---
---
---
Tag 2---------------
---
---
---
---
---
---
---
---
---
---
---
---
---
---
---
---
---
---
---
---
---
---
---
---
---
---
---
---
---
---
---
---
---
---
---
---
---
---
---
---
---
---
---
---
---
---
---
---
---
---
---
---
---
---
---
---
---
---
---
---
---
---
---
---
---
---
---
---
---
---
---
---
Tag 3---------------
---
---
---
---
---
---
---
---
---
---
---
---
---
---
---
---
---
---
---
---
---
---
---
---
---
---
---
---
---
---
---
---
---
---
---
---
---
---
---
---
---
---
---
---
---
---
---
---
---
---
---
---
---
---
---
---
---
---
---
---
---
---
---
---
---
---
---
---
---
---
---
---
Tag 4---------------
---
---
---
---
---
---
---
---
---
---
---
---
---
---
---
---
---
---
---
---
---
---
---
---
---
---
---
---
---
---
---
---
---
---
---
---
---
---
---
---
---
---
---
---
---
---
---
---
---
---
---
---
---
---
---
---
---
---
---
---
---
---
---
---
---
---
---
---
---
---
---
---

######################
Neumann
Tag 0---------------
---
---
---
---
---
---
---
---
---
---
---
---
---
---
---
---
---
---
---
---
---
---
---
---
---
---
---
---
---
---
---
---
---
---
---
---
---
---
---
---
---
---
---
---
---
---
---
---
---
---
---
---
---
---
---
---
---
---
---
---
---
---
---
---
---
---
---
---
---
---
---
---
Tag 1---------------
---
---
---
---
---
---
---
---
---
---
---
---
---
---
---
---
---
---
---
---
---
---
---
---
---
---
---
---
---
---
---
---
---
---
---
---
---
---
---
---
---
---
---
---
---
---
---
---
---
---
---
---
---
---
---
---
---
---
---
---
---
---
---
---
---
---
---
---
---
---
---
---
Tag 2---------------
---
---
---
---
---
---
---
---
---
---
---
---
---
---
---
---
---
---
---
---
---
---
---
---
---
---
---
---
---
---
---
---
---
---
---
---
---
---
---
---
---
---
---
---
---
---
---
---
---
---
---
---
---
---
---
---
---
---
---
---
---
---
---
---
---
---
---
---
---
---
---
---
Tag 3---------------
---
---
---
---
---
---
---
---
---
---
---
---
---
---
---
---
---
---
---
---
---
---
---
---
---
---
---
---
---
---
---
---
---
---
---
---
---
---
---
---
---
---
---
---
---
---
---
---
---
---
---
---
---
---
---
---
---
---
---
---
---
---
---
---
---
---
---
---
---
---
---
---
Tag 4---------------
---
---
---
---
---
---
---
---
---
---
---
---
---
---
---
---
---
---
---
---
---
---
---
---
---
---
---
---
---
---
---
---
---
---
---
---
---
---
---
---
---
---
---
---
---
---
---
---
---
---
---
---
---
---
---
---
---
---
---
---
---
---
---
---
---
---
---
---
---
---
---
---

######################
Pape
Tag 0---------------
---
---
---
---
---
---
---
---
---
---
---
---
---
---
---
---
---
---
---
---
---
---
---
---
---
---
---
---
---
---
---
---
---
---
---
---
---
---
---
---
---
---
---
---
---
---
---
---
---
---
---
---
---
---
---
---
---
---
---
---
---
---
---
---
---
---
---
---
---
---
---
---
Tag 1---------------
---
---
---
---
---
---
---
---
---
---
---
---
---
---
---
---
---
---
---
---
---
---
---
---
---
---
---
---
---
---
---
---
---
---
---
---
---
---
---
---
---
---
---
---
---
---
---
---
---
---
---
---
---
---
---
---
---
---
---
---
---
---
---
---
---
---
---
---
---
---
---
---
Tag 2---------------
---
---
---
---
---
---
---
---
---
---
---
---
---
---
---
---
---
---
---
---
---
---
---
---
---
---
---
---
---
---
---
---
---
---
---
---
---
---
---
---
---
---
---
---
---
---
---
---
---
---
---
---
---
---
---
---
---
---
---
---
---
---
---
---
---
---
---
---
---
---
---
---
Tag 3---------------
---
---
---
---
---
---
---
---
---
---
---
---
---
---
---
---
---
---
---
---
---
---
---
---
---
---
---
---
---
---
---
---
---
---
---
---
---
---
---
---
---
---
---
---
---
---
---
---
---
---
---
---
---
---
---
---
---
---
---
---
---
---
---
---
---
---
---
---
---
---
---
---
Tag 4---------------
---
---
---
---
---
---
---
---
---
---
---
---
---
---
---
---
---
---
---
---
---
---
---
---
---
---
---
---
---
---
---
---
---
---
---
---
---
---
---
---
---
---
---
---
---
---
---
---
---
---
---
---
---
---
---
---
---
---
---
---
---
---
---
---
---
---
---
---
---
---
---
---

######################
Philipp
Tag 0---------------
---
---
---
---
---
---
---
---
---
---
---
---
---
---
---
---
---
---
---
---
---
---
---
---
---
---
---
---
---
---
---
---
---
---
---
---
---
---
---
---
---
---
---
---
---
---
---
---
---
---
---
---
---
---
---
---
---
---
---
---
---
---
---
---
---
---
---
---
---
---
---
---
Tag 1---------------
---
---
---
---
---
---
---
---
---
---
---
---
---
---
---
---
---
---
---
---
---
---
---
---
---
---
---
---
---
---
---
---
---
---
---
---
---
---
---
---
---
---
---
---
---
---
---
---
---
---
---
---
---
---
---
---
---
---
---
---
---
---
---
---
---
---
---
---
---
---
---
---
Tag 2---------------
---
---
---
---
---
---
---
---
---
---
---
---
---
---
---
---
---
---
---
---
---
---
---
---
---
---
---
---
---
---
---
---
---
---
---
---
---
---
---
---
---
---
---
---
---
---
---
---
---
---
---
---
---
---
---
---
---
---
---
---
---
---
---
---
---
---
---
---
---
---
---
---
Tag 3---------------
---
---
---
---
---
---
---
---
---
---
---
---
---
---
---
---
---
---
---
---
---
---
---
---
---
---
---
---
---
---
---
---
---
---
---
---
---
---
---
---
---
---
---
---
---
---
---
---
---
---
---
---
---
---
---
---
---
---
---
---
---
---
---
---
---
---
---
---
---
---
---
---
Tag 4---------------
---
---
---
---
---
---
---
---
---
---
---
---
---
---
---
---
---
---
---
---
---
---
---
---
---
---
---
---
---
---
---
---
---
---
---
---
---
---
---
---
---
---
---
---
---
---
---
---
---
---
---
---
---
---
---
---
---
---
---
---
---
---
---
---
---
---
---
---
---
---
---
---

######################
Regier
Tag 0---------------
---
---
---
---
---
---
---
---
---
---
---
---
---
---
---
---
---
---
---
---
---
---
---
---
---
---
---
---
---
---
---
---
---
---
---
---
---
---
---
---
---
---
---
---
---
---
---
---
---
---
---
---
---
---
---
---
---
---
---
---
---
---
---
---
---
---
---
---
---
---
---
---
Tag 1---------------
---
---
---
---
---
---
---
---
---
---
---
---
---
---
---
---
---
---
---
---
---
---
---
---
---
---
---
---
---
---
---
---
---
---
---
---
---
---
---
---
---
---
---
---
---
---
---
---
---
---
---
---
---
---
---
---
---
---
---
---
---
---
---
---
---
---
---
---
---
---
---
---
Tag 2---------------
---
---
---
---
---
---
---
---
---
---
---
---
---
---
---
---
---
---
---
---
---
---
---
---
---
---
---
---
---
---
---
---
---
---
---
---
---
---
---
---
---
---
---
---
---
---
---
---
---
---
---
---
---
---
---
---
---
---
---
---
---
---
---
---
---
---
---
---
---
---
---
---
Tag 3---------------
---
---
---
---
---
---
---
---
---
---
---
---
---
---
---
---
---
---
---
---
---
---
---
---
---
---
---
---
---
---
---
---
---
---
---
---
---
---
---
---
---
---
---
---
---
---
---
---
---
---
---
---
---
---
---
---
---
---
---
---
---
---
---
---
---
---
---
---
---
---
---
---
Tag 4---------------
---
---
---
---
---
---
---
---
---
---
---
---
---
---
---
---
---
---
---
---
---
---
---
---
---
---
---
---
---
---
---
---
---
---
---
---
---
---
---
---
---
---
---
---
---
---
---
---
---
---
---
---
---
---
---
---
---
---
---
---
---
---
---
---
---
---
---
---
---
---
---
---

######################
Reichhardt
Tag 0---------------
---
---
---
---
---
---
---
---
---
---
---
---
---
---
---
---
---
---
---
---
---
---
---
---
---
---
---
---
---
---
---
---
---
---
---
---
---
---
---
---
---
---
---
---
---
---
---
---
---
---
---
---
---
---
---
---
---
---
---
---
---
---
---
---
---
---
---
---
---
---
---
---
Tag 1---------------
---
---
---
---
---
---
---
---
---
---
---
---
---
---
---
---
---
---
---
---
---
---
---
---
---
---
---
---
---
---
---
---
---
---
---
---
---
---
---
---
---
---
---
---
---
---
---
---
---
---
---
---
---
---
---
---
---
---
---
---
---
---
---
---
---
---
---
---
---
---
---
---
Tag 2---------------
---
---
---
---
---
---
---
---
---
---
---
---
---
---
---
---
---
---
---
---
---
---
---
---
---
---
---
---
---
---
---
---
---
---
---
---
---
---
---
---
---
---
---
---
---
---
---
---
---
---
---
---
---
---
---
---
---
---
---
---
---
---
---
---
---
---
---
---
---
---
---
---
Tag 3---------------
---
---
---
---
---
---
---
---
---
---
---
---
---
---
---
---
---
---
---
---
---
---
---
---
---
---
---
---
---
---
---
---
---
---
---
---
---
---
---
---
---
---
---
---
---
---
---
---
---
---
---
---
---
---
---
---
---
---
---
---
---
---
---
---
---
---
---
---
---
---
---
---
Tag 4---------------
---
---
---
---
---
---
---
---
---
---
---
---
---
---
---
---
---
---
---
---
---
---
---
---
---
---
---
---
---
---
---
---
---
---
---
---
---
---
---
---
---
---
---
---
---
---
---
---
---
---
---
---
---
---
---
---
---
---
---
---
---
---
---
---
---
---
---
---
---
---
---
---

######################
Schaefer
Tag 0---------------
---
---
---
---
---
---
---
---
---
---
---
---
---
---
---
---
---
---
---
---
---
---
---
---
---
---
---
---
---
---
---
---
---
---
---
---
---
---
---
---
---
---
---
---
---
---
---
---
---
---
---
---
---
---
---
---
---
---
---
---
---
---
---
---
---
---
---
---
---
---
---
---
Tag 1---------------
---
---
---
---
---
---
---
---
---
---
---
---
---
---
---
---
---
---
---
---
---
---
---
---
---
---
---
---
---
---
---
---
---
---
---
---
---
---
---
---
---
---
---
---
---
---
---
---
---
---
---
---
---
---
---
---
---
---
---
---
---
---
---
---
---
---
---
---
---
---
---
---
Tag 2---------------
---
---
---
---
---
---
---
---
---
---
---
---
---
---
---
---
---
---
---
---
---
---
---
---
---
---
---
---
---
---
---
---
---
---
---
---
---
---
---
---
---
---
---
---
---
---
---
---
---
---
---
---
---
---
---
---
---
---
---
---
---
---
---
---
---
---
---
---
---
---
---
---
Tag 3---------------
---
---
---
---
---
---
---
---
---
---
---
---
---
---
---
---
---
---
---
---
---
---
---
---
---
---
---
---
---
---
---
---
---
---
---
---
---
---
---
---
---
---
---
---
---
---
---
---
---
---
---
---
---
---
---
---
---
---
---
---
---
---
---
---
---
---
---
---
---
---
---
---
Tag 4---------------
---
---
---
---
---
---
---
---
---
---
---
---
---
---
---
---
---
---
---
---
---
---
---
---
---
---
---
---
---
---
---
---
---
---
---
---
---
---
---
---
---
---
---
---
---
---
---
---
---
---
---
---
---
---
---
---
---
---
---
---
---
---
---
---
---
---
---
---
---
---
---
---

######################
Schmauch
Tag 0---------------
---
---
---
---
---
---
---
---
---
---
---
---
---
---
---
---
---
---
---
---
---
---
---
---
---
---
---
---
---
---
---
---
---
---
---
---
---
---
---
---
---
---
---
---
---
---
---
---
---
---
---
---
---
---
---
---
---
---
---
---
---
---
---
---
---
---
---
---
---
---
---
---
Tag 1---------------
---
---
---
---
---
---
---
---
---
---
---
---
---
---
---
---
---
---
---
---
---
---
---
---
---
---
---
---
---
---
---
---
---
---
---
---
---
---
---
---
---
---
---
---
---
---
---
---
---
---
---
---
---
---
---
---
---
---
---
---
---
---
---
---
---
---
---
---
---
---
---
---
Tag 2---------------
---
---
---
---
---
---
---
---
---
---
---
---
---
---
---
---
---
---
---
---
---
---
---
---
---
---
---
---
---
---
---
---
---
---
---
---
---
---
---
---
---
---
---
---
---
---
---
---
---
---
---
---
---
---
---
---
---
---
---
---
---
---
---
---
---
---
---
---
---
---
---
---
Tag 3---------------
---
---
---
---
---
---
---
---
---
---
---
---
---
---
---
---
---
---
---
---
---
---
---
---
---
---
---
---
---
---
---
---
---
---
---
---
---
---
---
---
---
---
---
---
---
---
---
---
---
---
---
---
---
---
---
---
---
---
---
---
---
---
---
---
---
---
---
---
---
---
---
---
Tag 4---------------
---
---
---
---
---
---
---
---
---
---
---
---
---
---
---
---
---
---
---
---
---
---
---
---
---
---
---
---
---
---
---
---
---
---
---
---
---
---
---
---
---
---
---
---
---
---
---
---
---
---
---
---
---
---
---
---
---
---
---
---
---
---
---
---
---
---
---
---
---
---
---
---

######################
Schmidt
Tag 0---------------
---
---
---
---
---
---
---
---
---
---
---
---
---
---
---
---
---
---
---
---
---
---
---
---
---
---
---
---
---
---
---
---
---
---
---
---
---
---
---
---
---
---
---
---
---
---
---
---
---
---
---
---
---
---
---
---
---
---
---
---
---
---
---
---
---
---
---
---
---
---
---
---
Tag 1---------------
---
---
---
---
---
---
---
---
---
---
---
---
---
---
---
---
---
---
---
---
---
---
---
---
---
---
---
---
---
---
---
---
---
---
---
---
---
---
---
---
---
---
---
---
---
---
---
---
---
---
---
---
---
---
---
---
---
---
---
---
---
---
---
---
---
---
---
---
---
---
---
---
Tag 2---------------
---
---
---
---
---
---
---
---
---
---
---
---
---
---
---
---
---
---
---
---
---
---
---
---
---
---
---
---
---
---
---
---
---
---
---
---
---
---
---
---
---
---
---
---
---
---
---
---
---
---
---
---
---
---
---
---
---
---
---
---
---
---
---
---
---
---
---
---
---
---
---
---
Tag 3---------------
---
---
---
---
---
---
---
---
---
---
---
---
---
---
---
---
---
---
---
---
---
---
---
---
---
---
---
---
---
---
---
---
---
---
---
---
---
---
---
---
---
---
---
---
---
---
---
---
---
---
---
---
---
---
---
---
---
---
---
---
---
---
---
---
---
---
---
---
---
---
---
---
Tag 4---------------
---
---
---
---
---
---
---
---
---
---
---
---
---
---
---
---
---
---
---
---
---
---
---
---
---
---
---
---
---
---
---
---
---
---
---
---
---
---
---
---
---
---
---
---
---
---
---
---
---
---
---
---
---
---
---
---
---
---
---
---
---
---
---
---
---
---
---
---
---
---
---
---

######################
Seifert
Tag 0---------------
---
---
---
---
---
---
---
---
---
---
---
---
---
---
---
---
---
---
---
---
---
---
---
---
---
---
---
---
---
---
---
---
---
---
---
---
---
---
---
---
---
---
---
---
---
---
---
---
---
---
---
---
---
---
---
---
---
---
---
---
---
---
---
---
---
---
---
---
---
---
---
---
Tag 1---------------
---
---
---
---
---
---
---
---
---
---
---
---
---
---
---
---
---
---
---
---
---
---
---
---
---
---
---
---
---
---
---
---
---
---
---
---
---
---
---
---
---
---
---
---
---
---
---
---
---
---
---
---
---
---
---
---
---
---
---
---
---
---
---
---
---
---
---
---
---
---
---
---
Tag 2---------------
---
---
---
---
---
---
---
---
---
---
---
---
---
---
---
---
---
---
---
---
---
---
---
---
---
---
---
---
---
---
---
---
---
---
---
---
---
---
---
---
---
---
---
---
---
---
---
---
---
---
---
---
---
---
---
---
---
---
---
---
---
---
---
---
---
---
---
---
---
---
---
---
Tag 3---------------
---
---
---
---
---
---
---
---
---
---
---
---
---
---
---
---
---
---
---
---
---
---
---
---
---
---
---
---
---
---
---
---
---
---
---
---
---
---
---
---
---
---
---
---
---
---
---
---
---
---
---
---
---
---
---
---
---
---
---
---
---
---
---
---
---
---
---
---
---
---
---
---
Tag 4---------------
---
---
---
---
---
---
---
---
---
---
---
---
---
---
---
---
---
---
---
---
---
---
---
---
---
---
---
---
---
---
---
---
---
---
---
---
---
---
---
---
---
---
---
---
---
---
---
---
---
---
---
---
---
---
---
---
---
---
---
---
---
---
---
---
---
---
---
---
---
---
---
---

######################
Senger
Tag 0---------------
---
---
---
---
---
---
---
---
---
---
---
---
---
---
---
---
---
---
---
---
---
---
---
---
---
---
---
---
---
---
---
---
---
---
---
---
---
---
---
---
---
---
---
---
---
---
---
---
---
---
---
---
---
---
---
---
---
---
---
---
---
---
---
---
---
---
---
---
---
---
---
---
Tag 1---------------
---
---
---
---
---
---
---
---
---
---
---
---
---
---
---
---
---
---
---
---
---
---
---
---
---
---
---
---
---
---
---
---
---
---
---
---
---
---
---
---
---
---
---
---
---
---
---
---
---
---
---
---
---
---
---
---
---
---
---
---
---
---
---
---
---
---
---
---
---
---
---
---
Tag 2---------------
---
---
---
---
---
---
---
---
---
---
---
---
---
---
---
---
---
---
---
---
---
---
---
---
---
---
---
---
---
---
---
---
---
---
---
---
---
---
---
---
---
---
---
---
---
---
---
---
---
---
---
---
---
---
---
---
---
---
---
---
---
---
---
---
---
---
---
---
---
---
---
---
Tag 3---------------
---
---
---
---
---
---
---
---
---
---
---
---
---
---
---
---
---
---
---
---
---
---
---
---
---
---
---
---
---
---
---
---
---
---
---
---
---
---
---
---
---
---
---
---
---
---
---
---
---
---
---
---
---
---
---
---
---
---
---
---
---
---
---
---
---
---
---
---
---
---
---
---
Tag 4---------------
---
---
---
---
---
---
---
---
---
---
---
---
---
---
---
---
---
---
---
---
---
---
---
---
---
---
---
---
---
---
---
---
---
---
---
---
---
---
---
---
---
---
---
---
---
---
---
---
---
---
---
---
---
---
---
---
---
---
---
---
---
---
---
---
---
---
---
---
---
---
---
---

######################
Vogelsang
Tag 0---------------
---
---
---
---
---
---
---
---
---
---
---
---
---
---
---
---
---
---
---
---
---
---
---
---
---
---
---
---
---
---
---
---
---
---
---
---
---
---
---
---
---
---
---
---
---
---
---
---
---
---
---
---
---
---
---
---
---
---
---
---
---
---
---
---
---
---
---
---
---
---
---
---
Tag 1---------------
---
---
---
---
---
---
---
---
---
---
---
---
---
---
---
---
---
---
---
---
---
---
---
---
---
---
---
---
---
---
---
---
---
---
---
---
---
---
---
---
---
---
---
---
---
---
---
---
---
---
---
---
---
---
---
---
---
---
---
---
---
---
---
---
---
---
---
---
---
---
---
---
Tag 2---------------
---
---
---
---
---
---
---
---
---
---
---
---
---
---
---
---
---
---
---
---
---
---
---
---
---
---
---
---
---
---
---
---
---
---
---
---
---
---
---
---
---
---
---
---
---
---
---
---
---
---
---
---
---
---
---
---
---
---
---
---
---
---
---
---
---
---
---
---
---
---
---
---
Tag 3---------------
---
---
---
---
---
---
---
---
---
---
---
---
---
---
---
---
---
---
---
---
---
---
---
---
---
---
---
---
---
---
---
---
---
---
---
---
---
---
---
---
---
---
---
---
---
---
---
---
---
---
---
---
---
---
---
---
---
---
---
---
---
---
---
---
---
---
---
---
---
---
---
---
Tag 4---------------
---
---
---
---
---
---
---
---
---
---
---
---
---
---
---
---
---
---
---
---
---
---
---
---
---
---
---
---
---
---
---
---
---
---
---
---
---
---
---
---
---
---
---
---
---
---
---
---
---
---
---
---
---
---
---
---
---
---
---
---
---
---
---
---
---
---
---
---
---
---
---
---

######################
Weidner
Tag 0---------------
---
---
---
---
---
---
---
---
---
---
---
---
---
---
---
---
---
---
---
---
---
---
---
---
---
---
---
---
---
---
---
---
---
---
---
---
---
---
---
---
---
---
---
---
---
---
---
---
---
---
---
---
---
---
---
---
---
---
---
---
---
---
---
---
---
---
---
---
---
---
---
---
Tag 1---------------
---
---
---
---
---
---
---
---
---
---
---
---
---
---
---
---
---
---
---
---
---
---
---
---
---
---
---
---
---
---
---
---
---
---
---
---
---
---
---
---
---
---
---
---
---
---
---
---
---
---
---
---
---
---
---
---
---
---
---
---
---
---
---
---
---
---
---
---
---
---
---
---
Tag 2---------------
---
---
---
---
---
---
---
---
---
---
---
---
---
---
---
---
---
---
---
---
---
---
---
---
---
---
---
---
---
---
---
---
---
---
---
---
---
---
---
---
---
---
---
---
---
---
---
---
---
---
---
---
---
---
---
---
---
---
---
---
---
---
---
---
---
---
---
---
---
---
---
---
Tag 3---------------
---
---
---
---
---
---
---
---
---
---
---
---
---
---
---
---
---
---
---
---
---
---
---
---
---
---
---
---
---
---
---
---
---
---
---
---
---
---
---
---
---
---
---
---
---
---
---
---
---
---
---
---
---
---
---
---
---
---
---
---
---
---
---
---
---
---
---
---
---
---
---
---
Tag 4---------------
---
---
---
---
---
---
---
---
---
---
---
---
---
---
---
---
---
---
---
---
---
---
---
---
---
---
---
---
---
---
---
---
---
---
---
---
---
---
---
---
---
---
---
---
---
---
---
---
---
---
---
---
---
---
---
---
---
---
---
---
---
---
---
---
---
---
---
---
---
---
---
---

######################
Wirth
Tag 0---------------
---
---
---
---
---
---
---
---
---
---
---
---
---
---
---
---
---
---
---
---
---
---
---
---
---
---
---
---
---
---
---
---
---
---
---
---
---
---
---
---
---
---
---
---
---
---
---
---
---
---
---
---
---
---
---
---
---
---
---
---
---
---
---
---
---
---
---
---
---
---
---
---
Tag 1---------------
---
---
---
---
---
---
---
---
---
---
---
---
---
---
---
---
---
---
---
---
---
---
---
---
---
---
---
---
---
---
---
---
---
---
---
---
---
---
---
---
---
---
---
---
---
---
---
---
---
---
---
---
---
---
---
---
---
---
---
---
---
---
---
---
---
---
---
---
---
---
---
---
Tag 2---------------
---
---
---
---
---
---
---
---
---
---
---
---
---
---
---
---
---
---
---
---
---
---
---
---
---
---
---
---
---
---
---
---
---
---
---
---
---
---
---
---
---
---
---
---
---
---
---
---
---
---
---
---
---
---
---
---
---
---
---
---
---
---
---
---
---
---
---
---
---
---
---
---
Tag 3---------------
---
---
---
---
---
---
---
---
---
---
---
---
---
---
---
---
---
---
---
---
---
---
---
---
---
---
---
---
---
---
---
---
---
---
---
---
---
---
---
---
---
---
---
---
---
---
---
---
---
---
---
---
---
---
---
---
---
---
---
---
---
---
---
---
---
---
---
---
---
---
---
---
Tag 4---------------
---
---
---
---
---
---
---
---
---
---
---
---
---
---
---
---
---
---
---
---
---
---
---
---
---
---
---
---
---
---
---
---
---
---
---
---
---
---
---
---
---
---
---
---
---
---
---
---
---
---
---
---
---
---
---
---
---
---
---
---
---
---
---
---
---
---
---
---
---
---
---
---

######################
Zimmermann
Tag 0---------------
---
---
---
---
---
---
---
---
---
---
---
---
---
---
---
---
---
---
---
---
---
---
---
---
---
---
---
---
---
---
---
---
---
---
---
---
---
---
---
---
---
---
---
---
---
---
---
---
---
---
---
---
---
---
---
---
---
---
---
---
---
---
---
---
---
---
---
---
---
---
---
---
Tag 1---------------
---
---
---
---
---
---
---
---
---
---
---
---
---
---
---
---
---
---
---
---
---
---
---
---
---
---
---
---
---
---
---
---
---
---
---
---
---
---
---
---
---
---
---
---
---
---
---
---
---
---
---
---
---
---
---
---
---
---
---
---
---
---
---
---
---
---
---
---
---
---
---
---
Tag 2---------------
---
---
---
---
---
---
---
---
---
---
---
---
---
---
---
---
---
---
---
---
---
---
---
---
---
---
---
---
---
---
---
---
---
---
---
---
---
---
---
---
---
---
---
---
---
---
---
---
---
---
---
---
---
---
---
---
---
---
---
---
---
---
---
---
---
---
---
---
---
---
---
---
Tag 3---------------
---
---
---
---
---
---
---
---
---
---
---
---
---
---
---
---
---
---
---
---
---
---
---
---
---
---
---
---
---
---
---
---
---
---
---
---
---
---
---
---
---
---
---
---
---
---
---
---
---
---
---
---
---
---
---
---
---
---
---
---
---
---
---
---
---
---
---
---
---
---
---
---
Tag 4---------------
---
---
---
---
---
---
---
---
---
---
---
---
---
---
---
---
---
---
---
---
---
---
---
---
---
---
---
---
---
---
---
---
---
---
---
---
---
---
---
---
---
---
---
---
---
---
---
---
---
---
---
---
---
---
---
---
---
---
---
---
---
---
---
---
---
---
---
---
---
---
---
---

</DebugTrace>
      </Output>
    </UnitTestResult>
  </Results>
</TestRun>