<?xml version="1.0" encoding="UTF-8"?>
<TestRun id="84d844fb-e78b-495d-97f4-64049d415d32" name="FloLap@FLOLAP-PC 2011-10-21 22:21:06" runUser="FloLap-PC\FloLap" xmlns="http://microsoft.com/schemas/VisualStudio/TeamTest/2010">
  <TestSettings name="Lokal" id="6ed96bb3-d821-4eee-a79d-3a3069da9890">
    <Description>Dies sind die standardmäßigen Testeinstellungen für einen lokalen Testlauf.</Description>
    <Deployment enabled="false" runDeploymentRoot="FloLap_FLOLAP-PC 2011-10-21 22_21_06">
      <DeploymentItem filename="E:\HsKA\Semester2\Projektarbeit\Stundenplangenerator\TimetablePlanner\TimetablePlanner\bin\Debug\TimetablePlanner.dll" />
    </Deployment>
    <Execution>
      <TestTypeSpecific />
      <AgentRule name="Execution Agents">
      </AgentRule>
    </Execution>
  </TestSettings>
  <Times creation="2011-10-21T22:21:06.3825962+02:00" queuing="2011-10-21T22:21:07.3341979+02:00" start="2011-10-21T22:21:07.4121980+02:00" finish="2011-10-21T22:21:18.2698171+02:00" />
  <ResultSummary outcome="Completed">
    <Counters total="1" executed="1" passed="1" error="0" failed="0" timeout="0" aborted="0" inconclusive="0" passedButRunAborted="0" notRunnable="0" notExecuted="0" disconnected="0" warning="0" completed="0" inProgress="0" pending="0" />
  </ResultSummary>
  <TestDefinitions>
    <UnitTest name="TimetableManualTester" storage="e:\hska\semester2\projektarbeit\stundenplangenerator\timetableplanner\timetableplannertests\bin\debug\timetableplannertests.dll" id="3ada0cc6-2a4d-2d63-7d9f-97d4d443b0f3">
      <Execution id="f13b16b1-5975-4119-ba62-fb31f82c747b" />
      <TestMethod codeBase="E:/HsKA/Semester2/Projektarbeit/Stundenplangenerator/TimetablePlanner/TimetablePlannerTests/bin/Debug/TimetablePlannerTests.DLL" adapterTypeName="Microsoft.VisualStudio.TestTools.TestTypes.Unit.UnitTestAdapter, Microsoft.VisualStudio.QualityTools.Tips.UnitTest.Adapter, Version=10.0.0.0, Culture=neutral, PublicKeyToken=b03f5f7f11d50a3a" className="TimetablePlannerTests.TimetableTest, TimetablePlannerTests, Version=1.0.0.0, Culture=neutral, PublicKeyToken=null" name="TimetableManualTester" />
    </UnitTest>
  </TestDefinitions>
  <TestLists>
    <TestList name="Nicht in einer Liste enthaltene Ergebnisse" id="8c84fa94-04c1-424b-9868-57a2d4851a1d" />
    <TestList name="Alle geladenen Ergebnisse" id="19431567-8539-422a-85d7-44ee4e166bda" />
  </TestLists>
  <TestEntries>
    <TestEntry testId="3ada0cc6-2a4d-2d63-7d9f-97d4d443b0f3" executionId="f13b16b1-5975-4119-ba62-fb31f82c747b" testListId="8c84fa94-04c1-424b-9868-57a2d4851a1d" />
  </TestEntries>
  <Results>
    <UnitTestResult executionId="f13b16b1-5975-4119-ba62-fb31f82c747b" testId="3ada0cc6-2a4d-2d63-7d9f-97d4d443b0f3" testName="TimetableManualTester" computerName="FLOLAP-PC" duration="00:00:09.5237951" startTime="2011-10-21T22:21:07.4589981+02:00" endTime="2011-10-21T22:21:18.1606169+02:00" testType="13cdc9d9-ddb5-4fa4-a97d-d965ccfc6d4b" outcome="Passed" testListId="8c84fa94-04c1-424b-9868-57a2d4851a1d" relativeResultsDirectory="f13b16b1-5975-4119-ba62-fb31f82c747b">
      <Output>
        <DebugTrace>Time to create population of size 75: 608ms
1340
1270
1270
1240
1190
1160
1160
1140
1130
1110
1090
1070
1070
1070
950
940
920
910
890
860
860
810
760
700
700
690
690
680
650
620
590
590
590
590
590
580
570
570
560
540
540
530
530
510
500
440
390
380
340
320
320
290
260
210
200
90
80
60
20
-20
-70
-210
-240
-260
-310
-330
-350
-380
-550
-600
-600
-650
-690
-800
-940
Early abort after 161 generations.
Mean time per generation: 40ms
Mean fitness increase per generation
454
197
134
91
69
75
62
71
48
47
30
40
40
40
32
33
38
32
32
26
31
31
27
29
26
24
23
21
33
20
29
34
25
17
27
31
21
24
25
18
17
20
20
20
22
18
17
21
21
20
19
16
16
18
16
15
9
7
11
11
6
6
10
6
8
12
7
10
8
6
11
8
4
8
9
7
7
4
11
8
11
9
10
5
8
9
4
5
7
5
5
5
8
5
7
9
9
7
8
7
8
2
4
4
5
3
5
5
4
4
3
8
6
10
5
6
6
3
4
4
6
4
2
3
3
2
2
4
2
2
2
4
3
1
2
1
1
4
4
1
1
4
2
5
2
2
2
1
2
2
1
1
1
2
4
4
5
1
3
4
3
5
Evolution time: 6661ms
3500
3460
3460
3460
3460
3460
3440
3440
3430
3430
3430
3430
3420
3420
3420
3420
3410
3410
3410
3400
3400
3400
3400
3400
3400
3400
3400
3400
3400
3400
3400
3400
3400
3390
3390
3390
3390
3390
3390
3390
3390
3390
3390
3390
3380
3380
3380
3380
3380
3380
3380
3380
3380
3380
3380
3380
3380
3380
3380
3380
3380
3380
3380
3380
3380
3380
3370
3370
3370
3370
3370
3370
3370
3370
3370

Group 0
Block 0: Mathematik 1 Labor                     | Theoretische Informatik 1              | Theoretische Informatik 1              | Technische Informatik 1 Übung          | Technische Informatik 1                | 
Block 1: Fremdsprachen                          | Mathematik 1 Labor                     | Informatik 1                           | Mathematik 1                           | Mathematik 1                           | 
Block 2: Fremdsprachen                          | Technische Informatik 1                | ---------------------------------------| Informatik 1 Übung                     | ---------------------------------------| 
Block 3: ---------------------------------------| Informatik 1                           | ---------------------------------------| ---------------------------------------| ---------------------------------------| 
Block 4: ---------------------------------------| ---------------------------------------| ---------------------------------------| ---------------------------------------| ---------------------------------------| 
Block 5: ---------------------------------------| ---------------------------------------| ---------------------------------------| ---------------------------------------| ---------------------------------------| 

Group 1
Block 0: Technische Informatik 2                | Informatik 2                           | Web-Programming                        | Softwarelabor                          | Digital-Labor                          | 
Block 1: Sprachen und Metasprachen              | Softwarelabor                          | Mathematik 2                           | Softwarelabor                          | Digital-Labor                          | 
Block 2: Informatik 2 Übung                     | Softwarelabor                          | ---------------------------------------| Mathematik 2 Labor                     | Digital-Labor                          | 
Block 3: ---------------------------------------| ---------------------------------------| Technische Informatik 2                | Informatik 2                           | Informatik 2 Übung                     | 
Block 4: ---------------------------------------| ---------------------------------------| ---------------------------------------| ---------------------------------------| ---------------------------------------| 
Block 5: ---------------------------------------| ---------------------------------------| ---------------------------------------| ---------------------------------------| ---------------------------------------| 

Group 2
Block 0: Intelligente Systeme                   | ---------------------------------------| IT Service Management                  | Visualization and Semantics            | Mobile Systeme                         | 
Block 1: Verteilte Informationssysteme          | ---------------------------------------| IT Projektmanagement                   | Visualization and Semantics Lab        | Modellierung und Simulation            | 
Block 2: Datenrepräsentation und -übertragung   | ---------------------------------------| ---------------------------------------| ---------------------------------------| ---------------------------------------| 
Block 3: ---------------------------------------| Projektarbeit1                         | ---------------------------------------| ---------------------------------------| ---------------------------------------| 
Block 4: ---------------------------------------| Projektarbeit1                         | ---------------------------------------| ---------------------------------------| ---------------------------------------| 
Block 5: Führungskräftetraining                 | Projektarbeit1                         | ---------------------------------------| ---------------------------------------| ---------------------------------------| 

Group 3
Block 0: ---------------------------------------| Angewandte Kryptografie                | ---------------------------------------| Dialog Systems                         | IT-Sicherheit                          | 
Block 1: ---------------------------------------| Labor Verteilte Systeme                | ---------------------------------------| Algorithmen Übung                      | Data Mining                            | 
Block 2: ---------------------------------------| ---------------------------------------| ---------------------------------------| Labor Benutzeroberflächen              | Algorithmenentwurf                     | 
Block 3: ---------------------------------------| ---------------------------------------| ---------------------------------------| ---------------------------------------| ---------------------------------------| 
Block 4: ---------------------------------------| Projektarbeit2                         | ---------------------------------------| ---------------------------------------| ---------------------------------------| 
Block 5: ---------------------------------------| Projektarbeit2                         | Seminar                                | ---------------------------------------| ---------------------------------------| 
</DebugTrace>
      </Output>
    </UnitTestResult>
  </Results>
</TestRun>