<?xml version="1.0" encoding="UTF-8"?>
<TestRun id="0f8b3e93-8306-403a-8c18-ee3ab6340ab6" name="FloLap@FLOLAP-PC 2011-10-19 19:44:10" runUser="FloLap-PC\FloLap" xmlns="http://microsoft.com/schemas/VisualStudio/TeamTest/2010">
  <TestSettings name="Lokal" id="6ed96bb3-d821-4eee-a79d-3a3069da9890">
    <Description>Dies sind die standardmäßigen Testeinstellungen für einen lokalen Testlauf.</Description>
    <Deployment enabled="false" runDeploymentRoot="FloLap_FLOLAP-PC 2011-10-19 19_44_10">
      <DeploymentItem filename="E:\HsKA\Semester2\Projektarbeit\Stundenplangenerator\TimetablePlanner\TimetablePlanner\bin\Debug\TimetablePlanner.dll" />
    </Deployment>
    <Execution>
      <TestTypeSpecific />
      <AgentRule name="Execution Agents">
      </AgentRule>
    </Execution>
  </TestSettings>
  <Times creation="2011-10-19T19:44:10.4997852+02:00" queuing="2011-10-19T19:44:11.5988012+02:00" start="2011-10-19T19:44:11.7088014+02:00" finish="2011-10-19T19:44:22.8939825+02:00" />
  <ResultSummary outcome="Completed">
    <Counters total="1" executed="1" passed="1" error="0" failed="0" timeout="0" aborted="0" inconclusive="0" passedButRunAborted="0" notRunnable="0" notExecuted="0" disconnected="0" warning="0" completed="0" inProgress="0" pending="0" />
  </ResultSummary>
  <TestDefinitions>
    <UnitTest name="createTimetableInstanceTest" storage="e:\hska\semester2\projektarbeit\stundenplangenerator\timetableplanner\timetableplannertests\bin\debug\timetableplannertests.dll" id="ab441b29-9837-01bf-f43f-7839c8f73716">
      <Execution id="d8bfab08-3de4-4180-a0de-7cb18e24714c" />
      <TestMethod codeBase="E:/HsKA/Semester2/Projektarbeit/Stundenplangenerator/TimetablePlanner/TimetablePlannerTests/bin/Debug/TimetablePlannerTests.DLL" adapterTypeName="Microsoft.VisualStudio.TestTools.TestTypes.Unit.UnitTestAdapter, Microsoft.VisualStudio.QualityTools.Tips.UnitTest.Adapter, Version=10.0.0.0, Culture=neutral, PublicKeyToken=b03f5f7f11d50a3a" className="TimetablePlannerTests.TimetableTest, TimetablePlannerTests, Version=1.0.0.0, Culture=neutral, PublicKeyToken=null" name="createTimetableInstanceTest" />
    </UnitTest>
  </TestDefinitions>
  <TestLists>
    <TestList name="Nicht in einer Liste enthaltene Ergebnisse" id="8c84fa94-04c1-424b-9868-57a2d4851a1d" />
    <TestList name="Alle geladenen Ergebnisse" id="19431567-8539-422a-85d7-44ee4e166bda" />
  </TestLists>
  <TestEntries>
    <TestEntry testId="ab441b29-9837-01bf-f43f-7839c8f73716" executionId="d8bfab08-3de4-4180-a0de-7cb18e24714c" testListId="8c84fa94-04c1-424b-9868-57a2d4851a1d" />
  </TestEntries>
  <Results>
    <UnitTestResult executionId="d8bfab08-3de4-4180-a0de-7cb18e24714c" testId="ab441b29-9837-01bf-f43f-7839c8f73716" testName="createTimetableInstanceTest" computerName="FLOLAP-PC" duration="00:00:09.8402490" startTime="2011-10-19T19:44:11.7488014+02:00" endTime="2011-10-19T19:44:22.7739823+02:00" testType="13cdc9d9-ddb5-4fa4-a97d-d965ccfc6d4b" outcome="Passed" testListId="8c84fa94-04c1-424b-9868-57a2d4851a1d" relativeResultsDirectory="d8bfab08-3de4-4180-a0de-7cb18e24714c">
      <Output>
        <DebugTrace>Time to create population of size 75: 550ms
430
329
318
310
288
274
243
238
236
233
231
219
208
208
201
170
157
155
147
140
132
127
110
109
106
103
91
84
83
79
63
49
47
41
36
34
33
30
29
24
16
14
11
7
-4
-5
-16
-25
-28
-37
-48
-51
-66
-69
-82
-100
-103
-117
-121
-128
-152
-154
-194
-194
-199
-216
-218
-235
-261
-263
-274
-275
-293
-390
-447
Early abort after 176 generations.
Mean time per generation: 50ms
Mean fitness increase per generation
181
100
58
55
33
34
32
28
20
34
28
19
16
15
15
22
20
14
20
24
13
16
18
20
18
18
14
18
21
18
18
16
15
10
11
13
9
10
7
10
7
6
7
7
3
3
5
9
6
10
8
10
4
8
8
5
9
11
9
6
7
10
8
5
5
6
6
4
5
4
4
4
4
6
7
6
6
8
7
4
4
4
4
7
6
3
6
5
7
6
5
4
4
4
4
4
5
3
6
4
3
4
4
4
2
3
4
1
2
1
1
2
0
3
2
2
1
1
3
1
0
2
1
0
1
1
1
2
1
2
0
1
1
0
1
1
1
1
0
1
1
0
0
2
0
1
2
0
1
1
1
2
1
0
1
0
1
1
0
1
0
1
2
1
1
1
1
1
1
0
2
1
0
2
1
2
1
Evolution time: 8936ms
1577
1567
1561
1556
1556
1556
1556
1556
1550
1547
1541
1541
1541
1541
1537
1535
1534
1533
1533
1533
1531
1531
1531
1531
1531
1531
1529
1529
1528
1528
1528
1528
1528
1527
1526
1526
1526
1526
1525
1525
1525
1525
1523
1523
1522
1522
1521
1521
1521
1521
1520
1519
1519
1519
1518
1518
1517
1517
1517
1517
1517
1517
1517
1516
1516
1516
1516
1516
1516
1516
1516
1515
1515
1515
1515

Group 0
Block 0: --- --- --- --- --- 
Block 1: --- --- --- --- --- 
Block 2: --- --- --- --- --- 
Block 3: 005 --- 012 006 000 
Block 4: 004 001 012 011 007 
Block 5: 008 009 003 010 002 

Group 1
Block 0: --- --- --- --- --- 
Block 1: --- --- --- --- --- 
Block 2: --- 019 --- --- --- 
Block 3: 015 020 --- 025 --- 
Block 4: 018 017 013 016 021 
Block 5: 018 022 023 024 014 

Group 2
Block 0: --- --- --- --- --- 
Block 1: --- --- --- --- --- 
Block 2: --- --- --- --- --- 
Block 3: 026 x36 --- --- --- 
Block 4: 028 032 027 029 --- 
Block 5: 033 x34 030 035 031 

Group 3
Block 0: --- --- --- --- --- 
Block 1: --- --- --- --- --- 
Block 2: --- --- --- --- --- 
Block 3: --- 038 --- --- --- 
Block 4: x45 037 042 044 --- 
Block 5: x46 039 040 043 041 
</DebugTrace>
      </Output>
    </UnitTestResult>
  </Results>
</TestRun>