<?xml version="1.0" encoding="UTF-8"?>
<TestRun id="e812a746-9df7-4814-a0d1-8785fd7b8a1b" name="FloLap@FLOLAP-PC 2011-10-10 20:59:10" runUser="FloLap-PC\FloLap" xmlns="http://microsoft.com/schemas/VisualStudio/TeamTest/2010">
  <TestSettings name="Lokal" id="6ed96bb3-d821-4eee-a79d-3a3069da9890">
    <Description>Dies sind die standardmäßigen Testeinstellungen für einen lokalen Testlauf.</Description>
    <Deployment enabled="false" runDeploymentRoot="FloLap_FLOLAP-PC 2011-10-10 20_59_10">
      <DeploymentItem filename="E:\HsKA\Semester2\Projektarbeit\Studenplaner\TimetablePlanner\TimetablePlanner\bin\Debug\TimetablePlanner.dll" />
    </Deployment>
    <Execution>
      <TestTypeSpecific />
      <AgentRule name="Execution Agents">
      </AgentRule>
    </Execution>
  </TestSettings>
  <Times creation="2011-10-10T20:59:10.0153005+02:00" queuing="2011-10-10T20:59:11.1073024+02:00" start="2011-10-10T20:59:11.2633027+02:00" finish="2011-10-10T21:00:12.1346096+02:00" />
  <ResultSummary outcome="Completed">
    <Counters total="1" executed="1" passed="1" error="0" failed="0" timeout="0" aborted="0" inconclusive="0" passedButRunAborted="0" notRunnable="0" notExecuted="0" disconnected="0" warning="0" completed="0" inProgress="0" pending="0" />
  </ResultSummary>
  <TestDefinitions>
    <UnitTest name="createTimetableInstanceTest" storage="e:\hska\semester2\projektarbeit\studenplaner\timetableplanner\timetableplannertests\bin\debug\timetableplannertests.dll" id="ab441b29-9837-01bf-f43f-7839c8f73716">
      <Execution id="4a04295b-d0f1-4c83-bc7d-00033f75c516" />
      <TestMethod codeBase="E:/HsKA/Semester2/Projektarbeit/Studenplaner/TimetablePlanner/TimetablePlannerTests/bin/Debug/TimetablePlannerTests.DLL" adapterTypeName="Microsoft.VisualStudio.TestTools.TestTypes.Unit.UnitTestAdapter, Microsoft.VisualStudio.QualityTools.Tips.UnitTest.Adapter, Version=10.0.0.0, Culture=neutral, PublicKeyToken=b03f5f7f11d50a3a" className="TimetablePlannerTests.TimetableTest, TimetablePlannerTests, Version=1.0.0.0, Culture=neutral, PublicKeyToken=null" name="createTimetableInstanceTest" />
    </UnitTest>
  </TestDefinitions>
  <TestLists>
    <TestList name="Nicht in einer Liste enthaltene Ergebnisse" id="8c84fa94-04c1-424b-9868-57a2d4851a1d" />
    <TestList name="Alle geladenen Ergebnisse" id="19431567-8539-422a-85d7-44ee4e166bda" />
  </TestLists>
  <TestEntries>
    <TestEntry testId="ab441b29-9837-01bf-f43f-7839c8f73716" executionId="4a04295b-d0f1-4c83-bc7d-00033f75c516" testListId="8c84fa94-04c1-424b-9868-57a2d4851a1d" />
  </TestEntries>
  <Results>
    <UnitTestResult executionId="4a04295b-d0f1-4c83-bc7d-00033f75c516" testId="ab441b29-9837-01bf-f43f-7839c8f73716" testName="createTimetableInstanceTest" computerName="FLOLAP-PC" duration="00:00:59.3645404" startTime="2011-10-10T20:59:11.4037029+02:00" endTime="2011-10-10T21:00:12.0722095+02:00" testType="13cdc9d9-ddb5-4fa4-a97d-d965ccfc6d4b" outcome="Passed" testListId="8c84fa94-04c1-424b-9868-57a2d4851a1d" relativeResultsDirectory="4a04295b-d0f1-4c83-bc7d-00033f75c516">
      <Output>
        <DebugTrace>Time to create population of size 50: 0ms
10000 Generations finished after 58ms
</DebugTrace>
      </Output>
    </UnitTestResult>
  </Results>
</TestRun>