<?xml version="1.0" encoding="UTF-8"?>
<TestRun id="a3e938d6-a1ff-4063-9eb9-3ec2ec78f146" name="FloLap@FLOLAP-PC 2011-10-12 19:24:59" runUser="FloLap-PC\FloLap" xmlns="http://microsoft.com/schemas/VisualStudio/TeamTest/2010">
  <TestSettings name="Lokal" id="6ed96bb3-d821-4eee-a79d-3a3069da9890">
    <Description>Dies sind die standardmäßigen Testeinstellungen für einen lokalen Testlauf.</Description>
    <Deployment enabled="false" runDeploymentRoot="FloLap_FLOLAP-PC 2011-10-12 19_24_59">
      <DeploymentItem filename="E:\HsKA\Semester2\Projektarbeit\Stundenplangenerator\TimetablePlanner\TimetablePlanner\bin\Debug\TimetablePlanner.dll" />
    </Deployment>
    <Execution>
      <TestTypeSpecific />
      <AgentRule name="Execution Agents">
      </AgentRule>
    </Execution>
  </TestSettings>
  <Times creation="2011-10-12T19:24:59.4443592+02:00" queuing="2011-10-12T19:25:00.5044199+02:00" start="2011-10-12T19:25:00.5944250+02:00" finish="2011-10-12T19:25:02.4925336+02:00" />
  <ResultSummary outcome="Completed">
    <Counters total="1" executed="1" passed="1" error="0" failed="0" timeout="0" aborted="0" inconclusive="0" passedButRunAborted="0" notRunnable="0" notExecuted="0" disconnected="0" warning="0" completed="0" inProgress="0" pending="0" />
  </ResultSummary>
  <TestDefinitions>
    <UnitTest name="createTimetableInstanceTest" storage="e:\hska\semester2\projektarbeit\stundenplangenerator\timetableplanner\timetableplannertests\bin\debug\timetableplannertests.dll" id="ab441b29-9837-01bf-f43f-7839c8f73716">
      <Execution id="ea5460f0-7941-4b92-b822-ad75f8b20d0a" />
      <TestMethod codeBase="E:/HsKA/Semester2/Projektarbeit/Stundenplangenerator/TimetablePlanner/TimetablePlannerTests/bin/Debug/TimetablePlannerTests.DLL" adapterTypeName="Microsoft.VisualStudio.TestTools.TestTypes.Unit.UnitTestAdapter, Microsoft.VisualStudio.QualityTools.Tips.UnitTest.Adapter, Version=10.0.0.0, Culture=neutral, PublicKeyToken=b03f5f7f11d50a3a" className="TimetablePlannerTests.TimetableTest, TimetablePlannerTests, Version=1.0.0.0, Culture=neutral, PublicKeyToken=null" name="createTimetableInstanceTest" />
    </UnitTest>
  </TestDefinitions>
  <TestLists>
    <TestList name="Nicht in einer Liste enthaltene Ergebnisse" id="8c84fa94-04c1-424b-9868-57a2d4851a1d" />
    <TestList name="Alle geladenen Ergebnisse" id="19431567-8539-422a-85d7-44ee4e166bda" />
  </TestLists>
  <TestEntries>
    <TestEntry testId="ab441b29-9837-01bf-f43f-7839c8f73716" executionId="ea5460f0-7941-4b92-b822-ad75f8b20d0a" testListId="8c84fa94-04c1-424b-9868-57a2d4851a1d" />
  </TestEntries>
  <Results>
    <UnitTestResult executionId="ea5460f0-7941-4b92-b822-ad75f8b20d0a" testId="ab441b29-9837-01bf-f43f-7839c8f73716" testName="createTimetableInstanceTest" computerName="FLOLAP-PC" duration="00:00:00.4724294" startTime="2011-10-12T19:25:00.6374275+02:00" endTime="2011-10-12T19:25:02.4035285+02:00" testType="13cdc9d9-ddb5-4fa4-a97d-d965ccfc6d4b" outcome="Passed" testListId="8c84fa94-04c1-424b-9868-57a2d4851a1d" relativeResultsDirectory="ea5460f0-7941-4b92-b822-ad75f8b20d0a">
      <Output>
        <DebugTrace>Time to create population of size 50: 287ms
0101: 000,000,000,000,000,000,000,003,012,000,000,000,000,028,028,028,000,000,000,000,000,000,000,000,000,011,011,000,000,000,024,000,000,000,000,000,000,000,030,000,000,000,000,038,000,000,000,000,006,000,000,000,000,000,000,000,000,000,031,000,000,000,000,000,000,000,004,000,000,000,000,000,000,000,000,023,000,000,000,000,000,000,000,000,002,007,000,000,000,000,000,000,000,000,000,000,000,000,000,000,000,000,006,000,009,034,000,000,000,000,000,000,000,000,000,000,000,000,000,000,000,000,000,000,033,000,000,000,000,000,000,000,000,000,000,000,000,000,000,000,001,000,000,000,000,000,000,000,000,027,000,000,000,000,022,000,000,019,000,000,000,000,000,008,008,000,000,000,000,000,021,000,000,000,000,000,000,000,000,000,000,000,000,000,000,000,000,000,000,010,001,000,000,000,000,000,000,000,000,025,000,000,000,000,000,016,000,000,000,000,000,003,000,000,000,000,000,000,000,017,017,017,000,037,037,000,000,000,010,000,000,000,000,000,000,015,000,000,000,000,000,000,000,000,000,000,005,000,000,000,000,029,000,000,000,000,018,000,000,000,000,000,000,000,000,000,016,000,000,000,000,000,000,000,000,000,032,000,000,000,000,000,000,000,000,000,000,000,000,000,000,000,000,000,000,000,000,000,000,000,000,000,000,007,000,000,000,000,000,000,000,000,000,000,009,000,000,000,005,035,000,000,000,000,000,000,000,000,000,000,000,014,000,000,000,000,036,000,000,013,000,000,020,000,000,000,000,000,000,000,000,000,000,000,000,000,026,011,011,000,
0099: 000,006,000,000,000,000,000,000,000,000,000,000,000,000,000,000,000,000,000,000,000,000,000,000,000,000,000,000,000,000,000,000,000,000,005,022,000,007,000,000,000,000,000,000,000,000,000,000,000,000,000,000,000,000,000,025,012,000,000,000,000,000,013,000,000,000,000,000,000,000,000,000,000,024,000,000,000,000,000,019,000,000,000,000,010,000,026,000,000,000,000,000,018,000,000,000,000,000,000,000,000,000,000,000,000,000,000,000,000,000,000,000,000,000,003,000,000,000,000,000,000,007,000,000,000,000,034,000,000,035,000,000,000,000,000,000,000,000,000,000,037,037,000,000,000,029,000,000,000,000,000,000,016,000,000,002,000,000,000,000,000,000,031,000,000,000,000,000,000,000,033,000,000,000,000,000,000,000,000,000,000,011,011,000,009,000,000,000,000,000,000,009,000,000,000,038,000,000,000,000,000,000,000,000,000,000,000,000,000,000,000,017,017,017,000,000,000,032,000,000,000,000,000,000,000,000,000,000,000,000,000,000,000,000,021,000,000,000,000,000,004,000,011,011,000,006,000,000,020,000,000,000,000,000,000,000,000,000,000,000,000,000,000,010,000,000,016,000,000,000,000,000,000,000,000,000,000,000,000,001,003,000,000,005,000,000,000,000,028,028,028,014,000,000,015,000,000,000,001,000,000,036,000,000,000,000,008,008,000,000,000,000,000,000,000,000,023,000,000,000,000,000,000,000,000,000,000,000,000,000,000,000,000,000,000,000,027,000,000,000,000,000,000,030,000,000,000,000,000,000,000,000,000,000,000,000,000,000,000,000,
0088: 000,000,000,000,000,006,000,024,032,029,000,000,000,000,000,000,000,000,025,000,000,031,000,000,000,000,000,000,000,000,000,000,000,000,010,000,000,000,000,036,000,000,000,000,012,000,000,000,000,000,000,000,000,000,000,000,000,000,000,000,008,008,000,000,000,000,005,000,000,000,000,000,000,000,000,000,000,000,000,018,000,000,011,011,000,000,000,000,000,000,000,000,000,000,000,000,034,000,000,000,014,000,000,000,000,026,000,000,000,000,000,000,000,000,000,016,000,000,000,000,000,010,000,000,000,000,000,000,000,000,000,000,000,000,000,000,000,000,000,000,000,000,000,000,000,009,000,033,000,000,003,000,000,000,000,000,000,000,021,016,022,000,001,000,000,000,000,000,000,000,000,000,000,000,000,000,000,000,000,000,000,000,000,000,000,000,000,000,037,037,000,000,000,019,000,000,000,000,017,017,017,000,000,000,000,011,011,000,000,000,000,000,000,000,000,000,000,015,000,000,000,000,000,000,000,000,000,000,000,003,000,000,000,000,000,000,000,000,000,000,000,000,000,030,013,000,007,000,020,000,000,000,000,000,000,000,000,000,000,000,000,000,000,000,000,000,000,005,000,000,000,000,000,000,000,000,000,000,038,000,027,000,000,000,002,000,000,000,000,000,000,000,004,000,000,000,000,000,000,000,000,000,000,000,000,000,000,000,000,000,000,009,000,000,000,000,000,007,000,000,000,000,000,000,000,028,028,028,000,023,035,000,000,000,000,000,000,000,000,000,000,000,000,000,000,000,000,000,006,001,000,000,000,000,000,000,000,000,000,000,
0081: 000,000,000,030,000,024,000,000,000,000,000,000,000,000,000,000,000,000,000,007,000,027,000,000,000,000,000,000,000,000,000,000,000,000,000,000,000,000,000,022,000,000,017,017,017,000,000,020,000,000,000,000,000,000,000,000,000,000,000,000,000,000,000,000,000,000,009,000,000,006,000,000,003,000,000,000,000,000,000,000,015,000,000,000,000,000,000,003,000,001,000,000,000,000,000,000,000,000,000,000,000,000,013,000,000,000,000,000,000,000,000,000,000,000,000,000,029,000,000,000,000,000,000,000,000,000,000,000,000,000,000,000,000,000,000,000,000,000,000,000,000,000,010,000,000,000,000,000,000,000,000,000,038,000,000,000,000,000,000,000,000,000,000,000,000,000,000,000,000,000,000,000,000,000,000,000,000,023,000,000,032,000,000,000,000,000,000,000,000,018,000,005,000,000,000,010,000,000,000,008,008,000,000,000,000,028,028,028,000,000,000,000,000,000,000,000,011,011,000,000,000,000,000,000,000,000,000,000,009,000,000,000,021,000,000,000,000,000,000,000,000,000,000,000,000,000,000,000,000,000,000,000,000,000,025,000,000,000,000,000,000,000,000,000,000,000,000,000,005,000,000,033,002,031,037,037,000,014,000,000,001,000,035,000,000,000,034,000,000,000,016,000,000,000,000,000,000,000,000,000,000,000,000,000,000,000,000,000,026,000,000,000,000,000,000,000,000,000,016,000,000,000,000,000,000,000,000,000,000,000,011,011,019,000,006,000,004,000,012,000,000,000,000,000,036,000,000,000,000,000,007,000,000,000,000,000,000,000,000,000,
0073: 000,000,000,021,000,000,000,003,000,000,000,000,000,000,000,000,000,000,000,001,000,000,000,000,010,000,000,000,000,000,000,000,000,000,015,000,000,000,019,000,000,000,014,000,013,000,000,000,000,000,000,000,000,000,000,000,000,000,000,000,000,026,000,000,018,000,033,000,000,000,000,000,016,000,000,000,000,000,000,000,000,000,000,000,000,000,000,000,000,000,000,000,000,000,000,000,000,020,000,000,000,000,000,005,000,000,000,000,000,000,028,028,028,007,016,000,000,000,031,000,000,000,023,000,000,000,007,000,000,000,000,000,000,000,000,000,000,000,000,000,000,002,000,000,000,000,000,000,000,000,000,000,000,000,029,000,000,000,000,000,000,000,000,000,000,000,000,000,000,000,000,000,000,000,000,000,000,000,000,000,000,000,000,000,000,000,000,010,000,000,000,000,036,000,000,000,000,000,011,011,000,000,000,000,000,000,000,000,000,009,000,000,034,000,004,000,000,000,000,000,000,000,000,000,000,000,000,000,000,000,009,000,000,000,030,000,000,000,000,000,000,000,000,000,000,022,000,000,006,000,037,037,000,000,000,000,000,000,000,000,032,000,000,000,000,000,000,001,000,000,000,000,000,000,011,011,000,000,000,000,025,000,000,003,024,027,000,000,000,000,000,000,000,000,000,038,000,000,000,000,000,000,000,000,006,000,000,000,000,008,008,000,000,005,012,000,000,000,000,000,000,000,000,000,000,000,000,000,000,000,017,017,017,000,000,000,035,000,000,000,000,000,000,000,000,000,000,000,000,000,000,000,000,000,000,000,000,000,000,000,
0073: 000,000,000,000,016,000,000,000,000,000,000,000,000,007,000,000,000,000,000,000,010,000,000,000,000,000,000,000,000,000,000,000,000,000,000,000,000,000,000,000,000,000,000,000,000,000,000,000,000,000,000,000,000,006,000,000,026,000,000,000,011,011,028,028,028,000,000,000,000,000,032,000,000,000,000,000,000,000,000,000,000,000,000,000,000,000,031,013,000,000,000,000,000,000,000,000,000,000,000,000,000,000,000,000,000,000,000,000,000,000,000,000,000,000,000,000,000,000,000,000,000,000,000,007,000,000,005,000,003,000,015,000,000,000,000,000,000,000,000,000,000,000,000,000,000,000,000,000,000,000,025,000,000,000,000,000,000,000,000,038,000,000,000,000,021,000,000,000,005,000,000,000,000,000,000,000,000,000,003,000,000,000,000,000,000,000,000,036,029,000,000,000,000,000,020,000,000,000,000,000,000,000,000,000,000,000,000,000,000,000,009,034,000,000,000,000,004,000,000,000,000,000,000,000,000,000,000,000,006,000,014,011,011,012,000,000,000,000,000,019,000,000,000,000,000,002,000,000,000,000,000,000,000,000,000,000,000,000,000,023,000,000,000,000,000,000,000,000,000,000,000,000,000,000,000,000,000,000,000,000,000,000,000,022,000,000,000,000,000,000,000,000,000,000,033,000,000,035,000,000,000,001,000,000,000,000,000,000,000,000,000,000,000,024,000,008,008,000,000,000,000,000,000,000,018,000,001,000,000,000,000,009,000,000,000,000,027,000,037,037,000,000,000,000,000,017,017,017,000,016,000,000,000,000,000,010,030,000,000,000,
0070: 000,027,000,000,000,000,000,000,005,000,000,000,000,000,000,000,000,000,000,024,000,000,000,000,000,000,036,000,019,007,000,032,016,000,000,000,000,000,000,000,000,000,000,000,000,000,000,030,000,001,000,000,000,000,000,000,000,003,000,000,000,000,005,000,000,000,000,000,000,000,000,000,000,000,000,000,000,000,000,000,000,000,000,000,000,000,000,000,000,000,000,007,000,004,000,000,000,014,000,010,000,000,000,000,000,011,011,000,035,000,000,000,000,000,037,037,000,000,020,000,000,000,000,013,000,000,000,000,000,000,000,000,000,000,000,000,000,021,000,000,000,000,000,000,022,000,000,000,000,000,000,008,008,000,000,000,000,000,000,000,000,000,000,000,000,009,000,000,000,000,000,000,015,000,000,000,000,000,000,000,000,000,000,000,000,000,000,000,000,031,000,000,038,000,000,000,000,000,000,000,000,000,000,000,000,009,000,000,000,000,000,000,000,000,000,000,000,000,012,000,000,000,000,000,000,000,000,000,000,003,000,000,000,000,000,000,000,000,000,000,000,000,000,000,000,000,000,000,028,028,028,000,000,026,000,000,006,000,000,000,000,000,000,000,000,000,000,000,000,000,000,000,000,000,000,000,000,025,000,000,000,000,000,000,000,000,000,000,000,000,001,018,000,000,017,017,017,000,000,000,000,000,000,000,000,000,000,000,000,000,000,000,023,000,000,000,000,000,000,000,000,000,000,000,000,000,029,000,000,000,000,000,002,011,011,000,010,000,016,000,000,000,000,000,000,006,033,000,000,000,000,000,034,000,000,000,000,000,000,000,
0069: 000,021,009,000,000,000,007,000,000,000,000,000,000,011,011,000,000,029,000,000,000,000,000,000,000,000,000,000,000,000,000,000,000,000,000,000,000,000,022,000,000,000,034,000,000,000,000,000,000,000,000,000,000,000,000,000,000,038,000,000,000,000,024,001,000,000,000,000,027,000,000,000,000,023,007,005,000,000,000,000,000,000,000,000,000,000,000,000,000,000,000,012,000,000,000,000,000,000,000,000,000,010,000,000,000,009,037,037,000,000,000,000,000,000,008,008,000,011,011,000,000,000,000,000,000,000,000,018,000,000,000,000,000,006,030,000,000,000,000,000,000,000,000,000,000,000,000,000,000,033,000,000,000,000,000,000,000,000,000,000,000,000,000,000,000,000,000,000,000,000,000,000,000,000,000,000,000,000,000,000,000,000,000,000,000,000,000,000,000,000,000,000,000,000,000,000,000,000,000,000,000,000,000,000,000,000,019,000,000,000,000,036,000,000,013,016,020,000,000,000,000,000,031,000,025,000,000,002,000,000,017,017,017,000,000,000,000,000,000,000,000,000,000,000,000,000,000,000,000,000,000,000,000,000,000,000,000,000,000,000,000,000,000,000,000,000,000,000,000,000,000,000,004,000,000,000,000,000,000,000,000,000,000,000,000,003,010,000,005,006,000,000,000,000,000,015,000,000,000,000,000,000,000,000,000,000,000,014,032,000,000,000,000,000,000,000,000,000,000,000,000,000,000,000,000,000,000,000,001,000,000,003,000,000,000,000,000,028,028,028,000,000,000,000,000,035,000,000,000,016,026,000,000,000,000,000,000,000,000,000,
0068: 000,000,000,028,028,028,000,000,000,000,000,000,000,000,000,000,000,000,000,000,000,000,000,000,000,000,000,000,000,000,000,000,000,004,000,000,000,000,000,000,000,000,000,000,000,000,000,000,000,019,000,024,000,000,000,008,008,000,009,000,033,000,000,000,000,000,000,000,000,000,000,000,000,000,006,000,000,000,000,000,000,000,000,000,000,000,000,000,000,000,000,000,000,000,000,000,022,000,000,000,000,000,005,000,000,000,000,000,000,000,000,000,000,031,000,000,000,000,000,000,030,000,000,000,021,000,012,000,000,000,000,003,000,000,000,015,000,000,000,000,000,000,032,000,000,037,037,000,023,000,000,000,000,000,000,000,000,000,000,027,000,000,001,000,000,000,000,000,000,016,000,000,000,018,000,000,000,000,000,000,000,020,000,000,000,000,000,000,000,000,000,000,000,000,000,000,010,000,000,026,000,000,000,000,000,000,000,025,000,000,000,000,000,029,000,000,000,000,000,000,000,000,000,003,000,000,000,000,000,010,000,038,000,000,011,011,000,000,000,000,000,000,000,000,000,000,000,000,000,000,000,000,000,000,000,000,000,000,000,000,000,000,000,000,000,000,034,000,000,000,000,035,000,000,000,001,000,000,007,005,000,016,000,000,000,000,000,000,000,006,000,000,000,000,017,017,017,000,000,000,000,000,000,000,000,000,000,000,000,000,014,000,000,000,009,013,000,000,000,000,000,000,000,000,011,011,007,000,000,000,000,000,000,000,000,000,000,000,000,036,000,000,000,000,000,000,000,000,000,000,000,000,000,000,000,002,000,000,000,000,
0068: 000,000,000,000,000,000,000,000,023,000,016,000,000,000,000,000,000,000,000,000,000,000,000,000,000,000,000,005,000,000,000,000,000,000,000,000,000,033,000,000,000,000,000,000,000,000,000,000,000,000,000,000,000,000,000,000,000,000,000,000,000,000,000,027,000,000,000,000,000,000,000,000,029,000,000,000,000,000,008,008,000,000,009,000,000,003,000,000,014,000,000,000,000,000,000,000,000,000,000,024,000,000,000,000,000,000,000,000,037,037,000,022,000,000,000,000,006,000,000,000,000,013,028,028,028,000,000,000,000,000,000,000,000,000,030,000,000,000,000,000,002,020,000,000,000,018,000,000,000,000,000,000,000,036,000,000,000,000,000,000,011,011,000,000,000,012,000,000,000,000,000,000,000,000,000,000,000,000,007,000,025,000,000,000,000,034,015,038,000,000,000,000,000,000,000,000,000,000,000,000,000,000,016,000,000,000,000,000,000,004,000,000,000,000,000,000,000,000,000,000,000,000,000,000,000,000,000,000,000,021,000,000,000,000,000,000,000,005,000,000,000,000,000,000,000,000,000,000,000,010,000,032,000,000,000,000,000,000,000,000,000,001,000,000,000,000,000,000,000,000,000,000,000,000,000,001,000,010,000,007,000,035,019,000,000,000,000,000,017,017,017,000,000,000,000,000,000,000,000,000,006,000,000,000,000,000,000,000,026,000,000,000,000,000,000,000,000,000,000,000,000,000,009,000,003,000,000,000,000,000,000,000,000,000,000,000,000,000,000,000,000,000,031,000,000,000,000,000,000,011,011,000,000,000,000,000,000,000,000,000,
0062: 000,000,037,037,024,000,000,000,000,000,000,000,000,021,000,027,000,000,000,000,000,000,000,000,000,000,000,000,000,000,000,000,000,000,000,000,000,000,000,000,000,000,000,000,000,000,000,000,000,000,003,012,000,000,000,000,010,000,000,000,000,000,033,000,000,000,000,000,000,000,000,000,000,000,026,000,000,000,000,000,000,000,000,000,000,000,000,000,000,000,004,005,000,000,000,006,000,000,000,032,000,000,000,000,000,000,000,000,000,000,000,000,000,000,000,000,000,000,000,000,000,000,011,011,000,000,000,000,000,000,000,000,008,008,000,000,000,000,000,000,000,000,000,020,000,000,000,000,000,000,000,000,000,014,000,000,000,000,000,019,013,000,016,000,035,000,000,000,023,031,000,006,000,000,000,000,036,000,000,000,000,000,000,000,022,000,025,007,000,000,000,000,000,000,000,000,000,000,000,000,000,000,000,000,000,000,000,000,000,000,000,000,000,000,000,005,000,000,011,011,038,000,000,000,001,000,000,000,000,028,028,028,000,000,000,000,017,017,017,000,030,000,007,000,000,000,000,009,000,009,001,000,000,000,000,000,000,000,000,000,000,000,029,000,000,000,000,000,000,000,000,000,000,003,000,000,000,000,000,000,000,000,000,000,000,000,000,000,000,000,000,000,000,000,000,000,000,000,000,000,000,000,000,000,000,000,000,000,000,000,000,000,000,000,000,000,000,000,016,000,000,000,000,000,034,000,000,000,010,000,000,000,000,018,002,000,000,000,000,000,000,000,000,000,000,000,000,000,000,000,015,000,000,000,000,000,000,000,000,000,
0061: 020,000,000,032,000,000,000,000,000,000,000,000,006,000,036,000,000,010,000,000,035,000,000,000,000,000,000,000,000,000,000,000,000,000,000,000,000,000,000,000,000,000,000,000,000,001,000,000,000,005,000,000,000,000,000,000,000,000,000,000,000,000,000,000,000,000,000,000,000,000,012,000,000,000,000,000,000,000,000,018,000,000,000,000,000,000,021,000,000,000,000,000,000,000,000,000,000,000,000,011,011,000,000,008,008,000,000,025,000,000,000,000,000,000,029,000,000,000,000,000,000,000,000,000,006,000,009,005,000,000,000,004,000,038,000,000,000,015,000,000,000,000,000,000,027,000,000,000,000,014,000,023,000,000,000,000,000,000,017,017,017,000,000,000,000,000,000,000,030,000,000,000,031,000,000,000,000,000,009,000,000,000,000,000,000,000,000,000,000,000,000,000,000,000,000,000,000,000,019,000,007,024,000,000,002,026,000,000,000,000,000,000,000,000,000,000,000,000,000,000,034,000,000,010,000,000,000,000,000,000,000,000,033,000,000,000,000,000,000,000,000,000,000,000,000,007,000,000,000,000,000,000,000,000,000,000,000,000,000,000,000,000,013,000,016,000,000,000,000,000,000,000,000,028,028,028,000,011,011,000,000,000,000,003,000,000,000,000,000,000,000,000,000,000,000,000,000,022,001,000,037,037,000,000,000,000,000,000,000,000,000,000,000,000,000,000,000,000,000,016,000,000,000,000,000,000,000,000,000,000,000,000,000,000,000,000,000,000,000,000,000,000,000,000,000,000,000,000,000,000,000,000,000,003,000,000,000,000,000,000,
0060: 011,011,000,000,000,000,000,000,018,000,000,000,000,033,000,014,001,000,015,000,000,000,000,000,027,000,000,000,000,000,000,017,017,017,000,000,000,000,000,000,000,000,000,000,000,000,000,000,000,000,000,000,000,023,000,000,000,000,000,000,009,000,000,000,000,000,010,000,000,000,000,000,000,000,000,000,000,000,012,000,000,000,000,000,000,000,000,020,006,000,000,000,000,000,000,000,000,000,000,000,000,000,000,000,025,005,000,000,000,000,000,000,000,000,000,000,000,000,000,000,000,000,037,037,000,000,000,000,000,000,000,000,000,016,000,026,000,000,034,000,000,000,000,000,030,000,000,000,000,000,000,000,000,000,000,000,000,008,008,000,000,000,000,000,000,000,000,005,000,002,000,006,000,000,000,000,000,000,000,031,000,000,000,036,000,000,000,000,000,000,000,004,000,000,000,000,000,000,000,000,000,016,000,000,000,000,000,000,000,000,000,000,000,000,000,000,000,000,000,000,000,000,000,000,000,000,000,000,000,000,000,000,000,000,000,000,000,000,000,000,000,010,000,000,000,000,000,000,000,000,000,000,000,000,000,024,000,000,013,000,000,000,001,022,000,000,021,000,011,011,000,000,029,000,000,019,000,000,000,000,000,000,000,000,000,000,000,000,000,000,000,000,000,000,000,000,007,000,000,000,000,000,000,000,000,000,000,000,000,000,000,000,007,009,000,000,000,000,000,000,003,000,000,000,000,000,000,000,000,038,000,000,003,000,000,000,035,000,028,028,028,000,000,000,000,000,000,000,000,000,000,000,000,000,000,032,000,000,000,000,
0059: 000,000,000,012,000,000,000,000,000,000,000,000,000,000,000,000,000,000,000,000,000,000,000,000,016,024,000,000,000,000,000,000,000,000,000,000,000,000,000,000,000,000,000,000,011,011,000,000,011,011,000,000,000,000,000,000,022,000,000,000,000,000,000,000,000,000,000,000,000,000,000,000,000,000,000,000,025,000,000,000,000,000,000,000,000,006,000,000,000,000,000,000,000,000,000,000,000,037,037,000,002,000,000,000,000,013,000,000,000,029,000,000,000,000,007,000,000,001,000,000,000,009,000,000,000,000,000,000,000,000,000,000,019,000,005,000,000,000,000,000,023,000,000,000,000,000,000,000,000,000,001,007,000,000,032,000,000,000,000,000,000,000,000,000,000,000,000,000,000,006,000,000,000,030,016,000,000,000,026,003,000,000,000,000,035,000,000,000,000,000,000,000,000,017,017,017,000,000,000,000,000,000,000,000,000,000,000,000,000,020,000,000,009,000,000,000,000,000,000,000,000,015,000,000,000,000,000,000,000,000,000,000,000,000,000,000,005,000,000,000,000,000,000,000,000,000,000,000,033,000,000,000,000,000,000,000,000,000,000,000,000,000,000,000,000,000,000,000,000,000,000,000,000,000,000,000,027,000,000,000,010,000,000,000,000,031,000,000,000,008,008,000,000,000,000,000,028,028,028,000,003,000,000,000,000,000,000,000,000,000,000,036,000,000,000,000,000,000,000,018,000,004,038,000,000,000,000,000,000,010,000,000,000,000,000,000,000,000,000,000,034,000,014,000,000,000,021,000,000,000,000,000,000,000,000,000,000,000,000,000,
0058: 000,000,000,020,000,000,000,000,000,000,000,000,007,000,000,000,000,000,006,000,000,000,000,000,000,000,000,000,000,000,000,000,000,000,000,000,017,017,017,000,000,000,000,038,000,000,000,015,004,000,025,000,000,000,000,000,001,000,011,011,000,000,026,000,000,000,000,000,000,000,000,000,000,000,000,000,000,000,013,011,011,000,000,000,000,003,000,000,000,000,000,000,000,000,000,000,000,000,000,000,000,000,000,000,000,000,000,000,005,000,032,000,000,000,000,000,000,000,000,029,030,000,005,000,000,000,000,000,000,034,000,000,000,000,000,000,000,000,000,000,000,000,007,000,000,000,000,000,000,000,000,000,000,010,023,000,000,000,000,000,000,000,000,000,000,000,000,000,000,000,000,000,000,000,000,031,000,000,000,000,000,000,000,000,000,000,000,000,000,012,000,000,000,000,000,000,000,000,000,028,028,028,000,000,000,001,000,000,000,000,000,000,000,000,000,000,000,000,000,000,000,000,009,000,000,000,000,000,000,009,000,000,000,000,000,000,014,000,000,000,000,000,000,000,000,000,000,021,000,000,000,000,000,000,000,000,000,000,000,000,000,000,037,037,000,000,000,000,000,000,000,000,000,000,000,000,000,000,018,024,000,000,000,000,000,000,000,000,000,000,000,000,000,016,000,000,000,000,019,003,000,000,010,000,000,022,000,000,000,000,000,000,000,000,000,000,035,000,016,000,008,008,000,033,000,000,000,000,027,000,000,000,000,000,000,000,000,000,006,002,000,000,000,000,000,000,000,000,000,000,000,000,000,000,036,000,000,000,000,000,
0051: 000,000,031,000,011,011,000,000,000,000,000,000,000,000,000,000,000,000,000,000,000,000,000,000,000,000,013,000,000,025,000,000,000,000,000,036,000,016,000,000,000,000,000,000,000,000,000,032,019,000,011,011,033,000,000,000,035,000,000,000,000,022,009,000,000,000,000,007,000,000,000,000,000,000,000,000,000,000,000,000,000,000,000,000,000,000,034,000,000,000,000,000,000,000,000,000,029,000,000,000,000,000,000,000,000,000,000,000,000,000,000,000,000,000,000,000,004,000,000,000,000,030,003,000,002,000,000,000,000,000,000,000,000,001,000,000,000,000,000,000,000,000,000,000,000,000,000,000,000,009,000,000,000,014,000,000,000,000,000,000,000,000,000,018,000,000,001,000,000,000,000,000,000,000,000,000,000,000,000,000,000,000,000,000,000,000,021,000,012,000,000,000,000,000,000,000,000,000,000,000,000,000,000,000,000,000,000,000,000,000,000,000,000,000,010,000,000,000,000,024,000,000,000,000,000,000,000,000,000,000,000,000,006,000,005,023,000,000,005,000,000,000,000,000,000,000,010,000,000,000,000,000,000,007,000,000,000,026,000,000,000,037,037,027,000,000,003,000,000,000,000,000,000,000,000,000,000,000,038,016,000,000,000,000,000,000,000,000,000,000,000,000,000,000,000,000,000,000,000,000,000,000,000,000,000,000,015,000,000,000,000,000,000,000,000,000,000,000,008,008,000,000,000,000,000,000,028,028,028,000,000,017,017,017,000,000,006,000,000,000,020,000,000,000,000,000,000,000,000,000,000,000,000,000,000,000,000,000,000,000,
0051: 000,000,000,018,000,000,000,000,000,000,000,000,000,000,006,000,000,000,000,000,000,000,000,000,000,000,000,000,000,000,012,000,000,000,000,000,000,000,000,000,000,000,000,000,031,000,000,025,000,000,000,000,000,000,000,000,000,000,000,000,000,000,000,005,000,021,000,000,000,000,000,035,000,000,000,000,000,000,000,000,000,000,000,000,000,000,000,000,000,000,000,000,000,000,000,000,000,000,000,000,000,000,000,000,000,000,000,000,000,028,028,028,000,033,000,000,000,000,036,000,000,000,000,000,000,000,000,000,024,000,000,000,019,000,000,000,030,000,000,000,016,000,010,000,000,000,000,000,000,000,008,008,000,032,000,000,015,000,000,000,000,000,000,000,000,011,011,000,000,000,000,000,000,000,000,000,000,000,000,000,000,000,000,009,000,006,004,011,011,000,000,000,000,000,000,000,001,000,026,000,000,000,000,000,000,007,000,000,002,000,000,027,000,000,000,000,000,000,000,000,029,000,000,000,000,000,000,007,000,000,000,000,000,000,037,037,000,000,000,000,023,000,034,016,000,000,000,000,000,000,000,022,000,014,010,000,000,000,000,000,000,000,000,000,000,000,000,005,000,000,000,000,000,000,000,003,000,000,000,000,000,000,000,000,000,000,000,000,013,000,000,000,000,000,017,017,017,000,000,000,000,000,000,000,000,000,000,000,000,000,000,000,000,009,000,000,000,000,000,000,000,000,000,001,000,000,000,003,000,000,000,038,000,000,000,000,000,000,020,000,000,000,000,000,000,000,000,000,000,000,000,000,000,000,000,000,000,000,000,000,
0051: 031,000,000,000,037,037,000,000,000,000,000,000,000,009,009,000,000,000,000,011,011,000,000,000,000,000,000,000,000,005,000,000,000,000,000,000,000,000,000,000,000,000,036,000,000,026,000,000,000,000,000,000,000,007,000,000,014,000,000,000,000,000,000,030,000,000,000,011,011,000,000,000,000,000,000,000,000,000,021,010,000,000,003,000,004,000,000,000,003,000,000,000,000,000,000,000,000,033,000,000,000,000,000,000,000,000,000,000,000,000,012,000,000,000,000,000,000,000,000,000,000,000,000,000,000,000,000,000,000,000,000,000,029,000,000,028,028,028,000,000,000,000,000,000,000,000,000,000,000,000,000,000,000,002,000,000,001,010,005,000,000,000,000,000,000,000,000,013,000,000,000,000,000,000,025,000,000,000,000,000,000,000,000,000,000,000,000,000,035,000,020,000,000,000,000,000,000,000,000,000,023,000,000,000,000,000,000,000,000,000,000,000,000,006,000,016,000,000,000,000,018,016,000,032,000,000,000,038,008,008,000,000,000,022,000,000,000,000,000,000,000,006,000,000,000,000,000,000,000,000,000,000,000,000,000,000,000,000,000,000,000,000,000,000,000,000,000,000,000,000,000,034,000,000,000,000,000,000,000,000,000,000,000,000,000,000,000,000,000,000,000,000,000,000,000,000,015,000,000,000,000,000,000,000,000,000,000,017,017,017,000,000,000,027,000,000,000,000,000,000,000,000,000,000,000,000,000,000,000,007,000,000,000,001,024,000,000,000,000,000,000,000,000,000,000,000,000,000,000,019,000,000,000,000,000,000,000,000,000,000,
0050: 000,000,006,000,000,000,037,037,006,000,000,000,000,035,000,012,000,000,000,000,000,000,000,000,000,000,000,026,000,000,000,000,000,000,000,000,024,000,008,008,000,000,000,000,000,000,000,000,015,000,000,000,000,000,000,000,000,000,000,018,000,000,000,000,000,000,000,027,000,000,000,000,000,000,000,000,000,000,000,000,000,016,000,000,000,000,000,000,000,000,000,028,028,028,000,000,000,000,000,000,000,000,000,000,000,000,000,000,000,007,000,000,000,000,000,000,000,000,000,000,000,000,000,000,032,000,000,000,000,000,000,000,000,000,000,000,000,000,000,000,000,009,000,000,000,000,000,000,019,000,000,000,000,022,000,000,000,000,000,000,000,000,011,011,000,000,001,000,000,000,003,000,000,000,000,000,000,000,000,000,000,000,000,000,000,020,000,000,000,000,000,000,000,000,010,000,000,000,000,000,000,000,000,000,000,000,000,031,000,000,000,017,017,017,000,009,000,000,000,000,000,010,000,000,000,000,000,000,000,030,000,000,036,000,000,000,000,005,000,000,000,000,000,000,000,000,000,000,025,000,000,000,000,000,000,000,000,000,000,000,000,000,000,000,000,000,000,003,001,000,000,000,000,000,000,000,014,000,033,000,000,000,000,000,000,000,000,016,000,011,011,000,000,000,000,000,000,000,000,000,000,000,000,000,013,000,000,023,000,034,000,000,000,000,000,000,000,000,000,000,000,000,002,000,029,000,038,000,000,000,000,004,000,000,000,000,000,005,000,000,007,000,000,000,000,000,000,000,000,000,000,000,021,000,000,000,000,000,000,000,
0050: 000,000,000,000,000,000,000,000,000,000,000,000,000,000,000,021,000,000,000,000,000,000,000,000,000,000,037,037,000,000,000,000,000,000,027,020,000,000,000,000,000,000,000,000,000,007,000,000,000,000,000,000,000,000,000,000,000,000,000,000,000,000,003,000,000,000,000,000,000,000,000,000,003,000,011,011,000,000,000,000,000,000,015,000,000,000,036,000,000,000,000,000,000,000,000,000,000,000,000,000,000,000,000,032,000,000,000,000,000,000,000,000,012,033,000,000,000,000,000,000,000,000,000,000,000,000,000,000,000,000,000,000,000,000,000,000,010,000,000,000,000,000,000,000,000,000,000,000,000,000,000,017,017,017,000,002,000,000,000,014,000,000,000,000,026,000,000,000,000,000,000,000,000,000,000,000,011,011,029,000,000,000,000,000,000,000,000,000,000,000,000,000,000,000,000,031,000,000,000,000,000,000,000,000,000,000,000,018,000,000,009,000,000,000,000,000,000,000,023,000,000,000,000,022,000,000,000,000,030,000,000,000,004,000,000,000,000,007,000,000,000,009,000,000,000,000,028,028,028,000,006,000,000,000,000,000,000,000,000,000,000,000,016,000,000,000,000,000,000,000,000,024,025,000,000,000,000,000,000,035,000,000,000,000,005,000,000,000,000,000,006,000,000,000,000,000,000,000,000,000,000,000,000,000,000,034,016,000,000,000,000,000,000,000,000,038,000,010,019,000,000,000,000,000,000,000,001,000,000,000,001,000,000,000,013,000,000,008,008,000,000,000,000,000,000,000,000,000,000,000,000,000,000,000,000,000,000,005,000,000,
0043: 000,017,017,017,000,000,000,000,000,000,000,000,000,000,000,000,000,000,000,000,000,000,000,000,000,000,000,000,000,000,000,000,000,000,000,000,000,000,000,000,000,000,000,000,000,000,000,024,000,000,000,000,000,000,000,000,000,000,000,000,011,011,000,000,000,000,000,000,000,000,000,003,000,000,000,011,011,000,007,000,000,038,000,000,000,000,000,000,000,000,033,000,000,000,000,000,000,000,000,000,032,000,000,000,000,000,000,000,000,000,025,000,000,000,019,000,000,007,000,012,000,000,000,000,000,035,000,000,000,000,000,000,014,000,000,005,000,000,000,000,000,005,000,000,000,000,000,000,000,000,000,000,000,000,000,000,000,028,028,028,000,000,000,000,000,000,000,000,000,000,000,010,000,000,000,000,000,000,000,000,000,000,000,000,000,000,000,000,000,000,000,000,000,000,000,000,000,000,000,016,000,000,000,000,021,000,000,000,000,000,000,000,000,000,008,008,000,000,000,000,000,000,000,000,000,003,000,000,000,006,000,000,000,002,000,000,000,009,000,000,000,000,000,000,000,000,000,018,000,000,000,000,000,000,000,036,000,000,000,000,000,000,000,000,027,000,000,000,000,000,029,000,001,000,000,000,000,000,020,000,000,000,000,000,000,000,000,000,030,000,034,000,000,000,000,000,000,026,000,000,000,000,000,000,010,000,000,000,023,000,037,037,000,009,000,000,000,000,000,004,000,000,022,000,000,000,000,000,000,000,000,000,000,000,000,016,013,000,000,000,000,001,000,000,000,000,000,000,000,006,000,000,000,000,015,000,000,000,031,000,
0043: 000,000,000,000,000,000,000,006,000,000,000,004,000,000,000,000,000,000,000,000,032,000,000,000,000,000,000,000,000,000,027,000,000,011,011,000,000,000,000,000,000,000,000,000,007,000,000,000,000,000,000,000,024,000,000,000,000,000,000,000,000,000,000,000,000,000,000,000,003,000,000,000,000,003,000,000,000,000,000,000,000,000,019,000,034,000,000,000,000,022,000,000,000,000,000,000,000,000,000,000,000,000,000,000,000,000,021,000,000,000,000,000,020,000,000,000,010,000,000,000,000,000,000,000,000,007,000,000,009,000,000,005,000,010,000,000,000,000,000,031,000,000,000,000,000,000,000,000,002,000,000,000,000,000,000,000,000,000,036,000,000,000,000,000,000,000,000,000,009,000,000,029,000,000,000,014,000,000,000,000,000,000,000,000,000,000,000,000,000,016,000,000,000,000,000,000,000,000,000,000,000,000,000,000,000,028,028,028,000,000,000,000,000,000,038,000,000,000,012,000,000,000,011,011,000,000,000,000,000,000,000,000,000,000,000,000,030,000,000,000,000,000,018,000,000,000,000,000,000,000,000,000,000,000,008,008,015,000,000,005,000,000,000,000,000,000,001,000,000,000,000,000,000,000,000,033,000,000,013,000,000,000,000,000,000,000,000,000,000,000,000,000,000,000,000,000,000,000,001,000,000,023,000,000,000,000,000,000,000,000,016,000,000,000,000,000,000,000,000,035,000,000,000,000,000,000,017,017,017,000,000,006,000,000,000,000,000,000,000,000,000,026,000,000,000,000,000,000,000,000,037,037,000,000,000,000,025,000,000,000,
0042: 029,000,000,006,000,000,000,007,000,000,006,000,000,000,000,021,000,000,000,000,000,000,000,000,000,000,018,000,000,000,000,000,000,000,000,000,000,000,000,000,000,000,000,000,000,000,000,000,000,000,016,000,000,000,016,000,000,000,000,000,000,000,000,000,000,003,000,000,000,000,000,000,000,000,007,011,011,000,000,000,012,000,000,000,014,000,000,000,000,000,026,000,000,037,037,000,000,000,000,000,000,000,000,000,000,031,000,000,000,000,000,000,025,000,000,011,011,000,000,000,000,000,000,000,000,000,030,000,000,009,000,022,000,000,000,000,000,000,000,000,000,000,000,000,000,000,000,000,000,000,000,000,036,000,000,000,000,000,000,000,000,000,000,000,000,000,000,000,000,000,000,000,000,000,000,000,000,038,000,000,002,000,000,000,000,000,000,000,000,000,000,000,000,032,013,000,008,008,000,024,000,000,000,000,000,000,000,000,000,000,000,000,000,000,000,015,000,000,000,000,000,000,000,000,000,000,000,000,000,000,000,000,000,000,000,000,004,000,000,000,000,000,000,000,000,000,000,000,000,000,000,000,005,000,000,000,000,000,000,000,000,000,000,000,034,000,000,000,001,000,000,000,000,000,000,000,000,000,035,000,019,000,000,000,000,000,000,000,000,000,000,000,003,000,000,000,000,000,000,000,000,023,000,000,020,000,000,028,028,028,001,000,000,000,000,000,000,000,000,009,000,000,000,000,000,010,000,000,005,000,000,000,000,017,017,017,000,000,000,000,000,000,000,000,000,000,000,000,000,000,000,010,000,033,000,000,000,000,027,000,
0041: 000,000,000,000,000,000,000,000,000,000,000,000,000,000,000,000,000,006,000,000,000,000,000,000,021,000,000,000,000,000,000,000,000,000,010,035,000,024,000,000,000,000,000,000,025,016,038,000,000,019,000,000,000,000,000,028,028,028,000,000,000,000,000,000,033,000,000,000,000,000,000,000,000,000,000,000,002,000,000,000,014,000,000,000,000,000,000,000,000,000,027,000,000,036,000,000,000,000,000,000,037,037,000,000,000,000,000,000,000,000,000,000,000,000,000,016,003,000,000,000,000,000,006,000,000,000,000,000,000,000,000,000,000,000,000,000,000,000,000,000,000,000,000,000,000,000,000,000,000,000,011,011,000,000,000,000,000,000,000,000,000,000,008,008,000,000,001,000,000,000,000,000,000,000,000,000,000,013,000,000,015,000,000,000,000,000,018,000,000,000,000,000,000,000,000,029,000,000,000,000,000,005,000,000,000,000,000,000,000,003,000,000,000,000,000,000,000,000,031,000,000,000,000,020,000,000,010,000,000,000,000,000,000,000,000,000,000,000,000,000,000,000,000,000,026,000,000,000,000,000,000,000,000,000,000,005,007,000,000,000,007,009,000,000,000,000,000,000,000,000,000,000,000,000,000,000,011,011,022,000,000,000,000,023,000,000,000,000,000,000,000,000,032,000,000,000,000,000,000,000,000,000,000,000,000,034,000,000,000,000,000,000,000,000,017,017,017,000,000,000,000,012,000,000,000,000,000,000,000,000,000,000,000,000,000,000,000,000,001,000,030,000,000,000,009,000,000,000,000,000,004,000,000,000,000,000,000,000,000,000,
0039: 000,000,000,000,000,000,000,000,000,010,000,000,000,000,000,000,000,000,000,000,000,000,000,000,020,000,000,000,000,000,000,022,007,011,011,000,000,000,033,000,000,000,000,000,000,000,000,000,000,000,000,002,036,000,000,000,000,000,023,000,000,000,017,017,017,000,000,000,000,000,000,000,000,000,012,000,000,000,000,000,024,000,000,000,000,009,000,000,000,000,003,000,000,000,000,000,000,000,000,000,000,000,000,000,000,000,000,000,000,000,000,000,000,000,014,000,000,000,000,000,000,000,000,000,000,032,000,000,000,000,000,031,000,001,000,000,000,016,037,037,028,028,028,034,000,013,000,010,000,000,000,015,000,000,000,000,000,000,000,000,000,000,000,000,000,000,000,000,000,030,000,000,000,000,000,004,000,000,000,000,000,000,000,000,027,000,000,007,000,000,000,000,000,000,000,000,000,000,000,000,000,000,000,000,000,000,011,011,000,035,000,000,005,000,000,000,000,000,000,000,006,000,000,000,000,000,000,000,000,000,000,000,000,016,000,000,000,000,000,000,000,000,000,000,000,000,000,006,000,025,019,000,000,000,000,000,000,000,000,000,000,000,000,000,029,000,000,000,000,005,000,009,000,000,000,000,000,038,000,000,000,000,000,000,000,000,026,000,000,000,000,000,000,000,000,000,000,000,000,000,000,000,000,000,000,000,000,000,000,000,000,000,000,000,008,008,000,000,018,000,000,000,000,000,000,000,000,000,001,021,000,000,000,000,000,000,000,000,000,000,000,000,000,000,000,000,000,000,000,003,000,000,000,000,000,000,000,000,000,000,
0036: 000,030,000,000,000,000,000,000,000,000,000,000,000,000,000,024,000,000,000,000,000,000,000,000,000,000,006,000,000,035,000,000,000,000,000,000,031,000,000,000,000,000,000,000,000,000,000,000,000,001,000,011,011,001,000,000,000,000,000,000,000,000,000,000,000,000,000,000,000,000,000,000,015,000,000,000,000,000,038,000,000,000,000,000,000,000,000,000,022,000,000,000,000,000,000,000,000,000,000,000,000,000,033,034,004,000,000,000,019,000,000,000,000,000,000,000,000,000,000,000,000,002,000,000,020,000,000,016,000,000,000,000,000,000,000,000,000,000,000,000,000,000,000,000,000,000,000,000,000,000,000,013,000,000,000,000,000,000,000,000,000,000,000,000,000,000,000,000,000,000,000,000,000,000,000,000,000,000,025,000,000,003,005,000,000,021,000,000,000,000,000,000,000,000,000,000,000,000,000,000,000,000,000,000,000,037,037,000,000,000,000,000,000,000,000,000,000,000,016,000,000,000,000,000,000,011,011,018,007,000,000,000,000,000,000,000,000,000,000,000,000,000,000,000,003,000,000,000,000,023,000,000,000,000,000,027,000,000,000,000,000,000,000,010,010,000,000,000,000,000,000,000,005,000,000,000,009,000,000,000,000,000,000,000,000,000,008,008,000,000,000,000,000,000,000,000,000,000,000,029,036,000,000,000,000,000,000,000,000,000,006,000,012,000,000,000,000,000,000,000,000,000,000,000,000,000,028,028,028,000,000,000,032,017,017,017,000,000,000,000,014,009,000,000,000,000,000,000,000,000,000,000,000,000,000,007,000,026,000,000,
0035: 000,000,020,000,000,000,000,000,000,031,000,000,000,000,000,003,000,000,000,000,000,000,000,000,000,005,000,000,000,000,000,000,000,000,000,000,000,000,000,000,000,000,010,000,000,000,000,000,000,000,000,000,000,000,000,000,000,000,000,000,000,024,000,000,034,000,000,032,000,010,000,035,000,000,000,004,000,000,021,000,000,000,000,000,000,000,000,000,000,000,000,000,000,000,000,000,000,000,000,000,000,000,001,000,038,000,000,000,000,000,000,000,029,000,018,000,000,007,000,000,000,000,008,008,012,000,000,000,000,000,000,000,000,000,000,000,006,013,000,000,036,000,000,000,000,000,000,000,000,000,023,000,000,000,000,000,000,000,000,000,000,000,025,000,000,000,000,000,000,000,000,000,000,015,000,000,000,000,000,000,000,000,000,000,000,000,000,000,000,011,011,007,000,000,000,037,037,000,000,014,005,000,000,000,000,027,000,000,000,002,000,000,000,000,000,000,000,003,000,000,000,000,000,000,000,000,000,000,000,000,000,000,000,000,000,000,011,011,000,000,000,000,000,000,000,000,000,000,000,000,000,000,000,016,000,000,000,022,000,000,000,028,028,028,000,000,000,000,000,000,000,000,000,001,000,000,000,000,000,000,000,000,000,000,000,000,000,000,000,030,000,000,016,000,000,000,000,000,000,000,009,000,000,000,000,000,000,000,033,000,000,006,000,000,000,000,000,000,000,000,000,000,000,000,017,017,017,019,000,000,000,000,000,000,000,000,000,000,000,000,000,000,009,000,000,000,026,000,000,000,000,000,000,000,000,000,000,000,000,000,
0032: 000,000,000,000,000,000,000,000,000,000,000,000,000,000,000,000,000,000,000,000,028,028,028,007,000,000,000,000,000,000,000,000,000,000,000,000,000,000,000,000,000,000,017,017,017,000,000,000,000,000,000,000,000,000,000,000,000,001,000,000,000,022,000,034,000,000,012,000,000,011,011,000,000,000,000,000,000,000,000,000,000,000,000,016,000,002,000,000,001,000,000,000,000,000,000,000,000,000,000,000,000,000,000,025,000,000,021,000,000,000,000,000,000,038,000,000,004,000,000,010,000,000,000,035,000,000,000,016,000,000,000,000,000,000,000,000,000,020,000,000,000,032,000,000,000,000,018,000,000,000,000,000,000,000,000,000,009,000,000,000,000,000,000,000,000,000,000,000,000,000,000,000,000,000,000,000,000,000,000,000,000,000,000,000,000,000,000,019,000,000,000,000,000,006,000,000,011,011,000,000,031,015,000,000,000,030,000,000,000,000,000,003,000,000,000,000,000,000,000,000,000,000,000,000,000,013,000,000,000,000,000,000,000,000,000,000,000,000,026,006,000,005,000,000,000,000,000,000,000,000,000,000,000,000,000,000,000,000,036,000,000,000,000,000,014,000,000,000,000,000,000,000,000,000,000,000,000,000,000,000,000,000,000,029,000,005,024,000,000,000,000,000,000,000,000,008,008,000,003,000,000,000,000,027,010,000,000,000,000,037,037,000,000,000,023,000,000,000,000,000,000,000,000,000,000,000,000,000,000,000,000,000,000,000,000,000,000,009,000,000,000,000,000,000,000,000,000,000,000,000,000,000,000,007,000,033,000,000,000,000,
0030: 000,000,000,000,000,000,000,000,000,000,000,000,000,012,000,000,000,000,000,000,000,000,004,000,000,000,000,000,009,000,000,000,000,000,000,000,005,000,000,000,000,000,000,027,000,000,000,000,000,000,000,000,000,003,000,000,000,000,000,000,011,011,001,000,000,000,000,000,000,000,000,000,000,000,000,000,024,001,034,032,000,037,037,000,000,000,000,000,000,000,000,000,000,000,038,013,000,000,000,019,000,000,000,000,028,028,028,000,000,000,000,000,036,000,000,000,025,000,000,000,000,000,000,005,000,021,000,000,000,000,000,000,000,000,000,000,000,000,000,000,000,030,000,000,000,000,011,011,000,000,000,000,000,000,000,000,000,000,000,029,000,000,000,000,000,000,000,000,015,000,010,000,000,000,000,010,000,000,000,000,017,017,017,000,000,000,000,000,000,000,000,000,000,000,000,000,000,006,000,000,000,000,000,000,000,000,000,000,000,000,000,000,020,000,000,000,000,000,000,000,000,000,000,000,000,000,000,000,000,000,000,000,016,000,000,000,000,000,000,000,003,000,000,000,016,000,000,000,000,008,008,000,000,000,000,000,000,000,000,018,000,000,000,000,000,000,000,000,000,000,000,000,000,000,000,007,000,000,000,000,000,000,035,000,000,000,022,000,000,000,000,000,000,000,023,000,000,000,000,000,000,000,000,000,000,000,000,000,000,000,000,000,000,000,031,000,000,000,000,000,000,000,000,000,000,000,000,000,026,000,000,000,014,000,000,007,009,000,000,000,000,000,000,000,000,000,000,000,000,000,000,033,002,000,000,000,006,000,000,000,
0025: 000,000,000,000,000,000,000,000,000,000,000,000,000,018,000,000,000,000,000,000,000,000,000,000,000,000,000,000,000,000,000,016,003,000,000,000,000,000,000,035,000,000,000,000,008,008,000,021,017,017,017,000,000,000,000,013,000,000,022,036,000,000,000,000,015,000,000,005,000,000,009,000,000,028,028,028,000,000,000,000,000,000,000,000,000,011,011,000,000,000,000,000,000,000,000,000,000,000,000,000,000,000,000,000,000,000,000,000,000,000,000,000,000,000,000,000,000,024,000,000,000,000,000,000,000,000,000,000,000,000,000,000,000,000,000,000,000,000,000,000,000,000,000,000,001,000,000,000,000,014,037,037,000,000,000,000,000,000,000,002,000,000,000,000,000,032,000,026,000,000,000,000,000,000,000,000,000,000,001,000,000,000,000,000,000,029,000,000,000,000,000,000,000,000,000,000,023,000,000,000,000,000,000,000,000,000,000,000,000,000,000,000,000,000,000,006,000,000,027,000,000,000,000,007,000,000,000,000,007,000,000,000,000,025,000,000,000,000,000,000,000,000,000,000,000,000,000,000,000,000,000,000,000,005,000,003,000,000,000,000,000,016,000,000,000,000,004,000,030,000,000,000,000,000,000,000,000,000,000,000,000,000,000,012,000,009,000,010,000,000,000,000,000,006,020,038,000,000,000,000,034,000,000,000,000,000,000,000,000,000,000,000,000,000,010,031,000,033,000,000,000,000,000,000,000,000,000,000,000,000,000,000,000,000,000,000,000,000,000,019,000,000,000,000,000,000,011,011,000,000,000,000,000,000,000,000,000,000,000,000,
0025: 000,000,000,000,000,005,000,000,030,000,000,000,000,000,000,007,000,025,000,000,000,000,000,000,000,000,000,000,000,000,000,000,000,000,000,000,000,000,000,000,000,000,000,000,000,000,000,000,000,018,000,000,000,009,000,000,000,000,000,000,000,038,000,000,000,000,000,000,032,011,011,000,000,000,000,000,000,000,010,000,000,000,000,000,000,000,000,000,000,000,000,000,000,000,020,006,000,000,000,000,000,000,000,016,000,000,000,000,000,000,007,000,000,000,000,000,009,000,000,000,000,000,000,000,000,000,000,000,000,000,000,000,000,026,037,037,035,000,000,023,000,000,000,000,000,000,000,000,000,000,000,000,000,000,024,000,000,003,000,000,016,000,000,000,000,000,000,000,014,008,008,028,028,028,000,000,003,000,000,000,000,001,000,022,000,000,012,033,000,000,000,021,000,000,000,000,000,001,000,000,000,000,000,000,031,000,000,000,000,000,000,000,000,000,000,036,000,000,029,000,000,000,000,000,000,000,000,000,000,000,000,000,015,000,006,000,000,000,000,000,000,000,000,000,000,000,000,000,017,017,017,000,000,000,000,000,000,000,000,000,000,000,000,000,000,000,000,000,000,000,000,000,000,000,000,000,000,000,000,000,000,000,000,000,000,000,000,000,000,000,005,000,000,000,000,000,000,000,000,000,000,000,000,010,000,000,000,013,000,019,000,000,000,000,000,000,000,000,000,000,000,000,000,000,000,000,000,000,004,000,000,002,000,000,000,000,000,000,000,027,034,000,000,000,000,011,011,000,000,000,000,000,000,000,000,000,000,000,000,000,
0024: 000,011,011,000,000,000,000,000,000,000,000,000,000,014,000,000,000,005,000,000,000,000,000,006,000,000,000,000,000,000,000,000,000,000,000,000,000,000,015,000,000,000,000,000,032,000,000,000,000,001,000,000,008,008,000,000,000,000,000,000,000,000,000,000,000,000,000,000,000,020,003,000,000,000,010,000,000,000,038,000,000,000,000,000,000,000,000,000,000,000,000,016,000,000,000,000,000,000,036,000,000,000,000,000,000,000,000,000,005,000,000,000,000,000,024,000,007,000,033,000,000,000,000,029,000,000,000,000,000,000,000,006,000,000,031,023,010,000,000,000,000,000,000,019,000,000,000,000,018,000,000,000,000,009,000,000,000,000,000,000,000,000,000,000,027,000,000,000,000,000,000,000,000,000,000,000,000,000,000,000,025,000,000,000,000,000,000,000,000,000,000,000,000,000,000,000,000,000,000,026,000,000,000,000,000,000,000,000,000,000,000,000,000,000,000,000,000,000,000,000,000,000,000,000,000,000,009,000,000,000,000,000,000,000,000,000,000,003,000,007,000,000,000,000,000,000,000,000,000,000,013,000,000,000,000,000,011,011,037,037,000,028,028,028,000,021,000,000,000,000,000,000,000,000,000,000,000,000,000,000,000,000,000,000,001,000,000,000,000,000,000,000,000,000,000,000,035,000,000,004,000,000,000,000,000,012,022,000,000,000,000,000,016,000,000,000,000,000,002,000,000,000,000,000,000,000,034,030,000,000,000,000,000,000,000,000,000,000,000,000,000,000,000,000,017,017,017,000,000,000,000,000,000,000,000,000,000,000,000,000,
0017: 034,000,000,000,000,026,000,000,000,000,000,000,000,006,000,017,017,017,000,000,000,033,000,000,028,028,028,000,000,000,000,000,000,000,000,007,000,000,000,000,000,000,025,018,000,000,000,000,000,000,000,016,000,000,000,000,020,000,000,000,000,000,000,000,000,000,000,000,000,000,000,000,000,000,000,000,009,000,000,000,000,000,000,000,000,001,000,000,000,000,000,000,000,000,010,000,000,000,000,000,000,000,000,000,000,000,009,000,000,000,006,000,000,000,000,000,000,000,000,000,000,000,000,000,000,035,007,000,000,000,000,000,000,000,000,000,000,000,000,030,000,000,000,000,000,000,000,000,000,000,000,000,000,000,000,000,000,000,000,000,000,000,000,011,011,000,000,000,000,000,000,000,011,011,000,000,000,000,000,000,000,000,000,000,000,000,000,000,000,000,037,037,000,000,021,000,000,000,000,000,000,027,000,000,005,002,000,019,000,000,000,000,016,000,004,000,000,014,000,000,000,000,000,000,000,000,000,000,001,000,000,029,000,000,000,000,000,000,000,000,000,000,000,023,000,000,000,000,000,000,000,000,000,000,000,038,000,000,000,000,012,000,008,008,000,000,000,000,000,000,000,000,000,000,000,015,000,000,005,000,000,000,000,000,000,000,000,000,000,000,000,000,000,000,000,000,000,000,000,000,000,000,003,000,000,000,000,000,013,000,010,000,000,000,000,000,000,000,000,000,000,000,000,000,000,000,000,036,000,000,031,000,000,003,032,000,000,000,000,000,000,022,000,000,000,000,000,000,000,000,000,000,000,024,000,000,000,000,000,000,
0016: 000,000,012,000,000,000,000,000,007,033,000,016,006,000,000,000,000,000,000,000,000,000,000,000,000,000,000,000,000,000,000,000,000,000,000,000,000,000,000,000,010,000,000,000,000,021,000,000,000,000,000,000,000,000,000,027,000,000,000,000,000,000,000,000,000,015,000,000,000,000,026,000,000,002,001,000,000,000,000,000,000,000,000,000,001,000,000,000,008,008,000,000,000,000,000,003,000,000,000,000,022,000,000,000,000,000,000,000,000,000,011,011,000,000,000,000,000,000,000,000,010,000,000,000,000,000,000,000,000,000,000,000,000,000,000,020,000,000,000,000,000,000,000,000,000,000,000,035,000,000,000,000,007,000,000,000,009,000,000,000,000,005,000,000,000,000,000,000,000,005,000,000,000,000,000,000,000,000,016,000,000,000,000,000,000,000,000,000,011,011,000,000,000,024,000,000,000,000,000,000,000,000,000,000,000,000,000,000,000,000,000,000,000,000,030,004,023,000,000,000,000,000,000,000,000,000,000,000,000,000,000,018,000,000,000,000,000,038,013,000,009,000,000,000,000,000,000,000,000,036,000,000,000,000,000,000,000,000,000,000,000,019,000,000,000,000,000,003,000,000,025,000,000,000,006,000,000,000,000,031,000,000,000,000,000,034,000,000,000,000,000,000,000,000,000,017,017,017,000,000,000,000,000,000,000,000,000,000,000,000,000,032,000,014,000,000,000,000,000,000,000,000,000,000,000,000,000,000,000,000,000,037,037,000,000,000,000,000,000,000,000,000,000,000,000,000,000,000,000,000,000,028,028,028,000,000,029,000,000,000,
0016: 000,000,000,028,028,028,000,000,010,000,000,016,030,000,000,000,000,009,000,000,000,000,000,000,034,019,000,000,000,000,000,000,000,000,000,000,000,000,000,000,007,000,000,000,000,000,000,000,000,000,011,011,029,000,000,000,000,000,022,000,000,000,000,000,000,000,000,000,000,000,000,000,000,012,000,000,001,036,000,000,000,000,000,000,000,025,000,000,000,000,000,011,011,000,000,000,000,000,000,015,000,000,037,037,000,000,000,000,000,000,000,000,000,000,000,000,000,000,000,000,000,000,000,000,000,000,000,000,000,000,000,004,000,000,032,000,000,006,000,000,000,000,000,026,006,000,000,000,000,000,003,000,000,000,000,035,000,000,000,000,008,008,000,000,000,000,000,000,000,000,000,000,000,031,000,000,000,000,000,000,000,000,000,000,020,000,000,000,000,000,000,000,000,000,000,000,000,000,000,000,021,000,000,000,000,000,000,000,000,000,000,000,024,038,000,000,000,000,003,000,000,000,023,016,000,000,000,000,000,000,000,000,000,000,000,002,000,000,000,000,000,000,000,000,000,000,000,000,005,000,000,000,000,000,000,017,017,017,000,000,000,000,000,018,000,000,014,000,000,000,000,000,000,000,000,000,000,000,000,000,000,000,007,000,000,001,000,000,000,000,000,000,000,000,000,000,000,000,000,000,027,000,000,010,000,000,013,033,000,000,000,000,000,000,000,000,000,000,000,000,000,000,000,000,000,000,000,000,000,000,000,000,000,000,000,005,000,000,000,000,000,000,000,000,000,000,000,009,000,000,000,000,000,000,000,000,000,000,000,000,
0016: 000,000,000,000,000,000,000,000,000,000,000,000,001,000,000,000,016,000,000,000,000,000,000,000,000,000,006,000,000,000,000,000,000,000,000,000,000,000,027,000,000,000,021,000,000,000,000,000,000,000,000,000,000,001,000,000,000,000,033,000,000,000,000,000,000,025,000,000,005,000,000,000,000,028,028,028,000,000,000,000,000,000,000,000,000,000,000,000,000,000,000,000,000,000,000,000,000,000,000,000,000,000,000,000,017,017,017,000,000,014,000,000,002,000,000,000,000,000,000,000,000,000,026,000,011,011,000,000,000,000,000,000,024,000,000,000,000,000,000,035,000,000,000,000,000,000,000,000,000,000,005,000,000,000,000,000,000,000,000,000,000,000,000,000,000,000,000,000,000,000,000,000,004,000,000,000,000,000,000,000,036,000,000,011,011,007,000,000,000,000,016,000,000,008,008,003,023,003,000,000,000,000,000,000,000,000,000,000,013,000,000,000,000,000,018,000,000,000,009,000,000,000,000,000,000,022,000,000,000,000,009,000,000,000,000,000,000,000,000,000,000,000,000,034,000,000,000,000,000,000,000,000,000,000,000,000,015,000,000,000,000,020,000,000,000,000,000,000,000,030,000,000,012,000,000,000,000,000,010,000,000,000,037,037,000,000,000,000,000,000,000,000,000,000,000,038,000,029,000,000,007,000,000,000,000,010,000,000,000,000,000,000,000,000,000,000,000,000,000,000,000,000,006,000,000,000,000,000,000,000,000,000,000,000,000,000,000,000,000,031,000,000,000,000,019,000,000,032,000,000,000,000,000,000,000,000,000,000,000,000,
0013: 000,000,000,000,000,000,000,000,000,000,000,000,000,000,000,029,000,000,000,000,000,000,000,000,000,000,000,000,000,000,000,000,000,033,000,000,000,000,000,000,020,000,000,000,000,001,000,000,000,000,032,000,000,000,000,009,000,000,000,027,000,000,000,010,000,000,000,000,000,000,000,000,000,000,000,000,000,000,000,009,000,000,000,000,000,000,000,017,017,017,000,000,000,000,000,005,000,000,000,000,000,000,000,000,000,000,000,000,000,007,000,024,000,000,000,000,000,018,000,000,000,004,000,008,008,000,000,000,000,000,038,000,000,000,000,000,006,000,000,000,000,000,000,000,000,000,000,000,000,000,000,000,000,000,003,000,000,000,000,000,000,001,000,000,030,000,000,000,000,000,000,016,000,000,000,000,000,000,000,000,000,013,000,000,000,000,000,036,000,000,000,000,000,000,000,000,000,000,000,000,000,000,000,000,000,000,000,000,000,000,000,000,000,000,000,000,000,000,000,000,000,000,000,000,010,000,026,002,000,000,000,000,000,000,000,007,000,000,000,000,000,000,000,037,037,000,000,000,000,000,000,000,000,000,000,000,003,000,000,000,005,000,000,000,000,000,000,000,000,000,000,000,034,000,000,000,000,000,023,021,000,035,000,000,000,000,000,000,011,011,000,000,000,000,000,000,000,000,000,000,000,000,000,000,000,000,031,019,000,000,000,000,000,000,000,000,000,025,000,000,000,000,012,000,000,000,000,000,000,000,000,000,006,022,000,000,028,028,028,000,016,000,015,000,014,000,000,000,000,000,000,011,011,000,000,000,000,000,000,000,
0013: 007,000,000,000,000,000,000,000,000,000,000,000,000,000,000,000,000,000,000,000,000,000,000,000,000,000,000,036,000,000,000,000,001,000,000,000,015,005,000,000,000,002,000,000,011,011,000,000,000,000,000,000,001,000,000,009,000,035,000,000,000,000,000,000,000,000,000,000,000,000,000,000,000,000,000,000,000,000,000,000,000,000,022,034,000,007,000,000,000,000,010,000,000,000,000,000,000,028,028,028,000,012,000,000,000,000,000,000,000,000,000,000,000,026,000,000,000,000,000,000,000,000,000,000,000,000,000,000,000,000,000,000,000,000,000,027,033,000,000,000,000,000,000,000,000,000,000,000,000,010,000,000,006,000,000,000,000,000,030,000,000,000,000,000,000,000,000,000,000,000,000,000,000,000,000,000,000,024,011,011,000,000,000,000,023,000,000,000,000,000,000,000,000,000,013,000,000,016,000,000,021,000,000,000,000,037,037,000,000,000,000,000,000,000,000,000,000,000,000,000,000,000,000,000,000,000,020,000,000,000,000,003,000,018,000,029,000,000,000,000,000,000,000,000,006,000,000,000,008,008,000,032,000,000,000,000,000,000,000,000,000,000,000,000,003,000,000,000,000,000,000,000,000,000,000,016,000,000,000,000,000,014,000,000,000,000,000,000,000,019,000,000,000,000,000,000,000,000,025,000,000,000,000,000,000,000,000,000,000,000,000,000,004,000,000,000,038,000,000,000,000,000,000,000,000,005,000,000,000,000,009,000,000,000,000,000,000,000,000,000,000,000,000,000,000,000,000,000,000,000,000,000,000,000,000,031,017,017,017,000,
0012: 000,000,000,000,000,000,000,000,000,000,000,000,000,001,000,000,000,000,000,000,000,025,000,000,000,000,000,000,000,024,000,020,000,015,000,007,038,010,000,000,000,000,000,003,000,000,000,000,000,000,012,009,000,000,000,000,011,011,004,000,000,000,000,000,000,000,000,000,000,000,000,019,000,000,026,000,000,000,000,000,000,000,011,011,000,000,000,000,037,037,000,000,000,000,000,000,000,031,000,000,000,000,000,000,000,000,000,000,000,000,016,016,000,000,000,000,000,000,000,022,000,000,017,017,017,000,010,000,008,008,000,000,000,028,028,028,000,000,000,000,000,000,000,000,000,000,000,000,000,000,000,000,000,000,000,000,000,000,000,000,033,000,000,006,000,000,000,000,000,000,000,000,000,000,000,000,000,000,000,000,000,000,000,000,000,000,000,000,000,000,000,000,000,000,000,000,000,000,000,000,000,000,000,001,000,000,000,000,000,000,000,000,009,000,000,000,000,000,000,000,000,000,003,000,000,000,000,000,000,000,029,000,000,000,000,000,000,000,000,000,000,000,000,000,000,000,000,000,000,000,000,023,000,000,030,000,000,006,002,000,000,000,000,000,000,000,000,000,000,000,000,000,000,000,000,000,000,000,032,000,005,000,000,000,000,000,000,014,000,000,000,000,021,000,000,018,000,000,000,000,000,000,007,000,034,000,000,000,000,000,000,000,000,000,000,005,000,000,000,000,000,000,000,000,000,000,000,000,036,000,000,000,000,000,000,000,000,000,035,000,000,000,000,000,000,000,000,000,000,000,000,027,000,000,000,000,013,000,000,000,
0008: 000,000,000,000,000,000,000,000,000,000,000,021,000,000,030,000,000,000,000,000,000,017,017,017,000,000,000,000,000,000,000,000,000,000,006,000,000,000,037,037,031,000,000,000,000,000,000,001,000,000,000,000,000,000,000,000,000,000,033,000,000,000,000,000,000,000,000,000,000,006,000,000,000,000,000,000,000,000,000,000,000,000,000,000,000,022,000,000,012,000,000,000,000,000,000,000,000,000,000,000,000,000,000,013,000,000,000,000,000,000,000,000,014,000,000,000,000,000,023,000,000,016,000,000,000,000,000,034,029,000,000,000,000,000,000,000,000,000,000,000,000,000,018,000,000,000,000,000,000,000,000,000,002,000,000,000,038,000,000,000,000,036,000,000,020,000,000,000,000,000,028,028,028,000,000,035,007,000,000,000,000,000,000,009,000,000,000,000,000,000,000,000,000,000,000,000,000,000,000,000,000,004,000,000,000,000,000,000,000,000,000,000,000,000,000,000,000,000,000,001,000,000,000,000,000,000,000,000,005,019,000,000,000,000,000,000,000,000,003,000,000,000,000,000,000,000,000,000,000,000,000,000,000,000,000,000,000,000,000,000,000,000,032,000,000,000,000,000,000,000,000,000,027,024,000,000,000,000,000,016,009,000,000,000,000,000,011,011,000,010,000,000,000,000,000,003,000,000,000,000,000,000,000,000,010,000,000,000,000,000,000,026,000,000,000,000,000,000,000,025,011,011,000,007,000,000,000,000,000,000,000,000,000,015,000,000,000,000,000,000,000,000,008,008,000,000,000,000,000,000,005,000,000,000,000,000,000,000,000,000,
0007: 000,000,000,000,000,000,000,000,000,000,000,000,000,000,000,000,016,000,000,000,000,000,000,000,000,000,000,000,000,000,000,000,000,000,032,001,000,000,005,000,000,000,011,011,000,000,000,000,000,000,000,000,000,000,000,000,000,014,000,000,000,027,008,008,000,000,016,028,028,028,000,010,000,011,011,000,000,000,000,000,003,000,038,000,000,000,000,006,025,000,000,000,000,000,000,000,000,000,000,000,000,000,000,020,000,000,001,000,000,000,000,000,000,000,000,000,000,000,000,000,000,000,007,000,000,000,023,009,000,000,000,000,000,000,000,000,000,000,000,013,000,035,000,000,000,000,004,000,000,002,000,000,000,000,000,031,000,026,000,000,033,000,000,000,000,024,000,000,000,000,000,007,000,029,000,000,000,000,000,000,000,000,000,000,000,000,000,000,000,000,000,000,000,000,000,018,000,000,000,000,000,000,000,012,000,000,000,000,000,000,030,000,000,000,000,000,000,000,000,000,000,000,000,000,000,000,000,000,000,000,000,000,000,000,000,000,000,000,000,000,000,000,000,000,022,000,000,000,034,000,000,000,000,000,000,000,021,000,000,000,000,000,000,000,000,000,000,000,010,006,000,000,000,000,000,000,000,000,000,017,017,017,000,000,000,000,000,000,000,000,000,000,000,000,015,000,000,009,019,000,000,000,000,000,000,000,000,000,000,000,000,000,000,000,000,000,000,000,000,000,000,003,000,000,000,000,005,000,000,000,000,000,000,000,000,000,000,000,000,000,000,000,000,000,000,000,000,036,000,000,037,037,000,000,000,000,000,000,000,000,
0006: 000,000,000,000,035,000,000,000,000,000,000,016,000,000,000,000,000,000,006,026,000,000,009,000,000,000,000,000,000,029,000,000,000,000,000,000,000,000,001,000,000,000,000,017,017,017,000,000,037,037,000,000,000,000,000,000,000,000,000,000,000,000,000,000,000,000,000,033,000,013,000,000,000,000,000,000,000,000,000,000,000,000,000,000,023,000,000,000,000,000,000,000,000,000,024,000,000,000,000,000,000,000,000,000,016,000,000,012,020,000,000,000,000,000,000,000,000,000,000,000,000,000,000,000,000,000,000,000,000,002,000,000,000,000,000,000,000,000,000,000,000,000,032,000,000,000,000,000,025,000,000,000,000,000,000,000,000,000,000,000,000,000,000,003,000,000,000,000,000,000,000,000,000,000,000,000,000,006,005,000,000,000,011,011,000,010,000,000,000,000,000,000,000,000,000,000,000,000,000,004,000,000,000,000,000,000,000,000,027,000,000,000,000,031,000,009,000,000,007,000,000,036,000,000,000,000,000,030,000,000,000,000,000,000,000,000,000,000,038,000,000,000,028,028,028,000,000,000,000,000,000,000,000,000,000,000,000,018,000,015,000,000,000,000,000,000,034,000,000,000,000,000,007,000,000,000,000,000,010,000,000,000,000,000,008,008,000,000,000,005,000,000,000,000,000,000,000,001,000,003,000,000,000,000,000,022,000,000,000,019,000,000,000,000,000,000,000,000,000,000,000,000,000,000,000,000,000,000,000,000,000,000,000,000,021,000,000,011,011,000,000,000,000,000,000,000,014,000,000,000,000,000,000,000,000,000,000,000,000,000,
0006: 000,000,016,000,005,000,000,000,000,000,000,030,000,000,000,000,019,000,000,000,000,024,000,000,000,000,009,000,000,000,000,000,007,000,000,016,000,000,000,000,000,000,000,000,000,000,000,015,032,000,000,000,000,000,000,000,000,000,000,000,000,000,000,000,000,000,000,038,012,000,018,000,009,000,000,003,000,000,000,000,001,000,000,000,000,000,000,000,004,000,000,000,000,000,000,007,000,034,000,000,000,000,000,000,000,000,000,000,000,000,013,000,000,000,000,000,000,000,000,000,000,000,000,000,000,000,000,000,000,011,011,000,000,029,000,000,000,000,000,000,000,036,000,010,000,000,000,000,000,000,000,000,000,000,000,000,000,000,000,000,000,000,000,017,017,017,000,000,000,026,000,000,000,000,000,000,000,000,000,000,000,000,000,000,000,000,001,000,000,005,037,037,000,000,000,000,000,000,000,000,000,000,000,021,000,000,000,000,000,006,000,000,000,000,000,000,000,000,010,000,000,000,000,000,000,008,008,031,000,000,000,000,000,022,000,000,000,000,000,000,000,000,000,000,000,000,000,000,020,000,000,000,000,000,000,000,000,000,000,000,000,000,000,000,000,000,000,011,011,000,000,000,000,000,000,000,000,006,000,000,000,000,025,000,000,002,033,000,000,000,000,000,000,027,000,000,000,014,000,000,000,000,000,000,000,000,023,000,000,000,000,000,000,003,000,000,000,000,000,000,000,000,000,000,000,000,000,000,000,000,000,000,000,000,000,000,000,000,000,000,000,000,000,000,000,000,000,035,000,000,000,000,000,000,028,028,028,000,000,000,
0005: 000,015,000,000,000,000,000,007,000,000,000,000,000,000,000,000,000,000,000,000,013,000,034,000,000,000,000,007,000,000,000,000,000,000,000,000,000,035,000,000,000,000,000,000,000,000,000,020,000,000,000,000,000,000,000,000,010,009,000,000,000,000,000,000,000,000,000,000,000,000,000,000,000,000,000,029,000,000,000,000,000,000,000,000,000,000,000,000,000,000,000,000,000,000,000,033,000,000,000,000,000,000,000,000,000,000,016,000,000,000,000,000,000,000,000,000,037,037,000,000,000,000,000,000,000,000,000,000,000,000,000,000,032,000,000,005,000,000,003,000,000,000,000,000,000,000,000,000,036,000,000,000,000,022,000,000,000,000,000,004,038,000,000,000,000,000,000,000,000,000,000,016,000,000,000,000,019,000,000,000,010,000,000,000,000,000,002,000,000,000,000,000,000,000,000,000,000,000,000,000,000,011,011,000,000,000,008,008,000,000,000,000,000,000,000,000,000,000,000,000,001,000,005,000,000,000,000,000,025,000,014,000,000,001,000,000,000,000,000,000,000,000,000,006,000,024,000,000,000,000,000,000,000,000,000,000,000,000,012,000,000,000,000,000,000,000,000,000,000,000,000,000,000,000,000,000,000,000,000,000,026,018,000,000,000,017,017,017,000,000,000,000,006,000,003,000,000,000,000,000,000,000,030,000,000,000,000,000,000,000,011,011,000,000,000,031,000,000,000,000,023,000,000,000,000,000,000,000,000,000,000,000,000,028,028,028,000,000,000,000,000,000,000,000,021,000,000,000,000,000,000,000,000,000,009,000,000,000,027,000,
0003: 029,000,000,000,000,000,000,000,000,000,000,000,032,000,000,000,000,000,000,022,000,000,000,000,000,000,000,006,000,000,000,011,011,018,000,000,000,000,000,000,000,000,000,000,000,000,003,000,000,000,000,000,037,037,000,000,000,000,000,000,001,038,004,000,000,015,000,000,000,003,000,000,000,000,000,000,000,000,000,000,000,000,000,006,000,000,000,000,009,000,028,028,028,000,000,000,000,000,000,001,000,000,005,000,020,000,000,000,000,000,000,000,000,000,000,012,000,000,024,025,000,000,000,000,019,000,000,000,000,007,000,000,000,000,007,016,000,000,000,000,000,000,000,031,000,000,034,000,035,000,000,000,000,000,000,000,000,000,000,000,000,000,000,000,000,000,011,011,000,000,000,000,000,000,000,000,013,000,000,000,000,000,000,000,000,000,000,000,017,017,017,000,000,000,000,000,000,000,000,000,000,000,000,000,000,002,000,000,000,000,000,000,000,000,008,008,000,000,000,021,000,000,000,000,000,000,000,000,000,000,000,016,000,000,000,000,000,000,000,000,000,000,000,000,000,000,000,010,000,000,000,000,000,009,000,000,000,000,000,000,000,000,000,000,000,000,000,014,000,000,000,000,000,000,005,000,000,000,000,000,000,026,000,000,000,027,000,000,000,000,000,000,000,000,000,000,000,036,000,000,000,000,000,000,000,000,000,000,000,000,000,000,000,000,000,000,000,000,000,000,000,010,033,000,000,000,000,000,000,000,000,000,000,000,000,000,000,000,000,023,000,000,000,000,000,000,030,000,000,000,000,000,000,000,000,000,000,000,000,000,
-0003: 000,000,029,000,037,037,000,000,000,000,011,011,000,000,000,000,000,003,000,000,000,000,000,000,000,000,000,000,000,000,000,000,000,000,000,000,000,000,000,000,000,000,000,009,000,000,000,000,000,000,000,000,000,012,000,000,026,000,000,000,022,028,028,028,000,000,000,000,000,007,000,000,000,000,000,000,023,000,005,000,000,000,000,000,000,000,000,000,000,000,000,000,000,000,000,000,000,000,000,000,000,032,000,000,000,000,000,014,000,000,033,000,000,000,007,000,008,008,016,000,000,000,000,000,000,000,000,000,000,000,000,000,000,000,000,000,000,000,000,000,000,000,000,000,000,000,000,000,002,000,024,000,000,000,013,000,000,000,000,000,000,000,000,000,000,000,000,000,000,000,021,000,000,000,000,000,000,000,000,000,000,000,000,000,034,000,000,000,000,000,001,000,000,000,000,000,000,000,000,000,000,000,000,000,000,000,000,000,000,020,000,000,000,000,000,000,015,000,000,000,019,000,000,000,000,000,000,003,000,000,000,000,000,000,000,000,000,006,010,035,000,017,017,017,001,000,000,000,009,000,000,000,000,000,000,031,000,000,030,000,000,000,027,000,000,000,000,000,000,000,000,000,000,016,000,000,018,000,000,000,000,000,000,000,000,000,000,000,000,000,000,000,038,000,000,000,000,025,000,000,000,000,000,000,000,005,000,000,000,000,000,000,000,000,000,000,000,000,000,000,000,000,000,000,000,000,000,000,000,000,000,000,004,000,000,000,000,000,000,000,000,000,000,000,006,000,010,000,036,000,011,011,000,000,000,000,000,000,000,000,
-0005: 000,000,000,000,003,019,000,000,000,000,000,000,000,029,000,000,000,000,000,000,000,000,009,000,000,037,037,011,011,000,000,000,000,000,000,000,000,000,000,000,000,000,000,000,000,000,000,014,036,000,000,000,000,004,000,000,000,000,000,000,000,000,001,000,000,013,000,000,000,000,000,000,000,000,000,000,000,000,000,000,000,000,000,000,000,000,000,000,000,000,000,000,000,000,000,000,000,000,000,000,000,000,000,000,000,000,000,000,000,000,000,000,000,000,002,000,000,000,000,000,000,000,000,000,033,000,000,000,000,000,000,000,000,000,000,000,000,016,000,000,000,000,000,000,035,005,000,000,000,000,000,000,000,000,000,000,007,000,022,000,000,031,000,000,000,000,000,000,000,006,000,000,000,000,000,000,000,000,000,000,000,011,011,000,000,000,000,000,000,000,000,000,000,000,017,017,017,000,000,000,000,000,000,000,000,015,007,000,025,000,000,000,000,000,000,021,000,000,000,020,000,023,000,000,000,000,000,000,000,000,000,000,024,026,000,000,000,000,000,000,000,000,016,000,006,000,000,000,003,000,000,000,000,000,000,000,000,000,000,000,027,000,000,000,000,000,008,008,000,000,000,000,000,000,010,000,000,000,000,000,000,000,000,000,000,028,028,028,005,000,000,000,000,000,000,000,000,000,000,000,000,000,000,000,000,000,000,000,000,000,000,000,000,000,000,000,000,010,000,000,000,000,000,009,000,000,012,000,038,000,000,000,000,000,000,000,000,000,001,030,000,000,000,000,018,000,032,000,000,000,000,000,000,000,000,000,000,000,034,000,
-0007: 000,000,000,000,000,000,000,000,005,000,000,000,006,000,000,024,000,000,000,028,028,028,000,000,000,017,017,017,000,000,031,000,000,011,011,000,000,000,000,000,035,002,033,000,012,000,000,000,000,000,000,000,000,000,000,000,000,000,000,032,000,000,000,000,000,029,000,027,000,000,000,000,014,016,000,000,000,000,000,000,000,000,000,016,000,000,000,000,023,000,000,000,000,000,000,030,000,000,000,000,000,000,000,000,000,000,000,000,000,000,000,000,000,000,000,000,000,037,037,007,000,026,000,000,000,025,000,000,000,000,000,000,000,000,000,003,000,000,000,000,000,001,000,000,000,000,000,000,000,000,000,000,007,022,000,000,000,000,000,000,000,000,000,000,000,000,000,000,000,000,000,006,000,000,009,000,000,000,000,000,000,000,000,000,000,000,000,000,000,000,000,000,000,000,000,000,000,000,000,000,000,000,018,000,000,000,000,000,000,000,000,000,000,000,021,000,038,004,000,000,000,013,000,000,010,000,000,000,000,000,000,000,000,000,000,036,000,000,000,000,000,000,000,011,011,000,000,000,000,000,000,003,000,000,000,000,000,000,000,000,000,000,015,000,000,000,000,000,000,000,000,000,000,000,000,010,000,000,000,000,000,001,000,000,000,000,008,008,000,000,019,000,020,000,000,000,000,000,000,000,005,000,000,000,000,000,000,000,000,000,000,000,000,000,000,000,000,000,000,000,000,000,000,000,000,000,000,000,000,000,000,000,000,000,000,000,000,000,000,000,000,000,000,000,000,000,000,000,000,000,000,000,000,034,000,000,000,000,009,000,
-0012: 000,000,000,009,000,038,000,000,000,000,000,000,000,000,000,000,015,000,000,030,001,000,000,000,000,000,000,000,000,000,000,000,000,000,000,000,000,018,000,005,000,000,000,000,000,000,000,016,000,000,000,000,000,000,000,007,000,000,022,006,000,000,000,000,000,000,000,000,021,000,000,000,000,000,032,000,000,000,000,000,000,000,000,000,000,000,000,000,000,000,000,000,024,000,000,000,000,000,000,000,000,000,000,000,000,000,000,000,005,000,000,000,000,000,000,000,017,017,017,003,000,000,000,000,000,000,000,000,000,000,000,000,000,000,000,000,000,000,000,000,000,000,000,020,000,009,000,000,000,000,000,000,000,000,000,000,000,000,000,008,008,013,000,028,028,028,029,000,000,000,007,000,000,000,000,006,000,034,000,000,000,000,000,000,000,000,014,000,000,000,000,000,000,000,000,000,001,000,000,000,000,000,000,000,000,000,000,000,037,037,000,000,000,000,000,033,010,000,010,000,000,000,000,000,000,000,000,000,000,000,000,000,000,000,000,000,000,016,000,000,000,000,000,000,002,000,000,000,000,000,035,000,000,000,000,000,000,000,000,000,000,000,000,000,000,000,000,000,000,019,000,000,000,000,000,000,000,000,000,000,026,000,000,000,000,031,000,000,027,000,000,036,000,000,000,000,000,000,000,000,000,000,000,000,000,000,000,000,000,000,011,011,000,000,000,000,000,003,000,000,000,000,025,000,000,000,000,000,000,000,000,000,000,000,000,000,000,000,023,000,000,000,000,000,000,000,000,000,000,000,000,011,011,000,000,012,004,000,000,000,
-0017: 000,000,000,000,011,011,000,000,000,000,000,000,000,000,000,000,000,000,000,000,000,000,000,000,000,000,000,000,000,000,000,000,000,000,000,000,000,000,000,000,000,000,000,000,024,032,030,000,000,038,000,028,028,028,003,000,000,000,000,026,000,000,000,000,000,000,000,000,000,000,000,000,000,000,000,000,000,000,000,000,000,009,000,000,000,000,000,000,019,031,000,000,000,005,000,000,000,000,007,000,000,000,000,000,000,000,000,033,000,003,000,000,000,000,000,000,029,000,000,000,000,000,000,000,000,000,000,000,000,000,000,000,000,036,000,000,000,000,000,000,034,000,000,000,000,000,000,000,037,037,000,000,000,000,000,000,000,000,000,000,000,000,000,000,000,000,000,009,000,000,000,000,000,000,000,000,000,025,000,000,000,000,000,000,000,000,000,000,000,000,000,000,001,000,000,000,000,000,000,000,000,000,000,000,000,016,020,000,000,000,000,000,000,000,000,023,006,027,000,000,000,021,000,000,000,000,000,000,000,000,000,010,000,000,000,000,007,000,000,000,000,000,035,000,000,000,000,000,000,000,000,000,000,000,000,000,000,000,000,000,000,000,022,006,000,000,000,000,000,012,000,000,000,000,000,000,000,000,000,000,000,002,000,000,000,000,000,000,000,000,000,000,016,018,001,000,000,000,011,011,000,000,000,000,000,015,000,000,000,000,000,014,000,000,000,000,000,013,000,000,000,000,000,000,000,000,000,000,000,000,010,000,000,000,000,000,008,008,005,000,000,000,000,000,000,000,004,000,000,017,017,017,000,000,000,000,000,000,000,000,
</DebugTrace>
      </Output>
    </UnitTestResult>
  </Results>
</TestRun>