<?xml version="1.0" encoding="UTF-8"?>
<TestRun id="9835674c-af92-4991-b1ad-52f8f4790899" name="FloLap@FLOLAP-PC 2011-11-16 13:45:06" runUser="FloLap-PC\FloLap" xmlns="http://microsoft.com/schemas/VisualStudio/TeamTest/2010">
  <TestSettings name="Lokal" id="6ed96bb3-d821-4eee-a79d-3a3069da9890">
    <Description>Dies sind die standardmäßigen Testeinstellungen für einen lokalen Testlauf.</Description>
    <Deployment enabled="false" runDeploymentRoot="FloLap_FLOLAP-PC 2011-11-16 13_45_06">
      <DeploymentItem filename="E:\HsKA\Semester2\Projektarbeit\Stundenplangenerator\TimetablePlanner\TimetablePlanner\bin\Debug\TimetablePlanner.dll" />
    </Deployment>
    <Execution>
      <TestTypeSpecific />
      <AgentRule name="Execution Agents">
      </AgentRule>
    </Execution>
  </TestSettings>
  <Times creation="2011-11-16T13:45:06.2976840+01:00" queuing="2011-11-16T13:45:07.5924863+01:00" start="2011-11-16T13:45:07.6860865+01:00" finish="2011-11-16T13:45:19.0741065+01:00" />
  <ResultSummary outcome="Completed">
    <Counters total="2" executed="2" passed="2" error="0" failed="0" timeout="0" aborted="0" inconclusive="0" passedButRunAborted="0" notRunnable="0" notExecuted="0" disconnected="0" warning="0" completed="0" inProgress="0" pending="0" />
  </ResultSummary>
  <TestDefinitions>
    <UnitTest name="TimetableGenerationTest" storage="e:\hska\semester2\projektarbeit\stundenplangenerator\timetableplanner\timetableplannertests\bin\debug\timetableplannertests.dll" id="4689e2d1-87f2-8844-ae95-39072767341d">
      <Execution id="54c17454-9611-4c09-8dbf-fa9fa3fb5b49" />
      <TestMethod codeBase="E:/HsKA/Semester2/Projektarbeit/Stundenplangenerator/TimetablePlanner/TimetablePlannerTests/bin/Debug/TimetablePlannerTests.DLL" adapterTypeName="Microsoft.VisualStudio.TestTools.TestTypes.Unit.UnitTestAdapter, Microsoft.VisualStudio.QualityTools.Tips.UnitTest.Adapter, Version=10.0.0.0, Culture=neutral, PublicKeyToken=b03f5f7f11d50a3a" className="TimetablePlannerTests.TimetableTest, TimetablePlannerTests, Version=1.0.0.0, Culture=neutral, PublicKeyToken=null" name="TimetableGenerationTest" />
    </UnitTest>
    <UnitTest name="TimetableInputExportTest" storage="e:\hska\semester2\projektarbeit\stundenplangenerator\timetableplanner\timetableplannertests\bin\debug\timetableplannertests.dll" id="643aee53-482b-7ddc-6eba-83a04b5cba46">
      <Execution id="a57ba472-3835-4243-8d93-9a65536810bf" />
      <TestMethod codeBase="E:/HsKA/Semester2/Projektarbeit/Stundenplangenerator/TimetablePlanner/TimetablePlannerTests/bin/Debug/TimetablePlannerTests.DLL" adapterTypeName="Microsoft.VisualStudio.TestTools.TestTypes.Unit.UnitTestAdapter, Microsoft.VisualStudio.QualityTools.Tips.UnitTest.Adapter, Version=10.0.0.0, Culture=neutral, PublicKeyToken=b03f5f7f11d50a3a" className="TimetablePlannerTests.TimetableTest, TimetablePlannerTests, Version=1.0.0.0, Culture=neutral, PublicKeyToken=null" name="TimetableInputExportTest" />
    </UnitTest>
  </TestDefinitions>
  <TestLists>
    <TestList name="Nicht in einer Liste enthaltene Ergebnisse" id="8c84fa94-04c1-424b-9868-57a2d4851a1d" />
    <TestList name="Alle geladenen Ergebnisse" id="19431567-8539-422a-85d7-44ee4e166bda" />
  </TestLists>
  <TestEntries>
    <TestEntry testId="4689e2d1-87f2-8844-ae95-39072767341d" executionId="54c17454-9611-4c09-8dbf-fa9fa3fb5b49" testListId="8c84fa94-04c1-424b-9868-57a2d4851a1d" />
    <TestEntry testId="643aee53-482b-7ddc-6eba-83a04b5cba46" executionId="a57ba472-3835-4243-8d93-9a65536810bf" testListId="8c84fa94-04c1-424b-9868-57a2d4851a1d" />
  </TestEntries>
  <Results>
    <UnitTestResult executionId="54c17454-9611-4c09-8dbf-fa9fa3fb5b49" testId="4689e2d1-87f2-8844-ae95-39072767341d" testName="TimetableGenerationTest" computerName="FLOLAP-PC" duration="00:00:09.9539604" startTime="2011-11-16T13:45:07.7484866+01:00" endTime="2011-11-16T13:45:18.9025062+01:00" testType="13cdc9d9-ddb5-4fa4-a97d-d965ccfc6d4b" outcome="Passed" testListId="8c84fa94-04c1-424b-9868-57a2d4851a1d" relativeResultsDirectory="54c17454-9611-4c09-8dbf-fa9fa3fb5b49">
      <Output>
        <DebugTrace>Individual 2 created.
Individual 0 created.
Individual 1 created.
Individual 3 created.
Individual 4 created.
Individual 8 created.
Individual 5 created.
Individual 7 created.
Individual 16 created.
Individual 14 created.
Individual 6 created.
Individual 13 created.
Individual 17 created.
Individual 18 created.
Individual 12 created.
Individual 19 created.
Individual 22 created.
Individual 21 created.
Individual 9 created.
Individual 23 created.
Individual 10 created.
Individual 15 created.
Individual 20 created.
Individual 11 created.
Individual 24 created.
Population created after 0,9984018 seconds.
Generation 0 finished with best fitness of 3795.
Generation 1 finished with best fitness of 3840.
Generation 2 finished with best fitness of 3840.
Generation 3 finished with best fitness of 3840.
Generation 4 finished with best fitness of 3840.
Generation 5 finished with best fitness of 3885.
Generation 6 finished with best fitness of 4035.
Generation 7 finished with best fitness of 4095.
Generation 8 finished with best fitness of 4290.
Generation 9 finished with best fitness of 4380.
Generation 10 finished with best fitness of 4380.
Generation 11 finished with best fitness of 4380.
Generation 12 finished with best fitness of 4390.
Generation 13 finished with best fitness of 4485.
Generation 14 finished with best fitness of 4485.
Generation 15 finished with best fitness of 4605.
Generation 16 finished with best fitness of 4735.
Generation 17 finished with best fitness of 4735.
Generation 18 finished with best fitness of 4845.
Generation 19 finished with best fitness of 4875.
Generation 20 finished with best fitness of 4905.
Generation 21 finished with best fitness of 4905.
Generation 22 finished with best fitness of 4935.
Generation 23 finished with best fitness of 4950.
Generation 24 finished with best fitness of 5035.
Generation 25 finished with best fitness of 5045.
Generation 26 finished with best fitness of 5070.
Generation 27 finished with best fitness of 5110.
Generation 28 finished with best fitness of 5235.
Generation 29 finished with best fitness of 5235.
Generation 30 finished with best fitness of 5235.
Generation 31 finished with best fitness of 5265.
Generation 32 finished with best fitness of 5310.
Generation 33 finished with best fitness of 5420.
Generation 34 finished with best fitness of 5490.
Generation 35 finished with best fitness of 5600.
Generation 36 finished with best fitness of 5650.
Generation 37 finished with best fitness of 5710.
Generation 38 finished with best fitness of 5710.
Generation 39 finished with best fitness of 5710.
Generation 40 finished with best fitness of 5710.
Generation 41 finished with best fitness of 5710.
Generation 42 finished with best fitness of 5710.
Generation 43 finished with best fitness of 5720.
Generation 44 finished with best fitness of 5810.
Generation 45 finished with best fitness of 5945.
Generation 46 finished with best fitness of 6050.
Generation 47 finished with best fitness of 6110.
Generation 48 finished with best fitness of 6120.
Generation 49 finished with best fitness of 6130.
Generation 50 finished with best fitness of 6130.
Generation 51 finished with best fitness of 6190.
Generation 52 finished with best fitness of 6205.
Generation 53 finished with best fitness of 6265.
Generation 54 finished with best fitness of 6285.
Generation 55 finished with best fitness of 6285.
Generation 56 finished with best fitness of 6320.
Generation 57 finished with best fitness of 6320.
Generation 58 finished with best fitness of 6360.
Generation 59 finished with best fitness of 6380.
Generation 60 finished with best fitness of 6380.
Generation 61 finished with best fitness of 6505.
Generation 62 finished with best fitness of 6505.
Generation 63 finished with best fitness of 6515.
Generation 64 finished with best fitness of 6515.
Generation 65 finished with best fitness of 6560.
Generation 66 finished with best fitness of 6635.
Generation 67 finished with best fitness of 6635.
Generation 68 finished with best fitness of 6665.
Generation 69 finished with best fitness of 6665.
Generation 70 finished with best fitness of 6690.
Generation 71 finished with best fitness of 6690.
Generation 72 finished with best fitness of 6740.
Generation 73 finished with best fitness of 6740.
Generation 74 finished with best fitness of 6740.
Generation 75 finished with best fitness of 6845.
Generation 76 finished with best fitness of 6845.
Generation 77 finished with best fitness of 6845.
Generation 78 finished with best fitness of 6865.
Generation 79 finished with best fitness of 6865.
Generation 80 finished with best fitness of 6865.
Generation 81 finished with best fitness of 6910.
Generation 82 finished with best fitness of 6910.
Generation 83 finished with best fitness of 6975.
Generation 84 finished with best fitness of 6975.
Generation 85 finished with best fitness of 6975.
Generation 86 finished with best fitness of 6975.
Generation 87 finished with best fitness of 6980.
Generation 88 finished with best fitness of 6980.
Generation 89 finished with best fitness of 6980.
Generation 90 finished with best fitness of 7095.
Generation 91 finished with best fitness of 7095.
Generation 92 finished with best fitness of 7180.
Generation 93 finished with best fitness of 7180.
Generation 94 finished with best fitness of 7180.
Generation 95 finished with best fitness of 7180.
Generation 96 finished with best fitness of 7215.
Generation 97 finished with best fitness of 7215.
Generation 98 finished with best fitness of 7215.
Generation 99 finished with best fitness of 7215.
Generation 100 finished with best fitness of 7285.
Generation 101 finished with best fitness of 7300.
Generation 102 finished with best fitness of 7300.
Generation 103 finished with best fitness of 7300.
Generation 104 finished with best fitness of 7300.
Generation 105 finished with best fitness of 7345.
Generation 106 finished with best fitness of 7345.
Generation 107 finished with best fitness of 7420.
Generation 108 finished with best fitness of 7420.
Generation 109 finished with best fitness of 7420.
Generation 110 finished with best fitness of 7435.
Generation 111 finished with best fitness of 7435.
Generation 112 finished with best fitness of 7435.
Generation 113 finished with best fitness of 7475.
Generation 114 finished with best fitness of 7475.
Generation 115 finished with best fitness of 7625.
Generation 116 finished with best fitness of 7625.
Generation 117 finished with best fitness of 7625.
Generation 118 finished with best fitness of 7805.
Generation 119 finished with best fitness of 7805.
Generation 120 finished with best fitness of 7805.
Generation 121 finished with best fitness of 7805.
Generation 122 finished with best fitness of 7805.
Generation 123 finished with best fitness of 7805.
Generation 124 finished with best fitness of 7875.
Generation 125 finished with best fitness of 7875.
Generation 126 finished with best fitness of 7875.
Generation 127 finished with best fitness of 7875.
Generation 128 finished with best fitness of 7875.
Generation 129 finished with best fitness of 7880.
Generation 130 finished with best fitness of 7880.
Generation 131 finished with best fitness of 7880.
Generation 132 finished with best fitness of 7890.
Generation 133 finished with best fitness of 7890.
Generation 134 finished with best fitness of 7890.
Generation 135 finished with best fitness of 7910.
Generation 136 finished with best fitness of 7910.
Generation 137 finished with best fitness of 7910.
Generation 138 finished with best fitness of 7910.
Generation 139 finished with best fitness of 7960.
Generation 140 finished with best fitness of 7960.
Generation 141 finished with best fitness of 7980.
Generation 142 finished with best fitness of 7980.
Generation 143 finished with best fitness of 7990.
Generation 144 finished with best fitness of 7990.
Generation 145 finished with best fitness of 7990.
Generation 146 finished with best fitness of 8100.
Generation 147 finished with best fitness of 8100.
Generation 148 finished with best fitness of 8100.
Generation 149 finished with best fitness of 8100.
Generation 150 finished with best fitness of 8100.
Generation 151 finished with best fitness of 8170.
Generation 152 finished with best fitness of 8195.
Generation 153 finished with best fitness of 8195.
Generation 154 finished with best fitness of 8195.
Generation 155 finished with best fitness of 8195.
Generation 156 finished with best fitness of 8195.
Generation 157 finished with best fitness of 8195.
Generation 158 finished with best fitness of 8265.
Generation 159 finished with best fitness of 8280.
Generation 160 finished with best fitness of 8280.
Generation 161 finished with best fitness of 8280.
Generation 162 finished with best fitness of 8370.
Generation 163 finished with best fitness of 8370.
Generation 164 finished with best fitness of 8395.
Generation 165 finished with best fitness of 8395.
Generation 166 finished with best fitness of 8395.
Generation 167 finished with best fitness of 8400.
Generation 168 finished with best fitness of 8400.
Generation 169 finished with best fitness of 8430.
Generation 170 finished with best fitness of 8460.
Generation 171 finished with best fitness of 8460.
Generation 172 finished with best fitness of 8460.
Generation 173 finished with best fitness of 8470.
Generation 174 finished with best fitness of 8470.
Generation 175 finished with best fitness of 8565.
Generation 176 finished with best fitness of 8565.
Generation 177 finished with best fitness of 8565.
Generation 178 finished with best fitness of 8565.
Generation 179 finished with best fitness of 8565.
Generation 180 finished with best fitness of 8565.
Generation 181 finished with best fitness of 8580.
Generation 182 finished with best fitness of 8580.
Generation 183 finished with best fitness of 8580.
Generation 184 finished with best fitness of 8580.
Generation 185 finished with best fitness of 8580.
Generation 186 finished with best fitness of 8580.
Generation 187 finished with best fitness of 8580.
Generation 188 finished with best fitness of 8625.
Generation 189 finished with best fitness of 8625.
Generation 190 finished with best fitness of 8625.
Generation 191 finished with best fitness of 8625.
Generation 192 finished with best fitness of 8625.
Generation 193 finished with best fitness of 8625.
Generation 194 finished with best fitness of 8625.
Generation 195 finished with best fitness of 8625.
Generation 196 finished with best fitness of 8655.
Generation 197 finished with best fitness of 8655.
Generation 198 finished with best fitness of 8655.
Generation 199 finished with best fitness of 8690.
Generation 200 finished with best fitness of 8690.
Generation 201 finished with best fitness of 8690.
Generation 202 finished with best fitness of 8690.
Generation 203 finished with best fitness of 8690.
Generation 204 finished with best fitness of 8690.
Generation 205 finished with best fitness of 8760.
Generation 206 finished with best fitness of 8760.
Generation 207 finished with best fitness of 8760.
Generation 208 finished with best fitness of 8790.
Generation 209 finished with best fitness of 8790.
Generation 210 finished with best fitness of 8790.
Generation 211 finished with best fitness of 8790.
Generation 212 finished with best fitness of 8790.
Generation 213 finished with best fitness of 8820.
Generation 214 finished with best fitness of 8820.
Generation 215 finished with best fitness of 8820.
Generation 216 finished with best fitness of 8820.
Generation 217 finished with best fitness of 8850.
Generation 218 finished with best fitness of 8850.
Generation 219 finished with best fitness of 8855.
Generation 220 finished with best fitness of 8855.
Generation 221 finished with best fitness of 8910.
Generation 222 finished with best fitness of 8910.
Generation 223 finished with best fitness of 8910.
Generation 224 finished with best fitness of 8910.
Generation 225 finished with best fitness of 8945.
Generation 226 finished with best fitness of 8945.
Generation 227 finished with best fitness of 8945.
Generation 228 finished with best fitness of 8945.
Generation 229 finished with best fitness of 8945.
Generation 230 finished with best fitness of 8945.
Generation 231 finished with best fitness of 8945.
Generation 232 finished with best fitness of 8945.
Generation 233 finished with best fitness of 8945.
Generation 234 finished with best fitness of 8945.
Generation 235 finished with best fitness of 8945.
Generation 236 finished with best fitness of 8945.
Generation 237 finished with best fitness of 8945.
Generation 238 finished with best fitness of 8970.
Generation 239 finished with best fitness of 8970.
Generation 240 finished with best fitness of 8970.
Generation 241 finished with best fitness of 8970.
Generation 242 finished with best fitness of 8970.
Generation 243 finished with best fitness of 8985.
Generation 244 finished with best fitness of 8985.
Generation 245 finished with best fitness of 8985.
Generation 246 finished with best fitness of 8985.
Generation 247 finished with best fitness of 8985.
Generation 248 finished with best fitness of 8985.
Generation 249 finished with best fitness of 8985.
Generation 250 finished with best fitness of 9060.
Generation 251 finished with best fitness of 9060.
Generation 252 finished with best fitness of 9060.
Generation 253 finished with best fitness of 9060.
Generation 254 finished with best fitness of 9060.
Generation 255 finished with best fitness of 9060.
Generation 256 finished with best fitness of 9060.
Generation 257 finished with best fitness of 9060.
Generation 258 finished with best fitness of 9080.
Generation 259 finished with best fitness of 9080.
Generation 260 finished with best fitness of 9080.
Generation 261 finished with best fitness of 9090.
Generation 262 finished with best fitness of 9090.
Generation 263 finished with best fitness of 9090.
Generation 264 finished with best fitness of 9105.
Generation 265 finished with best fitness of 9115.
Generation 266 finished with best fitness of 9115.
Generation 267 finished with best fitness of 9115.
Generation 268 finished with best fitness of 9115.
Generation 269 finished with best fitness of 9160.
Generation 270 finished with best fitness of 9160.
Generation 271 finished with best fitness of 9160.
Generation 272 finished with best fitness of 9160.
Generation 273 finished with best fitness of 9180.
Generation 274 finished with best fitness of 9180.
Generation 275 finished with best fitness of 9180.
Generation 276 finished with best fitness of 9180.
Generation 277 finished with best fitness of 9180.
Generation 278 finished with best fitness of 9180.
Generation 279 finished with best fitness of 9220.
Generation 280 finished with best fitness of 9220.
Generation 281 finished with best fitness of 9220.
Generation 282 finished with best fitness of 9220.
Generation 283 finished with best fitness of 9220.
Generation 284 finished with best fitness of 9220.
Generation 285 finished with best fitness of 9265.
Generation 286 finished with best fitness of 9265.
Generation 287 finished with best fitness of 9265.
Generation 288 finished with best fitness of 9265.
Generation 289 finished with best fitness of 9265.
Generation 290 finished with best fitness of 9265.
Generation 291 finished with best fitness of 9280.
Generation 292 finished with best fitness of 9280.
Generation 293 finished with best fitness of 9280.
Generation 294 finished with best fitness of 9280.
Generation 295 finished with best fitness of 9280.
Generation 296 finished with best fitness of 9320.
Generation 297 finished with best fitness of 9320.
Generation 298 finished with best fitness of 9320.
Generation 299 finished with best fitness of 9320.
Generation 300 finished with best fitness of 9320.
Generation 301 finished with best fitness of 9320.
Generation 302 finished with best fitness of 9320.
Generation 303 finished with best fitness of 9355.
Generation 304 finished with best fitness of 9355.
Generation 305 finished with best fitness of 9355.
Generation 306 finished with best fitness of 9355.
Generation 307 finished with best fitness of 9400.
Generation 308 finished with best fitness of 9460.
Generation 309 finished with best fitness of 9460.
Generation 310 finished with best fitness of 9460.
Generation 311 finished with best fitness of 9460.
Generation 312 finished with best fitness of 9460.
Generation 313 finished with best fitness of 9460.
Generation 314 finished with best fitness of 9460.
Generation 315 finished with best fitness of 9505.
Generation 316 finished with best fitness of 9505.
Generation 317 finished with best fitness of 9505.
Generation 318 finished with best fitness of 9505.
Generation 319 finished with best fitness of 9505.
Generation 320 finished with best fitness of 9505.
Generation 321 finished with best fitness of 9505.
Generation 322 finished with best fitness of 9505.
Generation 323 finished with best fitness of 9505.
Generation 324 finished with best fitness of 9505.
Generation 325 finished with best fitness of 9505.
Generation 326 finished with best fitness of 9505.
Generation 327 finished with best fitness of 9505.
Generation 328 finished with best fitness of 9505.
Generation 329 finished with best fitness of 9505.
Generation 330 finished with best fitness of 9505.
Generation 331 finished with best fitness of 9505.
Generation 332 finished with best fitness of 9505.
Generation 333 finished with best fitness of 9505.
Generation 334 finished with best fitness of 9505.
Generation 335 finished with best fitness of 9505.
Generation 336 finished with best fitness of 9505.
Generation 337 finished with best fitness of 9505.
Generation 338 finished with best fitness of 9505.
Evolution finished after 9,8436173 seconds.
</DebugTrace>
      </Output>
    </UnitTestResult>
    <UnitTestResult executionId="a57ba472-3835-4243-8d93-9a65536810bf" testId="643aee53-482b-7ddc-6eba-83a04b5cba46" testName="TimetableInputExportTest" computerName="FLOLAP-PC" duration="00:00:00.0237372" startTime="2011-11-16T13:45:18.9181062+01:00" endTime="2011-11-16T13:45:18.9649063+01:00" testType="13cdc9d9-ddb5-4fa4-a97d-d965ccfc6d4b" outcome="Passed" testListId="8c84fa94-04c1-424b-9868-57a2d4851a1d" relativeResultsDirectory="a57ba472-3835-4243-8d93-9a65536810bf">
    </UnitTestResult>
  </Results>
</TestRun>