<?xml version="1.0" encoding="UTF-8"?>
<TestRun id="a2218a2a-552a-433b-b138-bd833df3e29d" name="FloLap@FLOLAP-PC 2011-11-09 15:17:50" runUser="FloLap-PC\FloLap" xmlns="http://microsoft.com/schemas/VisualStudio/TeamTest/2010">
  <TestSettings name="Lokal" id="6ed96bb3-d821-4eee-a79d-3a3069da9890">
    <Description>Dies sind die standardmäßigen Testeinstellungen für einen lokalen Testlauf.</Description>
    <Deployment enabled="false" runDeploymentRoot="FloLap_FLOLAP-PC 2011-11-09 15_17_50">
      <DeploymentItem filename="E:\HsKA\Semester2\Projektarbeit\Stundenplangenerator\TimetablePlanner\TimetablePlanner\bin\Debug\TimetablePlanner.dll" />
    </Deployment>
    <Execution>
      <TestTypeSpecific />
      <AgentRule name="Execution Agents">
      </AgentRule>
    </Execution>
  </TestSettings>
  <Times creation="2011-11-09T15:17:50.6660075+01:00" queuing="2011-11-09T15:17:51.8176639+01:00" start="2011-11-09T15:17:51.8836677+01:00" finish="2011-11-09T15:18:05.8761659+01:00" />
  <ResultSummary outcome="Completed">
    <Counters total="2" executed="2" passed="2" error="0" failed="0" timeout="0" aborted="0" inconclusive="0" passedButRunAborted="0" notRunnable="0" notExecuted="0" disconnected="0" warning="0" completed="0" inProgress="0" pending="0" />
  </ResultSummary>
  <TestDefinitions>
    <UnitTest name="TimetableManualTester" storage="e:\hska\semester2\projektarbeit\stundenplangenerator\timetableplanner\timetableplannertests\bin\debug\timetableplannertests.dll" id="3ada0cc6-2a4d-2d63-7d9f-97d4d443b0f3">
      <Execution id="5766e6fa-6bd7-41c8-80c0-fa081292a79c" />
      <TestMethod codeBase="E:/HsKA/Semester2/Projektarbeit/Stundenplangenerator/TimetablePlanner/TimetablePlannerTests/bin/Debug/TimetablePlannerTests.DLL" adapterTypeName="Microsoft.VisualStudio.TestTools.TestTypes.Unit.UnitTestAdapter, Microsoft.VisualStudio.QualityTools.Tips.UnitTest.Adapter, Version=10.0.0.0, Culture=neutral, PublicKeyToken=b03f5f7f11d50a3a" className="TimetablePlannerTests.TimetableTest, TimetablePlannerTests, Version=1.0.0.0, Culture=neutral, PublicKeyToken=null" name="TimetableManualTester" />
    </UnitTest>
    <UnitTest name="TimetableInputExportTest" storage="e:\hska\semester2\projektarbeit\stundenplangenerator\timetableplanner\timetableplannertests\bin\debug\timetableplannertests.dll" id="643aee53-482b-7ddc-6eba-83a04b5cba46">
      <Execution id="b9a05016-f5b1-4a4d-874c-a9550a952130" />
      <TestMethod codeBase="E:/HsKA/Semester2/Projektarbeit/Stundenplangenerator/TimetablePlanner/TimetablePlannerTests/bin/Debug/TimetablePlannerTests.DLL" adapterTypeName="Microsoft.VisualStudio.TestTools.TestTypes.Unit.UnitTestAdapter, Microsoft.VisualStudio.QualityTools.Tips.UnitTest.Adapter, Version=10.0.0.0, Culture=neutral, PublicKeyToken=b03f5f7f11d50a3a" className="TimetablePlannerTests.TimetableTest, TimetablePlannerTests, Version=1.0.0.0, Culture=neutral, PublicKeyToken=null" name="TimetableInputExportTest" />
    </UnitTest>
  </TestDefinitions>
  <TestLists>
    <TestList name="Nicht in einer Liste enthaltene Ergebnisse" id="8c84fa94-04c1-424b-9868-57a2d4851a1d" />
    <TestList name="Alle geladenen Ergebnisse" id="19431567-8539-422a-85d7-44ee4e166bda" />
  </TestLists>
  <TestEntries>
    <TestEntry testId="3ada0cc6-2a4d-2d63-7d9f-97d4d443b0f3" executionId="5766e6fa-6bd7-41c8-80c0-fa081292a79c" testListId="8c84fa94-04c1-424b-9868-57a2d4851a1d" />
    <TestEntry testId="643aee53-482b-7ddc-6eba-83a04b5cba46" executionId="b9a05016-f5b1-4a4d-874c-a9550a952130" testListId="8c84fa94-04c1-424b-9868-57a2d4851a1d" />
  </TestEntries>
  <Results>
    <UnitTestResult executionId="5766e6fa-6bd7-41c8-80c0-fa081292a79c" testId="3ada0cc6-2a4d-2d63-7d9f-97d4d443b0f3" testName="TimetableManualTester" computerName="FLOLAP-PC" duration="00:00:12.4934331" startTime="2011-11-09T15:17:51.9466713+01:00" endTime="2011-11-09T15:18:05.7501587+01:00" testType="13cdc9d9-ddb5-4fa4-a97d-d965ccfc6d4b" outcome="Passed" testListId="8c84fa94-04c1-424b-9868-57a2d4851a1d" relativeResultsDirectory="5766e6fa-6bd7-41c8-80c0-fa081292a79c">
      <Output>
        <DebugTrace>Individual 0 created.
Individual 3 created.
Individual 2 created.
Individual 5 created.
Individual 1 created.
Individual 4 created.
Individual 7 created.
Individual 8 created.
Individual 9 created.
Individual 6 created.
Individual 11 created.
Individual 10 created.
Individual 12 created.
Individual 14 created.
Individual 15 created.
Individual 18 created.
Individual 16 created.
Individual 19 created.
Individual 13 created.
Individual 17 created.
Individual 21 created.
Individual 23 created.
Individual 24 created.
Individual 20 created.
Individual 22 created.
Generation 0 finished with best fitness of 3905.
Generation 1 finished with best fitness of 3960.
Generation 2 finished with best fitness of 4100.
Generation 3 finished with best fitness of 4130.
Generation 4 finished with best fitness of 4130.
Generation 5 finished with best fitness of 4170.
Generation 6 finished with best fitness of 4205.
Generation 7 finished with best fitness of 4295.
Generation 8 finished with best fitness of 4420.
Generation 9 finished with best fitness of 4615.
Generation 10 finished with best fitness of 4760.
Generation 11 finished with best fitness of 4760.
Generation 12 finished with best fitness of 4760.
Generation 13 finished with best fitness of 4780.
Generation 14 finished with best fitness of 4780.
Generation 15 finished with best fitness of 4885.
Generation 16 finished with best fitness of 4915.
Generation 17 finished with best fitness of 5000.
Generation 18 finished with best fitness of 5120.
Generation 19 finished with best fitness of 5120.
Generation 20 finished with best fitness of 5120.
Generation 21 finished with best fitness of 5135.
Generation 22 finished with best fitness of 5260.
Generation 23 finished with best fitness of 5260.
Generation 24 finished with best fitness of 5330.
Generation 25 finished with best fitness of 5390.
Generation 26 finished with best fitness of 5500.
Generation 27 finished with best fitness of 5620.
Generation 28 finished with best fitness of 5665.
Generation 29 finished with best fitness of 5695.
Generation 30 finished with best fitness of 5740.
Generation 31 finished with best fitness of 5815.
Generation 32 finished with best fitness of 5860.
Generation 33 finished with best fitness of 5870.
Generation 34 finished with best fitness of 5935.
Generation 35 finished with best fitness of 5935.
Generation 36 finished with best fitness of 5935.
Generation 37 finished with best fitness of 5965.
Generation 38 finished with best fitness of 6035.
Generation 39 finished with best fitness of 6180.
Generation 40 finished with best fitness of 6180.
Generation 41 finished with best fitness of 6180.
Generation 42 finished with best fitness of 6270.
Generation 43 finished with best fitness of 6270.
Generation 44 finished with best fitness of 6285.
Generation 45 finished with best fitness of 6285.
Generation 46 finished with best fitness of 6285.
Generation 47 finished with best fitness of 6365.
Generation 48 finished with best fitness of 6365.
Generation 49 finished with best fitness of 6365.
Generation 50 finished with best fitness of 6450.
Generation 51 finished with best fitness of 6450.
Generation 52 finished with best fitness of 6450.
Generation 53 finished with best fitness of 6470.
Generation 54 finished with best fitness of 6510.
Generation 55 finished with best fitness of 6600.
Generation 56 finished with best fitness of 6600.
Generation 57 finished with best fitness of 6600.
Generation 58 finished with best fitness of 6600.
Generation 59 finished with best fitness of 6690.
Generation 60 finished with best fitness of 6690.
Generation 61 finished with best fitness of 6780.
Generation 62 finished with best fitness of 6780.
Generation 63 finished with best fitness of 6780.
Generation 64 finished with best fitness of 6780.
Generation 65 finished with best fitness of 6780.
Generation 66 finished with best fitness of 6870.
Generation 67 finished with best fitness of 6870.
Generation 68 finished with best fitness of 6870.
Generation 69 finished with best fitness of 6870.
Generation 70 finished with best fitness of 6870.
Generation 71 finished with best fitness of 6870.
Generation 72 finished with best fitness of 6880.
Generation 73 finished with best fitness of 6900.
Generation 74 finished with best fitness of 6900.
Generation 75 finished with best fitness of 6945.
Generation 76 finished with best fitness of 6960.
Generation 77 finished with best fitness of 7020.
Generation 78 finished with best fitness of 7020.
Generation 79 finished with best fitness of 7020.
Generation 80 finished with best fitness of 7120.
Generation 81 finished with best fitness of 7120.
Generation 82 finished with best fitness of 7120.
Generation 83 finished with best fitness of 7120.
Generation 84 finished with best fitness of 7120.
Generation 85 finished with best fitness of 7120.
Generation 86 finished with best fitness of 7165.
Generation 87 finished with best fitness of 7165.
Generation 88 finished with best fitness of 7170.
Generation 89 finished with best fitness of 7195.
Generation 90 finished with best fitness of 7195.
Generation 91 finished with best fitness of 7240.
Generation 92 finished with best fitness of 7300.
Generation 93 finished with best fitness of 7300.
Generation 94 finished with best fitness of 7300.
Generation 95 finished with best fitness of 7300.
Generation 96 finished with best fitness of 7300.
Generation 97 finished with best fitness of 7300.
Generation 98 finished with best fitness of 7380.
Generation 99 finished with best fitness of 7380.
Generation 100 finished with best fitness of 7405.
Generation 101 finished with best fitness of 7405.
Generation 102 finished with best fitness of 7420.
Generation 103 finished with best fitness of 7420.
Generation 104 finished with best fitness of 7495.
Generation 105 finished with best fitness of 7495.
Generation 106 finished with best fitness of 7540.
Generation 107 finished with best fitness of 7540.
Generation 108 finished with best fitness of 7555.
Generation 109 finished with best fitness of 7555.
Generation 110 finished with best fitness of 7560.
Generation 111 finished with best fitness of 7560.
Generation 112 finished with best fitness of 7560.
Generation 113 finished with best fitness of 7600.
Generation 114 finished with best fitness of 7600.
Generation 115 finished with best fitness of 7605.
Generation 116 finished with best fitness of 7605.
Generation 117 finished with best fitness of 7630.
Generation 118 finished with best fitness of 7660.
Generation 119 finished with best fitness of 7660.
Generation 120 finished with best fitness of 7675.
Generation 121 finished with best fitness of 7675.
Generation 122 finished with best fitness of 7675.
Generation 123 finished with best fitness of 7710.
Generation 124 finished with best fitness of 7720.
Generation 125 finished with best fitness of 7740.
Generation 126 finished with best fitness of 7740.
Generation 127 finished with best fitness of 7740.
Generation 128 finished with best fitness of 7810.
Generation 129 finished with best fitness of 7810.
Generation 130 finished with best fitness of 7810.
Generation 131 finished with best fitness of 7885.
Generation 132 finished with best fitness of 7885.
Generation 133 finished with best fitness of 7885.
Generation 134 finished with best fitness of 7885.
Generation 135 finished with best fitness of 7885.
Generation 136 finished with best fitness of 7885.
Generation 137 finished with best fitness of 7990.
Generation 138 finished with best fitness of 7990.
Generation 139 finished with best fitness of 8150.
Generation 140 finished with best fitness of 8150.
Generation 141 finished with best fitness of 8150.
Generation 142 finished with best fitness of 8150.
Generation 143 finished with best fitness of 8150.
Generation 144 finished with best fitness of 8150.
Generation 145 finished with best fitness of 8150.
Generation 146 finished with best fitness of 8150.
Generation 147 finished with best fitness of 8150.
Generation 148 finished with best fitness of 8150.
Generation 149 finished with best fitness of 8210.
Generation 150 finished with best fitness of 8210.
Generation 151 finished with best fitness of 8210.
Generation 152 finished with best fitness of 8210.
Generation 153 finished with best fitness of 8310.
Generation 154 finished with best fitness of 8310.
Generation 155 finished with best fitness of 8310.
Generation 156 finished with best fitness of 8315.
Generation 157 finished with best fitness of 8340.
Generation 158 finished with best fitness of 8340.
Generation 159 finished with best fitness of 8370.
Generation 160 finished with best fitness of 8370.
Generation 161 finished with best fitness of 8400.
Generation 162 finished with best fitness of 8400.
Generation 163 finished with best fitness of 8400.
Generation 164 finished with best fitness of 8400.
Generation 165 finished with best fitness of 8410.
Generation 166 finished with best fitness of 8430.
Generation 167 finished with best fitness of 8475.
Generation 168 finished with best fitness of 8475.
Generation 169 finished with best fitness of 8490.
Generation 170 finished with best fitness of 8490.
Generation 171 finished with best fitness of 8570.
Generation 172 finished with best fitness of 8570.
Generation 173 finished with best fitness of 8570.
Generation 174 finished with best fitness of 8570.
Generation 175 finished with best fitness of 8570.
Generation 176 finished with best fitness of 8570.
Generation 177 finished with best fitness of 8600.
Generation 178 finished with best fitness of 8600.
Generation 179 finished with best fitness of 8600.
Generation 180 finished with best fitness of 8600.
Generation 181 finished with best fitness of 8645.
Generation 182 finished with best fitness of 8645.
Generation 183 finished with best fitness of 8645.
Generation 184 finished with best fitness of 8645.
Generation 185 finished with best fitness of 8645.
Generation 186 finished with best fitness of 8675.
Generation 187 finished with best fitness of 8675.
Generation 188 finished with best fitness of 8690.
Generation 189 finished with best fitness of 8715.
Generation 190 finished with best fitness of 8715.
Generation 191 finished with best fitness of 8715.
Generation 192 finished with best fitness of 8715.
Generation 193 finished with best fitness of 8715.
Generation 194 finished with best fitness of 8715.
Generation 195 finished with best fitness of 8715.
Generation 196 finished with best fitness of 8765.
Generation 197 finished with best fitness of 8765.
Generation 198 finished with best fitness of 8765.
Generation 199 finished with best fitness of 8765.
Generation 200 finished with best fitness of 8765.
Generation 201 finished with best fitness of 8805.
Generation 202 finished with best fitness of 8805.
Generation 203 finished with best fitness of 8870.
Generation 204 finished with best fitness of 8870.
Generation 205 finished with best fitness of 8975.
Generation 206 finished with best fitness of 8975.
Generation 207 finished with best fitness of 8975.
Generation 208 finished with best fitness of 8975.
Generation 209 finished with best fitness of 8975.
Generation 210 finished with best fitness of 8975.
Generation 211 finished with best fitness of 8975.
Generation 212 finished with best fitness of 8975.
Generation 213 finished with best fitness of 8975.
Generation 214 finished with best fitness of 8975.
Generation 215 finished with best fitness of 8975.
Generation 216 finished with best fitness of 8975.
Generation 217 finished with best fitness of 8975.
Generation 218 finished with best fitness of 8975.
Generation 219 finished with best fitness of 8975.
Generation 220 finished with best fitness of 8980.
Generation 221 finished with best fitness of 9000.
Generation 222 finished with best fitness of 9015.
Generation 223 finished with best fitness of 9015.
Generation 224 finished with best fitness of 9015.
Generation 225 finished with best fitness of 9015.
Generation 226 finished with best fitness of 9015.
Generation 227 finished with best fitness of 9015.
Generation 228 finished with best fitness of 9025.
Generation 229 finished with best fitness of 9025.
Generation 230 finished with best fitness of 9030.
Generation 231 finished with best fitness of 9030.
Generation 232 finished with best fitness of 9045.
Generation 233 finished with best fitness of 9125.
Generation 234 finished with best fitness of 9125.
Generation 235 finished with best fitness of 9125.
Generation 236 finished with best fitness of 9125.
Generation 237 finished with best fitness of 9125.
Generation 238 finished with best fitness of 9140.
Generation 239 finished with best fitness of 9175.
Generation 240 finished with best fitness of 9175.
Generation 241 finished with best fitness of 9175.
Generation 242 finished with best fitness of 9175.
Generation 243 finished with best fitness of 9190.
Generation 244 finished with best fitness of 9190.
Generation 245 finished with best fitness of 9190.
Generation 246 finished with best fitness of 9235.
Generation 247 finished with best fitness of 9235.
Generation 248 finished with best fitness of 9235.
Generation 249 finished with best fitness of 9260.
Generation 250 finished with best fitness of 9260.
Generation 251 finished with best fitness of 9260.
Generation 252 finished with best fitness of 9260.
Generation 253 finished with best fitness of 9285.
Generation 254 finished with best fitness of 9315.
Generation 255 finished with best fitness of 9315.
Generation 256 finished with best fitness of 9315.
Generation 257 finished with best fitness of 9330.
Generation 258 finished with best fitness of 9330.
Generation 259 finished with best fitness of 9350.
Generation 260 finished with best fitness of 9350.
Generation 261 finished with best fitness of 9350.
Generation 262 finished with best fitness of 9395.
Generation 263 finished with best fitness of 9410.
Generation 264 finished with best fitness of 9410.
Generation 265 finished with best fitness of 9410.
Generation 266 finished with best fitness of 9410.
Generation 267 finished with best fitness of 9410.
Generation 268 finished with best fitness of 9410.
Generation 269 finished with best fitness of 9425.
Generation 270 finished with best fitness of 9435.
Generation 271 finished with best fitness of 9435.
Generation 272 finished with best fitness of 9435.
Generation 273 finished with best fitness of 9435.
Generation 274 finished with best fitness of 9435.
Generation 275 finished with best fitness of 9480.
Generation 276 finished with best fitness of 9480.
Generation 277 finished with best fitness of 9480.
Generation 278 finished with best fitness of 9480.
Generation 279 finished with best fitness of 9480.
Generation 280 finished with best fitness of 9480.
Generation 281 finished with best fitness of 9495.
Generation 282 finished with best fitness of 9495.
Generation 283 finished with best fitness of 9520.
Generation 284 finished with best fitness of 9520.
Generation 285 finished with best fitness of 9520.
Generation 286 finished with best fitness of 9520.
Generation 287 finished with best fitness of 9520.
Generation 288 finished with best fitness of 9520.
Generation 289 finished with best fitness of 9520.
Generation 290 finished with best fitness of 9605.
Generation 291 finished with best fitness of 9605.
Generation 292 finished with best fitness of 9605.
Generation 293 finished with best fitness of 9605.
Generation 294 finished with best fitness of 9605.
Generation 295 finished with best fitness of 9605.
Generation 296 finished with best fitness of 9605.
Generation 297 finished with best fitness of 9605.
Generation 298 finished with best fitness of 9605.
Generation 299 finished with best fitness of 9605.
Generation 300 finished with best fitness of 9605.
Generation 301 finished with best fitness of 9605.
Generation 302 finished with best fitness of 9605.
Generation 303 finished with best fitness of 9605.
Generation 304 finished with best fitness of 9605.
Generation 305 finished with best fitness of 9605.
Generation 306 finished with best fitness of 9605.
Generation 307 finished with best fitness of 9605.
Generation 308 finished with best fitness of 9605.
Generation 309 finished with best fitness of 9630.
Generation 310 finished with best fitness of 9630.
Generation 311 finished with best fitness of 9630.
Generation 312 finished with best fitness of 9630.
Generation 313 finished with best fitness of 9635.
Generation 314 finished with best fitness of 9635.
Generation 315 finished with best fitness of 9660.
Generation 316 finished with best fitness of 9660.
Generation 317 finished with best fitness of 9660.
Generation 318 finished with best fitness of 9680.
Generation 319 finished with best fitness of 9680.
Generation 320 finished with best fitness of 9680.
Generation 321 finished with best fitness of 9680.
Generation 322 finished with best fitness of 9680.
Generation 323 finished with best fitness of 9680.
Generation 324 finished with best fitness of 9680.
Generation 325 finished with best fitness of 9680.
Generation 326 finished with best fitness of 9705.
Generation 327 finished with best fitness of 9705.
Generation 328 finished with best fitness of 9705.
Generation 329 finished with best fitness of 9705.
Generation 330 finished with best fitness of 9705.
Generation 331 finished with best fitness of 9705.
Generation 332 finished with best fitness of 9705.
Generation 333 finished with best fitness of 9705.
Generation 334 finished with best fitness of 9705.
Generation 335 finished with best fitness of 9710.
Generation 336 finished with best fitness of 9710.
Generation 337 finished with best fitness of 9740.
Generation 338 finished with best fitness of 9740.
Generation 339 finished with best fitness of 9740.
Generation 340 finished with best fitness of 9740.
Generation 341 finished with best fitness of 9740.
Generation 342 finished with best fitness of 9740.
Generation 343 finished with best fitness of 9740.
Generation 344 finished with best fitness of 9740.
Generation 345 finished with best fitness of 9740.
Generation 346 finished with best fitness of 9740.
Generation 347 finished with best fitness of 9740.
Generation 348 finished with best fitness of 9740.
Generation 349 finished with best fitness of 9740.
Generation 350 finished with best fitness of 9740.
Generation 351 finished with best fitness of 9740.
Generation 352 finished with best fitness of 9740.
Generation 353 finished with best fitness of 9740.
Generation 354 finished with best fitness of 9740.
Evolution finished after 12,3548358 seconds.
</DebugTrace>
      </Output>
    </UnitTestResult>
    <UnitTestResult executionId="b9a05016-f5b1-4a4d-874c-a9550a952130" testId="643aee53-482b-7ddc-6eba-83a04b5cba46" testName="TimetableInputExportTest" computerName="FLOLAP-PC" duration="00:00:00.0238105" startTime="2011-11-09T15:18:05.7631595+01:00" endTime="2011-11-09T15:18:05.7941613+01:00" testType="13cdc9d9-ddb5-4fa4-a97d-d965ccfc6d4b" outcome="Passed" testListId="8c84fa94-04c1-424b-9868-57a2d4851a1d" relativeResultsDirectory="b9a05016-f5b1-4a4d-874c-a9550a952130">
    </UnitTestResult>
  </Results>
</TestRun>