<?xml version="1.0" encoding="UTF-8"?>
<TestRun id="8d17f8ed-6b9a-4f15-b80f-02690a436fb1" name="FloLap@FLOLAP-PC 2011-10-23 12:29:34" runUser="FloLap-PC\FloLap" xmlns="http://microsoft.com/schemas/VisualStudio/TeamTest/2010">
  <TestSettings name="Lokal" id="6ed96bb3-d821-4eee-a79d-3a3069da9890">
    <Description>Dies sind die standardmäßigen Testeinstellungen für einen lokalen Testlauf.</Description>
    <Deployment enabled="false" runDeploymentRoot="FloLap_FLOLAP-PC 2011-10-23 12_29_34">
      <DeploymentItem filename="E:\HsKA\Semester2\Projektarbeit\Stundenplangenerator\TimetablePlanner\TimetablePlanner\bin\Debug\TimetablePlanner.dll" />
    </Deployment>
    <Execution>
      <TestTypeSpecific />
      <AgentRule name="Execution Agents">
      </AgentRule>
    </Execution>
  </TestSettings>
  <Times creation="2011-10-23T12:29:34.2575223+02:00" queuing="2011-10-23T12:29:35.0687237+02:00" start="2011-10-23T12:29:35.1623238+02:00" finish="2011-10-23T12:29:46.7063441+02:00" />
  <ResultSummary outcome="Completed">
    <Counters total="1" executed="1" passed="1" error="0" failed="0" timeout="0" aborted="0" inconclusive="0" passedButRunAborted="0" notRunnable="0" notExecuted="0" disconnected="0" warning="0" completed="0" inProgress="0" pending="0" />
  </ResultSummary>
  <TestDefinitions>
    <UnitTest name="TimetableManualTester" storage="e:\hska\semester2\projektarbeit\stundenplangenerator\timetableplanner\timetableplannertests\bin\debug\timetableplannertests.dll" id="3ada0cc6-2a4d-2d63-7d9f-97d4d443b0f3">
      <Execution id="40ace19f-7923-44bf-bc80-58a17a62ea6c" />
      <TestMethod codeBase="E:/HsKA/Semester2/Projektarbeit/Stundenplangenerator/TimetablePlanner/TimetablePlannerTests/bin/Debug/TimetablePlannerTests.DLL" adapterTypeName="Microsoft.VisualStudio.TestTools.TestTypes.Unit.UnitTestAdapter, Microsoft.VisualStudio.QualityTools.Tips.UnitTest.Adapter, Version=10.0.0.0, Culture=neutral, PublicKeyToken=b03f5f7f11d50a3a" className="TimetablePlannerTests.TimetableTest, TimetablePlannerTests, Version=1.0.0.0, Culture=neutral, PublicKeyToken=null" name="TimetableManualTester" />
    </UnitTest>
  </TestDefinitions>
  <TestLists>
    <TestList name="Nicht in einer Liste enthaltene Ergebnisse" id="8c84fa94-04c1-424b-9868-57a2d4851a1d" />
    <TestList name="Alle geladenen Ergebnisse" id="19431567-8539-422a-85d7-44ee4e166bda" />
  </TestLists>
  <TestEntries>
    <TestEntry testId="3ada0cc6-2a4d-2d63-7d9f-97d4d443b0f3" executionId="40ace19f-7923-44bf-bc80-58a17a62ea6c" testListId="8c84fa94-04c1-424b-9868-57a2d4851a1d" />
  </TestEntries>
  <Results>
    <UnitTestResult executionId="40ace19f-7923-44bf-bc80-58a17a62ea6c" testId="3ada0cc6-2a4d-2d63-7d9f-97d4d443b0f3" testName="TimetableManualTester" computerName="FLOLAP-PC" duration="00:00:10.2306032" startTime="2011-10-23T12:29:35.1935239+02:00" endTime="2011-10-23T12:29:46.6283440+02:00" testType="13cdc9d9-ddb5-4fa4-a97d-d965ccfc6d4b" outcome="Passed" testListId="8c84fa94-04c1-424b-9868-57a2d4851a1d" relativeResultsDirectory="40ace19f-7923-44bf-bc80-58a17a62ea6c">
      <Output>
        <DebugTrace>Time to create population of size 75: 639ms
1420
1210
1170
1130
1120
1120
1020
980
950
930
880
880
880
880
840
780
770
760
750
750
750
740
740
710
690
690
650
650
620
620
610
610
600
590
580
570
550
540
500
500
470
470
470
460
430
420
410
390
380
340
300
300
290
280
260
190
180
180
140
130
120
80
40
40
40
-170
-210
-230
-270
-460
-460
-600
-670
-860
-1430
Early abort after 184 generations.
Mean time per generation: 39ms
Mean fitness increase per generation
371
168
133
116
104
67
51
56
48
50
38
37
24
35
40
42
32
44
48
41
44
35
32
30
28
17
31
30
28
27
25
28
31
31
31
25
19
13
16
12
20
14
20
17
16
13
19
14
21
25
22
19
20
22
27
15
12
9
11
11
9
10
12
10
10
11
8
6
10
8
6
8
6
4
4
6
4
4
6
3
6
8
11
7
7
7
9
6
4
8
7
6
5
3
4
7
7
3
5
2
3
5
4
5
8
5
6
8
8
8
3
6
5
7
5
2
7
4
8
4
4
4
4
3
2
4
3
3
2
5
2
2
3
5
5
2
3
5
3
2
5
3
2
1
2
2
1
3
1
2
2
3
3
2
2
1
1
2
2
1
3
2
1
1
4
2
1
3
4
3
4
2
7
5
4
4
4
2
4
2
3
4
3
2
2
Evolution time: 7410ms
3480
3470
3470
3470
3460
3460
3460
3460
3450
3450
3450
3450
3440
3440
3440
3440
3440
3440
3440
3440
3440
3440
3440
3430
3430
3430
3430
3430
3430
3430
3430
3430
3430
3430
3430
3430
3430
3430
3430
3430
3430
3430
3430
3430
3420
3420
3420
3420
3420
3420
3420
3420
3420
3420
3420
3420
3410
3410
3410
3410
3410
3410
3410
3410
3410
3410
3410
3410
3400
3400
3400
3400
3400
3400
3400

Group 0
Block 0: Technische Informatik 1                | Technische Informatik 1 Übung          | Theoretische Informatik 1              | Mathematik 1                           | Technische Informatik 1                | 
Block 1: Informatik 1                           | Fremdsprachen                          | Mathematik 1 Labor                     | Mathematik 1 Labor                     | Theoretische Informatik 1              | 
Block 2: Mathematik 1                           | Fremdsprachen                          | ---------------------------------------| Informatik 1 Übung                     | Informatik 1                           | 
Block 3: ---------------------------------------| ---------------------------------------| ---------------------------------------| ---------------------------------------| ---------------------------------------| 
Block 4: ---------------------------------------| ---------------------------------------| ---------------------------------------| ---------------------------------------| ---------------------------------------| 
Block 5: ---------------------------------------| ---------------------------------------| ---------------------------------------| ---------------------------------------| ---------------------------------------| 

Group 1
Block 0: Technische Informatik 2                | Informatik 2 Übung                     | Informatik 2 Übung                     | Mathematik 2                           | Softwarelabor                          | 
Block 1: Mathematik 2 Labor                     | Softwarelabor                          | Informatik 2                           | Technische Informatik 2                | Softwarelabor                          | 
Block 2: Web-Programming                        | Softwarelabor                          | ---------------------------------------| Informatik 2                           | Sprachen und Metasprachen              | 
Block 3: ---------------------------------------| Digital-Labor                          | ---------------------------------------| ---------------------------------------| ---------------------------------------| 
Block 4: ---------------------------------------| Digital-Labor                          | ---------------------------------------| ---------------------------------------| ---------------------------------------| 
Block 5: ---------------------------------------| Digital-Labor                          | ---------------------------------------| ---------------------------------------| ---------------------------------------| 

Group 2
Block 0: IT Service Management                  | ---------------------------------------| ---------------------------------------| Visualization and Semantics Lab        | Visualization and Semantics            | 
Block 1: Verteilte Informationssysteme          | ---------------------------------------| ---------------------------------------| Datenrepräsentation und -übertragung   | IT Projektmanagement                   | 
Block 2: Mobile Systeme                         | ---------------------------------------| ---------------------------------------| Modellierung und Simulation            | ---------------------------------------| 
Block 3: ---------------------------------------| ---------------------------------------| ---------------------------------------| Intelligente Systeme                   | Projektarbeit1                         | 
Block 4: ---------------------------------------| ---------------------------------------| ---------------------------------------| ---------------------------------------| Projektarbeit1                         | 
Block 5: ---------------------------------------| Führungskräftetraining                 | ---------------------------------------| ---------------------------------------| Projektarbeit1                         | 

Group 3
Block 0: Algorithmenentwurf                     | ---------------------------------------| ---------------------------------------| Algorithmen Übung                      | Data Mining                            | 
Block 1: Angewandte Kryptografie                | ---------------------------------------| ---------------------------------------| Labor Benutzeroberflächen              | IT-Sicherheit                          | 
Block 2: Dialog Systems                         | ---------------------------------------| ---------------------------------------| Labor Verteilte Systeme                | ---------------------------------------| 
Block 3: ---------------------------------------| ---------------------------------------| ---------------------------------------| ---------------------------------------| ---------------------------------------| 
Block 4: ---------------------------------------| ---------------------------------------| ---------------------------------------| ---------------------------------------| Projektarbeit2                         | 
Block 5: ---------------------------------------| Seminar                                | ---------------------------------------| ---------------------------------------| Projektarbeit2                         | 
</DebugTrace>
      </Output>
    </UnitTestResult>
  </Results>
</TestRun>