<?xml version="1.0" encoding="UTF-8"?>
<TestRun id="c4e03303-2a88-41d6-b0c0-2c105b50ac67" name="FloLap@FLOLAP-PC 2011-10-21 21:58:29" runUser="FloLap-PC\FloLap" xmlns="http://microsoft.com/schemas/VisualStudio/TeamTest/2010">
  <TestSettings name="Lokal" id="6ed96bb3-d821-4eee-a79d-3a3069da9890">
    <Description>Dies sind die standardmäßigen Testeinstellungen für einen lokalen Testlauf.</Description>
    <Deployment enabled="false" runDeploymentRoot="FloLap_FLOLAP-PC 2011-10-21 21_58_29">
      <DeploymentItem filename="E:\HsKA\Semester2\Projektarbeit\Stundenplangenerator\TimetablePlanner\TimetablePlanner\bin\Debug\TimetablePlanner.dll" />
    </Deployment>
    <Execution>
      <TestTypeSpecific />
      <AgentRule name="Execution Agents">
      </AgentRule>
    </Execution>
  </TestSettings>
  <Times creation="2011-10-21T21:58:29.7549287+02:00" queuing="2011-10-21T21:58:30.7689305+02:00" start="2011-10-21T21:58:30.8625307+02:00" finish="2011-10-21T21:58:42.2661507+02:00" />
  <ResultSummary outcome="Completed">
    <Counters total="1" executed="1" passed="1" error="0" failed="0" timeout="0" aborted="0" inconclusive="0" passedButRunAborted="0" notRunnable="0" notExecuted="0" disconnected="0" warning="0" completed="0" inProgress="0" pending="0" />
  </ResultSummary>
  <TestDefinitions>
    <UnitTest name="TimetableManualTester" storage="e:\hska\semester2\projektarbeit\stundenplangenerator\timetableplanner\timetableplannertests\bin\debug\timetableplannertests.dll" id="3ada0cc6-2a4d-2d63-7d9f-97d4d443b0f3">
      <Execution id="f262804d-6c68-4a20-8c51-edcf392990d1" />
      <TestMethod codeBase="E:/HsKA/Semester2/Projektarbeit/Stundenplangenerator/TimetablePlanner/TimetablePlannerTests/bin/Debug/TimetablePlannerTests.DLL" adapterTypeName="Microsoft.VisualStudio.TestTools.TestTypes.Unit.UnitTestAdapter, Microsoft.VisualStudio.QualityTools.Tips.UnitTest.Adapter, Version=10.0.0.0, Culture=neutral, PublicKeyToken=b03f5f7f11d50a3a" className="TimetablePlannerTests.TimetableTest, TimetablePlannerTests, Version=1.0.0.0, Culture=neutral, PublicKeyToken=null" name="TimetableManualTester" />
    </UnitTest>
  </TestDefinitions>
  <TestLists>
    <TestList name="Nicht in einer Liste enthaltene Ergebnisse" id="8c84fa94-04c1-424b-9868-57a2d4851a1d" />
    <TestList name="Alle geladenen Ergebnisse" id="19431567-8539-422a-85d7-44ee4e166bda" />
  </TestLists>
  <TestEntries>
    <TestEntry testId="3ada0cc6-2a4d-2d63-7d9f-97d4d443b0f3" executionId="f262804d-6c68-4a20-8c51-edcf392990d1" testListId="8c84fa94-04c1-424b-9868-57a2d4851a1d" />
  </TestEntries>
  <Results>
    <UnitTestResult executionId="f262804d-6c68-4a20-8c51-edcf392990d1" testId="3ada0cc6-2a4d-2d63-7d9f-97d4d443b0f3" testName="TimetableManualTester" computerName="FLOLAP-PC" duration="00:00:10.0643121" startTime="2011-10-21T21:58:30.9093308+02:00" endTime="2011-10-21T21:58:42.1725506+02:00" testType="13cdc9d9-ddb5-4fa4-a97d-d965ccfc6d4b" outcome="Passed" testListId="8c84fa94-04c1-424b-9868-57a2d4851a1d" relativeResultsDirectory="f262804d-6c68-4a20-8c51-edcf392990d1">
      <Output>
        <DebugTrace>Time to create population of size 75: 608ms
1240
1160
1150
1140
1020
920
920
900
900
900
900
830
830
820
810
790
790
790
770
760
740
730
710
700
690
670
660
640
630
630
590
580
550
550
530
530
510
500
500
460
420
410
380
370
370
360
340
340
320
310
300
300
300
240
230
200
190
190
170
170
150
60
40
0
-30
-100
-280
-390
-390
-390
-440
-450
-510
-850
-870
Early abort after 177 generations.
Mean time per generation: 40ms
Mean fitness increase per generation
356
155
115
97
76
63
56
40
42
44
50
44
41
48
47
42
28
37
51
32
43
41
33
33
34
30
29
27
25
20
16
21
25
29
28
24
25
20
23
17
18
23
13
9
15
12
14
7
17
12
15
13
3
14
12
10
12
8
15
15
16
17
12
14
10
12
17
13
15
13
14
17
19
15
7
12
7
5
8
10
9
8
6
13
9
9
8
11
13
3
7
6
8
6
5
3
5
6
5
4
2
7
8
5
4
4
8
4
4
3
4
1
4
2
5
4
4
4
5
6
2
3
1
5
3
2
6
4
3
4
4
2
5
1
2
5
4
1
5
5
3
1
3
1
3
3
1
2
2
5
1
2
2
2
0
3
1
2
4
3
1
1
1
1
2
1
3
1
3
1
2
1
1
1
0
2
2
1
Evolution time: 7285ms
3350
3340
3340
3340
3340
3340
3330
3330
3320
3320
3320
3320
3320
3320
3320
3320
3320
3320
3320
3320
3320
3320
3320
3320
3320
3310
3310
3310
3310
3310
3310
3310
3310
3310
3310
3310
3310
3310
3310
3310
3310
3310
3300
3300
3300
3300
3300
3300
3300
3300
3300
3300
3300
3300
3300
3300
3300
3300
3300
3300
3300
3300
3300
3300
3300
3300
3300
3300
3300
3300
3300
3300
3300
3300
3300

Group 0
Block 0: Informatik 1                           | Fremdsprachen                          | Mathematik 1                           | Mathematik 1                           | Mathematik 1 Labor                     | 
Block 1: Mathematik 1 Labor                     | Fremdsprachen                          | Theoretische Informatik 1              | Informatik 1 Übung                     | Technische Informatik 1 Übung          | 
Block 2: Technische Informatik 1                | Technische Informatik 1                | ---------------------------------------| Informatik 1                           | Theoretische Informatik 1              | 
Block 3: ---------------------------------------| ---------------------------------------| ---------------------------------------| ---------------------------------------| ---------------------------------------| 
Block 4: ---------------------------------------| ---------------------------------------| ---------------------------------------| ---------------------------------------| ---------------------------------------| 
Block 5: ---------------------------------------| ---------------------------------------| ---------------------------------------| ---------------------------------------| ---------------------------------------| 

Group 1
Block 0: Mathematik 2                           | Mathematik 2 Labor                     | Web-Programming                        | Softwarelabor                          | Informatik 2                           | 
Block 1: Informatik 2                           | Technische Informatik 2                | Technische Informatik 2                | Softwarelabor                          | Softwarelabor                          | 
Block 2: ---------------------------------------| Informatik 2 Übung                     | ---------------------------------------| Digital-Labor                          | Softwarelabor                          | 
Block 3: ---------------------------------------| ---------------------------------------| ---------------------------------------| Digital-Labor                          | Sprachen und Metasprachen              | 
Block 4: ---------------------------------------| ---------------------------------------| ---------------------------------------| Digital-Labor                          | Informatik 2 Übung                     | 
Block 5: ---------------------------------------| ---------------------------------------| ---------------------------------------| ---------------------------------------| ---------------------------------------| 

Group 2
Block 0: ---------------------------------------| Visualization and Semantics Lab        | Datenrepräsentation und -übertragung   | Verteilte Informationssysteme          | Modellierung und Simulation            | 
Block 1: Mobile Systeme                         | IT Projektmanagement                   | Visualization and Semantics            | IT Service Management                  | ---------------------------------------| 
Block 2: Intelligente Systeme                   | ---------------------------------------| ---------------------------------------| ---------------------------------------| ---------------------------------------| 
Block 3: ---------------------------------------| Projektarbeit1                         | ---------------------------------------| ---------------------------------------| ---------------------------------------| 
Block 4: ---------------------------------------| Projektarbeit1                         | ---------------------------------------| ---------------------------------------| ---------------------------------------| 
Block 5: ---------------------------------------| Projektarbeit1                         | ---------------------------------------| ---------------------------------------| Führungskräftetraining                 | 

Group 3
Block 0: Angewandte Kryptografie                | Labor Verteilte Systeme                | Labor Benutzeroberflächen              | Dialog Systems                         | ---------------------------------------| 
Block 1: Algorithmenentwurf                     | ---------------------------------------| Data Mining                            | IT-Sicherheit                          | Algorithmen Übung                      | 
Block 2: ---------------------------------------| ---------------------------------------| ---------------------------------------| ---------------------------------------| ---------------------------------------| 
Block 3: ---------------------------------------| ---------------------------------------| ---------------------------------------| ---------------------------------------| ---------------------------------------| 
Block 4: ---------------------------------------| ---------------------------------------| Projektarbeit2                         | ---------------------------------------| Seminar                                | 
Block 5: ---------------------------------------| ---------------------------------------| Projektarbeit2                         | ---------------------------------------| ---------------------------------------| 
</DebugTrace>
      </Output>
    </UnitTestResult>
  </Results>
</TestRun>