<?xml version="1.0" encoding="UTF-8"?>
<TestRun id="795df760-8028-445f-8219-c4ca2175409c" name="FloLap@FLOLAP-PC 2011-10-12 19:06:35" runUser="FloLap-PC\FloLap" xmlns="http://microsoft.com/schemas/VisualStudio/TeamTest/2010">
  <TestSettings name="Lokal" id="6ed96bb3-d821-4eee-a79d-3a3069da9890">
    <Description>Dies sind die standardmäßigen Testeinstellungen für einen lokalen Testlauf.</Description>
    <Deployment enabled="false" runDeploymentRoot="FloLap_FLOLAP-PC 2011-10-12 19_06_35">
      <DeploymentItem filename="E:\HsKA\Semester2\Projektarbeit\Stundenplangenerator\TimetablePlanner\TimetablePlanner\bin\Debug\TimetablePlanner.dll" />
    </Deployment>
    <Execution>
      <TestTypeSpecific />
      <AgentRule name="Execution Agents">
      </AgentRule>
    </Execution>
  </TestSettings>
  <Times creation="2011-10-12T19:06:35.9052404+02:00" queuing="2011-10-12T19:06:37.1513117+02:00" start="2011-10-12T19:06:37.4173269+02:00" finish="2011-10-12T19:07:19.8667549+02:00" />
  <ResultSummary outcome="Completed">
    <Counters total="1" executed="1" passed="1" error="0" failed="0" timeout="0" aborted="0" inconclusive="0" passedButRunAborted="0" notRunnable="0" notExecuted="0" disconnected="0" warning="0" completed="0" inProgress="0" pending="0" />
  </ResultSummary>
  <TestDefinitions>
    <UnitTest name="createTimetableInstanceTest" storage="e:\hska\semester2\projektarbeit\stundenplangenerator\timetableplanner\timetableplannertests\bin\debug\timetableplannertests.dll" id="ab441b29-9837-01bf-f43f-7839c8f73716">
      <Execution id="7b05838a-42c5-4427-92b5-c6cf5cf9d724" />
      <TestMethod codeBase="E:/HsKA/Semester2/Projektarbeit/Stundenplangenerator/TimetablePlanner/TimetablePlannerTests/bin/Debug/TimetablePlannerTests.DLL" adapterTypeName="Microsoft.VisualStudio.TestTools.TestTypes.Unit.UnitTestAdapter, Microsoft.VisualStudio.QualityTools.Tips.UnitTest.Adapter, Version=10.0.0.0, Culture=neutral, PublicKeyToken=b03f5f7f11d50a3a" className="TimetablePlannerTests.TimetableTest, TimetablePlannerTests, Version=1.0.0.0, Culture=neutral, PublicKeyToken=null" name="createTimetableInstanceTest" />
    </UnitTest>
  </TestDefinitions>
  <TestLists>
    <TestList name="Nicht in einer Liste enthaltene Ergebnisse" id="8c84fa94-04c1-424b-9868-57a2d4851a1d" />
    <TestList name="Alle geladenen Ergebnisse" id="19431567-8539-422a-85d7-44ee4e166bda" />
  </TestLists>
  <TestEntries>
    <TestEntry testId="ab441b29-9837-01bf-f43f-7839c8f73716" executionId="7b05838a-42c5-4427-92b5-c6cf5cf9d724" testListId="8c84fa94-04c1-424b-9868-57a2d4851a1d" />
  </TestEntries>
  <Results>
    <UnitTestResult executionId="7b05838a-42c5-4427-92b5-c6cf5cf9d724" testId="ab441b29-9837-01bf-f43f-7839c8f73716" testName="createTimetableInstanceTest" computerName="FLOLAP-PC" duration="00:00:40.6900484" startTime="2011-10-12T19:06:37.6283390+02:00" endTime="2011-10-12T19:07:19.7517483+02:00" testType="13cdc9d9-ddb5-4fa4-a97d-d965ccfc6d4b" outcome="Passed" testListId="8c84fa94-04c1-424b-9868-57a2d4851a1d" relativeResultsDirectory="7b05838a-42c5-4427-92b5-c6cf5cf9d724">
      <Output>
        <DebugTrace>Time to create population of size 50: 256ms
10000: 000,000,030,000,000,000,011,011,000,000,000,000,000,000,000,000,000,000,017,017,017,000,014,000,000,000,000,000,000,000,028,028,028,000,000,000,000,000,000,000,000,000,000,000,000,000,000,000,000,000,006,000,000,000,000,000,016,000,000,000,000,001,000,000,000,000,000,000,000,000,000,000,000,006,000,000,000,000,000,000,000,000,012,000,000,000,000,036,000,000,000,021,000,000,000,000,000,026,027,000,000,000,032,000,000,000,000,000,000,000,000,000,000,000,000,000,000,000,000,000,000,000,000,000,000,000,000,000,000,000,000,000,000,000,000,000,000,000,000,000,000,000,000,000,000,000,000,000,000,000,000,000,000,000,000,000,000,000,000,000,000,000,000,000,000,000,000,000,000,000,000,000,000,000,000,000,000,000,000,000,010,000,000,000,000,000,000,000,025,000,000,000,000,000,000,022,000,000,000,000,005,007,000,000,000,000,005,015,000,000,000,003,000,000,037,037,000,001,000,000,000,000,000,009,000,000,000,000,029,000,031,000,018,000,000,003,000,000,000,000,000,000,000,000,000,000,000,004,000,000,000,000,000,000,000,000,000,000,038,000,000,000,000,000,000,000,000,000,000,000,000,000,000,000,000,000,000,000,000,000,000,000,000,000,000,000,000,000,000,000,000,000,000,000,000,000,000,000,000,000,000,000,020,000,000,009,024,000,007,000,000,000,000,023,034,000,000,000,016,000,000,000,000,000,000,000,013,000,000,000,000,000,000,000,000,035,000,000,019,000,008,008,000,000,000,011,011,010,000,000,000,000,002,000,000,033,000,000,000,000,
10000: 000,012,000,000,014,000,000,000,000,000,000,000,026,005,000,000,000,000,032,000,000,000,000,000,007,000,020,000,000,035,000,000,000,000,009,000,000,000,000,028,028,028,000,000,000,033,000,000,000,000,000,000,000,000,000,001,000,027,000,000,000,011,011,000,000,000,000,000,000,000,000,000,000,029,000,000,000,000,000,000,000,000,000,021,000,000,000,000,000,000,000,000,000,000,000,000,000,000,000,000,000,000,000,000,000,004,000,000,007,000,000,000,000,000,000,000,000,002,000,000,023,000,000,000,003,000,010,000,000,000,000,000,000,000,038,000,000,000,000,000,000,000,000,000,000,000,000,000,000,000,000,000,000,000,000,000,018,000,000,000,000,000,000,000,000,000,000,000,000,016,000,000,000,000,000,000,000,008,008,005,000,000,000,000,000,000,000,000,031,000,000,000,000,000,000,000,000,000,000,000,000,000,000,000,025,000,000,000,000,000,036,000,000,000,000,000,000,000,000,000,000,000,000,000,000,000,000,000,015,000,000,000,000,000,000,022,000,000,000,000,000,000,000,000,006,030,000,000,000,000,000,000,000,000,000,000,000,000,000,000,000,011,011,000,000,000,000,009,006,000,000,000,000,000,000,034,000,000,000,000,000,016,000,000,000,000,000,000,000,000,000,000,000,000,000,000,000,000,024,000,000,001,000,000,000,000,000,000,000,003,000,019,000,000,000,000,000,000,000,000,000,000,000,000,000,017,017,017,000,000,037,037,000,000,000,000,000,000,000,000,000,000,000,000,000,000,000,013,000,000,000,000,000,000,000,010,000,000,000,000,
10000: 000,000,000,000,000,000,000,000,000,000,000,000,000,013,000,000,000,000,000,015,000,000,000,000,000,000,000,000,000,000,000,000,000,000,000,000,000,000,008,008,000,000,000,000,017,017,017,000,000,000,000,000,000,000,025,000,000,000,014,000,000,000,000,000,000,000,000,016,000,000,018,000,000,000,000,012,000,000,000,000,000,000,000,000,000,000,000,000,000,000,000,000,000,000,000,031,000,006,000,004,000,000,000,000,000,000,000,000,000,000,000,000,000,000,000,000,000,000,000,000,000,000,000,032,000,010,000,000,000,000,000,000,000,000,000,000,000,000,009,035,000,000,000,000,000,005,000,016,000,000,000,000,000,020,000,000,000,000,000,000,000,000,000,000,000,000,000,000,003,000,000,000,000,000,000,002,000,000,000,000,000,000,000,000,026,000,009,000,000,000,000,000,000,000,021,007,038,000,022,024,000,000,000,000,000,000,000,000,037,037,000,000,000,000,000,000,000,000,000,000,003,000,000,000,000,000,000,000,000,000,000,000,000,000,000,000,000,000,000,000,000,000,000,000,000,000,000,000,000,000,011,011,000,000,000,000,000,000,000,000,000,000,000,001,005,000,000,000,000,000,010,000,011,011,000,000,027,000,000,000,000,000,000,000,000,000,000,000,000,000,000,000,000,023,000,000,000,000,000,000,000,000,000,036,030,000,000,000,000,028,028,028,000,000,000,006,000,000,000,000,000,000,000,000,000,000,000,001,000,000,000,000,000,000,000,034,000,000,000,000,000,000,000,000,000,000,000,033,029,000,000,007,000,000,000,000,000,019,000,000,
10000: 000,000,000,000,000,000,010,018,000,000,000,000,000,027,000,017,017,017,000,000,000,000,000,000,000,000,000,000,000,000,000,007,000,000,037,037,000,000,000,000,000,000,000,000,000,005,000,000,021,000,000,000,000,000,000,000,038,000,034,000,000,000,000,008,008,000,000,000,000,000,000,000,000,000,000,000,000,003,000,000,029,000,000,000,000,000,030,000,000,000,000,000,000,007,000,000,024,000,020,000,000,000,000,000,000,019,000,000,031,005,000,000,000,000,000,000,000,000,000,000,000,000,000,000,000,000,000,000,000,000,000,000,000,000,032,000,000,000,000,011,011,000,000,000,000,000,000,000,036,000,015,009,000,000,000,000,013,000,000,000,000,000,000,000,000,000,000,000,001,000,000,000,000,000,000,000,033,000,000,000,000,000,000,000,000,000,000,000,000,000,000,000,000,000,000,023,000,000,000,000,006,000,000,014,000,000,009,000,006,004,000,000,000,000,000,000,002,000,000,000,000,000,000,022,000,000,000,000,000,000,000,000,010,000,000,000,000,000,000,000,000,000,000,000,025,000,000,000,000,000,012,000,000,000,000,000,026,000,000,000,000,000,035,000,028,028,028,000,000,000,000,000,016,000,000,000,000,000,000,000,000,000,000,000,000,000,000,000,000,000,000,000,000,000,000,000,000,000,000,000,016,000,000,000,000,000,000,000,000,000,000,000,003,000,000,000,000,000,000,000,000,000,000,000,000,000,000,000,000,000,000,000,000,000,000,000,000,000,000,000,011,011,000,000,000,000,000,000,000,000,000,000,000,000,000,000,001,000,000,000,
10000: 000,016,000,033,000,000,000,000,000,000,000,000,000,008,008,000,000,014,000,000,000,006,000,000,006,000,000,000,000,000,000,015,000,000,000,000,000,000,000,000,000,022,000,000,000,000,000,000,000,000,000,000,000,000,017,017,017,000,000,000,000,000,000,000,000,000,000,000,029,000,000,000,000,000,000,000,000,000,000,000,000,000,000,000,000,000,000,000,000,000,000,000,007,004,002,000,000,000,000,013,000,000,000,000,000,009,000,000,000,000,000,003,027,000,020,005,000,000,000,000,000,000,000,030,000,000,000,000,000,000,000,000,000,000,007,000,000,000,000,000,000,000,011,011,000,000,000,000,000,031,000,000,000,000,000,000,011,011,000,000,000,000,000,000,021,000,000,000,000,000,000,000,036,038,000,035,000,000,000,000,000,000,000,000,010,000,000,000,019,000,000,000,000,000,000,000,000,000,000,000,000,000,000,000,000,000,000,000,000,000,000,000,000,000,000,000,000,001,000,000,000,000,032,025,000,000,000,000,000,000,000,000,000,000,000,037,037,001,000,000,000,000,000,000,000,000,024,000,000,000,000,018,028,028,028,000,000,000,000,000,009,000,000,026,000,000,000,000,000,000,000,000,000,000,000,000,000,000,000,000,000,000,000,000,000,000,000,000,000,000,000,000,000,000,000,000,000,000,000,000,000,000,000,000,000,000,000,000,000,000,000,000,000,023,000,000,000,000,000,000,000,012,016,000,000,000,000,000,000,000,000,005,034,000,000,000,010,000,000,000,000,000,000,000,000,000,000,000,000,000,000,000,000,000,000,003,000,000,000,000,
10000: 029,000,017,017,017,006,036,000,000,000,000,000,000,000,009,000,000,000,000,003,000,000,000,000,000,000,000,000,000,000,007,000,000,000,000,000,000,000,000,006,000,000,033,000,000,000,000,000,000,002,000,000,000,000,000,000,000,000,000,034,000,000,000,000,000,021,000,000,000,000,032,000,000,000,000,000,000,000,000,037,037,000,000,000,000,000,000,000,003,000,000,000,035,000,000,000,000,000,000,031,000,000,000,000,000,000,000,000,000,000,000,000,000,000,000,025,018,000,000,000,000,000,000,000,000,000,015,000,000,000,000,000,000,000,000,000,000,000,000,000,000,000,000,000,013,000,000,038,000,000,001,000,000,000,000,000,000,007,005,000,000,000,000,000,000,000,000,000,000,000,000,000,000,000,000,000,000,000,030,000,000,000,000,000,000,000,000,000,027,024,000,000,000,000,000,000,000,000,000,000,000,000,000,000,000,000,000,000,014,000,000,000,000,000,000,000,000,000,008,008,004,000,000,009,000,000,000,000,022,000,000,000,000,000,000,011,011,001,000,000,023,000,000,000,000,005,000,000,000,000,000,000,012,000,000,000,000,000,000,000,000,000,000,010,028,028,028,000,000,000,000,000,000,000,000,000,000,000,000,000,000,000,000,000,000,000,000,000,000,000,000,000,000,000,000,000,000,000,000,000,000,000,000,000,000,000,000,000,000,000,000,000,000,000,000,016,016,000,000,000,000,000,000,000,010,000,000,000,000,000,000,000,000,000,020,000,000,000,000,000,000,000,000,019,000,000,000,000,011,011,000,000,000,000,000,026,000,000,000,000,
10000: 000,000,000,000,000,000,000,000,000,000,015,007,000,010,000,000,000,000,036,000,014,000,000,000,000,000,000,000,000,000,029,000,000,000,000,000,025,000,038,000,000,000,019,012,000,000,000,000,000,000,000,000,000,000,000,000,000,000,000,000,000,000,000,000,000,032,000,000,000,000,000,000,005,000,000,000,000,035,000,000,000,000,000,000,000,000,000,016,000,000,000,017,017,017,000,000,033,000,000,003,000,000,000,023,000,000,000,000,000,005,000,000,000,000,000,000,000,000,000,000,000,000,000,000,000,000,000,000,000,000,000,000,000,000,000,000,000,000,024,037,037,000,000,000,000,000,000,000,000,000,000,000,000,000,000,000,000,000,000,000,013,006,000,011,011,000,000,000,000,000,000,000,000,000,000,000,000,000,000,000,000,000,000,000,000,000,000,000,000,031,000,000,000,022,000,000,000,000,008,008,000,000,000,000,001,000,000,000,000,000,000,000,000,000,021,000,000,000,000,000,000,000,027,000,000,000,000,000,000,010,030,011,011,000,000,000,000,000,000,000,000,000,000,000,000,016,000,000,001,000,000,034,000,009,000,000,000,000,000,000,000,000,026,009,000,000,000,000,000,000,000,002,000,000,000,000,000,000,000,000,000,000,028,028,028,000,000,000,000,000,000,000,004,000,000,000,000,000,000,000,000,000,000,000,000,000,000,000,000,000,000,000,000,000,000,000,000,000,000,000,000,000,000,000,000,000,000,000,000,018,000,000,000,000,003,000,000,007,000,000,006,000,000,000,000,000,000,000,000,000,000,000,000,000,020,000,000,000,000,000,
10000: 000,033,000,010,000,021,000,000,000,008,008,000,000,000,000,000,000,006,000,000,000,000,000,000,000,000,000,037,037,000,000,028,028,028,000,000,000,000,000,000,000,000,000,000,000,000,011,011,000,000,000,000,000,004,000,000,000,000,000,005,000,000,000,000,000,000,000,000,001,000,019,000,000,000,035,000,000,000,031,000,000,000,000,000,000,000,000,000,000,000,000,000,000,000,000,000,000,000,000,000,000,000,000,000,000,000,000,000,000,000,000,000,000,000,000,000,000,029,010,000,034,036,000,000,000,000,023,000,000,000,000,000,000,000,000,000,000,000,003,024,003,000,000,000,000,000,000,018,000,000,000,000,000,000,000,000,000,000,000,000,000,000,016,000,000,000,000,000,000,000,000,000,000,000,000,000,000,000,000,000,000,000,000,000,007,000,020,000,000,000,000,000,000,000,000,000,000,000,000,000,000,000,025,000,000,000,000,000,000,000,000,000,006,000,000,000,000,016,000,032,000,000,000,000,000,000,000,000,026,000,002,000,000,000,000,000,000,000,000,027,030,000,000,000,000,000,000,000,000,000,009,000,000,009,000,000,000,000,000,038,000,000,000,012,015,000,000,000,000,000,000,000,000,000,000,000,000,000,000,000,000,000,000,000,000,017,017,017,000,000,000,000,000,000,000,000,007,000,000,000,000,000,000,000,000,000,000,000,000,000,000,000,000,000,001,000,000,000,000,000,000,000,000,005,000,000,000,000,000,000,022,000,011,011,014,000,000,000,000,000,000,000,000,000,000,000,000,000,000,000,000,000,000,000,000,013,000,000,000,000,
10000: 000,001,000,000,000,000,000,000,000,000,000,000,010,000,000,000,000,000,000,005,000,022,000,000,000,000,000,000,000,033,000,000,000,000,000,000,000,000,000,000,000,000,000,002,000,000,015,000,000,000,000,000,000,000,000,028,028,028,000,000,008,008,025,000,000,000,000,000,000,000,000,000,000,000,000,035,000,004,000,000,000,000,000,000,000,000,000,000,000,007,000,000,000,000,000,000,000,000,000,032,000,000,000,000,000,000,016,038,000,000,000,000,000,000,009,000,000,000,000,000,016,000,000,000,000,000,000,000,023,000,000,000,000,000,000,000,000,026,000,031,000,000,000,000,000,000,000,000,000,000,000,000,000,000,000,000,000,000,000,000,000,000,000,000,012,000,000,000,000,000,000,007,000,000,000,000,000,000,000,000,000,024,000,018,000,000,000,009,000,000,000,000,000,000,000,000,000,000,000,000,000,000,005,000,011,011,000,000,000,029,000,000,000,000,000,000,000,013,000,000,000,000,000,000,000,000,000,000,000,000,000,000,000,000,000,000,000,000,000,000,000,000,000,000,000,000,000,000,000,000,000,000,000,021,000,000,020,001,000,000,000,000,006,000,000,000,030,000,000,000,000,000,000,000,000,010,000,000,000,027,000,000,000,000,000,000,011,011,000,000,000,000,000,000,000,000,000,000,000,000,000,000,000,003,000,000,000,017,017,017,000,019,000,000,000,000,000,000,000,000,003,000,000,000,000,000,000,000,000,000,000,000,000,000,037,037,000,036,034,000,000,000,014,000,000,000,000,000,000,000,000,006,000,000,000,000,000,000,000,000,
10000: 000,000,000,000,000,000,010,000,000,000,000,000,000,000,000,000,000,000,000,000,000,000,000,000,000,038,000,024,000,000,000,034,000,000,013,000,000,000,000,000,029,000,000,000,000,000,000,000,000,000,000,000,000,000,000,015,000,000,000,000,000,000,000,000,000,000,000,000,000,006,000,000,000,000,000,017,017,017,012,006,000,000,000,032,000,000,000,000,000,000,007,000,000,016,000,000,000,000,000,000,000,000,000,000,000,000,000,007,000,000,000,000,000,000,000,000,000,000,000,000,000,000,000,003,000,000,000,000,000,000,000,000,000,000,000,020,000,025,000,000,000,000,000,000,000,000,000,000,000,000,008,008,000,018,000,000,000,001,000,000,000,000,000,021,000,000,000,000,000,000,022,000,000,000,000,000,000,019,000,000,000,001,000,000,000,000,000,000,000,010,000,000,000,000,000,000,000,000,000,023,000,000,000,000,000,000,000,000,000,000,000,000,000,000,000,000,000,000,000,000,035,000,000,014,000,000,000,000,000,000,000,000,000,000,000,000,000,000,030,000,027,031,000,033,000,000,000,000,000,000,000,000,000,000,037,037,000,000,009,005,000,000,000,000,000,000,000,000,000,000,000,000,000,000,000,000,000,000,000,000,011,011,002,000,000,000,000,000,000,016,000,003,000,000,026,000,000,000,000,000,000,028,028,028,000,000,000,011,011,000,000,000,000,000,000,000,000,005,000,000,000,000,000,000,000,000,000,000,000,000,000,000,000,000,000,000,000,000,004,000,000,000,000,000,000,000,000,000,000,000,000,000,009,000,000,000,000,000,036,000,
10000: 000,009,000,000,000,029,022,000,000,000,000,000,000,000,000,016,000,000,000,000,000,010,000,000,000,000,000,000,000,000,000,000,000,000,001,000,000,000,000,019,000,000,000,024,000,000,000,000,000,000,000,000,036,000,000,000,000,000,000,000,000,000,000,000,000,000,000,000,000,000,000,000,000,000,000,000,000,000,000,000,000,000,000,000,000,000,028,028,028,000,000,000,000,000,000,000,000,010,000,000,000,026,000,000,000,000,000,004,000,000,000,003,018,000,011,011,000,000,000,000,000,007,000,003,000,000,000,000,000,000,000,000,000,000,000,000,000,000,000,000,000,000,000,000,000,035,025,000,000,000,000,000,000,000,000,000,000,000,014,000,000,000,000,006,000,000,032,000,000,000,000,000,000,007,000,000,000,000,000,000,000,030,000,008,008,038,033,000,000,000,000,000,000,000,000,000,000,000,000,000,000,000,000,000,000,000,000,000,000,000,000,000,000,000,000,000,000,000,023,020,000,000,000,000,000,000,000,000,005,000,001,000,000,000,000,000,000,000,000,000,000,000,000,000,000,000,000,016,000,000,000,000,000,000,000,000,000,000,000,000,000,000,000,000,011,011,000,000,000,000,000,000,000,000,000,000,000,000,000,000,000,000,000,000,000,000,000,000,000,000,006,000,000,000,000,000,000,000,027,005,000,000,000,000,000,000,000,000,000,000,000,000,015,000,000,000,000,013,017,017,017,031,000,000,000,000,000,000,000,000,009,000,000,021,000,000,000,000,000,002,000,000,000,012,000,037,037,000,000,000,000,000,000,000,000,000,000,000,034,000,
10000: 000,000,000,000,014,000,030,000,000,008,008,000,017,017,017,000,000,000,000,000,000,000,000,000,000,000,000,000,000,000,035,000,009,000,034,015,000,000,000,000,000,000,000,000,000,000,000,000,000,000,000,000,000,000,000,025,000,000,000,000,000,000,000,000,000,000,000,000,000,000,023,020,000,000,000,000,000,000,000,027,000,000,000,000,000,000,007,000,000,000,005,000,000,000,000,000,036,000,000,000,000,000,000,000,003,000,000,024,000,000,000,029,000,000,000,010,000,000,000,000,000,000,000,000,000,000,010,000,002,000,000,000,021,000,000,000,000,000,000,000,000,000,000,000,000,000,000,000,000,000,000,000,000,000,000,031,000,000,000,000,000,032,000,026,000,013,000,001,000,000,000,000,000,000,000,000,000,000,000,000,000,007,000,000,000,000,000,000,000,000,003,000,000,000,006,000,000,000,000,012,000,000,000,000,000,000,000,000,000,000,000,000,000,000,000,000,000,000,000,000,038,000,000,000,000,000,000,000,006,000,000,028,028,028,000,000,000,000,000,000,000,000,000,000,000,000,000,000,000,000,000,000,000,000,000,000,000,000,000,000,000,000,000,000,000,000,000,000,011,011,000,000,000,000,000,000,000,000,000,000,000,000,000,000,000,000,000,000,022,000,000,000,000,000,000,037,037,000,000,000,000,033,000,000,000,000,004,000,000,000,000,000,000,016,000,000,000,000,000,000,000,009,000,000,001,011,011,000,000,000,000,000,000,000,000,018,019,000,005,000,000,000,000,016,000,000,000,000,000,000,000,000,000,000,000,000,000,000,000,000,
10000: 000,000,000,000,000,000,009,000,000,000,000,005,000,000,000,000,000,000,006,000,000,000,000,000,000,000,000,000,004,000,000,000,030,000,018,000,027,000,000,000,000,000,000,000,000,000,000,000,000,000,000,000,000,000,000,000,000,000,000,000,000,000,000,000,000,000,026,000,001,000,000,000,000,000,000,000,000,000,000,000,000,000,000,000,000,000,000,028,028,028,000,000,000,000,000,034,000,000,000,000,000,003,000,000,000,000,000,000,000,000,000,000,016,019,032,000,000,000,000,000,000,000,000,000,000,000,000,000,000,000,000,000,000,000,015,000,000,000,000,000,000,021,000,000,000,038,000,016,000,000,000,023,000,010,006,000,000,000,000,000,000,000,000,000,000,031,000,007,000,000,000,000,000,000,000,000,000,000,000,000,013,000,000,000,000,003,000,000,000,000,000,000,000,000,000,000,000,000,000,000,000,000,000,009,000,000,000,000,000,000,000,000,000,000,000,000,000,000,000,000,000,000,000,033,000,000,000,000,000,000,000,000,024,000,000,000,000,000,000,000,000,017,017,017,000,000,000,000,000,022,011,011,000,000,000,000,000,000,000,037,037,000,000,000,000,000,000,000,000,000,000,000,000,007,000,000,000,000,000,000,000,000,000,000,000,000,000,000,000,000,008,008,000,000,000,012,001,000,000,000,000,000,029,000,000,000,000,000,000,010,000,000,000,014,000,000,000,000,000,000,000,000,025,000,000,000,000,000,000,000,000,000,036,000,000,000,000,000,005,000,020,000,000,000,000,000,011,011,000,000,000,000,000,035,000,002,000,000,000,000,
10000: 000,000,000,000,000,000,000,000,000,000,000,000,000,000,000,000,000,000,000,000,000,000,000,000,000,000,000,000,000,000,000,030,000,000,000,000,000,003,000,000,000,000,000,007,000,000,000,000,000,000,014,000,000,000,000,000,000,000,024,000,000,011,011,034,000,000,000,015,004,012,023,000,000,000,000,000,000,000,000,000,000,000,000,000,000,000,000,028,028,028,000,000,000,000,000,000,000,001,000,000,021,000,000,000,000,000,000,000,000,000,000,000,019,000,000,000,000,000,000,000,000,000,000,000,000,000,000,000,001,000,000,000,011,011,000,000,000,000,000,000,000,000,000,000,000,000,000,000,000,000,000,000,000,035,000,000,000,027,000,007,000,000,000,000,000,008,008,000,000,000,000,000,000,000,000,000,000,032,013,000,000,000,000,000,000,000,000,000,000,000,000,006,000,000,000,000,000,000,000,000,000,000,000,000,000,000,000,000,000,000,000,009,000,037,037,000,000,000,000,000,031,000,000,000,000,000,000,000,016,000,000,010,000,000,022,000,000,000,036,000,000,000,000,000,000,000,000,000,000,000,000,000,000,000,000,000,033,010,038,005,000,000,000,000,000,000,000,000,000,000,000,000,000,000,029,002,000,000,000,000,000,000,000,016,000,000,006,000,000,000,000,000,000,000,000,000,000,000,018,000,000,000,020,000,000,000,000,000,000,000,000,000,000,000,000,000,000,000,000,000,000,000,000,000,000,000,000,000,000,000,000,000,017,017,017,003,026,000,000,000,000,000,000,000,000,025,005,000,000,000,000,000,000,000,000,009,000,000,000,000,
10000: 000,000,000,000,000,020,000,000,000,000,000,000,000,000,029,000,000,000,000,000,000,000,000,000,000,016,000,000,000,000,000,000,000,000,011,011,000,000,000,000,000,000,000,000,000,000,000,000,000,000,000,000,000,001,000,000,000,000,000,000,030,000,000,000,000,000,000,000,000,000,000,002,022,004,013,003,000,018,000,000,000,000,000,001,027,000,000,000,000,000,000,000,000,000,000,000,000,000,000,000,000,000,000,000,000,000,000,000,000,000,000,000,000,000,000,000,000,000,000,000,000,000,000,000,015,000,000,000,000,006,033,000,000,000,000,000,000,000,000,000,000,005,000,000,000,000,000,000,003,034,009,000,000,000,000,000,000,000,000,000,025,000,000,024,000,000,000,000,000,000,000,000,000,000,000,000,000,000,000,000,000,000,000,000,000,032,000,000,000,000,000,000,000,000,000,000,000,000,000,000,000,000,000,000,000,010,000,000,000,000,000,006,000,000,000,000,000,000,000,000,011,011,000,000,000,000,000,000,000,000,000,000,000,000,007,000,000,000,000,000,000,000,000,010,000,035,000,000,000,000,000,021,014,000,000,026,000,000,000,000,000,000,000,000,000,000,000,005,000,000,000,017,017,017,000,000,000,000,031,028,028,028,038,000,037,037,000,019,000,000,000,023,000,000,000,000,000,000,000,000,000,012,000,000,000,000,000,009,000,000,000,000,000,000,000,000,000,000,036,000,000,000,000,000,000,000,000,000,000,000,000,000,000,000,000,000,000,008,008,000,000,000,000,000,000,000,016,000,000,000,000,000,000,000,007,000,000,000,000,000,
10000: 001,000,000,000,000,000,000,000,000,000,000,000,000,000,000,000,000,000,000,000,000,000,000,000,000,000,000,000,000,000,000,000,000,025,000,000,000,000,000,000,000,000,031,000,000,006,000,000,000,000,000,000,000,000,000,000,000,000,000,000,000,000,000,000,000,000,000,000,000,000,035,000,000,000,000,000,000,000,000,000,000,000,000,000,000,000,000,000,016,000,000,027,000,000,000,000,000,000,000,000,000,000,000,000,000,000,000,000,008,008,014,000,000,000,003,033,000,011,011,000,000,000,000,000,000,000,013,000,000,000,000,000,017,017,017,022,019,000,000,000,000,000,000,010,000,000,000,000,000,000,015,000,000,000,000,000,000,029,000,000,000,000,021,000,011,011,000,009,000,000,000,000,000,000,006,000,000,000,000,000,000,000,000,000,000,000,000,000,000,000,000,000,000,000,000,000,000,005,000,000,000,000,000,000,012,000,000,000,000,000,000,000,007,000,000,000,002,000,000,000,034,000,000,000,009,016,000,000,000,000,000,000,000,000,000,000,000,000,000,000,001,000,000,000,000,000,000,000,000,000,000,000,000,000,000,000,000,000,000,030,000,000,000,000,000,000,000,000,000,000,007,000,000,000,000,032,000,026,000,000,000,000,000,005,000,000,037,037,036,004,000,000,000,000,000,000,000,000,000,000,000,000,000,000,000,000,000,028,028,028,000,000,000,000,000,000,000,000,000,000,000,000,000,000,000,024,003,000,000,000,000,000,000,000,038,000,000,000,000,010,000,018,000,000,000,000,000,000,000,000,000,023,000,020,000,000,000,000,000,000,
10000: 000,000,030,000,000,000,000,000,000,027,000,000,000,000,000,015,000,000,000,000,000,000,000,000,000,000,000,000,000,000,026,000,000,000,000,000,000,000,000,000,024,000,000,000,000,016,000,000,000,000,000,002,000,000,000,000,000,000,007,000,000,000,000,000,000,000,000,032,000,007,000,000,000,000,005,000,000,000,000,000,000,000,000,000,000,000,000,000,000,000,000,000,000,000,035,000,000,000,000,000,000,000,000,000,000,000,000,009,000,000,000,000,000,000,000,000,000,034,000,000,000,000,000,001,000,000,033,000,000,000,000,000,000,000,000,000,000,000,000,000,000,000,000,000,000,000,004,000,010,000,000,000,000,000,000,000,000,000,000,000,000,000,000,000,000,018,000,000,000,000,000,000,008,008,000,025,000,012,000,010,000,000,000,000,000,000,000,000,000,000,000,000,000,000,000,000,019,000,000,000,000,000,000,000,000,000,000,000,006,029,000,000,000,016,000,000,000,000,000,000,000,000,000,000,000,009,023,000,000,000,000,003,000,000,000,000,022,000,000,000,000,001,000,000,000,000,000,000,013,028,028,028,000,000,000,000,000,000,000,000,000,000,000,000,000,000,000,000,000,000,000,036,000,000,000,000,000,000,000,000,000,031,000,000,000,000,000,000,000,000,000,000,000,000,037,037,000,000,000,000,000,000,014,000,000,000,000,000,000,000,003,000,000,000,000,000,000,000,000,000,000,000,000,000,000,000,000,000,011,011,000,017,017,017,000,000,000,000,000,000,000,006,020,000,011,011,000,000,000,000,000,000,005,000,038,000,000,000,021,000,
10000: 000,000,000,000,000,000,000,000,000,029,000,036,000,008,008,000,000,000,000,000,000,000,000,000,000,000,000,000,000,000,000,000,000,000,000,000,000,000,000,000,000,000,000,000,000,000,000,000,000,000,000,000,009,000,000,000,000,000,007,000,010,000,000,000,000,000,000,000,000,000,023,000,000,000,000,000,000,000,000,000,005,000,000,000,021,000,000,000,000,000,000,000,000,015,001,000,012,000,000,000,000,000,003,000,000,026,038,000,000,000,034,000,014,000,000,000,000,005,000,000,000,000,000,000,000,025,000,000,000,000,000,000,000,000,000,000,000,031,000,000,000,000,024,000,000,000,000,000,000,000,000,011,011,000,000,000,000,018,000,000,000,000,000,000,000,000,000,000,000,030,000,000,000,000,000,000,000,000,000,000,000,000,000,000,000,000,000,000,010,000,000,000,000,000,000,000,000,000,000,000,000,000,000,000,000,000,000,000,035,000,000,000,000,000,037,037,000,000,000,000,000,000,000,000,000,000,000,000,000,000,000,000,000,000,000,000,000,000,000,000,016,000,000,000,000,019,000,032,000,000,000,000,000,000,000,000,000,000,000,000,016,000,004,006,000,000,000,000,000,000,000,000,000,000,000,000,000,000,000,017,017,017,006,000,000,000,000,000,000,000,000,020,000,000,000,000,000,000,000,000,000,002,000,001,000,027,000,000,011,011,000,000,000,022,000,000,000,000,000,000,000,000,007,009,000,000,000,000,000,000,000,000,000,000,003,000,000,028,028,028,000,013,000,000,000,000,000,000,000,000,000,000,000,000,000,033,000,000,000,000,
10000: 000,000,000,000,000,000,000,000,000,000,000,024,000,000,000,000,026,014,000,000,000,000,000,000,000,000,000,000,000,000,000,000,000,000,000,000,000,000,000,000,023,000,000,000,000,006,000,000,000,011,011,000,015,000,000,000,000,000,008,008,006,000,000,000,000,000,000,000,000,000,000,000,000,000,028,028,028,000,000,000,025,000,000,000,000,000,000,000,000,010,000,000,000,000,000,000,000,000,012,036,000,035,000,005,017,017,017,007,000,000,000,000,003,000,000,000,000,000,000,000,000,000,000,000,000,000,000,000,000,009,030,000,000,000,000,000,000,000,000,000,000,000,000,027,000,000,000,000,000,000,000,000,000,000,000,000,000,000,000,000,000,000,000,000,000,000,000,000,000,000,000,016,000,000,037,037,013,000,000,000,000,031,000,000,000,000,000,000,029,000,000,000,000,000,000,000,000,000,000,000,000,018,000,000,000,000,000,000,000,032,000,000,005,000,000,000,000,000,000,000,000,000,000,000,000,000,000,000,002,000,000,000,009,000,000,000,000,000,000,000,000,000,000,033,000,000,000,000,000,000,000,004,019,000,000,000,000,000,000,000,000,000,000,000,000,000,000,000,000,000,022,000,000,000,000,003,020,000,000,000,000,000,001,000,000,000,000,000,000,000,000,000,000,034,000,000,000,000,000,000,000,000,000,000,000,000,000,000,000,000,000,000,016,000,000,000,010,000,000,000,000,000,000,000,000,000,000,000,000,000,000,011,011,000,038,001,000,000,000,000,000,000,000,000,000,021,000,000,000,000,000,000,007,000,000,000,000,000,000,000,
10000: 000,000,000,000,000,000,009,000,000,000,000,000,000,000,000,000,006,000,000,000,000,000,011,011,000,000,000,000,000,000,000,000,000,000,000,000,000,000,022,000,000,000,000,000,000,000,000,000,000,028,028,028,000,000,000,000,000,000,000,000,000,000,000,000,000,000,000,000,000,000,000,000,000,000,000,010,000,000,000,000,000,029,000,000,000,000,000,000,008,008,026,000,000,000,000,000,000,000,013,000,025,000,000,000,000,000,000,000,000,000,000,000,000,004,000,000,001,000,000,000,000,000,000,000,000,000,000,000,000,000,000,000,000,000,000,000,000,000,000,000,000,000,000,000,000,000,000,000,000,000,000,000,000,016,037,037,000,000,023,000,000,000,000,000,000,000,000,000,019,000,000,000,000,000,038,018,000,000,000,000,002,000,000,000,036,000,000,000,000,000,000,012,000,000,000,009,000,000,000,000,000,000,000,000,000,000,021,000,000,000,000,000,000,000,000,000,000,000,000,000,000,000,000,017,017,017,000,000,014,000,000,000,001,000,000,031,000,000,000,000,000,000,000,000,020,000,000,000,000,000,000,000,000,000,000,000,000,000,000,000,000,000,000,030,000,000,000,027,000,000,000,035,000,000,000,000,000,000,033,011,011,005,000,000,000,007,000,005,000,000,000,000,024,000,000,032,000,000,000,000,000,010,000,000,000,000,000,000,000,006,000,000,000,000,000,000,000,003,000,000,000,000,007,003,000,000,000,000,000,000,000,034,000,000,000,000,000,000,015,000,000,000,000,000,000,000,000,000,000,000,000,000,016,000,000,000,000,000,000,000,
10000: 000,000,000,000,000,000,000,000,034,000,000,000,007,000,000,000,000,000,000,000,000,000,000,000,000,000,000,000,000,000,000,000,038,000,000,000,000,000,000,000,000,000,000,021,000,000,000,000,000,000,007,000,000,000,000,000,000,000,000,000,000,000,000,000,000,000,000,000,012,000,000,000,000,000,000,000,000,000,000,000,000,000,000,000,000,000,000,003,000,000,000,000,000,000,000,000,036,000,011,011,000,000,000,000,000,000,000,000,028,028,028,000,000,000,000,000,000,000,000,000,010,000,006,016,000,000,000,029,000,000,000,000,000,000,000,017,017,017,000,000,000,011,011,000,000,019,000,000,000,000,009,000,006,000,000,000,000,000,000,000,000,000,000,000,000,000,000,000,000,000,000,001,000,000,000,000,000,005,000,013,000,000,000,000,000,000,000,000,000,000,037,037,000,035,000,000,000,002,000,000,000,000,000,000,000,000,000,000,000,000,025,018,000,000,000,000,004,000,024,000,000,000,014,000,000,000,000,000,022,000,003,000,000,000,000,015,000,000,000,020,000,000,000,000,000,000,000,000,000,000,001,000,000,000,000,000,000,000,000,032,000,000,000,000,000,000,000,000,000,000,009,016,000,010,000,000,030,000,000,000,000,000,000,000,000,026,031,000,000,000,000,000,000,033,000,027,000,000,000,000,000,000,000,000,000,000,000,000,000,000,008,008,000,000,000,000,000,000,000,000,000,000,000,000,000,000,000,000,000,000,000,000,000,000,000,000,000,000,000,000,000,005,000,000,000,000,000,000,000,000,000,023,000,000,000,000,000,000,000,000,
10000: 000,000,000,000,000,000,000,000,010,000,000,000,000,000,000,000,000,000,000,000,000,000,000,000,000,000,000,000,010,000,000,000,000,000,000,000,000,000,000,000,000,000,000,000,000,000,000,000,000,000,000,000,000,000,000,000,000,000,000,000,000,000,000,000,000,000,000,000,000,000,000,000,000,000,000,000,000,034,000,000,000,000,000,000,033,000,018,000,000,000,000,000,005,000,000,038,035,000,000,000,000,025,000,000,028,028,028,000,000,000,000,000,000,000,011,011,000,000,011,011,000,000,000,000,000,001,000,000,000,026,000,000,000,014,023,000,000,000,000,022,000,032,000,000,000,000,000,000,000,000,000,000,000,000,000,000,000,000,000,000,000,000,000,000,000,000,000,000,000,000,000,000,000,000,000,000,019,000,000,000,000,000,000,000,000,000,000,000,000,000,000,000,000,000,000,000,000,000,000,000,000,000,000,016,016,000,000,000,000,000,021,036,000,000,000,000,009,000,000,000,000,000,002,000,000,000,000,005,000,000,000,000,000,024,000,000,000,029,007,000,000,000,000,000,004,000,000,000,000,000,000,000,000,000,000,000,000,000,001,000,000,000,003,000,031,000,000,003,000,000,000,000,000,000,000,000,000,000,000,000,000,000,000,008,008,000,000,000,012,006,000,000,000,000,000,000,000,000,000,000,000,000,000,000,000,000,000,000,000,000,007,000,020,000,000,017,017,017,000,000,000,000,000,000,000,000,000,000,000,013,015,000,000,000,000,000,000,000,000,000,000,006,000,000,030,000,000,000,000,027,000,037,037,000,009,000,000,000,000,000,
10000: 000,000,000,000,000,010,000,000,000,000,000,000,000,000,000,022,000,000,009,000,000,000,000,015,000,000,000,000,000,000,000,000,038,000,000,000,000,000,000,000,000,002,000,000,000,009,007,013,000,000,000,033,000,000,000,000,012,000,000,000,000,000,000,000,000,000,000,000,000,017,017,017,000,000,000,000,000,000,000,000,000,000,000,000,000,000,008,008,000,000,030,000,000,000,000,000,000,007,014,000,000,000,000,000,000,019,000,000,000,000,000,000,000,000,000,000,000,000,000,000,000,000,000,000,000,000,000,000,000,021,000,000,000,000,000,000,000,000,000,001,000,000,000,000,000,000,000,005,000,000,028,028,028,000,000,000,000,000,000,000,000,018,000,000,000,000,000,000,000,000,000,000,020,000,000,000,000,000,000,000,000,003,000,000,000,000,000,006,000,016,000,000,000,000,000,000,036,000,001,000,000,000,000,000,000,029,000,024,000,000,000,000,000,000,000,000,000,000,000,000,000,000,000,000,003,000,000,000,011,011,000,000,000,000,000,000,000,011,011,000,000,000,000,000,000,000,000,000,000,035,000,000,000,000,000,000,000,027,031,000,000,000,000,000,000,000,000,026,000,000,006,000,000,000,000,000,000,000,000,000,000,000,032,000,000,000,000,000,000,000,000,000,000,000,034,000,010,000,000,000,000,000,000,000,000,000,000,000,000,000,000,000,000,016,000,000,000,000,000,000,000,000,025,005,000,000,000,004,000,000,000,000,000,000,000,000,000,000,023,000,000,000,000,000,000,000,037,037,000,000,000,000,000,000,000,000,000,000,000,000,
10000: 000,006,000,000,000,000,000,000,000,000,000,000,000,000,000,000,000,000,000,000,000,000,000,000,000,000,000,000,014,029,000,013,000,000,000,000,000,000,000,000,000,000,000,000,018,032,000,000,000,000,000,000,000,000,000,000,011,011,000,000,000,000,000,004,000,000,021,000,000,000,000,000,000,000,027,000,000,000,000,000,000,000,000,000,000,000,000,000,000,000,000,019,000,000,000,007,009,000,000,000,000,000,000,000,000,000,000,000,000,000,000,000,000,000,000,000,000,000,000,000,010,030,000,000,000,000,000,000,000,000,000,000,006,000,000,000,005,000,000,000,000,016,000,000,000,000,012,000,000,000,000,000,000,000,000,000,000,000,000,000,036,000,000,000,000,000,000,000,000,000,000,000,000,000,000,000,000,000,000,000,000,016,000,001,020,000,000,000,000,005,000,000,000,011,011,000,000,000,000,000,025,000,000,000,026,000,000,000,000,000,000,000,000,000,000,000,000,017,017,017,000,000,000,023,033,000,000,000,003,000,000,000,000,000,000,000,000,000,000,002,000,000,000,000,008,008,038,024,000,000,000,000,000,000,000,000,000,000,000,000,000,000,031,000,000,034,000,000,000,000,000,022,000,000,000,000,000,000,000,000,000,000,000,000,000,000,000,000,000,000,000,000,000,000,000,000,003,000,007,009,001,000,000,000,000,000,028,028,028,000,000,000,000,000,000,000,000,000,000,000,000,000,000,000,000,000,000,000,000,000,000,000,000,000,000,000,037,037,000,035,000,000,000,010,000,000,000,000,000,000,000,000,000,000,000,015,000,000,000,000,
10000: 000,000,000,000,000,000,000,000,000,000,000,000,000,000,035,017,017,017,000,000,000,000,000,000,007,000,000,000,012,000,036,000,000,000,000,000,000,000,000,000,000,010,000,000,000,000,000,000,000,000,000,000,000,025,000,000,000,000,000,001,000,000,022,000,000,000,000,000,000,000,000,000,000,000,000,000,000,031,000,000,000,008,008,000,004,000,000,000,000,000,000,000,000,000,000,000,000,000,000,000,000,010,000,000,000,000,037,037,000,009,000,000,000,000,027,000,000,000,000,000,000,000,000,000,011,011,000,000,000,000,000,030,000,000,000,000,000,000,000,000,000,000,000,000,000,000,018,000,000,000,000,000,000,000,000,000,000,000,000,000,000,000,033,000,000,000,000,000,000,000,000,000,000,020,000,000,000,000,000,038,000,000,024,000,000,000,000,000,000,000,000,000,000,000,000,000,000,000,000,000,000,000,034,000,000,000,000,000,000,000,000,000,000,000,000,000,000,000,000,000,000,000,000,000,000,000,000,000,028,028,028,000,000,000,000,000,000,000,000,000,006,000,000,016,000,000,000,000,000,000,000,006,000,019,000,021,000,000,000,026,000,000,000,000,003,000,000,000,014,000,000,000,000,000,001,029,000,000,000,000,000,015,000,000,000,000,000,000,000,000,000,003,009,000,032,000,005,000,000,000,000,000,000,000,000,000,000,000,000,000,000,000,000,000,000,000,000,000,000,000,000,023,000,000,000,000,000,000,000,007,000,000,000,011,011,000,000,000,000,000,000,000,000,000,000,002,000,000,013,000,000,000,016,000,000,000,005,000,000,000,
10000: 000,000,000,000,000,000,000,000,000,000,001,000,000,000,000,000,000,000,000,000,003,021,000,022,000,037,037,000,000,000,000,000,000,028,028,028,000,019,000,000,000,012,009,000,000,000,000,000,000,011,011,000,018,000,000,000,000,000,000,000,024,000,000,000,000,000,000,000,000,000,000,016,017,017,017,000,000,000,000,000,000,000,007,000,000,000,034,000,025,000,000,026,000,000,000,000,000,010,000,000,000,010,036,000,000,000,033,000,000,030,000,000,000,000,000,000,000,000,000,035,000,000,000,000,000,000,000,000,000,013,000,000,000,000,000,000,000,000,000,000,000,000,000,000,000,000,000,000,000,004,031,000,000,000,000,000,000,000,000,000,011,011,000,000,000,000,000,000,000,000,000,000,000,000,000,000,000,000,005,038,000,000,000,000,000,000,000,000,000,000,000,003,000,000,020,000,000,000,000,000,000,000,000,000,000,000,000,000,000,000,000,000,000,000,000,000,000,000,000,000,000,000,000,000,000,007,000,001,000,000,000,000,000,000,000,027,000,000,000,000,000,000,000,000,000,000,000,000,000,000,000,000,000,000,000,032,000,000,000,000,000,000,000,000,000,000,000,006,000,000,000,006,000,000,000,000,000,000,000,000,000,000,000,000,000,000,000,000,000,000,000,000,000,000,000,002,000,000,008,008,000,000,000,000,000,000,000,000,000,000,000,000,000,000,000,000,000,000,000,000,000,000,000,009,000,029,014,000,000,000,015,000,000,000,000,000,000,000,000,000,005,000,000,000,000,000,000,000,000,000,000,000,000,000,000,023,016,000,000,000,
10000: 000,000,000,000,000,000,000,000,000,000,000,000,000,000,000,027,000,000,000,000,000,033,000,000,000,000,000,000,000,000,000,000,000,000,000,000,000,000,000,031,008,008,000,000,000,000,000,000,000,000,000,000,000,000,000,000,000,000,000,000,000,000,000,000,000,000,000,000,000,000,037,037,005,000,000,000,000,000,000,000,000,000,000,000,000,000,000,000,011,011,000,000,000,000,000,000,000,000,000,030,029,000,000,000,000,000,000,000,000,000,016,036,022,000,000,000,000,000,000,000,000,000,000,000,000,000,000,000,000,000,000,000,000,000,000,016,001,000,000,000,000,000,000,000,000,000,000,000,000,000,000,000,021,000,000,000,000,000,000,000,000,000,000,000,000,000,011,011,038,000,000,000,000,000,010,000,000,000,000,000,000,000,000,000,000,000,000,000,000,000,000,000,003,034,000,000,000,000,000,000,000,000,000,000,000,005,000,000,000,000,000,013,000,000,000,000,000,000,000,000,000,014,003,000,000,000,000,000,024,000,000,000,000,000,000,000,000,019,000,000,017,017,017,000,000,000,000,000,000,000,000,000,000,000,000,000,006,000,000,000,000,000,000,000,000,000,001,000,000,000,025,000,000,000,007,000,000,000,000,000,000,006,000,000,000,000,000,032,000,023,000,000,000,000,000,000,000,000,000,000,028,028,028,000,000,000,018,000,000,000,000,000,010,000,009,000,000,000,000,000,000,000,000,000,000,000,000,020,000,000,000,012,035,000,000,000,000,000,000,000,002,007,000,000,000,000,009,000,026,000,000,000,004,000,000,000,015,000,000,000,
10000: 029,000,000,000,000,000,000,000,000,000,000,034,000,000,000,000,000,000,000,000,000,000,000,000,000,000,000,000,000,000,038,000,000,023,000,000,000,000,000,000,000,000,000,000,000,000,000,000,000,000,000,000,000,000,000,000,000,000,000,000,000,000,000,000,000,000,000,000,000,000,000,001,000,000,000,028,028,028,000,000,000,000,000,004,000,000,000,000,000,025,000,000,000,000,026,000,000,000,000,000,000,000,000,000,000,000,003,000,011,011,000,000,000,000,000,000,007,000,000,006,000,000,018,000,000,000,000,000,000,011,011,007,000,000,000,000,000,000,000,010,024,000,000,000,000,000,000,000,000,000,000,006,000,000,000,000,000,000,000,000,002,000,000,000,000,000,000,000,000,000,000,000,000,014,000,000,000,000,016,000,000,000,000,000,031,000,000,000,000,000,016,000,000,000,000,000,035,000,000,000,000,000,000,000,000,000,000,000,000,000,000,010,000,000,000,000,000,030,000,000,000,000,000,000,013,000,000,000,000,000,000,000,000,000,000,000,000,000,001,000,000,012,036,000,000,000,000,000,000,033,000,000,000,009,027,000,005,000,000,000,000,000,000,000,000,000,000,000,000,000,000,000,005,000,000,000,000,000,000,000,000,000,019,000,000,000,000,000,000,000,000,000,000,000,000,000,020,022,000,000,000,000,000,017,017,017,000,000,000,000,008,008,000,037,037,000,015,000,000,000,000,000,000,000,000,009,000,000,000,000,000,000,000,021,000,000,000,000,000,000,000,000,000,000,000,000,000,000,000,000,000,000,003,000,000,000,000,000,032,000,
10000: 000,000,000,000,000,000,000,000,000,000,000,003,000,000,000,000,000,000,000,000,000,002,000,023,000,019,000,000,000,000,024,007,000,000,000,000,000,000,000,000,000,000,000,000,022,021,000,000,000,000,012,000,000,000,000,000,000,000,015,000,000,000,000,000,000,004,000,000,000,000,000,000,000,000,000,000,000,000,000,000,006,000,000,000,000,000,000,000,000,000,016,000,000,000,000,000,000,000,000,000,020,005,000,000,000,000,000,000,000,000,000,000,000,000,035,000,000,000,000,000,001,000,000,000,000,000,001,000,000,000,000,000,000,010,005,000,000,000,000,000,000,000,000,000,000,000,000,000,000,000,000,032,000,000,000,000,000,000,028,028,028,000,000,000,000,000,000,000,000,003,000,038,000,000,033,026,000,000,000,000,000,017,017,017,000,000,000,000,000,000,008,008,013,000,000,000,000,000,000,000,000,000,000,000,037,037,000,000,000,000,000,000,000,000,000,000,000,000,007,000,000,000,000,000,000,000,000,000,000,034,000,000,000,000,000,000,000,000,000,000,000,000,000,000,011,011,000,000,030,000,000,000,027,000,000,036,000,000,000,000,000,000,000,000,000,031,000,010,000,000,000,000,000,000,000,000,000,000,000,000,009,000,000,000,000,000,000,000,000,000,000,025,000,000,000,000,000,000,000,014,000,000,000,000,000,000,000,000,000,000,000,000,016,000,000,000,000,000,000,000,000,000,000,000,000,000,029,000,000,000,000,000,000,000,000,000,011,011,000,000,000,000,000,000,009,000,018,000,000,000,000,000,006,000,000,000,000,000,000,000,
10000: 000,000,000,000,034,000,000,000,000,000,019,000,010,010,000,000,000,000,000,000,000,000,000,000,000,000,000,000,000,000,000,011,011,017,017,017,000,000,000,000,000,000,006,000,001,000,000,000,000,031,000,013,000,000,014,032,000,000,000,000,000,036,000,000,029,000,000,000,000,000,000,000,000,000,000,012,000,000,000,000,000,016,000,000,000,000,000,000,000,000,000,000,000,000,000,000,000,000,000,000,000,000,000,008,008,000,000,000,002,000,038,000,000,000,000,000,000,000,000,000,000,000,000,000,000,000,000,000,000,000,000,000,000,000,000,000,000,000,000,000,021,000,000,000,000,000,000,000,000,000,000,000,000,000,000,000,000,000,000,000,009,000,000,000,000,000,000,000,000,000,000,000,000,000,000,011,011,000,000,000,000,000,000,000,020,000,000,035,003,000,000,000,000,000,000,027,000,000,000,000,000,000,000,000,000,000,000,000,000,000,000,000,007,000,000,000,000,000,000,004,000,026,003,000,000,000,000,000,000,000,000,000,000,000,000,015,000,000,000,006,000,000,000,000,000,000,000,000,000,000,000,000,000,009,000,000,000,000,000,000,000,000,022,000,000,000,000,000,000,000,000,000,000,000,000,025,000,000,000,028,028,028,000,000,024,000,000,000,000,000,000,000,000,000,000,000,000,000,000,000,000,018,037,037,000,000,033,000,000,000,000,001,005,000,000,000,000,000,000,000,000,000,000,000,000,000,000,000,023,000,000,016,000,007,000,000,000,000,000,000,000,000,000,000,000,000,000,000,000,000,000,000,000,000,000,000,005,030,000,000,
10000: 000,000,001,000,000,000,000,000,000,000,000,000,000,000,032,000,000,000,000,000,000,000,000,000,000,000,012,000,000,000,000,020,000,000,033,000,000,000,000,000,006,000,005,000,000,000,024,005,000,000,026,000,000,000,000,000,000,000,000,000,000,000,000,000,000,000,016,004,017,017,017,000,000,027,000,000,000,000,000,000,000,000,000,000,000,000,000,000,000,000,015,000,000,000,000,000,000,000,000,036,009,000,000,000,003,000,000,000,000,000,000,000,000,000,000,000,000,000,000,000,000,000,000,007,000,000,000,000,000,000,000,016,000,000,000,000,000,000,000,000,000,000,000,000,000,000,000,000,038,019,000,000,000,000,000,000,000,000,000,000,000,000,000,000,000,000,000,000,000,000,000,003,000,000,000,000,000,000,000,034,000,000,000,000,000,000,000,000,035,000,000,000,000,000,000,000,000,000,000,000,037,037,000,000,030,000,000,000,000,000,000,000,013,000,000,000,000,022,000,000,000,000,000,000,000,011,011,000,000,000,000,000,000,000,000,000,000,000,000,000,000,011,011,000,000,000,010,021,000,000,000,000,000,000,000,000,000,000,000,025,006,000,000,000,000,018,023,000,000,000,000,000,000,000,000,029,028,028,028,000,002,000,000,000,000,000,000,000,000,000,031,000,000,000,000,000,000,000,007,000,009,000,000,000,000,000,000,000,000,008,008,000,000,000,000,000,000,000,014,000,000,000,000,000,000,000,000,000,000,000,001,000,000,000,000,000,000,000,000,000,000,000,000,000,000,000,000,010,000,000,000,000,000,000,000,000,000,000,000,000,
10000: 000,000,000,000,011,011,000,000,000,000,021,000,000,038,000,000,000,000,024,000,000,000,000,000,000,000,000,000,000,000,037,037,000,000,000,005,003,000,000,000,000,000,000,000,000,000,000,030,000,000,000,000,000,000,000,000,020,000,019,000,000,000,007,010,000,000,000,000,001,000,000,016,000,000,000,000,000,000,009,000,000,000,000,000,000,000,032,000,000,000,000,006,000,010,000,000,000,000,000,000,000,000,000,031,000,000,000,000,000,000,000,000,012,000,018,000,000,000,000,000,000,000,000,000,000,000,027,000,000,000,000,023,000,000,000,000,035,000,000,000,000,000,000,000,000,000,000,000,000,000,000,000,017,017,017,000,000,000,022,000,000,000,000,000,016,000,000,007,000,000,000,000,000,000,000,000,000,000,000,026,000,000,000,000,000,000,008,008,000,000,000,000,000,003,033,000,000,000,028,028,028,000,000,000,000,006,004,000,000,000,000,000,000,000,036,000,014,000,000,000,000,000,000,000,000,000,000,000,000,000,000,000,000,000,000,000,000,000,000,000,000,000,000,000,000,000,000,000,000,000,000,000,000,000,000,000,000,000,000,000,000,000,013,000,000,000,000,034,000,000,000,000,000,000,000,000,000,000,000,000,000,001,000,000,000,015,000,000,000,000,000,000,029,000,000,000,000,000,000,000,000,000,000,000,000,000,000,000,000,000,000,000,000,000,000,000,000,000,000,025,000,000,000,000,000,000,000,000,000,000,000,000,000,000,000,000,000,000,000,000,000,005,000,009,000,000,002,000,000,000,000,000,000,000,000,000,000,011,011,000,
10000: 000,012,000,000,000,000,000,000,000,000,000,000,000,000,000,000,000,000,000,000,000,000,000,000,000,000,000,000,000,000,000,000,001,000,000,000,000,000,000,000,000,035,000,000,000,000,000,000,000,000,033,000,000,000,000,000,000,000,006,000,000,000,000,000,000,000,000,000,000,000,000,000,010,008,008,000,000,000,000,000,000,004,000,000,000,000,000,000,000,000,000,000,000,000,000,018,000,000,000,000,003,000,000,000,000,000,000,026,000,000,000,000,000,000,013,000,031,024,000,000,000,000,000,000,036,000,000,000,000,000,003,000,000,000,000,000,000,000,000,000,000,000,000,000,000,000,000,000,000,000,009,000,000,000,000,000,000,000,000,000,000,000,000,000,000,020,025,000,000,034,000,000,000,000,000,000,000,000,000,000,000,000,000,000,014,000,000,000,019,000,000,000,030,000,029,000,000,000,015,000,000,000,000,000,000,000,000,000,000,000,000,000,000,000,000,000,000,000,027,000,000,000,000,000,000,000,000,007,011,011,000,000,005,000,000,000,000,000,022,000,000,000,000,000,000,000,000,006,000,000,000,000,000,000,000,016,000,000,000,000,028,028,028,000,000,000,017,017,017,005,000,010,000,000,000,000,000,000,000,000,000,000,000,000,000,000,000,000,000,000,000,001,000,000,000,000,000,000,000,000,032,000,000,000,000,023,007,037,037,000,000,000,038,000,000,000,000,002,000,000,000,016,000,000,000,009,000,021,000,000,000,000,000,000,000,000,000,000,000,000,000,000,000,000,000,000,000,000,000,000,000,000,000,000,011,011,000,000,000,000,
10000: 000,000,000,000,000,000,000,000,000,000,000,000,000,000,000,000,000,000,000,000,000,000,000,030,000,000,016,003,000,000,000,000,037,037,000,000,000,000,000,000,000,000,000,008,008,000,000,000,000,000,000,000,012,000,000,000,000,000,000,033,000,009,000,000,000,000,000,000,000,028,028,028,015,000,000,007,000,000,000,000,000,000,036,000,000,000,000,000,000,000,000,000,000,000,000,000,000,038,000,000,000,000,000,000,000,000,000,000,004,000,000,000,000,000,000,000,000,000,000,000,000,000,000,000,000,000,000,000,000,000,000,000,000,000,000,009,000,000,010,000,000,000,018,000,000,000,000,000,000,000,000,000,000,000,019,000,016,000,000,000,000,000,000,000,000,000,000,000,000,000,029,000,000,000,000,000,000,000,000,000,000,000,035,000,000,000,000,000,000,000,000,000,000,000,000,000,023,000,000,000,000,000,000,000,024,000,000,000,000,007,000,000,032,000,000,000,000,000,000,020,000,000,000,000,000,000,013,026,000,000,000,000,000,000,000,000,000,000,000,000,006,031,000,000,000,000,000,000,000,017,017,017,000,000,000,000,000,000,000,000,000,000,000,000,000,000,000,000,014,000,000,000,000,000,000,000,000,000,000,000,000,000,025,000,000,000,027,000,000,011,011,006,000,000,000,005,022,000,000,000,000,000,000,005,000,000,034,000,000,000,000,000,000,000,000,000,000,000,001,000,000,000,000,000,000,000,000,000,010,021,000,000,000,001,000,002,000,000,000,000,000,003,000,000,011,011,000,000,000,000,000,000,000,000,000,000,000,000,000,000,
10000: 000,000,000,000,034,000,000,000,000,000,000,001,000,000,008,008,000,000,028,028,028,000,000,000,000,000,000,000,000,000,000,000,000,005,000,000,000,000,000,017,017,017,000,007,000,000,000,000,000,000,000,000,000,000,000,000,000,000,000,000,000,000,000,000,000,000,000,000,000,000,000,000,000,000,029,000,000,000,000,000,000,000,000,000,000,000,000,012,000,000,037,037,000,000,000,000,000,000,000,000,000,000,031,000,000,021,000,000,000,000,000,000,000,005,000,000,000,000,000,000,000,000,000,000,000,000,036,000,000,001,000,000,000,013,000,000,019,000,004,000,000,000,000,000,000,000,000,000,025,000,000,000,000,000,000,007,000,000,000,000,000,000,000,016,026,032,000,000,000,000,000,000,018,000,000,000,000,000,000,000,000,000,000,000,000,000,000,000,000,000,000,000,000,033,010,000,000,000,000,000,000,000,000,000,000,000,000,000,000,000,022,000,000,000,000,000,000,000,000,000,000,000,000,011,011,000,000,000,000,016,000,000,000,000,000,000,000,000,000,000,000,000,000,000,000,000,006,000,015,000,000,000,000,000,000,000,000,000,020,000,000,010,000,000,000,000,000,023,000,000,000,009,024,000,000,000,000,000,000,000,000,000,000,000,000,000,000,000,011,011,000,000,000,000,000,000,002,000,000,038,000,000,000,000,000,000,000,000,000,035,000,000,000,000,000,000,027,000,000,000,000,000,000,000,000,006,000,000,000,000,000,000,000,000,014,009,000,000,000,000,000,000,000,000,030,000,003,000,000,003,000,000,000,000,000,000,000,000,000,000,
10000: 037,037,000,000,000,001,000,000,000,000,034,000,000,000,000,000,000,000,000,000,000,000,000,000,000,000,000,000,000,000,038,000,000,000,000,000,000,000,000,000,000,000,000,031,000,000,000,000,000,000,000,000,000,000,000,000,000,021,000,000,000,000,000,000,000,000,003,000,000,000,000,000,000,000,000,000,000,000,000,008,008,000,000,000,000,000,000,000,000,000,000,000,000,000,000,000,000,000,000,000,000,000,000,000,000,000,000,000,001,000,007,000,000,000,000,014,000,010,000,000,000,000,000,000,000,000,000,000,000,000,000,000,000,000,000,000,000,015,000,000,000,000,000,032,000,000,000,005,000,000,028,028,028,000,000,000,000,000,000,000,000,000,000,000,000,000,000,000,000,009,000,017,017,017,000,000,000,000,000,000,000,000,000,000,000,000,000,000,000,000,024,000,000,000,000,000,000,003,000,000,000,000,000,000,000,000,000,000,000,000,000,000,000,000,000,000,016,011,011,000,000,000,000,000,000,000,000,000,009,000,000,000,000,000,000,000,023,000,029,000,000,000,005,000,000,000,000,026,000,000,000,000,013,000,000,000,000,000,000,000,000,000,000,002,000,000,000,000,006,000,000,016,004,000,000,027,000,000,000,000,000,000,000,035,007,000,000,000,000,012,000,000,000,000,000,018,000,000,000,000,000,000,000,000,000,025,000,000,000,036,000,020,000,030,000,000,000,000,000,000,000,000,000,000,000,000,006,000,019,000,000,000,022,000,000,010,000,000,000,000,000,000,000,000,000,000,000,000,000,000,011,011,000,000,033,000,000,000,000,000,
10000: 036,000,000,000,000,000,000,000,000,038,000,000,000,000,000,000,000,000,000,000,000,000,000,019,000,000,000,000,000,000,000,000,000,024,008,008,000,000,000,003,000,000,000,000,000,000,000,000,000,005,000,000,000,000,000,028,028,028,000,000,000,000,000,000,000,000,000,000,006,000,000,000,000,020,000,000,000,000,000,000,000,000,000,003,000,000,000,000,000,000,000,000,000,000,000,000,009,000,000,000,000,000,000,000,000,034,000,000,000,000,000,000,030,000,000,000,000,000,000,000,000,000,000,000,000,000,000,000,004,000,000,000,000,000,000,001,000,000,000,025,000,000,000,000,000,006,000,000,022,000,000,012,000,000,000,000,000,000,000,016,000,000,000,000,000,000,000,000,000,014,000,000,000,000,000,000,000,000,000,032,000,000,000,007,000,000,000,000,000,000,000,000,000,027,000,005,000,000,000,010,000,000,000,000,000,000,000,000,000,000,000,000,000,000,000,000,000,000,000,000,000,000,000,001,000,013,000,000,000,000,000,000,000,000,000,000,000,000,000,000,016,000,000,000,000,000,000,000,000,000,000,000,000,000,018,000,000,000,000,000,000,000,000,000,000,000,033,000,000,000,000,000,000,000,000,000,000,000,029,000,000,000,000,000,010,000,000,000,000,000,000,011,011,000,000,011,011,000,000,000,000,000,000,000,000,000,000,021,000,000,037,037,000,015,000,017,017,017,000,000,023,000,000,000,000,007,000,000,000,000,000,000,000,000,000,009,000,026,000,000,035,000,000,000,000,000,000,000,000,000,000,002,000,000,000,000,000,000,031,000,
10000: 000,000,000,000,011,011,000,000,000,025,000,000,000,000,000,000,000,020,000,000,033,000,000,000,000,000,000,000,000,000,011,011,000,000,000,000,000,000,000,000,000,000,000,000,000,000,000,000,000,000,000,000,000,000,000,038,000,000,000,006,000,000,001,000,000,000,000,000,000,000,000,000,021,000,000,000,009,000,000,000,000,000,000,000,000,000,000,017,017,017,000,000,000,000,000,015,000,003,000,000,000,000,000,000,014,009,000,000,000,000,000,000,037,037,024,000,000,000,000,000,000,000,000,000,000,000,001,000,000,000,000,000,000,000,000,000,000,000,032,000,000,000,000,000,000,000,000,000,000,000,000,000,000,000,000,000,000,000,000,000,000,000,000,000,000,000,000,000,000,004,000,000,000,000,000,000,002,000,000,000,000,000,000,000,000,035,006,012,000,000,008,008,000,000,000,000,030,000,000,023,000,000,000,000,000,000,000,000,000,003,000,000,000,000,031,007,000,000,000,000,000,000,000,026,000,000,000,000,000,036,000,000,000,000,000,000,000,000,000,000,000,000,000,000,000,000,000,000,000,000,000,000,000,005,000,000,013,000,000,019,000,000,000,000,000,000,000,000,000,000,000,000,000,005,000,000,000,000,028,028,028,000,000,000,000,000,000,000,000,000,000,000,007,000,000,000,000,000,000,016,000,000,000,000,022,000,000,000,010,029,000,000,000,000,000,000,000,000,000,000,000,000,027,000,000,000,000,000,000,000,000,000,016,000,000,000,000,000,000,000,018,000,000,000,000,000,000,000,034,000,000,000,000,000,000,000,000,000,010,000,
10000: 000,030,000,000,021,000,000,000,000,000,000,000,008,008,006,000,000,023,000,000,000,000,000,019,000,000,000,000,000,000,000,000,000,001,000,000,000,009,000,000,000,000,000,000,000,000,000,000,000,010,026,000,000,000,000,000,000,000,000,035,000,000,000,000,000,000,012,000,000,000,000,003,000,000,000,000,000,031,000,000,002,013,000,000,000,000,000,000,000,000,000,000,000,000,000,000,000,000,000,016,000,000,000,003,000,000,000,000,000,000,000,000,000,000,000,000,000,000,000,000,011,011,000,000,000,000,000,017,017,017,000,000,000,000,000,000,000,000,000,000,000,025,000,000,000,000,000,000,016,000,000,000,000,000,006,000,000,000,000,000,000,000,000,000,000,000,000,000,000,000,000,000,000,000,000,007,000,000,000,000,024,000,000,000,000,000,000,000,000,000,000,000,028,028,028,000,000,000,000,000,000,000,000,000,029,000,000,027,000,000,000,038,011,011,000,000,000,000,000,000,000,000,000,036,000,014,000,000,000,000,000,000,000,000,000,000,000,000,000,000,000,009,000,000,000,000,000,000,000,000,034,000,000,020,000,000,000,000,000,000,000,005,000,015,000,000,000,000,001,000,000,000,000,000,000,000,000,000,000,000,000,000,037,037,007,000,000,000,000,000,000,000,000,000,000,000,000,010,000,000,000,000,000,000,000,000,000,000,000,000,000,000,000,000,000,000,000,000,000,000,000,000,000,000,000,000,000,000,000,000,000,000,000,000,000,000,000,004,033,022,000,000,000,000,000,000,000,000,000,018,000,000,032,000,000,000,000,000,005,000,
10000: 002,000,000,000,000,000,000,000,013,016,000,000,000,000,000,000,000,000,000,000,000,000,000,000,000,000,000,000,000,000,028,028,028,000,000,000,000,000,000,000,026,000,000,000,000,000,000,000,000,023,000,000,038,000,000,000,000,007,000,000,000,000,000,000,000,000,000,000,000,022,027,000,000,000,000,000,018,000,000,000,000,000,000,000,000,000,000,000,000,000,000,000,000,000,000,000,000,000,000,000,000,000,000,000,000,000,000,000,019,000,000,000,000,033,004,000,000,000,000,000,000,000,000,000,000,000,000,000,000,000,000,000,000,000,000,000,000,000,034,000,000,014,000,000,000,000,000,000,000,000,000,000,000,000,000,000,000,000,000,017,017,017,000,000,000,036,007,000,000,000,000,000,000,000,000,000,010,000,016,000,000,037,037,000,000,000,000,000,000,000,000,000,000,000,000,000,000,000,000,003,029,000,000,000,000,000,000,000,000,000,000,000,000,000,000,000,000,030,000,000,000,000,000,000,000,000,032,000,000,000,000,000,000,000,025,000,000,006,000,000,000,000,000,000,000,000,000,012,000,015,000,000,000,000,000,000,000,000,000,000,000,009,000,000,020,000,000,000,000,000,000,001,035,000,000,000,000,000,000,000,000,000,000,000,006,000,000,000,000,000,000,000,003,000,000,000,010,021,000,000,000,001,000,011,011,000,000,000,000,000,000,000,000,000,000,000,005,031,000,000,000,008,008,000,000,000,000,000,000,000,000,000,000,009,000,000,000,000,000,000,000,000,000,011,011,000,000,000,000,000,000,000,024,000,005,000,000,000,000,000,
10000: 000,000,000,000,000,000,000,000,000,000,000,000,030,000,000,000,011,011,000,000,000,000,000,026,007,000,000,000,000,000,000,000,000,020,000,000,000,000,000,000,000,000,000,034,000,000,000,006,000,000,000,000,000,000,000,000,001,035,000,000,000,000,000,022,000,000,000,000,000,000,000,000,025,000,023,000,000,006,000,000,000,008,008,000,000,000,000,000,000,000,000,000,000,000,000,000,000,000,000,000,000,000,000,000,009,000,000,000,000,000,000,000,000,000,000,000,000,003,000,000,000,000,000,000,000,000,000,007,000,000,015,000,000,000,000,000,000,021,000,000,000,000,000,000,000,000,000,000,000,000,002,000,000,017,017,017,000,000,000,000,000,000,000,000,000,000,000,010,000,000,000,000,000,009,013,000,000,000,000,000,000,000,000,000,000,000,000,000,000,000,000,000,000,000,000,000,000,000,000,000,000,000,011,011,000,000,000,000,027,000,000,000,000,005,000,000,000,000,000,000,000,000,000,000,000,000,001,000,000,000,000,000,024,000,000,000,000,000,000,000,000,000,000,032,000,000,000,000,000,000,004,016,029,000,000,037,037,000,000,000,000,010,033,000,000,000,000,000,000,000,000,000,038,000,000,000,000,000,000,000,000,000,000,000,000,000,036,000,000,000,000,000,000,000,000,000,031,000,000,000,000,000,000,000,000,000,000,000,003,000,000,000,000,000,000,000,000,000,005,000,000,000,000,000,000,000,000,028,028,028,000,000,000,000,000,000,000,000,000,016,000,019,018,000,000,014,000,000,000,000,000,000,000,000,000,000,012,000,000,000,
10000: 000,000,015,000,000,000,005,000,000,000,000,000,000,000,005,000,000,000,000,000,000,000,000,000,000,000,000,000,000,000,000,000,000,000,000,003,000,000,000,000,000,000,000,003,000,000,000,000,025,013,000,000,000,014,000,000,000,000,000,000,000,000,000,000,000,027,000,029,031,000,000,000,000,006,000,000,000,000,000,000,000,000,000,000,000,000,000,000,000,000,000,000,000,000,000,000,000,020,000,000,000,000,000,000,000,000,000,000,007,000,000,009,016,000,000,000,011,011,000,000,000,000,000,000,000,000,000,000,037,037,000,000,000,000,000,000,000,000,000,018,000,000,000,000,007,000,000,033,000,000,000,000,034,021,000,000,028,028,028,000,000,000,000,000,006,000,030,000,000,000,000,000,000,000,000,000,000,000,019,000,000,000,000,000,000,010,000,000,000,000,000,000,000,000,000,000,000,000,000,000,000,000,000,000,000,012,000,000,000,000,000,000,000,000,023,000,000,000,000,000,000,000,000,009,000,000,000,000,022,000,000,000,000,000,000,000,000,000,000,026,000,000,000,000,000,000,000,000,000,004,000,000,011,011,000,010,000,000,032,000,000,000,000,000,000,008,008,000,000,000,000,000,000,000,000,000,000,000,038,000,000,002,000,000,000,000,000,000,000,000,000,000,000,000,000,000,000,000,000,000,024,000,000,000,000,000,000,000,000,000,000,000,000,001,000,000,016,000,000,000,000,000,000,000,000,000,000,000,000,000,000,000,000,000,000,000,000,000,017,017,017,000,035,036,000,000,000,000,000,000,000,000,000,001,000,000,000,000,000,000,
10000: 000,000,000,000,011,011,000,000,009,000,032,000,000,000,000,000,000,001,000,000,000,000,000,003,000,000,000,000,000,000,000,000,000,000,000,000,000,000,000,000,013,000,000,000,000,000,000,000,000,037,037,000,000,027,000,000,009,000,000,000,019,004,000,000,000,000,000,000,000,000,038,000,000,000,000,000,035,020,000,000,000,000,000,000,000,000,001,000,000,000,000,000,000,000,000,000,000,000,000,003,000,000,000,000,000,000,000,000,000,000,007,000,000,021,000,000,000,000,000,000,000,000,000,017,017,017,000,000,000,000,034,000,000,028,028,028,000,000,000,000,000,000,000,000,000,000,000,000,000,000,000,000,000,000,000,000,000,000,000,000,011,011,025,000,000,000,000,000,000,000,000,005,000,000,000,000,000,000,000,000,000,000,000,000,030,000,016,000,012,000,000,000,010,000,000,000,000,000,018,000,000,000,000,022,000,000,000,000,008,008,000,000,007,000,000,000,000,000,000,000,000,000,000,000,000,000,000,000,000,000,000,031,000,000,000,000,000,000,010,000,000,000,029,000,000,000,000,000,000,000,000,000,000,000,000,000,000,000,000,000,000,000,000,024,000,000,000,000,000,000,000,000,000,000,000,000,000,000,000,000,000,000,014,000,000,000,000,000,000,000,000,000,000,000,000,006,000,000,000,033,000,000,000,000,000,015,000,000,000,000,000,000,000,006,000,000,026,000,000,023,000,000,000,000,000,000,000,000,000,002,000,000,005,036,000,000,000,000,000,000,000,000,000,000,000,000,000,000,000,000,016,000,000,000,000,000,000,000,000,000,
10000: 000,000,000,000,000,007,006,000,000,000,000,010,000,000,000,000,000,000,000,000,000,000,000,000,000,000,000,000,000,000,027,000,000,011,011,000,000,000,000,015,000,000,000,000,000,018,000,000,000,000,000,004,032,038,000,000,000,000,000,000,000,003,000,000,000,000,000,026,002,000,000,000,000,000,019,000,000,000,000,000,000,000,000,000,000,000,000,000,000,000,000,000,000,000,000,000,000,000,016,020,000,000,000,000,000,000,000,000,000,012,000,000,000,000,000,000,000,000,000,000,000,000,000,000,000,000,000,005,000,000,000,000,000,000,000,000,000,000,000,000,000,000,000,000,000,000,000,000,000,010,000,000,000,000,000,000,029,011,011,000,000,033,000,000,000,000,000,000,000,006,000,000,000,000,000,000,000,000,024,000,000,000,000,000,000,000,000,000,000,028,028,028,000,000,037,037,000,035,000,000,000,000,000,000,003,022,000,000,000,000,000,017,017,017,000,016,000,000,000,000,000,000,000,000,000,000,000,000,000,000,000,000,000,000,000,000,013,000,000,034,000,000,000,000,000,000,000,000,000,000,000,000,000,000,000,000,000,036,000,000,000,000,000,000,000,000,000,000,000,025,000,000,000,000,000,000,030,000,000,000,000,000,000,023,001,000,000,000,000,000,000,000,007,000,000,000,000,000,000,000,000,000,000,000,000,000,000,008,008,000,000,000,000,000,000,000,000,000,000,000,000,031,000,000,000,000,000,000,000,000,000,000,005,021,009,000,000,000,000,000,000,000,000,000,000,000,009,014,000,000,000,001,000,000,000,000,000,000,000,000,
10000: 006,000,005,000,000,000,000,000,000,000,000,000,031,000,000,000,000,000,000,038,000,000,000,000,000,000,000,000,000,016,000,000,000,000,032,000,028,028,028,000,000,000,036,000,000,000,000,002,000,000,000,000,000,000,000,000,000,000,000,000,000,015,000,000,000,000,000,000,012,000,000,000,007,000,000,000,000,000,000,000,000,000,000,000,000,024,000,000,000,000,000,000,029,000,000,000,000,000,000,000,011,011,000,000,000,000,011,011,000,000,000,000,000,000,000,033,000,000,000,000,000,000,001,000,000,000,000,000,000,013,000,018,000,000,000,000,000,000,000,034,000,000,010,000,000,000,000,000,000,000,000,000,000,000,000,000,000,019,000,000,000,000,000,000,000,000,000,000,000,000,000,008,008,000,005,000,000,000,000,000,000,000,000,000,000,000,000,000,000,000,000,000,022,000,000,000,000,000,000,000,000,000,000,000,000,000,000,000,000,000,021,000,000,000,001,000,030,000,000,000,000,000,000,017,017,017,000,000,000,000,000,000,000,000,000,000,000,000,000,000,000,000,000,000,000,000,027,000,000,000,000,000,000,000,000,000,000,000,000,000,000,000,000,000,035,000,000,000,000,000,000,000,000,007,000,025,020,000,000,000,000,000,000,000,000,000,000,003,016,026,000,000,003,000,000,000,000,000,000,000,000,000,000,000,000,000,010,000,023,000,000,000,000,000,000,000,000,000,000,037,037,000,000,000,000,014,000,000,000,000,000,000,000,000,000,000,000,000,000,000,004,000,000,000,000,000,009,000,000,006,000,000,000,000,000,000,009,000,000,000,
10000: 000,000,000,000,000,000,000,000,000,005,000,019,000,000,000,000,000,000,000,000,000,021,000,000,000,001,000,000,000,000,000,000,000,000,000,014,000,000,000,000,000,000,010,000,000,000,000,000,000,000,000,000,016,000,000,000,000,000,000,000,000,011,011,000,000,000,000,000,000,000,000,003,000,000,000,000,000,000,000,000,013,000,000,000,000,000,000,000,000,000,000,000,020,009,000,000,000,000,000,007,000,000,036,011,011,000,000,000,000,000,000,000,000,000,000,000,000,000,000,025,000,000,000,002,000,000,000,000,000,000,026,000,000,000,004,028,028,028,000,000,000,000,001,000,000,000,000,015,000,018,000,000,000,000,000,022,000,000,000,000,000,000,000,000,000,033,000,000,000,000,000,000,000,000,000,000,000,000,000,032,000,000,000,000,000,000,034,000,000,000,000,000,000,000,000,000,030,000,000,000,000,000,000,000,000,000,000,000,000,000,024,000,000,000,000,000,000,000,000,000,000,000,000,000,000,000,000,000,000,000,037,037,000,000,000,000,003,005,029,000,000,000,000,000,008,008,000,000,000,000,000,000,000,000,000,000,000,000,000,000,000,000,006,000,017,017,017,000,027,010,000,000,000,000,000,000,000,000,000,000,007,000,000,000,000,000,000,000,000,000,000,000,000,000,000,000,000,000,000,000,000,000,000,000,000,000,000,000,000,035,000,000,000,000,000,000,000,000,000,016,000,000,000,000,000,000,000,000,009,006,031,000,000,000,012,000,000,000,000,038,000,000,000,000,000,000,000,000,000,000,000,000,023,000,000,000,000,000,000,000,
10000: 000,000,000,000,000,000,000,000,000,000,000,000,000,000,000,000,000,005,000,000,000,000,000,006,000,000,000,000,000,000,000,000,000,025,000,000,000,000,000,000,000,000,000,000,000,001,000,019,000,000,000,000,000,000,000,000,000,000,000,000,000,000,000,000,000,000,000,000,000,000,000,000,016,000,000,036,038,000,000,000,000,003,000,000,000,033,000,032,000,000,000,000,011,011,000,000,000,000,000,000,023,000,000,012,000,000,000,000,000,000,000,010,000,021,008,008,000,000,011,011,000,000,000,000,000,000,000,000,000,000,000,000,000,000,000,000,000,000,000,000,000,000,000,000,000,015,000,000,037,037,000,029,018,000,000,026,000,007,000,000,000,000,000,000,000,000,000,000,000,000,000,000,000,002,000,000,000,000,000,000,000,000,000,013,000,000,001,024,000,009,000,000,000,000,000,000,000,000,034,000,000,000,000,007,000,000,017,017,017,000,000,000,000,028,028,028,000,027,000,000,014,000,000,000,000,000,000,000,000,030,000,000,000,000,000,000,000,000,020,000,000,000,000,000,000,000,004,000,000,000,000,000,000,000,000,010,000,000,000,000,000,000,000,000,000,000,000,000,000,022,000,000,000,000,000,000,000,005,000,003,000,000,000,000,000,000,000,000,000,000,000,000,000,000,000,000,000,000,000,000,000,000,000,000,000,000,000,000,000,000,000,031,000,000,000,000,000,000,000,000,000,000,000,000,000,000,000,006,000,000,000,000,000,000,000,000,000,000,000,000,000,000,000,000,000,000,000,000,000,000,000,000,035,009,000,000,000,000,016,000,
10000: 000,000,000,000,005,000,000,000,000,000,000,000,000,000,032,000,000,000,000,000,000,029,000,000,000,000,000,000,000,000,000,000,000,000,000,000,000,000,000,000,035,000,000,000,000,000,000,000,001,000,000,000,000,000,000,000,000,000,000,000,000,004,000,000,000,000,000,000,000,000,000,000,000,000,000,000,000,000,000,000,000,000,000,000,000,000,000,000,000,000,000,000,000,000,011,011,000,027,000,006,000,000,000,000,000,000,015,009,031,000,000,025,000,000,000,000,026,000,000,000,000,000,000,000,000,038,020,000,022,000,000,000,036,000,000,000,000,000,000,000,000,000,000,000,000,011,011,000,000,000,000,000,000,000,000,000,000,001,000,000,000,000,033,000,000,000,000,000,000,000,000,000,000,000,000,000,000,000,000,000,000,000,000,000,023,000,000,034,017,017,017,000,000,000,000,021,013,007,000,000,024,000,000,000,000,000,016,000,007,000,000,000,000,000,000,000,000,000,000,000,016,000,000,000,000,000,000,000,000,000,000,009,000,000,002,000,000,000,000,000,000,000,000,000,000,000,000,000,000,018,000,000,000,000,000,000,000,000,000,019,000,000,000,000,000,000,000,000,000,010,000,000,000,000,000,000,000,000,000,000,000,000,000,008,008,003,000,000,000,000,000,000,000,010,000,005,000,000,000,000,000,000,000,000,000,000,000,000,000,000,000,000,000,028,028,028,000,000,000,000,000,000,000,000,000,000,000,000,014,000,000,000,000,006,000,000,000,000,000,000,000,000,000,000,000,000,037,037,003,000,000,000,030,000,000,000,000,000,012,000,
10000: 000,000,000,000,000,000,000,000,000,000,000,021,000,000,000,001,000,000,000,007,024,027,000,000,000,000,000,000,000,000,002,000,000,000,000,000,000,000,000,000,015,000,000,000,000,000,000,000,000,000,000,000,000,038,000,010,000,000,000,030,000,000,014,000,000,000,000,000,000,000,006,000,000,000,000,000,000,000,000,000,000,000,000,000,033,000,000,000,000,000,000,000,000,000,000,000,000,000,000,003,000,025,000,000,000,000,000,000,000,000,000,000,000,000,000,000,000,000,000,000,000,000,005,000,000,000,000,000,009,000,000,000,000,000,000,000,005,000,000,000,000,000,000,000,000,000,000,000,000,000,000,000,000,000,000,000,000,000,016,000,000,001,000,000,000,000,000,000,018,017,017,017,000,000,000,023,000,000,016,000,000,000,000,000,000,000,000,000,020,012,000,000,000,029,010,000,000,000,000,000,000,000,000,000,000,000,000,000,000,000,000,000,000,013,000,000,000,000,000,000,000,034,011,011,000,000,000,000,000,000,000,000,000,000,000,000,000,000,000,000,000,000,000,000,000,000,000,000,000,000,000,000,000,000,000,011,011,000,000,000,009,000,000,000,019,000,000,035,000,000,000,000,007,000,000,000,000,004,000,000,000,000,000,022,000,006,000,000,000,000,032,000,000,000,000,026,000,000,000,000,000,000,008,008,000,000,000,000,000,000,000,000,000,000,000,000,037,037,000,000,000,000,000,000,000,000,000,000,000,000,000,000,031,000,000,000,000,000,000,000,000,000,000,000,028,028,028,000,036,000,000,000,000,000,000,000,000,000,003,000,
10000: 000,000,000,000,000,000,000,000,000,000,000,000,000,020,000,002,000,000,009,000,000,000,000,000,000,000,000,000,000,000,000,000,000,019,000,000,000,000,000,000,000,000,034,000,000,000,000,000,000,000,000,000,000,000,014,000,000,000,000,006,000,000,000,008,008,000,000,024,033,000,000,000,000,000,000,000,000,000,000,000,000,000,000,000,010,000,000,000,000,000,000,000,018,000,000,000,000,000,000,000,000,016,000,000,000,000,000,015,000,000,000,000,000,000,007,000,000,000,000,000,000,011,011,000,000,000,000,000,000,000,000,000,000,000,000,000,000,010,000,000,000,000,000,000,000,000,000,000,026,038,000,000,000,000,000,000,000,022,000,000,005,000,000,000,000,011,011,000,000,000,000,000,000,000,000,000,000,001,000,000,000,000,000,000,000,000,035,000,000,012,000,000,000,021,000,000,003,000,000,037,037,000,000,000,000,000,000,000,005,000,009,000,025,000,000,000,000,000,000,016,000,000,000,000,000,000,000,000,000,000,000,000,000,000,003,000,000,000,000,000,000,000,000,000,000,000,006,000,000,000,000,000,000,000,023,000,000,000,007,000,013,000,000,000,000,000,017,017,017,000,000,000,000,000,000,000,000,000,000,028,028,028,000,000,000,000,000,000,032,036,000,000,000,000,000,000,000,000,000,000,000,000,000,000,000,000,000,000,000,000,000,000,031,000,000,000,000,000,000,000,000,000,000,000,000,000,000,000,000,000,000,000,000,000,000,000,029,027,000,000,000,001,000,000,000,000,000,000,000,000,000,000,000,000,030,000,004,000,000,000,
</DebugTrace>
      </Output>
    </UnitTestResult>
  </Results>
</TestRun>