<?xml version="1.0" encoding="UTF-8"?>
<TestRun id="3cab197d-0a95-4f84-acbe-9e6486f3ff68" name="FloLap@FLOLAP-PC 2011-10-28 09:57:16" runUser="FloLap-PC\FloLap" xmlns="http://microsoft.com/schemas/VisualStudio/TeamTest/2010">
  <TestSettings name="Lokal" id="6ed96bb3-d821-4eee-a79d-3a3069da9890">
    <Description>Dies sind die standardmäßigen Testeinstellungen für einen lokalen Testlauf.</Description>
    <Deployment enabled="false" runDeploymentRoot="FloLap_FLOLAP-PC 2011-10-28 09_57_16">
      <DeploymentItem filename="E:\HsKA\Semester2\Projektarbeit\Stundenplangenerator\TimetablePlanner\TimetablePlanner\bin\Debug\TimetablePlanner.dll" />
    </Deployment>
    <Execution>
      <TestTypeSpecific />
      <AgentRule name="Execution Agents">
      </AgentRule>
    </Execution>
  </TestSettings>
  <Times creation="2011-10-28T09:57:16.3225889+02:00" queuing="2011-10-28T09:57:17.2846439+02:00" start="2011-10-28T09:57:17.3736490+02:00" finish="2011-10-28T09:57:25.8066773+02:00" />
  <ResultSummary outcome="Completed">
    <Counters total="1" executed="1" passed="1" error="0" failed="0" timeout="0" aborted="0" inconclusive="0" passedButRunAborted="0" notRunnable="0" notExecuted="0" disconnected="0" warning="0" completed="0" inProgress="0" pending="0" />
  </ResultSummary>
  <TestDefinitions>
    <UnitTest name="TimetableManualTester" storage="e:\hska\semester2\projektarbeit\stundenplangenerator\timetableplanner\timetableplannertests\bin\debug\timetableplannertests.dll" id="3ada0cc6-2a4d-2d63-7d9f-97d4d443b0f3">
      <Execution id="8a115568-4557-46f9-83f6-7913a9e2d4ab" />
      <TestMethod codeBase="E:/HsKA/Semester2/Projektarbeit/Stundenplangenerator/TimetablePlanner/TimetablePlannerTests/bin/Debug/TimetablePlannerTests.DLL" adapterTypeName="Microsoft.VisualStudio.TestTools.TestTypes.Unit.UnitTestAdapter, Microsoft.VisualStudio.QualityTools.Tips.UnitTest.Adapter, Version=10.0.0.0, Culture=neutral, PublicKeyToken=b03f5f7f11d50a3a" className="TimetablePlannerTests.TimetableTest, TimetablePlannerTests, Version=1.0.0.0, Culture=neutral, PublicKeyToken=null" name="TimetableManualTester" />
    </UnitTest>
  </TestDefinitions>
  <TestLists>
    <TestList name="Nicht in einer Liste enthaltene Ergebnisse" id="8c84fa94-04c1-424b-9868-57a2d4851a1d" />
    <TestList name="Alle geladenen Ergebnisse" id="19431567-8539-422a-85d7-44ee4e166bda" />
  </TestLists>
  <TestEntries>
    <TestEntry testId="3ada0cc6-2a4d-2d63-7d9f-97d4d443b0f3" executionId="8a115568-4557-46f9-83f6-7913a9e2d4ab" testListId="8c84fa94-04c1-424b-9868-57a2d4851a1d" />
  </TestEntries>
  <Results>
    <UnitTestResult executionId="8a115568-4557-46f9-83f6-7913a9e2d4ab" testId="3ada0cc6-2a4d-2d63-7d9f-97d4d443b0f3" testName="TimetableManualTester" computerName="FLOLAP-PC" duration="00:00:07.1378975" startTime="2011-10-28T09:57:17.4186516+02:00" endTime="2011-10-28T09:57:25.6974771+02:00" testType="13cdc9d9-ddb5-4fa4-a97d-d965ccfc6d4b" outcome="Passed" testListId="8c84fa94-04c1-424b-9868-57a2d4851a1d" relativeResultsDirectory="8a115568-4557-46f9-83f6-7913a9e2d4ab">
      <Output>
        <DebugTrace>Time to create population of size 1: 811ms
1400
Early abort after 78 generations.
Mean time per generation: 1ms
Mean fitness increase per generation
60
60
0
0
75
0
45
70
55
0
45
0
0
0
160
0
0
0
75
335
0
0
0
55
130
70
15
0
0
30
0
100
0
0
180
0
0
30
0
0
100
0
0
120
0
0
0
165
115
0
0
65
0
45
180
150
0
100
0
0
0
0
0
0
0
0
0
0
135
0
15
0
0
0
0
0
0
0
0
Evolution time: 140ms
4180

Group 0
Block 0: Fremdsprachen, E201                         | Mathematik 1, E304                          | --------------------------------------------| Technische Informatik 1, E213               | Mathematik 1, E203                          | 
Block 1: Fremdsprachen, E201                         | Informatik 1 Übung, LI136                   | Mathematik 1 Labor, LI008                   | Theoretische Informatik 1, E201             | Informatik 1, E302                          | 
Block 2: --------------------------------------------| --------------------------------------------| --------------------------------------------| --------------------------------------------| Technische Informatik 1 Übung, E304         | 
Block 3: --------------------------------------------| Informatik 1, E304                          | --------------------------------------------| --------------------------------------------| Theoretische Informatik 1, E203             | 
Block 4: --------------------------------------------| --------------------------------------------| --------------------------------------------| --------------------------------------------| --------------------------------------------| 
Block 5: Mathematik 1 Labor, LI136                   | --------------------------------------------| --------------------------------------------| --------------------------------------------| Technische Informatik 1, E213               | 

Group 1
Block 0: Mathematik 1 Labor, LI141                   | --------------------------------------------| Technische Informatik 1, E201               | --------------------------------------------| --------------------------------------------| 
Block 1: --------------------------------------------| Theoretische Informatik 1, E203             | Informatik 1, E301                          | --------------------------------------------| --------------------------------------------| 
Block 2: --------------------------------------------| --------------------------------------------| --------------------------------------------| Technische Informatik 1 Übung, E201         | --------------------------------------------| 
Block 3: Fremdsprachen, E203                         | Technische Informatik 1, E203               | --------------------------------------------| --------------------------------------------| Mathematik 1, E302                          | 
Block 4: Fremdsprachen, E203                         | Mathematik 1, E213                          | --------------------------------------------| Informatik 1, E303                          | Mathematik 1 Labor, LI137                   | 
Block 5: Theoretische Informatik 1, E303             | Informatik 1 Übung, LI137                   | --------------------------------------------| --------------------------------------------| --------------------------------------------| 

Group 2
Block 0: Softwarelabor, E301                         | --------------------------------------------| Informatik 2 Übung, E305                    | Informatik 2 Übung, E203                    | --------------------------------------------| 
Block 1: Softwarelabor, E301                         | Technische Informatik 2, E302               | Mathematik 2 Labor, E201                    | Softwarelabor, E305                         | Mathematik 2, E203                          | 
Block 2: Technische Informatik 2, E302               | Sprachen und Metasprachen, E203             | --------------------------------------------| Softwarelabor, E305                         | --------------------------------------------| 
Block 3: --------------------------------------------| Digital-Labor, E301                         | Informatik 2, E304                          | --------------------------------------------| Informatik 2, E213                          | 
Block 4: --------------------------------------------| Digital-Labor, E301                         | --------------------------------------------| --------------------------------------------| Web-Programming, E302                       | 
Block 5: --------------------------------------------| Digital-Labor, E301                         | --------------------------------------------| --------------------------------------------| --------------------------------------------| 

Group 3
Block 0: DB1 und K-Netze1, E304                      | Automatisierung, E305                       | Systemnah. Progr., LI008                    | --------------------------------------------| Systemnah. Progr., LI136                    | 
Block 1: --------------------------------------------| DB-Praktikum, E201                          | DB1 und K-Netze1, E213                      | Mensch-Maschine-Kommunikation, E301         | --------------------------------------------| 
Block 2: BWL, E203                                   | DB-Praktikum, E201                          | --------------------------------------------| Mensch-Maschine-Kommunikation, E301         | --------------------------------------------| 
Block 3: Automatisierung, E301                       | DB1 und K-Netze1, E201                      | Systemnah. Progr., LI136                    | BWL, E201                                   | --------------------------------------------| 
Block 4: --------------------------------------------| --------------------------------------------| Automat. Labor, E304                        | --------------------------------------------| --------------------------------------------| 
Block 5: --------------------------------------------| --------------------------------------------| Automat. Labor, E304                        | --------------------------------------------| --------------------------------------------| 

Group 4
Block 0: Automatisierung, E302                       | Systemnah. Progr., LI141                    | --------------------------------------------| --------------------------------------------| DB-Praktikum, E304                          | 
Block 1: Automat. Labor, E213                        | Mensch-Maschine-Kommunikation, E304         | Automatisierung, E303                       | Systemnah. Progr., LI137                    | DB-Praktikum, E304                          | 
Block 2: Automat. Labor, E213                        | Mensch-Maschine-Kommunikation, E304         | --------------------------------------------| --------------------------------------------| --------------------------------------------| 
Block 3: --------------------------------------------| --------------------------------------------| DB1 und K-Netze1, E305                      | Systemnah. Progr., LI141                    | BWL, E201                                   | 
Block 4: DB1 und K-Netze1, E304                      | BWL, E203                                   | --------------------------------------------| --------------------------------------------| --------------------------------------------| 
Block 5: DB1 und K-Netze1, E301                      | --------------------------------------------| --------------------------------------------| --------------------------------------------| --------------------------------------------| 

Group 5
Block 0: --------------------------------------------| --------------------------------------------| --------------------------------------------| --------------------------------------------| Praxisvorbereitung, E303                    | 
Block 1: --------------------------------------------| --------------------------------------------| --------------------------------------------| Praxisnachbereitung, E304                   | Praxisvorbereitung, E303                    | 
Block 2: --------------------------------------------| --------------------------------------------| --------------------------------------------| Praxisvorbereitung, E302                    | Praxisvorbereitung, E303                    | 
Block 3: --------------------------------------------| --------------------------------------------| --------------------------------------------| Praxisvorbereitung, E302                    | --------------------------------------------| 
Block 4: --------------------------------------------| --------------------------------------------| --------------------------------------------| Praxisvorbereitung, E302                    | --------------------------------------------| 
Block 5: --------------------------------------------| --------------------------------------------| --------------------------------------------| --------------------------------------------| --------------------------------------------| 

Group 6
Block 0: --------------------------------------------| Autonome Systeme und RA, E201               | DB2 und K-Netze2, E301                      | --------------------------------------------| --------------------------------------------| 
Block 1: --------------------------------------------| --------------------------------------------| --------------------------------------------| --------------------------------------------| --------------------------------------------| 
Block 2: Verteilte Informationssysteme, E305         | SW-Engineering, LI008                       | --------------------------------------------| --------------------------------------------| Verteilte Informationssysteme Labor, LI137  | 
Block 3: Autonome Systeme und RA, E305               | SW-Engineering, LI008                       | --------------------------------------------| --------------------------------------------| ERP-Systeme, E303                           | 
Block 4: --------------------------------------------| SW-Engineering, LI008                       | --------------------------------------------| --------------------------------------------| ERP-Labor, E301                             | 
Block 5: --------------------------------------------| SW-Engineering, LI008                       | ERP-Systeme, E303                           | --------------------------------------------| DB2 und K-Netze2, E304                      | 

Group 7
Block 0: --------------------------------------------| --------------------------------------------| ERP-Systeme, E303                           | ERP-Systeme, E201                           | --------------------------------------------| 
Block 1: Verteilte Informationssysteme Labor, LI141  | --------------------------------------------| --------------------------------------------| --------------------------------------------| SW-Engineering, LI141                       | 
Block 2: DB2 und K-Netze2, E201                      | --------------------------------------------| --------------------------------------------| ERP-Labor, E213                             | SW-Engineering, LI141                       | 
Block 3: --------------------------------------------| --------------------------------------------| --------------------------------------------| DB2 und K-Netze2, E203                      | SW-Engineering, LI141                       | 
Block 4: Autonome Systeme und RA, E305               | Verteilte Informationssysteme, E303         | --------------------------------------------| --------------------------------------------| SW-Engineering, LI141                       | 
Block 5: --------------------------------------------| --------------------------------------------| --------------------------------------------| Autonome Systeme und RA, E303               | --------------------------------------------| 

Group 8
Block 0: Rhetorik, E305                              | Computergrafik, E301                        | Modellb. SW-Entw., E304                     | Gameprogramming, E301                       | Embedded Labor, E305                        | 
Block 1: Labor Bildverarbeitung, E305                | Geschäftsprozesse, E301                     | Recht, E305                                 | Computergrafik, E213                        | Embedded Labor, E305                        | 
Block 2: Advanced Networking, E304                   | Intercultural Comm., E302                   | --------------------------------------------| --------------------------------------------| --------------------------------------------| 
Block 3: Advanced Networking, E304                   | Business Intelligence, E302                 | Networksecurity, E213                       | IT-Consulting, E304                         | --------------------------------------------| 
Block 4: Computer Vision, E301                       | Embedded Software, E201                     | Spez. Kap. Software Engineering, E203       | Geschäftsprozesse, E201                     | Intercultural Comm., E303                   | 
Block 5: Benutzeroberflächen, E304                   | Seminar, E304                               | --------------------------------------------| Robotics, E203                              | --------------------------------------------| 

Group 9
Block 0: --------------------------------------------| --------------------------------------------| --------------------------------------------| --------------------------------------------| High Performance Computing, E213            | 
Block 1: --------------------------------------------| --------------------------------------------| --------------------------------------------| --------------------------------------------| High Performance Computing, E213            | 
Block 2: --------------------------------------------| --------------------------------------------| --------------------------------------------| Teamteaching, E304                          | Labor Autonome Systeme, LI008               | 
Block 3: --------------------------------------------| --------------------------------------------| --------------------------------------------| Qualitätssicherung, E305                    | --------------------------------------------| 
Block 4: Multimedia, E201                            | --------------------------------------------| --------------------------------------------| --------------------------------------------| Projektmanagement, E305                     | 
Block 5: --------------------------------------------| --------------------------------------------| --------------------------------------------| --------------------------------------------| --------------------------------------------| 

Group 10
Block 0: Intelligente Systeme, E203                  | --------------------------------------------| --------------------------------------------| Mobile Systeme, E303                        | Verteilte Informationssysteme, E201         | 
Block 1: Modellierung und Simulation, E304           | Datenrepräsentation und -übertragung, E213  | --------------------------------------------| --------------------------------------------| --------------------------------------------| 
Block 2: --------------------------------------------| Visualization and Semantics, E305           | --------------------------------------------| IT Projektmanagement, E203                  | --------------------------------------------| 
Block 3: Führungskräftetraining, E201                | --------------------------------------------| Projektarbeit1, E301                        | Visualization and Semantics Lab, LI136      | --------------------------------------------| 
Block 4: IT Service Management, E213                 | --------------------------------------------| Projektarbeit1, E301                        | --------------------------------------------| --------------------------------------------| 
Block 5: --------------------------------------------| --------------------------------------------| Projektarbeit1, E301                        | --------------------------------------------| --------------------------------------------| 

Group 11
Block 0: Labor Benutzeroberflächen, E303             | --------------------------------------------| IT-Sicherheit, E213                         | Seminar, E304                               | Data Mining, E301                           | 
Block 1: --------------------------------------------| --------------------------------------------| --------------------------------------------| Algorithmen Übung, E303                     | Projektarbeit2, E301                        | 
Block 2: --------------------------------------------| --------------------------------------------| --------------------------------------------| --------------------------------------------| Projektarbeit2, E301                        | 
Block 3: --------------------------------------------| --------------------------------------------| --------------------------------------------| Labor Verteilte Systeme, E301               | --------------------------------------------| 
Block 4: --------------------------------------------| Dialog Systems, E305                        | Angewandte Kryptografie, E302               | --------------------------------------------| --------------------------------------------| 
Block 5: --------------------------------------------| --------------------------------------------| --------------------------------------------| Algorithmenentwurf, E305                    | --------------------------------------------| 
</DebugTrace>
      </Output>
    </UnitTestResult>
  </Results>
</TestRun>