<?xml version="1.0" encoding="UTF-8"?>
<TestRun id="b3b3f553-4fbb-4cee-b77a-c713e5998a9e" name="FloLap@FLOLAP-PC 2011-10-12 20:05:21" runUser="FloLap-PC\FloLap" xmlns="http://microsoft.com/schemas/VisualStudio/TeamTest/2010">
  <TestSettings name="Lokal" id="6ed96bb3-d821-4eee-a79d-3a3069da9890">
    <Description>Dies sind die standardmäßigen Testeinstellungen für einen lokalen Testlauf.</Description>
    <Deployment enabled="false" runDeploymentRoot="FloLap_FLOLAP-PC 2011-10-12 20_05_21">
      <DeploymentItem filename="E:\HsKA\Semester2\Projektarbeit\Stundenplangenerator\TimetablePlanner\TimetablePlanner\bin\Debug\TimetablePlanner.dll" />
    </Deployment>
    <Execution>
      <TestTypeSpecific />
      <AgentRule name="Execution Agents">
      </AgentRule>
    </Execution>
  </TestSettings>
  <Times creation="2011-10-12T20:05:21.3688854+02:00" queuing="2011-10-12T20:05:22.5419525+02:00" start="2011-10-12T20:05:22.7579648+02:00" finish="2011-10-12T20:06:21.2813122+02:00" />
  <ResultSummary outcome="Completed">
    <Counters total="1" executed="1" passed="1" error="0" failed="0" timeout="0" aborted="0" inconclusive="0" passedButRunAborted="0" notRunnable="0" notExecuted="0" disconnected="0" warning="0" completed="0" inProgress="0" pending="0" />
  </ResultSummary>
  <TestDefinitions>
    <UnitTest name="createTimetableInstanceTest" storage="e:\hska\semester2\projektarbeit\stundenplangenerator\timetableplanner\timetableplannertests\bin\debug\timetableplannertests.dll" id="ab441b29-9837-01bf-f43f-7839c8f73716">
      <Execution id="e689b63a-c1c1-410a-ad1a-419f4b74f627" />
      <TestMethod codeBase="E:/HsKA/Semester2/Projektarbeit/Stundenplangenerator/TimetablePlanner/TimetablePlannerTests/bin/Debug/TimetablePlannerTests.DLL" adapterTypeName="Microsoft.VisualStudio.TestTools.TestTypes.Unit.UnitTestAdapter, Microsoft.VisualStudio.QualityTools.Tips.UnitTest.Adapter, Version=10.0.0.0, Culture=neutral, PublicKeyToken=b03f5f7f11d50a3a" className="TimetablePlannerTests.TimetableTest, TimetablePlannerTests, Version=1.0.0.0, Culture=neutral, PublicKeyToken=null" name="createTimetableInstanceTest" />
    </UnitTest>
  </TestDefinitions>
  <TestLists>
    <TestList name="Nicht in einer Liste enthaltene Ergebnisse" id="8c84fa94-04c1-424b-9868-57a2d4851a1d" />
    <TestList name="Alle geladenen Ergebnisse" id="19431567-8539-422a-85d7-44ee4e166bda" />
  </TestLists>
  <TestEntries>
    <TestEntry testId="ab441b29-9837-01bf-f43f-7839c8f73716" executionId="e689b63a-c1c1-410a-ad1a-419f4b74f627" testListId="8c84fa94-04c1-424b-9868-57a2d4851a1d" />
  </TestEntries>
  <Results>
    <UnitTestResult executionId="e689b63a-c1c1-410a-ad1a-419f4b74f627" testId="ab441b29-9837-01bf-f43f-7839c8f73716" testName="createTimetableInstanceTest" computerName="FLOLAP-PC" duration="00:00:56.8758069" startTime="2011-10-12T20:05:22.9569762+02:00" endTime="2011-10-12T20:06:21.1613053+02:00" testType="13cdc9d9-ddb5-4fa4-a97d-d965ccfc6d4b" outcome="Passed" testListId="8c84fa94-04c1-424b-9868-57a2d4851a1d" relativeResultsDirectory="e689b63a-c1c1-410a-ad1a-419f4b74f627">
      <Output>
        <DebugTrace>Time to create population of size 50: 330ms
0206: 000,000,000,000,013,000,000,000,000,000,000,000,000,000,000,000,021,000,000,000,000,018,000,000,000,026,000,000,000,000,000,000,009,000,000,000,000,000,000,000,000,000,000,000,030,000,000,003,000,000,000,000,000,000,000,010,000,000,000,000,000,000,014,017,017,017,000,000,000,000,000,000,000,000,000,000,000,000,000,000,000,000,000,000,000,000,000,000,000,000,000,000,000,000,000,000,000,000,028,028,028,022,000,000,000,000,000,000,000,000,029,000,000,000,000,000,000,000,000,000,000,000,000,000,000,000,000,000,000,000,000,000,000,000,000,000,000,000,000,000,000,000,000,000,000,000,000,000,000,000,000,000,000,024,000,000,000,000,000,000,000,000,000,004,000,000,000,000,000,000,000,000,000,000,000,000,000,000,000,036,000,019,000,000,000,000,000,012,000,000,000,033,000,027,000,000,000,000,000,000,011,011,000,000,000,000,000,000,000,000,031,000,000,003,000,000,000,016,000,000,001,009,000,023,000,000,000,000,000,000,000,000,000,000,000,032,000,000,000,000,000,000,000,000,010,000,000,020,000,000,000,000,000,000,000,007,000,000,000,000,000,000,000,000,000,000,000,000,000,000,002,000,000,000,000,000,037,037,000,034,000,000,006,000,000,000,000,000,005,000,035,006,000,000,000,000,000,000,000,000,000,000,000,000,000,000,000,000,000,000,000,000,016,007,000,008,008,000,000,011,011,001,000,000,038,005,000,000,000,000,000,000,000,000,000,000,000,000,000,000,000,025,000,000,000,015,000,000,000,000,000,000,000,000,000,000,000,000,000,000,
0200: 000,022,000,000,000,000,000,013,028,028,028,009,000,000,000,000,000,000,000,000,000,011,011,029,000,000,000,010,000,000,000,003,000,000,000,000,000,000,008,008,000,000,000,000,005,000,000,000,000,000,000,001,000,000,000,034,000,000,010,000,000,006,000,000,000,000,000,000,000,000,000,000,000,025,000,000,000,000,017,017,017,009,000,000,000,006,000,021,000,000,000,000,000,000,000,000,000,000,000,000,000,000,019,000,000,005,000,000,035,000,000,000,000,000,000,000,000,000,000,000,000,000,020,000,000,000,000,000,000,024,000,000,000,000,000,000,000,000,000,000,000,000,000,000,000,000,000,000,000,007,000,000,000,000,000,000,000,000,000,000,000,000,000,000,000,000,000,000,000,000,000,000,037,037,014,000,000,003,000,000,027,000,000,000,000,000,000,000,000,000,000,000,000,032,000,000,000,000,026,000,000,000,000,000,000,000,000,000,000,000,000,000,000,000,000,030,000,000,000,000,000,000,000,000,000,000,031,000,000,000,000,016,000,000,000,000,000,000,000,000,000,000,000,000,000,000,000,000,000,000,000,000,000,000,000,000,000,000,000,000,000,000,000,000,000,000,000,000,000,000,000,000,000,000,023,000,001,000,000,000,000,000,000,000,000,000,000,000,007,000,038,000,000,000,016,000,000,000,000,000,000,000,000,000,000,000,000,000,000,011,011,000,000,004,000,000,000,000,000,000,000,002,000,000,000,000,000,000,000,000,000,000,000,000,000,000,000,000,000,012,000,000,000,000,018,033,000,000,000,000,015,000,000,000,000,000,000,000,036,000,
0176: 000,026,000,000,000,000,000,020,000,000,000,000,000,000,000,000,000,000,000,000,000,000,000,000,029,000,005,000,000,000,000,000,000,000,000,000,000,000,000,000,000,000,000,027,000,000,000,000,000,000,000,000,011,011,000,000,000,000,000,000,000,000,000,000,000,000,000,000,000,000,000,001,000,000,037,037,000,000,000,000,000,000,000,000,000,018,000,000,000,000,004,000,000,000,000,000,000,000,036,000,000,000,000,000,000,000,000,000,000,000,000,022,000,000,038,000,000,000,000,000,000,000,009,000,000,000,000,013,000,007,000,000,006,000,014,000,000,000,002,000,000,000,000,033,000,008,008,000,000,000,019,000,000,000,000,000,006,000,000,000,000,000,000,000,000,000,000,000,000,000,000,000,000,000,000,000,000,000,000,005,000,000,000,000,003,031,000,000,000,000,000,000,000,000,000,000,000,000,023,000,000,000,000,000,000,000,007,000,000,000,000,000,000,000,000,000,017,017,017,000,000,000,000,000,000,000,030,000,000,000,000,000,034,000,000,000,000,000,000,016,000,000,000,000,000,000,000,015,000,000,000,000,000,000,000,000,000,000,000,000,000,000,000,000,028,028,028,021,009,000,000,012,000,000,000,016,010,000,000,000,000,000,000,000,000,000,000,000,000,000,000,000,000,000,010,000,000,000,000,000,000,000,025,000,000,000,000,000,000,000,000,000,000,000,000,000,000,000,000,000,000,000,000,000,000,000,000,000,032,000,000,003,000,000,000,000,000,011,011,000,000,035,000,000,000,000,000,000,000,000,024,000,000,000,000,001,000,000,000,000,
0176: 000,000,000,000,000,000,038,000,000,000,000,023,000,000,000,000,000,000,000,000,000,000,000,000,002,000,000,000,000,000,018,000,000,000,000,019,000,000,000,000,000,000,000,000,000,000,000,000,000,000,000,007,000,000,000,000,000,036,000,000,000,000,000,000,000,000,000,000,000,000,000,000,000,000,000,000,000,000,000,000,000,000,000,000,003,000,000,025,000,000,014,000,000,000,000,000,000,000,000,000,000,000,000,000,000,000,000,000,000,000,000,000,000,020,000,000,000,000,000,000,000,000,000,000,000,000,000,000,000,000,000,000,000,000,000,000,000,016,000,000,000,000,000,000,000,000,000,000,000,000,000,000,011,011,000,000,000,000,000,000,021,000,000,000,035,000,000,000,000,003,011,011,000,000,000,000,000,000,000,000,000,000,031,000,000,010,000,000,026,000,000,000,012,000,000,000,000,000,000,009,000,000,000,000,037,037,000,000,000,000,000,000,000,000,000,004,000,000,000,000,000,000,000,027,000,000,000,000,000,000,000,000,001,030,000,008,008,000,000,000,005,000,000,033,000,034,000,000,000,000,000,000,000,000,000,000,000,000,000,000,000,000,000,000,000,000,000,000,000,000,000,000,000,000,015,024,000,000,000,000,000,000,000,000,000,000,013,000,000,000,029,000,000,000,022,000,000,007,000,000,000,000,000,009,000,000,000,000,000,000,001,000,000,000,000,000,000,000,017,017,017,000,005,000,016,000,000,000,006,000,000,000,000,000,032,000,000,000,010,000,000,000,000,000,006,000,000,000,000,000,028,028,028,000,000,000,000,000,000,000,
0148: 000,011,011,000,000,000,000,000,021,000,000,000,000,001,000,000,000,000,000,013,000,000,000,000,016,000,000,000,000,000,010,000,000,016,000,005,020,037,037,000,000,000,000,000,002,000,000,000,000,000,000,000,006,000,012,000,000,000,007,000,000,000,000,000,000,029,000,000,000,000,000,000,000,000,000,000,000,000,000,030,000,000,000,000,000,000,000,000,011,011,000,000,014,000,000,000,000,000,000,000,000,000,000,000,000,000,000,000,000,000,000,000,000,000,000,000,000,000,000,000,000,000,000,000,000,000,000,000,000,000,000,000,000,000,000,032,000,000,000,000,000,000,000,001,036,000,000,000,000,000,000,031,000,000,000,000,000,000,000,000,000,000,009,000,000,000,000,000,000,000,000,000,007,000,000,000,000,000,019,000,000,000,005,000,000,006,017,017,017,000,000,000,000,000,000,000,000,000,000,000,000,000,000,000,000,000,000,000,000,003,000,000,000,000,003,000,000,000,000,000,000,000,000,008,008,000,025,000,000,000,000,000,000,023,000,000,000,000,000,000,000,028,028,028,004,000,000,000,000,000,000,000,033,000,000,000,000,000,000,000,000,000,000,000,000,000,000,000,000,000,035,000,000,000,000,009,000,000,000,000,000,000,000,022,000,018,000,000,000,010,000,000,000,000,000,000,000,000,000,000,000,000,000,000,026,000,000,000,000,000,000,000,000,027,000,000,000,000,000,015,000,000,000,000,000,000,000,000,000,000,000,000,000,000,000,000,000,000,000,000,000,000,000,024,000,000,000,000,038,034,000,000,000,000,000,000,000,000,000,000,
0128: 000,000,000,000,000,000,028,028,028,000,003,000,000,000,000,000,000,000,000,000,000,000,000,000,000,000,000,000,000,000,000,010,026,000,000,000,000,000,000,034,000,000,000,000,000,000,000,000,000,000,000,000,000,021,000,011,011,000,000,000,000,000,037,037,000,000,000,000,000,000,000,000,000,016,000,000,000,000,000,000,000,000,000,000,000,000,000,000,000,000,000,000,000,001,000,035,000,000,009,000,000,000,000,000,000,000,000,000,000,000,000,038,000,000,000,000,000,000,008,008,000,000,000,000,000,000,000,000,000,000,000,000,000,000,000,006,000,000,000,012,000,000,000,000,017,017,017,000,000,000,000,000,000,000,000,000,000,000,000,024,000,000,000,000,000,000,000,000,000,000,004,020,014,000,000,000,000,016,000,000,000,011,011,000,001,000,000,000,033,000,000,000,000,000,000,000,000,000,000,027,000,000,000,036,000,000,015,000,000,000,000,000,000,000,000,000,000,005,000,000,000,000,000,000,000,000,000,000,000,000,000,000,000,000,000,000,000,000,000,000,000,000,000,000,029,007,000,000,000,000,000,000,000,000,000,000,000,000,000,000,000,000,000,000,000,000,000,000,000,000,005,000,000,000,000,022,019,006,000,000,000,000,010,000,000,000,000,000,000,000,000,018,000,000,000,032,000,000,000,000,003,000,000,000,000,000,000,000,000,000,000,000,000,000,000,000,000,000,000,000,000,000,000,000,000,000,000,000,000,030,025,023,000,002,000,000,000,007,000,009,000,000,000,000,000,000,000,000,000,031,000,000,000,000,000,000,013,000,000,000,
0124: 000,014,000,000,019,000,000,031,000,000,000,000,000,004,000,013,026,000,000,000,000,016,000,000,000,000,000,000,000,000,000,000,000,000,000,000,000,000,000,000,000,000,000,000,000,000,000,033,000,000,027,002,000,000,000,000,000,000,018,000,035,000,000,000,000,000,032,000,000,028,028,028,000,030,000,000,000,000,000,000,000,000,000,000,000,000,025,037,037,000,000,000,000,000,000,000,000,000,000,000,000,036,000,000,000,000,022,000,000,000,000,000,000,010,000,000,000,000,000,000,000,000,000,000,000,000,000,000,000,023,000,000,000,000,000,006,000,000,000,000,000,000,000,000,000,000,000,000,000,005,020,000,006,000,000,012,034,000,000,000,000,000,000,000,011,011,000,000,000,000,000,000,000,000,000,021,000,000,000,000,000,000,009,000,000,000,000,000,000,000,000,000,000,000,000,000,000,000,000,009,000,000,000,000,000,000,000,000,000,000,000,000,000,000,000,001,000,000,000,000,000,000,000,000,000,000,000,000,000,000,000,000,000,000,000,000,000,000,000,000,000,005,000,000,000,000,000,000,000,000,000,000,011,011,000,000,000,000,038,000,000,001,000,000,000,000,000,000,000,000,000,000,000,000,000,000,000,000,000,000,000,000,010,016,000,000,000,000,000,007,000,000,000,000,017,017,017,000,000,000,000,000,000,003,000,000,008,008,007,000,000,000,015,000,000,000,000,000,000,000,000,000,029,000,000,000,000,000,000,000,000,003,000,000,000,000,000,000,000,000,024,000,000,000,000,000,000,000,000,000,000,000,000,000,000,000,000,000,000,000,
0118: 000,018,000,017,017,017,006,000,000,000,000,000,015,032,000,000,026,000,000,000,000,000,000,000,000,000,000,013,000,000,000,000,000,000,000,000,000,011,011,000,000,000,010,000,000,000,030,000,000,000,000,000,005,000,000,000,000,000,000,000,000,000,000,000,000,000,000,034,000,000,000,000,000,000,019,000,000,000,000,000,000,000,000,000,000,000,000,000,000,000,000,000,005,000,037,037,000,000,000,000,000,000,000,000,000,000,000,000,000,016,000,025,000,000,000,000,000,000,000,000,004,000,000,000,000,000,000,000,000,000,000,000,001,000,000,000,020,000,000,000,000,006,000,000,000,000,000,000,000,000,000,000,000,000,000,000,000,000,010,000,000,000,000,000,000,000,000,000,031,036,000,000,000,000,000,000,000,000,000,000,000,000,000,000,000,000,000,000,000,000,000,000,000,000,000,000,000,000,000,000,000,000,000,000,000,000,000,000,000,000,000,000,011,011,000,000,000,000,000,038,000,000,000,000,000,000,000,000,000,000,000,000,000,000,000,000,000,000,014,001,000,000,000,000,002,000,000,000,000,007,000,000,000,007,000,000,000,000,000,000,000,000,003,027,000,000,000,000,009,000,000,000,000,000,035,000,012,000,000,000,000,000,000,028,028,028,000,000,000,000,000,029,000,000,000,016,033,000,000,000,000,000,000,000,000,000,000,021,000,000,000,000,000,000,000,000,000,000,000,008,008,000,000,000,009,000,000,000,000,000,024,000,000,000,000,000,000,000,000,000,023,000,000,000,000,000,000,000,003,000,000,000,000,000,000,000,000,000,022,000,
0116: 000,000,006,000,000,000,000,000,002,028,028,028,000,000,000,000,020,000,000,000,037,037,000,000,021,000,000,000,000,000,000,000,000,000,000,000,000,000,000,000,000,000,000,000,003,000,000,000,000,000,000,000,000,000,036,000,000,000,022,000,023,007,000,000,000,038,016,000,000,000,033,000,000,010,018,000,000,000,000,000,000,009,000,000,000,034,000,000,000,000,000,000,000,000,000,000,000,000,000,000,000,000,000,000,000,000,000,000,000,000,000,000,032,000,000,000,000,000,000,000,000,000,000,000,005,000,000,000,000,000,000,000,000,000,000,000,000,000,008,008,000,000,031,000,000,000,017,017,017,012,000,000,000,000,000,000,000,000,000,000,001,000,000,027,000,000,000,000,000,000,000,000,000,000,011,011,015,000,000,000,000,019,000,000,000,000,000,013,000,000,000,000,000,000,000,000,000,000,000,000,000,000,000,000,000,005,000,000,000,000,000,025,000,000,000,001,000,011,011,024,000,000,026,000,000,000,000,000,000,007,000,000,000,000,000,000,000,000,000,000,000,000,000,000,000,000,000,035,000,000,006,000,000,000,000,000,014,000,000,000,000,000,030,000,000,000,000,000,000,000,000,000,000,000,000,000,000,000,000,000,000,000,000,000,000,000,000,000,000,000,004,000,000,029,000,000,000,000,000,000,016,000,000,000,000,000,000,000,000,000,000,000,000,000,000,000,000,000,000,000,000,009,000,000,000,000,000,010,000,000,000,000,000,000,000,000,000,000,000,000,000,000,000,000,000,000,000,000,000,000,000,003,000,000,000,000,000,000,000,000,
0112: 000,000,000,000,000,000,000,000,000,020,000,000,000,000,000,000,000,000,000,000,000,000,000,000,000,000,000,000,000,000,000,000,000,011,011,000,000,000,031,000,000,000,000,000,000,000,000,000,000,000,000,000,000,000,000,000,000,000,000,000,000,000,000,000,000,000,007,029,000,000,000,000,000,000,000,000,000,000,000,000,015,000,000,000,000,000,000,000,000,000,000,000,000,013,000,009,000,000,000,000,000,000,000,010,000,000,000,000,000,036,000,000,038,021,016,000,000,000,000,000,000,000,000,000,000,000,000,000,018,000,000,000,000,000,000,016,026,000,009,024,000,000,000,000,000,000,000,000,002,000,000,000,000,000,000,000,011,011,000,000,000,022,000,000,000,000,000,000,000,000,037,037,005,000,000,000,000,000,000,000,000,000,000,000,000,000,000,000,000,001,000,000,000,000,000,000,000,000,000,000,000,000,000,000,000,000,000,000,000,000,006,000,000,000,000,000,000,000,000,000,000,032,000,005,000,000,000,010,000,000,000,000,000,000,000,000,000,000,000,000,000,012,000,000,014,000,000,023,000,000,000,000,000,035,000,000,000,000,034,000,000,000,000,000,000,000,000,000,000,000,000,000,000,000,003,000,000,000,000,000,000,000,019,000,000,001,000,000,000,000,000,000,000,000,000,000,028,028,028,033,000,006,000,000,000,000,000,004,007,008,008,000,000,000,000,000,000,000,000,000,000,000,000,000,000,000,000,003,000,000,000,000,000,000,000,000,000,000,000,000,000,000,000,017,017,017,000,000,027,000,025,000,000,000,030,000,000,000,000,000,
0098: 000,000,000,000,000,000,000,000,000,000,000,000,000,007,000,000,000,012,000,010,000,000,000,000,025,000,000,000,000,000,000,000,000,000,000,000,018,000,000,000,000,000,000,000,000,000,034,000,000,000,000,000,000,000,000,000,000,000,000,000,032,000,000,000,000,000,000,000,009,000,000,000,000,024,000,000,023,000,037,037,000,000,000,000,000,000,000,000,000,000,000,000,000,000,000,000,033,000,011,011,000,007,000,000,000,000,000,000,000,000,000,000,000,003,000,000,000,000,000,016,000,000,000,004,000,000,000,000,000,000,020,000,000,000,000,000,000,000,000,031,000,000,006,000,000,000,000,000,000,000,000,005,000,001,000,000,000,000,000,000,000,000,000,000,000,000,000,000,000,000,000,000,000,000,000,000,000,000,000,000,029,000,000,000,000,000,000,000,000,000,016,000,000,000,019,000,000,000,013,000,000,015,000,000,000,000,000,000,002,000,001,000,022,000,000,000,000,000,000,000,027,036,000,000,000,000,000,000,000,011,011,000,000,000,000,000,000,000,000,000,000,000,000,000,000,000,000,000,000,000,000,000,000,000,000,000,000,000,000,000,000,000,003,000,000,000,000,000,000,000,000,000,000,000,000,000,006,000,000,000,000,000,021,000,000,000,000,000,000,000,000,000,000,000,000,000,026,000,000,000,000,000,035,000,014,000,000,000,000,000,000,000,000,000,000,000,030,000,000,000,000,000,000,000,000,000,000,028,028,028,000,010,000,008,008,000,000,005,000,038,000,000,009,000,017,017,017,000,000,000,000,000,000,000,000,000,000,000,000,000,
0098: 018,000,000,000,000,000,000,014,000,000,000,000,000,000,000,000,000,000,000,000,000,000,000,015,000,000,000,030,027,000,000,000,000,000,024,023,007,000,000,000,000,000,000,000,000,000,000,000,000,005,000,000,022,000,026,000,000,000,000,000,038,000,000,000,010,000,000,000,036,000,000,000,003,000,011,011,000,000,000,000,000,000,000,000,000,000,009,000,000,000,000,000,000,000,012,000,000,000,000,000,000,000,025,000,000,000,000,000,000,000,000,000,000,000,000,000,000,000,000,000,000,000,000,000,000,000,000,000,000,000,000,000,000,000,016,000,000,021,000,009,000,000,000,000,000,000,000,000,000,000,000,000,020,000,000,006,000,003,000,001,000,000,000,000,000,000,000,000,000,000,000,000,000,000,000,000,000,011,011,000,000,000,000,000,000,000,000,000,000,000,000,000,000,000,000,005,000,000,000,000,037,037,000,000,000,000,029,000,000,000,000,000,000,000,034,000,000,000,000,000,000,000,000,035,000,000,000,000,000,000,000,000,000,000,000,000,000,000,000,000,000,000,000,000,000,000,000,000,000,000,000,000,000,000,000,000,000,000,000,010,000,000,000,007,000,000,000,000,000,000,000,000,000,004,000,000,017,017,017,000,000,000,000,000,000,000,033,000,002,000,000,000,000,000,000,000,000,000,000,000,000,000,000,000,000,000,000,000,000,000,016,000,000,000,000,000,000,031,032,019,000,000,000,000,000,000,000,000,000,001,028,028,028,000,000,013,006,000,000,000,000,000,000,000,000,008,008,000,000,000,000,000,000,000,000,000,000,000,000,000,
0094: 000,000,000,000,030,000,000,000,018,000,000,000,000,000,000,000,000,000,000,000,000,000,020,000,000,000,000,000,012,000,000,000,000,000,000,000,000,000,001,000,000,000,000,011,011,000,024,000,009,000,000,000,000,000,000,000,000,000,000,000,000,002,000,000,016,000,000,000,000,000,000,000,000,000,000,000,000,000,000,014,000,000,000,026,007,000,000,000,000,000,000,000,000,017,017,017,000,000,000,000,000,000,000,000,022,000,000,000,000,000,000,000,000,000,000,000,000,000,031,000,009,000,000,000,000,000,000,000,000,000,000,000,000,000,000,000,000,000,000,037,037,000,000,000,000,000,000,000,000,000,000,000,000,000,000,000,033,000,000,000,001,000,000,000,000,000,010,000,000,000,000,021,000,000,034,025,006,000,000,000,000,000,000,000,000,000,000,000,000,000,006,000,000,000,000,000,000,000,000,000,000,000,000,000,000,000,000,000,000,000,000,000,000,000,027,000,000,000,000,000,003,000,000,000,000,000,000,000,000,000,000,003,000,000,000,000,000,000,000,000,000,000,000,000,000,000,036,011,011,000,000,000,000,010,000,000,000,000,000,000,000,000,004,000,005,000,000,000,000,000,000,000,000,000,000,000,000,000,000,015,000,000,000,032,000,000,000,023,000,000,000,000,000,000,000,000,000,000,000,019,000,000,000,000,005,000,000,000,000,000,000,000,000,000,000,000,000,000,000,000,013,000,000,038,000,000,000,007,000,000,000,000,008,008,000,000,000,000,000,000,000,000,028,028,028,000,000,000,029,035,000,000,000,016,000,000,000,000,000,000,
0088: 000,000,000,031,000,000,000,000,000,000,016,007,000,000,000,000,000,000,020,000,000,010,000,000,000,000,011,011,000,000,000,000,000,000,000,023,000,000,035,005,000,032,000,000,017,017,017,000,000,000,000,000,000,000,000,006,037,037,000,000,000,000,034,000,038,000,000,000,000,000,001,000,000,000,005,000,014,000,000,000,000,000,000,000,000,000,000,000,000,000,000,000,000,000,000,000,000,000,022,000,000,000,000,000,000,000,000,000,000,003,000,000,000,000,000,000,000,000,000,000,000,000,000,000,000,000,000,000,000,000,000,000,000,036,010,000,000,000,015,000,000,000,000,000,000,000,000,000,000,000,028,028,028,000,000,000,000,000,000,000,000,000,000,019,000,024,025,000,000,008,008,000,000,000,000,000,000,000,000,000,029,000,000,000,000,000,000,000,000,000,000,000,000,000,000,000,009,000,000,026,000,000,000,016,000,000,000,000,000,000,000,000,000,000,027,000,000,000,000,000,000,006,000,000,000,000,000,000,012,000,000,000,000,000,000,013,000,000,000,000,000,000,000,000,000,000,000,000,000,000,000,000,007,018,000,000,000,000,000,000,000,000,000,000,000,000,000,009,000,000,000,000,000,000,000,000,000,000,000,000,000,000,000,030,000,000,000,000,004,000,000,000,000,000,000,000,000,000,000,000,000,000,000,000,000,000,000,000,000,000,000,000,000,000,000,000,000,000,000,000,000,000,000,000,000,002,000,000,000,000,000,000,000,000,021,000,000,000,000,000,011,011,000,000,033,000,000,000,000,000,000,000,000,003,000,000,000,001,000,000,
0088: 000,000,000,017,017,017,000,000,000,010,006,001,000,000,000,000,000,000,000,000,000,000,011,011,000,000,000,000,000,000,000,000,000,000,000,000,037,037,000,000,000,033,000,000,034,000,029,000,000,000,000,000,000,000,009,000,000,002,000,000,000,000,000,000,000,000,000,000,000,000,000,000,000,003,000,000,000,000,000,000,000,013,000,000,000,000,003,019,000,000,000,000,000,000,027,000,000,000,000,000,000,000,000,000,000,000,008,008,000,000,000,000,000,000,000,000,000,000,000,007,006,000,000,000,000,000,031,000,000,000,000,000,000,000,000,000,000,000,000,000,000,000,000,000,000,000,025,000,000,015,000,009,000,000,000,000,005,000,000,000,000,000,000,000,000,000,000,000,000,000,000,000,000,000,000,000,000,000,000,000,000,000,020,000,005,000,000,000,000,000,000,000,000,000,000,000,000,000,000,000,000,000,000,000,000,000,000,000,000,000,000,000,000,000,000,000,000,000,000,000,000,016,000,023,000,000,000,000,000,000,000,000,000,000,000,000,000,000,000,000,000,000,000,000,000,000,000,011,011,018,000,000,028,028,028,000,000,014,000,038,000,000,000,000,000,000,000,000,000,035,032,000,000,000,000,000,010,000,000,000,000,000,000,000,000,000,000,000,000,000,001,000,000,000,007,000,000,000,000,000,000,000,000,000,012,000,000,000,000,000,021,000,000,000,000,030,000,000,000,000,000,000,000,000,000,000,036,000,000,000,000,000,000,000,000,000,022,004,000,000,000,000,000,000,000,000,000,000,016,000,024,000,000,000,000,026,000,000,000,000,
0088: 000,000,000,000,000,000,000,018,000,030,000,000,000,000,011,011,000,000,000,000,000,000,019,000,010,000,000,000,000,022,000,000,000,000,013,000,000,015,000,007,000,000,000,000,000,006,000,001,000,006,000,000,000,000,000,032,000,000,000,000,000,014,004,000,000,009,000,035,000,000,000,000,009,036,000,000,000,000,000,000,000,000,000,000,000,000,000,000,000,016,000,000,000,000,000,000,000,017,017,017,000,000,000,000,000,000,000,024,000,000,023,000,000,000,000,000,034,037,037,000,000,000,000,000,000,000,000,000,000,000,000,000,000,012,000,000,021,000,000,000,000,000,000,000,000,000,000,000,000,000,000,000,000,000,000,000,000,000,029,000,000,000,000,000,000,000,026,000,005,000,000,000,000,000,000,000,001,000,000,000,000,000,000,000,011,011,003,000,000,000,000,000,000,000,000,000,000,000,000,000,003,000,000,025,000,000,000,000,000,000,033,000,000,000,000,000,000,000,000,000,002,000,000,000,000,000,000,000,000,000,000,000,000,000,000,000,000,000,000,000,000,000,000,000,010,000,000,000,000,000,000,000,000,000,000,000,000,000,000,000,000,000,000,000,000,000,000,000,000,000,028,028,028,000,000,000,000,000,000,000,000,000,000,000,000,008,008,027,000,000,000,000,000,000,000,000,000,000,016,000,000,000,038,000,000,000,000,031,000,000,000,000,000,000,000,000,000,000,020,000,000,000,000,000,000,000,000,005,000,000,000,000,000,000,000,000,000,000,000,000,000,000,000,000,000,000,000,000,000,000,000,000,000,000,007,000,000,000,000,000,
0086: 000,000,001,000,000,000,000,010,026,000,000,000,000,000,000,000,000,000,000,000,000,000,000,000,000,000,000,000,000,000,000,000,000,000,000,000,000,000,000,000,000,030,000,000,000,000,000,000,000,000,000,000,000,000,000,000,000,003,000,000,000,000,000,000,000,000,001,000,007,000,000,000,000,000,000,000,000,000,000,000,000,000,000,000,000,000,000,000,000,023,000,011,011,000,000,000,000,000,000,019,000,000,000,000,000,000,000,000,000,000,000,000,000,000,000,034,002,000,000,000,000,025,000,000,000,000,000,000,000,000,000,000,000,008,008,004,000,000,000,031,000,000,000,000,000,013,000,000,005,000,020,000,000,000,000,000,007,000,000,000,000,000,011,011,000,000,000,000,000,000,000,000,000,000,000,000,000,000,037,037,000,000,000,029,000,000,000,000,000,000,000,016,000,000,000,000,000,000,000,000,000,000,000,000,000,000,000,000,000,000,000,000,000,038,000,000,000,000,000,027,000,000,000,000,000,000,000,000,000,000,000,000,000,000,000,000,000,017,017,017,000,000,000,000,006,000,000,033,000,032,009,000,000,028,028,028,000,021,000,000,000,015,000,000,000,000,000,016,036,000,000,000,000,000,000,000,010,000,000,000,000,012,000,024,000,000,000,000,005,000,000,000,018,022,000,000,000,000,000,000,000,000,000,000,000,000,000,000,000,000,000,000,000,000,000,000,000,000,006,000,000,000,000,000,000,000,009,000,014,000,000,000,000,000,000,000,035,000,000,000,000,000,000,000,003,000,000,000,000,000,000,000,000,000,000,000,000,000,000,000,
0086: 000,000,000,000,000,000,010,000,000,000,009,000,000,000,000,000,000,000,000,000,000,016,029,005,000,020,007,000,000,000,000,000,000,000,000,000,000,000,016,000,000,000,000,000,000,000,033,000,000,028,028,028,000,000,000,003,000,005,000,000,000,000,000,011,011,002,000,000,000,024,000,032,000,000,000,000,000,000,000,001,000,000,018,000,000,037,037,000,000,000,000,000,000,000,000,000,000,000,000,000,000,000,000,000,000,000,000,000,000,000,003,000,000,000,000,000,000,000,000,000,000,000,000,000,000,000,021,000,025,000,000,000,000,000,000,000,000,000,000,000,019,000,000,000,000,000,000,000,000,000,000,000,000,000,000,000,000,012,000,000,000,000,000,017,017,017,000,000,000,000,000,000,000,000,000,000,000,000,000,000,000,000,000,015,000,000,000,000,000,000,000,000,000,000,000,000,000,000,000,000,000,000,000,000,000,000,000,000,000,000,001,000,000,000,000,000,000,000,000,000,000,000,000,011,011,000,000,000,000,000,000,000,006,000,000,014,000,027,038,000,000,000,000,000,000,000,000,030,000,000,000,022,000,035,000,000,000,000,000,000,000,026,000,000,000,000,000,000,000,000,000,000,000,000,000,000,000,000,000,000,000,000,000,000,000,000,010,000,006,031,000,000,000,000,000,000,023,000,000,000,000,000,000,000,000,000,000,000,000,007,000,000,000,000,000,000,000,000,000,000,000,000,000,000,034,000,000,009,000,013,000,000,000,008,008,000,000,000,000,000,036,000,000,000,000,000,000,000,000,000,004,000,000,000,000,000,000,000,000,000,
0086: 038,000,000,000,000,000,000,028,028,028,000,000,000,000,000,019,000,000,000,000,000,000,000,000,000,000,000,000,000,000,000,000,033,000,002,000,000,007,000,000,000,000,000,000,000,000,001,009,000,000,000,027,000,000,000,000,000,000,000,000,000,000,000,000,000,004,026,000,000,000,000,000,015,000,035,000,018,001,000,000,000,000,000,000,000,000,000,000,000,012,006,000,011,011,000,000,000,000,000,000,000,000,000,000,023,000,000,000,000,000,000,000,000,000,000,000,000,000,000,000,000,000,020,000,000,000,000,000,000,000,000,000,000,000,000,000,000,000,000,000,000,000,000,000,000,000,000,000,000,000,000,000,037,037,000,000,000,000,000,000,000,000,022,000,000,000,000,000,010,031,000,005,000,000,000,000,000,000,000,000,000,000,000,000,000,000,000,000,000,000,000,000,030,000,000,000,000,000,003,000,000,000,000,000,000,000,000,000,000,000,000,024,000,000,000,000,000,000,000,000,016,000,000,000,000,000,000,000,000,000,000,000,000,000,000,000,000,000,000,000,000,000,000,000,016,000,000,000,000,000,000,000,000,000,000,000,000,000,000,000,000,000,000,000,000,000,000,000,000,000,000,000,000,000,000,000,000,000,000,000,025,000,000,000,000,000,000,000,000,000,000,000,029,010,000,000,034,000,000,000,000,000,000,000,013,000,000,000,008,008,032,000,003,000,000,000,000,000,000,017,017,017,000,000,007,000,000,000,000,000,000,000,000,000,000,000,005,000,036,000,000,006,000,000,011,011,014,000,000,000,000,000,000,000,000,000,000,009,021,000,
0084: 000,000,000,000,000,000,000,000,000,038,000,000,000,016,000,000,000,000,000,023,000,006,000,029,000,000,000,000,007,000,000,000,000,014,032,000,012,028,028,028,000,000,010,000,022,005,000,000,003,000,000,000,000,000,000,000,000,000,000,000,000,000,000,000,000,000,000,000,000,000,000,000,000,000,000,000,015,000,000,000,000,000,000,000,000,000,000,000,000,000,013,000,000,000,000,000,000,000,000,000,000,000,000,005,000,017,017,017,000,000,000,000,000,000,000,000,000,000,000,000,000,020,000,004,000,000,000,000,000,000,000,000,000,000,011,011,031,000,000,000,000,000,000,000,009,000,000,000,000,000,000,000,000,000,000,000,000,000,000,000,000,000,000,000,000,000,000,000,000,000,000,000,000,000,000,000,000,000,000,000,000,000,011,011,000,000,001,000,000,000,000,003,000,000,000,000,027,000,000,000,000,000,000,000,030,000,000,034,000,000,000,000,001,000,000,000,006,000,000,000,024,000,000,000,000,000,000,000,000,000,000,000,000,036,000,000,000,000,000,000,000,000,000,000,000,000,000,000,000,000,000,016,000,000,000,000,000,000,000,021,000,000,000,000,000,000,000,000,000,000,000,037,037,000,000,000,019,000,000,018,000,000,000,007,000,000,000,000,000,000,000,000,000,000,000,033,000,000,000,025,000,000,000,000,002,000,000,000,000,000,000,000,000,010,000,008,008,000,000,000,009,026,000,000,000,000,000,000,035,000,000,000,000,000,000,000,000,000,000,000,000,000,000,000,000,000,000,000,000,000,000,000,000,000,000,000,000,000,000,000,
0080: 000,036,000,000,000,000,000,000,000,000,000,000,028,028,028,000,003,027,010,038,021,000,000,000,000,000,000,000,000,000,005,000,015,000,000,009,000,000,000,000,000,000,037,037,000,007,011,011,000,000,000,000,007,000,000,000,001,003,000,031,000,000,000,000,018,000,000,000,000,000,000,000,000,000,000,000,000,000,000,000,002,000,000,000,000,000,000,000,000,000,000,000,000,000,000,006,000,000,000,000,000,000,000,000,000,000,000,000,000,000,000,000,000,000,000,000,000,000,000,000,000,000,000,000,000,000,000,000,000,000,000,000,000,000,000,000,000,000,000,000,000,000,000,000,000,005,000,000,023,000,000,000,000,000,000,009,000,034,000,000,000,000,000,000,012,000,000,000,000,000,000,000,000,000,000,000,000,000,000,000,000,000,000,000,010,000,000,000,014,000,029,000,000,011,011,035,000,004,000,000,019,000,000,000,000,000,000,000,000,020,000,000,000,000,000,000,000,000,000,000,000,000,000,000,000,024,000,000,000,000,000,000,025,000,000,000,000,000,000,000,000,000,000,000,030,000,000,000,000,000,000,000,000,000,000,000,000,026,006,000,000,000,016,000,000,000,000,000,000,000,000,000,000,000,000,000,000,000,000,000,000,000,013,000,000,000,000,000,000,022,000,000,000,000,000,001,000,000,000,000,000,000,000,000,000,000,000,000,000,000,000,000,017,017,017,000,000,000,000,000,000,000,000,000,000,032,008,008,000,000,000,000,033,000,016,000,000,000,000,000,000,000,000,000,000,000,000,000,000,000,000,000,000,000,000,000,000,000,000,000,
0076: 000,010,000,000,011,011,000,000,000,000,000,013,000,020,017,017,017,010,000,000,000,000,000,000,000,000,000,000,000,000,000,000,000,000,000,000,000,032,000,007,000,000,000,000,037,037,004,035,000,000,036,000,000,000,000,000,005,000,000,000,000,000,000,000,000,000,000,000,000,000,000,000,000,000,000,000,000,000,023,000,029,000,000,000,000,000,026,018,000,000,000,000,000,000,000,000,000,000,000,000,000,015,000,000,000,016,000,000,000,008,008,000,000,000,000,000,000,000,000,000,000,000,000,000,000,000,000,000,000,000,000,000,000,000,000,000,027,000,000,000,000,000,000,000,000,000,003,000,000,000,000,000,000,038,000,000,000,000,034,000,000,000,000,006,000,000,000,000,000,000,000,000,000,000,000,000,000,000,000,000,014,000,000,001,000,000,000,000,000,000,000,000,031,000,000,000,000,000,030,000,000,000,000,000,000,000,000,000,000,012,000,000,000,000,000,000,000,000,000,000,000,000,000,000,000,000,000,000,000,000,000,000,000,000,000,000,000,000,000,024,000,000,000,000,000,000,000,000,000,000,000,000,007,000,000,016,000,000,000,000,000,000,000,000,000,000,000,000,000,000,011,011,000,000,000,000,000,000,000,021,000,000,025,028,028,028,000,000,000,000,000,000,000,000,000,000,000,000,000,000,000,022,000,000,000,000,000,000,000,000,000,000,000,000,000,000,009,000,000,000,000,003,000,000,000,000,000,000,000,000,000,019,000,000,000,000,005,000,000,009,000,002,000,000,000,000,000,000,000,000,000,033,006,000,000,000,000,001,000,000,
0076: 000,006,000,000,000,000,000,000,000,000,000,000,000,000,005,000,000,009,000,000,000,000,000,000,000,000,000,000,000,000,000,001,000,000,000,000,000,000,000,000,000,000,000,000,000,000,000,000,000,000,000,000,000,003,000,011,011,000,000,000,000,000,000,000,000,000,000,030,000,000,000,000,000,000,000,000,000,000,000,000,000,000,033,000,000,000,000,000,015,000,000,000,000,000,000,020,013,000,000,000,000,000,000,000,024,016,000,000,000,000,000,000,000,000,000,001,000,000,000,025,000,000,000,026,000,000,000,004,000,029,000,000,000,034,000,000,000,031,000,000,000,000,000,000,000,000,000,000,000,000,000,000,000,000,000,007,000,000,000,000,000,000,000,000,016,000,000,000,000,000,000,000,000,000,000,000,000,000,000,000,028,028,028,000,000,000,000,000,000,000,000,000,027,000,000,000,000,000,000,000,000,000,000,000,005,000,000,000,000,000,000,000,000,000,000,000,000,008,008,006,000,000,000,000,000,000,000,000,000,000,000,000,000,000,000,000,000,002,012,000,000,000,000,000,000,000,000,000,000,000,000,000,000,000,000,000,014,003,000,000,000,000,000,000,000,000,000,000,000,019,000,000,000,000,036,000,000,000,000,000,010,035,011,011,000,000,000,000,000,000,000,000,000,000,009,000,000,000,000,000,000,000,000,000,000,000,000,000,000,017,017,017,000,000,010,000,000,000,038,032,037,037,022,000,000,000,000,000,000,000,000,000,000,000,000,000,000,000,000,000,000,000,000,018,000,000,000,023,000,021,000,000,000,000,000,000,007,000,000,000,
0074: 000,000,000,000,037,037,000,000,001,000,000,000,000,000,000,000,000,000,000,000,012,000,000,000,007,000,019,000,000,000,000,000,000,000,000,000,000,000,000,000,000,024,000,000,000,000,000,000,000,000,000,000,000,000,002,000,000,000,000,000,007,000,000,000,000,000,000,000,000,000,000,000,000,000,000,000,000,000,000,000,000,016,000,000,000,000,000,000,000,014,000,027,000,000,029,000,005,000,003,000,010,000,006,033,000,000,000,000,008,008,000,000,000,000,000,000,000,035,000,031,000,000,000,000,000,000,001,000,000,000,000,000,000,038,003,000,004,000,000,000,000,000,000,000,000,000,000,000,000,000,000,000,000,018,000,000,000,000,000,011,011,000,000,000,000,017,017,017,034,000,000,000,000,000,032,000,000,000,000,000,000,000,000,000,000,000,000,000,000,000,000,000,000,020,000,000,000,000,000,000,000,000,000,000,000,000,000,000,000,005,000,000,000,000,000,000,000,000,000,036,000,022,000,000,000,000,000,000,000,000,000,000,000,000,000,000,000,000,000,000,013,000,000,000,000,000,000,000,000,000,000,000,000,000,000,000,000,000,000,000,000,025,000,000,000,000,000,000,000,000,000,009,000,000,000,000,000,023,000,000,000,000,000,000,000,000,000,000,000,006,000,000,000,000,000,000,000,000,000,000,000,000,010,011,011,000,000,000,000,000,009,016,000,000,000,000,021,030,000,000,000,000,000,000,000,000,000,000,026,000,000,000,000,000,000,000,000,000,000,000,000,015,028,028,028,000,000,000,000,000,000,000,000,000,000,000,000,000,000,000,
0074: 000,000,000,026,000,000,000,000,000,000,000,000,000,000,009,002,000,000,000,035,000,000,000,006,000,000,005,000,000,000,000,000,000,000,000,000,000,000,000,000,008,008,000,000,000,000,000,001,000,017,017,017,000,000,000,000,000,000,000,000,000,000,000,000,000,000,000,000,010,000,000,000,000,000,000,020,000,000,000,000,000,000,000,000,000,028,028,028,000,000,000,000,000,000,000,000,000,000,000,000,000,000,000,000,000,006,033,000,000,000,000,000,000,000,037,037,000,000,000,000,000,000,000,012,000,000,000,000,000,000,000,000,000,011,011,000,000,000,000,000,000,000,000,000,000,000,000,000,000,000,000,000,000,000,000,000,000,000,000,000,005,000,000,000,000,000,000,000,000,000,000,000,000,000,000,000,030,014,000,000,000,000,021,000,000,034,000,007,000,000,000,000,011,011,000,000,000,000,000,000,000,000,000,013,000,000,031,032,000,007,000,000,016,000,000,000,003,000,000,000,000,000,000,016,000,036,000,000,000,000,000,000,000,000,000,019,000,000,000,000,000,000,000,000,000,010,000,000,000,018,000,000,000,000,000,000,000,000,000,000,000,000,004,000,009,000,000,000,000,003,000,000,000,000,000,000,000,000,000,000,023,000,000,000,000,000,000,000,038,027,000,000,000,000,000,000,000,000,000,000,000,000,000,025,000,000,000,000,000,000,000,000,000,000,000,000,000,000,000,000,029,000,000,000,000,000,000,000,000,000,000,022,000,024,000,000,000,000,000,000,000,015,001,000,000,000,000,000,000,000,000,000,000,000,000,000,000,000,000,000,
0070: 000,000,000,034,000,000,007,000,000,000,019,000,000,000,000,000,000,000,000,000,011,011,000,000,000,000,000,010,000,000,000,030,000,000,000,000,000,000,000,000,000,000,000,000,000,000,000,000,000,021,000,000,000,004,000,000,000,000,013,000,000,000,000,017,017,017,000,000,000,000,000,000,000,001,000,000,038,000,000,000,000,000,003,000,000,000,000,000,000,000,000,000,016,000,000,000,000,000,000,000,000,000,000,000,000,000,006,000,037,037,000,000,000,000,000,000,000,000,000,000,005,000,000,020,000,000,000,000,000,000,000,000,000,000,000,023,000,000,000,000,000,000,000,000,000,000,036,006,000,000,000,027,011,011,000,010,000,007,000,000,000,000,000,000,000,000,000,000,000,000,000,000,000,000,000,000,032,000,000,000,035,000,000,000,000,000,000,000,000,000,000,000,014,000,000,000,000,000,000,000,000,000,000,000,000,000,000,000,016,009,000,000,015,000,029,000,025,000,000,000,000,000,000,000,000,000,000,000,000,003,000,009,031,000,000,008,008,000,000,000,000,000,000,000,000,000,000,033,000,000,000,000,000,000,000,000,026,000,000,000,000,000,002,000,000,000,000,000,000,000,000,000,000,000,000,000,000,000,000,022,000,000,000,000,000,000,000,000,000,000,000,000,000,001,000,000,000,000,000,000,000,000,000,000,000,000,000,000,000,005,000,000,000,000,000,000,000,000,000,000,000,018,000,000,000,000,000,000,000,000,000,000,012,000,000,000,000,000,000,000,000,000,000,000,000,000,000,000,000,028,028,028,000,000,000,000,024,000,000,000,
0068: 010,000,037,037,036,000,000,005,000,000,000,000,000,000,000,000,000,000,000,007,000,000,000,000,000,006,000,000,000,000,000,000,000,000,000,003,000,000,011,011,003,000,000,000,000,023,007,000,000,000,000,000,000,002,000,000,000,000,000,032,000,034,000,000,000,000,000,000,000,000,014,000,000,000,000,000,000,000,000,000,000,000,000,000,029,000,000,000,000,000,000,000,000,000,000,019,011,011,000,000,000,000,000,000,000,000,000,010,000,000,000,000,000,000,000,000,000,000,004,000,000,000,000,000,000,000,000,000,000,000,000,000,015,000,000,000,000,000,000,000,000,000,000,000,000,000,000,000,000,000,000,000,000,000,000,000,000,000,000,000,000,000,000,017,017,017,031,033,000,000,000,000,000,000,000,026,001,000,000,000,000,000,000,000,000,000,000,000,000,000,000,000,000,000,000,006,000,000,000,000,013,000,000,000,000,030,000,035,000,000,000,000,000,000,000,000,000,000,000,000,000,000,000,000,000,000,000,000,000,000,000,000,000,000,016,000,000,012,000,000,000,000,000,000,000,000,000,000,000,000,000,000,000,000,000,000,000,001,000,000,000,000,000,000,000,000,000,000,000,000,009,000,000,000,000,000,009,000,000,021,000,000,000,000,000,000,000,025,020,000,000,000,000,000,000,000,000,000,000,022,000,000,000,038,000,000,000,008,008,000,000,000,000,000,000,018,000,000,005,000,000,000,000,027,000,000,000,000,000,024,000,028,028,028,000,000,000,000,000,000,000,000,000,000,016,000,000,000,000,000,000,000,000,000,000,000,000,000,000,000,
0066: 000,000,000,000,000,000,000,002,000,000,000,000,000,000,000,000,000,000,000,000,000,000,000,000,000,011,011,000,000,025,000,038,037,037,000,000,000,008,008,000,000,000,000,000,000,000,000,000,000,000,000,000,000,000,000,000,000,000,000,000,000,000,000,000,000,000,000,000,000,000,000,000,000,000,000,000,000,000,000,000,000,000,010,000,000,003,000,033,000,029,000,017,017,017,019,000,000,000,000,000,000,000,000,000,005,000,000,000,000,034,000,000,000,000,000,000,000,000,000,000,000,000,000,000,007,000,000,000,000,000,035,026,000,015,000,028,028,028,000,000,003,000,000,000,000,011,011,009,000,000,000,000,000,000,000,000,000,027,016,000,000,000,000,031,000,000,000,000,000,000,000,000,000,000,000,023,000,000,000,000,000,000,000,000,000,000,000,000,014,000,000,000,000,000,001,000,000,000,021,000,000,000,000,000,000,000,000,013,016,000,000,000,000,000,000,000,000,000,000,000,000,000,000,000,000,000,032,000,000,000,000,000,000,000,000,000,000,000,000,000,000,000,000,000,000,022,000,000,000,000,018,000,000,000,000,000,000,006,000,000,000,000,000,000,000,000,000,000,000,000,000,000,000,006,000,000,000,000,000,000,000,007,000,000,000,001,000,000,000,000,000,000,000,000,000,000,000,000,000,000,000,036,000,000,024,000,000,000,000,000,000,000,000,000,009,000,000,000,000,000,000,000,000,000,000,000,020,012,000,000,030,000,010,000,000,004,000,000,000,000,000,000,000,000,000,000,000,000,000,000,000,000,000,000,000,005,000,000,000,000,
0066: 011,011,000,000,000,000,000,000,000,000,000,006,000,000,000,000,000,000,000,000,001,000,000,034,029,000,000,000,000,000,000,000,000,000,003,000,000,025,000,000,000,000,000,000,000,000,000,000,000,000,000,000,000,000,000,000,000,000,037,037,000,028,028,028,000,000,018,000,000,000,000,000,000,027,000,000,000,000,010,000,000,000,000,000,000,000,000,010,000,000,000,000,000,000,000,000,000,000,000,000,000,000,000,000,000,022,002,000,003,000,000,000,036,024,000,000,000,000,000,000,000,000,000,000,000,000,000,000,000,000,005,021,000,000,000,000,000,016,000,000,000,008,008,000,000,000,000,000,000,000,000,000,013,000,000,000,020,000,000,000,000,000,000,030,000,012,000,000,000,000,000,000,000,000,000,000,000,000,000,007,000,000,000,038,000,000,000,000,000,000,000,001,000,000,033,000,000,000,000,000,000,019,000,000,000,000,000,000,000,000,017,017,017,000,000,000,000,000,000,000,000,000,023,000,000,000,000,032,000,000,000,000,000,000,000,000,000,000,000,006,000,000,000,000,000,000,009,000,000,000,000,000,000,007,000,000,000,015,000,000,000,000,000,000,000,000,000,000,000,000,026,016,000,000,000,000,000,000,000,011,011,000,000,000,000,000,000,000,000,000,000,000,000,000,000,000,000,000,000,005,000,000,000,000,000,000,014,000,000,000,009,000,000,000,000,000,000,000,000,000,000,000,000,000,000,035,000,000,000,000,000,000,000,000,000,000,000,000,000,000,000,000,000,000,000,004,000,000,031,000,000,000,000,000,000,000,000,000,000,000,
0064: 000,000,000,000,000,000,000,000,000,000,000,000,000,000,026,000,000,000,000,000,000,000,000,000,000,000,000,000,000,000,000,000,009,000,031,000,038,000,000,019,032,000,000,000,000,000,000,014,000,000,000,000,000,020,000,000,000,000,000,000,000,000,000,000,000,000,000,018,000,000,000,000,000,000,000,000,000,000,000,000,000,000,000,000,000,000,000,000,000,000,000,000,000,000,000,000,000,000,000,008,008,000,016,000,000,000,000,000,000,000,000,000,000,000,000,000,000,000,011,011,000,000,000,000,000,006,001,003,000,000,000,000,000,034,011,011,000,027,000,000,000,000,000,000,000,000,000,000,000,009,000,010,000,000,000,000,000,003,000,000,000,000,000,000,000,000,000,000,000,000,000,000,000,000,000,000,010,006,000,000,000,000,001,000,000,000,000,000,000,000,000,000,033,000,000,012,000,004,000,000,000,022,000,000,035,000,013,000,000,000,000,000,021,000,000,000,000,000,000,000,000,000,000,000,000,000,000,000,000,000,000,000,000,000,000,000,000,028,028,028,000,002,000,000,000,000,000,000,000,000,000,000,000,000,000,000,000,000,000,000,000,000,000,036,000,000,000,000,000,007,000,000,000,030,000,000,000,000,000,000,000,000,000,000,000,000,000,000,023,000,000,000,000,000,000,000,029,000,000,000,000,000,000,000,000,000,000,000,000,000,000,000,005,016,037,037,000,000,000,000,000,000,000,000,000,000,000,000,000,000,015,000,000,025,000,000,000,017,017,017,000,000,000,000,000,000,007,000,000,005,000,000,000,000,000,000,000,024,000,000,
0062: 000,000,000,000,000,000,000,000,000,000,011,011,000,000,000,000,000,000,000,028,028,028,000,000,014,000,005,000,000,000,000,000,011,011,000,018,000,000,025,000,000,000,000,000,000,000,000,000,000,000,000,000,000,033,000,030,000,010,009,000,000,000,000,031,000,000,000,000,000,000,000,000,000,000,000,000,000,000,000,000,027,000,000,000,000,019,000,000,000,038,000,000,000,000,000,007,000,006,000,000,000,000,000,000,000,000,000,000,000,000,000,000,000,000,000,000,000,037,037,000,000,000,000,000,003,002,000,013,000,000,000,000,000,000,000,000,016,000,000,000,000,000,000,000,000,000,000,000,000,000,034,000,000,000,000,000,000,000,021,005,000,000,003,000,000,000,000,007,000,000,029,012,000,000,000,000,000,000,000,000,000,000,000,000,020,000,000,000,000,008,008,000,000,000,000,000,000,000,000,000,017,017,017,000,000,000,000,000,000,000,000,000,000,024,000,000,000,000,000,000,036,000,000,000,000,000,000,001,000,000,000,000,000,000,000,000,000,015,016,000,000,000,000,000,000,000,000,000,000,000,000,000,000,000,000,000,023,026,000,000,000,000,000,000,000,000,000,000,000,000,000,000,000,000,000,000,000,000,000,000,000,000,000,000,000,000,000,000,000,000,001,000,000,032,000,000,000,000,000,000,000,000,000,004,000,000,000,000,000,000,000,000,000,000,000,000,000,000,000,000,000,022,000,000,000,010,000,000,035,000,000,000,000,000,000,000,000,000,000,009,000,000,000,000,000,000,000,000,000,000,006,000,000,000,000,000,000,000,000,000,
0060: 000,023,038,020,000,000,000,000,028,028,028,000,000,000,000,000,000,000,000,000,000,000,000,000,000,000,000,000,000,006,000,000,007,000,000,000,014,000,000,021,000,000,000,000,000,000,035,000,000,000,000,000,000,000,000,000,000,000,000,000,000,000,000,000,000,000,000,011,011,000,002,000,000,000,000,006,000,000,007,000,000,000,000,000,000,000,036,000,000,030,000,000,000,000,000,000,000,000,000,000,000,000,000,000,000,000,000,000,000,000,000,000,000,000,000,000,000,000,000,000,000,000,000,000,000,000,011,011,000,000,000,000,000,000,000,000,000,000,000,000,034,000,000,000,000,001,000,000,000,019,000,000,000,000,010,000,000,000,013,000,000,000,000,000,012,000,000,000,000,000,008,008,000,000,000,000,003,000,026,000,000,000,000,000,025,000,033,000,000,000,000,000,000,000,000,000,000,000,000,000,000,000,000,000,000,000,037,037,000,000,016,000,000,000,000,000,000,015,000,000,000,000,000,000,000,000,005,000,000,000,000,000,000,000,000,000,000,009,000,000,032,000,000,000,000,000,000,000,000,000,000,000,000,000,000,016,000,027,000,018,000,009,000,000,000,000,000,000,029,000,024,000,000,000,000,000,000,000,000,000,000,000,000,000,000,000,000,005,000,000,000,000,000,000,000,000,000,000,000,000,000,004,000,000,000,022,000,000,000,000,000,000,000,000,000,000,000,000,000,000,000,017,017,017,003,000,000,000,000,000,000,000,000,000,000,010,000,000,031,000,000,000,000,000,000,000,001,000,000,000,000,000,000,000,000,000,000,000,000,000,
0058: 023,000,014,000,000,000,000,000,000,038,019,000,000,000,000,000,000,000,000,000,000,000,000,000,000,000,000,028,028,028,000,007,000,000,000,000,000,000,000,017,017,017,000,000,000,000,000,000,000,000,000,000,000,000,000,000,000,000,000,000,000,000,000,000,000,027,000,000,000,005,000,000,032,000,000,000,000,000,000,000,000,000,000,000,000,000,000,000,000,000,000,000,010,000,000,000,000,000,000,000,000,000,004,000,000,000,015,000,000,000,000,000,000,000,000,000,000,000,000,000,000,018,000,000,007,033,011,011,000,000,000,000,000,000,000,000,000,026,000,000,000,031,000,000,000,000,000,000,035,000,000,012,016,020,000,000,000,016,000,000,009,000,010,000,000,000,000,000,000,000,011,011,000,000,000,000,000,000,000,000,022,000,000,000,000,000,006,000,000,000,000,000,000,000,000,000,000,034,000,000,000,000,000,000,000,000,000,001,000,000,005,000,000,025,000,000,000,029,000,000,000,000,000,000,000,000,000,000,000,000,000,000,000,000,000,003,000,000,000,000,000,000,000,000,000,000,000,000,000,000,000,000,000,000,000,000,000,000,003,000,000,000,000,000,000,000,000,000,000,000,000,000,000,000,036,000,000,000,000,000,000,000,000,000,000,000,000,030,000,000,000,000,000,000,000,000,000,000,000,000,000,000,000,000,037,037,009,006,000,000,000,000,000,000,024,000,000,013,000,000,000,000,000,000,000,000,000,000,000,000,000,000,000,000,000,000,002,000,000,000,021,000,000,000,008,008,000,000,000,000,000,000,000,001,000,000,000,000,000,000,
0056: 000,000,000,000,000,000,000,000,000,000,025,000,000,000,000,000,000,000,000,011,011,000,000,000,000,016,000,000,037,037,000,000,003,000,000,000,038,000,000,000,000,000,000,000,000,000,000,010,000,000,000,000,000,000,000,000,000,000,005,000,000,000,000,000,000,000,000,008,008,000,000,002,000,000,000,000,000,000,000,000,000,000,000,000,019,000,000,034,000,000,000,000,000,000,000,021,007,000,000,000,000,000,000,000,000,000,000,000,000,000,029,000,000,022,000,000,000,000,000,000,000,006,000,000,000,024,000,000,000,000,036,003,000,000,000,000,000,000,000,014,000,000,000,000,000,000,000,000,000,009,000,000,000,015,026,000,000,000,000,000,000,000,000,000,000,000,000,000,000,000,000,000,000,000,000,000,000,000,000,000,000,004,000,000,000,000,000,000,000,000,000,000,000,000,000,000,000,000,000,000,000,000,000,000,000,033,000,000,000,000,000,000,000,000,000,000,000,000,000,000,000,000,000,000,000,000,000,000,035,000,000,000,000,000,000,017,017,017,000,000,000,000,000,000,000,000,000,000,000,000,000,000,020,000,000,000,000,000,000,000,000,000,000,000,000,001,000,016,000,000,000,000,000,000,000,006,000,000,000,000,000,000,011,011,000,000,000,000,000,000,000,023,000,000,000,027,001,000,000,000,000,000,000,000,000,000,000,000,028,028,028,000,000,000,000,007,030,000,000,000,000,032,000,005,000,031,000,000,000,018,000,010,000,000,012,000,000,000,000,000,000,000,000,013,000,000,000,000,000,000,000,000,000,009,000,000,000,000,000,000,
0054: 000,000,000,000,000,000,033,000,000,000,000,032,000,000,000,000,000,001,000,000,000,000,000,000,000,000,000,000,000,000,000,000,000,000,000,000,006,000,000,000,000,000,000,000,000,000,000,000,000,000,000,000,000,016,000,000,019,000,000,000,000,011,011,000,000,000,000,000,008,008,000,000,000,000,000,000,000,000,000,000,000,000,000,000,003,000,000,000,000,000,000,000,000,000,007,000,000,000,000,000,000,000,000,035,000,004,000,000,000,000,000,000,000,000,000,000,000,000,000,000,000,000,000,000,000,000,000,013,000,000,000,000,000,011,011,000,000,024,000,000,000,000,000,000,000,018,000,002,000,000,000,000,015,028,028,028,000,000,000,000,000,000,000,000,000,010,000,000,000,000,000,000,000,000,000,007,000,027,000,000,000,000,000,000,000,000,037,037,000,010,000,000,000,000,000,000,000,000,000,000,036,000,000,000,005,000,000,000,000,000,000,031,000,000,000,021,000,000,000,000,000,000,003,000,000,026,016,000,000,000,000,000,000,000,000,000,000,000,000,000,000,000,000,000,000,014,000,000,000,000,000,000,000,000,000,000,022,000,000,023,000,009,000,000,000,000,000,006,000,001,009,000,000,000,000,000,000,000,000,000,000,000,000,000,000,000,000,000,000,000,005,017,017,017,000,000,012,000,000,000,000,000,000,000,000,000,000,000,029,000,000,000,000,000,000,000,000,000,000,000,000,000,000,000,000,000,030,000,000,000,000,000,000,000,000,020,000,000,000,000,000,025,038,000,000,000,000,034,000,000,000,000,000,000,000,000,000,000,000,000,
0052: 000,000,004,001,000,010,000,009,000,000,000,000,000,000,007,000,034,000,000,000,000,017,017,017,000,000,000,000,000,000,000,000,000,000,032,000,000,000,027,000,038,000,008,008,000,000,000,000,000,000,000,022,000,000,000,000,000,000,000,000,000,000,000,000,000,000,000,000,000,000,000,000,000,000,000,012,000,000,000,000,000,000,000,000,000,000,000,000,000,000,000,000,000,000,000,000,000,000,021,000,000,000,000,000,000,000,000,000,000,000,000,000,035,000,000,000,000,000,000,003,000,000,000,000,020,000,000,000,000,000,003,000,011,011,000,002,000,000,000,000,000,000,001,000,000,000,000,000,000,000,016,030,000,000,000,000,000,000,000,000,000,000,000,000,000,000,000,000,000,000,000,000,000,000,000,000,000,000,000,000,010,000,000,000,000,000,006,025,007,000,000,000,000,000,000,000,000,000,000,000,000,018,000,000,000,000,000,000,000,000,000,000,000,000,000,000,036,016,000,000,037,037,000,031,000,029,014,000,000,000,000,000,000,000,000,000,000,000,000,000,023,000,000,000,000,000,000,000,000,000,000,000,000,028,028,028,000,000,000,000,000,000,000,000,000,000,000,000,000,000,000,000,000,000,019,026,000,000,000,000,000,000,000,000,000,006,000,000,005,000,000,000,000,000,000,000,000,000,000,000,000,000,033,000,000,000,000,011,011,000,000,005,000,000,000,000,000,000,000,000,000,000,000,015,000,000,000,000,009,000,000,000,000,000,000,000,000,000,000,000,000,000,000,000,000,000,000,000,000,000,000,000,000,024,000,000,000,013,000,000,
0052: 000,000,000,000,000,000,000,000,000,014,000,000,000,000,000,000,000,000,000,000,000,000,000,000,000,000,000,000,000,020,000,006,000,000,000,000,038,000,000,016,000,000,011,011,000,000,000,000,000,000,003,000,000,000,000,034,000,000,000,007,000,000,000,000,000,029,000,015,000,000,000,000,000,000,000,000,000,000,000,000,000,000,000,000,000,000,000,000,000,000,022,000,026,000,000,000,000,000,000,003,000,032,000,000,000,000,000,000,000,000,000,000,000,000,000,000,000,000,000,000,031,000,000,000,000,000,012,000,000,000,005,000,000,000,000,006,000,000,000,000,000,000,000,000,000,000,000,010,013,000,000,000,000,000,000,000,000,000,000,000,000,000,000,000,000,000,001,005,000,000,000,000,000,000,000,000,000,000,000,000,000,000,000,009,000,000,000,000,000,000,000,010,035,000,021,000,000,000,008,008,009,000,000,000,016,000,000,000,000,000,000,000,000,000,000,000,000,000,000,027,000,019,000,000,000,002,000,000,000,000,000,000,000,000,000,000,000,000,000,004,030,000,000,000,000,000,000,000,000,028,028,028,000,000,000,000,000,000,000,000,000,023,000,000,000,000,000,000,000,000,000,000,000,000,000,000,000,024,000,000,000,000,000,000,000,000,000,000,000,011,011,000,036,000,000,000,000,000,001,000,000,007,000,000,000,000,000,000,000,000,000,000,000,000,000,017,017,017,000,000,000,000,033,000,000,025,000,000,000,000,000,000,000,000,000,000,018,000,000,000,000,000,000,000,000,000,000,000,000,000,000,000,000,000,000,000,000,037,037,000,
0048: 000,000,000,000,000,000,000,000,000,012,000,038,000,000,034,000,008,008,000,000,007,000,013,000,031,000,011,011,000,000,000,000,000,000,022,000,000,000,000,000,000,000,000,000,000,000,000,000,000,000,000,000,000,000,000,002,000,005,000,000,000,003,000,000,000,000,000,000,000,000,000,000,006,000,000,028,028,028,000,000,000,000,003,000,001,015,035,000,000,000,000,000,000,000,000,000,000,000,000,009,000,000,000,010,001,000,000,000,000,024,000,004,000,000,000,000,000,000,000,000,000,000,000,000,000,000,000,000,000,000,000,000,000,000,000,000,000,000,000,000,000,000,000,000,017,017,017,000,000,000,000,018,019,000,000,000,000,000,000,000,000,000,000,000,000,000,007,016,000,016,000,000,000,000,000,020,000,000,000,000,000,000,000,000,000,000,000,036,000,000,000,030,000,000,021,011,011,000,000,000,000,000,000,000,000,000,000,000,037,037,000,000,026,000,000,000,000,000,000,000,000,000,000,000,000,000,000,000,000,000,000,000,000,000,006,000,000,000,000,000,000,000,000,000,000,033,000,000,000,000,000,000,000,000,000,000,000,000,000,000,000,000,000,000,000,000,000,000,000,000,000,000,000,000,000,000,000,000,000,000,000,000,000,000,000,000,000,027,000,000,000,000,000,000,000,000,000,000,000,009,000,032,000,000,000,023,000,000,000,000,000,000,000,000,000,000,000,000,000,000,000,000,000,014,000,000,000,000,000,000,000,000,000,000,000,000,000,005,000,000,000,000,000,000,000,000,029,000,000,025,000,000,000,000,000,000,000,000,010,000,
0048: 000,000,000,000,000,000,000,000,000,000,030,000,000,000,000,000,000,000,000,000,000,016,000,000,011,011,000,000,000,000,000,000,025,000,000,000,000,000,000,000,000,000,000,000,000,000,000,000,000,000,028,028,028,000,016,000,000,000,000,000,000,000,012,000,000,000,000,000,000,000,000,000,006,000,000,024,033,000,000,000,000,000,000,009,000,000,000,000,000,000,000,000,000,000,000,003,000,001,000,002,000,000,000,000,013,000,000,000,000,000,000,000,000,000,000,000,000,000,000,000,000,000,011,011,000,000,000,000,037,037,000,000,000,000,035,000,000,000,000,000,000,000,000,000,000,000,000,000,000,023,000,000,000,000,000,000,000,000,000,000,000,000,000,000,000,000,000,000,000,000,000,000,029,000,000,000,000,000,000,000,017,017,017,034,000,000,000,000,000,007,000,000,000,000,000,000,000,000,000,000,000,000,000,000,000,000,000,000,000,000,027,000,032,000,000,000,000,000,000,000,010,015,036,000,000,000,000,000,000,000,000,000,000,000,000,008,008,000,000,000,000,000,000,000,007,000,000,000,000,000,000,005,000,000,000,000,000,000,000,000,000,000,000,000,000,000,000,000,000,000,000,000,000,009,038,000,000,021,000,000,000,000,000,000,000,000,000,000,000,000,018,000,004,000,000,031,022,000,000,006,000,019,000,000,000,000,000,000,000,000,000,000,000,000,000,000,020,003,000,000,005,000,000,000,000,000,000,000,000,026,000,000,010,000,000,000,000,000,000,000,014,000,000,000,000,001,000,000,000,000,000,000,000,000,000,000,000,000,000,000,
0044: 000,000,000,000,026,000,000,000,000,000,000,000,000,000,000,000,000,000,000,023,000,000,000,000,000,019,000,000,000,000,011,011,000,000,000,000,000,003,000,020,000,000,000,000,000,000,000,000,000,000,000,031,000,000,000,000,015,014,011,011,000,000,008,008,000,000,007,000,000,000,000,000,017,017,017,000,000,000,000,000,000,000,000,000,009,000,000,000,000,000,000,000,000,000,000,000,000,000,000,000,000,000,009,000,000,000,000,006,000,000,025,000,000,016,029,000,000,000,000,000,000,000,000,000,000,018,000,000,000,000,012,006,000,000,000,000,000,000,000,000,000,000,000,000,000,000,000,000,005,000,000,000,000,000,000,000,000,000,000,000,000,000,000,000,000,000,000,004,000,000,000,010,000,000,000,000,000,037,037,000,000,000,000,036,000,000,000,003,027,000,024,000,002,000,000,032,000,000,000,000,000,000,000,000,000,000,000,000,005,000,000,000,000,000,000,007,021,000,000,000,000,000,000,000,000,000,000,000,000,016,000,000,000,000,000,000,000,000,000,001,000,000,000,000,000,022,000,034,000,000,000,000,038,000,000,001,000,000,000,000,000,000,000,000,000,000,000,000,000,000,000,000,000,000,000,000,000,000,000,000,000,000,000,000,000,000,000,000,000,000,000,000,000,000,000,000,000,000,033,000,000,030,000,000,000,000,000,000,000,000,000,000,000,000,000,000,000,035,000,000,000,013,000,000,000,000,000,000,000,000,000,000,000,000,000,000,000,010,000,000,000,000,000,000,000,028,028,028,000,000,000,000,000,000,000,000,000,000,000,000,
0044: 000,025,000,000,000,000,000,000,000,000,000,000,000,000,000,000,000,000,000,000,010,034,000,000,011,011,000,000,000,000,000,000,000,000,000,000,000,000,038,016,000,000,000,014,000,000,000,000,000,028,028,028,000,000,000,000,000,000,000,000,000,000,000,000,000,000,000,000,000,000,000,000,000,000,000,000,000,000,000,000,000,000,000,002,000,009,007,029,000,032,000,000,000,033,027,000,020,000,000,000,001,000,000,000,000,000,000,024,000,000,000,000,000,004,000,000,000,000,000,000,000,000,000,000,000,000,000,009,000,000,000,000,000,000,000,001,000,000,016,000,000,000,000,000,000,000,000,000,000,000,000,000,000,000,000,000,000,000,000,000,000,000,000,000,000,000,000,000,000,000,000,000,000,000,000,000,000,000,000,000,000,000,000,000,000,000,000,000,000,003,000,000,000,000,000,000,015,000,000,000,000,000,000,000,000,000,000,000,000,000,000,000,000,000,000,000,000,000,000,000,000,000,000,000,000,000,000,000,000,000,000,000,036,000,000,000,000,003,000,000,000,000,000,023,021,000,000,026,000,000,000,000,000,022,000,000,000,000,037,037,000,017,017,017,000,000,000,000,000,000,000,000,000,006,000,035,000,008,008,000,007,000,000,000,000,000,000,000,000,011,011,005,000,000,000,000,000,012,000,000,000,000,000,000,000,000,000,000,000,000,006,013,000,000,019,000,000,000,000,000,018,000,000,000,000,000,031,000,000,000,000,000,000,000,000,000,000,000,000,030,000,000,000,000,000,000,000,005,000,000,010,000,000,000,000,000,000,000,000,000,
0030: 031,009,000,000,000,000,000,000,000,000,000,000,000,000,000,000,027,016,000,000,000,000,000,000,000,000,000,000,000,000,000,033,000,000,000,000,000,000,011,011,029,000,000,000,000,005,036,000,000,000,000,000,000,000,000,000,000,000,000,000,000,000,000,000,000,034,000,000,000,000,000,000,000,000,000,037,037,000,000,000,000,000,000,000,028,028,028,000,000,000,000,000,000,008,008,000,000,000,006,025,000,000,017,017,017,000,000,000,000,000,000,000,000,000,000,000,000,000,000,000,000,014,000,000,000,000,000,000,000,000,038,001,000,000,000,000,000,000,000,000,000,000,000,000,000,000,000,000,000,000,000,024,000,000,000,000,000,000,023,000,000,000,000,000,000,000,000,000,000,010,000,000,000,026,000,000,000,000,000,000,000,000,000,000,000,000,000,000,000,000,000,000,000,000,000,000,004,000,000,000,013,000,000,000,000,000,000,000,012,015,000,000,000,000,000,000,010,003,000,007,018,000,000,000,000,009,003,000,000,000,000,000,000,000,000,000,000,000,000,000,000,000,000,000,030,000,016,000,000,000,000,000,000,000,000,000,000,000,021,000,000,000,000,000,005,000,000,002,000,001,000,000,000,000,022,000,000,000,000,000,000,000,000,000,000,000,000,000,000,000,000,000,011,011,000,000,006,000,000,000,000,000,000,000,000,000,000,007,000,019,032,035,000,000,000,000,000,000,000,000,000,000,000,000,000,000,000,000,000,000,000,000,000,000,000,000,000,000,000,000,000,000,000,000,000,020,000,000,000,000,000,000,000,000,000,000,000,000,000,000,
0028: 022,000,000,000,006,000,000,000,000,034,033,000,000,000,000,000,000,000,000,000,013,000,000,000,000,000,000,000,000,000,000,000,000,000,000,000,000,000,000,021,000,000,000,000,000,000,000,035,010,000,000,000,000,000,000,000,000,006,000,000,000,000,000,000,000,000,000,000,000,000,000,000,000,000,000,029,000,000,000,000,000,000,000,000,000,024,000,000,000,000,005,000,000,000,000,000,012,000,000,000,000,000,000,000,000,000,000,000,000,000,000,000,000,000,000,000,032,000,000,000,000,000,000,000,019,000,000,000,017,017,017,000,000,000,000,000,000,000,000,000,000,000,000,000,000,000,000,000,026,000,000,000,000,000,000,000,000,001,000,007,000,000,000,000,000,000,000,000,000,000,000,000,000,000,000,002,000,000,000,000,000,000,000,000,000,000,000,000,000,000,000,031,000,036,000,000,000,000,000,027,000,000,000,000,000,000,038,000,000,000,000,000,000,000,000,000,000,000,000,000,016,000,000,000,000,000,000,000,000,000,000,000,000,023,000,000,000,000,000,000,000,000,000,000,000,000,000,000,000,000,000,000,000,000,000,004,030,003,000,000,000,000,000,000,020,000,000,018,000,000,000,011,011,000,000,016,005,003,000,000,000,000,000,001,000,000,014,000,000,000,000,011,011,000,000,000,000,000,000,000,000,000,028,028,028,000,000,000,000,000,000,000,000,007,000,000,000,009,000,000,000,000,000,000,000,000,000,000,000,025,000,000,000,000,000,000,000,000,000,010,008,008,000,000,000,009,000,000,000,037,037,000,000,015,000,000,000,000,000,000,
0018: 000,032,000,007,000,000,023,021,000,000,000,000,005,000,000,000,000,000,000,000,000,000,000,012,000,000,000,000,000,000,000,000,000,006,000,000,000,000,000,000,005,000,017,017,017,000,000,000,000,000,000,004,000,000,000,000,000,000,000,000,000,000,000,000,000,000,000,016,028,028,028,000,000,000,000,000,000,000,031,000,000,000,011,011,000,000,000,000,000,000,000,000,000,000,000,035,000,000,000,000,000,000,000,000,000,003,000,000,000,000,027,000,000,000,000,000,034,015,000,000,000,000,000,020,000,000,000,000,000,000,000,000,000,000,000,000,000,029,000,000,000,000,000,009,000,000,000,000,000,000,000,000,000,000,000,026,000,000,000,000,000,000,000,000,001,000,000,000,036,000,000,025,000,000,000,000,000,000,000,000,000,000,000,000,000,000,000,000,000,000,038,000,007,000,000,022,000,000,000,000,000,000,000,000,008,008,000,000,000,000,000,000,000,009,006,030,000,010,000,000,000,000,024,000,000,000,000,000,000,000,000,000,000,000,000,000,000,000,000,000,000,000,000,000,000,014,000,000,000,000,000,000,000,000,000,000,000,000,000,000,000,013,000,000,000,000,000,000,002,000,000,000,000,000,000,016,000,000,000,000,000,000,000,000,000,000,000,000,000,000,000,000,000,000,000,000,000,000,000,001,000,000,000,000,011,011,000,000,000,000,033,000,000,000,000,000,000,000,000,000,000,003,000,000,000,000,000,000,037,037,000,019,000,000,000,000,000,000,000,000,000,000,000,000,000,000,000,000,018,000,000,000,000,000,000,010,000,000,000,000,
0000: 009,000,000,010,011,011,000,000,000,000,000,000,000,000,000,000,000,000,000,000,000,000,000,000,000,000,000,000,000,020,000,000,000,000,000,000,000,000,000,011,011,000,000,000,000,000,000,000,000,000,000,016,000,000,000,000,000,000,000,000,000,000,000,000,000,000,031,000,000,001,000,000,000,000,007,000,005,000,000,000,000,000,032,004,000,000,028,028,028,000,000,018,000,022,000,000,000,000,000,000,000,000,000,000,000,000,030,038,000,035,000,006,000,000,000,000,006,000,000,000,000,000,000,017,017,017,000,000,000,000,000,029,000,000,000,000,001,000,000,000,000,000,000,000,000,000,003,000,000,000,021,000,000,010,000,000,023,000,000,027,000,000,000,000,000,000,000,000,000,012,000,000,000,000,000,000,000,000,000,000,000,000,000,000,003,000,000,000,000,000,000,000,000,000,000,000,000,000,000,019,000,000,000,000,000,000,000,034,000,000,013,000,000,000,026,000,000,000,000,000,002,015,000,000,000,000,000,000,000,000,000,000,000,000,000,000,000,000,000,000,000,000,000,000,000,000,000,000,000,000,000,000,000,000,000,000,000,000,000,007,000,000,000,000,000,000,000,008,008,000,000,000,000,000,000,016,000,000,000,000,000,000,000,000,000,000,025,000,000,000,000,024,000,000,037,037,000,000,000,000,000,000,000,000,000,000,000,000,014,000,000,000,000,000,000,000,000,009,000,000,033,000,000,000,000,000,000,000,000,000,000,000,000,000,000,000,000,000,000,000,000,000,036,000,000,000,000,000,000,000,000,000,000,000,000,005,000,000,000,000,
-0004: 000,000,000,015,011,011,000,000,000,000,000,000,000,000,000,000,000,000,000,000,000,024,000,009,031,000,000,001,000,000,000,000,000,000,035,000,000,000,003,000,000,000,000,000,027,000,000,000,032,000,000,000,018,000,000,000,000,000,001,000,000,038,000,000,000,000,000,000,028,028,028,000,000,000,000,002,000,000,000,000,000,000,000,000,000,000,000,000,000,000,000,020,000,022,000,000,000,000,000,000,000,000,000,000,000,000,000,000,000,000,016,000,000,000,023,000,000,000,000,009,000,034,000,000,000,000,000,000,000,033,025,000,000,000,000,000,000,000,000,000,000,000,007,000,000,000,037,037,000,000,000,000,000,000,000,000,000,000,000,000,000,000,000,000,000,000,000,000,000,000,000,021,000,000,000,000,000,000,000,000,000,000,000,000,000,000,000,000,000,000,010,000,000,013,000,000,000,000,000,000,000,000,000,000,000,000,000,000,000,000,000,000,000,000,000,000,000,000,000,000,000,000,006,000,000,000,000,000,000,000,000,000,016,000,000,000,000,000,000,000,000,000,000,000,006,000,000,000,000,000,000,000,000,000,000,000,000,019,000,000,000,000,011,011,000,000,000,000,000,000,000,000,000,000,010,000,000,000,000,000,000,000,005,000,000,012,000,000,000,000,000,000,000,000,000,000,000,000,000,026,000,000,000,000,000,000,000,000,000,014,000,000,000,007,000,000,000,004,030,000,000,000,000,000,000,036,000,000,000,029,000,003,000,000,000,000,000,000,000,000,008,008,000,005,000,000,000,000,000,000,000,000,000,000,000,000,017,017,017,000,
-0006: 000,000,000,000,000,000,000,000,000,000,001,000,000,000,031,000,000,000,000,000,000,000,000,000,000,000,000,000,000,035,036,000,016,000,000,000,000,000,000,000,034,000,000,000,000,000,000,006,000,000,000,000,000,000,000,000,000,000,000,000,000,000,000,000,000,000,002,000,000,027,000,000,020,000,000,000,000,000,000,032,014,000,000,000,000,000,000,000,000,000,000,000,000,000,000,000,000,000,028,028,028,000,000,000,000,000,000,000,025,024,000,000,000,000,000,000,000,000,000,000,000,000,000,038,005,000,000,000,000,011,011,000,000,000,003,000,000,000,000,000,000,000,000,000,000,016,000,000,000,033,000,000,013,000,000,000,000,000,000,001,000,000,000,000,000,000,000,000,000,000,000,030,000,000,000,000,000,000,010,000,000,000,000,000,000,000,000,000,000,000,000,000,000,000,000,000,000,000,000,000,000,006,000,000,000,000,000,000,000,000,000,000,000,026,000,000,000,000,000,021,000,000,000,000,000,000,000,003,000,000,000,037,037,004,000,019,000,005,012,000,000,000,000,000,000,000,000,000,000,000,000,000,000,000,000,000,000,000,000,000,000,000,000,000,000,000,000,009,022,000,000,000,000,011,011,023,000,000,000,000,000,000,000,008,008,000,000,000,000,000,000,029,007,000,000,000,000,000,000,000,000,000,000,009,000,000,000,000,000,000,000,000,000,000,000,000,000,000,000,017,017,017,000,000,000,000,000,000,000,000,000,000,000,000,018,000,000,010,000,015,000,000,000,000,000,000,000,000,000,000,000,000,007,000,000,000,000,000,000,000,
-0008: 000,000,000,000,003,000,000,000,000,000,000,000,000,000,029,000,015,000,000,000,000,000,000,000,000,000,000,000,021,000,000,000,034,000,000,000,000,000,037,037,000,000,000,000,000,000,000,000,000,004,030,000,000,001,000,000,000,000,000,000,000,000,000,000,008,008,000,000,000,000,000,000,000,010,000,000,000,000,000,000,000,000,000,000,013,000,000,000,000,000,000,000,000,000,000,000,031,000,000,000,000,000,000,005,000,000,000,007,000,033,000,000,000,035,000,000,032,000,005,000,000,000,000,000,000,000,000,000,000,000,000,000,000,000,000,000,018,000,000,009,000,027,000,000,000,000,000,017,017,017,000,000,007,000,000,000,000,000,000,000,001,000,000,000,000,016,000,000,000,000,000,000,000,010,000,000,038,000,016,012,000,000,000,000,000,000,000,000,000,022,000,000,000,000,000,000,000,000,000,019,000,000,000,000,000,000,000,000,000,000,000,000,000,000,000,000,000,000,000,006,000,024,000,000,000,000,003,000,000,000,000,000,000,000,000,000,000,000,000,000,000,000,000,000,000,000,000,000,000,000,000,026,011,011,000,000,000,014,000,006,000,000,000,000,000,000,000,002,000,000,000,036,000,000,000,000,000,000,000,000,000,000,000,000,000,000,000,000,000,000,000,000,000,000,000,000,000,000,025,000,000,000,000,000,000,000,000,000,009,000,000,000,000,020,000,028,028,028,000,000,000,000,000,000,000,000,000,000,000,000,000,023,000,011,011,000,000,000,000,000,000,000,000,000,000,000,000,000,000,000,000,000,000,000,000,000,000,000,000,000,
-0010: 000,000,000,028,028,028,000,000,000,000,000,000,000,000,000,000,000,000,000,000,000,000,000,000,000,000,000,011,011,000,000,000,000,000,000,009,010,000,000,017,017,017,000,000,000,024,031,000,000,000,000,030,000,000,000,000,000,000,000,000,000,000,000,007,016,000,000,003,000,005,000,000,000,009,000,000,000,034,014,000,000,000,000,000,000,011,011,000,000,000,000,000,000,000,000,000,000,000,000,000,000,018,000,000,000,000,000,006,000,001,000,000,000,000,000,000,000,000,000,006,000,000,000,000,000,000,000,000,000,000,000,000,023,000,000,000,000,000,000,000,035,000,000,000,000,000,000,000,000,026,000,000,036,016,000,000,000,000,000,000,000,000,000,000,000,012,000,000,000,000,000,000,000,000,000,022,000,000,000,000,000,000,000,000,000,000,000,000,000,000,000,000,000,000,000,032,000,001,000,000,000,037,037,000,000,000,000,007,000,000,000,000,000,008,008,000,000,000,000,000,000,033,000,000,000,000,000,000,000,038,000,000,000,000,000,000,000,000,000,000,000,000,000,000,000,000,021,000,000,000,000,000,000,000,000,003,000,000,000,000,000,000,000,000,000,000,000,000,000,000,000,000,000,000,000,000,000,000,000,000,000,000,000,000,000,010,019,000,000,000,000,000,000,000,000,000,000,000,000,000,000,000,000,000,000,000,000,000,000,000,000,000,000,027,000,000,000,025,004,000,000,000,000,000,000,000,005,000,000,029,020,000,000,000,000,000,000,000,000,000,015,000,000,000,000,000,000,000,013,000,000,000,000,000,002,000,000,000,000,000,
-0018: 000,011,011,000,000,000,000,000,000,000,000,000,000,000,000,000,003,000,010,000,000,028,028,028,007,000,000,000,000,000,000,000,000,000,000,000,000,000,000,000,000,000,000,000,000,000,000,020,000,000,016,000,000,000,000,000,000,000,000,015,000,000,000,000,000,000,000,000,000,000,000,000,001,000,000,000,000,000,000,000,000,000,000,000,000,000,000,000,000,014,034,000,000,000,000,016,000,000,000,000,000,000,003,000,000,000,000,000,000,000,000,000,033,004,000,018,000,000,000,000,000,000,000,029,000,000,000,000,000,000,019,000,000,002,000,000,000,006,000,000,000,000,021,000,000,000,000,001,000,000,000,017,017,017,022,000,000,000,008,008,000,000,000,000,000,000,000,027,000,000,000,000,000,000,000,000,000,000,000,005,000,000,000,000,000,000,000,000,037,037,000,000,000,000,000,000,000,000,000,000,000,000,000,000,000,000,000,000,025,032,000,000,000,000,000,000,000,000,000,000,000,000,038,012,000,000,000,000,000,000,000,000,000,000,000,000,000,000,009,013,000,000,000,023,000,000,000,000,000,010,000,035,000,000,000,000,000,000,000,000,000,000,000,000,000,000,000,000,000,000,000,000,000,009,000,000,000,000,000,000,000,000,011,011,000,000,031,000,000,000,000,026,000,000,000,000,000,000,024,000,000,000,000,000,000,000,000,000,000,000,000,000,000,030,000,000,000,000,000,000,006,000,000,000,000,000,000,000,000,000,000,000,000,000,000,007,000,000,000,000,000,000,000,000,005,000,000,000,000,000,000,000,000,036,000,000,000,000,000,000,
1000 Generations finished after 1929ms
</DebugTrace>
      </Output>
    </UnitTestResult>
  </Results>
</TestRun>