<?xml version="1.0" encoding="UTF-8"?>
<TestRun id="6d4a14d4-46b5-4963-bc4a-5f0ff7b1e5bc" name="FloLap@FLOLAP-PC 2011-10-21 22:04:21" runUser="FloLap-PC\FloLap" xmlns="http://microsoft.com/schemas/VisualStudio/TeamTest/2010">
  <TestSettings name="Lokal" id="6ed96bb3-d821-4eee-a79d-3a3069da9890">
    <Description>Dies sind die standardmäßigen Testeinstellungen für einen lokalen Testlauf.</Description>
    <Deployment enabled="false" runDeploymentRoot="FloLap_FLOLAP-PC 2011-10-21 22_04_21">
      <DeploymentItem filename="E:\HsKA\Semester2\Projektarbeit\Stundenplangenerator\TimetablePlanner\TimetablePlanner\bin\Debug\TimetablePlanner.dll" />
    </Deployment>
    <Execution>
      <TestTypeSpecific />
      <AgentRule name="Execution Agents">
      </AgentRule>
    </Execution>
  </TestSettings>
  <Times creation="2011-10-21T22:04:21.2760291+02:00" queuing="2011-10-21T22:04:22.3680310+02:00" start="2011-10-21T22:04:22.5396313+02:00" finish="2011-10-21T22:06:14.3195438+02:00" />
  <ResultSummary outcome="Completed">
    <Counters total="1" executed="1" passed="1" error="0" failed="0" timeout="0" aborted="0" inconclusive="0" passedButRunAborted="0" notRunnable="0" notExecuted="0" disconnected="0" warning="0" completed="0" inProgress="0" pending="0" />
  </ResultSummary>
  <TestDefinitions>
    <UnitTest name="TimetableManualTester" storage="e:\hska\semester2\projektarbeit\stundenplangenerator\timetableplanner\timetableplannertests\bin\debug\timetableplannertests.dll" id="3ada0cc6-2a4d-2d63-7d9f-97d4d443b0f3">
      <Execution id="1bf28c9d-57ed-43e6-844a-c3e83618f423" />
      <TestMethod codeBase="E:/HsKA/Semester2/Projektarbeit/Stundenplangenerator/TimetablePlanner/TimetablePlannerTests/bin/Debug/TimetablePlannerTests.DLL" adapterTypeName="Microsoft.VisualStudio.TestTools.TestTypes.Unit.UnitTestAdapter, Microsoft.VisualStudio.QualityTools.Tips.UnitTest.Adapter, Version=10.0.0.0, Culture=neutral, PublicKeyToken=b03f5f7f11d50a3a" className="TimetablePlannerTests.TimetableTest, TimetablePlannerTests, Version=1.0.0.0, Culture=neutral, PublicKeyToken=null" name="TimetableManualTester" />
    </UnitTest>
  </TestDefinitions>
  <TestLists>
    <TestList name="Nicht in einer Liste enthaltene Ergebnisse" id="8c84fa94-04c1-424b-9868-57a2d4851a1d" />
    <TestList name="Alle geladenen Ergebnisse" id="19431567-8539-422a-85d7-44ee4e166bda" />
  </TestLists>
  <TestEntries>
    <TestEntry testId="3ada0cc6-2a4d-2d63-7d9f-97d4d443b0f3" executionId="1bf28c9d-57ed-43e6-844a-c3e83618f423" testListId="8c84fa94-04c1-424b-9868-57a2d4851a1d" />
  </TestEntries>
  <Results>
    <UnitTestResult executionId="1bf28c9d-57ed-43e6-844a-c3e83618f423" testId="3ada0cc6-2a4d-2d63-7d9f-97d4d443b0f3" testName="TimetableManualTester" computerName="FLOLAP-PC" duration="00:01:50.3735204" startTime="2011-10-21T22:04:22.6800315+02:00" endTime="2011-10-21T22:06:14.2259437+02:00" testType="13cdc9d9-ddb5-4fa4-a97d-d965ccfc6d4b" outcome="Passed" testListId="8c84fa94-04c1-424b-9868-57a2d4851a1d" relativeResultsDirectory="1bf28c9d-57ed-43e6-844a-c3e83618f423">
      <Output>
        <DebugTrace>Time to create population of size 75: 101699ms
215
200
185
85
55
35
-115
-155
-205
-235
-245
-245
-245
-255
-265
-315
-325
-355
-375
-375
-375
-395
-405
-405
-425
-435
-435
-505
-535
-535
-545
-555
-565
-595
-595
-605
-615
-635
-665
-665
-675
-685
-685
-705
-725
-755
-775
-815
-825
-845
-895
-995
-1025
-1045
-1055
-1085
-1115
-1125
-1205
-1205
-1225
-1375
-1475
-1525
-1525
-1555
-1565
-1585
-1685
-1725
-1765
-1865
-2285
-2345
-2765
Early abort after 159 generations.
Mean time per generation: 39ms
Mean fitness increase per generation
458
204
146
122
68
39
43
38
41
41
40
43
45
37
31
34
29
24
21
26
26
23
41
33
37
28
28
27
27
34
29
31
29
21
21
28
26
28
19
23
25
22
21
21
21
16
20
14
15
19
24
20
21
22
19
14
20
23
21
14
15
14
10
12
7
10
10
12
9
6
6
7
7
8
5
6
8
11
12
14
6
11
10
12
15
14
13
11
15
9
16
9
10
13
13
15
9
9
5
5
5
6
8
4
6
5
9
10
8
10
6
7
7
9
6
7
6
4
4
3
6
4
1
1
3
5
2
1
3
3
3
3
2
2
3
1
4
2
0
2
1
1
1
2
2
1
2
2
2
2
0
0
1
1
2
2
0
2
1
1
Evolution time: 6403ms
2355
2355
2345
2345
2345
2345
2345
2345
2345
2345
2345
2345
2335
2335
2335
2335
2335
2335
2335
2335
2335
2335
2325
2325
2325
2325
2325
2325
2325
2325
2325
2325
2325
2325
2325
2325
2325
2325
2325
2325
2325
2325
2325
2315
2315
2315
2315
2315
2315
2315
2315
2315
2315
2315
2315
2315
2315
2315
2315
2315
2315
2315
2315
2315
2315
2315
2315
2315
2315
2315
2315
2315
2315
2315
2315

Group 0
Block 0: Fremdsprachen                          | Informatik 1                           | Mathematik 1                           | Mathematik 1 Labor                     | Theoretische Informatik 1              | 
Block 1: Fremdsprachen                          | Technische Informatik 1                | Informatik 1                           | Theoretische Informatik 1              | Technische Informatik 1 Übung          | 
Block 2: Mathematik 1                           | ---------------------------------------| ---------------------------------------| Informatik 1 Übung                     | Technische Informatik 1                | 
Block 3: Mathematik 1 Labor                     | ---------------------------------------| ---------------------------------------| ---------------------------------------| ---------------------------------------| 
Block 4: ---------------------------------------| ---------------------------------------| ---------------------------------------| ---------------------------------------| ---------------------------------------| 
Block 5: ---------------------------------------| ---------------------------------------| ---------------------------------------| ---------------------------------------| ---------------------------------------| 

Group 1
Block 0: Informatik 2                           | Digital-Labor                          | Softwarelabor                          | Mathematik 2 Labor                     | Technische Informatik 2                | 
Block 1: Softwarelabor                          | Digital-Labor                          | Softwarelabor                          | Informatik 2 Übung                     | Sprachen und Metasprachen              | 
Block 2: Softwarelabor                          | Digital-Labor                          | ---------------------------------------| Informatik 2                           | Web-Programming                        | 
Block 3: ---------------------------------------| ---------------------------------------| ---------------------------------------| Mathematik 2                           | Informatik 2 Übung                     | 
Block 4: ---------------------------------------| ---------------------------------------| ---------------------------------------| Technische Informatik 2                | ---------------------------------------| 
Block 5: ---------------------------------------| ---------------------------------------| ---------------------------------------| ---------------------------------------| ---------------------------------------| 

Group 2
Block 0: Modellierung und Simulation            | Datenrepräsentation und -übertragung   | ---------------------------------------| Intelligente Systeme                   | Visualization and Semantics            | 
Block 1: ---------------------------------------| Visualization and Semantics Lab        | IT Service Management                  | IT Projektmanagement                   | Mobile Systeme                         | 
Block 2: ---------------------------------------| Verteilte Informationssysteme          | ---------------------------------------| ---------------------------------------| ---------------------------------------| 
Block 3: ---------------------------------------| Projektarbeit1                         | ---------------------------------------| ---------------------------------------| ---------------------------------------| 
Block 4: ---------------------------------------| Projektarbeit1                         | ---------------------------------------| ---------------------------------------| ---------------------------------------| 
Block 5: ---------------------------------------| Projektarbeit1                         | Führungskräftetraining                 | ---------------------------------------| ---------------------------------------| 

Group 3
Block 0: Data Mining                            | Labor Verteilte Systeme                | Algorithmen Übung                      | Algorithmenentwurf                     | ---------------------------------------| 
Block 1: Labor Benutzeroberflächen              | ---------------------------------------| ---------------------------------------| Angewandte Kryptografie                | IT-Sicherheit                          | 
Block 2: ---------------------------------------| ---------------------------------------| ---------------------------------------| ---------------------------------------| Dialog Systems                         | 
Block 3: ---------------------------------------| ---------------------------------------| ---------------------------------------| ---------------------------------------| ---------------------------------------| 
Block 4: ---------------------------------------| ---------------------------------------| ---------------------------------------| Projektarbeit2                         | ---------------------------------------| 
Block 5: ---------------------------------------| ---------------------------------------| ---------------------------------------| Projektarbeit2                         | Seminar                                | 
</DebugTrace>
      </Output>
    </UnitTestResult>
  </Results>
</TestRun>