<?xml version="1.0" encoding="UTF-8"?>
<TestRun id="dd2a1a66-12ed-430c-ae7c-2f9180421d74" name="FloLap@FLOLAP-PC 2011-11-09 15:08:58" runUser="FloLap-PC\FloLap" xmlns="http://microsoft.com/schemas/VisualStudio/TeamTest/2010">
  <TestSettings name="Lokal" id="6ed96bb3-d821-4eee-a79d-3a3069da9890">
    <Description>Dies sind die standardmäßigen Testeinstellungen für einen lokalen Testlauf.</Description>
    <Deployment enabled="false" runDeploymentRoot="FloLap_FLOLAP-PC 2011-11-09 15_08_58">
      <DeploymentItem filename="E:\HsKA\Semester2\Projektarbeit\Stundenplangenerator\TimetablePlanner\TimetablePlanner\bin\Debug\TimetablePlanner.dll" />
    </Deployment>
    <Execution>
      <TestTypeSpecific />
      <AgentRule name="Execution Agents">
      </AgentRule>
    </Execution>
  </TestSettings>
  <Times creation="2011-11-09T15:08:58.3355393+01:00" queuing="2011-11-09T15:08:58.5225500+01:00" start="2011-11-09T15:08:58.5735529+01:00" finish="2011-11-09T15:09:06.5698546+01:00" />
  <ResultSummary outcome="Completed">
    <Counters total="1" executed="1" passed="1" error="0" failed="0" timeout="0" aborted="0" inconclusive="0" passedButRunAborted="0" notRunnable="0" notExecuted="0" disconnected="0" warning="0" completed="0" inProgress="0" pending="0" />
  </ResultSummary>
  <TestDefinitions>
    <UnitTest name="TimetableManualTester" storage="e:\hska\semester2\projektarbeit\stundenplangenerator\timetableplanner\timetableplannertests\bin\debug\timetableplannertests.dll" id="3ada0cc6-2a4d-2d63-7d9f-97d4d443b0f3">
      <Execution id="e587ae17-1b23-4fdd-a60b-84d761244be9" />
      <TestMethod codeBase="E:/HsKA/Semester2/Projektarbeit/Stundenplangenerator/TimetablePlanner/TimetablePlannerTests/bin/Debug/TimetablePlannerTests.DLL" adapterTypeName="Microsoft.VisualStudio.TestTools.TestTypes.Unit.UnitTestAdapter, Microsoft.VisualStudio.QualityTools.Tips.UnitTest.Adapter, Version=10.0.0.0, Culture=neutral, PublicKeyToken=b03f5f7f11d50a3a" className="TimetablePlannerTests.TimetableTest, TimetablePlannerTests, Version=1.0.0.0, Culture=neutral, PublicKeyToken=null" name="TimetableManualTester" />
    </UnitTest>
  </TestDefinitions>
  <TestLists>
    <TestList name="Nicht in einer Liste enthaltene Ergebnisse" id="8c84fa94-04c1-424b-9868-57a2d4851a1d" />
    <TestList name="Alle geladenen Ergebnisse" id="19431567-8539-422a-85d7-44ee4e166bda" />
  </TestLists>
  <TestEntries>
    <TestEntry testId="3ada0cc6-2a4d-2d63-7d9f-97d4d443b0f3" executionId="e587ae17-1b23-4fdd-a60b-84d761244be9" testListId="8c84fa94-04c1-424b-9868-57a2d4851a1d" />
  </TestEntries>
  <Results>
    <UnitTestResult executionId="e587ae17-1b23-4fdd-a60b-84d761244be9" testId="3ada0cc6-2a4d-2d63-7d9f-97d4d443b0f3" testName="TimetableManualTester" computerName="FLOLAP-PC" duration="00:00:07.5336036" startTime="2011-11-09T15:08:58.5725528+01:00" endTime="2011-11-09T15:09:06.4728490+01:00" testType="13cdc9d9-ddb5-4fa4-a97d-d965ccfc6d4b" outcome="Passed" testListId="8c84fa94-04c1-424b-9868-57a2d4851a1d" relativeResultsDirectory="e587ae17-1b23-4fdd-a60b-84d761244be9">
      <Output>
        <DebugTrace>Individual 2 created.
Individual 0 created.
Individual 4 created.
Individual 6 created.
Individual 1 created.
Individual 7 created.
Individual 3 created.
Individual 5 created.
Individual 8 created.
Individual 11 created.
Individual 9 created.
Individual 12 created.
Individual 14 created.
Individual 10 created.
Individual 15 created.
Individual 16 created.
Individual 13 created.
Individual 18 created.
Individual 21 created.
Individual 19 created.
Individual 17 created.
Individual 20 created.
Individual 23 created.
Individual 22 created.
Individual 24 created.
Generation 0 finished with best fitness of 3390.
Generation 1 finished with best fitness of 3390.
Generation 2 finished with best fitness of 3410.
Generation 3 finished with best fitness of 3500.
Generation 4 finished with best fitness of 3530.
Generation 5 finished with best fitness of 3680.
Generation 6 finished with best fitness of 3760.
Generation 7 finished with best fitness of 3760.
Generation 8 finished with best fitness of 3760.
Generation 9 finished with best fitness of 3930.
Generation 10 finished with best fitness of 3930.
Generation 11 finished with best fitness of 4080.
Generation 12 finished with best fitness of 4080.
Generation 13 finished with best fitness of 4110.
Generation 14 finished with best fitness of 4120.
Generation 15 finished with best fitness of 4180.
Generation 16 finished with best fitness of 4310.
Generation 17 finished with best fitness of 4310.
Generation 18 finished with best fitness of 4310.
Generation 19 finished with best fitness of 4370.
Generation 20 finished with best fitness of 4440.
Generation 21 finished with best fitness of 4590.
Generation 22 finished with best fitness of 4620.
Generation 23 finished with best fitness of 4620.
Generation 24 finished with best fitness of 4620.
Generation 25 finished with best fitness of 4680.
Generation 26 finished with best fitness of 4680.
Generation 27 finished with best fitness of 4790.
Generation 28 finished with best fitness of 4820.
Generation 29 finished with best fitness of 4820.
Generation 30 finished with best fitness of 4820.
Generation 31 finished with best fitness of 4820.
Generation 32 finished with best fitness of 4850.
Generation 33 finished with best fitness of 4880.
Generation 34 finished with best fitness of 4880.
Generation 35 finished with best fitness of 4940.
Generation 36 finished with best fitness of 4960.
Generation 37 finished with best fitness of 4960.
Generation 38 finished with best fitness of 5000.
Generation 39 finished with best fitness of 5070.
Generation 40 finished with best fitness of 5070.
Generation 41 finished with best fitness of 5120.
Generation 42 finished with best fitness of 5120.
Generation 43 finished with best fitness of 5150.
Generation 44 finished with best fitness of 5170.
Generation 45 finished with best fitness of 5170.
Generation 46 finished with best fitness of 5170.
Generation 47 finished with best fitness of 5180.
Generation 48 finished with best fitness of 5240.
Generation 49 finished with best fitness of 5300.
Generation 50 finished with best fitness of 5310.
Generation 51 finished with best fitness of 5330.
Generation 52 finished with best fitness of 5330.
Generation 53 finished with best fitness of 5440.
Generation 54 finished with best fitness of 5440.
Generation 55 finished with best fitness of 5440.
Generation 56 finished with best fitness of 5440.
Generation 57 finished with best fitness of 5470.
Generation 58 finished with best fitness of 5480.
Generation 59 finished with best fitness of 5540.
Generation 60 finished with best fitness of 5550.
Generation 61 finished with best fitness of 5570.
Generation 62 finished with best fitness of 5580.
Generation 63 finished with best fitness of 5610.
Generation 64 finished with best fitness of 5610.
Generation 65 finished with best fitness of 5690.
Generation 66 finished with best fitness of 5690.
Generation 67 finished with best fitness of 5730.
Generation 68 finished with best fitness of 5730.
Generation 69 finished with best fitness of 5730.
Generation 70 finished with best fitness of 5730.
Generation 71 finished with best fitness of 5730.
Generation 72 finished with best fitness of 5760.
Generation 73 finished with best fitness of 5800.
Generation 74 finished with best fitness of 5890.
Generation 75 finished with best fitness of 5890.
Generation 76 finished with best fitness of 5890.
Generation 77 finished with best fitness of 5890.
Generation 78 finished with best fitness of 5890.
Generation 79 finished with best fitness of 5910.
Generation 80 finished with best fitness of 5910.
Generation 81 finished with best fitness of 5970.
Generation 82 finished with best fitness of 5990.
Generation 83 finished with best fitness of 5990.
Generation 84 finished with best fitness of 5990.
Generation 85 finished with best fitness of 6040.
Generation 86 finished with best fitness of 6070.
Generation 87 finished with best fitness of 6070.
Generation 88 finished with best fitness of 6120.
Generation 89 finished with best fitness of 6120.
Generation 90 finished with best fitness of 6120.
Generation 91 finished with best fitness of 6200.
Generation 92 finished with best fitness of 6200.
Generation 93 finished with best fitness of 6200.
Generation 94 finished with best fitness of 6200.
Generation 95 finished with best fitness of 6200.
Generation 96 finished with best fitness of 6200.
Generation 97 finished with best fitness of 6290.
Generation 98 finished with best fitness of 6290.
Generation 99 finished with best fitness of 6290.
Generation 100 finished with best fitness of 6370.
Generation 101 finished with best fitness of 6370.
Generation 102 finished with best fitness of 6370.
Generation 103 finished with best fitness of 6370.
Generation 104 finished with best fitness of 6400.
Generation 105 finished with best fitness of 6430.
Generation 106 finished with best fitness of 6430.
Generation 107 finished with best fitness of 6430.
Generation 108 finished with best fitness of 6430.
Generation 109 finished with best fitness of 6450.
Generation 110 finished with best fitness of 6450.
Generation 111 finished with best fitness of 6450.
Generation 112 finished with best fitness of 6450.
Generation 113 finished with best fitness of 6470.
Generation 114 finished with best fitness of 6500.
Generation 115 finished with best fitness of 6540.
Generation 116 finished with best fitness of 6540.
Generation 117 finished with best fitness of 6540.
Generation 118 finished with best fitness of 6540.
Generation 119 finished with best fitness of 6570.
Generation 120 finished with best fitness of 6590.
Generation 121 finished with best fitness of 6630.
Generation 122 finished with best fitness of 6630.
Generation 123 finished with best fitness of 6630.
Generation 124 finished with best fitness of 6630.
Generation 125 finished with best fitness of 6630.
Generation 126 finished with best fitness of 6630.
Generation 127 finished with best fitness of 6630.
Generation 128 finished with best fitness of 6670.
Generation 129 finished with best fitness of 6680.
Generation 130 finished with best fitness of 6680.
Generation 131 finished with best fitness of 6740.
Generation 132 finished with best fitness of 6740.
Generation 133 finished with best fitness of 6740.
Generation 134 finished with best fitness of 6740.
Generation 135 finished with best fitness of 6740.
Generation 136 finished with best fitness of 6740.
Generation 137 finished with best fitness of 6740.
Generation 138 finished with best fitness of 6760.
Generation 139 finished with best fitness of 6760.
Generation 140 finished with best fitness of 6760.
Generation 141 finished with best fitness of 6790.
Generation 142 finished with best fitness of 6790.
Generation 143 finished with best fitness of 6830.
Generation 144 finished with best fitness of 6830.
Generation 145 finished with best fitness of 6830.
Generation 146 finished with best fitness of 6830.
Generation 147 finished with best fitness of 6830.
Generation 148 finished with best fitness of 6830.
Generation 149 finished with best fitness of 6870.
Generation 150 finished with best fitness of 6870.
Generation 151 finished with best fitness of 6870.
Generation 152 finished with best fitness of 6870.
Generation 153 finished with best fitness of 6990.
Generation 154 finished with best fitness of 6990.
Generation 155 finished with best fitness of 6990.
Generation 156 finished with best fitness of 6990.
Generation 157 finished with best fitness of 6990.
Generation 158 finished with best fitness of 7010.
Generation 159 finished with best fitness of 7020.
Generation 160 finished with best fitness of 7020.
Generation 161 finished with best fitness of 7020.
Generation 162 finished with best fitness of 7020.
Generation 163 finished with best fitness of 7020.
Generation 164 finished with best fitness of 7060.
Generation 165 finished with best fitness of 7120.
Generation 166 finished with best fitness of 7120.
Generation 167 finished with best fitness of 7120.
Generation 168 finished with best fitness of 7120.
Generation 169 finished with best fitness of 7120.
Generation 170 finished with best fitness of 7120.
Generation 171 finished with best fitness of 7120.
Generation 172 finished with best fitness of 7120.
Generation 173 finished with best fitness of 7120.
Generation 174 finished with best fitness of 7170.
Generation 175 finished with best fitness of 7170.
Generation 176 finished with best fitness of 7170.
Generation 177 finished with best fitness of 7170.
Generation 178 finished with best fitness of 7190.
Generation 179 finished with best fitness of 7190.
Generation 180 finished with best fitness of 7190.
Generation 181 finished with best fitness of 7220.
Generation 182 finished with best fitness of 7220.
Generation 183 finished with best fitness of 7230.
Generation 184 finished with best fitness of 7310.
Generation 185 finished with best fitness of 7310.
Generation 186 finished with best fitness of 7310.
Generation 187 finished with best fitness of 7310.
Generation 188 finished with best fitness of 7320.
Generation 189 finished with best fitness of 7320.
Generation 190 finished with best fitness of 7320.
Generation 191 finished with best fitness of 7320.
Generation 192 finished with best fitness of 7320.
Generation 193 finished with best fitness of 7320.
Generation 194 finished with best fitness of 7320.
Generation 195 finished with best fitness of 7320.
Generation 196 finished with best fitness of 7340.
Generation 197 finished with best fitness of 7340.
Generation 198 finished with best fitness of 7340.
Generation 199 finished with best fitness of 7390.
Generation 200 finished with best fitness of 7390.
Generation 201 finished with best fitness of 7390.
Generation 202 finished with best fitness of 7410.
Generation 203 finished with best fitness of 7410.
Generation 204 finished with best fitness of 7410.
Generation 205 finished with best fitness of 7420.
Generation 206 finished with best fitness of 7420.
Generation 207 finished with best fitness of 7420.
Generation 208 finished with best fitness of 7420.
Generation 209 finished with best fitness of 7420.
Generation 210 finished with best fitness of 7420.
Generation 211 finished with best fitness of 7430.
Generation 212 finished with best fitness of 7440.
Generation 213 finished with best fitness of 7440.
Generation 214 finished with best fitness of 7440.
Generation 215 finished with best fitness of 7450.
Generation 216 finished with best fitness of 7450.
Generation 217 finished with best fitness of 7450.
Generation 218 finished with best fitness of 7450.
Generation 219 finished with best fitness of 7490.
Generation 220 finished with best fitness of 7490.
Generation 221 finished with best fitness of 7530.
Generation 222 finished with best fitness of 7530.
Generation 223 finished with best fitness of 7530.
Generation 224 finished with best fitness of 7530.
Generation 225 finished with best fitness of 7530.
Generation 226 finished with best fitness of 7530.
Generation 227 finished with best fitness of 7530.
Generation 228 finished with best fitness of 7530.
Generation 229 finished with best fitness of 7530.
Generation 230 finished with best fitness of 7540.
Generation 231 finished with best fitness of 7540.
Generation 232 finished with best fitness of 7540.
Generation 233 finished with best fitness of 7580.
Generation 234 finished with best fitness of 7580.
Generation 235 finished with best fitness of 7580.
Generation 236 finished with best fitness of 7580.
Generation 237 finished with best fitness of 7600.
Generation 238 finished with best fitness of 7600.
Generation 239 finished with best fitness of 7600.
Generation 240 finished with best fitness of 7610.
Generation 241 finished with best fitness of 7610.
Generation 242 finished with best fitness of 7610.
Generation 243 finished with best fitness of 7650.
Generation 244 finished with best fitness of 7650.
Generation 245 finished with best fitness of 7650.
Generation 246 finished with best fitness of 7650.
Generation 247 finished with best fitness of 7650.
Generation 248 finished with best fitness of 7650.
Generation 249 finished with best fitness of 7650.
Generation 250 finished with best fitness of 7650.
Generation 251 finished with best fitness of 7650.
Generation 252 finished with best fitness of 7650.
Generation 253 finished with best fitness of 7650.
Generation 254 finished with best fitness of 7650.
Generation 255 finished with best fitness of 7650.
Generation 256 finished with best fitness of 7650.
Generation 257 finished with best fitness of 7650.
Generation 258 finished with best fitness of 7650.
Generation 259 finished with best fitness of 7650.
Generation 260 finished with best fitness of 7690.
Generation 261 finished with best fitness of 7740.
Generation 262 finished with best fitness of 7740.
Generation 263 finished with best fitness of 7740.
Generation 264 finished with best fitness of 7740.
Generation 265 finished with best fitness of 7740.
Generation 266 finished with best fitness of 7740.
Generation 267 finished with best fitness of 7750.
Generation 268 finished with best fitness of 7750.
Generation 269 finished with best fitness of 7750.
Generation 270 finished with best fitness of 7750.
Generation 271 finished with best fitness of 7750.
Generation 272 finished with best fitness of 7750.
Generation 273 finished with best fitness of 7750.
Generation 274 finished with best fitness of 7750.
Generation 275 finished with best fitness of 7750.
Generation 276 finished with best fitness of 7750.
Generation 277 finished with best fitness of 7770.
Generation 278 finished with best fitness of 7770.
Generation 279 finished with best fitness of 7770.
Generation 280 finished with best fitness of 7770.
Generation 281 finished with best fitness of 7770.
Generation 282 finished with best fitness of 7790.
Generation 283 finished with best fitness of 7790.
Generation 284 finished with best fitness of 7800.
Generation 285 finished with best fitness of 7800.
Generation 286 finished with best fitness of 7800.
Generation 287 finished with best fitness of 7800.
Generation 288 finished with best fitness of 7800.
Generation 289 finished with best fitness of 7870.
Generation 290 finished with best fitness of 7870.
Generation 291 finished with best fitness of 7870.
Generation 292 finished with best fitness of 7870.
Generation 293 finished with best fitness of 7870.
Generation 294 finished with best fitness of 7870.
Generation 295 finished with best fitness of 7870.
Generation 296 finished with best fitness of 7870.
Generation 297 finished with best fitness of 7900.
Generation 298 finished with best fitness of 7900.
Generation 299 finished with best fitness of 7900.
Generation 300 finished with best fitness of 7900.
Generation 301 finished with best fitness of 7900.
Generation 302 finished with best fitness of 7900.
Generation 303 finished with best fitness of 7900.
Generation 304 finished with best fitness of 7900.
Generation 305 finished with best fitness of 7900.
Generation 306 finished with best fitness of 7900.
Generation 307 finished with best fitness of 7900.
Generation 308 finished with best fitness of 7900.
Generation 309 finished with best fitness of 7900.
Generation 310 finished with best fitness of 7930.
Generation 311 finished with best fitness of 7930.
Generation 312 finished with best fitness of 7930.
Generation 313 finished with best fitness of 7930.
Generation 314 finished with best fitness of 7930.
Generation 315 finished with best fitness of 7930.
Generation 316 finished with best fitness of 7930.
Generation 317 finished with best fitness of 7930.
Generation 318 finished with best fitness of 7930.
Generation 319 finished with best fitness of 7930.
Generation 320 finished with best fitness of 7930.
Generation 321 finished with best fitness of 7940.
Generation 322 finished with best fitness of 7940.
Generation 323 finished with best fitness of 7940.
Generation 324 finished with best fitness of 7960.
Generation 325 finished with best fitness of 7960.
Generation 326 finished with best fitness of 7960.
Generation 327 finished with best fitness of 7960.
Generation 328 finished with best fitness of 7960.
Generation 329 finished with best fitness of 7960.
Generation 330 finished with best fitness of 7960.
Generation 331 finished with best fitness of 7960.
Generation 332 finished with best fitness of 7960.
Generation 333 finished with best fitness of 7960.
Generation 334 finished with best fitness of 7960.
Evolution finished after 7,4850742 seconds.
</DebugTrace>
      </Output>
    </UnitTestResult>
  </Results>
</TestRun>