<?xml version="1.0" encoding="UTF-8"?>
<TestRun id="986e2528-03e0-4469-b7ed-7878c8dd0746" name="FloLap@FLOLAP-PC 2011-10-15 18:37:19" runUser="FloLap-PC\FloLap" xmlns="http://microsoft.com/schemas/VisualStudio/TeamTest/2010">
  <TestSettings name="Lokal" id="6ed96bb3-d821-4eee-a79d-3a3069da9890">
    <Description>Dies sind die standardmäßigen Testeinstellungen für einen lokalen Testlauf.</Description>
    <Deployment enabled="false" runDeploymentRoot="FloLap_FLOLAP-PC 2011-10-15 18_37_19">
      <DeploymentItem filename="E:\HsKA\Semester2\Projektarbeit\Stundenplangenerator\TimetablePlanner\TimetablePlanner\bin\Debug\TimetablePlanner.dll" />
    </Deployment>
    <Execution>
      <TestTypeSpecific />
      <AgentRule name="Execution Agents">
      </AgentRule>
    </Execution>
  </TestSettings>
  <Times creation="2011-10-15T18:37:19.9139572+02:00" queuing="2011-10-15T18:37:20.8665589+02:00" start="2011-10-15T18:37:21.0381592+02:00" finish="2011-10-15T18:37:35.7529853+02:00" />
  <ResultSummary outcome="Completed">
    <Counters total="1" executed="1" passed="1" error="0" failed="0" timeout="0" aborted="0" inconclusive="0" passedButRunAborted="0" notRunnable="0" notExecuted="0" disconnected="0" warning="0" completed="0" inProgress="0" pending="0" />
  </ResultSummary>
  <TestDefinitions>
    <UnitTest name="createTimetableInstanceTest" storage="e:\hska\semester2\projektarbeit\stundenplangenerator\timetableplanner\timetableplannertests\bin\debug\timetableplannertests.dll" id="ab441b29-9837-01bf-f43f-7839c8f73716">
      <Execution id="ba0481a4-98de-49ab-a4f8-b0c2619d61db" />
      <TestMethod codeBase="E:/HsKA/Semester2/Projektarbeit/Stundenplangenerator/TimetablePlanner/TimetablePlannerTests/bin/Debug/TimetablePlannerTests.DLL" adapterTypeName="Microsoft.VisualStudio.TestTools.TestTypes.Unit.UnitTestAdapter, Microsoft.VisualStudio.QualityTools.Tips.UnitTest.Adapter, Version=10.0.0.0, Culture=neutral, PublicKeyToken=b03f5f7f11d50a3a" className="TimetablePlannerTests.TimetableTest, TimetablePlannerTests, Version=1.0.0.0, Culture=neutral, PublicKeyToken=null" name="createTimetableInstanceTest" />
    </UnitTest>
  </TestDefinitions>
  <TestLists>
    <TestList name="Nicht in einer Liste enthaltene Ergebnisse" id="8c84fa94-04c1-424b-9868-57a2d4851a1d" />
    <TestList name="Alle geladenen Ergebnisse" id="19431567-8539-422a-85d7-44ee4e166bda" />
  </TestLists>
  <TestEntries>
    <TestEntry testId="ab441b29-9837-01bf-f43f-7839c8f73716" executionId="ba0481a4-98de-49ab-a4f8-b0c2619d61db" testListId="8c84fa94-04c1-424b-9868-57a2d4851a1d" />
  </TestEntries>
  <Results>
    <UnitTestResult executionId="ba0481a4-98de-49ab-a4f8-b0c2619d61db" testId="ab441b29-9837-01bf-f43f-7839c8f73716" testName="createTimetableInstanceTest" computerName="FLOLAP-PC" duration="00:00:13.2209562" startTime="2011-10-15T18:37:21.1785594+02:00" endTime="2011-10-15T18:37:35.6281850+02:00" testType="13cdc9d9-ddb5-4fa4-a97d-d965ccfc6d4b" outcome="Passed" testListId="8c84fa94-04c1-424b-9868-57a2d4851a1d" relativeResultsDirectory="ba0481a4-98de-49ab-a4f8-b0c2619d61db">
      <Output>
        <DebugTrace>Time to create population of size 20: 109ms
0286: ---|035|---|---|---|---|004|---|---|---|---|---|---|018|032|---|---|---|---|---|---|---|---|---|---|---|008|---|---|---|---|---|---|---|---|---|---|010|010|---|---|---|---|---|017|---|---|---|---|---|---|---|---|---|---|---|---|---|---|---|---|---|---|---|---|---|---|---|---|---|---|---|---|005|---|004|012|---|---|005|---|023|---|---|020|033|---|036|036|---|---|016|016|016|---|---|---|015|---|026|---|---|---|---|---|---|024|---|---|---|---|---|---|---|---|---|---|---|---|---|---|---|---|---|---|---|---|---|---|---|---|---|---|---|---|---|---|---|---|---|---|---|---|---|---|---|034|---|037|---|---|022|027|027|027|---|025|---|008|---|---|---|---|---|030|031|---|---|---|---|---|010|010|---|---|---|---|---|---|---|---|---|---|013|---|---|---|---|---|---|---|---|---|---|---|---|---|---|---|---|---|---|---|---|---|---|---|---|---|---|---|---|001|---|---|---|---|---|---|009|---|---|---|---|007|007|---|---|029|---|---|---|---|---|---|---|---|---|---|---|---|---|---|---|---|---|---|002|---|---|---|---|014|---|---|---|---|---|---|---|---|---|---|---|---|---|---|---|---|---|---|---|---|---|---|---|---|---|---|---|---|---|---|---|---|---|---|---|---|---|---|---|---|---|---|015|009|---|---|---|---|---|---|---|---|---|---|003|011|---|---|---|---|---|---|---|---|---|---|---|---|---|---|---|002|---|---|---|---|---|---|000|019|028|---|---|---|---|---|---|---|---|---|---|---|---|---|---|---|021|---|---|006|---|006|---|---|---|---|---|
0258: ---|---|---|---|---|---|027|027|027|---|035|---|---|015|---|---|---|---|002|---|---|026|---|---|---|---|---|---|---|---|---|012|---|---|---|---|---|033|024|---|---|---|016|016|016|---|013|---|---|---|---|---|---|---|---|---|---|---|---|---|---|---|---|---|006|---|---|---|---|---|---|---|---|---|---|---|---|---|---|---|---|---|---|---|---|---|---|022|---|---|---|---|---|004|029|---|---|002|---|---|011|---|---|---|032|---|---|---|000|---|004|---|---|---|---|036|036|---|---|---|---|---|---|---|---|---|---|---|---|006|---|---|---|---|---|---|---|---|---|---|---|---|---|---|---|---|---|---|---|---|---|---|---|---|---|---|---|---|---|000|---|---|---|---|---|---|---|---|---|---|---|---|---|---|---|---|---|---|---|---|---|008|015|---|---|---|---|---|---|---|---|---|---|---|---|---|---|---|---|---|---|---|---|---|---|---|---|---|---|---|---|---|---|---|---|---|---|017|---|003|---|---|018|---|---|009|005|---|023|---|---|---|020|---|---|---|---|---|028|---|---|---|---|---|---|---|---|025|---|---|---|---|009|008|---|---|---|---|---|---|---|---|---|---|---|---|---|---|---|---|---|---|---|---|---|---|---|---|---|---|---|---|---|---|---|---|---|---|---|---|014|---|005|---|---|---|---|---|030|---|---|---|---|010|010|---|---|---|---|007|007|---|010|010|---|019|---|---|---|---|---|---|---|---|---|037|---|---|---|---|---|---|---|034|031|---|---|---|---|---|---|---|---|---|---|---|---|---|---|021|---|---|---|---|---|001|---|---|---|---|
0248: ---|---|008|---|---|---|---|---|---|010|010|---|---|---|---|---|---|---|---|010|010|---|---|---|---|015|013|---|---|---|---|---|---|---|---|---|---|---|---|---|---|---|---|---|---|---|---|---|---|---|---|---|---|---|---|---|---|---|---|---|---|---|---|---|006|---|---|---|---|---|---|---|---|030|---|---|---|---|026|---|---|---|---|---|016|016|016|---|003|---|---|025|---|---|---|---|015|---|---|---|---|---|---|---|---|---|---|---|---|---|---|---|---|---|---|---|034|029|---|---|---|---|---|006|---|---|---|---|---|---|---|---|---|---|---|---|---|---|---|---|---|---|---|---|027|027|027|---|---|---|---|---|---|020|---|---|---|009|---|---|---|---|002|004|---|---|---|---|---|---|---|---|---|---|---|---|033|---|---|---|---|---|005|---|---|---|002|---|---|---|---|---|---|---|---|---|---|---|---|---|---|---|---|---|---|---|---|---|---|---|---|---|---|---|---|---|---|---|---|005|---|---|012|037|---|---|---|---|---|019|---|---|---|---|011|022|---|---|---|---|000|---|---|035|000|---|---|014|---|---|---|---|009|031|036|036|---|---|---|---|---|---|---|---|---|---|---|---|---|---|---|---|---|---|---|---|---|021|---|---|---|---|---|---|---|---|---|---|---|---|---|032|---|---|---|---|---|---|---|---|---|---|---|---|---|---|---|017|---|007|007|---|---|---|028|---|---|---|---|023|018|008|---|---|---|---|---|---|---|---|024|004|---|---|---|---|---|---|---|---|---|---|---|---|---|---|---|---|---|---|---|---|---|---|---|---|---|001|---|---|
0248: 036|036|---|---|---|---|---|---|---|---|---|---|009|008|---|---|---|---|---|016|016|016|---|---|---|---|---|029|019|---|---|---|---|---|---|---|---|---|---|---|---|---|---|005|002|---|---|---|---|---|---|---|---|---|---|---|---|---|---|---|---|---|---|---|---|---|---|---|---|---|---|---|---|---|028|---|---|---|015|013|---|---|---|---|---|---|---|009|---|---|035|024|---|---|---|---|---|---|---|---|---|---|---|---|---|---|---|---|022|---|---|---|---|---|008|---|014|---|---|---|---|---|---|---|---|---|---|---|---|---|---|---|---|---|---|---|---|---|---|---|006|---|---|---|---|010|010|---|---|---|017|007|007|---|000|---|---|---|---|018|034|---|---|025|---|---|031|---|---|012|---|023|---|---|003|---|005|---|---|---|011|032|---|---|---|---|---|---|---|---|---|---|---|---|---|---|---|---|---|---|---|---|---|---|---|---|006|---|---|---|---|---|---|021|---|---|---|---|---|---|000|---|---|---|---|---|---|---|---|030|---|026|---|---|---|---|---|---|---|---|---|---|---|---|---|---|015|---|---|---|020|---|004|---|---|---|---|---|---|---|---|---|---|---|---|---|---|---|---|---|---|001|---|---|---|---|---|---|---|---|---|---|---|---|---|---|---|---|---|---|---|---|---|---|037|---|---|---|002|---|---|---|---|---|---|---|---|010|010|---|---|---|---|---|---|---|---|---|---|---|---|---|004|---|---|---|---|---|---|---|027|027|027|---|---|---|---|---|---|---|---|---|---|---|---|---|---|---|---|---|---|---|---|---|---|---|---|---|---|---|
0232: ---|---|---|013|---|---|---|---|028|---|004|---|---|009|---|---|---|---|010|010|---|---|---|---|---|037|---|002|---|---|---|---|---|---|---|---|---|---|015|---|---|---|---|017|034|---|---|---|---|---|---|---|---|---|---|---|---|---|---|---|---|---|---|---|---|---|---|---|---|---|---|---|029|---|---|---|---|---|016|016|016|---|---|---|---|---|---|---|---|---|027|027|027|---|---|---|035|---|---|---|---|---|---|011|---|---|---|---|---|---|---|---|---|---|---|008|---|---|---|---|---|---|---|---|---|---|---|---|021|---|---|---|006|---|---|---|---|---|---|---|---|---|---|---|009|---|---|---|---|---|---|---|---|---|---|---|---|---|---|---|---|---|003|---|---|000|---|---|---|---|---|---|---|---|---|---|---|004|---|---|---|---|---|---|018|---|020|---|---|019|---|---|---|---|---|---|---|---|---|---|---|---|---|---|---|---|---|---|---|---|---|---|---|---|---|---|---|---|---|---|---|---|---|---|---|036|036|---|012|---|---|---|---|---|---|---|---|---|---|---|008|---|---|---|---|---|---|---|---|---|033|---|023|---|---|---|---|---|---|030|---|---|---|---|---|---|---|---|---|---|---|---|---|---|---|---|---|---|---|---|---|---|---|---|---|006|---|---|---|000|---|---|---|---|---|---|---|032|---|---|005|026|---|022|015|---|---|005|025|---|024|---|---|---|---|---|014|---|---|---|---|---|---|---|007|007|---|---|---|---|---|010|010|---|031|---|---|---|---|001|---|---|---|---|---|---|---|---|---|---|---|---|---|---|---|---|---|---|---|---|
0224: 004|010|010|---|---|---|013|---|022|007|007|---|017|---|---|---|---|---|020|---|026|---|---|---|---|---|---|009|---|---|---|---|---|005|004|---|---|---|---|---|---|---|---|---|035|---|032|---|---|---|---|---|---|---|---|---|---|---|---|---|---|---|---|---|---|---|---|---|---|---|---|---|---|---|---|---|---|---|---|---|023|---|---|---|036|036|---|037|---|---|003|---|---|---|---|---|---|028|---|---|024|---|---|---|---|---|018|---|---|---|---|002|029|---|---|---|---|---|---|---|---|---|---|---|001|---|---|---|---|---|---|---|---|---|---|---|---|---|---|---|---|---|---|---|009|---|---|---|---|---|---|034|---|---|---|---|016|016|016|011|014|---|---|---|---|---|---|---|---|---|031|---|002|---|---|---|---|---|---|---|027|027|027|---|---|---|000|---|---|---|---|---|---|---|---|---|---|---|006|---|---|---|---|---|---|---|---|---|---|---|---|---|---|---|---|---|---|033|---|---|---|---|---|---|---|---|---|---|005|---|---|---|---|---|---|012|---|015|---|---|---|008|---|---|---|---|010|010|---|---|025|---|---|---|---|---|---|---|---|---|---|---|---|---|---|---|---|---|---|---|---|---|---|---|---|---|---|---|---|---|---|---|---|---|---|---|---|---|---|---|---|---|---|---|019|---|---|---|---|---|---|---|---|---|---|---|---|---|---|---|---|---|---|---|---|---|---|---|---|---|000|---|---|---|---|---|015|---|---|---|---|008|---|---|030|---|---|---|021|---|---|---|---|---|---|---|---|---|006|---|---|---|---|---|---|---|---|---|---|---|
0218: ---|---|031|009|---|---|---|010|010|---|---|---|---|014|---|035|---|---|034|008|022|023|---|---|029|---|---|---|---|---|---|---|---|---|---|---|---|---|---|---|---|---|---|---|---|---|---|---|---|---|---|---|---|---|---|---|---|---|---|---|---|---|---|021|---|---|---|---|---|---|---|---|015|020|---|---|---|---|---|005|---|---|---|---|033|---|---|---|---|---|---|---|---|---|---|---|---|---|018|---|017|---|---|---|004|---|---|---|---|---|013|---|012|---|---|---|---|---|---|---|---|---|---|---|---|---|---|---|---|006|---|---|---|---|---|---|---|---|---|---|---|---|---|---|005|---|---|---|002|---|027|027|027|---|---|---|---|---|---|---|---|---|---|007|007|---|---|---|---|037|000|024|---|---|---|---|---|009|---|---|002|---|004|---|---|---|---|---|---|---|---|---|---|---|---|---|---|---|---|---|---|---|---|---|---|---|---|---|---|---|---|---|---|---|---|---|011|030|---|---|---|---|---|---|---|000|---|---|---|---|---|019|008|---|---|---|---|---|---|---|---|---|---|---|---|---|---|---|---|---|---|---|---|---|---|---|025|---|---|---|---|---|---|---|---|---|---|---|---|---|---|---|---|---|---|---|---|---|---|---|---|---|---|---|---|---|---|---|---|---|---|010|010|---|---|028|---|003|---|---|015|---|---|---|---|---|016|016|016|---|---|---|026|---|---|---|---|---|036|036|---|---|---|---|---|---|---|032|---|---|---|---|---|---|---|---|---|---|---|006|---|---|---|---|---|---|---|---|---|---|---|---|---|---|---|001|---|---|---|---|
0216: ---|---|---|---|---|---|000|016|016|016|---|---|---|013|---|004|---|---|035|008|032|---|---|---|---|029|---|---|---|---|---|---|---|015|---|---|---|---|---|---|---|---|---|---|004|---|---|---|---|---|---|---|---|---|---|---|---|---|---|---|---|---|---|---|---|---|---|---|---|---|---|---|---|---|---|---|---|---|---|---|---|---|---|---|---|027|027|027|---|---|---|---|---|017|---|---|---|026|---|---|---|---|---|---|---|---|---|---|---|008|023|---|003|---|---|020|---|---|---|---|---|006|---|---|---|---|---|---|---|---|---|---|---|---|---|---|---|---|---|---|---|---|---|---|005|---|---|---|---|---|---|---|022|---|---|---|---|030|---|000|---|---|---|---|019|---|002|---|---|---|018|---|---|---|009|037|024|---|---|---|005|009|---|---|---|---|---|036|036|---|---|---|---|---|001|---|---|---|---|---|---|---|---|---|---|---|021|---|---|---|---|---|---|---|---|---|---|---|---|---|002|---|034|---|---|---|---|---|---|---|---|015|---|---|---|---|---|---|025|---|---|---|---|---|---|---|---|012|---|028|---|---|---|---|---|---|014|---|---|---|---|---|---|---|---|---|---|---|---|---|---|---|---|---|---|---|---|---|---|---|---|---|---|---|---|---|---|---|---|---|---|---|---|---|---|010|010|---|---|---|---|033|---|010|010|---|---|---|---|---|---|---|---|---|---|---|---|---|---|---|031|---|---|---|007|007|---|---|---|---|---|---|---|---|---|---|---|---|---|---|---|---|---|---|---|---|---|---|---|---|---|---|---|---|---|---|---|---|006|---|
0208: ---|---|017|---|---|---|003|---|---|---|002|---|032|---|---|026|---|---|035|---|---|---|009|---|---|---|---|---|---|---|005|---|---|---|---|---|---|025|---|---|---|---|---|---|009|---|---|---|---|---|---|021|---|---|---|---|---|---|---|---|---|---|---|---|---|---|---|---|---|---|---|---|---|---|---|---|---|---|---|---|---|---|002|---|011|---|004|008|---|---|000|013|---|---|---|---|---|031|---|024|---|---|016|016|016|---|---|---|---|---|---|---|---|---|---|037|---|---|---|---|---|---|---|---|---|---|---|---|---|---|---|---|---|---|---|---|---|---|---|---|---|---|---|---|---|---|020|---|---|---|---|---|---|---|---|---|---|---|---|---|---|---|---|---|019|---|---|---|---|022|---|---|---|---|---|---|029|---|---|---|---|---|---|---|---|---|---|---|---|---|---|---|006|---|---|---|---|---|---|---|---|---|---|---|---|---|---|006|---|---|---|---|---|---|---|---|---|---|---|014|---|---|---|---|---|---|---|---|---|---|---|---|---|---|---|---|---|---|023|---|---|012|---|---|---|---|---|---|---|---|015|---|---|033|---|---|---|---|---|---|---|---|008|---|---|---|---|---|---|---|---|---|---|---|---|---|---|---|---|---|---|---|---|---|---|---|---|---|015|---|---|---|---|---|010|010|027|027|027|---|036|036|010|010|---|---|---|---|---|---|---|---|---|---|004|034|---|---|005|---|---|---|---|---|---|---|018|---|---|---|---|007|007|030|028|---|---|---|---|---|---|---|---|---|---|---|---|---|---|---|001|---|---|---|---|---|---|---|---|---|
0188: ---|026|---|---|034|---|---|015|015|---|---|---|---|---|---|---|---|---|---|---|009|022|---|---|---|---|---|---|---|---|---|---|---|---|---|---|---|---|---|018|---|---|---|009|---|---|---|---|---|---|---|---|---|---|---|---|---|---|---|---|---|---|---|---|---|---|---|---|---|---|---|---|005|013|---|010|010|---|032|---|---|---|---|---|---|---|037|024|---|---|---|005|027|027|027|---|---|035|---|---|---|---|004|025|---|---|---|---|---|---|---|---|---|---|---|---|---|---|---|---|---|---|---|---|---|---|---|---|---|---|---|---|---|---|---|001|---|---|---|---|---|---|---|---|---|023|---|004|---|---|---|000|---|007|007|---|---|---|008|---|---|---|---|---|---|---|---|---|028|---|000|036|036|---|---|---|---|002|---|---|---|---|---|012|002|---|---|---|---|---|---|---|---|---|---|---|---|---|---|---|---|---|---|---|---|006|---|006|---|---|---|---|---|---|021|---|---|---|---|011|---|---|031|030|---|---|---|---|010|010|---|---|---|---|---|---|---|---|---|---|033|---|---|---|---|---|---|---|---|---|---|---|---|---|---|---|003|---|017|---|---|---|---|---|---|---|---|---|---|---|---|---|---|---|---|---|---|---|---|---|---|---|---|---|---|---|---|---|---|---|---|---|---|---|---|---|---|029|---|---|---|---|---|---|---|---|020|---|---|---|---|---|---|019|---|---|---|---|016|016|016|---|---|---|---|---|---|---|---|---|---|014|---|---|---|---|---|---|---|---|---|---|---|---|---|---|---|---|---|---|---|---|---|---|---|---|---|---|---|---|
0182: 016|016|016|---|---|---|---|---|---|---|---|---|---|010|010|011|---|---|020|028|---|009|---|---|023|---|---|---|---|---|007|007|---|---|---|---|---|---|---|---|---|---|---|---|---|---|---|---|---|---|---|---|006|---|---|---|---|---|---|---|---|---|---|---|---|---|---|---|---|---|---|---|---|008|---|008|---|---|---|---|---|005|003|---|---|---|---|026|---|---|---|---|---|---|---|---|---|---|---|---|---|---|030|---|035|---|---|---|---|---|---|---|---|---|---|---|022|---|---|---|---|---|---|---|---|---|---|---|---|---|---|---|---|---|---|---|---|---|---|---|---|---|---|---|---|036|036|---|015|---|---|004|---|002|---|---|---|---|---|---|014|---|---|---|---|---|002|---|---|013|---|---|---|---|---|---|018|---|---|---|---|---|---|---|---|---|024|---|---|---|---|---|021|---|---|---|---|---|---|---|---|---|---|---|---|---|---|---|---|---|---|---|---|---|---|---|033|---|010|010|---|---|---|---|---|---|---|---|---|---|---|005|019|---|---|---|---|000|---|---|---|---|---|---|---|---|037|---|---|---|---|---|012|---|---|---|004|---|---|---|---|---|029|---|---|---|---|---|---|---|---|---|---|006|---|---|---|---|---|---|---|---|---|---|---|---|---|---|---|---|017|---|---|---|000|---|032|---|---|---|---|---|---|---|034|---|027|027|027|031|---|---|---|009|---|---|---|---|---|---|015|---|---|---|---|---|---|---|---|---|---|---|---|025|---|---|---|---|---|---|---|---|---|---|---|---|---|---|---|---|---|---|---|---|---|---|---|001|---|---|
0174: ---|002|---|015|---|---|---|031|---|012|---|---|---|---|---|---|---|---|---|---|---|---|015|---|---|---|033|---|023|---|---|024|---|---|---|---|---|---|---|017|---|---|---|---|026|---|---|---|---|---|---|---|---|---|---|---|---|---|---|---|---|---|---|---|---|---|---|---|---|---|---|---|---|---|020|---|---|---|---|---|---|025|003|---|009|---|---|---|---|---|---|---|034|---|008|---|027|027|027|---|---|---|018|037|---|---|---|---|004|---|---|---|---|---|---|000|---|---|---|---|---|---|---|---|---|---|---|---|---|---|---|---|---|001|---|---|---|---|---|---|---|---|006|---|---|---|009|---|---|---|---|---|---|---|---|---|---|---|029|---|---|---|010|010|013|---|---|---|---|---|---|---|032|---|---|011|---|---|---|---|---|005|---|---|---|---|036|036|---|---|030|---|---|---|---|---|---|---|---|---|---|---|---|---|---|---|---|---|---|---|---|---|---|---|---|---|---|---|---|---|---|---|---|---|---|035|---|---|---|---|---|---|---|---|---|---|---|---|---|---|---|---|---|---|004|---|---|---|---|---|---|---|---|---|---|---|019|---|---|005|---|---|---|---|---|---|---|---|---|---|---|006|---|---|---|---|---|---|---|---|021|---|---|---|---|---|---|---|---|---|002|---|---|---|---|014|022|---|---|---|---|016|016|016|---|---|---|---|---|007|007|---|---|---|010|010|---|---|000|---|---|---|---|---|---|---|---|---|008|---|---|---|---|---|---|---|---|---|---|---|---|---|---|---|---|---|---|---|---|---|---|---|---|---|---|---|---|---|---|---|
0172: ---|---|---|---|---|---|003|---|---|008|---|---|---|---|---|---|037|---|---|---|---|---|---|---|---|---|009|---|---|---|---|---|---|---|---|---|---|028|---|---|004|---|---|---|---|---|---|---|---|---|---|---|---|---|---|---|---|---|---|---|---|---|---|---|---|---|---|---|---|---|---|---|032|---|---|---|015|---|027|027|027|---|034|---|---|---|---|---|002|---|---|---|007|007|011|---|---|---|023|---|---|---|---|---|---|---|---|---|---|000|---|---|---|---|---|---|---|---|---|---|---|---|---|---|---|---|---|---|---|001|021|---|---|---|---|---|---|---|---|---|---|006|---|---|008|036|036|010|010|---|---|---|---|---|---|---|---|---|---|---|---|---|---|---|020|---|---|---|---|016|016|016|---|---|026|---|---|---|---|---|---|022|015|024|---|---|---|---|---|---|005|---|---|---|---|---|---|---|---|---|---|---|---|---|---|---|---|---|---|---|---|---|---|---|---|---|---|---|---|---|---|---|---|033|---|---|030|---|---|---|---|014|---|---|---|---|---|---|---|---|013|---|---|---|---|---|004|---|---|---|---|---|031|---|---|---|---|---|---|---|---|---|---|---|---|---|---|---|---|---|006|---|---|---|---|---|---|---|---|---|---|---|---|---|---|---|---|---|---|---|017|---|---|---|019|002|009|---|035|---|---|---|---|---|---|---|---|---|025|029|---|---|012|---|010|010|---|---|---|---|---|---|018|---|---|---|---|---|---|---|005|000|---|---|---|---|---|---|---|---|---|---|---|---|---|---|---|---|---|---|---|---|---|---|---|---|---|---|---|---|
0168: ---|---|032|---|---|---|019|---|---|---|033|---|---|---|010|010|---|---|---|---|---|---|---|---|017|---|---|---|---|---|009|---|---|037|---|---|035|---|004|---|031|---|---|008|015|002|---|---|---|---|---|---|---|---|---|---|---|---|---|---|---|---|---|---|---|---|---|---|---|---|---|---|---|---|---|---|---|---|---|027|027|027|---|---|016|016|016|---|---|---|---|---|---|---|---|---|---|---|010|010|---|---|002|014|---|---|---|---|---|---|---|---|023|---|---|---|---|009|---|---|---|---|---|---|---|---|---|---|---|---|---|---|---|---|006|---|---|---|---|---|---|---|---|---|---|---|---|---|---|---|034|---|005|015|008|---|---|---|---|---|005|---|---|022|---|---|---|---|036|036|---|---|---|---|000|---|---|028|---|---|---|---|---|---|---|---|---|---|018|---|---|---|---|---|---|---|---|---|---|---|---|---|---|---|---|---|---|---|---|---|---|---|---|021|---|---|---|---|---|---|---|---|---|---|---|026|024|---|---|---|---|---|---|---|---|---|---|---|030|---|---|---|---|---|---|---|---|013|---|---|---|---|---|---|---|---|---|---|---|---|---|020|004|---|---|---|---|---|---|---|---|---|---|---|---|---|---|006|---|---|---|---|001|---|---|---|---|---|---|---|007|007|---|---|---|---|---|029|---|---|---|---|011|---|---|---|003|---|---|---|---|---|---|---|---|---|012|---|---|---|---|---|---|---|---|---|---|---|---|---|025|---|---|000|---|---|---|---|---|---|---|---|---|---|---|---|---|---|---|---|---|---|---|---|---|---|---|---|---|---|
0166: ---|---|---|011|---|---|035|---|016|016|016|---|004|---|022|---|---|---|---|---|---|---|---|---|---|---|---|---|---|---|---|---|---|---|---|---|---|010|010|---|---|---|---|---|---|---|---|---|---|---|---|---|---|---|---|---|---|---|---|---|---|---|---|---|---|---|---|---|---|---|---|---|---|---|---|032|---|---|015|---|014|---|---|---|013|---|023|030|---|---|---|025|---|034|---|---|---|005|---|---|---|---|---|---|---|---|---|---|---|---|---|---|---|---|---|---|---|015|---|---|---|---|---|---|---|---|---|---|006|---|001|---|---|---|---|---|---|---|---|---|---|---|---|---|002|---|---|---|---|---|---|---|---|---|003|---|---|---|---|---|019|---|---|---|010|010|---|---|---|---|---|005|---|---|---|---|029|---|---|---|---|028|---|---|---|---|---|---|---|---|---|---|---|---|---|---|---|---|---|---|---|---|---|---|---|006|---|---|---|---|---|---|---|---|---|---|---|---|---|---|---|---|017|---|---|---|---|---|009|---|---|000|---|---|---|---|---|---|031|---|---|037|---|---|---|---|---|---|---|---|---|---|---|000|---|---|---|---|---|---|---|024|---|---|---|---|---|---|---|---|---|---|---|---|---|---|---|---|---|---|---|---|---|---|---|---|---|---|---|008|007|007|---|---|---|027|027|027|033|---|026|---|---|---|---|---|002|---|008|012|---|---|020|018|---|---|009|---|---|---|---|---|---|---|---|---|---|036|036|---|---|---|004|---|---|---|---|---|---|---|---|---|---|---|---|021|---|---|---|---|---|---|---|---|---|---|---|---|---|---|
0154: ---|---|---|008|015|---|---|---|---|012|---|---|---|036|036|---|026|---|---|---|031|010|010|---|---|---|---|---|---|---|020|005|004|---|---|---|---|---|017|022|---|---|---|027|027|027|---|---|---|---|---|---|---|---|---|---|---|---|---|---|---|---|---|---|---|---|---|---|---|---|---|---|009|---|010|010|015|---|---|---|---|---|024|---|000|---|---|---|---|---|003|---|---|---|---|---|---|034|---|---|---|---|---|---|---|013|---|---|---|000|---|---|---|---|---|---|---|---|---|---|---|---|---|---|---|---|---|---|---|---|---|---|---|---|---|---|---|---|---|---|---|---|---|---|032|---|---|---|028|---|037|---|019|---|---|---|---|---|008|---|---|---|---|---|---|---|---|---|---|---|---|---|---|---|---|---|---|029|---|---|---|---|---|---|---|---|002|005|018|---|---|---|---|---|---|---|---|---|---|---|---|---|001|---|---|---|---|---|---|---|---|---|---|---|---|---|---|---|---|---|033|---|---|---|007|007|---|---|---|---|---|---|---|---|---|---|---|---|---|---|---|---|---|---|---|---|---|---|---|---|---|---|---|---|---|011|---|---|---|---|---|030|035|---|---|---|---|---|---|---|---|---|---|---|---|---|---|---|---|---|006|---|006|---|---|---|---|---|---|014|---|---|---|---|002|---|---|---|---|---|---|---|---|---|---|---|---|---|---|---|---|---|---|---|---|009|---|---|023|016|016|016|---|---|---|---|---|---|---|---|025|---|004|---|---|---|---|---|---|---|---|---|---|---|---|---|---|---|---|---|---|---|---|---|---|---|---|021|---|---|
0154: 008|---|---|---|017|---|035|---|---|---|---|---|---|---|---|---|---|---|---|---|---|033|011|---|027|027|027|032|---|---|013|---|---|---|004|---|037|---|---|---|---|---|---|---|---|---|---|---|---|---|---|---|---|---|---|---|---|---|---|---|---|---|---|---|---|---|---|---|---|---|---|---|026|---|005|---|012|---|---|---|---|---|---|---|008|---|---|---|---|---|---|---|016|016|016|---|---|---|---|---|---|---|---|---|---|019|---|---|---|---|010|010|---|---|---|---|---|---|009|---|---|---|---|---|---|---|---|---|---|006|---|---|---|---|---|---|---|---|---|---|---|---|---|---|---|030|002|---|009|---|---|---|---|---|028|---|---|---|034|---|---|---|---|---|---|---|---|---|023|---|---|020|005|---|---|010|010|---|---|---|---|---|031|---|---|---|---|002|---|---|---|---|---|---|---|---|---|---|---|---|---|---|006|---|---|---|---|---|---|---|---|---|---|---|---|---|---|024|007|007|---|---|---|---|---|---|---|---|---|---|---|003|---|---|---|---|---|---|---|---|015|---|---|---|---|---|---|---|---|---|---|---|022|---|---|---|---|---|---|015|---|---|---|---|---|---|---|---|---|---|---|---|---|---|---|---|---|---|---|001|---|---|---|---|---|---|---|---|---|---|---|---|---|---|---|---|---|---|---|---|---|000|---|---|004|---|---|---|---|---|---|---|---|---|014|025|---|---|---|---|---|---|---|---|---|---|000|---|---|---|036|036|---|018|029|---|---|---|---|---|---|---|---|---|---|---|---|---|---|---|---|---|---|---|---|021|---|---|---|---|
0154: ---|---|---|---|000|---|---|026|---|037|029|---|027|027|027|---|---|---|033|---|028|---|---|---|003|036|036|---|004|---|---|---|031|---|019|---|---|---|002|---|014|---|---|---|---|---|---|---|---|---|---|---|---|---|---|---|---|---|---|---|---|---|---|---|---|---|---|---|---|---|---|---|---|---|---|---|---|---|---|009|---|---|---|---|---|010|010|035|---|---|---|---|---|022|---|---|---|---|---|020|---|---|---|---|---|030|---|---|012|---|---|---|---|---|018|005|---|---|---|---|---|---|---|---|---|---|---|006|---|---|---|---|---|---|021|---|---|---|---|---|---|---|---|---|005|---|---|---|---|---|---|---|---|---|---|---|010|010|---|---|---|---|---|---|---|---|---|---|---|---|---|000|---|---|---|---|007|007|023|---|---|---|---|004|---|---|---|---|---|---|---|---|---|---|---|---|---|---|---|---|---|---|---|---|---|---|---|---|---|---|---|---|---|---|---|---|---|---|---|---|---|---|---|---|---|025|---|---|---|013|---|---|---|---|---|008|---|017|---|---|---|---|---|---|011|---|---|---|---|---|---|---|---|---|---|---|032|---|---|---|---|---|---|---|---|---|---|---|---|---|---|---|---|---|---|---|---|---|---|---|---|---|---|---|---|---|---|---|---|---|---|---|---|---|---|---|---|---|---|---|015|---|---|---|---|---|---|034|---|002|---|---|---|---|---|024|---|---|---|---|016|016|016|---|---|---|---|009|008|---|---|---|---|---|---|---|---|---|---|---|---|---|---|---|---|---|---|---|001|006|---|---|---|---|---|---|---|---|---|---|
0152: ---|---|---|020|---|---|---|014|004|017|---|---|---|005|---|---|---|---|012|---|---|013|---|---|---|---|031|---|---|---|019|---|---|---|---|---|---|---|---|007|007|---|034|---|---|---|033|---|---|---|---|---|---|---|---|---|---|---|---|---|---|---|---|---|---|---|---|---|---|---|---|---|---|---|---|---|035|---|---|---|---|---|---|---|002|---|015|028|---|---|---|---|---|024|---|---|---|---|---|---|---|---|---|---|---|---|---|---|000|---|---|---|025|---|---|---|---|---|002|---|---|---|---|---|---|---|---|---|---|---|---|---|---|---|---|---|---|---|---|---|---|---|---|---|---|004|---|---|---|---|---|027|027|027|---|---|---|---|016|016|016|---|010|010|---|---|---|---|---|---|010|010|---|---|---|---|018|---|---|---|---|029|---|---|---|---|---|032|---|---|---|---|---|021|---|---|---|---|---|---|---|---|---|---|---|---|---|---|---|---|---|---|---|---|---|---|---|000|---|---|026|---|---|---|---|---|---|---|008|---|---|---|---|---|009|---|---|---|---|---|---|---|---|005|---|---|023|---|---|---|---|---|---|---|---|022|---|---|---|---|036|036|---|---|---|---|---|---|---|---|---|---|---|---|---|---|---|006|---|---|---|---|---|---|---|---|001|---|---|---|---|009|---|---|---|---|---|037|---|---|---|003|---|---|---|---|---|---|---|008|---|---|---|---|030|---|---|---|---|---|---|---|---|---|---|---|---|---|015|---|---|---|---|---|011|---|---|---|---|---|---|---|---|---|---|---|---|---|---|---|---|---|---|---|---|006|---|---|---|---|
0146: 003|---|016|016|016|---|014|011|---|---|---|---|---|---|030|---|---|---|---|008|000|---|---|---|---|---|015|015|---|---|---|---|---|---|---|---|---|---|---|---|---|---|---|---|---|---|---|---|006|---|---|---|---|---|---|006|---|---|---|---|---|---|---|---|---|---|---|---|---|---|---|---|---|---|---|000|022|---|---|---|---|---|---|---|---|---|---|---|---|---|---|---|---|018|---|---|024|---|029|---|---|---|---|---|---|---|---|---|---|---|---|010|010|---|---|028|---|010|010|---|---|---|---|---|---|---|---|---|---|---|---|---|---|---|---|---|---|---|---|---|---|---|---|---|---|---|005|034|---|---|020|---|---|---|023|---|---|---|005|---|---|---|---|002|---|---|---|---|---|---|013|---|---|---|---|---|002|009|---|---|036|036|---|031|025|---|---|---|---|---|---|---|---|---|---|---|---|---|---|---|---|---|---|---|---|---|---|---|---|---|---|---|---|---|---|---|---|---|---|---|009|---|---|---|---|---|019|---|---|---|---|---|---|---|---|---|---|004|026|---|---|---|---|---|---|---|---|---|---|---|035|---|---|037|---|---|---|---|---|---|---|---|---|---|---|---|---|---|001|---|---|---|---|---|---|---|---|---|---|---|---|---|---|---|---|---|---|---|033|---|---|008|---|---|---|---|---|---|---|---|007|007|---|---|---|---|032|027|027|027|---|---|---|---|---|---|---|---|---|004|---|017|---|---|---|---|---|---|---|---|---|---|---|012|---|---|---|---|---|---|---|---|---|---|---|---|---|---|---|---|---|---|---|---|---|021|---|---|---|---|
5000 Generations finished after 12873ms
0990: 027|027|027|---|---|---|004|000|009|---|---|---|019|---|027|---|---|---|034|010|010|---|---|---|023|024|---|---|---|---|015|027|027|---|---|---|012|010|010|---|---|---|016|016|016|---|---|---|006|---|---|---|---|---|---|006|---|---|---|---|006|---|006|---|---|---|006|006|---|---|---|---|032|008|015|004|---|---|016|016|016|---|---|---|020|004|005|015|---|---|011|015|016|016|---|---|036|036|---|---|---|---|016|016|016|---|---|---|007|007|027|---|---|---|017|003|026|---|---|---|006|---|---|---|---|---|---|021|---|---|---|---|---|---|---|---|---|---|---|---|---|006|---|---|027|027|027|---|---|---|018|022|009|027|027|---|000|008|008|---|---|---|005|037|030|015|---|---|031|005|000|---|---|---|015|004|010|010|---|---|010|010|010|010|---|---|027|027|027|---|---|---|---|---|---|---|---|---|---|---|---|006|---|---|---|---|---|---|---|---|---|---|---|---|---|---|010|010|---|009|---|---|---|000|---|---|---|---|---|009|---|---|---|---|036|036|---|---|---|---|---|007|---|---|---|---|025|002|---|---|---|---|014|028|---|---|---|---|008|015|---|---|---|---|---|---|---|---|---|---|---|---|---|---|---|---|---|---|---|---|---|---|006|---|---|---|---|---|027|027|027|---|---|---|009|015|009|005|---|---|029|035|004|---|---|---|010|010|002|---|---|---|033|008|004|009|---|---|027|027|027|---|---|---|002|007|007|---|---|---|000|000|004|---|---|---|001|---|---|---|---|---|---|006|---|---|---|---|---|---|006|006|---|---|006|006|---|---|---|---|
0988: 027|027|027|---|---|---|004|000|009|---|---|---|019|---|027|---|---|---|034|010|010|---|---|---|023|024|---|---|---|---|015|027|027|---|---|---|012|010|010|---|---|---|016|016|016|---|---|---|006|---|---|---|---|---|---|006|---|---|---|---|006|---|006|---|---|---|006|006|---|---|---|---|032|008|015|004|---|---|016|016|016|---|---|---|020|004|005|015|---|---|011|015|016|016|---|---|036|036|---|---|---|---|016|016|016|---|---|---|007|007|027|---|---|---|017|003|026|---|---|---|006|---|---|---|---|---|---|021|---|---|---|---|---|---|---|---|---|---|---|---|---|006|---|---|027|027|027|---|---|---|018|022|009|027|027|---|000|008|008|---|---|---|005|037|030|015|---|---|031|005|000|---|---|---|015|002|010|010|---|---|010|010|010|010|---|---|027|027|027|013|---|---|---|---|---|---|---|---|---|---|---|006|---|---|---|---|---|---|---|---|---|---|---|---|---|---|010|010|---|009|---|---|---|000|---|---|---|---|---|009|---|---|---|---|036|036|---|---|---|---|---|007|---|---|---|---|025|002|---|---|---|---|014|028|---|---|---|---|008|015|---|---|---|---|---|---|---|---|---|---|---|---|---|---|---|---|---|---|---|---|---|---|006|---|---|---|---|---|027|027|027|---|---|---|009|015|009|005|---|---|029|035|004|---|---|---|010|010|002|---|---|---|033|008|004|009|---|---|027|027|027|---|---|---|002|007|007|---|---|---|000|000|004|---|---|---|001|---|---|---|---|---|---|006|---|---|---|---|---|---|006|006|---|---|006|006|---|---|---|---|
0986: 013|009|---|---|---|---|004|000|009|---|---|---|019|027|027|---|---|---|034|010|010|---|---|---|023|024|---|---|---|---|015|027|027|---|---|---|012|010|010|---|---|---|016|016|016|---|---|---|006|---|---|---|---|---|---|006|---|---|---|---|006|---|006|---|---|---|006|006|---|---|---|---|032|008|015|004|---|---|016|016|016|---|---|---|020|004|005|015|---|---|011|015|016|016|---|---|036|036|---|---|---|---|016|016|016|---|---|---|007|007|027|---|---|---|017|003|026|---|---|---|006|---|---|---|---|---|---|021|---|---|---|---|---|---|---|---|---|---|---|---|---|006|---|---|027|027|027|---|---|---|018|022|009|027|027|---|000|008|008|---|---|---|005|037|030|015|---|---|031|005|000|---|---|---|015|---|010|010|---|---|010|010|010|010|---|---|027|027|027|---|---|---|---|---|---|---|---|---|---|---|---|006|---|---|---|---|---|---|---|---|---|---|---|---|---|---|010|010|---|009|---|---|---|000|---|---|---|---|---|009|---|---|---|---|036|036|---|---|---|---|---|007|---|---|---|---|025|002|---|---|---|---|014|028|---|---|---|---|008|015|---|---|---|---|---|---|---|---|---|---|---|---|---|---|---|---|---|---|---|---|---|---|006|---|---|---|---|---|027|027|027|---|---|---|009|015|009|005|---|---|029|035|004|---|---|---|010|010|002|---|---|---|033|008|004|009|---|---|027|027|027|---|---|---|002|007|007|---|---|---|000|000|004|---|---|---|001|---|---|---|---|---|---|006|---|---|---|---|---|---|006|006|---|---|006|006|---|---|---|---|
0982: 027|027|027|---|---|---|004|000|009|---|---|---|019|---|027|---|---|---|034|010|010|---|---|---|023|024|---|---|---|---|015|027|027|---|---|---|012|010|010|---|---|---|016|016|016|---|---|---|006|---|---|---|---|---|---|006|---|---|---|---|006|---|006|---|---|---|006|006|---|---|---|---|032|008|015|004|---|---|016|016|016|---|---|---|020|004|005|015|---|---|011|015|016|016|---|---|036|036|---|---|---|---|016|016|016|---|---|---|007|007|027|---|---|---|017|003|026|---|---|---|006|---|---|---|---|---|---|021|---|---|---|---|---|---|---|---|---|---|---|---|---|006|---|---|027|027|027|---|---|---|018|022|009|027|027|---|000|008|008|---|---|---|005|037|030|015|---|---|031|005|000|---|---|---|015|---|010|010|---|---|010|010|010|010|---|---|027|027|027|---|---|---|---|---|---|---|---|---|---|---|---|006|---|---|---|---|---|---|---|---|---|---|---|---|---|---|010|010|---|009|---|---|---|000|---|---|---|---|---|009|---|---|---|---|036|036|---|---|---|---|---|007|---|---|---|---|025|002|---|---|---|---|014|028|---|---|---|---|008|015|---|---|---|---|---|---|---|---|---|---|---|---|---|---|---|---|---|---|---|---|---|---|006|---|---|---|---|---|027|027|027|---|---|---|009|015|009|005|---|---|029|035|004|---|---|---|010|010|002|---|---|---|033|008|004|009|---|---|027|027|027|---|---|---|002|007|007|---|---|---|000|000|004|---|---|---|001|---|---|---|---|---|---|006|---|---|---|---|---|---|006|006|---|---|006|006|---|---|---|---|
0980: 027|027|027|---|---|---|004|000|009|---|---|---|019|---|027|---|---|---|034|010|010|---|---|---|023|024|---|---|---|---|015|027|027|---|---|---|012|010|010|---|---|---|016|016|016|---|---|---|006|---|---|---|---|---|---|006|---|---|---|---|006|---|006|---|---|---|006|006|---|---|---|---|032|008|015|004|---|---|016|016|016|---|---|---|020|004|005|015|---|---|011|015|016|016|---|---|036|036|---|---|---|---|016|016|016|---|---|---|007|007|027|---|---|---|017|003|026|---|---|---|006|---|---|---|---|---|---|021|---|---|---|---|---|---|---|---|---|---|---|---|---|006|---|---|027|027|027|---|---|---|018|022|009|027|027|---|000|008|008|---|---|---|005|037|030|015|---|---|031|005|000|---|---|---|015|---|010|010|---|---|010|010|010|010|---|---|027|027|027|013|---|---|---|---|---|---|---|---|---|---|---|006|---|---|---|---|---|---|---|---|---|---|---|---|---|---|010|010|---|009|---|---|---|000|---|---|---|---|---|009|---|---|---|---|036|036|---|---|---|---|---|007|---|---|---|---|025|002|---|---|---|---|014|028|---|---|---|---|008|015|---|---|---|---|---|---|---|---|---|---|---|---|---|---|---|---|---|---|---|---|---|---|006|---|---|---|---|---|027|027|027|---|---|---|009|015|009|005|---|---|029|035|004|---|---|---|010|010|002|---|---|---|033|008|004|009|---|---|027|027|027|---|---|---|002|007|007|---|---|---|000|000|004|---|---|---|001|---|---|---|---|---|---|006|---|---|---|---|---|---|006|006|---|---|006|006|---|---|---|---|
0978: 013|---|---|---|---|---|004|000|009|---|---|---|019|027|027|---|---|---|034|010|010|---|---|---|023|024|---|---|---|---|015|027|027|---|---|---|012|010|010|---|---|---|016|016|016|---|---|---|006|---|---|---|---|---|---|006|---|---|---|---|006|---|006|---|---|---|006|006|---|---|---|---|032|008|015|004|---|---|016|016|016|---|---|---|020|004|005|015|---|---|011|015|016|016|---|---|036|036|---|---|---|---|016|016|016|---|---|---|007|007|027|---|---|---|017|003|026|---|---|---|006|---|---|---|---|---|---|021|---|---|---|---|---|---|---|---|---|---|---|---|---|006|---|---|027|027|027|---|---|---|018|022|009|027|027|---|000|008|008|---|---|---|005|037|030|015|---|---|031|005|000|---|---|---|015|---|010|010|---|---|010|010|010|010|---|---|027|027|027|---|---|---|---|---|---|---|---|---|---|---|---|006|---|---|---|---|---|---|---|---|---|---|---|---|---|---|010|010|---|009|---|---|---|000|---|---|---|---|---|009|---|---|---|---|036|036|---|---|---|---|---|007|---|---|---|---|025|002|---|---|---|---|014|028|---|---|---|---|008|015|---|---|---|---|---|---|---|---|---|---|---|---|---|---|---|---|---|---|---|---|---|---|006|---|---|---|---|---|027|027|027|---|---|---|009|015|009|005|---|---|029|035|004|---|---|---|010|010|002|---|---|---|033|008|004|009|---|---|027|027|027|---|---|---|002|007|007|---|---|---|000|000|004|---|---|---|001|---|---|---|---|---|---|006|---|---|---|---|---|---|006|006|---|---|006|006|---|---|---|---|
0978: 013|---|---|---|---|---|004|000|009|---|---|---|019|027|027|---|---|---|034|010|010|---|---|---|023|024|---|---|---|---|015|027|027|---|---|---|012|010|010|---|---|---|016|016|016|---|---|---|006|---|---|---|---|---|---|006|---|---|---|---|006|---|006|---|---|---|006|006|---|---|---|---|032|008|015|004|---|---|016|016|016|---|---|---|020|004|005|015|---|---|011|015|016|016|---|---|036|036|---|---|---|---|016|016|016|---|---|---|007|007|027|---|---|---|017|---|026|---|003|---|006|---|---|---|---|---|---|021|---|---|---|---|---|---|---|---|---|---|---|---|---|006|---|---|027|027|027|---|---|---|018|015|009|027|027|---|000|008|008|---|---|---|005|037|030|015|---|---|031|005|000|---|---|---|015|---|010|010|---|---|010|010|010|010|---|---|027|027|027|---|---|---|---|---|---|---|---|---|---|---|---|006|---|---|---|---|---|---|---|---|---|---|---|---|---|---|010|010|---|009|---|---|---|000|---|---|---|---|022|009|010|010|---|---|036|036|---|---|---|---|---|007|---|---|---|---|025|002|---|---|---|---|014|028|---|---|---|---|008|015|---|---|---|---|---|---|---|---|---|---|---|---|---|---|---|---|---|---|---|---|---|---|006|---|---|---|---|---|027|027|027|---|---|---|009|015|009|005|---|---|029|035|004|---|---|---|010|010|002|---|---|---|033|008|004|009|---|---|027|027|027|---|---|---|002|007|007|---|---|---|000|000|004|---|---|---|001|---|---|---|---|---|---|006|---|---|---|---|---|---|006|006|---|---|006|006|---|---|---|---|
0976: 027|027|027|---|---|---|004|000|009|---|---|---|019|005|027|---|---|---|034|010|010|---|---|---|023|024|030|---|---|---|015|027|027|---|---|---|012|010|010|---|---|---|016|016|016|---|---|---|006|---|---|---|---|---|---|006|---|---|---|---|006|---|006|---|---|---|006|006|---|---|---|---|032|008|015|004|---|---|016|016|016|---|---|---|020|004|---|015|---|---|011|015|016|016|---|---|036|036|---|---|---|---|016|016|016|---|---|---|007|007|027|---|---|---|017|003|026|---|---|---|006|---|---|---|---|---|---|021|---|---|---|---|---|---|---|---|---|---|---|---|---|006|---|---|027|027|027|---|---|---|018|022|009|027|027|---|000|008|008|---|---|---|005|037|---|015|---|---|031|005|000|---|---|---|015|---|010|010|---|---|010|010|010|010|---|---|027|027|027|---|---|---|---|---|---|---|---|---|---|---|---|006|---|---|---|---|---|---|---|---|---|---|---|---|---|---|010|010|---|009|---|---|---|---|---|---|---|---|---|009|---|---|---|---|036|036|---|---|---|---|---|007|---|---|---|---|025|002|---|---|---|---|014|028|---|---|---|---|008|015|---|000|---|---|---|---|---|---|---|---|---|---|---|---|---|---|---|---|---|---|---|---|006|---|---|---|---|---|027|027|027|---|---|---|009|015|009|005|---|---|029|035|004|---|---|---|010|010|002|---|---|---|033|008|004|009|---|---|027|027|027|---|---|---|002|007|007|---|---|---|000|000|004|---|---|---|001|---|---|---|---|---|---|006|---|---|---|---|---|---|006|006|---|---|006|006|---|---|---|---|
0976: 013|---|---|---|---|---|004|000|009|---|---|---|019|027|027|---|---|---|034|010|010|---|---|---|023|024|---|---|---|---|015|027|027|---|---|---|012|010|010|---|---|---|016|016|016|---|---|---|006|---|---|---|---|---|---|006|---|---|---|---|006|---|006|---|---|---|006|006|---|---|---|---|032|008|015|004|---|---|016|016|016|---|---|---|020|004|005|015|---|---|011|015|016|016|---|---|036|036|---|---|---|---|016|016|016|---|---|---|007|007|027|---|---|---|017|---|026|---|003|---|006|---|---|---|---|---|---|021|---|---|---|---|---|---|---|---|---|---|---|---|---|006|---|---|027|027|027|---|---|---|018|015|009|027|027|---|000|008|008|---|---|---|005|037|030|015|---|---|031|005|000|---|---|---|015|---|010|010|---|---|010|010|010|010|---|---|027|027|027|---|---|---|---|---|---|---|---|---|---|---|---|006|---|---|---|---|---|---|---|---|---|---|---|---|---|---|010|010|---|009|---|---|---|000|---|---|---|---|022|009|---|---|---|---|036|036|---|---|---|---|---|007|---|---|---|---|025|002|---|---|---|---|014|028|---|---|---|---|008|015|---|---|---|---|---|---|---|---|---|---|---|---|---|---|---|---|---|---|---|---|---|---|006|---|---|---|---|---|027|027|027|---|---|---|009|015|009|005|---|---|029|035|004|---|---|---|010|010|002|---|---|---|033|008|004|009|---|---|027|027|027|---|---|---|002|007|007|---|---|---|000|000|004|---|---|---|001|---|---|---|---|---|---|006|---|---|---|---|---|---|006|006|---|---|006|006|---|---|---|---|
0976: 027|027|027|---|---|---|004|000|009|---|---|---|019|---|027|---|---|---|034|010|010|---|---|---|023|024|030|---|---|---|015|027|027|---|---|---|012|010|010|---|---|---|016|016|016|---|---|---|006|---|---|---|---|---|---|006|---|---|---|---|006|---|006|---|---|---|006|006|---|---|---|---|032|008|015|004|---|---|016|016|016|---|---|---|020|004|005|015|---|---|011|015|016|016|---|---|036|036|013|---|---|---|016|016|016|---|---|---|007|007|027|---|---|---|017|003|026|---|---|---|006|---|---|---|---|---|---|021|---|---|---|---|---|---|---|---|---|---|---|---|---|006|---|---|027|027|027|---|---|---|018|022|009|027|027|---|000|008|008|---|---|---|005|037|---|015|---|---|031|005|000|---|---|---|015|---|010|010|---|---|010|010|010|010|---|---|027|027|027|---|---|---|---|---|---|---|---|---|---|---|---|006|---|---|---|---|---|---|---|---|---|---|---|---|---|---|010|010|---|009|---|---|---|---|---|---|---|---|---|009|---|---|---|---|036|036|---|---|---|---|---|007|---|---|---|---|025|002|---|---|---|---|014|028|---|---|---|---|008|015|---|000|---|---|---|---|---|---|---|---|---|---|---|---|---|---|---|---|---|---|---|---|006|---|---|---|---|---|027|027|027|---|---|---|009|015|009|005|---|---|029|035|004|---|---|---|010|010|002|---|---|---|033|008|004|009|---|---|027|027|027|---|---|---|002|007|007|---|---|---|000|000|004|---|---|---|001|---|---|---|---|---|---|006|---|---|---|---|---|---|006|006|---|---|006|006|---|---|---|---|
0974: 013|009|---|---|---|---|004|000|009|---|---|---|019|027|027|---|---|---|034|010|010|---|---|---|023|024|---|---|---|---|015|027|027|---|---|---|012|010|010|---|---|---|016|016|016|---|---|---|006|---|---|---|---|---|---|006|---|---|---|---|006|---|006|---|---|---|006|006|---|---|---|---|032|008|015|004|---|---|016|016|016|---|---|---|020|004|005|015|---|---|011|015|016|016|---|---|036|036|---|---|---|---|016|016|016|---|---|---|007|007|027|---|---|---|017|003|026|---|---|---|006|---|---|---|---|---|---|021|---|---|---|---|---|---|---|---|---|---|---|---|---|006|---|---|027|027|027|---|---|---|018|022|009|027|027|---|000|008|008|---|---|---|005|037|030|015|---|---|031|005|000|---|---|---|015|---|010|010|---|---|010|010|010|010|---|---|027|027|027|---|---|---|---|---|---|---|---|---|---|---|---|006|---|---|---|---|---|---|---|---|---|---|---|---|---|---|010|010|---|009|---|---|---|000|---|---|---|---|---|009|---|---|---|---|036|036|---|---|---|---|---|007|---|---|---|---|025|002|---|---|---|---|014|028|---|---|---|---|008|015|---|---|---|---|---|---|---|---|---|---|---|---|---|---|---|---|---|---|---|---|---|---|006|---|---|---|---|---|027|027|027|---|035|---|009|015|009|005|---|---|029|---|004|---|---|---|010|010|002|---|---|---|033|008|004|009|---|---|027|027|027|---|---|---|002|007|007|---|---|---|000|000|004|---|---|---|001|---|---|---|---|---|---|006|---|---|---|---|---|---|006|006|---|---|006|006|---|---|---|---|
0974: 013|---|---|---|---|---|004|000|009|---|---|---|019|027|027|---|---|---|034|010|010|---|---|---|023|024|---|---|---|---|015|027|027|---|---|---|012|010|010|---|---|---|016|016|016|---|---|---|006|---|---|---|---|---|---|006|---|---|---|---|006|---|006|---|---|---|006|006|---|---|---|---|032|008|015|004|---|---|016|016|016|---|---|---|020|004|005|015|---|---|011|015|016|016|---|---|036|036|---|---|---|---|016|016|016|---|---|---|007|007|027|---|---|---|017|003|026|---|---|---|006|---|---|---|---|---|---|021|---|---|---|---|---|---|---|---|---|---|---|---|---|006|---|---|027|027|027|---|---|---|018|022|009|027|027|---|000|008|008|---|---|---|005|037|030|015|---|---|031|005|000|---|---|---|015|---|010|010|---|---|010|010|010|010|---|---|027|027|027|---|---|---|---|---|---|---|---|---|---|---|---|006|---|---|---|---|---|---|---|---|---|---|---|---|---|---|010|010|---|009|---|---|---|000|---|---|---|---|---|009|---|---|---|---|036|036|---|---|---|---|---|007|---|---|---|---|025|002|---|---|---|---|014|028|---|---|002|---|008|015|---|---|---|---|---|---|---|---|---|---|---|---|---|---|---|---|---|---|---|---|---|---|006|---|---|---|---|---|027|027|027|---|---|---|009|015|009|005|---|---|029|035|004|---|---|---|010|010|002|---|---|---|033|008|004|009|---|---|027|027|027|---|---|---|002|007|007|---|---|---|000|000|004|---|---|---|001|---|---|---|---|---|---|006|---|---|---|---|---|---|006|006|---|---|006|006|---|---|---|---|
0974: 027|027|027|---|---|---|004|000|009|---|---|---|019|---|027|---|---|---|034|010|010|---|---|---|023|---|030|---|---|---|015|027|027|---|---|---|012|010|010|---|---|---|016|016|016|---|---|---|006|---|---|---|---|---|---|006|---|---|---|---|006|---|006|---|---|---|006|006|---|---|---|---|032|008|015|004|---|---|016|016|016|---|---|---|020|004|005|015|---|---|011|015|016|016|---|---|036|036|---|---|---|---|016|016|016|---|---|---|007|007|027|---|---|---|017|003|026|---|---|---|006|---|---|---|---|---|---|021|---|---|---|---|---|---|---|---|---|---|---|---|---|006|---|---|027|027|027|---|---|---|018|022|009|027|027|---|000|008|008|---|---|---|005|037|---|015|---|---|031|005|000|---|---|---|015|---|010|010|---|---|010|010|010|010|---|---|027|027|027|---|---|---|---|---|---|---|---|---|---|---|---|006|---|---|---|---|---|---|---|---|---|---|---|---|---|---|010|010|---|009|---|---|024|---|---|---|---|---|---|009|---|---|---|---|036|036|---|---|---|---|---|007|---|---|---|---|025|002|---|---|---|---|014|028|---|---|---|---|008|015|---|000|---|---|---|---|---|---|---|---|---|---|---|---|---|---|---|---|---|---|---|---|006|---|---|---|---|---|027|027|027|---|---|---|009|015|009|005|---|---|029|035|004|---|---|---|010|010|002|---|---|---|033|008|004|009|---|---|027|027|027|---|---|---|002|007|007|---|---|---|000|000|004|---|---|---|001|---|---|---|---|---|---|006|---|---|---|---|---|---|006|006|---|---|006|006|---|---|---|---|
0974: 013|036|036|---|---|---|004|000|009|---|---|---|019|027|027|---|---|---|034|010|010|010|010|---|023|024|---|---|---|---|015|027|027|---|---|---|012|010|010|---|---|---|016|016|016|---|---|---|006|---|---|---|---|---|---|006|---|---|---|---|006|---|006|---|---|---|006|006|---|---|---|---|032|008|015|004|---|---|016|016|016|---|---|---|020|004|005|015|---|---|011|015|016|016|---|---|---|036|---|---|---|---|016|016|016|---|---|---|007|007|027|---|---|---|017|---|026|---|003|---|006|---|---|---|---|---|---|021|---|---|---|---|---|---|---|---|---|---|---|---|---|006|---|---|027|027|027|---|---|---|018|015|009|027|027|---|000|008|008|---|---|---|005|037|030|015|---|---|031|005|000|---|---|---|015|---|010|010|---|---|010|010|010|010|---|---|027|027|027|---|---|---|---|---|---|---|---|---|---|---|---|006|---|---|---|---|---|---|---|---|---|---|---|---|---|---|010|010|---|009|---|---|---|000|---|---|---|---|022|009|010|010|---|---|036|036|---|---|---|---|---|007|---|---|---|---|025|002|---|---|---|---|014|028|---|---|---|---|008|015|---|---|---|---|---|---|---|---|---|---|---|---|---|---|---|---|---|---|---|---|---|---|006|---|---|---|---|---|027|027|027|---|---|---|009|015|009|005|---|---|029|035|004|---|---|---|010|010|002|---|---|---|033|008|004|009|---|---|027|027|027|---|---|---|002|007|007|---|---|---|000|000|004|---|---|---|001|---|---|---|---|---|---|006|---|---|---|---|---|---|006|006|---|---|006|006|---|---|---|---|
0972: 027|027|027|---|---|---|004|000|009|---|---|---|019|---|027|---|---|---|034|010|010|---|---|---|023|024|030|---|---|---|015|027|027|---|---|---|012|010|010|---|---|---|016|016|016|---|---|---|006|---|---|---|---|---|---|006|---|---|---|---|006|---|006|---|---|---|006|006|---|---|---|---|032|008|015|004|---|---|016|016|016|---|---|---|020|004|005|015|---|---|011|015|016|016|---|---|036|036|---|---|---|---|016|016|016|---|---|---|007|007|027|---|---|---|017|003|026|---|---|---|006|---|---|---|---|---|---|021|---|---|---|---|---|---|---|---|---|---|---|---|---|006|---|---|027|027|027|---|---|---|018|022|009|027|027|---|000|008|008|---|---|---|005|037|---|015|---|---|031|005|000|---|---|---|015|---|010|010|---|---|010|010|010|010|---|---|027|027|027|---|---|---|---|---|---|---|---|---|---|---|---|006|---|---|---|---|---|---|---|---|---|---|---|---|---|---|010|010|---|009|---|---|---|---|---|---|---|---|---|009|---|---|---|---|036|036|---|---|---|---|---|007|---|---|---|---|025|002|---|---|---|---|014|028|---|---|---|---|008|015|---|000|---|---|---|---|---|---|---|---|---|---|---|---|---|---|---|---|---|---|---|---|006|---|---|---|---|---|027|027|027|---|---|---|009|015|009|005|---|---|029|035|004|---|---|---|010|010|002|---|---|---|033|008|004|009|---|---|027|027|027|---|---|---|002|007|007|---|---|---|000|000|004|---|---|---|001|---|---|---|---|---|---|006|---|---|---|---|---|---|006|006|---|---|006|006|---|---|---|---|
0972: 013|---|---|---|---|---|004|000|009|---|---|---|019|027|027|---|---|---|034|010|010|---|---|---|---|024|023|---|---|---|015|027|027|---|---|---|012|010|010|---|---|---|016|016|016|---|---|---|006|---|---|---|---|---|---|006|---|---|---|---|006|---|006|---|---|---|006|006|---|---|---|---|032|008|015|004|---|---|016|016|016|---|---|---|020|004|005|015|---|---|011|015|016|016|---|---|036|036|---|---|---|---|016|016|016|---|---|---|007|007|027|---|---|---|017|---|026|---|003|---|006|---|---|---|---|---|---|021|---|---|---|---|---|---|---|---|---|---|---|---|---|006|---|---|027|027|027|---|---|---|018|015|009|027|027|---|000|008|008|---|---|---|005|037|030|015|---|---|031|005|000|---|---|---|015|---|010|010|---|---|010|010|010|010|---|---|027|027|027|---|---|---|---|---|---|---|---|---|---|---|---|006|---|---|---|---|---|---|---|---|---|---|---|---|---|---|010|010|---|009|---|---|---|000|---|---|---|---|022|009|010|010|---|---|036|036|---|---|---|---|---|007|---|---|---|---|025|002|---|---|---|---|014|028|---|---|---|---|008|015|---|---|---|---|---|---|---|---|---|---|---|---|---|---|---|---|---|---|---|---|---|---|006|---|---|---|---|---|027|027|027|---|---|---|009|015|009|005|---|---|029|035|004|---|---|---|010|010|002|---|---|---|033|008|004|009|---|---|027|027|027|---|---|---|002|007|007|---|---|---|000|000|004|---|---|---|001|---|---|---|---|---|---|006|---|---|---|---|---|---|006|006|---|---|006|006|---|---|---|---|
0972: 013|---|---|---|---|---|004|000|009|---|---|---|019|027|027|---|---|---|034|010|010|010|010|---|023|024|---|---|---|---|015|027|027|---|---|---|012|010|010|---|---|---|016|016|016|---|---|---|006|---|---|---|---|---|---|006|---|---|---|---|006|---|006|---|---|---|006|006|---|---|---|---|032|008|015|004|---|---|016|016|016|---|---|---|020|004|005|015|---|---|011|015|016|016|---|---|036|036|---|---|---|---|016|016|016|---|---|---|007|007|027|---|---|---|017|---|026|---|003|---|006|---|---|---|---|---|---|021|---|---|---|---|---|---|---|---|---|---|001|---|---|006|---|---|027|027|027|---|---|---|018|015|009|027|027|---|000|008|008|---|---|---|005|037|030|015|---|---|031|005|000|---|---|---|015|---|010|010|---|---|010|010|010|010|---|---|027|027|027|---|---|---|---|---|---|---|---|---|---|---|---|006|---|---|---|---|---|---|---|---|---|---|---|---|---|---|010|010|---|009|---|---|---|000|---|---|---|---|022|009|010|010|---|---|036|036|---|---|---|---|---|007|---|---|---|---|025|002|---|---|---|---|014|028|---|---|---|---|008|015|---|---|---|---|---|---|---|---|---|---|---|---|---|---|---|---|---|---|---|---|---|---|006|---|---|---|---|---|027|027|027|---|---|---|009|015|009|005|---|---|029|035|004|---|---|---|010|010|002|---|---|---|033|008|004|009|---|---|027|027|027|---|---|---|002|007|007|---|---|---|000|000|004|---|---|---|---|---|---|---|---|---|---|006|---|---|---|---|---|---|006|006|---|---|006|006|---|---|---|---|
0972: 013|---|---|---|---|---|004|000|009|---|---|---|019|027|027|---|---|---|034|010|010|010|010|---|023|024|---|---|---|---|015|027|027|---|---|---|012|010|010|---|---|---|016|016|016|---|---|---|006|---|---|---|---|---|---|006|---|---|---|---|006|---|006|---|---|---|006|006|---|---|---|---|032|008|015|004|---|---|016|016|016|---|---|---|020|004|005|015|---|---|011|015|016|016|---|---|036|036|---|---|---|---|016|016|016|---|---|---|007|007|027|---|---|---|017|---|026|---|003|---|006|---|---|---|---|---|---|021|---|---|---|---|---|---|---|---|---|---|---|---|---|006|---|---|027|027|027|---|---|---|018|015|009|027|027|---|000|008|008|---|---|---|005|037|030|015|---|---|031|005|000|---|---|---|015|---|010|010|---|---|010|010|010|010|---|---|027|027|027|---|---|---|---|---|---|---|---|---|---|---|---|006|---|---|---|---|---|---|---|---|---|---|---|---|---|---|010|010|---|009|---|---|---|000|---|---|---|---|022|009|010|010|---|---|036|036|---|---|---|---|---|007|---|---|---|---|025|002|---|---|---|---|014|028|---|---|---|---|008|015|---|---|---|---|---|---|---|---|---|---|---|---|---|---|---|---|---|---|---|---|---|---|006|---|---|---|---|---|027|027|027|---|---|---|009|015|009|005|---|---|029|035|004|---|---|---|010|010|002|---|---|---|033|008|004|009|---|---|027|027|027|---|---|---|002|007|007|---|---|---|000|000|004|---|---|---|001|---|---|---|---|---|---|006|---|---|---|---|---|---|006|006|---|---|006|006|---|---|---|---|
0972: 013|027|027|027|---|---|004|000|---|---|---|---|019|---|027|---|---|---|034|010|010|---|000|---|023|024|---|---|---|---|015|027|027|---|---|---|012|010|010|---|---|---|016|016|016|---|---|---|006|---|---|---|---|---|---|006|---|---|---|---|006|---|006|---|---|---|---|---|---|---|---|---|032|008|015|004|---|---|016|016|016|---|---|---|020|004|---|---|---|---|011|003|016|016|---|---|036|036|---|---|---|---|016|016|016|---|---|---|007|007|027|---|---|---|005|028|---|---|---|---|006|---|---|---|---|---|---|021|---|---|---|---|006|---|---|---|---|---|---|---|---|006|---|---|027|027|027|---|---|---|018|022|009|027|027|---|000|008|008|---|---|---|005|037|---|015|---|---|031|005|000|---|---|---|015|---|010|010|---|---|010|010|010|010|---|---|027|027|027|---|---|---|---|---|---|---|---|---|---|---|---|006|---|---|---|---|---|---|---|---|---|---|---|---|---|---|010|010|---|009|---|---|---|017|---|---|---|---|030|009|---|---|---|---|036|036|010|010|---|---|026|007|---|---|---|---|025|002|---|015|---|---|014|002|---|---|---|---|---|015|---|---|---|---|---|---|---|---|---|---|001|---|---|---|---|---|---|---|---|---|---|---|006|---|---|---|---|---|027|027|027|---|---|---|009|015|009|005|---|---|029|035|004|---|---|---|010|010|002|---|---|---|033|008|004|---|---|---|027|027|027|---|---|---|002|007|007|---|---|---|000|000|---|---|---|---|---|---|---|---|---|---|---|---|---|---|---|---|006|006|006|006|---|---|006|006|---|---|---|---|
0970: 016|016|016|---|---|---|004|000|009|---|---|---|019|027|027|---|---|---|034|010|010|---|---|---|023|024|---|---|---|---|015|027|027|---|---|---|012|010|010|---|---|---|---|016|016|---|---|---|006|---|---|---|---|---|---|006|---|---|---|---|006|---|006|---|---|---|006|006|---|---|---|---|032|008|015|004|---|---|016|016|016|---|---|---|020|004|005|015|---|---|011|015|016|016|---|---|036|036|---|---|---|---|016|016|016|---|---|---|007|007|027|---|---|---|017|---|026|---|---|---|006|---|---|---|---|---|---|021|---|---|---|---|---|---|---|---|---|---|---|---|---|006|---|---|027|027|027|---|---|---|018|022|009|027|027|---|000|008|008|---|---|---|005|037|030|015|---|---|031|005|000|---|---|---|015|---|010|010|---|---|010|010|010|010|---|---|027|027|027|---|---|---|---|---|---|---|---|---|---|---|---|006|---|---|---|---|---|---|---|---|---|---|---|---|---|---|010|010|---|009|---|---|003|---|---|---|---|---|---|009|---|---|---|---|036|036|---|---|---|---|---|007|---|---|000|---|025|002|---|---|---|---|014|028|---|---|---|---|008|015|---|---|---|---|---|---|---|---|---|---|---|---|---|---|---|---|---|---|---|---|---|---|006|---|---|---|---|---|027|027|027|---|---|---|009|015|009|005|---|---|029|035|004|---|---|---|010|010|002|---|---|---|033|008|004|009|---|---|027|027|027|---|---|---|002|007|007|---|---|---|000|000|004|---|---|---|001|---|---|---|---|---|---|006|---|---|---|---|---|---|006|006|---|---|006|006|---|---|---|---|
######################
Alle Professoren
Tag 0---------------
---
---
---
---
---
---
---
Raum E203
---
---
---
---
---
---
---
---
---
---
---
---
---
---
---
---
---
---
---
---
---
---
---
---
---
---
---
---
---
Raum E304
---
---
---
---
---
---
---
---
---
---
---
---
---
---
---
---
---
---
---
---
---
---
---
---
---
---
---
---
---
---
---
---
---
---
Tag 1---------------
---
---
---
---
---
---
---
---
---
---
---
---
---
---
---
---
---
---
---
---
---
---
---
---
---
---
---
---
---
---
---
---
---
---
---
---
---
---
---
---
---
---
---
---
---
---
---
---
---
---
---
---
---
---
---
---
---
---
---
---
---
---
---
---
---
---
---
---
---
---
---
---
Tag 2---------------
---
---
---
---
---
---
---
---
---
---
---
---
Raum E213
---
---
---
---
---
---
---
---
---
---
---
---
---
Raum E302
---
---
---
---
---
---
---
---
---
---
---
---
---
---
---
---
---
---
---
---
---
---
---
---
---
---
---
---
---
---
---
---
---
---
---
---
---
---
---
---
---
---
---
---
---
Tag 3---------------
---
---
---
---
---
---
---
Raum E203
---
---
---
---
---
---
---
---
---
---
---
---
---
---
---
---
---
---
---
---
---
---
---
---
---
---
---
---
---
---
---
---
---
---
---
---
---
---
---
---
---
---
---
---
---
---
---
---
---
---
---
---
---
---
---
---
---
---
---
---
---
---
---
---
Tag 4---------------
---
---
---
---
---
---
---
---
---
---
---
---
---
---
---
---
---
---
---
---
---
---
---
---
---
---
---
---
---
---
---
---
---
---
---
---
---
---
---
---
---
---
Raum E305
Raum E305
---
---
---
---
---
---
---
---
---
---
---
---
---
---
---
---
---
---
---
---
---
---
---
---
---
---
---
---

######################

Tag 0---------------
---
---
---
---
---
---
---
---
---
---
---
---
---
---
---
---
---
---
---
---
---
---
---
---
---
---
---
---
---
---
---
---
---
---
---
---
---
---
---
---
---
---
---
---
---
---
---
---
---
---
---
---
---
---
---
---
---
---
---
---
---
---
---
---
---
---
---
---
---
---
---
---
Tag 1---------------
---
---
---
---
---
---
---
---
---
---
---
---
---
---
---
---
---
---
---
---
---
---
---
---
---
---
---
---
---
---
---
---
---
---
---
---
---
---
---
---
---
---
---
---
---
---
---
---
---
---
---
---
---
---
---
---
---
---
---
---
---
---
---
---
---
---
---
---
---
---
---
---
Tag 2---------------
---
---
---
---
---
---
---
---
---
---
---
---
---
---
---
---
---
---
---
---
---
---
---
---
---
---
---
---
---
---
---
---
---
---
---
---
---
---
---
---
---
---
---
---
---
---
---
---
---
---
---
---
---
---
---
---
---
---
---
---
---
---
---
---
---
---
---
---
---
---
---
---
Tag 3---------------
---
---
---
---
---
---
---
---
---
---
---
---
---
---
---
---
---
---
---
---
---
---
---
---
---
---
---
---
---
---
---
---
---
---
---
---
---
---
---
---
---
---
---
---
---
---
---
---
---
---
---
---
---
---
---
---
---
---
---
---
---
---
---
---
---
---
---
---
---
---
---
---
Tag 4---------------
---
---
---
---
---
---
---
---
---
---
---
---
---
---
---
---
---
---
---
---
---
---
---
---
---
---
---
---
---
---
---
---
---
---
---
---
---
---
---
---
---
---
---
---
---
---
---
---
Raum LI008
---
---
---
---
---
---
---
---
---
---
---
---
---
---
---
---
---
---
---
---
---
---
---

######################
!!Noch nicht angelegt
Tag 0---------------
---
---
---
---
---
---
---
---
---
---
---
---
---
---
---
---
---
---
---
---
---
---
---
---
---
---
---
---
---
---
---
---
---
---
---
---
---
Raum E304
---
---
---
---
---
---
---
---
---
---
---
---
---
---
---
---
---
---
---
---
---
---
---
---
---
---
---
---
---
---
---
---
---
---
Tag 1---------------
---
---
---
---
---
---
---
---
---
---
---
---
---
---
---
---
---
---
---
---
---
---
---
---
---
---
---
---
---
---
---
---
---
---
---
---
---
---
---
---
---
---
---
---
---
---
---
---
---
---
---
---
---
---
---
---
---
---
---
---
---
---
---
---
---
---
---
---
---
---
---
---
Tag 2---------------
---
---
---
---
---
---
---
---
---
---
---
---
---
---
---
---
---
---
---
---
---
---
---
---
---
---
---
---
---
---
---
---
---
---
---
---
---
---
---
---
---
---
---
---
---
---
---
---
---
---
---
---
---
---
---
---
---
---
---
---
---
---
---
---
---
---
---
---
---
---
---
---
Tag 3---------------
---
---
---
---
---
---
---
---
---
---
---
---
---
---
---
---
---
---
---
---
---
---
---
---
---
---
---
---
---
---
---
Raum E303
---
---
---
---
---
---
---
---
---
---
---
---
---
---
---
---
---
---
---
---
---
---
---
---
---
---
---
---
---
---
---
---
---
---
---
---
---
---
---
---
Tag 4---------------
---
---
---
---
---
---
---
---
---
---
---
---
---
---
---
---
---
---
---
---
Raum E301
---
---
---
---
---
---
---
---
---
---
---
---
---
---
---
Raum E304
---
---
---
---
---
---
---
---
---
---
---
---
---
---
---
---
---
---
---
---
---
---
---
---
---
---
---
---
---
---
---
---
---
---
---

######################
Bröckl
Tag 0---------------
---
---
---
---
---
---
---
---
---
---
---
---
---
---
---
---
---
---
---
---
---
---
---
---
---
---
---
---
---
---
---
---
---
---
---
---
---
---
---
---
---
---
---
---
---
---
---
---
---
---
---
---
---
---
---
---
---
---
---
---
---
---
---
---
---
---
---
---
---
---
---
---
Tag 1---------------
---
---
---
---
---
---
---
---
---
---
---
---
---
---
---
---
---
---
---
---
---
---
---
---
---
---
---
---
---
---
---
---
---
---
---
---
---
---
---
---
---
---
---
Raum E305
---
---
---
---
---
---
---
---
---
---
---
---
---
---
---
---
---
---
---
---
---
---
---
---
---
---
---
---
Tag 2---------------
---
---
---
---
---
---
---
---
---
---
---
---
---
---
---
---
---
---
---
---
---
---
---
---
---
---
---
---
---
---
---
---
---
---
---
---
---
---
---
---
---
---
---
---
---
---
---
---
---
---
---
---
---
---
---
---
---
---
---
---
---
---
---
---
---
---
---
---
---
---
---
---
Tag 3---------------
---
---
---
---
---
---
---
---
---
---
---
---
---
---
---
---
---
---
---
---
---
---
---
---
---
---
---
---
---
---
---
---
---
---
---
---
---
---
---
---
---
---
---
---
---
---
---
---
---
---
---
---
---
---
---
---
---
---
---
---
---
---
---
---
---
---
---
---
---
---
---
---
Tag 4---------------
---
---
---
---
---
---
---
---
---
---
---
---
---
---
---
---
---
---
---
---
---
---
---
---
---
---
---
---
---
---
---
---
---
---
---
---
---
---
---
---
---
---
---
---
---
---
---
---
---
---
---
---
---
---
---
---
---
---
---
---
---
---
---
---
---
---
---
---
---
---
---
---

######################
Ditzinger
Tag 0---------------
---
---
---
---
---
---
Raum E203
---
---
---
---
---
---
---
---
---
---
---
---
---
---
---
---
---
---
---
---
---
---
---
---
---
---
---
---
---
---
---
---
---
---
---
---
---
---
---
---
---
---
---
---
---
---
---
---
---
---
---
---
---
---
---
---
---
---
---
---
---
---
---
---
---
Tag 1---------------
---
---
---
Raum E201
---
---
---
---
---
---
---
---
---
Raum E213
---
---
---
---
---
---
---
---
---
---
---
---
---
---
---
---
---
---
---
---
---
---
---
---
---
---
---
---
---
---
---
---
---
---
---
---
---
---
---
---
---
---
---
---
---
---
---
---
---
---
---
---
---
---
---
---
---
---
Tag 2---------------
---
---
---
---
---
---
---
---
---
---
---
---
---
---
---
---
---
---
---
---
---
---
---
---
---
---
---
---
---
---
---
Raum E303
---
---
---
---
---
---
---
---
---
---
---
---
---
---
---
---
---
---
---
---
---
---
---
---
---
---
---
---
---
---
---
---
---
---
---
---
---
---
---
---
Tag 3---------------
---
---
---
---
---
---
---
---
---
---
---
---
---
---
---
---
---
---
---
---
---
---
---
---
---
---
---
---
---
---
---
---
---
---
---
---
---
---
---
---
---
---
---
---
---
---
---
---
---
---
---
---
---
---
---
---
---
---
---
---
---
---
---
---
---
---
---
---
---
---
---
---
Tag 4---------------
---
---
---
---
---
---
---
---
---
---
---
---
---
---
Raum E213
---
---
---
---
---
---
---
---
---
---
---
Raum E302
---
---
---
---
---
---
---
---
---
---
---
---
---
---
---
---
---
Raum E305
---
---
---
---
---
---
---
---
---
---
---
---
---
---
---
---
---
---
---
---
---
---
---
---
---
---
---

######################
Dübon
Tag 0---------------
---
---
---
---
---
---
---
---
---
---
---
---
---
---
---
---
---
---
---
---
---
---
---
---
---
---
---
---
---
---
---
---
---
---
---
---
---
---
---
---
---
---
---
---
---
---
---
---
---
---
---
---
---
---
---
---
---
---
---
---
---
---
---
---
---
---
---
---
---
---
---
---
Tag 1---------------
---
---
---
---
---
---
---
---
---
---
---
---
---
---
Raum E213
---
---
---
---
---
---
---
---
---
---
---
---
---
---
---
---
---
---
---
---
---
---
---
---
---
---
---
---
---
---
---
---
---
---
---
---
---
---
---
---
---
---
---
---
---
---
---
---
---
---
---
---
---
---
---
---
---
Tag 2---------------
---
---
---
---
---
---
---
---
---
---
---
---
---
---
---
---
---
---
Raum E301
---
---
---
---
---
---
Raum E302
---
---
---
---
---
---
---
---
---
---
---
---
---
---
---
---
---
---
---
---
---
---
---
---
---
---
---
---
---
---
---
---
---
---
---
---
---
---
---
---
---
---
---
---
---
---
Tag 3---------------
---
---
---
---
---
---
---
---
---
---
---
---
---
---
---
---
---
---
---
---
---
---
---
---
---
---
---
---
---
---
---
---
---
---
---
---
---
---
---
---
---
---
---
---
---
---
---
---
---
---
---
---
---
---
---
---
---
---
---
---
---
---
---
---
---
---
---
---
---
---
---
---
Tag 4---------------
---
---
---
---
---
---
---
---
---
Raum E203
---
---
---
---
---
---
---
---
---
---
---
---
---
---
---
---
---
---
---
---
---
---
---
---
---
---
---
---
---
---
---
---
---
---
---
---
---
---
---
---
---
---
---
---
---
---
---
---
---
---
---
---
---
---
---
---
---
---
---
---
---
---

######################
Fuchß
Tag 0---------------
---
---
---
---
---
---
---
---
---
---
---
---
---
---
---
---
---
---
---
---
---
---
---
---
---
---
---
---
---
---
---
---
---
---
---
---
---
---
---
---
---
---
---
---
---
---
---
---
Raum LI008
---
---
---
---
---
---
Raum LI136
---
---
---
---
Raum LI137
---
Raum LI137
---
---
---
Raum LI141
Raum LI141
---
---
---
---
Tag 1---------------
---
---
---
---
---
---
---
---
---
---
---
---
---
---
---
---
---
---
---
---
---
---
---
---
---
---
---
---
---
---
---
---
---
---
---
---
---
---
---
---
---
---
---
---
---
---
---
---
Raum LI008
---
---
---
---
---
---
---
---
---
---
---
---
---
---
---
---
---
---
---
---
Raum LI141
---
---
Tag 2---------------
---
---
---
---
---
---
---
---
---
---
---
---
---
---
---
---
---
---
---
---
---
---
---
---
---
---
---
---
---
---
---
---
---
---
---
---
---
---
---
---
---
---
---
---
---
---
---
---
---
---
---
---
---
---
---
---
---
Raum LI136
---
---
---
---
---
---
---
---
---
---
---
---
---
---
Tag 3---------------
---
---
---
---
---
---
---
---
---
---
---
---
---
---
---
---
---
---
---
---
---
---
---
---
---
---
---
---
---
---
---
---
---
---
---
---
---
---
---
---
---
---
---
---
---
---
---
---
---
---
---
---
---
---
---
---
---
---
---
---
---
---
---
---
---
---
Raum LI141
---
---
---
---
---
Tag 4---------------
---
---
---
---
---
---
---
---
---
---
---
---
---
---
---
---
---
---
---
---
---
---
---
---
---
---
---
---
---
---
---
---
---
---
---
---
---
---
---
---
---
---
---
---
---
---
---
---
---
---
---
---
---
---
---
Raum LI136
---
---
---
---
---
---
Raum LI137
Raum LI137
---
---
Raum LI141
Raum LI141
---
---
---
---

######################
Gmeiner
Tag 0---------------
---
---
---
---
---
---
---
---
---
---
---
---
---
---
---
---
---
---
---
---
---
---
---
---
---
---
---
---
---
---
---
---
---
---
---
---
---
---
---
---
---
---
---
---
---
---
---
---
---
---
---
---
---
---
---
---
---
---
---
---
---
---
---
---
---
---
---
---
---
---
---
---
Tag 1---------------
---
---
---
---
---
---
---
---
---
---
---
---
---
---
---
---
---
---
---
---
---
---
---
---
---
---
---
---
---
---
---
---
---
---
---
---
Raum E304
Raum E304
---
---
---
---
---
---
---
---
---
---
---
---
---
---
---
---
---
---
---
---
---
---
---
---
---
---
---
---
---
---
---
---
---
---
Tag 2---------------
---
---
---
---
---
---
---
---
---
---
---
---
---
---
---
---
---
---
---
---
---
---
---
---
---
---
---
---
---
---
---
---
---
---
---
---
---
---
---
---
---
---
---
---
---
---
---
---
---
---
---
---
---
---
---
---
---
---
---
---
---
---
---
---
---
---
---
---
---
---
---
---
Tag 3---------------
---
---
---
---
---
---
---
---
---
---
---
---
---
---
---
---
---
---
---
---
---
---
---
---
---
Raum E302
---
---
---
---
---
---
---
---
---
---
---
---
---
---
---
---
---
---
---
---
---
---
---
---
---
---
---
---
---
---
---
---
---
---
---
---
---
---
---
---
---
---
---
---
---
---
Tag 4---------------
---
---
---
---
---
---
---
---
---
---
---
---
---
---
---
---
---
---
---
---
---
---
---
---
---
---
---
---
---
---
---
---
---
---
---
---
---
Raum E304
Raum E304
---
---
---
---
---
---
---
---
---
---
---
---
---
---
---
---
---
---
---
---
---
---
---
---
---
---
---
---
---
---
---
---
---

######################
Graf
Tag 0---------------
---
---
---
---
---
---
---
---
---
---
---
---
---
---
---
---
---
---
---
---
---
---
---
---
---
---
---
---
---
---
---
---
---
---
---
---
---
---
---
---
---
---
---
---
---
---
---
---
---
---
---
---
---
---
---
---
---
---
---
---
---
---
---
---
---
---
---
---
---
---
---
---
Tag 1---------------
---
Raum E201
---
---
---
---
---
---
---
---
---
---
---
---
---
---
---
---
---
---
---
---
---
---
---
---
---
---
---
---
Raum E303
Raum E303
---
---
---
---
---
---
---
---
---
---
---
---
---
---
---
---
---
---
---
---
---
---
---
---
---
---
---
---
---
---
---
---
---
---
---
---
---
---
---
---
Tag 2---------------
---
---
---
---
---
---
---
---
---
---
---
---
---
Raum E213
Raum E213
---
---
---
---
---
---
---
---
---
---
---
---
---
---
---
---
---
---
---
---
---
---
---
---
---
---
---
---
---
---
---
---
---
---
---
---
---
---
---
---
---
---
---
---
---
---
---
---
---
---
---
---
---
---
---
---
---
Tag 3---------------
---
---
---
---
---
---
---
---
---
---
---
---
---
---
---
---
---
---
---
---
---
---
---
---
---
---
---
---
---
---
---
---
---
---
---
---
---
---
---
---
---
---
Raum E305
---
---
---
---
---
---
---
---
---
---
---
---
---
---
---
---
---
---
---
---
---
---
---
---
---
---
---
---
---
Tag 4---------------
---
---
---
---
---
---
---
---
---
---
---
---
---
---
---
---
---
---
---
---
---
---
---
---
---
Raum E302
---
---
---
---
---
---
---
---
---
---
---
---
---
---
---
---
---
---
---
---
---
---
---
---
---
---
---
---
---
---
---
---
---
---
---
---
---
---
---
---
---
---
---
---
---
---

######################
Gremminger
Tag 0---------------
---
---
---
---
---
---
---
---
Raum E203
---
---
---
---
---
---
---
---
---
---
---
---
---
---
---
---
---
---
---
---
---
---
---
---
---
---
---
---
---
---
---
---
---
---
---
---
---
---
---
---
---
---
---
---
---
---
---
---
---
---
---
---
---
---
---
---
---
---
---
---
---
---
---
Tag 1---------------
---
---
---
---
---
---
---
---
---
---
---
---
---
---
---
---
---
---
---
---
---
---
---
---
---
---
---
---
---
---
---
---
---
---
---
---
---
---
---
---
---
---
---
---
---
---
---
---
---
---
---
---
---
---
---
---
---
---
---
---
---
---
---
---
---
---
---
---
---
---
---
---
Tag 2---------------
---
---
---
---
---
---
---
---
Raum E203
---
---
---
---
---
---
---
---
---
---
---
---
---
---
---
---
---
---
---
---
---
---
---
---
---
---
---
---
---
---
---
---
---
---
Raum E305
---
---
---
---
---
---
---
---
---
---
---
---
---
---
---
---
---
---
---
---
---
---
---
---
---
---
---
---
Tag 3---------------
---
---
---
Raum E201
---
---
---
---
---
---
---
---
---
Raum E213
---
---
---
---
---
---
---
---
---
---
---
---
---
---
---
---
---
---
---
---
---
---
---
---
---
---
---
---
---
---
---
---
---
---
---
---
---
---
---
---
---
---
---
---
---
---
---
---
---
---
---
---
---
---
---
---
---
---
Tag 4---------------
---
---
---
---
---
---
Raum E203
---
Raum E203
---
---
---
---
---
---
---
---
---
---
---
---
---
---
---
---
---
---
Raum E302
---
---
---
---
---
---
---
---
---
---
---
---
---
---
---
---
---
---
---
---
---
---
---
---
---
---
---
---
---
---
---
---
---
---
---
---
---
---
---
---
---
---
---
---

######################
Haneke
Tag 0---------------
---
---
---
---
---
---
---
---
---
---
---
---
---
---
---
---
---
---
---
Raum E301
Raum E301
---
---
---
---
---
---
---
---
---
---
---
---
---
---
---
---
Raum E304
Raum E304
---
---
---
---
---
---
---
---
---
---
---
---
---
---
---
---
---
---
---
---
---
---
---
---
---
---
---
---
---
---
---
---
---
Tag 1---------------
---
---
---
---
---
---
---
---
---
---
---
---
---
---
---
---
---
---
---
---
---
---
---
---
---
---
---
---
---
---
---
---
---
---
---
---
---
---
---
---
---
---
---
---
---
---
---
---
---
---
---
---
---
---
---
---
---
---
---
---
---
---
---
---
---
---
---
---
---
---
---
---
Tag 2---------------
---
---
---
---
---
---
---
---
---
---
---
---
---
---
---
---
---
---
---
---
---
---
---
---
---
---
---
---
---
---
---
---
Raum E303
Raum E303
---
---
Raum E304
Raum E304
Raum E304
Raum E304
---
---
---
---
---
---
---
---
---
---
---
---
---
---
---
---
---
---
---
---
---
---
---
---
---
---
---
---
---
---
---
---
Tag 3---------------
Raum E201
Raum E201
---
---
---
---
---
---
---
---
---
---
---
---
---
---
---
---
---
---
---
---
---
---
---
---
---
---
---
---
---
---
---
---
---
---
---
---
---
---
---
---
---
---
---
---
---
---
---
---
---
---
---
---
---
---
---
---
---
---
---
---
---
---
---
---
---
---
---
---
---
---
Tag 4---------------
---
---
---
---
---
---
---
---
---
---
---
---
---
---
---
---
---
---
Raum E301
Raum E301
---
---
---
---
---
---
---
---
---
---
---
---
---
---
---
---
---
---
---
---
---
---
---
---
---
---
---
---
---
---
---
---
---
---
---
---
---
---
---
---
---
---
---
---
---
---
---
---
---
---
---
---

######################
Heberle
Tag 0---------------
---
---
---
---
---
---
---
---
---
---
---
---
---
---
---
---
---
---
---
---
---
---
---
---
---
---
---
---
---
---
---
---
---
---
---
---
---
---
---
---
---
---
---
---
---
---
---
---
---
---
---
---
---
---
---
---
---
---
---
---
---
---
---
---
---
---
---
---
---
---
---
---
Tag 1---------------
---
---
---
---
---
---
---
---
---
---
---
---
---
---
---
---
---
---
Raum E301
---
---
---
---
---
---
---
---
---
---
---
---
---
---
---
---
---
---
---
---
---
---
---
---
---
---
---
---
---
---
---
---
---
---
---
---
---
---
---
---
---
---
---
---
---
---
---
---
---
---
---
---
---
Tag 2---------------
---
---
---
---
---
---
---
---
---
---
---
---
---
---
---
---
---
---
---
---
---
---
---
---
---
---
---
---
---
---
---
---
---
---
---
---
---
---
---
---
---
---
---
---
---
---
---
---
---
---
---
---
---
---
---
---
---
---
---
---
---
---
---
---
---
---
---
---
---
---
---
---
Tag 3---------------
---
---
---
---
---
---
---
---
---
---
---
---
---
---
---
---
---
---
---
---
---
---
---
---
---
---
---
---
---
---
---
---
---
---
---
---
---
---
---
---
---
---
---
---
---
---
---
---
---
---
---
---
---
---
---
---
---
---
---
---
---
---
---
---
---
---
---
---
---
---
---
---
Tag 4---------------
---
---
---
---
---
---
---
---
---
---
---
---
---
---
---
---
---
---
---
---
---
---
---
---
---
---
---
---
---
---
---
---
---
---
---
---
---
---
---
---
---
---
---
---
---
---
---
---
---
---
---
---
---
---
---
---
---
---
---
---
---
---
---
---
---
---
---
---
---
---
---
---

######################
Henning
Tag 0---------------
---
---
---
---
---
---
---
---
---
---
---
---
---
---
---
---
---
---
---
---
---
---
---
---
---
---
---
---
---
---
---
---
---
---
---
---
Raum E304
---
---
---
---
---
---
---
---
---
---
---
---
---
---
---
---
---
---
---
---
---
---
---
---
---
---
---
---
---
---
---
---
---
---
---
Tag 1---------------
---
---
---
---
---
---
---
---
---
---
---
---
---
---
---
---
---
---
---
---
---
---
---
---
---
---
---
---
---
---
---
---
---
---
---
---
---
---
---
---
---
---
---
---
---
---
---
---
---
---
---
---
---
---
---
---
---
---
---
---
---
---
---
---
---
---
---
---
---
---
---
---
Tag 2---------------
Raum E201
---
---
---
---
---
---
---
---
---
---
---
---
---
---
---
---
---
---
---
---
---
---
---
---
---
---
---
---
---
---
---
---
---
---
---
---
---
---
---
---
---
---
---
---
---
---
---
---
---
---
---
---
---
---
---
---
---
---
---
---
---
---
---
---
---
---
---
---
---
---
---
Tag 3---------------
---
---
---
---
---
---
---
---
---
---
---
---
---
---
---
---
---
---
---
---
---
---
---
---
---
---
---
---
---
---
---
---
---
---
---
---
---
---
---
---
---
---
---
---
---
---
---
---
---
---
---
---
---
---
---
---
---
---
---
---
---
---
---
---
---
---
---
---
---
---
---
---
Tag 4---------------
---
---
---
---
---
---
---
---
---
---
---
---
---
---
---
---
---
---
---
---
---
---
---
---
---
---
---
---
---
---
---
---
---
---
---
---
---
---
---
---
---
---
---
---
---
---
---
---
---
---
---
---
---
---
---
---
---
---
---
---
---
---
---
---
---
---
---
---
---
---
---
---

######################
Hoffmann
Tag 0---------------
Raum E201
---
---
---
---
---
---
---
---
---
---
---
---
---
---
---
---
---
---
---
---
---
---
---
---
---
---
---
---
---
---
---
---
---
---
---
---
---
---
---
---
---
---
---
---
---
---
---
---
---
---
---
---
---
---
---
---
---
---
---
---
---
---
---
---
---
---
---
---
---
---
---
Tag 1---------------
---
---
---
---
---
---
---
---
---
---
---
---
---
---
---
---
---
---
---
---
---
---
---
---
---
---
---
---
---
---
---
---
---
---
---
---
---
---
---
---
---
---
---
---
---
---
---
---
---
---
---
---
---
---
---
---
---
---
---
---
---
---
---
---
---
---
---
---
---
---
---
---
Tag 2---------------
---
---
---
---
---
---
---
---
---
---
---
---
---
---
---
---
---
---
---
---
---
---
---
---
---
---
---
---
---
---
---
---
---
---
---
---
---
---
---
---
---
---
---
---
---
---
---
---
---
---
---
---
---
---
---
---
---
---
---
---
---
---
---
---
---
---
---
---
---
---
---
---
Tag 3---------------
---
---
---
---
---
---
---
---
---
---
---
---
---
---
---
---
---
---
---
---
---
---
---
---
---
---
---
---
---
---
---
---
---
---
---
---
---
---
---
---
---
---
---
---
---
---
---
---
---
---
---
---
---
---
---
---
---
---
---
---
---
---
---
---
---
---
---
---
---
---
---
---
Tag 4---------------
---
---
---
---
---
---
---
---
---
---
---
---
---
---
---
---
---
---
---
---
---
---
---
---
---
---
---
---
---
---
---
---
---
---
---
---
---
---
---
---
---
---
---
---
---
---
---
---
---
---
---
---
---
---
---
---
---
---
---
---
---
---
---
---
---
---
---
---
---
---
---
---

######################
Hofmann
Tag 0---------------
---
---
---
---
---
---
---
---
---
---
---
---
---
---
---
---
---
---
---
---
---
---
---
---
---
---
---
---
---
---
---
---
---
---
---
---
---
---
---
---
---
---
---
---
---
---
---
---
---
---
---
---
---
---
---
---
---
---
---
---
---
---
---
---
---
---
---
---
---
---
---
---
Tag 1---------------
---
---
---
---
---
---
---
---
---
---
---
---
---
---
---
---
---
---
---
---
---
---
---
---
---
---
---
---
---
---
---
---
---
---
---
---
---
---
---
---
---
---
---
---
---
---
---
---
---
---
---
---
---
---
---
---
---
---
---
---
---
---
---
---
---
---
---
---
---
---
---
---
Tag 2---------------
---
---
---
---
---
---
---
---
---
---
---
---
---
---
---
---
---
---
---
---
---
---
---
---
---
---
---
---
---
---
---
---
---
---
---
---
---
---
---
---
---
---
---
---
---
---
---
---
---
---
---
---
---
---
---
---
---
---
---
---
---
---
---
---
---
---
---
---
---
---
---
---
Tag 3---------------
---
---
---
---
---
---
---
---
---
---
---
---
---
---
---
---
---
---
---
---
---
---
---
---
---
---
---
---
---
---
---
---
---
---
---
---
Raum E304
---
---
---
---
---
---
---
---
---
---
---
---
---
---
---
---
---
---
---
---
---
---
---
---
---
---
---
---
---
---
---
---
---
---
---
Tag 4---------------
---
---
---
---
---
---
---
---
---
---
---
---
---
---
---
---
---
---
---
---
---
---
---
---
---
---
---
---
---
---
---
---
---
---
---
---
---
---
---
---
---
---
---
---
---
---
---
---
---
---
---
---
---
---
---
---
---
---
---
---
---
---
---
---
---
---
---
---
---
---
---
---

######################
Hüttel
Tag 0---------------
---
---
---
---
---
---
---
---
---
---
---
---
---
---
---
---
---
---
---
---
---
---
---
---
---
---
---
---
---
---
Raum E303
---
---
---
---
---
---
---
---
---
---
---
---
---
---
---
---
---
---
---
---
---
---
---
---
---
---
---
---
---
---
---
---
---
---
---
---
---
---
---
---
---
Tag 1---------------
---
---
Raum E201
---
---
---
---
---
---
---
---
---
---
---
---
Raum E213
---
---
---
Raum E301
---
---
---
---
---
---
---
---
---
---
---
---
---
---
---
---
---
---
---
---
---
---
---
---
---
---
---
---
---
---
---
---
---
---
---
---
---
---
---
---
---
---
---
---
---
---
---
---
---
---
---
---
Tag 2---------------
---
---
---
---
---
---
---
---
---
---
---
---
---
---
---
---
---
---
---
---
---
Raum E301
---
---
---
---
---
---
---
---
Raum E303
---
---
---
---
---
---
---
---
---
---
---
---
---
---
---
---
---
---
---
---
---
---
---
---
---
---
---
---
---
---
---
---
---
---
---
---
---
---
---
---
---
Tag 3---------------
---
---
---
---
---
---
---
---
---
---
---
---
---
---
---
---
---
---
---
---
---
---
---
---
---
---
---
---
---
---
---
---
---
---
---
---
---
---
---
---
---
---
---
Raum E305
---
---
---
---
---
---
---
---
---
---
---
---
---
---
---
---
---
---
---
---
---
---
---
---
---
---
---
---
Tag 4---------------
---
---
---
---
---
---
---
Raum E203
---
---
---
---
---
---
---
---
---
---
---
---
---
---
---
---
---
---
---
---
---
---
---
---
---
---
---
---
---
---
---
---
---
---
---
---
---
---
---
---
---
---
---
---
---
---
---
---
---
---
---
---
---
---
---
---
---
---
---
---
---
---
---
---

######################
Körner
Tag 0---------------
---
---
---
---
---
---
---
---
---
---
---
---
---
---
---
---
---
---
---
---
---
---
---
---
---
---
---
---
---
---
---
---
---
---
---
---
---
---
---
---
---
---
Raum E305
Raum E305
Raum E305
---
---
---
---
---
---
---
---
---
---
---
---
---
---
---
---
---
---
---
---
---
---
---
---
---
---
---
Tag 1---------------
---
---
---
---
---
---
Raum E203
Raum E203
Raum E203
---
---
---
---
---
---
---
---
---
---
---
Raum E301
Raum E301
---
---
---
---
---
---
---
---
Raum E303
Raum E303
Raum E303
---
---
---
---
---
---
---
---
---
---
---
---
---
---
---
---
---
---
---
---
---
---
---
---
---
---
---
---
---
---
---
---
---
---
---
---
---
---
---
Tag 2---------------
---
---
---
---
---
---
---
---
---
---
---
---
---
---
---
---
---
---
---
---
---
---
---
---
---
---
---
---
---
---
---
---
---
---
---
---
---
---
---
---
---
---
---
---
---
---
---
---
---
---
---
---
---
---
---
---
---
---
---
---
---
---
---
---
---
---
---
---
---
---
---
---
Tag 3---------------
---
---
---
---
---
---
---
---
---
---
---
---
---
---
---
---
---
---
---
---
---
---
---
---
---
---
---
---
---
---
---
---
---
---
---
---
---
---
---
---
---
---
---
---
---
---
---
---
---
---
---
---
---
---
---
---
---
---
---
---
---
---
---
---
---
---
---
---
---
---
---
---
Tag 4---------------
---
---
---
---
---
---
---
---
---
---
---
---
---
---
---
---
---
---
---
---
---
---
---
---
---
---
---
---
---
---
---
---
---
---
---
---
---
---
---
---
---
---
---
---
---
---
---
---
---
---
---
---
---
---
---
---
---
---
---
---
---
---
---
---
---
---
---
---
---
---
---
---

######################
Laubenheimer
Tag 0---------------
---
---
---
---
---
---
---
---
---
---
---
---
---
---
---
---
---
---
---
---
---
---
---
---
---
---
---
---
---
---
---
---
---
---
---
---
---
---
---
---
---
---
---
---
---
---
---
---
---
---
---
---
---
---
---
---
---
---
---
---
---
---
---
---
---
---
---
---
---
---
---
---
Tag 1---------------
---
---
---
---
---
---
---
---
---
---
---
---
---
---
---
---
---
---
---
---
---
---
---
---
---
---
---
---
---
---
---
---
---
---
---
---
---
---
---
---
---
---
Raum E305
---
---
---
---
---
---
---
---
---
---
---
---
---
---
---
---
---
---
---
---
---
---
---
---
---
---
---
---
---
Tag 2---------------
---
---
---
---
---
---
---
---
---
---
---
---
---
---
---
---
---
---
---
---
---
---
---
---
---
---
---
---
---
---
---
---
---
---
---
---
---
---
---
---
---
---
---
---
---
---
---
---
---
---
---
---
---
---
---
---
---
---
---
---
---
---
---
---
---
---
---
---
---
---
---
---
Tag 3---------------
---
---
---
---
---
---
---
---
---
---
---
---
---
---
---
---
---
---
---
---
---
---
---
---
---
---
---
---
---
---
---
---
---
---
---
---
---
---
---
---
---
---
---
---
---
---
---
---
---
---
---
---
---
---
---
---
---
---
---
---
---
---
---
---
---
---
---
---
---
---
---
---
Tag 4---------------
---
---
---
---
---
---
---
---
---
---
---
---
---
---
---
---
---
---
---
---
---
---
---
---
---
---
---
---
---
---
---
---
---
---
---
---
---
---
---
---
---
---
---
---
---
---
---
---
---
---
---
---
---
---
---
---
---
---
---
---
---
---
---
---
---
---
---
---
---
---
---
---

######################
Link
Tag 0---------------
---
---
---
---
---
---
---
---
---
---
---
---
---
---
---
---
---
---
---
---
---
---
---
---
---
---
---
---
---
---
---
---
---
---
---
---
---
---
---
---
---
---
---
---
---
---
---
---
---
---
---
---
---
---
---
---
---
---
---
---
---
---
---
---
---
---
---
---
---
---
---
---
Tag 1---------------
---
---
---
---
---
---
---
---
---
---
---
---
---
---
---
---
---
---
---
---
---
---
---
---
---
---
---
---
---
---
---
---
---
---
---
---
---
---
---
---
---
---
---
---
---
---
---
---
---
---
---
---
---
---
---
---
---
---
---
---
---
---
---
---
---
---
---
---
---
---
---
---
Tag 2---------------
---
---
---
---
---
---
Raum E203
---
---
---
---
---
---
---
---
---
---
---
---
---
---
---
---
---
---
---
---
---
---
---
---
---
---
---
---
---
---
---
---
---
---
---
---
---
---
---
---
---
---
---
---
---
---
---
---
---
---
---
---
---
---
---
---
---
---
---
---
---
---
---
---
---
Tag 3---------------
---
---
---
---
---
---
---
---
---
---
---
---
---
---
---
---
---
---
---
---
---
---
---
---
---
---
---
---
---
---
---
---
---
---
---
---
---
---
---
---
---
---
---
---
---
---
---
---
---
---
---
---
---
---
---
---
---
---
---
---
---
---
---
---
---
---
---
---
---
---
---
---
Tag 4---------------
---
---
---
---
---
---
---
---
---
---
---
---
---
---
---
---
---
---
---
---
---
---
---
---
---
---
---
---
---
---
---
---
---
---
---
---
---
---
---
---
---
---
---
---
---
---
---
---
---
---
---
---
---
---
---
---
---
---
---
---
---
---
---
---
---
---
---
---
---
---
---
---

######################
Martin
Tag 0---------------
---
---
---
---
---
---
---
---
---
---
---
---
Raum E213
---
---
---
---
---
---
---
---
---
---
---
---
---
---
---
---
---
---
---
---
---
---
---
---
---
---
---
---
---
---
---
---
---
---
---
---
---
---
---
---
---
---
---
---
---
---
---
---
---
---
---
---
---
---
---
---
---
---
---
Tag 1---------------
---
---
---
---
---
---
---
---
---
---
---
---
---
---
---
---
---
---
---
---
---
---
---
---
---
---
---
---
---
---
---
---
---
---
---
---
---
---
---
---
---
---
---
---
---
---
---
---
---
---
---
---
---
---
---
---
---
---
---
---
---
---
---
---
---
---
---
---
---
---
---
---
Tag 2---------------
---
---
---
---
---
---
---
---
---
---
---
---
---
---
---
---
---
---
---
---
---
---
---
---
---
---
---
---
---
---
---
---
---
---
---
---
---
---
---
---
---
---
---
---
---
---
---
---
---
---
---
---
---
---
---
---
---
---
---
---
---
---
---
---
---
---
---
---
---
---
---
---
Tag 3---------------
---
---
---
---
---
---
---
---
---
---
---
---
---
---
---
---
---
---
---
---
---
---
---
---
---
---
---
---
---
---
---
---
---
---
---
---
---
---
---
---
---
---
---
---
---
---
---
---
---
---
---
---
---
---
---
---
---
---
---
---
---
---
---
---
---
---
---
---
---
---
---
---
Tag 4---------------
---
---
---
---
---
---
---
---
---
---
---
---
---
---
---
---
---
---
---
---
---
---
---
---
---
---
---
---
---
---
---
---
---
---
---
---
---
---
---
---
---
---
---
---
---
---
---
---
---
---
---
---
---
---
---
---
---
---
---
---
---
---
---
---
---
---
---
---
---
---
---
---

######################
Meisel
Tag 0---------------
---
---
---
---
---
---
---
---
---
---
---
---
---
---
---
---
---
---
---
---
---
---
---
---
---
---
---
---
---
---
---
---
---
---
---
---
---
---
---
---
---
---
---
---
---
---
---
---
---
---
---
---
---
---
---
---
---
---
---
---
---
---
---
---
---
---
---
---
---
---
---
---
Tag 1---------------
---
---
---
---
---
---
---
---
---
---
---
---
Raum E213
---
---
---
---
---
---
---
---
---
---
---
---
---
---
---
---
---
---
---
---
---
---
---
---
---
---
---
---
---
---
---
---
---
---
---
---
---
---
---
---
---
---
---
---
---
---
---
---
---
---
---
---
---
---
---
---
---
---
---
Tag 2---------------
---
---
---
---
---
---
---
---
---
---
---
---
---
---
---
---
---
---
---
---
---
---
---
---
---
---
---
---
---
---
---
---
---
---
---
---
---
---
---
---
---
---
---
---
---
---
---
---
---
---
---
---
---
---
---
---
---
---
---
---
---
---
---
---
---
---
---
---
---
---
---
---
Tag 3---------------
---
---
---
---
---
---
---
---
---
---
---
---
---
---
---
---
---
---
---
---
---
---
---
---
---
---
---
---
---
---
---
---
---
---
---
---
---
---
---
---
---
---
---
---
---
---
---
---
---
---
---
---
---
---
---
---
---
---
---
---
---
---
---
---
---
---
---
---
---
---
---
---
Tag 4---------------
---
---
---
---
---
---
---
---
---
---
---
---
---
---
---
---
---
---
---
---
---
---
---
---
---
---
---
---
---
---
---
---
---
---
---
---
---
---
---
---
---
---
---
---
---
---
---
---
---
---
---
---
---
---
---
---
---
---
---
---
---
---
---
---
---
---
---
---
---
---
---
---

######################
Morgenstern
Tag 0---------------
---
---
---
---
---
---
---
---
---
---
---
---
---
---
---
---
---
---
---
---
---
---
---
---
---
---
---
---
---
---
---
---
---
---
---
---
---
---
---
---
---
---
---
---
---
---
---
---
---
---
---
---
---
---
---
---
---
---
---
---
---
---
---
---
---
---
---
---
---
---
---
---
Tag 1---------------
---
---
---
---
---
---
---
---
---
---
---
---
---
---
---
---
---
---
---
---
---
---
---
---
---
---
---
---
---
---
---
---
---
---
---
---
---
---
---
---
---
---
---
---
---
---
---
---
---
---
---
---
---
---
---
Raum LI136
---
---
---
---
---
---
---
---
---
---
---
---
---
---
---
---
Tag 2---------------
---
---
---
---
---
---
---
---
---
---
---
---
---
---
---
---
---
---
---
---
---
---
---
---
---
---
---
---
---
---
---
---
---
---
---
---
---
---
---
---
---
---
---
---
---
---
---
---
---
---
---
---
---
---
---
---
---
---
---
---
---
---
---
---
---
---
---
---
---
---
---
---
Tag 3---------------
---
---
---
---
---
---
---
---
---
---
---
---
---
---
---
---
---
---
---
---
---
---
---
---
---
---
---
---
---
---
---
---
---
---
---
---
---
---
---
---
---
---
---
---
---
---
---
---
---
---
---
---
---
---
---
---
---
---
---
---
---
---
---
---
---
---
---
---
---
---
---
---
Tag 4---------------
---
---
---
---
---
---
---
---
---
---
---
---
---
---
---
---
---
---
---
---
---
---
---
---
---
---
---
---
---
---
---
---
---
---
---
---
---
---
---
---
---
---
---
---
---
---
---
---
---
---
---
---
---
---
---
---
---
---
---
---
---
---
---
---
---
---
---
---
---
---
---
---

######################
Müller
Tag 0---------------
---
---
---
---
---
---
---
---
---
---
---
---
---
---
---
---
---
---
---
---
---
---
---
---
---
---
---
---
---
---
---
---
---
---
---
---
---
---
---
---
---
---
---
---
---
---
---
---
---
---
---
---
---
---
---
---
---
---
---
---
---
---
---
---
---
---
---
---
---
---
---
---
Tag 1---------------
---
---
---
---
---
---
---
---
---
---
---
---
---
---
---
---
---
---
---
---
---
---
---
---
---
---
---
---
---
---
---
---
---
---
---
---
---
---
---
---
---
---
---
---
---
---
---
---
---
---
---
---
---
---
---
---
---
---
---
---
---
---
---
---
---
---
---
---
---
---
---
---
Tag 2---------------
---
---
---
---
---
---
---
Raum E203
---
---
---
---
---
---
---
---
---
---
---
---
---
---
---
---
---
---
---
---
---
---
---
---
---
---
---
---
---
---
---
---
---
---
---
---
---
---
---
---
---
---
---
---
---
---
---
---
---
---
---
---
---
---
---
---
---
---
---
---
---
---
---
---
Tag 3---------------
---
---
---
---
---
---
---
---
---
---
---
---
---
---
---
---
---
---
---
---
---
---
---
---
---
---
---
---
---
---
---
---
---
---
---
---
---
---
---
---
---
---
---
---
---
---
---
---
---
---
---
---
---
---
---
---
---
---
---
---
---
---
---
---
---
---
---
---
---
---
---
---
Tag 4---------------
---
---
---
---
---
---
---
---
---
---
---
---
---
---
---
---
---
---
---
---
---
---
---
---
---
---
---
---
---
---
---
---
---
---
---
---
---
---
---
---
---
---
---
---
---
---
---
---
---
---
---
---
---
---
---
---
---
---
---
---
---
---
---
---
---
---
---
---
---
---
---
---

######################
Nees
Tag 0---------------
---
---
---
---
---
---
---
---
---
---
---
---
---
---
---
---
---
---
---
---
---
---
---
---
Raum E302
---
---
---
---
---
---
---
---
---
---
---
---
---
---
---
---
---
---
---
---
---
---
---
---
---
---
---
---
---
---
---
---
---
---
---
---
---
---
---
---
---
---
---
---
---
---
---
Tag 1---------------
---
---
---
---
---
---
---
---
---
---
---
---
---
---
---
---
---
---
---
---
---
---
---
---
---
---
---
---
---
---
---
---
---
---
---
---
---
---
---
---
---
---
---
---
---
---
---
---
---
---
---
---
---
---
---
---
---
---
---
---
---
---
---
---
---
---
---
---
---
---
---
---
Tag 2---------------
---
---
---
---
---
---
---
---
---
---
---
---
---
---
---
---
---
---
---
---
---
---
---
---
---
---
---
---
---
---
---
---
---
---
---
---
---
---
---
---
---
---
---
---
---
---
---
---
---
---
---
---
---
---
---
---
---
---
---
---
---
---
---
---
---
---
---
---
---
---
---
---
Tag 3---------------
---
---
---
---
---
---
---
---
---
---
---
---
---
---
---
---
---
---
---
---
---
---
---
---
---
---
---
---
---
---
---
---
---
---
---
---
---
---
---
---
---
---
---
---
---
---
---
---
---
---
---
---
---
---
---
---
---
---
---
---
---
---
---
---
---
---
---
---
---
---
---
---
Tag 4---------------
---
---
---
---
---
---
---
---
---
---
---
---
---
---
---
---
---
---
---
---
---
---
---
---
---
---
---
---
---
---
---
---
---
---
---
---
---
---
---
---
---
---
---
---
---
---
---
---
---
---
---
---
---
---
---
---
---
---
---
---
---
---
---
---
---
---
---
---
---
---
---
---

######################
Nestler
Tag 0---------------
---
---
---
---
---
---
---
---
---
---
---
---
---
---
---
---
---
---
Raum E301
---
---
---
---
---
---
Raum E302
---
---
---
---
---
---
---
---
---
---
---
---
---
---
---
---
---
---
---
---
---
---
---
---
---
---
---
---
---
---
---
---
---
---
---
---
---
---
---
---
---
---
---
---
---
---
Tag 1---------------
---
---
---
---
---
---
---
---
---
---
---
---
---
---
---
---
---
---
---
---
---
---
---
---
---
---
---
---
---
---
---
---
---
---
---
---
---
---
---
---
---
---
---
---
---
---
---
---
---
---
---
---
---
---
---
---
---
---
---
---
---
---
---
---
---
---
---
---
---
---
---
---
Tag 2---------------
---
---
---
---
---
---
---
---
---
---
---
---
---
---
---
---
---
---
---
---
---
---
---
---
---
---
---
---
---
---
---
---
---
---
---
---
---
---
---
---
---
---
---
---
---
---
---
---
---
---
---
---
---
---
---
---
---
---
---
---
---
---
---
---
---
---
---
---
---
---
---
---
Tag 3---------------
---
---
---
---
---
---
---
---
---
---
---
---
---
---
---
---
---
---
---
---
---
---
---
---
---
---
---
---
---
---
---
---
---
---
---
---
---
---
---
---
---
---
---
---
---
---
---
---
---
---
---
---
---
---
---
---
---
---
---
---
---
---
---
---
---
---
---
---
---
---
---
---
Tag 4---------------
---
---
---
---
---
---
---
---
---
---
---
---
---
---
---
---
---
---
---
---
---
---
---
---
---
---
---
---
---
---
---
---
---
---
---
---
---
---
---
---
---
---
---
---
---
---
---
---
---
---
---
---
---
---
---
---
---
---
---
---
---
---
---
---
---
---
---
---
---
---
---
---

######################
Neumann
Tag 0---------------
---
---
---
---
---
---
---
---
---
---
---
---
---
---
---
---
---
---
---
---
---
---
---
---
---
---
---
---
---
---
---
---
---
---
---
---
---
---
---
---
---
---
---
---
---
---
---
---
---
---
---
---
---
---
---
---
---
---
---
---
---
---
---
---
---
---
---
---
---
---
---
---
Tag 1---------------
---
---
---
---
---
---
---
---
---
---
---
---
---
---
---
---
---
---
---
---
---
---
---
---
---
---
---
---
---
---
---
---
---
---
---
---
---
---
---
---
---
---
---
---
---
---
---
---
---
---
---
---
---
---
---
---
---
---
---
---
---
---
---
---
---
---
---
---
---
---
---
---
Tag 2---------------
---
---
---
---
---
---
---
---
---
---
---
---
---
---
---
---
---
---
---
---
---
---
---
---
---
---
---
---
---
---
---
---
---
---
---
---
---
---
---
---
---
---
---
---
---
---
---
---
---
---
---
---
---
---
---
---
---
---
---
---
---
---
---
---
---
---
---
---
---
---
---
---
Tag 3---------------
---
---
---
---
---
---
---
---
---
---
---
---
---
---
---
---
---
---
---
---
---
---
---
---
---
---
---
---
---
---
Raum E303
---
---
---
---
---
---
---
---
---
---
---
---
---
---
---
---
---
---
---
---
---
---
---
---
---
---
---
---
---
---
---
---
---
---
---
---
---
---
---
---
---
Tag 4---------------
---
---
---
---
---
---
---
---
---
---
---
---
---
---
---
---
---
---
---
---
---
---
---
---
---
---
---
---
---
---
---
---
---
---
---
---
---
---
---
---
---
---
---
---
---
---
---
---
---
---
---
---
---
---
---
---
---
---
---
---
---
---
---
---
---
---
---
---
---
---
---
---

######################
Pape
Tag 0---------------
---
---
---
---
---
---
---
---
---
---
---
---
---
---
---
---
---
---
---
---
---
---
---
---
---
---
---
---
---
---
---
---
---
---
---
---
---
---
---
---
---
---
---
---
---
---
---
---
---
---
---
---
---
---
---
---
---
---
---
---
---
---
---
---
---
---
---
---
---
---
---
---
Tag 1---------------
---
---
---
---
---
---
---
---
---
---
---
---
---
---
---
---
---
---
---
---
---
---
---
---
---
---
---
---
---
---
---
---
---
---
---
---
---
---
---
---
---
---
---
---
Raum E305
---
---
---
---
---
---
---
---
---
---
---
---
---
---
---
---
---
---
---
---
---
---
---
---
---
---
---
Tag 2---------------
---
---
---
---
---
---
---
---
---
---
---
---
---
---
---
---
---
---
---
---
---
---
---
---
---
---
---
---
---
---
---
---
---
---
---
---
---
---
---
---
---
---
---
---
---
---
---
---
---
---
---
---
---
---
---
---
---
---
---
---
---
---
---
---
---
---
---
---
---
---
---
---
Tag 3---------------
---
---
---
---
---
---
---
---
---
---
---
---
---
---
---
---
---
---
---
---
---
---
---
---
---
---
---
---
---
---
---
---
---
---
---
---
---
---
---
---
---
---
---
---
---
---
---
---
---
---
---
---
---
---
---
---
---
---
---
---
---
---
---
---
---
---
---
---
---
---
---
---
Tag 4---------------
---
---
---
---
---
---
---
---
---
---
---
---
---
---
---
---
---
---
---
---
---
---
---
---
---
---
---
---
---
---
---
---
---
---
---
---
---
---
---
---
---
---
---
---
---
---
---
---
---
---
---
---
---
---
---
---
---
---
---
---
---
---
---
---
---
---
---
---
---
---
---
---

######################
Philipp
Tag 0---------------
Raum E201
Raum E201
Raum E201
---
---
---
---
---
---
---
---
---
---
---
Raum E213
---
---
---
---
---
---
---
---
---
---
---
---
---
---
---
---
Raum E303
Raum E303
---
---
---
---
---
---
---
---
---
---
---
---
---
---
---
---
---
---
---
---
---
---
---
---
---
---
---
---
---
---
---
---
---
---
---
---
---
---
---
Tag 1---------------
---
---
---
---
---
---
---
---
---
---
---
---
---
---
---
---
---
---
---
---
---
---
---
---
---
---
---
---
---
---
---
---
---
---
---
---
---
---
Raum E304
---
---
---
---
---
---
---
---
---
---
---
---
---
---
---
---
---
---
---
---
---
---
---
---
---
---
---
---
---
---
---
---
---
Tag 2---------------
Raum E201
Raum E201
Raum E201
---
---
---
---
---
---
Raum E203
Raum E203
---
---
---
---
---
---
---
---
---
---
---
---
---
---
---
---
---
---
---
---
---
---
---
---
---
---
---
---
---
---
---
Raum E305
Raum E305
Raum E305
---
---
---
---
---
---
---
---
---
---
---
---
---
---
---
---
---
---
---
---
---
---
---
---
---
---
---
Tag 3---------------
---
---
---
---
---
---
---
---
---
---
---
---
---
---
---
---
---
---
---
---
---
---
---
---
---
---
---
---
---
---
---
---
---
---
---
---
---
---
---
---
---
---
---
---
---
---
---
---
---
---
---
---
---
---
---
---
---
---
---
---
---
---
---
---
---
---
---
---
---
---
---
---
Tag 4---------------
Raum E201
Raum E201
Raum E201
---
---
---
---
---
---
---
---
---
---
---
---
---
---
---
---
---
---
---
---
---
---
---
---
---
---
---
Raum E303
Raum E303
Raum E303
---
---
---
---
---
---
---
---
---
---
---
---
---
---
---
---
---
---
---
---
---
---
---
---
---
---
---
---
---
---
---
---
---
---
---
---
---
---
---

######################
Regier
Tag 0---------------
---
---
---
---
---
---
---
---
---
---
---
---
---
---
---
---
---
---
---
---
---
---
---
---
---
---
---
---
---
---
---
---
---
---
---
---
---
---
---
---
---
---
---
---
---
---
---
---
---
---
---
---
---
---
---
---
---
---
---
---
---
---
---
---
---
---
---
---
---
---
---
---
Tag 1---------------
---
---
---
---
---
---
---
---
---
---
---
---
---
---
---
---
---
---
---
---
---
---
---
---
---
---
---
---
---
---
---
---
---
---
---
---
---
---
---
---
---
---
---
---
---
---
---
---
---
---
---
---
---
---
---
---
---
---
---
---
---
---
---
---
---
---
---
---
---
---
---
---
Tag 2---------------
---
---
---
---
---
---
---
---
---
---
---
---
---
---
---
---
---
---
---
---
---
---
---
---
---
---
---
---
---
---
---
---
---
---
---
---
---
---
---
---
---
---
---
---
---
---
---
---
---
---
---
---
---
---
---
---
---
---
---
---
---
---
---
---
---
---
---
---
---
---
---
---
Tag 3---------------
---
---
---
---
---
---
---
---
---
---
---
---
---
---
---
---
---
---
---
---
---
---
---
---
---
---
---
---
---
---
---
---
---
---
---
---
---
Raum E304
---
---
---
---
---
---
---
---
---
---
---
---
---
---
---
---
---
---
---
---
---
---
---
---
---
---
---
---
---
---
---
---
---
---
Tag 4---------------
---
---
---
---
---
---
---
---
---
---
---
---
---
---
---
---
---
---
---
---
---
---
---
---
---
---
---
---
---
---
---
---
---
---
---
---
---
---
---
---
---
---
---
---
---
---
---
---
---
---
---
---
---
---
---
---
---
---
---
---
---
---
---
---
---
---
---
---
---
---
---
---

######################
Reichhardt
Tag 0---------------
---
---
---
---
---
---
---
---
---
---
---
---
---
---
---
---
---
---
---
---
---
---
---
---
---
---
---
---
---
---
---
---
---
---
---
---
---
---
---
---
---
---
---
---
---
---
---
---
---
---
---
---
---
---
---
---
---
---
---
---
---
---
---
---
---
---
---
---
---
---
---
---
Tag 1---------------
---
---
---
---
---
---
---
---
---
---
---
---
---
---
---
---
---
---
---
---
---
---
---
---
---
---
---
---
---
---
---
---
---
---
---
---
---
---
---
---
---
---
---
---
---
---
---
---
---
---
---
---
---
---
---
---
---
---
---
---
---
---
---
---
---
---
---
---
---
---
---
---
Tag 2---------------
---
---
---
---
---
---
---
---
---
---
---
---
---
---
---
---
---
---
---
---
---
---
---
---
---
---
---
---
---
---
---
---
---
---
---
---
---
---
---
---
---
---
---
---
---
---
---
---
---
---
---
---
---
---
---
---
---
---
---
---
---
---
---
---
---
---
---
---
---
---
---
---
Tag 3---------------
---
---
---
---
---
---
---
---
---
---
---
---
---
---
---
---
---
---
---
---
---
---
---
---
---
---
---
---
---
---
---
---
---
---
---
---
---
---
---
---
---
---
---
---
---
---
---
---
---
---
---
---
---
---
---
---
---
---
---
---
---
---
---
---
---
---
---
---
---
---
---
---
Tag 4---------------
---
---
---
---
---
---
---
---
---
---
---
---
Raum E213
---
---
---
---
---
---
---
---
---
---
---
---
---
---
---
---
---
---
---
---
---
---
---
---
---
---
---
---
---
---
---
---
---
---
---
---
---
---
---
---
---
---
---
---
---
---
---
---
---
---
---
---
---
---
---
---
---
---
---

######################
Schaefer
Tag 0---------------
---
---
---
---
---
---
---
---
---
---
---
---
---
---
---
---
---
---
---
---
---
---
---
---
---
---
---
---
---
---
---
---
---
---
---
---
---
---
---
---
---
---
---
---
---
---
---
---
---
---
---
---
---
---
---
---
---
---
---
---
---
---
---
---
---
---
---
---
---
---
---
---
Tag 1---------------
---
---
---
---
---
---
---
---
---
---
---
---
---
---
---
---
---
---
---
---
---
---
---
---
---
---
---
---
---
---
---
---
---
---
---
---
---
---
---
---
---
---
---
---
---
---
---
---
---
---
---
---
---
---
---
---
---
---
---
---
---
---
---
---
---
---
---
---
---
---
---
---
Tag 2---------------
---
---
---
---
---
---
---
---
---
---
---
---
---
---
---
---
---
---
---
---
Raum E301
---
---
---
---
---
---
---
---
---
---
---
---
---
---
---
---
---
---
---
---
---
---
---
---
---
---
---
---
---
---
---
---
---
---
---
---
---
---
---
---
---
---
---
---
---
---
---
---
---
---
---
Tag 3---------------
---
---
---
---
---
---
---
---
---
---
---
---
---
---
---
---
---
---
---
---
---
---
---
---
---
---
---
---
---
---
---
---
---
---
---
---
---
---
---
---
---
---
---
---
---
---
---
---
---
---
---
---
---
---
---
---
---
---
---
---
---
---
---
---
---
---
---
---
---
---
---
---
Tag 4---------------
---
---
---
---
---
---
---
---
---
---
---
---
---
---
---
---
---
---
---
---
---
---
---
---
---
---
---
---
---
---
---
---
---
---
---
---
---
---
---
---
---
---
---
---
---
---
---
---
---
---
---
---
---
---
---
---
---
---
---
---
---
---
---
---
---
---
---
---
---
---
---
---

######################
Schmauch
Tag 0---------------
---
---
---
---
---
---
---
---
---
---
---
---
---
---
---
---
---
---
---
---
---
---
---
---
---
---
---
---
---
---
---
---
---
---
---
---
---
---
---
---
---
---
---
---
---
---
---
---
---
---
---
---
---
---
---
---
---
---
---
---
---
---
---
---
---
---
---
---
---
---
---
---
Tag 1---------------
---
---
---
---
---
---
---
---
---
---
---
---
---
---
---
---
---
---
---
---
---
---
---
---
---
---
---
---
---
---
---
---
---
---
---
---
---
---
---
---
---
---
---
---
---
---
---
---
---
---
---
---
---
---
---
---
---
---
---
---
---
---
---
---
---
---
---
---
---
---
---
---
Tag 2---------------
---
---
---
---
---
---
---
---
---
---
---
---
---
---
---
---
---
---
---
---
---
---
---
---
Raum E302
---
---
---
---
---
---
---
---
---
---
---
---
---
---
---
---
---
---
---
---
---
---
---
---
---
---
---
---
---
---
---
---
---
---
---
---
---
---
---
---
---
---
---
---
---
---
---
Tag 3---------------
---
---
---
---
---
---
---
---
---
---
---
---
---
---
---
---
---
---
---
---
---
---
---
---
---
---
---
---
---
---
---
---
---
---
---
---
---
---
---
---
---
---
---
---
---
---
---
---
---
---
---
---
---
---
---
---
---
---
---
---
---
---
---
---
---
---
---
---
---
---
---
---
Tag 4---------------
---
---
---
---
---
---
---
---
---
---
---
---
---
---
---
---
---
---
---
---
---
---
---
---
---
---
---
---
---
---
---
---
---
---
---
---
---
---
---
---
---
---
---
---
---
---
---
---
---
---
---
---
---
---
---
---
---
---
---
---
---
---
---
---
---
---
---
---
---
---
---
---

######################
Schmidt
Tag 0---------------
---
---
---
---
---
---
---
---
---
---
---
---
---
---
---
---
---
---
---
---
---
---
---
---
---
---
---
---
---
---
---
---
---
---
---
---
---
---
---
---
---
---
---
---
---
---
---
---
---
---
---
---
---
---
---
---
---
---
---
---
---
---
---
---
---
---
---
---
---
---
---
---
Tag 1---------------
Raum E201
---
---
---
---
---
---
---
---
---
---
---
---
---
---
---
---
---
---
---
---
---
---
---
---
---
---
---
---
---
---
---
---
---
---
---
---
---
---
---
---
---
---
---
---
---
---
---
---
---
---
---
---
---
---
---
---
---
---
---
---
---
---
---
---
---
---
---
---
---
---
---
Tag 2---------------
---
---
---
---
---
---
---
---
---
---
---
---
---
---
---
---
---
---
---
---
---
---
---
---
---
---
---
---
---
---
---
---
---
---
---
---
---
---
---
---
---
---
---
---
---
---
---
---
---
---
---
---
---
---
---
---
---
---
---
---
---
---
---
---
---
---
---
---
---
---
---
---
Tag 3---------------
---
---
---
---
---
---
---
---
---
---
---
---
---
---
---
---
---
---
---
---
---
---
---
---
---
---
---
---
---
---
---
---
---
---
---
---
---
---
---
---
---
---
---
---
---
---
---
---
---
---
---
---
---
---
---
---
---
---
---
---
---
---
---
---
---
---
---
---
---
---
---
---
Tag 4---------------
---
---
---
---
---
---
---
---
---
---
---
---
---
---
---
---
---
---
---
---
---
---
---
---
---
---
---
---
---
---
---
---
---
---
---
---
---
---
---
---
---
---
---
---
---
---
---
---
---
---
---
---
---
---
---
---
---
---
---
---
---
---
---
---
---
---
---
---
---
---
---
---

######################
Seifert
Tag 0---------------
---
---
---
---
---
---
---
---
---
---
---
---
---
---
---
---
---
---
---
---
---
---
---
---
---
---
---
---
---
---
---
---
---
---
---
---
---
---
---
---
---
---
---
---
---
---
---
---
---
---
---
---
---
---
---
---
---
---
---
---
---
---
---
---
---
---
---
---
---
---
---
---
Tag 1---------------
---
---
---
---
---
---
---
---
---
---
---
---
---
---
---
---
---
---
---
---
---
---
---
---
---
---
---
---
---
---
---
---
---
---
---
---
---
---
---
---
---
---
---
---
---
---
---
---
---
---
---
---
---
---
---
---
---
---
---
---
---
---
---
---
---
---
---
---
---
---
---
---
Tag 2---------------
---
---
---
---
---
---
---
---
---
---
---
---
---
---
---
---
---
---
---
---
---
---
---
---
---
---
---
---
---
---
---
---
---
---
---
---
---
---
---
---
---
---
---
---
---
---
---
---
---
---
---
---
---
---
---
---
---
---
---
---
---
---
---
---
---
---
---
---
---
---
---
---
Tag 3---------------
---
---
---
---
---
---
---
---
---
---
---
---
---
---
---
---
---
---
---
---
---
---
---
---
---
---
---
---
---
---
---
---
---
---
---
---
---
---
---
---
---
---
---
---
---
---
---
---
---
---
---
---
---
---
---
---
---
---
---
---
---
---
---
---
---
---
---
---
---
---
---
---
Tag 4---------------
---
---
---
---
---
---
---
---
---
---
---
---
---
---
---
---
---
---
---
---
---
---
---
---
Raum E302
---
---
---
---
---
---
---
---
---
---
---
---
---
---
---
---
---
---
---
---
---
---
---
---
---
---
---
---
---
---
---
---
---
---
---
---
---
---
---
---
---
---
---
---
---
---
---

######################
Senger
Tag 0---------------
---
---
---
---
---
---
---
---
---
---
---
---
---
---
---
---
---
---
Raum E301
---
---
---
---
---
---
---
---
---
---
---
---
---
---
---
---
---
---
---
---
---
---
---
---
---
---
---
---
---
---
---
---
---
---
---
---
---
---
---
---
---
---
---
---
---
---
---
---
---
---
---
---
---
Tag 1---------------
---
---
---
---
---
---
---
---
---
---
---
---
---
---
---
---
---
---
---
---
---
---
---
---
---
---
---
---
---
---
---
---
---
---
---
---
---
---
---
---
---
---
---
---
---
---
---
---
---
---
---
---
---
---
---
---
---
---
---
---
---
---
---
---
---
---
---
---
---
---
---
---
Tag 2---------------
---
---
---
---
---
---
---
---
---
---
---
---
---
---
---
---
---
---
---
---
---
---
---
---
---
---
---
---
---
---
---
---
---
---
---
---
---
---
---
---
---
---
---
---
---
---
---
---
---
---
---
---
---
---
---
---
---
---
---
---
---
---
---
---
---
---
---
---
---
---
---
---
Tag 3---------------
---
---
---
---
---
---
---
---
---
---
---
---
---
---
---
---
---
---
---
---
---
---
---
---
---
---
---
---
---
---
---
---
---
---
---
---
---
---
---
---
---
---
---
---
---
---
---
---
---
---
---
---
---
---
---
---
---
---
---
---
---
---
---
---
---
---
---
---
---
---
---
---
Tag 4---------------
---
---
---
---
---
---
---
---
---
---
---
---
---
---
---
---
---
---
---
---
---
---
---
---
---
---
---
---
---
---
---
---
---
---
---
---
---
---
---
---
---
---
---
---
---
---
---
---
---
---
---
---
---
---
---
---
---
---
---
---
---
---
---
---
---
---
---
---
---
---
---
---

######################
Vogelsang
Tag 0---------------
---
---
---
---
---
---
---
---
---
---
---
---
---
---
---
---
---
---
---
---
---
---
---
---
---
---
---
---
---
---
---
---
---
---
---
---
---
---
---
---
---
---
---
---
---
---
---
---
---
---
---
---
---
---
---
---
---
---
---
---
---
---
---
---
---
---
---
---
---
---
---
---
Tag 1---------------
---
---
---
---
---
---
---
---
---
---
---
---
---
---
---
---
---
---
---
---
---
---
---
---
---
---
---
---
---
---
---
---
---
---
---
---
---
---
---
---
---
---
---
---
---
---
---
---
---
---
---
---
---
---
---
---
---
---
---
---
---
---
---
---
---
---
---
---
---
---
---
---
Tag 2---------------
---
---
---
---
---
---
---
---
---
---
---
---
---
---
---
---
---
---
---
---
---
---
---
---
---
---
---
---
---
---
---
---
---
---
---
---
---
---
---
---
---
---
---
---
---
---
---
---
---
---
---
---
---
---
---
---
---
---
---
---
---
---
---
---
---
---
---
---
---
---
---
---
Tag 3---------------
---
---
---
---
---
---
---
---
---
---
---
---
---
---
---
---
---
---
---
---
---
---
---
---
---
---
---
---
---
---
---
---
---
---
---
---
---
---
---
---
---
---
---
---
---
---
---
---
---
---
---
---
---
---
---
---
---
---
---
---
---
---
---
---
---
---
---
---
---
---
---
---
Tag 4---------------
---
---
---
---
---
---
---
---
---
---
---
---
---
Raum E213
---
---
---
---
---
---
---
---
---
---
---
---
---
---
---
---
---
---
---
---
---
---
---
---
---
---
---
---
---
---
---
---
---
---
---
---
---
---
---
---
---
---
---
---
---
---
---
---
---
---
---
---
---
---
---
---
---
---

######################
Weidner
Tag 0---------------
---
---
---
---
---
---
---
---
---
---
---
---
---
---
---
---
---
---
---
---
---
---
---
---
---
---
---
---
---
---
---
---
---
---
---
---
---
---
---
---
---
---
---
---
---
---
---
---
---
---
---
---
---
---
---
---
---
---
---
---
---
---
---
---
---
---
---
---
---
---
---
---
Tag 1---------------
---
---
---
---
---
---
---
---
---
---
---
---
---
---
---
---
---
---
---
---
---
---
---
---
Raum E302
Raum E302
---
---
---
---
---
---
---
---
---
---
---
---
---
---
---
---
---
---
---
---
---
---
---
---
---
---
---
---
---
---
---
---
---
---
---
---
---
---
---
---
---
---
---
---
---
---
Tag 2---------------
---
---
---
---
---
---
---
---
---
---
---
---
---
---
---
---
---
---
---
---
---
---
---
---
---
---
---
---
---
---
---
---
---
---
---
---
---
---
---
---
---
---
---
---
---
---
---
---
---
---
---
---
---
---
---
---
---
---
---
---
---
---
---
---
---
---
---
---
---
---
---
---
Tag 3---------------
---
---
---
---
---
---
---
---
---
---
---
---
---
---
---
---
---
---
Raum E301
Raum E301
---
---
---
---
---
---
---
---
---
---
---
---
---
---
---
---
---
---
---
---
---
---
---
---
---
---
---
---
---
---
---
---
---
---
---
---
---
---
---
---
---
---
---
---
---
---
---
---
---
---
---
---
Tag 4---------------
---
---
---
---
---
---
---
---
---
---
---
---
---
---
---
---
---
---
---
---
---
---
---
---
---
---
---
---
---
---
---
---
---
---
---
---
---
---
---
---
---
---
---
---
---
---
---
---
---
---
---
---
---
---
---
---
---
---
---
---
---
---
---
---
---
---
---
---
---
---
---
---

######################
Wirth
Tag 0---------------
---
---
---
---
---
---
---
---
---
---
---
---
---
---
---
---
---
---
---
---
---
---
---
---
---
---
---
---
---
---
---
---
---
---
---
---
---
---
---
---
---
---
---
---
---
---
---
---
---
---
---
---
---
---
---
---
---
---
---
---
---
---
---
---
---
---
---
---
---
---
---
---
Tag 1---------------
---
---
---
---
---
---
---
---
---
---
---
---
---
---
---
---
---
---
---
---
---
---
---
---
---
---
---
---
---
---
---
---
---
---
---
---
---
---
---
---
---
---
---
---
---
---
---
---
---
---
---
---
---
---
---
---
---
---
---
---
---
---
---
---
---
---
---
---
---
---
---
---
Tag 2---------------
---
---
---
---
---
---
---
---
---
---
---
---
---
---
---
---
---
---
---
Raum E301
---
---
---
---
---
---
---
---
---
---
---
---
---
---
---
---
---
---
---
---
---
---
---
---
---
---
---
---
---
---
---
---
---
---
---
---
---
---
---
---
---
---
---
---
---
---
---
---
---
---
---
---
Tag 3---------------
---
---
---
---
---
---
---
---
---
---
---
---
---
---
---
---
---
---
---
---
---
---
---
---
---
---
---
---
---
---
---
---
---
---
---
---
---
---
---
---
---
---
---
---
---
---
---
---
---
---
---
---
---
---
---
---
---
---
---
---
---
---
---
---
---
---
---
---
---
---
---
---
Tag 4---------------
---
---
---
---
---
---
---
---
---
---
---
---
---
---
---
---
---
---
---
---
---
---
---
---
---
---
---
---
---
---
---
---
---
---
---
---
---
---
---
---
---
---
---
---
---
---
---
---
---
---
---
---
---
---
---
---
---
---
---
---
---
---
---
---
---
---
---
---
---
---
---
---

######################
Zimmermann
Tag 0---------------
---
---
---
---
---
---
---
---
---
---
---
---
---
---
---
---
---
---
---
---
---
---
---
---
---
---
---
---
---
---
---
---
---
---
---
---
---
---
---
---
---
---
---
---
---
---
---
---
---
---
---
---
---
---
---
---
---
---
---
---
---
---
---
---
---
---
---
---
---
---
---
---
Tag 1---------------
---
---
---
---
---
---
---
---
---
---
---
---
---
---
---
---
---
---
---
---
---
---
---
---
---
---
---
---
---
---
---
---
---
---
---
---
---
---
---
---
---
---
---
---
---
---
---
---
---
---
---
---
---
---
---
---
---
---
---
---
---
---
---
---
---
---
---
---
---
---
---
---
Tag 2---------------
---
---
---
---
---
---
---
---
---
---
---
---
---
---
---
---
---
---
---
---
---
---
---
---
---
---
---
---
---
---
---
---
---
---
---
---
---
---
---
---
---
---
---
---
---
---
---
---
---
---
---
---
---
---
---
---
---
---
---
---
---
---
---
---
---
---
---
---
---
---
---
---
Tag 3---------------
---
---
---
---
---
---
---
---
---
---
---
---
---
---
---
---
---
---
---
---
---
---
---
---
---
---
---
---
---
---
---
---
---
---
---
---
---
---
---
---
---
---
---
---
---
---
---
---
---
---
---
---
---
---
---
---
---
---
---
---
---
---
---
---
---
---
---
---
---
---
---
---
Tag 4---------------
---
---
---
---
---
---
---
---
---
---
---
---
---
---
---
---
---
---
---
---
---
---
---
---
---
---
---
---
---
---
---
---
---
---
---
---
---
---
---
---
---
---
---
---
---
---
---
---
---
---
---
---
---
---
---
---
---
---
---
---
---
---
---
---
---
---
---
---
---
---
---
---

</DebugTrace>
      </Output>
    </UnitTestResult>
  </Results>
</TestRun>