<?xml version="1.0" encoding="UTF-8"?>
<TestRun id="c72bfef2-4486-4173-aed7-079698031934" name="FloLap@FLOLAP-PC 2011-10-19 15:28:59" runUser="FloLap-PC\FloLap" xmlns="http://microsoft.com/schemas/VisualStudio/TeamTest/2010">
  <TestSettings name="Lokal" id="6ed96bb3-d821-4eee-a79d-3a3069da9890">
    <Description>Dies sind die standardmäßigen Testeinstellungen für einen lokalen Testlauf.</Description>
    <Deployment enabled="false" runDeploymentRoot="FloLap_FLOLAP-PC 2011-10-19 15_28_59">
      <DeploymentItem filename="E:\HsKA\Semester2\Projektarbeit\Stundenplangenerator\TimetablePlanner\TimetablePlanner\bin\Debug\TimetablePlanner.dll" />
    </Deployment>
    <Execution>
      <TestTypeSpecific />
      <AgentRule name="Execution Agents">
      </AgentRule>
    </Execution>
  </TestSettings>
  <Times creation="2011-10-19T15:28:59.9597088+02:00" queuing="2011-10-19T15:29:00.9269105+02:00" start="2011-10-19T15:29:01.0049106+02:00" finish="2011-10-19T15:29:08.2433234+02:00" />
  <ResultSummary outcome="Completed">
    <Counters total="1" executed="1" passed="1" error="0" failed="0" timeout="0" aborted="0" inconclusive="0" passedButRunAborted="0" notRunnable="0" notExecuted="0" disconnected="0" warning="0" completed="0" inProgress="0" pending="0" />
  </ResultSummary>
  <TestDefinitions>
    <UnitTest name="createTimetableInstanceTest" storage="e:\hska\semester2\projektarbeit\stundenplangenerator\timetableplanner\timetableplannertests\bin\debug\timetableplannertests.dll" id="ab441b29-9837-01bf-f43f-7839c8f73716">
      <Execution id="eb2f824c-d916-4054-bac4-b632d81edc21" />
      <TestMethod codeBase="E:/HsKA/Semester2/Projektarbeit/Stundenplangenerator/TimetablePlanner/TimetablePlannerTests/bin/Debug/TimetablePlannerTests.DLL" adapterTypeName="Microsoft.VisualStudio.TestTools.TestTypes.Unit.UnitTestAdapter, Microsoft.VisualStudio.QualityTools.Tips.UnitTest.Adapter, Version=10.0.0.0, Culture=neutral, PublicKeyToken=b03f5f7f11d50a3a" className="TimetablePlannerTests.TimetableTest, TimetablePlannerTests, Version=1.0.0.0, Culture=neutral, PublicKeyToken=null" name="createTimetableInstanceTest" />
    </UnitTest>
  </TestDefinitions>
  <TestLists>
    <TestList name="Nicht in einer Liste enthaltene Ergebnisse" id="8c84fa94-04c1-424b-9868-57a2d4851a1d" />
    <TestList name="Alle geladenen Ergebnisse" id="19431567-8539-422a-85d7-44ee4e166bda" />
  </TestLists>
  <TestEntries>
    <TestEntry testId="ab441b29-9837-01bf-f43f-7839c8f73716" executionId="eb2f824c-d916-4054-bac4-b632d81edc21" testListId="8c84fa94-04c1-424b-9868-57a2d4851a1d" />
  </TestEntries>
  <Results>
    <UnitTestResult executionId="eb2f824c-d916-4054-bac4-b632d81edc21" testId="ab441b29-9837-01bf-f43f-7839c8f73716" testName="createTimetableInstanceTest" computerName="FLOLAP-PC" duration="00:00:05.8839444" startTime="2011-10-19T15:29:01.0829108+02:00" endTime="2011-10-19T15:29:08.1497232+02:00" testType="13cdc9d9-ddb5-4fa4-a97d-d965ccfc6d4b" outcome="Passed" testListId="8c84fa94-04c1-424b-9868-57a2d4851a1d" relativeResultsDirectory="eb2f824c-d916-4054-bac4-b632d81edc21">
      <Output>
        <DebugTrace>Time to create population of size 75: 670ms
391
350
317
294
291
253
250
249
247
244
242
242
241
241
223
220
220
220
220
217
216
215
209
207
203
203
199
197
194
194
191
191
190
182
181
175
173
172
170
170
169
167
167
164
158
156
155
152
152
144
143
137
131
128
125
120
113
113
106
105
99
99
98
97
96
84
71
61
47
46
42
37
37
28
22
Early abort after 135 generations.
Mean time per generation: 27ms
Evolution time: 3744ms
679
679
679
676
676
676
676
676
676
676
676
676
676
676
676
676
676
676
676
676
676
676
676
676
676
676
673
673
673
673
673
673
673
673
673
673
673
673
673
673
673
673
673
673
673
673
673
673
673
673
673
673
673
673
673
673
670
670
670
670
670
670
670
670
670
670
670
670
670
670
670
670
670
670
670

Group 0
Block 0: 004 009 011 010 006 
Block 1: 002 000 003 001 005 
Block 2: --- 008 --- 007 --- 
Block 3: --- --- --- 012 --- 
Block 4: --- --- --- 012 --- 
Block 5: --- --- --- --- --- 

Group 1
Block 0: 025 021 018 015 019 
Block 1: 025 016 018 020 017 
Block 2: 025 014 --- 022 017 
Block 3: 024 --- 023 --- --- 
Block 4: 013 --- --- --- --- 
Block 5: --- --- --- --- --- 

Group 2
Block 0: 034 026 031 030 036 
Block 1: 028 033 035 032 036 
Block 2: 029 027 --- --- 036 
Block 3: --- --- --- --- --- 
Block 4: --- --- --- --- --- 
Block 5: --- --- --- --- --- 

Group 3
Block 0: 044 045 042 046 040 
Block 1: 041 045 043 038 039 
Block 2: 037 --- --- --- --- 
Block 3: --- --- --- --- --- 
Block 4: --- --- --- --- --- 
Block 5: --- --- --- --- --- 

Lecturer 0
Block 0: --- 045 --- 046 036 
Block 1: --- 045 --- --- 036 
Block 2: --- --- --- --- 036 
Block 3: --- --- --- --- --- 
Block 4: --- --- --- --- --- 
Block 5: --- --- --- --- --- 

Lecturer 1
Block 0: --- --- 018 --- --- 
Block 1: --- --- 018 --- 017 
Block 2: --- --- --- --- 017 
Block 3: --- --- --- 012 --- 
Block 4: --- --- --- 012 --- 
Block 5: --- --- --- --- --- 

Lecturer 2
Block 0: --- --- --- --- --- 
Block 1: --- --- --- --- --- 
Block 2: --- --- --- --- --- 
Block 3: --- --- --- --- --- 
Block 4: --- --- --- --- --- 
Block 5: --- --- --- --- --- 

Lecturer 3
Block 0: --- --- --- --- --- 
Block 1: --- --- --- --- --- 
Block 2: 037 --- --- --- --- 
Block 3: --- --- --- --- --- 
Block 4: --- --- --- --- --- 
Block 5: --- --- --- --- --- 

Lecturer 4
Block 0: 025 --- --- --- --- 
Block 1: 025 --- --- --- --- 
Block 2: 025 --- --- --- --- 
Block 3: 024 --- 023 --- --- 
Block 4: --- --- --- --- --- 
Block 5: --- --- --- --- --- 

Lecturer 5
Block 0: --- --- --- --- --- 
Block 1: --- --- --- --- --- 
Block 2: --- --- --- --- --- 
Block 3: --- --- --- --- --- 
Block 4: --- --- --- --- --- 
Block 5: --- --- --- --- --- 

Lecturer 6
Block 0: --- --- --- --- --- 
Block 1: --- --- --- 032 --- 
Block 2: --- --- --- --- --- 
Block 3: --- --- --- --- --- 
Block 4: --- --- --- --- --- 
Block 5: --- --- --- --- --- 

Lecturer 7
Block 0: --- --- --- --- --- 
Block 1: --- --- --- --- --- 
Block 2: --- --- --- --- --- 
Block 3: --- --- --- --- --- 
Block 4: --- --- --- --- --- 
Block 5: --- --- --- --- --- 

Lecturer 8
Block 0: --- --- --- --- --- 
Block 1: --- --- --- --- --- 
Block 2: --- --- --- --- --- 
Block 3: --- --- --- --- --- 
Block 4: --- --- --- --- --- 
Block 5: --- --- --- --- --- 

Lecturer 9
Block 0: --- --- 031 --- --- 
Block 1: --- --- --- --- 039 
Block 2: --- --- --- --- --- 
Block 3: --- --- --- --- --- 
Block 4: --- --- --- --- --- 
Block 5: --- --- --- --- --- 

Lecturer 10
Block 0: --- --- --- --- --- 
Block 1: --- 033 --- --- --- 
Block 2: --- --- --- --- --- 
Block 3: --- --- --- --- --- 
Block 4: --- --- --- --- --- 
Block 5: --- --- --- --- --- 

Lecturer 11
Block 0: --- --- --- --- --- 
Block 1: --- --- --- --- --- 
Block 2: --- --- --- --- --- 
Block 3: --- --- --- --- --- 
Block 4: --- --- --- --- --- 
Block 5: --- --- --- --- --- 

Lecturer 12
Block 0: --- --- --- 030 --- 
Block 1: --- --- --- --- --- 
Block 2: 029 --- --- --- --- 
Block 3: --- --- --- --- --- 
Block 4: --- --- --- --- --- 
Block 5: --- --- --- --- --- 

Lecturer 13
Block 0: 004 --- --- --- --- 
Block 1: --- --- 003 --- 005 
Block 2: --- 027 --- --- --- 
Block 3: --- --- --- --- --- 
Block 4: --- --- --- --- --- 
Block 5: --- --- --- --- --- 

Lecturer 14
Block 0: --- --- --- --- --- 
Block 1: --- --- --- --- --- 
Block 2: --- --- --- --- --- 
Block 3: --- --- --- --- --- 
Block 4: --- --- --- --- --- 
Block 5: --- --- --- --- --- 

Lecturer 15
Block 0: 034 --- --- --- --- 
Block 1: --- --- --- --- --- 
Block 2: --- --- --- --- --- 
Block 3: --- --- --- --- --- 
Block 4: --- --- --- --- --- 
Block 5: --- --- --- --- --- 

Lecturer 16
Block 0: --- --- 042 --- 006 
Block 1: --- --- --- 020 --- 
Block 2: --- --- --- 007 --- 
Block 3: --- --- --- --- --- 
Block 4: --- --- --- --- --- 
Block 5: --- --- --- --- --- 

Lecturer 17
Block 0: 044 021 --- --- --- 
Block 1: --- --- --- --- --- 
Block 2: --- --- --- 022 --- 
Block 3: --- --- --- --- --- 
Block 4: --- --- --- --- --- 
Block 5: --- --- --- --- --- 

Lecturer 18
Block 0: 025 026 --- --- --- 
Block 1: 025 --- --- --- --- 
Block 2: 025 --- --- --- --- 
Block 3: --- --- --- --- --- 
Block 4: --- --- --- --- --- 
Block 5: --- --- --- --- --- 

Lecturer 19
Block 0: --- --- --- --- --- 
Block 1: --- --- --- --- --- 
Block 2: --- --- --- --- --- 
Block 3: --- --- --- --- --- 
Block 4: --- --- --- --- --- 
Block 5: --- --- --- --- --- 

Lecturer 20
Block 0: --- --- --- --- --- 
Block 1: --- --- --- --- --- 
Block 2: --- --- --- --- --- 
Block 3: --- --- --- --- --- 
Block 4: --- --- --- --- --- 
Block 5: --- --- --- --- --- 

Lecturer 21
Block 0: --- --- --- --- --- 
Block 1: --- --- --- --- --- 
Block 2: --- --- --- --- --- 
Block 3: --- --- --- --- --- 
Block 4: --- --- --- --- --- 
Block 5: --- --- --- --- --- 

Lecturer 22
Block 0: --- --- --- --- --- 
Block 1: --- --- --- --- --- 
Block 2: --- --- --- --- --- 
Block 3: --- --- --- --- --- 
Block 4: --- --- --- --- --- 
Block 5: --- --- --- --- --- 

Lecturer 23
Block 0: --- --- --- --- --- 
Block 1: --- --- --- --- --- 
Block 2: --- --- --- --- --- 
Block 3: --- --- --- --- --- 
Block 4: --- --- --- --- --- 
Block 5: --- --- --- --- --- 

Lecturer 24
Block 0: --- --- --- --- --- 
Block 1: 028 --- --- --- --- 
Block 2: --- --- --- --- --- 
Block 3: --- --- --- --- --- 
Block 4: --- --- --- --- --- 
Block 5: --- --- --- --- --- 

Lecturer 25
Block 0: --- --- --- --- --- 
Block 1: --- --- --- --- --- 
Block 2: --- --- --- --- --- 
Block 3: --- --- --- --- --- 
Block 4: --- --- --- --- --- 
Block 5: --- --- --- --- --- 

Lecturer 26
Block 0: --- --- --- --- 019 
Block 1: 002 000 043 001 --- 
Block 2: --- --- --- --- --- 
Block 3: --- --- --- --- --- 
Block 4: --- --- --- --- --- 
Block 5: --- --- --- --- --- 

Lecturer 27
Block 0: --- --- --- --- --- 
Block 1: --- --- 035 --- --- 
Block 2: --- --- --- --- --- 
Block 3: --- --- --- --- --- 
Block 4: --- --- --- --- --- 
Block 5: --- --- --- --- --- 

Lecturer 28
Block 0: --- --- --- --- --- 
Block 1: --- --- --- --- --- 
Block 2: --- --- --- --- --- 
Block 3: --- --- --- --- --- 
Block 4: --- --- --- --- --- 
Block 5: --- --- --- --- --- 

Lecturer 29
Block 0: --- --- --- --- --- 
Block 1: --- --- --- --- --- 
Block 2: --- --- --- --- --- 
Block 3: --- --- --- --- --- 
Block 4: --- --- --- --- --- 
Block 5: --- --- --- --- --- 

Lecturer 30
Block 0: --- 009 011 010 040 
Block 1: 041 --- --- --- --- 
Block 2: --- 008 --- --- --- 
Block 3: --- --- --- --- --- 
Block 4: --- --- --- --- --- 
Block 5: --- --- --- --- --- 

Lecturer 31
Block 0: --- --- --- --- --- 
Block 1: --- --- --- --- --- 
Block 2: --- --- --- --- --- 
Block 3: --- --- --- --- --- 
Block 4: --- --- --- --- --- 
Block 5: --- --- --- --- --- 

Lecturer 32
Block 0: --- --- --- --- --- 
Block 1: --- --- --- --- --- 
Block 2: --- --- --- --- --- 
Block 3: --- --- --- --- --- 
Block 4: --- --- --- --- --- 
Block 5: --- --- --- --- --- 

Lecturer 33
Block 0: --- --- --- --- --- 
Block 1: --- --- --- --- --- 
Block 2: --- --- --- --- --- 
Block 3: --- --- --- --- --- 
Block 4: --- --- --- --- --- 
Block 5: --- --- --- --- --- 

Lecturer 34
Block 0: --- --- --- --- --- 
Block 1: --- --- --- --- --- 
Block 2: --- --- --- --- --- 
Block 3: --- --- --- --- --- 
Block 4: --- --- --- --- --- 
Block 5: --- --- --- --- --- 

Lecturer 35
Block 0: --- --- --- 015 --- 
Block 1: --- 016 --- 038 --- 
Block 2: --- 014 --- --- --- 
Block 3: --- --- --- --- --- 
Block 4: 013 --- --- --- --- 
Block 5: --- --- --- --- --- 

Lecturer 36
Block 0: --- --- --- 015 --- 
Block 1: --- 016 --- --- --- 
Block 2: --- --- --- --- --- 
Block 3: --- --- --- --- --- 
Block 4: --- --- --- --- --- 
Block 5: --- --- --- --- --- 

Lecturer 37
Block 0: --- --- --- --- --- 
Block 1: --- --- --- --- --- 
Block 2: --- --- --- --- --- 
Block 3: --- --- --- --- --- 
Block 4: --- --- --- --- --- 
Block 5: --- --- --- --- --- 

Lecturer 38
Block 0: --- --- --- --- --- 
Block 1: --- --- --- --- --- 
Block 2: --- --- --- --- --- 
Block 3: --- --- --- --- --- 
Block 4: --- --- --- --- --- 
Block 5: --- --- --- --- --- 
</DebugTrace>
      </Output>
    </UnitTestResult>
  </Results>
</TestRun>