<?xml version="1.0" encoding="UTF-8"?>
<TestRun id="e9d05b74-3cc6-491e-b19f-4ae9aaed6a32" name="FloLap@FLOLAP-PC 2011-10-19 19:23:13" runUser="FloLap-PC\FloLap" xmlns="http://microsoft.com/schemas/VisualStudio/TeamTest/2010">
  <TestSettings name="Lokal" id="6ed96bb3-d821-4eee-a79d-3a3069da9890">
    <Description>Dies sind die standardmäßigen Testeinstellungen für einen lokalen Testlauf.</Description>
    <Deployment enabled="false" runDeploymentRoot="FloLap_FLOLAP-PC 2011-10-19 19_23_13">
      <DeploymentItem filename="E:\HsKA\Semester2\Projektarbeit\Stundenplangenerator\TimetablePlanner\TimetablePlanner\bin\Debug\TimetablePlanner.dll" />
    </Deployment>
    <Execution>
      <TestTypeSpecific />
      <AgentRule name="Execution Agents">
      </AgentRule>
    </Execution>
  </TestSettings>
  <Times creation="2011-10-19T19:23:13.3166420+02:00" queuing="2011-10-19T19:23:14.3462438+02:00" start="2011-10-19T19:23:14.4554440+02:00" finish="2011-10-19T19:23:23.8978797+02:00" />
  <ResultSummary outcome="Completed">
    <Counters total="1" executed="1" passed="1" error="0" failed="0" timeout="0" aborted="0" inconclusive="0" passedButRunAborted="0" notRunnable="0" notExecuted="0" disconnected="0" warning="0" completed="0" inProgress="0" pending="0" />
  </ResultSummary>
  <TestDefinitions>
    <UnitTest name="createTimetableInstanceTest" storage="e:\hska\semester2\projektarbeit\stundenplangenerator\timetableplanner\timetableplannertests\bin\debug\timetableplannertests.dll" id="ab441b29-9837-01bf-f43f-7839c8f73716">
      <Execution id="161a8a8c-d569-481a-8ac7-bdd0028b141a" />
      <TestMethod codeBase="E:/HsKA/Semester2/Projektarbeit/Stundenplangenerator/TimetablePlanner/TimetablePlannerTests/bin/Debug/TimetablePlannerTests.DLL" adapterTypeName="Microsoft.VisualStudio.TestTools.TestTypes.Unit.UnitTestAdapter, Microsoft.VisualStudio.QualityTools.Tips.UnitTest.Adapter, Version=10.0.0.0, Culture=neutral, PublicKeyToken=b03f5f7f11d50a3a" className="TimetablePlannerTests.TimetableTest, TimetablePlannerTests, Version=1.0.0.0, Culture=neutral, PublicKeyToken=null" name="createTimetableInstanceTest" />
    </UnitTest>
  </TestDefinitions>
  <TestLists>
    <TestList name="Nicht in einer Liste enthaltene Ergebnisse" id="8c84fa94-04c1-424b-9868-57a2d4851a1d" />
    <TestList name="Alle geladenen Ergebnisse" id="19431567-8539-422a-85d7-44ee4e166bda" />
  </TestLists>
  <TestEntries>
    <TestEntry testId="ab441b29-9837-01bf-f43f-7839c8f73716" executionId="161a8a8c-d569-481a-8ac7-bdd0028b141a" testListId="8c84fa94-04c1-424b-9868-57a2d4851a1d" />
  </TestEntries>
  <Results>
    <UnitTestResult executionId="161a8a8c-d569-481a-8ac7-bdd0028b141a" testId="ab441b29-9837-01bf-f43f-7839c8f73716" testName="createTimetableInstanceTest" computerName="FLOLAP-PC" duration="00:00:08.0152628" startTime="2011-10-19T19:23:14.5178441+02:00" endTime="2011-10-19T19:23:23.7858732+02:00" testType="13cdc9d9-ddb5-4fa4-a97d-d965ccfc6d4b" outcome="Passed" testListId="8c84fa94-04c1-424b-9868-57a2d4851a1d" relativeResultsDirectory="161a8a8c-d569-481a-8ac7-bdd0028b141a">
      <Output>
        <DebugTrace>Time to create population of size 75: 608ms
388
351
337
333
313
305
270
263
255
248
241
230
223
223
211
209
197
185
184
182
182
179
174
143
142
126
125
122
113
108
95
94
92
74
71
71
67
66
60
60
45
32
32
29
29
25
18
18
16
14
10
-2
-3
-3
-6
-8
-30
-30
-33
-65
-67
-74
-78
-84
-86
-108
-126
-132
-141
-144
-157
-190
-196
-244
-272
Early abort after 178 generations.
Mean time per generation: 38ms
Mean fitness increase per generation
146
69
56
41
28
15
13
13
15
14
12
15
13
7
8
8
6
9
9
9
13
8
8
6
8
4
7
6
6
6
5
6
4
5
4
7
6
5
6
5
5
5
5
3
4
4
4
4
3
3
2
2
3
4
4
3
5
4
6
3
3
1
1
3
4
4
3
1
3
2
2
4
5
3
4
3
5
5
4
3
3
3
2
1
3
3
3
2
3
2
2
2
1
2
1
3
2
1
1
1
1
2
2
1
3
1
2
0
1
1
3
2
1
1
0
0
1
1
1
0
0
1
0
2
1
2
1
2
0
1
0
2
0
2
1
2
1
0
1
0
1
1
0
1
2
0
1
1
1
0
1
0
1
0
0
0
0
1
1
0
1
2
1
1
0
1
0
1
0
0
0
0
0
1
0
1
1
1
1
Evolution time: 7058ms
958
952
952
952
949
949
949
949
949
949
949
949
949
949
949
949
949
949
949
949
949
949
949
949
949
949
949
949
949
949
949
949
949
949
949
949
949
949
949
949
949
949
949
949
949
949
949
949
949
949
949
949
946
946
946
946
946
946
946
946
946
946
946
946
946
946
946
946
946
946
946
946
946
946
946

Group 0
Block 0: 007 012 000 002 006 
Block 1: 001 012 010 011 003 
Block 2: 005 008 --- 004 009 
Block 3: --- --- --- --- --- 
Block 4: --- --- --- --- --- 
Block 5: --- --- --- --- --- 

Group 1
Block 0: 013 019 022 025 021 
Block 1: 024 023 014 025 017 
Block 2: 016 015 --- 025 017 
Block 3: --- 018 --- --- 020 
Block 4: --- 018 --- --- --- 
Block 5: --- --- --- --- --- 

Group 2
Block 0: 035 031 033 030 026 
Block 1: 032 028 027 --- --- 
Block 2: --- --- --- --- --- 
Block 3: --- --- --- x36 029 
Block 4: --- --- --- --- --- 
Block 5: --- --- x34 --- --- 

Group 3
Block 0: 040 038 037 044 041 
Block 1: 042 039 043 --- --- 
Block 2: --- --- --- --- --- 
Block 3: --- --- --- --- --- 
Block 4: --- --- --- x45 --- 
Block 5: --- --- x46 --- --- 
</DebugTrace>
      </Output>
    </UnitTestResult>
  </Results>
</TestRun>