<?xml version="1.0" encoding="UTF-8"?>
<TestRun id="fdad1572-abe8-490b-825b-8699fef673ae" name="FloLap@FLOLAP-PC 2011-10-21 16:06:17" runUser="FloLap-PC\FloLap" xmlns="http://microsoft.com/schemas/VisualStudio/TeamTest/2010">
  <TestSettings name="Lokal" id="6ed96bb3-d821-4eee-a79d-3a3069da9890">
    <Description>Dies sind die standardmäßigen Testeinstellungen für einen lokalen Testlauf.</Description>
    <Deployment enabled="false" runDeploymentRoot="FloLap_FLOLAP-PC 2011-10-21 16_06_17">
      <DeploymentItem filename="E:\HsKA\Semester2\Projektarbeit\Stundenplangenerator\TimetablePlanner\TimetablePlanner\bin\Debug\TimetablePlanner.dll" />
    </Deployment>
    <Execution>
      <TestTypeSpecific />
      <AgentRule name="Execution Agents">
      </AgentRule>
    </Execution>
  </TestSettings>
  <Times creation="2011-10-21T16:06:17.7329345+02:00" queuing="2011-10-21T16:06:18.8619991+02:00" start="2011-10-21T16:06:18.9500042+02:00" finish="2011-10-21T16:06:26.7734516+02:00" />
  <ResultSummary outcome="Completed">
    <Counters total="1" executed="1" passed="1" error="0" failed="0" timeout="0" aborted="0" inconclusive="0" passedButRunAborted="0" notRunnable="0" notExecuted="0" disconnected="0" warning="0" completed="0" inProgress="0" pending="0" />
  </ResultSummary>
  <TestDefinitions>
    <UnitTest name="TimetableManualTester" storage="e:\hska\semester2\projektarbeit\stundenplangenerator\timetableplanner\timetableplannertests\bin\debug\timetableplannertests.dll" id="3ada0cc6-2a4d-2d63-7d9f-97d4d443b0f3">
      <Execution id="da67c0e4-d16e-4d92-b483-0f8d8ea542b3" />
      <TestMethod codeBase="E:/HsKA/Semester2/Projektarbeit/Stundenplangenerator/TimetablePlanner/TimetablePlannerTests/bin/Debug/TimetablePlannerTests.DLL" adapterTypeName="Microsoft.VisualStudio.TestTools.TestTypes.Unit.UnitTestAdapter, Microsoft.VisualStudio.QualityTools.Tips.UnitTest.Adapter, Version=10.0.0.0, Culture=neutral, PublicKeyToken=b03f5f7f11d50a3a" className="TimetablePlannerTests.TimetableTest, TimetablePlannerTests, Version=1.0.0.0, Culture=neutral, PublicKeyToken=null" name="TimetableManualTester" />
    </UnitTest>
  </TestDefinitions>
  <TestLists>
    <TestList name="Nicht in einer Liste enthaltene Ergebnisse" id="8c84fa94-04c1-424b-9868-57a2d4851a1d" />
    <TestList name="Alle geladenen Ergebnisse" id="19431567-8539-422a-85d7-44ee4e166bda" />
  </TestLists>
  <TestEntries>
    <TestEntry testId="3ada0cc6-2a4d-2d63-7d9f-97d4d443b0f3" executionId="da67c0e4-d16e-4d92-b483-0f8d8ea542b3" testListId="8c84fa94-04c1-424b-9868-57a2d4851a1d" />
  </TestEntries>
  <Results>
    <UnitTestResult executionId="da67c0e4-d16e-4d92-b483-0f8d8ea542b3" testId="3ada0cc6-2a4d-2d63-7d9f-97d4d443b0f3" testName="TimetableManualTester" computerName="FLOLAP-PC" duration="00:00:06.4366478" startTime="2011-10-21T16:06:18.9910065+02:00" endTime="2011-10-21T16:06:26.6554449+02:00" testType="13cdc9d9-ddb5-4fa4-a97d-d965ccfc6d4b" outcome="Passed" testListId="8c84fa94-04c1-424b-9868-57a2d4851a1d" relativeResultsDirectory="da67c0e4-d16e-4d92-b483-0f8d8ea542b3">
      <Output>
        <DebugTrace>Time to create population of size 75: 585ms
1311
1281
1159
1091
1047
1030
1011
998
977
944
942
940
937
910
906
881
880
859
850
848
846
846
842
822
802
783
777
766
766
762
759
746
740
726
699
677
673
670
655
619
612
607
600
593
573
551
526
522
511
509
492
491
491
489
463
453
439
418
400
396
378
368
368
367
336
306
272
262
229
222
188
156
128
96
88

Group 0
Block 0: 004 009 --- 007 --- 
Block 1: 001 --- --- --- --- 
Block 2: --- 000 --- 012 003 
Block 3: --- --- 002 012 --- 
Block 4: 011 010 --- 005 --- 
Block 5: --- --- 008 --- 006 

Group 1
Block 0: --- 021 --- --- 017 
Block 1: 024 025 019 016 017 
Block 2: 018 025 --- 022 --- 
Block 3: 018 025 --- 023 --- 
Block 4: --- 020 --- 014 013 
Block 5: --- --- --- --- 015 

Group 2
Block 0: --- --- 035 033 --- 
Block 1: --- --- 029 032 --- 
Block 2: 030 --- --- --- --- 
Block 3: --- 028 --- x36 026 
Block 4: 031 x34 027 x36 --- 
Block 5: --- --- --- x36 --- 

Group 3
Block 0: --- x46 --- --- --- 
Block 1: --- --- 037 --- 040 
Block 2: 039 --- --- 041 042 
Block 3: --- x45 --- --- 038 
Block 4: --- x45 044 --- --- 
Block 5: --- 043 --- --- --- 
Early abort after 158 generations.
Mean time per generation: 30ms
Mean fitness increase per generation
247
118
103
96
89
43
37
32
30
31
32
25
23
19
25
22
27
26
29
27
20
16
20
16
14
17
16
11
14
13
18
13
14
12
16
15
15
9
11
8
8
7
10
8
8
7
10
9
10
11
9
5
10
8
6
7
5
5
4
4
5
4
6
7
5
6
7
4
4
3
4
3
3
7
4
1
6
2
2
3
2
2
3
3
3
4
5
4
2
3
3
4
2
1
2
2
1
1
2
1
1
2
3
1
2
0
1
1
1
2
1
1
1
3
1
3
2
1
1
2
3
2
2
1
2
1
2
2
1
1
3
3
2
1
2
2
1
2
0
1
2
1
1
2
1
1
1
2
1
1
1
2
1
1
1
1
1
1
1
Evolution time: 5095ms
2419
2413
2413
2413
2410
2410
2410
2404
2404
2404
2404
2401
2401
2401
2401
2401
2401
2401
2398
2398
2398
2395
2395
2395
2395
2395
2392
2392
2392
2392
2392
2392
2392
2392
2392
2392
2392
2389
2389
2389
2389
2389
2386
2386
2386
2386
2386
2386
2386
2386
2386
2386
2386
2386
2386
2383
2383
2383
2383
2383
2383
2383
2383
2383
2383
2383
2383
2383
2383
2383
2383
2383
2383
2383
2383

Group 0
Block 0: 012 009 007 002 008 
Block 1: 012 001 010 005 004 
Block 2: --- 000 --- 006 003 
Block 3: --- 011 --- --- --- 
Block 4: --- --- --- --- --- 
Block 5: --- --- --- --- --- 

Group 1
Block 0: 023 018 013 014 017 
Block 1: 024 018 019 016 017 
Block 2: 015 021 --- 022 020 
Block 3: --- --- --- 025 --- 
Block 4: --- --- --- 025 --- 
Block 5: --- --- --- 025 --- 

Group 2
Block 0: --- --- 026 031 --- 
Block 1: 033 --- 029 032 028 
Block 2: 030 035 --- 027 --- 
Block 3: --- x34 --- x36 --- 
Block 4: --- --- --- x36 --- 
Block 5: --- --- --- x36 --- 

Group 3
Block 0: 039 --- --- 041 043 
Block 1: 042 --- --- 037 038 
Block 2: --- --- --- x46 040 
Block 3: --- x45 --- --- --- 
Block 4: --- x45 044 --- --- 
Block 5: --- --- --- --- --- 
</DebugTrace>
      </Output>
    </UnitTestResult>
  </Results>
</TestRun>