<?xml version="1.0" encoding="UTF-8"?>
<TestRun id="0572563e-3c9d-40a2-acd8-4c53c7c8b600" name="FloLap@FLOLAP-PC 2011-11-10 11:43:45" runUser="FloLap-PC\FloLap" xmlns="http://microsoft.com/schemas/VisualStudio/TeamTest/2010">
  <TestSettings name="Lokal" id="6ed96bb3-d821-4eee-a79d-3a3069da9890">
    <Description>Dies sind die standardmäßigen Testeinstellungen für einen lokalen Testlauf.</Description>
    <Deployment enabled="false" runDeploymentRoot="FloLap_FLOLAP-PC 2011-11-10 11_43_45">
      <DeploymentItem filename="E:\HsKA\Semester2\Projektarbeit\Stundenplangenerator\TimetablePlanner\TimetablePlanner\bin\Debug\TimetablePlanner.dll" />
    </Deployment>
    <Execution>
      <TestTypeSpecific />
      <AgentRule name="Execution Agents">
      </AgentRule>
    </Execution>
  </TestSettings>
  <Times creation="2011-11-10T11:43:45.1661257+01:00" queuing="2011-11-10T11:43:46.4742006+01:00" start="2011-11-10T11:43:46.5762064+01:00" finish="2011-11-10T11:44:00.1959854+01:00" />
  <ResultSummary outcome="Completed">
    <Counters total="1" executed="1" passed="1" error="0" failed="0" timeout="0" aborted="0" inconclusive="0" passedButRunAborted="0" notRunnable="0" notExecuted="0" disconnected="0" warning="0" completed="0" inProgress="0" pending="0" />
  </ResultSummary>
  <TestDefinitions>
    <UnitTest name="TimetableGenerationTest" storage="e:\hska\semester2\projektarbeit\stundenplangenerator\timetableplanner\timetableplannertests\bin\debug\timetableplannertests.dll" id="4689e2d1-87f2-8844-ae95-39072767341d">
      <Execution id="c0cd87d8-0eb6-43b0-ace9-98bf1c3470a3" />
      <TestMethod codeBase="E:/HsKA/Semester2/Projektarbeit/Stundenplangenerator/TimetablePlanner/TimetablePlannerTests/bin/Debug/TimetablePlannerTests.DLL" adapterTypeName="Microsoft.VisualStudio.TestTools.TestTypes.Unit.UnitTestAdapter, Microsoft.VisualStudio.QualityTools.Tips.UnitTest.Adapter, Version=10.0.0.0, Culture=neutral, PublicKeyToken=b03f5f7f11d50a3a" className="TimetablePlannerTests.TimetableTest, TimetablePlannerTests, Version=1.0.0.0, Culture=neutral, PublicKeyToken=null" name="TimetableGenerationTest" />
    </UnitTest>
  </TestDefinitions>
  <TestLists>
    <TestList name="Nicht in einer Liste enthaltene Ergebnisse" id="8c84fa94-04c1-424b-9868-57a2d4851a1d" />
    <TestList name="Alle geladenen Ergebnisse" id="19431567-8539-422a-85d7-44ee4e166bda" />
  </TestLists>
  <TestEntries>
    <TestEntry testId="4689e2d1-87f2-8844-ae95-39072767341d" executionId="c0cd87d8-0eb6-43b0-ace9-98bf1c3470a3" testListId="8c84fa94-04c1-424b-9868-57a2d4851a1d" />
  </TestEntries>
  <Results>
    <UnitTestResult executionId="c0cd87d8-0eb6-43b0-ace9-98bf1c3470a3" testId="4689e2d1-87f2-8844-ae95-39072767341d" testName="TimetableGenerationTest" computerName="FLOLAP-PC" duration="00:00:12.1716898" startTime="2011-11-10T11:43:46.6182088+01:00" endTime="2011-11-10T11:44:00.0779787+01:00" testType="13cdc9d9-ddb5-4fa4-a97d-d965ccfc6d4b" outcome="Passed" testListId="8c84fa94-04c1-424b-9868-57a2d4851a1d" relativeResultsDirectory="c0cd87d8-0eb6-43b0-ace9-98bf1c3470a3">
      <Output>
        <DebugTrace>Individual 3 created.
Individual 0 created.
Individual 5 created.
Individual 6 created.
Individual 11 created.
Individual 10 created.
Individual 1 created.
Individual 9 created.
Individual 7 created.
Individual 14 created.
Individual 12 created.
Individual 15 created.
Individual 4 created.
Individual 18 created.
Individual 8 created.
Individual 20 created.
Individual 23 created.
Individual 17 created.
Individual 19 created.
Individual 2 created.
Individual 22 created.
Individual 24 created.
Individual 16 created.
Individual 13 created.
Individual 21 created.
Population created after 2,7641581 seconds.
Generation 0 finished with best fitness of 4240.
Generation 1 finished with best fitness of 4240.
Generation 2 finished with best fitness of 4285.
Generation 3 finished with best fitness of 4450.
Generation 4 finished with best fitness of 4450.
Generation 5 finished with best fitness of 4600.
Generation 6 finished with best fitness of 4630.
Generation 7 finished with best fitness of 4735.
Generation 8 finished with best fitness of 4735.
Generation 9 finished with best fitness of 4735.
Generation 10 finished with best fitness of 4810.
Generation 11 finished with best fitness of 4855.
Generation 12 finished with best fitness of 4855.
Generation 13 finished with best fitness of 4945.
Generation 14 finished with best fitness of 4970.
Generation 15 finished with best fitness of 5005.
Generation 16 finished with best fitness of 5095.
Generation 17 finished with best fitness of 5140.
Generation 18 finished with best fitness of 5140.
Generation 19 finished with best fitness of 5245.
Generation 20 finished with best fitness of 5245.
Generation 21 finished with best fitness of 5250.
Generation 22 finished with best fitness of 5275.
Generation 23 finished with best fitness of 5355.
Generation 24 finished with best fitness of 5355.
Generation 25 finished with best fitness of 5355.
Generation 26 finished with best fitness of 5360.
Generation 27 finished with best fitness of 5395.
Generation 28 finished with best fitness of 5460.
Generation 29 finished with best fitness of 5460.
Generation 30 finished with best fitness of 5515.
Generation 31 finished with best fitness of 5515.
Generation 32 finished with best fitness of 5655.
Generation 33 finished with best fitness of 5740.
Generation 34 finished with best fitness of 5875.
Generation 35 finished with best fitness of 5875.
Generation 36 finished with best fitness of 5905.
Generation 37 finished with best fitness of 5905.
Generation 38 finished with best fitness of 5915.
Generation 39 finished with best fitness of 6020.
Generation 40 finished with best fitness of 6020.
Generation 41 finished with best fitness of 6105.
Generation 42 finished with best fitness of 6110.
Generation 43 finished with best fitness of 6110.
Generation 44 finished with best fitness of 6120.
Generation 45 finished with best fitness of 6245.
Generation 46 finished with best fitness of 6260.
Generation 47 finished with best fitness of 6365.
Generation 48 finished with best fitness of 6365.
Generation 49 finished with best fitness of 6365.
Generation 50 finished with best fitness of 6365.
Generation 51 finished with best fitness of 6455.
Generation 52 finished with best fitness of 6455.
Generation 53 finished with best fitness of 6490.
Generation 54 finished with best fitness of 6490.
Generation 55 finished with best fitness of 6490.
Generation 56 finished with best fitness of 6525.
Generation 57 finished with best fitness of 6535.
Generation 58 finished with best fitness of 6535.
Generation 59 finished with best fitness of 6560.
Generation 60 finished with best fitness of 6605.
Generation 61 finished with best fitness of 6690.
Generation 62 finished with best fitness of 6720.
Generation 63 finished with best fitness of 6775.
Generation 64 finished with best fitness of 6820.
Generation 65 finished with best fitness of 6895.
Generation 66 finished with best fitness of 6895.
Generation 67 finished with best fitness of 6895.
Generation 68 finished with best fitness of 6895.
Generation 69 finished with best fitness of 6900.
Generation 70 finished with best fitness of 6900.
Generation 71 finished with best fitness of 6955.
Generation 72 finished with best fitness of 7045.
Generation 73 finished with best fitness of 7060.
Generation 74 finished with best fitness of 7060.
Generation 75 finished with best fitness of 7210.
Generation 76 finished with best fitness of 7255.
Generation 77 finished with best fitness of 7255.
Generation 78 finished with best fitness of 7255.
Generation 79 finished with best fitness of 7255.
Generation 80 finished with best fitness of 7255.
Generation 81 finished with best fitness of 7255.
Generation 82 finished with best fitness of 7270.
Generation 83 finished with best fitness of 7270.
Generation 84 finished with best fitness of 7270.
Generation 85 finished with best fitness of 7345.
Generation 86 finished with best fitness of 7405.
Generation 87 finished with best fitness of 7405.
Generation 88 finished with best fitness of 7435.
Generation 89 finished with best fitness of 7500.
Generation 90 finished with best fitness of 7510.
Generation 91 finished with best fitness of 7560.
Generation 92 finished with best fitness of 7560.
Generation 93 finished with best fitness of 7585.
Generation 94 finished with best fitness of 7620.
Generation 95 finished with best fitness of 7620.
Generation 96 finished with best fitness of 7710.
Generation 97 finished with best fitness of 7740.
Generation 98 finished with best fitness of 7740.
Generation 99 finished with best fitness of 7740.
Generation 100 finished with best fitness of 7740.
Generation 101 finished with best fitness of 7740.
Generation 102 finished with best fitness of 7805.
Generation 103 finished with best fitness of 7805.
Generation 104 finished with best fitness of 7805.
Generation 105 finished with best fitness of 7805.
Generation 106 finished with best fitness of 7845.
Generation 107 finished with best fitness of 7845.
Generation 108 finished with best fitness of 7855.
Generation 109 finished with best fitness of 7855.
Generation 110 finished with best fitness of 7935.
Generation 111 finished with best fitness of 7935.
Generation 112 finished with best fitness of 7955.
Generation 113 finished with best fitness of 7955.
Generation 114 finished with best fitness of 7985.
Generation 115 finished with best fitness of 8050.
Generation 116 finished with best fitness of 8100.
Generation 117 finished with best fitness of 8100.
Generation 118 finished with best fitness of 8100.
Generation 119 finished with best fitness of 8100.
Generation 120 finished with best fitness of 8100.
Generation 121 finished with best fitness of 8130.
Generation 122 finished with best fitness of 8130.
Generation 123 finished with best fitness of 8130.
Generation 124 finished with best fitness of 8130.
Generation 125 finished with best fitness of 8160.
Generation 126 finished with best fitness of 8180.
Generation 127 finished with best fitness of 8180.
Generation 128 finished with best fitness of 8180.
Generation 129 finished with best fitness of 8250.
Generation 130 finished with best fitness of 8250.
Generation 131 finished with best fitness of 8250.
Generation 132 finished with best fitness of 8250.
Generation 133 finished with best fitness of 8250.
Generation 134 finished with best fitness of 8305.
Generation 135 finished with best fitness of 8305.
Generation 136 finished with best fitness of 8305.
Generation 137 finished with best fitness of 8305.
Generation 138 finished with best fitness of 8355.
Generation 139 finished with best fitness of 8395.
Generation 140 finished with best fitness of 8395.
Generation 141 finished with best fitness of 8395.
Generation 142 finished with best fitness of 8395.
Generation 143 finished with best fitness of 8395.
Generation 144 finished with best fitness of 8460.
Generation 145 finished with best fitness of 8460.
Generation 146 finished with best fitness of 8460.
Generation 147 finished with best fitness of 8460.
Generation 148 finished with best fitness of 8460.
Generation 149 finished with best fitness of 8475.
Generation 150 finished with best fitness of 8475.
Generation 151 finished with best fitness of 8475.
Generation 152 finished with best fitness of 8520.
Generation 153 finished with best fitness of 8520.
Generation 154 finished with best fitness of 8580.
Generation 155 finished with best fitness of 8580.
Generation 156 finished with best fitness of 8580.
Generation 157 finished with best fitness of 8580.
Generation 158 finished with best fitness of 8580.
Generation 159 finished with best fitness of 8660.
Generation 160 finished with best fitness of 8660.
Generation 161 finished with best fitness of 8660.
Generation 162 finished with best fitness of 8660.
Generation 163 finished with best fitness of 8660.
Generation 164 finished with best fitness of 8660.
Generation 165 finished with best fitness of 8780.
Generation 166 finished with best fitness of 8780.
Generation 167 finished with best fitness of 8780.
Generation 168 finished with best fitness of 8780.
Generation 169 finished with best fitness of 8780.
Generation 170 finished with best fitness of 8780.
Generation 171 finished with best fitness of 8795.
Generation 172 finished with best fitness of 8795.
Generation 173 finished with best fitness of 8855.
Generation 174 finished with best fitness of 8930.
Generation 175 finished with best fitness of 8930.
Generation 176 finished with best fitness of 8935.
Generation 177 finished with best fitness of 8935.
Generation 178 finished with best fitness of 8935.
Generation 179 finished with best fitness of 8935.
Generation 180 finished with best fitness of 8935.
Generation 181 finished with best fitness of 8935.
Generation 182 finished with best fitness of 8995.
Generation 183 finished with best fitness of 8995.
Generation 184 finished with best fitness of 8995.
Generation 185 finished with best fitness of 9055.
Generation 186 finished with best fitness of 9055.
Generation 187 finished with best fitness of 9055.
Generation 188 finished with best fitness of 9055.
Generation 189 finished with best fitness of 9055.
Generation 190 finished with best fitness of 9055.
Generation 191 finished with best fitness of 9055.
Generation 192 finished with best fitness of 9055.
Generation 193 finished with best fitness of 9055.
Generation 194 finished with best fitness of 9055.
Generation 195 finished with best fitness of 9055.
Generation 196 finished with best fitness of 9055.
Generation 197 finished with best fitness of 9055.
Generation 198 finished with best fitness of 9055.
Generation 199 finished with best fitness of 9055.
Generation 200 finished with best fitness of 9055.
Generation 201 finished with best fitness of 9055.
Generation 202 finished with best fitness of 9100.
Generation 203 finished with best fitness of 9100.
Generation 204 finished with best fitness of 9100.
Generation 205 finished with best fitness of 9100.
Generation 206 finished with best fitness of 9115.
Generation 207 finished with best fitness of 9115.
Generation 208 finished with best fitness of 9130.
Generation 209 finished with best fitness of 9130.
Generation 210 finished with best fitness of 9130.
Generation 211 finished with best fitness of 9130.
Generation 212 finished with best fitness of 9130.
Generation 213 finished with best fitness of 9170.
Generation 214 finished with best fitness of 9170.
Generation 215 finished with best fitness of 9170.
Generation 216 finished with best fitness of 9170.
Generation 217 finished with best fitness of 9170.
Generation 218 finished with best fitness of 9190.
Generation 219 finished with best fitness of 9190.
Generation 220 finished with best fitness of 9190.
Generation 221 finished with best fitness of 9230.
Generation 222 finished with best fitness of 9230.
Generation 223 finished with best fitness of 9230.
Generation 224 finished with best fitness of 9230.
Generation 225 finished with best fitness of 9230.
Generation 226 finished with best fitness of 9320.
Generation 227 finished with best fitness of 9320.
Generation 228 finished with best fitness of 9370.
Generation 229 finished with best fitness of 9370.
Generation 230 finished with best fitness of 9370.
Generation 231 finished with best fitness of 9370.
Generation 232 finished with best fitness of 9370.
Generation 233 finished with best fitness of 9370.
Generation 234 finished with best fitness of 9370.
Generation 235 finished with best fitness of 9370.
Generation 236 finished with best fitness of 9370.
Generation 237 finished with best fitness of 9370.
Generation 238 finished with best fitness of 9370.
Generation 239 finished with best fitness of 9370.
Generation 240 finished with best fitness of 9370.
Generation 241 finished with best fitness of 9380.
Generation 242 finished with best fitness of 9380.
Generation 243 finished with best fitness of 9380.
Generation 244 finished with best fitness of 9380.
Generation 245 finished with best fitness of 9410.
Generation 246 finished with best fitness of 9420.
Generation 247 finished with best fitness of 9420.
Generation 248 finished with best fitness of 9450.
Generation 249 finished with best fitness of 9450.
Generation 250 finished with best fitness of 9450.
Generation 251 finished with best fitness of 9500.
Generation 252 finished with best fitness of 9500.
Generation 253 finished with best fitness of 9500.
Generation 254 finished with best fitness of 9500.
Generation 255 finished with best fitness of 9500.
Generation 256 finished with best fitness of 9500.
Generation 257 finished with best fitness of 9500.
Generation 258 finished with best fitness of 9525.
Generation 259 finished with best fitness of 9525.
Generation 260 finished with best fitness of 9525.
Generation 261 finished with best fitness of 9525.
Generation 262 finished with best fitness of 9525.
Generation 263 finished with best fitness of 9525.
Generation 264 finished with best fitness of 9525.
Generation 265 finished with best fitness of 9525.
Generation 266 finished with best fitness of 9525.
Generation 267 finished with best fitness of 9525.
Generation 268 finished with best fitness of 9525.
Generation 269 finished with best fitness of 9525.
Generation 270 finished with best fitness of 9525.
Generation 271 finished with best fitness of 9525.
Generation 272 finished with best fitness of 9530.
Generation 273 finished with best fitness of 9530.
Generation 274 finished with best fitness of 9540.
Generation 275 finished with best fitness of 9540.
Generation 276 finished with best fitness of 9540.
Generation 277 finished with best fitness of 9540.
Generation 278 finished with best fitness of 9540.
Generation 279 finished with best fitness of 9540.
Generation 280 finished with best fitness of 9600.
Generation 281 finished with best fitness of 9600.
Generation 282 finished with best fitness of 9600.
Generation 283 finished with best fitness of 9600.
Generation 284 finished with best fitness of 9615.
Generation 285 finished with best fitness of 9615.
Generation 286 finished with best fitness of 9615.
Generation 287 finished with best fitness of 9615.
Generation 288 finished with best fitness of 9615.
Generation 289 finished with best fitness of 9615.
Generation 290 finished with best fitness of 9615.
Generation 291 finished with best fitness of 9615.
Generation 292 finished with best fitness of 9615.
Generation 293 finished with best fitness of 9615.
Generation 294 finished with best fitness of 9665.
Generation 295 finished with best fitness of 9665.
Generation 296 finished with best fitness of 9670.
Generation 297 finished with best fitness of 9670.
Generation 298 finished with best fitness of 9670.
Generation 299 finished with best fitness of 9670.
Generation 300 finished with best fitness of 9670.
Generation 301 finished with best fitness of 9720.
Generation 302 finished with best fitness of 9720.
Generation 303 finished with best fitness of 9720.
Generation 304 finished with best fitness of 9720.
Generation 305 finished with best fitness of 9720.
Generation 306 finished with best fitness of 9720.
Generation 307 finished with best fitness of 9720.
Generation 308 finished with best fitness of 9800.
Generation 309 finished with best fitness of 9800.
Generation 310 finished with best fitness of 9800.
Generation 311 finished with best fitness of 9800.
Generation 312 finished with best fitness of 9800.
Generation 313 finished with best fitness of 9800.
Generation 314 finished with best fitness of 9800.
Generation 315 finished with best fitness of 9800.
Generation 316 finished with best fitness of 9800.
Generation 317 finished with best fitness of 9800.
Generation 318 finished with best fitness of 9800.
Generation 319 finished with best fitness of 9800.
Generation 320 finished with best fitness of 9800.
Generation 321 finished with best fitness of 9800.
Generation 322 finished with best fitness of 9800.
Generation 323 finished with best fitness of 9800.
Generation 324 finished with best fitness of 9800.
Generation 325 finished with best fitness of 9800.
Generation 326 finished with best fitness of 9800.
Generation 327 finished with best fitness of 9800.
Generation 328 finished with best fitness of 9800.
Generation 329 finished with best fitness of 9800.
Generation 330 finished with best fitness of 9860.
Generation 331 finished with best fitness of 9860.
Generation 332 finished with best fitness of 9860.
Generation 333 finished with best fitness of 9860.
Generation 334 finished with best fitness of 9860.
Generation 335 finished with best fitness of 9860.
Generation 336 finished with best fitness of 9860.
Generation 337 finished with best fitness of 9860.
Generation 338 finished with best fitness of 9860.
Generation 339 finished with best fitness of 9860.
Generation 340 finished with best fitness of 9860.
Generation 341 finished with best fitness of 9860.
Generation 342 finished with best fitness of 9860.
Generation 343 finished with best fitness of 9860.
Generation 344 finished with best fitness of 9860.
Generation 345 finished with best fitness of 9860.
Generation 346 finished with best fitness of 9860.
Evolution finished after 12,0516893 seconds.
</DebugTrace>
      </Output>
    </UnitTestResult>
  </Results>
</TestRun>