<?xml version="1.0" encoding="UTF-8"?>
<TestRun id="5b13743c-6747-4ff6-b657-bcd31cc06249" name="FloLap@FLOLAP-PC 2011-10-21 22:17:02" runUser="FloLap-PC\FloLap" xmlns="http://microsoft.com/schemas/VisualStudio/TeamTest/2010">
  <TestSettings name="Lokal" id="6ed96bb3-d821-4eee-a79d-3a3069da9890">
    <Description>Dies sind die standardmäßigen Testeinstellungen für einen lokalen Testlauf.</Description>
    <Deployment enabled="false" runDeploymentRoot="FloLap_FLOLAP-PC 2011-10-21 22_17_02">
      <DeploymentItem filename="E:\HsKA\Semester2\Projektarbeit\Stundenplangenerator\TimetablePlanner\TimetablePlanner\bin\Debug\TimetablePlanner.dll" />
    </Deployment>
    <Execution>
      <TestTypeSpecific />
      <AgentRule name="Execution Agents">
      </AgentRule>
    </Execution>
  </TestSettings>
  <Times creation="2011-10-21T22:17:02.6280368+02:00" queuing="2011-10-21T22:17:03.6576386+02:00" start="2011-10-21T22:17:03.7356388+02:00" finish="2011-10-21T22:17:14.4111529+02:00" />
  <ResultSummary outcome="Completed">
    <Counters total="1" executed="1" passed="1" error="0" failed="0" timeout="0" aborted="0" inconclusive="0" passedButRunAborted="0" notRunnable="0" notExecuted="0" disconnected="0" warning="0" completed="0" inProgress="0" pending="0" />
  </ResultSummary>
  <TestDefinitions>
    <UnitTest name="TimetableManualTester" storage="e:\hska\semester2\projektarbeit\stundenplangenerator\timetableplanner\timetableplannertests\bin\debug\timetableplannertests.dll" id="3ada0cc6-2a4d-2d63-7d9f-97d4d443b0f3">
      <Execution id="fec14707-eb05-45aa-a0de-c5dc8698bb61" />
      <TestMethod codeBase="E:/HsKA/Semester2/Projektarbeit/Stundenplangenerator/TimetablePlanner/TimetablePlannerTests/bin/Debug/TimetablePlannerTests.DLL" adapterTypeName="Microsoft.VisualStudio.TestTools.TestTypes.Unit.UnitTestAdapter, Microsoft.VisualStudio.QualityTools.Tips.UnitTest.Adapter, Version=10.0.0.0, Culture=neutral, PublicKeyToken=b03f5f7f11d50a3a" className="TimetablePlannerTests.TimetableTest, TimetablePlannerTests, Version=1.0.0.0, Culture=neutral, PublicKeyToken=null" name="TimetableManualTester" />
    </UnitTest>
  </TestDefinitions>
  <TestLists>
    <TestList name="Nicht in einer Liste enthaltene Ergebnisse" id="8c84fa94-04c1-424b-9868-57a2d4851a1d" />
    <TestList name="Alle geladenen Ergebnisse" id="19431567-8539-422a-85d7-44ee4e166bda" />
  </TestLists>
  <TestEntries>
    <TestEntry testId="3ada0cc6-2a4d-2d63-7d9f-97d4d443b0f3" executionId="fec14707-eb05-45aa-a0de-c5dc8698bb61" testListId="8c84fa94-04c1-424b-9868-57a2d4851a1d" />
  </TestEntries>
  <Results>
    <UnitTestResult executionId="fec14707-eb05-45aa-a0de-c5dc8698bb61" testId="3ada0cc6-2a4d-2d63-7d9f-97d4d443b0f3" testName="TimetableManualTester" computerName="FLOLAP-PC" duration="00:00:09.3426470" startTime="2011-10-21T22:17:03.7980389+02:00" endTime="2011-10-21T22:17:14.3487528+02:00" testType="13cdc9d9-ddb5-4fa4-a97d-d965ccfc6d4b" outcome="Passed" testListId="8c84fa94-04c1-424b-9868-57a2d4851a1d" relativeResultsDirectory="fec14707-eb05-45aa-a0de-c5dc8698bb61">
      <Output>
        <DebugTrace>Time to create population of size 75: 594ms
1540
1530
1400
1390
1390
1360
1340
1210
1190
1170
1140
1110
1100
1040
1040
1030
1030
1010
1000
990
980
980
930
920
920
850
830
830
830
830
800
790
780
770
750
660
660
650
630
620
600
570
570
540
530
510
510
470
410
400
390
380
370
340
330
320
290
290
190
110
60
50
-80
-90
-140
-150
-230
-410
-510
-520
-710
-790
-950
-970
-1090
Early abort after 160 generations.
Mean time per generation: 40ms
Mean fitness increase per generation
480
186
151
92
67
52
67
54
56
55
46
47
47
41
55
47
38
46
40
43
40
33
29
31
41
41
55
50
34
30
24
26
25
31
25
22
34
29
35
27
17
17
28
20
18
12
11
14
10
11
17
18
17
15
22
15
14
13
17
11
10
9
7
13
6
11
8
11
13
15
11
9
9
12
16
13
7
12
14
12
14
18
12
13
17
16
11
10
10
8
10
10
11
7
9
7
8
8
5
5
6
2
4
3
5
1
4
2
4
6
3
8
4
6
2
5
6
2
5
5
3
3
4
6
2
5
6
6
5
2
2
4
3
4
4
4
3
2
3
4
3
3
7
3
6
3
3
4
2
2
2
2
1
1
2
2
1
1
3
1
3
Evolution time: 6574ms
3940
3940
3930
3920
3910
3910
3900
3900
3900
3900
3900
3900
3900
3900
3900
3900
3900
3900
3900
3900
3900
3900
3900
3900
3900
3890
3890
3890
3880
3880
3880
3880
3880
3880
3880
3880
3880
3880
3880
3880
3880
3870
3870
3870
3870
3870
3870
3870
3870
3870
3870
3870
3870
3870
3870
3870
3870
3870
3870
3870
3870
3870
3870
3870
3870
3860
3860
3860
3860
3860
3860
3860
3860
3860
3860

Group 0
Block 0: ---------------------------------------| Fremdsprachen                          | ---------------------------------------| Informatik 1                           | Technische Informatik 1 Übung          | 
Block 1: ---------------------------------------| Fremdsprachen                          | ---------------------------------------| Mathematik 1                           | Theoretische Informatik 1              | 
Block 2: ---------------------------------------| Theoretische Informatik 1              | ---------------------------------------| Technische Informatik 1                | Informatik 1 Übung                     | 
Block 3: ---------------------------------------| Mathematik 1                           | ---------------------------------------| Mathematik 1 Labor                     | Informatik 1                           | 
Block 4: ---------------------------------------| Technische Informatik 1                | ---------------------------------------| ---------------------------------------| ---------------------------------------| 
Block 5: ---------------------------------------| Mathematik 1 Labor                     | ---------------------------------------| ---------------------------------------| ---------------------------------------| 

Group 1
Block 0: Digital-Labor                          | Mathematik 2                           | Softwarelabor                          | Technische Informatik 2                | Softwarelabor                          | 
Block 1: Digital-Labor                          | Informatik 2                           | Softwarelabor                          | Informatik 2 Übung                     | Softwarelabor                          | 
Block 2: Digital-Labor                          | Technische Informatik 2                | ---------------------------------------| Informatik 2                           | Informatik 2 Übung                     | 
Block 3: Sprachen und Metasprachen              | Web-Programming                        | ---------------------------------------| Mathematik 2 Labor                     | ---------------------------------------| 
Block 4: ---------------------------------------| ---------------------------------------| ---------------------------------------| ---------------------------------------| ---------------------------------------| 
Block 5: ---------------------------------------| ---------------------------------------| ---------------------------------------| ---------------------------------------| ---------------------------------------| 

Group 2
Block 0: Visualization and Semantics Lab        | Intelligente Systeme                   | ---------------------------------------| ---------------------------------------| Mobile Systeme                         | 
Block 1: Datenrepräsentation und -übertragung   | IT Service Management                  | ---------------------------------------| ---------------------------------------| IT Projektmanagement                   | 
Block 2: Verteilte Informationssysteme          | Modellierung und Simulation            | ---------------------------------------| ---------------------------------------| Visualization and Semantics            | 
Block 3: ---------------------------------------| ---------------------------------------| Projektarbeit1                         | ---------------------------------------| ---------------------------------------| 
Block 4: ---------------------------------------| ---------------------------------------| Projektarbeit1                         | ---------------------------------------| ---------------------------------------| 
Block 5: ---------------------------------------| ---------------------------------------| Projektarbeit1                         | ---------------------------------------| Führungskräftetraining                 | 

Group 3
Block 0: Algorithmen Übung                      | ---------------------------------------| Dialog Systems                         | Labor Benutzeroberflächen              | ---------------------------------------| 
Block 1: Angewandte Kryptografie                | ---------------------------------------| Labor Verteilte Systeme                | Data Mining                            | ---------------------------------------| 
Block 2: Algorithmenentwurf                     | ---------------------------------------| ---------------------------------------| IT-Sicherheit                          | ---------------------------------------| 
Block 3: ---------------------------------------| ---------------------------------------| ---------------------------------------| ---------------------------------------| ---------------------------------------| 
Block 4: ---------------------------------------| ---------------------------------------| ---------------------------------------| Projektarbeit2                         | ---------------------------------------| 
Block 5: ---------------------------------------| Seminar                                | ---------------------------------------| Projektarbeit2                         | ---------------------------------------| 
</DebugTrace>
      </Output>
    </UnitTestResult>
  </Results>
</TestRun>