<?xml version="1.0" encoding="UTF-8"?>
<TestRun id="e75c82a7-b17d-4544-84ce-9b2ff09824ef" name="FloLap@FLOLAP-PC 2011-10-19 19:23:59" runUser="FloLap-PC\FloLap" xmlns="http://microsoft.com/schemas/VisualStudio/TeamTest/2010">
  <TestSettings name="Lokal" id="6ed96bb3-d821-4eee-a79d-3a3069da9890">
    <Description>Dies sind die standardmäßigen Testeinstellungen für einen lokalen Testlauf.</Description>
    <Deployment enabled="false" runDeploymentRoot="FloLap_FLOLAP-PC 2011-10-19 19_23_59">
      <DeploymentItem filename="E:\HsKA\Semester2\Projektarbeit\Stundenplangenerator\TimetablePlanner\TimetablePlanner\bin\Debug\TimetablePlanner.dll" />
    </Deployment>
    <Execution>
      <TestTypeSpecific />
      <AgentRule name="Execution Agents">
      </AgentRule>
    </Execution>
  </TestSettings>
  <Times creation="2011-10-19T19:23:59.9478363+02:00" queuing="2011-10-19T19:24:01.1178383+02:00" start="2011-10-19T19:24:01.2738386+02:00" finish="2011-10-19T19:24:21.5082039+02:00" />
  <ResultSummary outcome="Completed">
    <Counters total="1" executed="1" passed="1" error="0" failed="0" timeout="0" aborted="0" inconclusive="0" passedButRunAborted="0" notRunnable="0" notExecuted="0" disconnected="0" warning="0" completed="0" inProgress="0" pending="0" />
  </ResultSummary>
  <TestDefinitions>
    <UnitTest name="createTimetableInstanceTest" storage="e:\hska\semester2\projektarbeit\stundenplangenerator\timetableplanner\timetableplannertests\bin\debug\timetableplannertests.dll" id="ab441b29-9837-01bf-f43f-7839c8f73716">
      <Execution id="412d2cca-02f8-4329-97dc-ab814ba82c1a" />
      <TestMethod codeBase="E:/HsKA/Semester2/Projektarbeit/Stundenplangenerator/TimetablePlanner/TimetablePlannerTests/bin/Debug/TimetablePlannerTests.DLL" adapterTypeName="Microsoft.VisualStudio.TestTools.TestTypes.Unit.UnitTestAdapter, Microsoft.VisualStudio.QualityTools.Tips.UnitTest.Adapter, Version=10.0.0.0, Culture=neutral, PublicKeyToken=b03f5f7f11d50a3a" className="TimetablePlannerTests.TimetableTest, TimetablePlannerTests, Version=1.0.0.0, Culture=neutral, PublicKeyToken=null" name="createTimetableInstanceTest" />
    </UnitTest>
  </TestDefinitions>
  <TestLists>
    <TestList name="Nicht in einer Liste enthaltene Ergebnisse" id="8c84fa94-04c1-424b-9868-57a2d4851a1d" />
    <TestList name="Alle geladenen Ergebnisse" id="19431567-8539-422a-85d7-44ee4e166bda" />
  </TestLists>
  <TestEntries>
    <TestEntry testId="ab441b29-9837-01bf-f43f-7839c8f73716" executionId="412d2cca-02f8-4329-97dc-ab814ba82c1a" testListId="8c84fa94-04c1-424b-9868-57a2d4851a1d" />
  </TestEntries>
  <Results>
    <UnitTestResult executionId="412d2cca-02f8-4329-97dc-ab814ba82c1a" testId="ab441b29-9837-01bf-f43f-7839c8f73716" testName="createTimetableInstanceTest" computerName="FLOLAP-PC" duration="00:00:18.7251588" startTime="2011-10-19T19:24:01.4142389+02:00" endTime="2011-10-19T19:24:21.3990038+02:00" testType="13cdc9d9-ddb5-4fa4-a97d-d965ccfc6d4b" outcome="Passed" testListId="8c84fa94-04c1-424b-9868-57a2d4851a1d" relativeResultsDirectory="412d2cca-02f8-4329-97dc-ab814ba82c1a">
      <Output>
        <DebugTrace>Time to create population of size 75: 592ms
322
320
320
296
289
272
265
264
256
247
236
227
218
215
209
193
180
179
179
174
172
169
167
163
162
155
151
148
146
143
131
130
127
125
119
118
113
102
100
99
96
93
77
74
74
70
65
63
61
60
59
55
52
35
29
26
15
13
6
-18
-30
-42
-47
-48
-71
-80
-103
-107
-107
-113
-139
-150
-196
-200
-202
Early abort after 172 generations.
Mean time per generation: 102ms
Mean fitness increase per generation
108
64
43
31
30
30
42
28
20
12
9
11
12
16
15
13
7
9
8
7
9
8
6
5
5
6
5
4
4
4
6
5
7
5
6
8
5
7
6
6
8
4
6
7
3
2
2
2
2
3
4
3
2
3
3
3
3
4
4
2
3
3
4
3
3
3
3
2
2
2
2
3
2
1
2
2
1
3
2
3
3
2
2
2
2
1
1
2
1
2
2
2
2
2
1
1
2
1
1
1
3
0
1
0
1
2
1
1
1
1
1
0
1
0
2
0
1
1
1
1
1
1
1
1
1
1
1
2
1
1
1
2
1
0
2
0
1
0
1
0
1
1
0
1
1
1
1
0
1
1
0
1
1
1
1
1
1
1
1
1
1
0
0
0
1
1
0
1
0
1
1
0
1
Evolution time: 17793ms
952
949
949
946
943
943
943
943
943
943
943
943
943
943
943
943
943
943
943
940
940
940
940
940
940
940
940
940
937
937
937
937
937
937
937
937
937
937
937
937
937
937
937
937
937
934
934
934
934
934
934
934
934
934
934
934
934
934
934
934
934
934
934
934
934
934
934
934
934
934
934
934
934
934
934

Group 0
Block 0: 005 007 012 008 010 
Block 1: 004 001 012 002 003 
Block 2: --- 009 --- 011 000 
Block 3: --- --- --- 006 --- 
Block 4: --- --- --- --- --- 
Block 5: --- --- --- --- --- 

Group 1
Block 0: 025 017 022 021 024 
Block 1: 025 017 019 018 014 
Block 2: 025 015 --- 018 020 
Block 3: 016 --- 023 --- --- 
Block 4: 013 --- --- --- --- 
Block 5: --- --- --- --- --- 

Group 2
Block 0: 035 032 026 027 033 
Block 1: 030 --- 028 029 --- 
Block 2: --- --- --- 031 --- 
Block 3: --- --- x36 --- --- 
Block 4: --- --- --- --- --- 
Block 5: --- x34 --- --- --- 

Group 3
Block 0: 040 041 038 039 037 
Block 1: 043 044 042 --- --- 
Block 2: --- --- --- --- --- 
Block 3: --- --- --- --- --- 
Block 4: --- x46 x45 --- --- 
Block 5: --- --- --- --- --- 
</DebugTrace>
      </Output>
    </UnitTestResult>
  </Results>
</TestRun>