<?xml version="1.0" encoding="UTF-8"?>
<TestRun id="9f31fa59-3652-4731-b0ff-e20388b33ee1" name="FloLap@FLOLAP-PC 2011-10-21 11:40:54" runUser="FloLap-PC\FloLap" xmlns="http://microsoft.com/schemas/VisualStudio/TeamTest/2010">
  <TestSettings name="Lokal" id="6ed96bb3-d821-4eee-a79d-3a3069da9890">
    <Description>Dies sind die standardmäßigen Testeinstellungen für einen lokalen Testlauf.</Description>
    <Deployment enabled="false" runDeploymentRoot="FloLap_FLOLAP-PC 2011-10-21 11_40_54">
      <DeploymentItem filename="E:\HsKA\Semester2\Projektarbeit\Stundenplangenerator\TimetablePlanner\TimetablePlanner\bin\Debug\TimetablePlanner.dll" />
    </Deployment>
    <Execution>
      <TestTypeSpecific />
      <AgentRule name="Execution Agents">
      </AgentRule>
    </Execution>
  </TestSettings>
  <Times creation="2011-10-21T11:40:54.0617395+02:00" queuing="2011-10-21T11:40:55.0567964+02:00" start="2011-10-21T11:40:55.1488016+02:00" finish="2011-10-21T11:41:06.3694434+02:00" />
  <ResultSummary outcome="Completed">
    <Counters total="1" executed="1" passed="1" error="0" failed="0" timeout="0" aborted="0" inconclusive="0" passedButRunAborted="0" notRunnable="0" notExecuted="0" disconnected="0" warning="0" completed="0" inProgress="0" pending="0" />
  </ResultSummary>
  <TestDefinitions>
    <UnitTest name="TimetableManualTester" storage="e:\hska\semester2\projektarbeit\stundenplangenerator\timetableplanner\timetableplannertests\bin\debug\timetableplannertests.dll" id="3ada0cc6-2a4d-2d63-7d9f-97d4d443b0f3">
      <Execution id="f1b023f1-7094-43c5-99e2-79f2a3588fdb" />
      <TestMethod codeBase="E:/HsKA/Semester2/Projektarbeit/Stundenplangenerator/TimetablePlanner/TimetablePlannerTests/bin/Debug/TimetablePlannerTests.DLL" adapterTypeName="Microsoft.VisualStudio.TestTools.TestTypes.Unit.UnitTestAdapter, Microsoft.VisualStudio.QualityTools.Tips.UnitTest.Adapter, Version=10.0.0.0, Culture=neutral, PublicKeyToken=b03f5f7f11d50a3a" className="TimetablePlannerTests.TimetableTest, TimetablePlannerTests, Version=1.0.0.0, Culture=neutral, PublicKeyToken=null" name="TimetableManualTester" />
    </UnitTest>
  </TestDefinitions>
  <TestLists>
    <TestList name="Nicht in einer Liste enthaltene Ergebnisse" id="8c84fa94-04c1-424b-9868-57a2d4851a1d" />
    <TestList name="Alle geladenen Ergebnisse" id="19431567-8539-422a-85d7-44ee4e166bda" />
  </TestLists>
  <TestEntries>
    <TestEntry testId="3ada0cc6-2a4d-2d63-7d9f-97d4d443b0f3" executionId="f1b023f1-7094-43c5-99e2-79f2a3588fdb" testListId="8c84fa94-04c1-424b-9868-57a2d4851a1d" />
  </TestEntries>
  <Results>
    <UnitTestResult executionId="f1b023f1-7094-43c5-99e2-79f2a3588fdb" testId="3ada0cc6-2a4d-2d63-7d9f-97d4d443b0f3" testName="TimetableManualTester" computerName="FLOLAP-PC" duration="00:00:09.8551522" startTime="2011-10-21T11:40:55.1848037+02:00" endTime="2011-10-21T11:41:06.2574370+02:00" testType="13cdc9d9-ddb5-4fa4-a97d-d965ccfc6d4b" outcome="Passed" testListId="8c84fa94-04c1-424b-9868-57a2d4851a1d" relativeResultsDirectory="f1b023f1-7094-43c5-99e2-79f2a3588fdb">
      <Output>
        <DebugTrace>Time to create population of size 75: 582ms
1358
1354
1255
1150
1097
1066
1061
1054
1039
1038
1000
963
950
942
941
936
900
890
889
886
886
875
868
856
838
838
833
830
822
812
778
773
773
760
752
749
730
726
716
714
710
705
704
702
696
690
680
679
678
665
665
655
615
611
605
594
526
526
460
430
413
410
406
404
388
375
350
338
313
296
226
135
132
119
-120

Group 0
Block 0: --- --- --- 011 --- 
Block 1: --- --- 005 --- --- 
Block 2: --- 002 --- 004 003 
Block 3: --- 007 --- 008 010 
Block 4: 001 --- --- 009 012 
Block 5: --- --- 006 000 012 

Group 1
Block 0: --- --- --- 019 --- 
Block 1: --- 022 --- 016 018 
Block 2: 014 017 --- 024 018 
Block 3: 025 017 021 --- --- 
Block 4: 025 --- 013 023 --- 
Block 5: 025 015 --- 020 --- 

Group 2
Block 0: 028 --- --- --- --- 
Block 1: 033 --- --- --- --- 
Block 2: 030 031 --- --- --- 
Block 3: 035 x36 --- --- x34 
Block 4: 027 x36 --- --- --- 
Block 5: --- x36 026 032 029 

Group 3
Block 0: --- x46 --- --- 038 
Block 1: 043 042 --- --- --- 
Block 2: 040 --- --- --- x45 
Block 3: 039 --- --- --- x45 
Block 4: --- 044 --- --- 041 
Block 5: --- --- --- 037 --- 
Early abort after 160 generations.
Mean time per generation: 43ms
Mean fitness increase per generation
209
82
75
79
92
77
58
47
55
51
40
41
45
34
36
33
33
26
26
21
19
24
24
26
27
23
21
18
15
12
15
15
18
12
10
12
8
10
8
5
2
4
5
3
6
4
3
3
3
4
3
4
7
4
4
2
4
1
6
4
3
5
4
2
3
4
6
6
5
4
6
5
3
2
1
1
4
3
2
3
3
3
2
3
2
3
2
0
3
2
3
2
1
4
3
3
2
1
4
3
3
2
2
2
3
2
3
3
3
2
2
3
3
3
0
2
2
2
1
1
2
2
1
1
1
2
2
2
1
1
1
0
2
0
1
2
0
2
1
0
1
1
0
1
1
1
1
0
1
0
1
1
0
2
0
2
1
0
2
0
1
Evolution time: 7138ms
2502
2502
2502
2496
2496
2490
2490
2490
2490
2487
2487
2484
2484
2481
2481
2481
2481
2481
2481
2481
2481
2481
2481
2481
2481
2481
2481
2481
2478
2478
2478
2478
2478
2475
2475
2475
2475
2475
2475
2475
2475
2472
2472
2472
2472
2472
2472
2472
2472
2472
2472
2472
2472
2472
2472
2472
2472
2472
2472
2469
2469
2469
2469
2469
2469
2469
2469
2469
2469
2469
2469
2469
2469
2469
2469

Group 0
Block 0: --- 001 --- 007 008 
Block 1: 009 011 --- 004 000 
Block 2: 002 006 --- 010 --- 
Block 3: 003 005 012 --- --- 
Block 4: --- --- 012 --- --- 
Block 5: --- --- --- --- --- 

Group 1
Block 0: 018 013 014 021 025 
Block 1: 018 015 019 017 025 
Block 2: 016 022 --- 017 025 
Block 3: 024 --- --- --- 020 
Block 4: --- --- --- --- 023 
Block 5: --- --- --- --- --- 

Group 2
Block 0: 032 027 028 030 x36 
Block 1: 026 --- --- 035 x36 
Block 2: 029 --- --- --- x36 
Block 3: --- --- --- --- 033 
Block 4: --- --- --- --- 031 
Block 5: --- --- --- --- x34 

Group 3
Block 0: --- --- 044 040 039 
Block 1: --- --- --- 041 037 
Block 2: 042 --- --- --- 038 
Block 3: --- 043 --- --- x45 
Block 4: --- --- --- --- x45 
Block 5: --- --- --- --- x46 

Lecturer 0
Block 0: --- --- --- --- x36 
Block 1: --- --- --- --- x36 
Block 2: --- --- --- --- x36 
Block 3: --- --- --- --- x45 
Block 4: --- --- --- --- x45 
Block 5: --- --- --- --- x46 

Lecturer 1
Block 0: 018 --- --- --- --- 
Block 1: 018 --- --- 017 --- 
Block 2: --- --- --- 017 --- 
Block 3: --- --- 012 --- --- 
Block 4: --- --- 012 --- --- 
Block 5: --- --- --- --- --- 

Lecturer 2
Block 0: --- --- --- --- --- 
Block 1: --- --- --- --- --- 
Block 2: --- --- --- --- --- 
Block 3: --- --- --- --- --- 
Block 4: --- --- --- --- --- 
Block 5: --- --- --- --- --- 

Lecturer 3
Block 0: --- --- --- --- --- 
Block 1: --- --- --- --- 037 
Block 2: --- --- --- --- --- 
Block 3: --- --- --- --- --- 
Block 4: --- --- --- --- --- 
Block 5: --- --- --- --- --- 

Lecturer 4
Block 0: --- --- --- --- 025 
Block 1: --- --- --- --- 025 
Block 2: --- --- --- --- 025 
Block 3: 024 --- --- --- --- 
Block 4: --- --- --- --- 023 
Block 5: --- --- --- --- --- 

Lecturer 5
Block 0: --- --- --- --- --- 
Block 1: --- --- --- --- --- 
Block 2: --- --- --- --- --- 
Block 3: --- --- --- --- --- 
Block 4: --- --- --- --- --- 
Block 5: --- --- --- --- --- 

Lecturer 6
Block 0: 032 --- --- --- --- 
Block 1: --- --- --- --- --- 
Block 2: --- --- --- --- --- 
Block 3: --- --- --- --- --- 
Block 4: --- --- --- --- --- 
Block 5: --- --- --- --- --- 

Lecturer 7
Block 0: --- --- --- --- --- 
Block 1: --- --- --- --- --- 
Block 2: --- --- --- --- --- 
Block 3: --- --- --- --- --- 
Block 4: --- --- --- --- --- 
Block 5: --- --- --- --- --- 

Lecturer 8
Block 0: --- --- --- --- --- 
Block 1: --- --- --- --- --- 
Block 2: --- --- --- --- --- 
Block 3: --- --- --- --- --- 
Block 4: --- --- --- --- --- 
Block 5: --- --- --- --- --- 

Lecturer 9
Block 0: --- --- --- --- 039 
Block 1: --- --- --- --- --- 
Block 2: --- --- --- --- --- 
Block 3: --- --- --- --- --- 
Block 4: --- --- --- --- 031 
Block 5: --- --- --- --- --- 

Lecturer 10
Block 0: --- --- --- --- --- 
Block 1: --- --- --- --- --- 
Block 2: --- --- --- --- --- 
Block 3: --- --- --- --- 033 
Block 4: --- --- --- --- --- 
Block 5: --- --- --- --- --- 

Lecturer 11
Block 0: --- --- --- --- --- 
Block 1: --- --- --- --- --- 
Block 2: --- --- --- --- --- 
Block 3: --- --- --- --- --- 
Block 4: --- --- --- --- --- 
Block 5: --- --- --- --- --- 

Lecturer 12
Block 0: --- --- --- 030 --- 
Block 1: --- --- --- --- --- 
Block 2: 029 --- --- --- --- 
Block 3: --- --- --- --- --- 
Block 4: --- --- --- --- --- 
Block 5: --- --- --- --- --- 

Lecturer 13
Block 0: --- 027 --- --- --- 
Block 1: --- --- --- 004 --- 
Block 2: --- --- --- --- --- 
Block 3: 003 005 --- --- --- 
Block 4: --- --- --- --- --- 
Block 5: --- --- --- --- --- 

Lecturer 14
Block 0: --- --- --- --- --- 
Block 1: --- --- --- --- --- 
Block 2: --- --- --- --- --- 
Block 3: --- --- --- --- --- 
Block 4: --- --- --- --- --- 
Block 5: --- --- --- --- --- 

Lecturer 15
Block 0: --- --- --- --- --- 
Block 1: --- --- --- --- --- 
Block 2: --- --- --- --- --- 
Block 3: --- --- --- --- --- 
Block 4: --- --- --- --- --- 
Block 5: --- --- --- --- x34 

Lecturer 16
Block 0: --- --- --- 007 --- 
Block 1: --- --- --- --- --- 
Block 2: 042 006 --- --- --- 
Block 3: --- --- --- --- 020 
Block 4: --- --- --- --- --- 
Block 5: --- --- --- --- --- 

Lecturer 17
Block 0: --- --- 044 021 --- 
Block 1: --- --- --- --- --- 
Block 2: --- 022 --- --- --- 
Block 3: --- --- --- --- --- 
Block 4: --- --- --- --- --- 
Block 5: --- --- --- --- --- 

Lecturer 18
Block 0: --- --- --- --- 025 
Block 1: 026 --- --- --- 025 
Block 2: --- --- --- --- 025 
Block 3: --- --- --- --- --- 
Block 4: --- --- --- --- --- 
Block 5: --- --- --- --- --- 

Lecturer 19
Block 0: --- --- --- --- --- 
Block 1: --- --- --- --- --- 
Block 2: --- --- --- --- --- 
Block 3: --- --- --- --- --- 
Block 4: --- --- --- --- --- 
Block 5: --- --- --- --- --- 

Lecturer 20
Block 0: --- --- --- --- --- 
Block 1: --- --- --- --- --- 
Block 2: --- --- --- --- --- 
Block 3: --- --- --- --- --- 
Block 4: --- --- --- --- --- 
Block 5: --- --- --- --- --- 

Lecturer 21
Block 0: --- --- --- --- --- 
Block 1: --- --- --- --- --- 
Block 2: --- --- --- --- --- 
Block 3: --- --- --- --- --- 
Block 4: --- --- --- --- --- 
Block 5: --- --- --- --- --- 

Lecturer 22
Block 0: --- --- --- --- --- 
Block 1: --- --- --- --- --- 
Block 2: --- --- --- --- --- 
Block 3: --- --- --- --- --- 
Block 4: --- --- --- --- --- 
Block 5: --- --- --- --- --- 

Lecturer 23
Block 0: --- --- --- --- --- 
Block 1: --- --- --- --- --- 
Block 2: --- --- --- --- --- 
Block 3: --- --- --- --- --- 
Block 4: --- --- --- --- --- 
Block 5: --- --- --- --- --- 

Lecturer 24
Block 0: --- --- 028 --- --- 
Block 1: --- --- --- --- --- 
Block 2: --- --- --- --- --- 
Block 3: --- --- --- --- --- 
Block 4: --- --- --- --- --- 
Block 5: --- --- --- --- --- 

Lecturer 25
Block 0: --- --- --- --- --- 
Block 1: --- --- --- --- --- 
Block 2: --- --- --- --- --- 
Block 3: --- --- --- --- --- 
Block 4: --- --- --- --- --- 
Block 5: --- --- --- --- --- 

Lecturer 26
Block 0: --- 001 --- --- --- 
Block 1: --- --- 019 --- 000 
Block 2: 002 --- --- --- --- 
Block 3: --- 043 --- --- --- 
Block 4: --- --- --- --- --- 
Block 5: --- --- --- --- --- 

Lecturer 27
Block 0: --- --- --- --- --- 
Block 1: --- --- --- 035 --- 
Block 2: --- --- --- --- --- 
Block 3: --- --- --- --- --- 
Block 4: --- --- --- --- --- 
Block 5: --- --- --- --- --- 

Lecturer 28
Block 0: --- --- --- --- --- 
Block 1: --- --- --- --- --- 
Block 2: --- --- --- --- --- 
Block 3: --- --- --- --- --- 
Block 4: --- --- --- --- --- 
Block 5: --- --- --- --- --- 

Lecturer 29
Block 0: --- --- --- --- --- 
Block 1: --- --- --- --- --- 
Block 2: --- --- --- --- --- 
Block 3: --- --- --- --- --- 
Block 4: --- --- --- --- --- 
Block 5: --- --- --- --- --- 

Lecturer 30
Block 0: --- --- --- 040 008 
Block 1: 009 011 --- 041 --- 
Block 2: --- --- --- 010 --- 
Block 3: --- --- --- --- --- 
Block 4: --- --- --- --- --- 
Block 5: --- --- --- --- --- 

Lecturer 31
Block 0: --- --- --- --- --- 
Block 1: --- --- --- --- --- 
Block 2: --- --- --- --- --- 
Block 3: --- --- --- --- --- 
Block 4: --- --- --- --- --- 
Block 5: --- --- --- --- --- 

Lecturer 32
Block 0: --- --- --- --- --- 
Block 1: --- --- --- --- --- 
Block 2: --- --- --- --- --- 
Block 3: --- --- --- --- --- 
Block 4: --- --- --- --- --- 
Block 5: --- --- --- --- --- 

Lecturer 33
Block 0: --- --- --- --- --- 
Block 1: --- --- --- --- --- 
Block 2: --- --- --- --- --- 
Block 3: --- --- --- --- --- 
Block 4: --- --- --- --- --- 
Block 5: --- --- --- --- --- 

Lecturer 34
Block 0: --- --- --- --- --- 
Block 1: --- --- --- --- --- 
Block 2: --- --- --- --- --- 
Block 3: --- --- --- --- --- 
Block 4: --- --- --- --- --- 
Block 5: --- --- --- --- --- 

Lecturer 35
Block 0: --- 013 014 --- --- 
Block 1: --- 015 --- --- --- 
Block 2: 016 --- --- --- 038 
Block 3: --- --- --- --- --- 
Block 4: --- --- --- --- --- 
Block 5: --- --- --- --- --- 

Lecturer 36
Block 0: --- --- --- --- --- 
Block 1: --- 015 --- --- --- 
Block 2: 016 --- --- --- --- 
Block 3: --- --- --- --- --- 
Block 4: --- --- --- --- --- 
Block 5: --- --- --- --- --- 

Lecturer 37
Block 0: --- --- --- --- --- 
Block 1: --- --- --- --- --- 
Block 2: --- --- --- --- --- 
Block 3: --- --- --- --- --- 
Block 4: --- --- --- --- --- 
Block 5: --- --- --- --- --- 

Lecturer 38
Block 0: --- --- --- --- --- 
Block 1: --- --- --- --- --- 
Block 2: --- --- --- --- --- 
Block 3: --- --- --- --- --- 
Block 4: --- --- --- --- --- 
Block 5: --- --- --- --- --- 
</DebugTrace>
      </Output>
    </UnitTestResult>
  </Results>
</TestRun>