<?xml version="1.0" encoding="UTF-8"?>
<TestRun id="486c3296-68e1-476b-9366-ec5fb281ebd6" name="FloLap@FLOLAP-PC 2011-10-20 18:53:25" runUser="FloLap-PC\FloLap" xmlns="http://microsoft.com/schemas/VisualStudio/TeamTest/2010">
  <TestSettings name="Lokal" id="6ed96bb3-d821-4eee-a79d-3a3069da9890">
    <Description>Dies sind die standardmäßigen Testeinstellungen für einen lokalen Testlauf.</Description>
    <Deployment enabled="false" runDeploymentRoot="FloLap_FLOLAP-PC 2011-10-20 18_53_25">
      <DeploymentItem filename="E:\HsKA\Semester2\Projektarbeit\Stundenplangenerator\TimetablePlanner\TimetablePlanner\bin\Debug\TimetablePlanner.dll" />
    </Deployment>
    <Execution>
      <TestTypeSpecific />
      <AgentRule name="Execution Agents">
      </AgentRule>
    </Execution>
  </TestSettings>
  <Times creation="2011-10-20T18:53:25.1248226+02:00" queuing="2011-10-20T18:53:26.1788829+02:00" start="2011-10-20T18:53:26.2858891+02:00" finish="2011-10-20T18:53:39.5746491+02:00" />
  <ResultSummary outcome="Completed">
    <Counters total="1" executed="1" passed="1" error="0" failed="0" timeout="0" aborted="0" inconclusive="0" passedButRunAborted="0" notRunnable="0" notExecuted="0" disconnected="0" warning="0" completed="0" inProgress="0" pending="0" />
  </ResultSummary>
  <TestDefinitions>
    <UnitTest name="TimetableManualTester" storage="e:\hska\semester2\projektarbeit\stundenplangenerator\timetableplanner\timetableplannertests\bin\debug\timetableplannertests.dll" id="3ada0cc6-2a4d-2d63-7d9f-97d4d443b0f3">
      <Execution id="fcffbeaf-d5ca-4726-adce-1ee62d9e14af" />
      <TestMethod codeBase="E:/HsKA/Semester2/Projektarbeit/Stundenplangenerator/TimetablePlanner/TimetablePlannerTests/bin/Debug/TimetablePlannerTests.DLL" adapterTypeName="Microsoft.VisualStudio.TestTools.TestTypes.Unit.UnitTestAdapter, Microsoft.VisualStudio.QualityTools.Tips.UnitTest.Adapter, Version=10.0.0.0, Culture=neutral, PublicKeyToken=b03f5f7f11d50a3a" className="TimetablePlannerTests.TimetableTest, TimetablePlannerTests, Version=1.0.0.0, Culture=neutral, PublicKeyToken=null" name="TimetableManualTester" />
    </UnitTest>
  </TestDefinitions>
  <TestLists>
    <TestList name="Nicht in einer Liste enthaltene Ergebnisse" id="8c84fa94-04c1-424b-9868-57a2d4851a1d" />
    <TestList name="Alle geladenen Ergebnisse" id="19431567-8539-422a-85d7-44ee4e166bda" />
  </TestLists>
  <TestEntries>
    <TestEntry testId="3ada0cc6-2a4d-2d63-7d9f-97d4d443b0f3" executionId="fcffbeaf-d5ca-4726-adce-1ee62d9e14af" testListId="8c84fa94-04c1-424b-9868-57a2d4851a1d" />
  </TestEntries>
  <Results>
    <UnitTestResult executionId="fcffbeaf-d5ca-4726-adce-1ee62d9e14af" testId="3ada0cc6-2a4d-2d63-7d9f-97d4d443b0f3" testName="TimetableManualTester" computerName="FLOLAP-PC" duration="00:00:11.8741859" startTime="2011-10-20T18:53:26.3238912+02:00" endTime="2011-10-20T18:53:39.4646428+02:00" testType="13cdc9d9-ddb5-4fa4-a97d-d965ccfc6d4b" outcome="Passed" testListId="8c84fa94-04c1-424b-9868-57a2d4851a1d" relativeResultsDirectory="fcffbeaf-d5ca-4726-adce-1ee62d9e14af">
      <Output>
        <DebugTrace>Time to create population of size 75: 578ms
973
913
687
638
632
612
602
570
548
531
531
524
520
505
504
501
494
488
488
482
479
477
465
461
460
454
451
446
445
442
435
427
423
421
420
411
410
408
407
400
393
380
371
370
353
350
349
348
347
345
343
341
331
330
328
318
318
244
220
177
173
136
108
51
47
-22
-24
-26
-31
-51
-63
-106
-145
-180
-205

Group 0
Block 0: 011 --- 012 --- 008 
Block 1: 005 009 012 007 --- 
Block 2: 001 --- --- --- --- 
Block 3: 000 002 --- 010 004 
Block 4: --- 006 --- --- --- 
Block 5: --- --- --- --- 003 

Group 1
Block 0: --- --- --- 025 --- 
Block 1: --- 016 --- 025 024 
Block 2: 021 018 --- 025 022 
Block 3: --- 018 015 023 --- 
Block 4: 014 013 017 --- 019 
Block 5: --- --- 017 --- 020 

Group 2
Block 0: 028 x34 030 --- --- 
Block 1: --- 033 --- --- --- 
Block 2: --- --- --- 027 --- 
Block 3: --- x36 --- --- --- 
Block 4: 031 x36 029 026 --- 
Block 5: 032 x36 035 --- --- 

Group 3
Block 0: --- --- --- 042 038 
Block 1: --- --- 039 --- --- 
Block 2: --- --- --- x46 037 
Block 3: --- 041 --- --- 043 
Block 4: 040 --- --- x45 --- 
Block 5: --- --- 044 x45 --- 
Early abort after 210 generations.
Mean time per generation: 50ms
Mean fitness increase per generation
180
63
58
64
82
88
58
28
16
21
14
12
13
14
11
9
12
12
9
9
9
7
9
11
6
11
7
6
9
6
5
6
7
6
6
6
8
8
5
4
4
5
6
6
6
6
6
5
5
6
6
2
4
4
4
5
3
5
5
4
4
5
5
4
5
5
5
4
4
4
3
3
2
4
2
4
5
3
3
3
4
4
4
2
5
3
6
4
3
2
5
3
4
4
3
3
2
4
1
2
3
2
1
1
1
2
0
2
1
1
1
0
2
1
2
1
2
1
2
1
1
2
1
2
2
2
2
3
2
3
1
1
2
2
1
2
2
1
2
0
1
2
1
2
0
1
1
1
0
1
2
1
1
1
1
2
1
0
1
2
0
1
1
1
0
0
1
1
1
0
1
0
2
0
1
0
0
1
1
0
1
1
1
0
1
2
1
2
0
1
0
1
0
1
1
1
1
0
2
0
1
1
0
0
1
0
1
1
1
0
1
Evolution time: 10702ms
1651
1646
1645
1645
1643
1643
1642
1642
1642
1642
1642
1639
1639
1639
1638
1637
1637
1637
1636
1636
1636
1635
1635
1634
1634
1634
1633
1633
1633
1633
1632
1631
1631
1631
1630
1630
1630
1630
1630
1630
1629
1629
1629
1629
1629
1628
1628
1628
1628
1628
1628
1628
1628
1627
1627
1627
1627
1627
1627
1627
1627
1626
1626
1626
1626
1626
1625
1625
1625
1625
1625
1625
1625
1625
1625

Group 0
Block 0: 010 009 012 004 008 
Block 1: 005 003 012 007 011 
Block 2: --- 001 --- 000 006 
Block 3: --- 002 --- --- --- 
Block 4: --- --- --- --- --- 
Block 5: --- --- --- --- --- 

Group 1
Block 0: 018 013 019 025 023 
Block 1: 018 016 020 025 024 
Block 2: --- 021 --- 025 022 
Block 3: --- --- --- 017 014 
Block 4: --- --- --- 017 015 
Block 5: --- --- --- --- --- 

Group 2
Block 0: 028 030 --- 032 027 
Block 1: 026 033 --- 035 031 
Block 2: --- x34 --- --- --- 
Block 3: --- x36 --- --- --- 
Block 4: --- x36 029 --- --- 
Block 5: --- x36 --- --- --- 

Group 3
Block 0: 042 --- 040 041 038 
Block 1: 043 039 --- --- 044 
Block 2: --- --- --- 037 --- 
Block 3: --- --- --- x46 --- 
Block 4: --- --- --- x45 --- 
Block 5: --- --- --- x45 --- 
</DebugTrace>
      </Output>
    </UnitTestResult>
  </Results>
</TestRun>