<?xml version="1.0" encoding="UTF-8"?>
<TestRun id="009432dc-be7a-42e8-88b7-90b55157d9a5" name="FloLap@FLOLAP-PC 2011-10-22 21:39:33" runUser="FloLap-PC\FloLap" xmlns="http://microsoft.com/schemas/VisualStudio/TeamTest/2010">
  <TestSettings name="Lokal" id="6ed96bb3-d821-4eee-a79d-3a3069da9890">
    <Description>Dies sind die standardmäßigen Testeinstellungen für einen lokalen Testlauf.</Description>
    <Deployment enabled="false" runDeploymentRoot="FloLap_FLOLAP-PC 2011-10-22 21_39_33">
      <DeploymentItem filename="E:\HsKA\Semester2\Projektarbeit\Stundenplangenerator\TimetablePlanner\TimetablePlanner\bin\Debug\TimetablePlanner.dll" />
    </Deployment>
    <Execution>
      <TestTypeSpecific />
      <AgentRule name="Execution Agents">
      </AgentRule>
    </Execution>
  </TestSettings>
  <Times creation="2011-10-22T21:39:33.7374726+02:00" queuing="2011-10-22T21:39:35.1388931+02:00" start="2011-10-22T21:39:35.2480933+02:00" finish="2011-10-22T21:39:45.7313117+02:00" />
  <ResultSummary outcome="Completed">
    <Counters total="1" executed="1" passed="1" error="0" failed="0" timeout="0" aborted="0" inconclusive="0" passedButRunAborted="0" notRunnable="0" notExecuted="0" disconnected="0" warning="0" completed="0" inProgress="0" pending="0" />
  </ResultSummary>
  <TestDefinitions>
    <UnitTest name="TimetableManualTester" storage="e:\hska\semester2\projektarbeit\stundenplangenerator\timetableplanner\timetableplannertests\bin\debug\timetableplannertests.dll" id="3ada0cc6-2a4d-2d63-7d9f-97d4d443b0f3">
      <Execution id="fe8b9229-c1ac-4712-8b6f-7fbfc96cd788" />
      <TestMethod codeBase="E:/HsKA/Semester2/Projektarbeit/Stundenplangenerator/TimetablePlanner/TimetablePlannerTests/bin/Debug/TimetablePlannerTests.DLL" adapterTypeName="Microsoft.VisualStudio.TestTools.TestTypes.Unit.UnitTestAdapter, Microsoft.VisualStudio.QualityTools.Tips.UnitTest.Adapter, Version=10.0.0.0, Culture=neutral, PublicKeyToken=b03f5f7f11d50a3a" className="TimetablePlannerTests.TimetableTest, TimetablePlannerTests, Version=1.0.0.0, Culture=neutral, PublicKeyToken=null" name="TimetableManualTester" />
    </UnitTest>
  </TestDefinitions>
  <TestLists>
    <TestList name="Nicht in einer Liste enthaltene Ergebnisse" id="8c84fa94-04c1-424b-9868-57a2d4851a1d" />
    <TestList name="Alle geladenen Ergebnisse" id="19431567-8539-422a-85d7-44ee4e166bda" />
  </TestLists>
  <TestEntries>
    <TestEntry testId="3ada0cc6-2a4d-2d63-7d9f-97d4d443b0f3" executionId="fe8b9229-c1ac-4712-8b6f-7fbfc96cd788" testListId="8c84fa94-04c1-424b-9868-57a2d4851a1d" />
  </TestEntries>
  <Results>
    <UnitTestResult executionId="fe8b9229-c1ac-4712-8b6f-7fbfc96cd788" testId="3ada0cc6-2a4d-2d63-7d9f-97d4d443b0f3" testName="TimetableManualTester" computerName="FLOLAP-PC" duration="00:00:09.1338055" startTime="2011-10-22T21:39:35.2948933+02:00" endTime="2011-10-22T21:39:45.6065115+02:00" testType="13cdc9d9-ddb5-4fa4-a97d-d965ccfc6d4b" outcome="Passed" testListId="8c84fa94-04c1-424b-9868-57a2d4851a1d" relativeResultsDirectory="fe8b9229-c1ac-4712-8b6f-7fbfc96cd788">
      <Output>
        <DebugTrace>Time to create population of size 75: 624ms
1530
1350
1330
1280
1160
1130
1090
1040
1020
960
910
910
890
860
850
850
830
820
820
800
770
760
740
690
680
680
650
640
630
630
630
610
580
580
570
560
550
540
530
510
500
500
490
470
460
440
420
410
390
350
290
290
280
280
270
200
190
170
140
120
50
20
-30
-100
-130
-150
-180
-180
-300
-350
-380
-410
-460
-460
-570
Early abort after 160 generations.
Mean time per generation: 39ms
Mean fitness increase per generation
371
206
157
139
96
87
66
47
36
40
45
46
61
61
55
38
32
28
23
27
26
26
26
23
22
25
25
25
27
24
26
21
25
21
21
25
28
25
22
19
16
13
11
12
10
15
13
6
12
17
11
13
9
11
9
11
10
9
8
13
9
11
10
7
14
5
6
6
7
10
5
9
8
4
7
11
8
9
7
3
7
5
6
8
4
9
5
4
7
7
6
7
5
9
5
5
6
7
3
7
8
5
3
3
3
3
4
5
3
4
2
4
5
5
7
5
6
4
5
5
5
3
2
3
5
4
2
3
5
4
7
3
4
3
4
6
3
4
2
2
2
2
4
3
2
1
4
1
2
3
2
4
3
2
2
2
3
2
2
3
1
Evolution time: 6396ms
3390
3380
3380
3380
3370
3370
3370
3370
3370
3370
3370
3370
3360
3360
3360
3360
3360
3350
3350
3350
3350
3350
3350
3350
3350
3350
3350
3350
3340
3340
3340
3340
3340
3340
3340
3340
3340
3340
3340
3340
3340
3330
3330
3330
3330
3330
3330
3330
3330
3330
3330
3330
3330
3330
3330
3330
3330
3330
3330
3330
3330
3330
3330
3330
3330
3330
3320
3320
3320
3320
3320
3320
3320
3320
3320

Group 0
Block 0: Mathematik 1 Labor                     | Technische Informatik 1                | ---------------------------------------| Technische Informatik 1 Übung          | Fremdsprachen                          | 
Block 1: Mathematik 1                           | Informatik 1 Übung                     | ---------------------------------------| Theoretische Informatik 1              | Fremdsprachen                          | 
Block 2: Technische Informatik 1                | Informatik 1                           | ---------------------------------------| Informatik 1                           | Mathematik 1                           | 
Block 3: ---------------------------------------| Mathematik 1 Labor                     | ---------------------------------------| ---------------------------------------| ---------------------------------------| 
Block 4: ---------------------------------------| Theoretische Informatik 1              | ---------------------------------------| ---------------------------------------| ---------------------------------------| 
Block 5: ---------------------------------------| ---------------------------------------| ---------------------------------------| ---------------------------------------| ---------------------------------------| 

Group 1
Block 0: Softwarelabor                          | Mathematik 2 Labor                     | Mathematik 2                           | Digital-Labor                          | Technische Informatik 2                | 
Block 1: Softwarelabor                          | Sprachen und Metasprachen              | Web-Programming                        | Digital-Labor                          | Informatik 2                           | 
Block 2: Informatik 2                           | Informatik 2 Übung                     | ---------------------------------------| Digital-Labor                          | Softwarelabor                          | 
Block 3: Technische Informatik 2                | ---------------------------------------| ---------------------------------------| ---------------------------------------| Softwarelabor                          | 
Block 4: ---------------------------------------| ---------------------------------------| ---------------------------------------| Informatik 2 Übung                     | ---------------------------------------| 
Block 5: ---------------------------------------| ---------------------------------------| ---------------------------------------| ---------------------------------------| ---------------------------------------| 

Group 2
Block 0: Visualization and Semantics Lab        | Modellierung und Simulation            | Visualization and Semantics            | IT Projektmanagement                   | ---------------------------------------| 
Block 1: Datenrepräsentation und -übertragung   | Verteilte Informationssysteme          | Intelligente Systeme                   | IT Service Management                  | ---------------------------------------| 
Block 2: ---------------------------------------| Mobile Systeme                         | ---------------------------------------| ---------------------------------------| ---------------------------------------| 
Block 3: ---------------------------------------| Projektarbeit1                         | ---------------------------------------| ---------------------------------------| ---------------------------------------| 
Block 4: ---------------------------------------| Projektarbeit1                         | ---------------------------------------| ---------------------------------------| ---------------------------------------| 
Block 5: Führungskräftetraining                 | Projektarbeit1                         | ---------------------------------------| ---------------------------------------| ---------------------------------------| 

Group 3
Block 0: Labor Benutzeroberflächen              | ---------------------------------------| ---------------------------------------| Data Mining                            | IT-Sicherheit                          | 
Block 1: Algorithmenentwurf                     | ---------------------------------------| ---------------------------------------| Algorithmen Übung                      | Angewandte Kryptografie                | 
Block 2: Dialog Systems                         | ---------------------------------------| ---------------------------------------| ---------------------------------------| Labor Verteilte Systeme                | 
Block 3: ---------------------------------------| ---------------------------------------| ---------------------------------------| ---------------------------------------| ---------------------------------------| 
Block 4: ---------------------------------------| ---------------------------------------| ---------------------------------------| ---------------------------------------| Projektarbeit2                         | 
Block 5: ---------------------------------------| Seminar                                | ---------------------------------------| ---------------------------------------| Projektarbeit2                         | 
</DebugTrace>
      </Output>
    </UnitTestResult>
  </Results>
</TestRun>