<?xml version="1.0" encoding="UTF-8"?>
<TestRun id="c2660b40-307a-465c-ad18-db2a0a1b090f" name="FloLap@FLOLAP-PC 2011-11-18 15:52:34" runUser="FloLap-PC\FloLap" xmlns="http://microsoft.com/schemas/VisualStudio/TeamTest/2010">
  <TestSettings name="Lokal" id="6ed96bb3-d821-4eee-a79d-3a3069da9890">
    <Description>Dies sind die standardmäßigen Testeinstellungen für einen lokalen Testlauf.</Description>
    <Deployment enabled="false" runDeploymentRoot="FloLap_FLOLAP-PC 2011-11-18 15_52_34">
      <DeploymentItem filename="E:\HsKA\Semester2\Projektarbeit\Stundenplangenerator\TimetablePlanner\TimetablePlanner\bin\Debug\TimetablePlanner.dll" />
    </Deployment>
    <Execution>
      <TestTypeSpecific />
      <AgentRule name="Execution Agents">
      </AgentRule>
    </Execution>
  </TestSettings>
  <Times creation="2011-11-18T15:52:34.7765444+01:00" queuing="2011-11-18T15:52:35.8183625+01:00" start="2011-11-18T15:52:35.8963626+01:00" finish="2011-11-18T15:52:48.3462414+01:00" />
  <ResultSummary outcome="Completed">
    <Counters total="2" executed="2" passed="2" error="0" failed="0" timeout="0" aborted="0" inconclusive="0" passedButRunAborted="0" notRunnable="0" notExecuted="0" disconnected="0" warning="0" completed="0" inProgress="0" pending="0" />
  </ResultSummary>
  <TestDefinitions>
    <UnitTest name="TimetableGenerationTest" storage="e:\hska\semester2\projektarbeit\stundenplangenerator\timetableplanner\timetableplannertests\bin\debug\timetableplannertests.dll" id="4689e2d1-87f2-8844-ae95-39072767341d">
      <Execution id="90af94cb-3170-4b39-b8f6-1e618baa65f2" />
      <TestMethod codeBase="E:/HsKA/Semester2/Projektarbeit/Stundenplangenerator/TimetablePlanner/TimetablePlannerTests/bin/Debug/TimetablePlannerTests.DLL" adapterTypeName="Microsoft.VisualStudio.TestTools.TestTypes.Unit.UnitTestAdapter, Microsoft.VisualStudio.QualityTools.Tips.UnitTest.Adapter, Version=10.0.0.0, Culture=neutral, PublicKeyToken=b03f5f7f11d50a3a" className="TimetablePlannerTests.TimetableTest, TimetablePlannerTests, Version=1.0.0.0, Culture=neutral, PublicKeyToken=null" name="TimetableGenerationTest" />
    </UnitTest>
    <UnitTest name="TimetableInputExportTest" storage="e:\hska\semester2\projektarbeit\stundenplangenerator\timetableplanner\timetableplannertests\bin\debug\timetableplannertests.dll" id="643aee53-482b-7ddc-6eba-83a04b5cba46">
      <Execution id="b4f7f89a-fa23-4ddb-8823-c2ddc9527d52" />
      <TestMethod codeBase="E:/HsKA/Semester2/Projektarbeit/Stundenplangenerator/TimetablePlanner/TimetablePlannerTests/bin/Debug/TimetablePlannerTests.DLL" adapterTypeName="Microsoft.VisualStudio.TestTools.TestTypes.Unit.UnitTestAdapter, Microsoft.VisualStudio.QualityTools.Tips.UnitTest.Adapter, Version=10.0.0.0, Culture=neutral, PublicKeyToken=b03f5f7f11d50a3a" className="TimetablePlannerTests.TimetableTest, TimetablePlannerTests, Version=1.0.0.0, Culture=neutral, PublicKeyToken=null" name="TimetableInputExportTest" />
    </UnitTest>
  </TestDefinitions>
  <TestLists>
    <TestList name="Nicht in einer Liste enthaltene Ergebnisse" id="8c84fa94-04c1-424b-9868-57a2d4851a1d" />
    <TestList name="Alle geladenen Ergebnisse" id="19431567-8539-422a-85d7-44ee4e166bda" />
  </TestLists>
  <TestEntries>
    <TestEntry testId="4689e2d1-87f2-8844-ae95-39072767341d" executionId="90af94cb-3170-4b39-b8f6-1e618baa65f2" testListId="8c84fa94-04c1-424b-9868-57a2d4851a1d" />
    <TestEntry testId="643aee53-482b-7ddc-6eba-83a04b5cba46" executionId="b4f7f89a-fa23-4ddb-8823-c2ddc9527d52" testListId="8c84fa94-04c1-424b-9868-57a2d4851a1d" />
  </TestEntries>
  <Results>
    <UnitTestResult executionId="90af94cb-3170-4b39-b8f6-1e618baa65f2" testId="4689e2d1-87f2-8844-ae95-39072767341d" testName="TimetableGenerationTest" computerName="FLOLAP-PC" duration="00:00:11.0882261" startTime="2011-11-18T15:52:35.9431627+01:00" endTime="2011-11-18T15:52:48.2370412+01:00" testType="13cdc9d9-ddb5-4fa4-a97d-d965ccfc6d4b" outcome="Passed" testListId="8c84fa94-04c1-424b-9868-57a2d4851a1d" relativeResultsDirectory="90af94cb-3170-4b39-b8f6-1e618baa65f2">
      <Output>
        <DebugTrace>Individual 1 created.
Individual 6 created.
Individual 5 created.
Individual 8 created.
Individual 10 created.
Individual 7 created.
Individual 9 created.
Individual 4 created.
Individual 11 created.
Individual 0 created.
Individual 12 created.
Individual 15 created.
Individual 17 created.
Individual 2 created.
Individual 19 created.
Individual 16 created.
Individual 21 created.
Individual 14 created.
Individual 18 created.
Individual 3 created.
Individual 13 created.
Individual 20 created.
Individual 23 created.
Individual 22 created.
Individual 24 created.
Population created after 1,0140018 seconds.
Generation 0 finished with best fitness of 6385.
Generation 1 finished with best fitness of 6500.
Generation 2 finished with best fitness of 6680.
Generation 3 finished with best fitness of 6685.
Generation 4 finished with best fitness of 6695.
Generation 5 finished with best fitness of 6780.
Generation 6 finished with best fitness of 6845.
Generation 7 finished with best fitness of 7130.
Generation 8 finished with best fitness of 7290.
Generation 9 finished with best fitness of 7385.
Generation 10 finished with best fitness of 7520.
Generation 11 finished with best fitness of 7535.
Generation 12 finished with best fitness of 7535.
Generation 13 finished with best fitness of 7605.
Generation 14 finished with best fitness of 7670.
Generation 15 finished with best fitness of 7670.
Generation 16 finished with best fitness of 7845.
Generation 17 finished with best fitness of 7845.
Generation 18 finished with best fitness of 7905.
Generation 19 finished with best fitness of 7955.
Generation 20 finished with best fitness of 8085.
Generation 21 finished with best fitness of 8110.
Generation 22 finished with best fitness of 8260.
Generation 23 finished with best fitness of 8260.
Generation 24 finished with best fitness of 8260.
Generation 25 finished with best fitness of 8355.
Generation 26 finished with best fitness of 8355.
Generation 27 finished with best fitness of 8515.
Generation 28 finished with best fitness of 8515.
Generation 29 finished with best fitness of 8515.
Generation 30 finished with best fitness of 8745.
Generation 31 finished with best fitness of 8745.
Generation 32 finished with best fitness of 8760.
Generation 33 finished with best fitness of 8830.
Generation 34 finished with best fitness of 8835.
Generation 35 finished with best fitness of 8860.
Generation 36 finished with best fitness of 8920.
Generation 37 finished with best fitness of 9020.
Generation 38 finished with best fitness of 9085.
Generation 39 finished with best fitness of 9085.
Generation 40 finished with best fitness of 9085.
Generation 41 finished with best fitness of 9085.
Generation 42 finished with best fitness of 9115.
Generation 43 finished with best fitness of 9210.
Generation 44 finished with best fitness of 9240.
Generation 45 finished with best fitness of 9250.
Generation 46 finished with best fitness of 9335.
Generation 47 finished with best fitness of 9560.
Generation 48 finished with best fitness of 9605.
Generation 49 finished with best fitness of 9605.
Generation 50 finished with best fitness of 9605.
Generation 51 finished with best fitness of 9740.
Generation 52 finished with best fitness of 9740.
Generation 53 finished with best fitness of 9800.
Generation 54 finished with best fitness of 9800.
Generation 55 finished with best fitness of 9800.
Generation 56 finished with best fitness of 9835.
Generation 57 finished with best fitness of 9950.
Generation 58 finished with best fitness of 10060.
Generation 59 finished with best fitness of 10060.
Generation 60 finished with best fitness of 10060.
Generation 61 finished with best fitness of 10060.
Generation 62 finished with best fitness of 10135.
Generation 63 finished with best fitness of 10245.
Generation 64 finished with best fitness of 10245.
Generation 65 finished with best fitness of 10245.
Generation 66 finished with best fitness of 10250.
Generation 67 finished with best fitness of 10250.
Generation 68 finished with best fitness of 10250.
Generation 69 finished with best fitness of 10250.
Generation 70 finished with best fitness of 10350.
Generation 71 finished with best fitness of 10350.
Generation 72 finished with best fitness of 10425.
Generation 73 finished with best fitness of 10425.
Generation 74 finished with best fitness of 10425.
Generation 75 finished with best fitness of 10425.
Generation 76 finished with best fitness of 10425.
Generation 77 finished with best fitness of 10460.
Generation 78 finished with best fitness of 10460.
Generation 79 finished with best fitness of 10530.
Generation 80 finished with best fitness of 10530.
Generation 81 finished with best fitness of 10530.
Generation 82 finished with best fitness of 10680.
Generation 83 finished with best fitness of 10680.
Generation 84 finished with best fitness of 10680.
Generation 85 finished with best fitness of 10700.
Generation 86 finished with best fitness of 10700.
Generation 87 finished with best fitness of 10775.
Generation 88 finished with best fitness of 10780.
Generation 89 finished with best fitness of 10810.
Generation 90 finished with best fitness of 10900.
Generation 91 finished with best fitness of 10900.
Generation 92 finished with best fitness of 10900.
Generation 93 finished with best fitness of 10900.
Generation 94 finished with best fitness of 10950.
Generation 95 finished with best fitness of 10950.
Generation 96 finished with best fitness of 10985.
Generation 97 finished with best fitness of 11005.
Generation 98 finished with best fitness of 11185.
Generation 99 finished with best fitness of 11185.
Generation 100 finished with best fitness of 11185.
Generation 101 finished with best fitness of 11215.
Generation 102 finished with best fitness of 11240.
Generation 103 finished with best fitness of 11240.
Generation 104 finished with best fitness of 11240.
Generation 105 finished with best fitness of 11240.
Generation 106 finished with best fitness of 11240.
Generation 107 finished with best fitness of 11240.
Generation 108 finished with best fitness of 11340.
Generation 109 finished with best fitness of 11405.
Generation 110 finished with best fitness of 11405.
Generation 111 finished with best fitness of 11455.
Generation 112 finished with best fitness of 11455.
Generation 113 finished with best fitness of 11455.
Generation 114 finished with best fitness of 11455.
Generation 115 finished with best fitness of 11455.
Generation 116 finished with best fitness of 11455.
Generation 117 finished with best fitness of 11455.
Generation 118 finished with best fitness of 11455.
Generation 119 finished with best fitness of 11455.
Generation 120 finished with best fitness of 11455.
Generation 121 finished with best fitness of 11490.
Generation 122 finished with best fitness of 11500.
Generation 123 finished with best fitness of 11500.
Generation 124 finished with best fitness of 11500.
Generation 125 finished with best fitness of 11500.
Generation 126 finished with best fitness of 11515.
Generation 127 finished with best fitness of 11515.
Generation 128 finished with best fitness of 11520.
Generation 129 finished with best fitness of 11520.
Generation 130 finished with best fitness of 11555.
Generation 131 finished with best fitness of 11555.
Generation 132 finished with best fitness of 11680.
Generation 133 finished with best fitness of 11730.
Generation 134 finished with best fitness of 11730.
Generation 135 finished with best fitness of 11730.
Generation 136 finished with best fitness of 11730.
Generation 137 finished with best fitness of 11795.
Generation 138 finished with best fitness of 11795.
Generation 139 finished with best fitness of 11910.
Generation 140 finished with best fitness of 11955.
Generation 141 finished with best fitness of 11955.
Generation 142 finished with best fitness of 12075.
Generation 143 finished with best fitness of 12075.
Generation 144 finished with best fitness of 12075.
Generation 145 finished with best fitness of 12075.
Generation 146 finished with best fitness of 12075.
Generation 147 finished with best fitness of 12075.
Generation 148 finished with best fitness of 12075.
Generation 149 finished with best fitness of 12075.
Generation 150 finished with best fitness of 12075.
Generation 151 finished with best fitness of 12075.
Generation 152 finished with best fitness of 12080.
Generation 153 finished with best fitness of 12080.
Generation 154 finished with best fitness of 12080.
Generation 155 finished with best fitness of 12100.
Generation 156 finished with best fitness of 12100.
Generation 157 finished with best fitness of 12100.
Generation 158 finished with best fitness of 12100.
Generation 159 finished with best fitness of 12100.
Generation 160 finished with best fitness of 12160.
Generation 161 finished with best fitness of 12160.
Generation 162 finished with best fitness of 12160.
Generation 163 finished with best fitness of 12160.
Generation 164 finished with best fitness of 12330.
Generation 165 finished with best fitness of 12330.
Generation 166 finished with best fitness of 12330.
Generation 167 finished with best fitness of 12330.
Generation 168 finished with best fitness of 12330.
Generation 169 finished with best fitness of 12330.
Generation 170 finished with best fitness of 12435.
Generation 171 finished with best fitness of 12435.
Generation 172 finished with best fitness of 12435.
Generation 173 finished with best fitness of 12435.
Generation 174 finished with best fitness of 12435.
Generation 175 finished with best fitness of 12435.
Generation 176 finished with best fitness of 12485.
Generation 177 finished with best fitness of 12485.
Generation 178 finished with best fitness of 12485.
Generation 179 finished with best fitness of 12485.
Generation 180 finished with best fitness of 12485.
Generation 181 finished with best fitness of 12510.
Generation 182 finished with best fitness of 12595.
Generation 183 finished with best fitness of 12595.
Generation 184 finished with best fitness of 12595.
Generation 185 finished with best fitness of 12595.
Generation 186 finished with best fitness of 12595.
Generation 187 finished with best fitness of 12595.
Generation 188 finished with best fitness of 12740.
Generation 189 finished with best fitness of 12740.
Generation 190 finished with best fitness of 12740.
Generation 191 finished with best fitness of 12740.
Generation 192 finished with best fitness of 12740.
Generation 193 finished with best fitness of 12740.
Generation 194 finished with best fitness of 12740.
Generation 195 finished with best fitness of 12740.
Generation 196 finished with best fitness of 12740.
Generation 197 finished with best fitness of 12740.
Generation 198 finished with best fitness of 12740.
Generation 199 finished with best fitness of 12740.
Generation 200 finished with best fitness of 12840.
Generation 201 finished with best fitness of 12840.
Generation 202 finished with best fitness of 12845.
Generation 203 finished with best fitness of 12845.
Generation 204 finished with best fitness of 12845.
Generation 205 finished with best fitness of 12845.
Generation 206 finished with best fitness of 12845.
Generation 207 finished with best fitness of 12845.
Generation 208 finished with best fitness of 12945.
Generation 209 finished with best fitness of 12945.
Generation 210 finished with best fitness of 13070.
Generation 211 finished with best fitness of 13070.
Generation 212 finished with best fitness of 13070.
Generation 213 finished with best fitness of 13070.
Generation 214 finished with best fitness of 13085.
Generation 215 finished with best fitness of 13085.
Generation 216 finished with best fitness of 13085.
Generation 217 finished with best fitness of 13170.
Generation 218 finished with best fitness of 13170.
Generation 219 finished with best fitness of 13170.
Generation 220 finished with best fitness of 13170.
Generation 221 finished with best fitness of 13170.
Generation 222 finished with best fitness of 13170.
Generation 223 finished with best fitness of 13170.
Generation 224 finished with best fitness of 13170.
Generation 225 finished with best fitness of 13170.
Generation 226 finished with best fitness of 13170.
Generation 227 finished with best fitness of 13170.
Generation 228 finished with best fitness of 13170.
Generation 229 finished with best fitness of 13180.
Generation 230 finished with best fitness of 13180.
Generation 231 finished with best fitness of 13180.
Generation 232 finished with best fitness of 13180.
Generation 233 finished with best fitness of 13215.
Generation 234 finished with best fitness of 13215.
Generation 235 finished with best fitness of 13215.
Generation 236 finished with best fitness of 13215.
Generation 237 finished with best fitness of 13215.
Generation 238 finished with best fitness of 13215.
Generation 239 finished with best fitness of 13215.
Generation 240 finished with best fitness of 13285.
Generation 241 finished with best fitness of 13285.
Generation 242 finished with best fitness of 13285.
Generation 243 finished with best fitness of 13285.
Generation 244 finished with best fitness of 13285.
Generation 245 finished with best fitness of 13285.
Generation 246 finished with best fitness of 13285.
Generation 247 finished with best fitness of 13285.
Generation 248 finished with best fitness of 13290.
Generation 249 finished with best fitness of 13315.
Generation 250 finished with best fitness of 13410.
Generation 251 finished with best fitness of 13410.
Generation 252 finished with best fitness of 13410.
Generation 253 finished with best fitness of 13410.
Generation 254 finished with best fitness of 13410.
Generation 255 finished with best fitness of 13410.
Generation 256 finished with best fitness of 13410.
Generation 257 finished with best fitness of 13410.
Generation 258 finished with best fitness of 13410.
Generation 259 finished with best fitness of 13410.
Generation 260 finished with best fitness of 13430.
Generation 261 finished with best fitness of 13430.
Generation 262 finished with best fitness of 13430.
Generation 263 finished with best fitness of 13430.
Generation 264 finished with best fitness of 13430.
Generation 265 finished with best fitness of 13430.
Generation 266 finished with best fitness of 13430.
Generation 267 finished with best fitness of 13430.
Generation 268 finished with best fitness of 13430.
Generation 269 finished with best fitness of 13430.
Generation 270 finished with best fitness of 13480.
Generation 271 finished with best fitness of 13480.
Generation 272 finished with best fitness of 13480.
Generation 273 finished with best fitness of 13480.
Generation 274 finished with best fitness of 13480.
Generation 275 finished with best fitness of 13480.
Generation 276 finished with best fitness of 13480.
Generation 277 finished with best fitness of 13480.
Generation 278 finished with best fitness of 13480.
Generation 279 finished with best fitness of 13480.
Generation 280 finished with best fitness of 13505.
Generation 281 finished with best fitness of 13505.
Generation 282 finished with best fitness of 13535.
Generation 283 finished with best fitness of 13535.
Generation 284 finished with best fitness of 13605.
Generation 285 finished with best fitness of 13605.
Generation 286 finished with best fitness of 13605.
Generation 287 finished with best fitness of 13605.
Generation 288 finished with best fitness of 13620.
Generation 289 finished with best fitness of 13650.
Generation 290 finished with best fitness of 13650.
Generation 291 finished with best fitness of 13780.
Generation 292 finished with best fitness of 13780.
Generation 293 finished with best fitness of 13780.
Generation 294 finished with best fitness of 13780.
Generation 295 finished with best fitness of 13780.
Generation 296 finished with best fitness of 13780.
Generation 297 finished with best fitness of 13780.
Generation 298 finished with best fitness of 13780.
Generation 299 finished with best fitness of 13780.
Generation 300 finished with best fitness of 13780.
Generation 301 finished with best fitness of 13780.
Generation 302 finished with best fitness of 13885.
Generation 303 finished with best fitness of 13885.
Generation 304 finished with best fitness of 13885.
Generation 305 finished with best fitness of 13885.
Generation 306 finished with best fitness of 13885.
Generation 307 finished with best fitness of 13885.
Generation 308 finished with best fitness of 13885.
Generation 309 finished with best fitness of 13885.
Generation 310 finished with best fitness of 13885.
Generation 311 finished with best fitness of 13885.
Generation 312 finished with best fitness of 13885.
Generation 313 finished with best fitness of 13885.
Generation 314 finished with best fitness of 13885.
Generation 315 finished with best fitness of 13885.
Generation 316 finished with best fitness of 13885.
Generation 317 finished with best fitness of 13885.
Generation 318 finished with best fitness of 13885.
Generation 319 finished with best fitness of 13905.
Generation 320 finished with best fitness of 13905.
Generation 321 finished with best fitness of 13905.
Generation 322 finished with best fitness of 13905.
Generation 323 finished with best fitness of 13905.
Generation 324 finished with best fitness of 13905.
Generation 325 finished with best fitness of 13905.
Generation 326 finished with best fitness of 13920.
Generation 327 finished with best fitness of 13920.
Generation 328 finished with best fitness of 13920.
Generation 329 finished with best fitness of 13935.
Generation 330 finished with best fitness of 13935.
Generation 331 finished with best fitness of 13935.
Generation 332 finished with best fitness of 13935.
Generation 333 finished with best fitness of 13935.
Generation 334 finished with best fitness of 13935.
Generation 335 finished with best fitness of 13935.
Generation 336 finished with best fitness of 13935.
Generation 337 finished with best fitness of 13935.
Generation 338 finished with best fitness of 13935.
Generation 339 finished with best fitness of 13935.
Generation 340 finished with best fitness of 13935.
Generation 341 finished with best fitness of 13935.
Generation 342 finished with best fitness of 13950.
Generation 343 finished with best fitness of 14040.
Generation 344 finished with best fitness of 14040.
Generation 345 finished with best fitness of 14040.
Generation 346 finished with best fitness of 14040.
Generation 347 finished with best fitness of 14040.
Evolution finished after 10,4748523 seconds.
------------------------
Average fitness :
5022
5392
5595
5828
6127
6419
6533
6638
6725
6813
6950
7077
7210
7291
7423
7519
7562
7622
7659
7718
7780
7847
7904
7974
8038
8103
8180
8232
8290
8329
8361
8399
8478
8571
8643
8706
8752
8792
8816
8846
8887
8921
8959
9009
9056
9103
9142
9184
9245
9295
9347
9387
9448
9520
9603
9636
9665
9702
9746
9787
9815
9860
9897
9946
9983
10016
10067
10098
10127
10151
10173
10202
10225
10258
10279
10295
10301
10320
10348
10372
10397
10414
10427
10454
10483
10509
10550
10574
10610
10656
10685
10743
10754
10770
10786
10811
10816
10848
10864
10910
10940
10965
11009
11051
11078
11099
11114
11130
11146
11169
11189
11202
11227
11245
11260
11274
11292
11299
11328
11345
11366
11374
11388
11415
11423
11431
11441
11448
11450
11462
11465
11478
11483
11513
11544
11569
11583
11598
11611
11621
11661
11690
11722
11766
11814
11858
11892
11919
11932
11941
11955
11964
11979
12001
12012
12026
12032
12035
12042
12046
12052
12061
12066
12073
12075
12089
12101
12105
12111
12123
12135
12151
12185
12233
12275
12305
12320
12346
12357
12373
12379
12400
12417
12445
12454
12473
12479
12494
12501
12527
12544
12552
12571
12577
12579
12586
12594
12608
12619
12626
12637
12657
12676
12690
12694
12707
12722
12745
12757
12788
12791
12818
12819
12835
12858
12882
12905
12921
12939
12968
12989
12997
13010
13023
13042
13047
13061
13076
13082
13087
13099
13105
13114
13118
13128
13136
13136
13149
13152
13154
13164
13171
13175
13176
13181
13184
13191
13195
13199
13209
13229
13243
13248
13256
13259
13268
13279
13281
13293
13296
13298
13312
13321
13331
13343
13353
13367
13368
13375
13375
13385
13394
13410
13420
13421
13423
13425
13426
13431
13431
13434
13438
13440
13448
13452
13471
13474
13480
13489
13506
13517
13519
13535
13552
13553
13562
13574
13591
13607
13627
13642
13649
13656
13676
13679
13682
13685
13697
13699
13712
13718
13733
13742
13749
13762
13771
13780
13782
13794
13800
13813
13815
13823
13826
13836
13839
13848
13857
13866
13868
13873
13883
13888
13890
13895
13896
13900
13902
13909
13909
13913
13913
13913
13917
13924
13924
13926
13926
13928
------------------------
Best individual fitness:
6385
6385
6500
6680
6685
6695
6780
6845
7130
7290
7385
7520
7535
7535
7605
7670
7670
7845
7845
7905
7955
8085
8110
8260
8260
8260
8355
8355
8515
8515
8515
8745
8745
8760
8830
8835
8860
8920
9020
9085
9085
9085
9085
9115
9210
9240
9250
9335
9560
9605
9605
9605
9740
9740
9800
9800
9800
9835
9950
10060
10060
10060
10060
10135
10245
10245
10245
10250
10250
10250
10250
10350
10350
10425
10425
10425
10425
10425
10460
10460
10530
10530
10530
10680
10680
10680
10700
10700
10775
10780
10810
10900
10900
10900
10900
10950
10950
10985
11005
11185
11185
11185
11215
11240
11240
11240
11240
11240
11240
11340
11405
11405
11455
11455
11455
11455
11455
11455
11455
11455
11455
11455
11490
11500
11500
11500
11500
11515
11515
11520
11520
11555
11555
11680
11730
11730
11730
11730
11795
11795
11910
11955
11955
12075
12075
12075
12075
12075
12075
12075
12075
12075
12075
12080
12080
12080
12100
12100
12100
12100
12100
12160
12160
12160
12160
12330
12330
12330
12330
12330
12330
12435
12435
12435
12435
12435
12435
12485
12485
12485
12485
12485
12510
12595
12595
12595
12595
12595
12595
12740
12740
12740
12740
12740
12740
12740
12740
12740
12740
12740
12740
12840
12840
12845
12845
12845
12845
12845
12845
12945
12945
13070
13070
13070
13070
13085
13085
13085
13170
13170
13170
13170
13170
13170
13170
13170
13170
13170
13170
13170
13180
13180
13180
13180
13215
13215
13215
13215
13215
13215
13215
13285
13285
13285
13285
13285
13285
13285
13285
13290
13315
13410
13410
13410
13410
13410
13410
13410
13410
13410
13410
13430
13430
13430
13430
13430
13430
13430
13430
13430
13430
13480
13480
13480
13480
13480
13480
13480
13480
13480
13480
13505
13505
13535
13535
13605
13605
13605
13605
13620
13650
13650
13780
13780
13780
13780
13780
13780
13780
13780
13780
13780
13780
13885
13885
13885
13885
13885
13885
13885
13885
13885
13885
13885
13885
13885
13885
13885
13885
13885
13905
13905
13905
13905
13905
13905
13905
13920
13920
13920
13935
13935
13935
13935
13935
13935
13935
13935
13935
13935
13935
13935
13935
13950
14040
14040
14040
14040
14040
</DebugTrace>
      </Output>
    </UnitTestResult>
    <UnitTestResult executionId="b4f7f89a-fa23-4ddb-8823-c2ddc9527d52" testId="643aee53-482b-7ddc-6eba-83a04b5cba46" testName="TimetableInputExportTest" computerName="FLOLAP-PC" duration="00:00:00.0238468" startTime="2011-11-18T15:52:48.2370412+01:00" endTime="2011-11-18T15:52:48.2682413+01:00" testType="13cdc9d9-ddb5-4fa4-a97d-d965ccfc6d4b" outcome="Passed" testListId="8c84fa94-04c1-424b-9868-57a2d4851a1d" relativeResultsDirectory="b4f7f89a-fa23-4ddb-8823-c2ddc9527d52">
    </UnitTestResult>
  </Results>
</TestRun>