<?xml version="1.0" encoding="UTF-8"?>
<TestRun id="ef0bd61b-641a-4076-a427-5835e7e98105" name="FloLap@FLOLAP-PC 2011-10-28 09:59:29" runUser="FloLap-PC\FloLap" xmlns="http://microsoft.com/schemas/VisualStudio/TeamTest/2010">
  <TestSettings name="Lokal" id="6ed96bb3-d821-4eee-a79d-3a3069da9890">
    <Description>Dies sind die standardmäßigen Testeinstellungen für einen lokalen Testlauf.</Description>
    <Deployment enabled="false" runDeploymentRoot="FloLap_FLOLAP-PC 2011-10-28 09_59_29">
      <DeploymentItem filename="E:\HsKA\Semester2\Projektarbeit\Stundenplangenerator\TimetablePlanner\TimetablePlanner\bin\Debug\TimetablePlanner.dll" />
    </Deployment>
    <Execution>
      <TestTypeSpecific />
      <AgentRule name="Execution Agents">
      </AgentRule>
    </Execution>
  </TestSettings>
  <Times creation="2011-10-28T09:59:29.8733748+02:00" queuing="2011-10-28T09:59:30.9378322+02:00" start="2011-10-28T09:59:31.0314323+02:00" finish="2011-10-28T09:59:39.2330126+02:00" />
  <ResultSummary outcome="Completed">
    <Counters total="1" executed="1" passed="1" error="0" failed="0" timeout="0" aborted="0" inconclusive="0" passedButRunAborted="0" notRunnable="0" notExecuted="0" disconnected="0" warning="0" completed="0" inProgress="0" pending="0" />
  </ResultSummary>
  <TestDefinitions>
    <UnitTest name="TimetableManualTester" storage="e:\hska\semester2\projektarbeit\stundenplangenerator\timetableplanner\timetableplannertests\bin\debug\timetableplannertests.dll" id="3ada0cc6-2a4d-2d63-7d9f-97d4d443b0f3">
      <Execution id="bab8dcba-b108-4e1a-8f8e-b307fcff1dee" />
      <TestMethod codeBase="E:/HsKA/Semester2/Projektarbeit/Stundenplangenerator/TimetablePlanner/TimetablePlannerTests/bin/Debug/TimetablePlannerTests.DLL" adapterTypeName="Microsoft.VisualStudio.TestTools.TestTypes.Unit.UnitTestAdapter, Microsoft.VisualStudio.QualityTools.Tips.UnitTest.Adapter, Version=10.0.0.0, Culture=neutral, PublicKeyToken=b03f5f7f11d50a3a" className="TimetablePlannerTests.TimetableTest, TimetablePlannerTests, Version=1.0.0.0, Culture=neutral, PublicKeyToken=null" name="TimetableManualTester" />
    </UnitTest>
  </TestDefinitions>
  <TestLists>
    <TestList name="Nicht in einer Liste enthaltene Ergebnisse" id="8c84fa94-04c1-424b-9868-57a2d4851a1d" />
    <TestList name="Alle geladenen Ergebnisse" id="19431567-8539-422a-85d7-44ee4e166bda" />
  </TestLists>
  <TestEntries>
    <TestEntry testId="3ada0cc6-2a4d-2d63-7d9f-97d4d443b0f3" executionId="bab8dcba-b108-4e1a-8f8e-b307fcff1dee" testListId="8c84fa94-04c1-424b-9868-57a2d4851a1d" />
  </TestEntries>
  <Results>
    <UnitTestResult executionId="bab8dcba-b108-4e1a-8f8e-b307fcff1dee" testId="3ada0cc6-2a4d-2d63-7d9f-97d4d443b0f3" testName="TimetableManualTester" computerName="FLOLAP-PC" duration="00:00:06.8075675" startTime="2011-10-28T09:59:31.0782324+02:00" endTime="2011-10-28T09:59:39.1082124+02:00" testType="13cdc9d9-ddb5-4fa4-a97d-d965ccfc6d4b" outcome="Passed" testListId="8c84fa94-04c1-424b-9868-57a2d4851a1d" relativeResultsDirectory="bab8dcba-b108-4e1a-8f8e-b307fcff1dee">
      <Output>
        <DebugTrace>Time to create population of size 1: 78ms
1150
Early abort after 85 generations.
Mean time per generation: 1ms
Mean fitness increase per generation
0
0
30
0
15
90
90
0
30
70
60
25
0
0
15
60
120
15
0
0
0
0
0
175
30
145
0
0
0
0
0
235
65
0
0
255
0
0
30
0
60
0
0
0
15
0
15
15
135
0
170
160
0
220
0
0
85
0
0
0
0
30
60
0
0
55
0
0
0
60
0
0
0
165
0
0
0
0
0
30
5
0
0
0
0
0
Evolution time: 171ms
3985

Group 0
Block 0: Informatik 1, E303                          | --------------------------------------------| Fremdsprachen, E304                         | Technische Informatik 1, E203               | Technische Informatik 1, E302               | 
Block 1: --------------------------------------------| --------------------------------------------| Fremdsprachen, E304                         | --------------------------------------------| Mathematik 1, E305                          | 
Block 2: Theoretische Informatik 1, E303             | --------------------------------------------| --------------------------------------------| --------------------------------------------| Mathematik 1 Labor, LI137                   | 
Block 3: --------------------------------------------| --------------------------------------------| --------------------------------------------| --------------------------------------------| Technische Informatik 1 Übung, E304         | 
Block 4: Informatik 1 Übung, LI136                   | Informatik 1, E201                          | --------------------------------------------| Mathematik 1 Labor, LI141                   | Theoretische Informatik 1, E203             | 
Block 5: --------------------------------------------| --------------------------------------------| --------------------------------------------| --------------------------------------------| Mathematik 1, E203                          | 

Group 1
Block 0: --------------------------------------------| --------------------------------------------| Technische Informatik 1, E201               | --------------------------------------------| Informatik 1, E203                          | 
Block 1: Technische Informatik 1, E302               | Informatik 1 Übung, LI008                   | --------------------------------------------| Informatik 1, E305                          | --------------------------------------------| 
Block 2: Mathematik 1 Labor, LI008                   | Fremdsprachen, E304                         | --------------------------------------------| --------------------------------------------| --------------------------------------------| 
Block 3: --------------------------------------------| Fremdsprachen, E304                         | --------------------------------------------| Technische Informatik 1 Übung, E301         | --------------------------------------------| 
Block 4: Mathematik 1, E301                          | Mathematik 1 Labor, LI137                   | --------------------------------------------| Theoretische Informatik 1, E303             | Mathematik 1, E301                          | 
Block 5: --------------------------------------------| Theoretische Informatik 1, E305             | --------------------------------------------| --------------------------------------------| --------------------------------------------| 

Group 2
Block 0: Informatik 2, E203                          | Mathematik 2 Labor, E303                    | --------------------------------------------| Softwarelabor, E304                         | --------------------------------------------| 
Block 1: Softwarelabor, E301                         | Informatik 2, E303                          | --------------------------------------------| Softwarelabor, E304                         | --------------------------------------------| 
Block 2: Softwarelabor, E301                         | --------------------------------------------| --------------------------------------------| Technische Informatik 2, E302               | --------------------------------------------| 
Block 3: Sprachen und Metasprachen, E302             | Digital-Labor, E301                         | Informatik 2 Übung, E302                    | Mathematik 2, E213                          | --------------------------------------------| 
Block 4: Informatik 2 Übung, E302                    | Digital-Labor, E301                         | --------------------------------------------| Web-Programming, E203                       | --------------------------------------------| 
Block 5: --------------------------------------------| Digital-Labor, E301                         | --------------------------------------------| Technische Informatik 2, E203               | --------------------------------------------| 

Group 3
Block 0: --------------------------------------------| BWL, E301                                   | Systemnah. Progr., LI137                    | Automat. Labor, E201                        | --------------------------------------------| 
Block 1: --------------------------------------------| --------------------------------------------| Systemnah. Progr., LI136                    | Automat. Labor, E201                        | --------------------------------------------| 
Block 2: --------------------------------------------| Mensch-Maschine-Kommunikation, E213         | --------------------------------------------| Automatisierung, E203                       | DB-Praktikum, E213                          | 
Block 3: --------------------------------------------| Mensch-Maschine-Kommunikation, E213         | --------------------------------------------| DB1 und K-Netze1, E303                      | DB-Praktikum, E213                          | 
Block 4: --------------------------------------------| Automatisierung, E203                       | DB1 und K-Netze1, E203                      | --------------------------------------------| BWL, E305                                   | 
Block 5: Systemnah. Progr., LI141                    | --------------------------------------------| --------------------------------------------| --------------------------------------------| DB1 und K-Netze1, E304                      | 

Group 4
Block 0: --------------------------------------------| Automat. Labor, E304                        | DB-Praktikum, E203                          | --------------------------------------------| BWL, E201                                   | 
Block 1: BWL, E304                                   | Automat. Labor, E304                        | DB-Praktikum, E203                          | --------------------------------------------| Automatisierung, E203                       | 
Block 2: DB1 und K-Netze1, E302                      | --------------------------------------------| --------------------------------------------| --------------------------------------------| --------------------------------------------| 
Block 3: --------------------------------------------| --------------------------------------------| --------------------------------------------| --------------------------------------------| Systemnah. Progr., LI136                    | 
Block 4: DB1 und K-Netze1, E213                      | --------------------------------------------| Systemnah. Progr., LI008                    | Mensch-Maschine-Kommunikation, E213         | DB1 und K-Netze1, E304                      | 
Block 5: Automatisierung, E203                       | --------------------------------------------| --------------------------------------------| Mensch-Maschine-Kommunikation, E213         | Systemnah. Progr., LI141                    | 

Group 5
Block 0: --------------------------------------------| Praxisvorbereitung, E203                    | --------------------------------------------| Praxisvorbereitung, E301                    | --------------------------------------------| 
Block 1: --------------------------------------------| Praxisvorbereitung, E203                    | --------------------------------------------| Praxisvorbereitung, E301                    | --------------------------------------------| 
Block 2: --------------------------------------------| Praxisvorbereitung, E203                    | --------------------------------------------| Praxisvorbereitung, E301                    | --------------------------------------------| 
Block 3: --------------------------------------------| --------------------------------------------| --------------------------------------------| --------------------------------------------| --------------------------------------------| 
Block 4: Praxisnachbereitung, E305                   | --------------------------------------------| --------------------------------------------| --------------------------------------------| --------------------------------------------| 
Block 5: --------------------------------------------| --------------------------------------------| --------------------------------------------| --------------------------------------------| --------------------------------------------| 

Group 6
Block 0: --------------------------------------------| --------------------------------------------| Autonome Systeme und RA, E302               | --------------------------------------------| --------------------------------------------| 
Block 1: --------------------------------------------| --------------------------------------------| --------------------------------------------| Verteilte Informationssysteme, E303         | DB2 und K-Netze2, E201                      | 
Block 2: --------------------------------------------| SW-Engineering, LI136                       | --------------------------------------------| DB2 und K-Netze2, E201                      | ERP-Labor, E305                             | 
Block 3: --------------------------------------------| SW-Engineering, LI136                       | --------------------------------------------| ERP-Systeme, E203                           | --------------------------------------------| 
Block 4: Autonome Systeme und RA, E201               | SW-Engineering, LI136                       | --------------------------------------------| --------------------------------------------| --------------------------------------------| 
Block 5: ERP-Systeme, E305                           | SW-Engineering, LI136                       | --------------------------------------------| --------------------------------------------| Verteilte Informationssysteme Labor, LI136  | 

Group 7
Block 0: Autonome Systeme und RA, E304               | --------------------------------------------| --------------------------------------------| --------------------------------------------| ERP-Systeme, E304                           | 
Block 1: SW-Engineering, LI141                       | DB2 und K-Netze2, E301                      | Verteilte Informationssysteme Labor, LI141  | --------------------------------------------| --------------------------------------------| 
Block 2: SW-Engineering, LI141                       | Autonome Systeme und RA, E201               | --------------------------------------------| --------------------------------------------| --------------------------------------------| 
Block 3: SW-Engineering, LI141                       | DB2 und K-Netze2, E302                      | --------------------------------------------| --------------------------------------------| --------------------------------------------| 
Block 4: SW-Engineering, LI141                       | ERP-Labor, E304                             | --------------------------------------------| --------------------------------------------| ERP-Systeme, E201                           | 
Block 5: Verteilte Informationssysteme, E301         | --------------------------------------------| --------------------------------------------| --------------------------------------------| --------------------------------------------| 

Group 8
Block 0: Embedded Software, E302                     | Geschäftsprozesse, E201                     | Networksecurity, E303                       | Advanced Networking, E213                   | Spez. Kap. Software Engineering, E305       | 
Block 1: Computergrafik, E203                        | Geschäftsprozesse, E302                     | Labor Bildverarbeitung, E213                | Advanced Networking, E213                   | Modellb. SW-Entw., E302                     | 
Block 2: Embedded Labor, E201                        | --------------------------------------------| --------------------------------------------| Computer Vision, E304                       | Intercultural Comm., E303                   | 
Block 3: Embedded Labor, E201                        | IT-Consulting, E203                         | Business Intelligence, E304                 | Robotics, E304                              | Gameprogramming, E201                       | 
Block 4: --------------------------------------------| Benutzeroberflächen, E305                   | Intercultural Comm., E201                   | Rhetorik, E304                              | --------------------------------------------| 
Block 5: --------------------------------------------| Computergrafik, E302                        | Recht, E201                                 | --------------------------------------------| Seminar, E301                               | 

Group 9
Block 0: --------------------------------------------| --------------------------------------------| --------------------------------------------| --------------------------------------------| Teamteaching, E213                          | 
Block 1: --------------------------------------------| --------------------------------------------| --------------------------------------------| --------------------------------------------| --------------------------------------------| 
Block 2: --------------------------------------------| --------------------------------------------| --------------------------------------------| High Performance Computing, E305            | Projektmanagement, E203                     | 
Block 3: Labor Autonome Systeme, LI136               | --------------------------------------------| --------------------------------------------| High Performance Computing, E305            | --------------------------------------------| 
Block 4: --------------------------------------------| --------------------------------------------| Multimedia, E305                            | --------------------------------------------| --------------------------------------------| 
Block 5: --------------------------------------------| --------------------------------------------| --------------------------------------------| Qualitätssicherung, E302                    | --------------------------------------------| 

Group 10
Block 0: IT Projektmanagement, E301                  | Mobile Systeme, E302                        | Visualization and Semantics Lab, LI008      | --------------------------------------------| Projektarbeit1, E301                        | 
Block 1: --------------------------------------------| Visualization and Semantics, E213           | --------------------------------------------| Datenrepräsentation und -übertragung, E302  | Projektarbeit1, E301                        | 
Block 2: Verteilte Informationssysteme, E304         | --------------------------------------------| --------------------------------------------| --------------------------------------------| Projektarbeit1, E301                        | 
Block 3: --------------------------------------------| Modellierung und Simulation, E305           | --------------------------------------------| --------------------------------------------| IT Service Management, E303                 | 
Block 4: --------------------------------------------| --------------------------------------------| Intelligente Systeme, E303                  | --------------------------------------------| --------------------------------------------| 
Block 5: --------------------------------------------| Führungskräftetraining, E304                | --------------------------------------------| --------------------------------------------| --------------------------------------------| 

Group 11
Block 0: Dialog Systems, E305                        | --------------------------------------------| Labor Verteilte Systeme, E301               | IT-Sicherheit, E302                         | --------------------------------------------| 
Block 1: Algorithmenentwurf, E303                    | Data Mining, E201                           | --------------------------------------------| --------------------------------------------| --------------------------------------------| 
Block 2: Projektarbeit2, E203                        | Algorithmen Übung, E301                     | --------------------------------------------| --------------------------------------------| --------------------------------------------| 
Block 3: Projektarbeit2, E203                        | --------------------------------------------| --------------------------------------------| --------------------------------------------| Angewandte Kryptografie, E301               | 
Block 4: --------------------------------------------| --------------------------------------------| --------------------------------------------| Seminar, E305                               | --------------------------------------------| 
Block 5: Labor Benutzeroberflächen, E201             | --------------------------------------------| --------------------------------------------| --------------------------------------------| --------------------------------------------| 
</DebugTrace>
      </Output>
    </UnitTestResult>
  </Results>
</TestRun>