<?xml version="1.0" encoding="UTF-8"?>
<TestRun id="b711e98b-bec8-41e8-8dde-bfa29eb29ab3" name="FloLap@FLOLAP-PC 2011-10-19 19:26:00" runUser="FloLap-PC\FloLap" xmlns="http://microsoft.com/schemas/VisualStudio/TeamTest/2010">
  <TestSettings name="Lokal" id="6ed96bb3-d821-4eee-a79d-3a3069da9890">
    <Description>Dies sind die standardmäßigen Testeinstellungen für einen lokalen Testlauf.</Description>
    <Deployment enabled="false" runDeploymentRoot="FloLap_FLOLAP-PC 2011-10-19 19_26_00">
      <DeploymentItem filename="E:\HsKA\Semester2\Projektarbeit\Stundenplangenerator\TimetablePlanner\TimetablePlanner\bin\Debug\TimetablePlanner.dll" />
    </Deployment>
    <Execution>
      <TestTypeSpecific />
      <AgentRule name="Execution Agents">
      </AgentRule>
    </Execution>
  </TestSettings>
  <Times creation="2011-10-19T19:26:00.3477824+02:00" queuing="2011-10-19T19:26:01.5249961+02:00" start="2011-10-19T19:26:01.6029963+02:00" finish="2011-10-19T19:26:10.6163338+02:00" />
  <ResultSummary outcome="Completed">
    <Counters total="1" executed="1" passed="1" error="0" failed="0" timeout="0" aborted="0" inconclusive="0" passedButRunAborted="0" notRunnable="0" notExecuted="0" disconnected="0" warning="0" completed="0" inProgress="0" pending="0" />
  </ResultSummary>
  <TestDefinitions>
    <UnitTest name="createTimetableInstanceTest" storage="e:\hska\semester2\projektarbeit\stundenplangenerator\timetableplanner\timetableplannertests\bin\debug\timetableplannertests.dll" id="ab441b29-9837-01bf-f43f-7839c8f73716">
      <Execution id="3a360c81-270c-401e-a101-566f6bc40a9a" />
      <TestMethod codeBase="E:/HsKA/Semester2/Projektarbeit/Stundenplangenerator/TimetablePlanner/TimetablePlannerTests/bin/Debug/TimetablePlannerTests.DLL" adapterTypeName="Microsoft.VisualStudio.TestTools.TestTypes.Unit.UnitTestAdapter, Microsoft.VisualStudio.QualityTools.Tips.UnitTest.Adapter, Version=10.0.0.0, Culture=neutral, PublicKeyToken=b03f5f7f11d50a3a" className="TimetablePlannerTests.TimetableTest, TimetablePlannerTests, Version=1.0.0.0, Culture=neutral, PublicKeyToken=null" name="createTimetableInstanceTest" />
    </UnitTest>
  </TestDefinitions>
  <TestLists>
    <TestList name="Nicht in einer Liste enthaltene Ergebnisse" id="8c84fa94-04c1-424b-9868-57a2d4851a1d" />
    <TestList name="Alle geladenen Ergebnisse" id="19431567-8539-422a-85d7-44ee4e166bda" />
  </TestLists>
  <TestEntries>
    <TestEntry testId="ab441b29-9837-01bf-f43f-7839c8f73716" executionId="3a360c81-270c-401e-a101-566f6bc40a9a" testListId="8c84fa94-04c1-424b-9868-57a2d4851a1d" />
  </TestEntries>
  <Results>
    <UnitTestResult executionId="3a360c81-270c-401e-a101-566f6bc40a9a" testId="ab441b29-9837-01bf-f43f-7839c8f73716" testName="createTimetableInstanceTest" computerName="FLOLAP-PC" duration="00:00:07.6466976" startTime="2011-10-19T19:26:01.6653964+02:00" endTime="2011-10-19T19:26:10.5227337+02:00" testType="13cdc9d9-ddb5-4fa4-a97d-d965ccfc6d4b" outcome="Passed" testListId="8c84fa94-04c1-424b-9868-57a2d4851a1d" relativeResultsDirectory="3a360c81-270c-401e-a101-566f6bc40a9a">
      <Output>
        <DebugTrace>Time to create population of size 75: 561ms
398
363
333
324
320
299
288
265
251
229
226
223
221
203
201
197
187
186
181
179
176
173
169
167
164
164
159
156
149
148
140
131
129
124
118
117
112
110
110
102
95
93
89
84
83
80
76
66
56
52
37
15
13
1
-9
-10
-10
-28
-30
-33
-63
-83
-85
-87
-101
-104
-108
-120
-147
-169
-188
-192
-239
-297
-345
Early abort after 158 generations.
Mean time per generation: 42ms
Mean fitness increase per generation
141
89
69
48
37
30
39
20
16
15
11
12
10
11
10
9
8
7
8
8
5
7
5
7
5
6
8
7
6
5
4
3
3
4
3
3
5
4
4
3
4
4
3
2
5
5
3
3
4
3
4
4
2
5
3
4
3
3
4
2
2
3
2
2
2
1
2
1
1
2
1
2
3
2
2
1
2
2
3
1
1
2
1
0
1
1
1
1
1
1
1
3
1
2
1
2
1
2
2
1
1
1
1
1
2
1
1
2
2
3
1
1
0
0
0
0
1
0
0
1
0
0
1
1
0
1
1
1
0
0
1
1
0
1
1
0
1
0
0
1
1
1
0
1
1
0
0
0
0
1
0
0
1
0
0
1
0
0
1
Evolution time: 6751ms
964
961
958
955
955
955
955
955
955
955
955
952
952
952
952
952
952
952
952
952
949
949
949
949
949
949
949
949
949
949
949
949
949
949
949
949
949
949
949
946
946
946
946
946
946
946
946
946
946
946
946
946
946
946
946
946
946
946
946
946
946
946
946
946
946
946
946
946
946
946
946
946
946
946
946

Group 0
Block 0: 009 011 005 004 012 
Block 1: 000 010 001 006 012 
Block 2: 007 003 --- 008 002 
Block 3: --- --- --- --- --- 
Block 4: --- --- --- --- --- 
Block 5: --- --- --- --- --- 

Group 1
Block 0: 014 020 015 021 025 
Block 1: 023 019 016 018 025 
Block 2: 013 022 --- 018 025 
Block 3: --- 024 --- --- --- 
Block 4: --- --- 017 --- --- 
Block 5: --- --- --- --- --- 

Group 2
Block 0: 027 026 028 030 032 
Block 1: --- 031 --- 033 035 
Block 2: 029 --- --- --- --- 
Block 3: --- x36 --- --- --- 
Block 4: --- x34 --- --- --- 
Block 5: --- --- --- --- --- 

Group 3
Block 0: 039 037 043 038 041 
Block 1: 042 044 040 --- --- 
Block 2: --- --- --- --- --- 
Block 3: --- --- --- --- --- 
Block 4: --- --- --- --- x45 
Block 5: --- --- --- --- x46 
</DebugTrace>
      </Output>
    </UnitTestResult>
  </Results>
</TestRun>