<?xml version="1.0" encoding="UTF-8"?>
<TestRun id="bcc4f6a3-9b30-4b32-8f02-312374f7a55c" name="FloLap@FLOLAP-PC 2011-10-28 11:11:06" runUser="FloLap-PC\FloLap" xmlns="http://microsoft.com/schemas/VisualStudio/TeamTest/2010">
  <TestSettings name="Lokal" id="6ed96bb3-d821-4eee-a79d-3a3069da9890">
    <Description>Dies sind die standardmäßigen Testeinstellungen für einen lokalen Testlauf.</Description>
    <Deployment enabled="false" runDeploymentRoot="FloLap_FLOLAP-PC 2011-10-28 11_11_06">
      <DeploymentItem filename="E:\HsKA\Semester2\Projektarbeit\Stundenplangenerator\TimetablePlanner\TimetablePlanner\bin\Debug\TimetablePlanner.dll" />
    </Deployment>
    <Execution>
      <TestTypeSpecific />
      <AgentRule name="Execution Agents">
      </AgentRule>
    </Execution>
  </TestSettings>
  <Times creation="2011-10-28T11:11:06.7832631+02:00" queuing="2011-10-28T11:11:07.8007135+02:00" start="2011-10-28T11:11:07.8987191+02:00" finish="2011-10-28T11:11:48.1369637+02:00" />
  <ResultSummary outcome="Completed">
    <Counters total="1" executed="1" passed="1" error="0" failed="0" timeout="0" aborted="0" inconclusive="0" passedButRunAborted="0" notRunnable="0" notExecuted="0" disconnected="0" warning="0" completed="0" inProgress="0" pending="0" />
  </ResultSummary>
  <TestDefinitions>
    <UnitTest name="TimetableManualTester" storage="e:\hska\semester2\projektarbeit\stundenplangenerator\timetableplanner\timetableplannertests\bin\debug\timetableplannertests.dll" id="3ada0cc6-2a4d-2d63-7d9f-97d4d443b0f3">
      <Execution id="ad2bb041-0541-4023-8827-5e934f543979" />
      <TestMethod codeBase="E:/HsKA/Semester2/Projektarbeit/Stundenplangenerator/TimetablePlanner/TimetablePlannerTests/bin/Debug/TimetablePlannerTests.DLL" adapterTypeName="Microsoft.VisualStudio.TestTools.TestTypes.Unit.UnitTestAdapter, Microsoft.VisualStudio.QualityTools.Tips.UnitTest.Adapter, Version=10.0.0.0, Culture=neutral, PublicKeyToken=b03f5f7f11d50a3a" className="TimetablePlannerTests.TimetableTest, TimetablePlannerTests, Version=1.0.0.0, Culture=neutral, PublicKeyToken=null" name="TimetableManualTester" />
    </UnitTest>
  </TestDefinitions>
  <TestLists>
    <TestList name="Nicht in einer Liste enthaltene Ergebnisse" id="8c84fa94-04c1-424b-9868-57a2d4851a1d" />
    <TestList name="Alle geladenen Ergebnisse" id="19431567-8539-422a-85d7-44ee4e166bda" />
  </TestLists>
  <TestEntries>
    <TestEntry testId="3ada0cc6-2a4d-2d63-7d9f-97d4d443b0f3" executionId="ad2bb041-0541-4023-8827-5e934f543979" testListId="8c84fa94-04c1-424b-9868-57a2d4851a1d" />
  </TestEntries>
  <Results>
    <UnitTestResult executionId="ad2bb041-0541-4023-8827-5e934f543979" testId="3ada0cc6-2a4d-2d63-7d9f-97d4d443b0f3" testName="TimetableManualTester" computerName="FLOLAP-PC" duration="00:00:38.9177730" startTime="2011-10-28T11:11:07.9447217+02:00" endTime="2011-10-28T11:11:48.0649596+02:00" testType="13cdc9d9-ddb5-4fa4-a97d-d965ccfc6d4b" outcome="Passed" testListId="8c84fa94-04c1-424b-9868-57a2d4851a1d" relativeResultsDirectory="ad2bb041-0541-4023-8827-5e934f543979">
      <Output>
        <DebugTrace>Time to create population of size 50: 16257ms
2470
2300
2020
1970
1750
1700
1630
1610
1590
1560
1460
1450
1410
1360
1350
1330
1280
1230
1150
1150
1130
1080
1040
1040
1030
1020
1000
990
990
980
930
900
890
810
780
720
700
660
650
570
540
520
480
390
390
380
380
300
-20
-250
Early abort of evolution after 447 generations
Mean time per generation: 48ms
Mean fitness increase per generation
448
280
201
209
131
83
42
59
48
40
59
58
56
57
70
73
69
54
58
39
37
33
37
32
28
36
36
33
41
36
35
44
47
38
31
30
43
42
43
27
26
25
33
31
15
24
45
36
41
34
25
28
42
34
29
31
31
34
43
28
32
28
23
20
26
24
25
22
33
39
23
34
13
16
19
23
26
15
23
15
14
25
14
16
19
15
16
11
11
26
23
27
25
26
24
24
28
26
28
25
18
21
23
21
33
21
22
15
15
14
20
18
20
16
16
15
12
7
8
16
9
11
15
10
23
13
18
17
17
19
14
19
9
12
18
19
16
17
18
24
10
8
16
14
22
13
12
19
7
10
18
16
22
15
19
10
8
9
10
7
5
6
9
5
11
6
16
7
9
7
5
3
3
4
3
1
1
5
3
4
4
4
4
4
2
2
5
3
3
3
5
1
3
5
2
4
2
6
3
2
3
8
6
7
9
8
10
5
8
4
7
8
8
7
6
10
8
10
7
8
11
7
5
5
1
5
5
4
6
2
6
3
8
3
4
4
4
3
1
4
4
5
4
4
3
3
8
4
3
4
7
4
8
2
3
5
3
2
7
6
7
7
7
4
5
6
5
4
3
5
3
4
4
7
8
0
6
6
7
9
10
8
7
3
5
4
2
5
4
5
4
3
4
6
7
7
6
10
7
13
12
10
9
9
6
9
7
7
4
5
7
4
2
6
7
2
2
2
4
4
3
3
5
6
5
2
2
8
5
5
2
7
2
5
7
6
3
3
2
4
3
4
8
1
5
2
4
4
9
5
3
5
3
5
7
5
3
2
4
5
4
2
5
2
5
3
1
3
6
2
1
5
4
4
2
3
3
3
3
0
4
2
3
1
1
1
2
4
2
4
4
1
2
5
4
2
5
5
4
1
2
5
4
3
2
2
1
3
4
3
1
5
2
3
2
8
0
1
3
2
1
4
4
3
3
3
3
6
3
0
5
1
3
3
1
1
3
3
5
2
1
3
3
2
0
0
2
1
Evolution time: 22142ms
7700
7700
7690
7680
7680
7670
7670
7670
7670
7670
7670
7670
7670
7670
7670
7660
7660
7660
7660
7660
7660
7660
7660
7660
7660
7660
7650
7650
7650
7650
7650
7650
7650
7640
7640
7640
7640
7640
7640
7640
7640
7640
7640
7640
7640
7640
7640
7640
7640
7640
</DebugTrace>
      </Output>
    </UnitTestResult>
  </Results>
</TestRun>