<?xml version="1.0" encoding="UTF-8"?>
<TestRun id="a269cbc2-b9cc-45ca-a9d0-dc619cc9143b" name="FloLap@FLOLAP-PC 2011-10-19 17:59:58" runUser="FloLap-PC\FloLap" xmlns="http://microsoft.com/schemas/VisualStudio/TeamTest/2010">
  <TestSettings name="Lokal" id="6ed96bb3-d821-4eee-a79d-3a3069da9890">
    <Description>Dies sind die standardmäßigen Testeinstellungen für einen lokalen Testlauf.</Description>
    <Deployment enabled="false" runDeploymentRoot="FloLap_FLOLAP-PC 2011-10-19 17_59_58">
      <DeploymentItem filename="E:\HsKA\Semester2\Projektarbeit\Stundenplangenerator\TimetablePlanner\TimetablePlanner\bin\Debug\TimetablePlanner.dll" />
    </Deployment>
    <Execution>
      <TestTypeSpecific />
      <AgentRule name="Execution Agents">
      </AgentRule>
    </Execution>
  </TestSettings>
  <Times creation="2011-10-19T17:59:58.7663136+02:00" queuing="2011-10-19T17:59:59.9333804+02:00" start="2011-10-19T18:00:00.0153851+02:00" finish="2011-10-19T18:00:06.6425572+02:00" />
  <ResultSummary outcome="Completed">
    <Counters total="1" executed="1" passed="1" error="0" failed="0" timeout="0" aborted="0" inconclusive="0" passedButRunAborted="0" notRunnable="0" notExecuted="0" disconnected="0" warning="0" completed="0" inProgress="0" pending="0" />
  </ResultSummary>
  <TestDefinitions>
    <UnitTest name="createTimetableInstanceTest" storage="e:\hska\semester2\projektarbeit\stundenplangenerator\timetableplanner\timetableplannertests\bin\debug\timetableplannertests.dll" id="ab441b29-9837-01bf-f43f-7839c8f73716">
      <Execution id="e11bf338-1b7b-46c6-84e8-0e48fba3b279" />
      <TestMethod codeBase="E:/HsKA/Semester2/Projektarbeit/Stundenplangenerator/TimetablePlanner/TimetablePlannerTests/bin/Debug/TimetablePlannerTests.DLL" adapterTypeName="Microsoft.VisualStudio.TestTools.TestTypes.Unit.UnitTestAdapter, Microsoft.VisualStudio.QualityTools.Tips.UnitTest.Adapter, Version=10.0.0.0, Culture=neutral, PublicKeyToken=b03f5f7f11d50a3a" className="TimetablePlannerTests.TimetableTest, TimetablePlannerTests, Version=1.0.0.0, Culture=neutral, PublicKeyToken=null" name="createTimetableInstanceTest" />
    </UnitTest>
  </TestDefinitions>
  <TestLists>
    <TestList name="Nicht in einer Liste enthaltene Ergebnisse" id="8c84fa94-04c1-424b-9868-57a2d4851a1d" />
    <TestList name="Alle geladenen Ergebnisse" id="19431567-8539-422a-85d7-44ee4e166bda" />
  </TestLists>
  <TestEntries>
    <TestEntry testId="ab441b29-9837-01bf-f43f-7839c8f73716" executionId="e11bf338-1b7b-46c6-84e8-0e48fba3b279" testListId="8c84fa94-04c1-424b-9868-57a2d4851a1d" />
  </TestEntries>
  <Results>
    <UnitTestResult executionId="e11bf338-1b7b-46c6-84e8-0e48fba3b279" testId="ab441b29-9837-01bf-f43f-7839c8f73716" testName="createTimetableInstanceTest" computerName="FLOLAP-PC" duration="00:00:05.3046282" startTime="2011-10-19T18:00:00.0613877+02:00" endTime="2011-10-19T18:00:06.5435515+02:00" testType="13cdc9d9-ddb5-4fa4-a97d-d965ccfc6d4b" outcome="Passed" testListId="8c84fa94-04c1-424b-9868-57a2d4851a1d" relativeResultsDirectory="e11bf338-1b7b-46c6-84e8-0e48fba3b279">
      <Output>
        <DebugTrace>Time to create population of size 75: 569ms
426
362
329
299
283
266
260
256
230
227
226
218
217
215
207
193
190
187
184
176
171
163
158
147
146
137
136
128
125
122
121
109
104
102
102
98
96
93
91
78
65
63
57
54
53
44
44
42
31
30
27
24
20
14
6
-4
-6
-10
-11
-12
-34
-38
-38
-39
-43
-44
-69
-96
-97
-109
-111
-164
-180
-207
-232
Early abort after 168 generations.
Mean time per generation: 25ms
Mean fitness increase per generation
122
59
42
41
45
42
29
21
15
9
8
7
7
7
7
6
6
5
7
6
8
6
5
6
6
8
5
5
6
7
5
7
7
6
5
6
4
5
4
3
3
6
4
4
5
5
5
5
4
5
4
4
3
4
3
4
3
4
2
3
2
3
5
4
3
2
3
3
3
3
3
4
3
3
3
2
2
1
3
3
3
2
3
1
3
2
2
2
1
1
1
1
2
2
1
1
0
1
1
1
2
1
0
1
1
1
1
2
2
1
1
0
1
1
1
2
1
1
1
1
0
1
0
2
1
2
1
1
1
3
1
1
1
0
1
1
0
0
0
1
0
1
1
1
0
1
1
1
1
0
1
1
0
0
1
0
1
2
1
0
0
0
0
0
0
0
0
0
0
Evolution time: 4364ms
916
913
913
913
913
913
913
913
913
913
913
913
913
913
913
913
913
913
913
913
913
913
913
913
913
913
913
913
913
913
913
913
913
913
913
913
913
913
913
913
913
913
913
913
913
913
913
913
913
913
913
913
913
913
913
913
913
913
913
913
913
913
913
913
913
913
913
913
913
913
913
913
913
913
913

Group 0
Block 0: 007 001 012 002 003 
Block 1: 000 006 012 009 004 
Block 2: 011 010 --- 005 --- 
Block 3: --- 008 --- --- --- 
Block 4: --- --- --- --- --- 
Block 5: --- --- --- --- --- 

Group 1
Block 0: 018 015 023 021 013 
Block 1: 018 022 014 017 024 
Block 2: 020 016 --- 017 019 
Block 3: --- --- --- 025 --- 
Block 4: --- --- --- 025 --- 
Block 5: --- --- --- 025 --- 

Group 2
Block 0: x36 026 030 031 028 
Block 1: x36 032 035 029 --- 
Block 2: x36 027 --- --- 033 
Block 3: --- --- --- --- --- 
Block 4: --- --- --- --- --- 
Block 5: --- --- --- --- x34 

Group 3
Block 0: 044 039 042 041 037 
Block 1: --- 040 --- 043 038 
Block 2: --- --- --- --- --- 
Block 3: --- --- --- --- --- 
Block 4: --- --- --- --- x45 
Block 5: x46 --- --- --- x45 
</DebugTrace>
      </Output>
    </UnitTestResult>
  </Results>
</TestRun>