<?xml version="1.0" encoding="UTF-8"?>
<TestRun id="40f78d4e-bef6-456a-9ead-35209d748eb2" name="FloLap@FLOLAP-PC 2011-11-18 15:58:21" runUser="FloLap-PC\FloLap" xmlns="http://microsoft.com/schemas/VisualStudio/TeamTest/2010">
  <TestSettings name="Lokal" id="6ed96bb3-d821-4eee-a79d-3a3069da9890">
    <Description>Dies sind die standardmäßigen Testeinstellungen für einen lokalen Testlauf.</Description>
    <Deployment enabled="false" runDeploymentRoot="FloLap_FLOLAP-PC 2011-11-18 15_58_21">
      <DeploymentItem filename="E:\HsKA\Semester2\Projektarbeit\Stundenplangenerator\TimetablePlanner\TimetablePlanner\bin\Debug\TimetablePlanner.dll" />
    </Deployment>
    <Execution>
      <TestTypeSpecific />
      <AgentRule name="Execution Agents">
      </AgentRule>
    </Execution>
  </TestSettings>
  <Times creation="2011-11-18T15:58:21.3875475+01:00" queuing="2011-11-18T15:58:22.4309908+01:00" start="2011-11-18T15:58:22.5089909+01:00" finish="2011-11-18T15:58:34.5788393+01:00" />
  <ResultSummary outcome="Completed">
    <Counters total="2" executed="2" passed="2" error="0" failed="0" timeout="0" aborted="0" inconclusive="0" passedButRunAborted="0" notRunnable="0" notExecuted="0" disconnected="0" warning="0" completed="0" inProgress="0" pending="0" />
  </ResultSummary>
  <TestDefinitions>
    <UnitTest name="TimetableGenerationTest" storage="e:\hska\semester2\projektarbeit\stundenplangenerator\timetableplanner\timetableplannertests\bin\debug\timetableplannertests.dll" id="4689e2d1-87f2-8844-ae95-39072767341d">
      <Execution id="e3a855c8-dedb-4656-a316-0880a238575b" />
      <TestMethod codeBase="E:/HsKA/Semester2/Projektarbeit/Stundenplangenerator/TimetablePlanner/TimetablePlannerTests/bin/Debug/TimetablePlannerTests.DLL" adapterTypeName="Microsoft.VisualStudio.TestTools.TestTypes.Unit.UnitTestAdapter, Microsoft.VisualStudio.QualityTools.Tips.UnitTest.Adapter, Version=10.0.0.0, Culture=neutral, PublicKeyToken=b03f5f7f11d50a3a" className="TimetablePlannerTests.TimetableTest, TimetablePlannerTests, Version=1.0.0.0, Culture=neutral, PublicKeyToken=null" name="TimetableGenerationTest" />
    </UnitTest>
    <UnitTest name="TimetableInputExportTest" storage="e:\hska\semester2\projektarbeit\stundenplangenerator\timetableplanner\timetableplannertests\bin\debug\timetableplannertests.dll" id="643aee53-482b-7ddc-6eba-83a04b5cba46">
      <Execution id="1f74e44b-b5ee-4deb-8ac9-3e71fc465fe8" />
      <TestMethod codeBase="E:/HsKA/Semester2/Projektarbeit/Stundenplangenerator/TimetablePlanner/TimetablePlannerTests/bin/Debug/TimetablePlannerTests.DLL" adapterTypeName="Microsoft.VisualStudio.TestTools.TestTypes.Unit.UnitTestAdapter, Microsoft.VisualStudio.QualityTools.Tips.UnitTest.Adapter, Version=10.0.0.0, Culture=neutral, PublicKeyToken=b03f5f7f11d50a3a" className="TimetablePlannerTests.TimetableTest, TimetablePlannerTests, Version=1.0.0.0, Culture=neutral, PublicKeyToken=null" name="TimetableInputExportTest" />
    </UnitTest>
  </TestDefinitions>
  <TestLists>
    <TestList name="Nicht in einer Liste enthaltene Ergebnisse" id="8c84fa94-04c1-424b-9868-57a2d4851a1d" />
    <TestList name="Alle geladenen Ergebnisse" id="19431567-8539-422a-85d7-44ee4e166bda" />
  </TestLists>
  <TestEntries>
    <TestEntry testId="4689e2d1-87f2-8844-ae95-39072767341d" executionId="e3a855c8-dedb-4656-a316-0880a238575b" testListId="8c84fa94-04c1-424b-9868-57a2d4851a1d" />
    <TestEntry testId="643aee53-482b-7ddc-6eba-83a04b5cba46" executionId="1f74e44b-b5ee-4deb-8ac9-3e71fc465fe8" testListId="8c84fa94-04c1-424b-9868-57a2d4851a1d" />
  </TestEntries>
  <Results>
    <UnitTestResult executionId="e3a855c8-dedb-4656-a316-0880a238575b" testId="4689e2d1-87f2-8844-ae95-39072767341d" testName="TimetableGenerationTest" computerName="FLOLAP-PC" duration="00:00:10.6273205" startTime="2011-11-18T15:58:22.6025911+01:00" endTime="2011-11-18T15:58:34.4488319+01:00" testType="13cdc9d9-ddb5-4fa4-a97d-d965ccfc6d4b" outcome="Passed" testListId="8c84fa94-04c1-424b-9868-57a2d4851a1d" relativeResultsDirectory="e3a855c8-dedb-4656-a316-0880a238575b">
      <Output>
        <DebugTrace>Individual 3 created.
Individual 6 created.
Individual 4 created.
Individual 9 created.
Individual 8 created.
Individual 10 created.
Individual 2 created.
Individual 11 created.
Individual 13 created.
Individual 12 created.
Individual 14 created.
Individual 5 created.
Individual 17 created.
Individual 7 created.
Individual 0 created.
Individual 20 created.
Individual 15 created.
Individual 18 created.
Individual 19 created.
Individual 22 created.
Individual 21 created.
Individual 16 created.
Individual 1 created.
Individual 23 created.
Individual 24 created.
Population created after 1,0140018 seconds.
Generation 0 finished with best fitness of 6085.
Generation 1 finished with best fitness of 6085.
Generation 2 finished with best fitness of 6110.
Generation 3 finished with best fitness of 6330.
Generation 4 finished with best fitness of 6605.
Generation 5 finished with best fitness of 6605.
Generation 6 finished with best fitness of 6660.
Generation 7 finished with best fitness of 6685.
Generation 8 finished with best fitness of 6885.
Generation 9 finished with best fitness of 6885.
Generation 10 finished with best fitness of 7015.
Generation 11 finished with best fitness of 7015.
Generation 12 finished with best fitness of 7275.
Generation 13 finished with best fitness of 7285.
Generation 14 finished with best fitness of 7430.
Generation 15 finished with best fitness of 7475.
Generation 16 finished with best fitness of 7525.
Generation 17 finished with best fitness of 7675.
Generation 18 finished with best fitness of 7750.
Generation 19 finished with best fitness of 7800.
Generation 20 finished with best fitness of 7830.
Generation 21 finished with best fitness of 7830.
Generation 22 finished with best fitness of 7920.
Generation 23 finished with best fitness of 8065.
Generation 24 finished with best fitness of 8065.
Generation 25 finished with best fitness of 8120.
Generation 26 finished with best fitness of 8255.
Generation 27 finished with best fitness of 8310.
Generation 28 finished with best fitness of 8485.
Generation 29 finished with best fitness of 8485.
Generation 30 finished with best fitness of 8485.
Generation 31 finished with best fitness of 8485.
Generation 32 finished with best fitness of 8485.
Generation 33 finished with best fitness of 8670.
Generation 34 finished with best fitness of 8670.
Generation 35 finished with best fitness of 8840.
Generation 36 finished with best fitness of 8840.
Generation 37 finished with best fitness of 8840.
Generation 38 finished with best fitness of 8840.
Generation 39 finished with best fitness of 8840.
Generation 40 finished with best fitness of 9050.
Generation 41 finished with best fitness of 9050.
Generation 42 finished with best fitness of 9050.
Generation 43 finished with best fitness of 9050.
Generation 44 finished with best fitness of 9050.
Generation 45 finished with best fitness of 9050.
Generation 46 finished with best fitness of 9095.
Generation 47 finished with best fitness of 9095.
Generation 48 finished with best fitness of 9240.
Generation 49 finished with best fitness of 9240.
Generation 50 finished with best fitness of 9240.
Generation 51 finished with best fitness of 9335.
Generation 52 finished with best fitness of 9335.
Generation 53 finished with best fitness of 9335.
Generation 54 finished with best fitness of 9350.
Generation 55 finished with best fitness of 9430.
Generation 56 finished with best fitness of 9430.
Generation 57 finished with best fitness of 9485.
Generation 58 finished with best fitness of 9630.
Generation 59 finished with best fitness of 9630.
Generation 60 finished with best fitness of 9630.
Generation 61 finished with best fitness of 9630.
Generation 62 finished with best fitness of 9630.
Generation 63 finished with best fitness of 9670.
Generation 64 finished with best fitness of 9685.
Generation 65 finished with best fitness of 9775.
Generation 66 finished with best fitness of 9820.
Generation 67 finished with best fitness of 9840.
Generation 68 finished with best fitness of 9875.
Generation 69 finished with best fitness of 9885.
Generation 70 finished with best fitness of 9885.
Generation 71 finished with best fitness of 9955.
Generation 72 finished with best fitness of 9955.
Generation 73 finished with best fitness of 9955.
Generation 74 finished with best fitness of 10075.
Generation 75 finished with best fitness of 10245.
Generation 76 finished with best fitness of 10320.
Generation 77 finished with best fitness of 10320.
Generation 78 finished with best fitness of 10320.
Generation 79 finished with best fitness of 10320.
Generation 80 finished with best fitness of 10385.
Generation 81 finished with best fitness of 10385.
Generation 82 finished with best fitness of 10385.
Generation 83 finished with best fitness of 10385.
Generation 84 finished with best fitness of 10520.
Generation 85 finished with best fitness of 10580.
Generation 86 finished with best fitness of 10590.
Generation 87 finished with best fitness of 10590.
Generation 88 finished with best fitness of 10590.
Generation 89 finished with best fitness of 10590.
Generation 90 finished with best fitness of 10590.
Generation 91 finished with best fitness of 10590.
Generation 92 finished with best fitness of 10590.
Generation 93 finished with best fitness of 10735.
Generation 94 finished with best fitness of 10735.
Generation 95 finished with best fitness of 10735.
Generation 96 finished with best fitness of 10735.
Generation 97 finished with best fitness of 10775.
Generation 98 finished with best fitness of 10775.
Generation 99 finished with best fitness of 10775.
Generation 100 finished with best fitness of 10810.
Generation 101 finished with best fitness of 10875.
Generation 102 finished with best fitness of 10875.
Generation 103 finished with best fitness of 10875.
Generation 104 finished with best fitness of 10925.
Generation 105 finished with best fitness of 10925.
Generation 106 finished with best fitness of 10925.
Generation 107 finished with best fitness of 10925.
Generation 108 finished with best fitness of 10940.
Generation 109 finished with best fitness of 10940.
Generation 110 finished with best fitness of 11035.
Generation 111 finished with best fitness of 11110.
Generation 112 finished with best fitness of 11110.
Generation 113 finished with best fitness of 11155.
Generation 114 finished with best fitness of 11155.
Generation 115 finished with best fitness of 11155.
Generation 116 finished with best fitness of 11155.
Generation 117 finished with best fitness of 11155.
Generation 118 finished with best fitness of 11155.
Generation 119 finished with best fitness of 11155.
Generation 120 finished with best fitness of 11155.
Generation 121 finished with best fitness of 11200.
Generation 122 finished with best fitness of 11270.
Generation 123 finished with best fitness of 11270.
Generation 124 finished with best fitness of 11270.
Generation 125 finished with best fitness of 11270.
Generation 126 finished with best fitness of 11270.
Generation 127 finished with best fitness of 11300.
Generation 128 finished with best fitness of 11300.
Generation 129 finished with best fitness of 11300.
Generation 130 finished with best fitness of 11300.
Generation 131 finished with best fitness of 11420.
Generation 132 finished with best fitness of 11420.
Generation 133 finished with best fitness of 11420.
Generation 134 finished with best fitness of 11435.
Generation 135 finished with best fitness of 11435.
Generation 136 finished with best fitness of 11435.
Generation 137 finished with best fitness of 11555.
Generation 138 finished with best fitness of 11555.
Generation 139 finished with best fitness of 11555.
Generation 140 finished with best fitness of 11555.
Generation 141 finished with best fitness of 11610.
Generation 142 finished with best fitness of 11610.
Generation 143 finished with best fitness of 11790.
Generation 144 finished with best fitness of 11790.
Generation 145 finished with best fitness of 11790.
Generation 146 finished with best fitness of 11790.
Generation 147 finished with best fitness of 11795.
Generation 148 finished with best fitness of 11840.
Generation 149 finished with best fitness of 11905.
Generation 150 finished with best fitness of 11905.
Generation 151 finished with best fitness of 11905.
Generation 152 finished with best fitness of 11920.
Generation 153 finished with best fitness of 11920.
Generation 154 finished with best fitness of 11965.
Generation 155 finished with best fitness of 11965.
Generation 156 finished with best fitness of 11980.
Generation 157 finished with best fitness of 11980.
Generation 158 finished with best fitness of 11980.
Generation 159 finished with best fitness of 11980.
Generation 160 finished with best fitness of 12070.
Generation 161 finished with best fitness of 12070.
Generation 162 finished with best fitness of 12070.
Generation 163 finished with best fitness of 12070.
Generation 164 finished with best fitness of 12120.
Generation 165 finished with best fitness of 12120.
Generation 166 finished with best fitness of 12120.
Generation 167 finished with best fitness of 12120.
Generation 168 finished with best fitness of 12120.
Generation 169 finished with best fitness of 12160.
Generation 170 finished with best fitness of 12170.
Generation 171 finished with best fitness of 12225.
Generation 172 finished with best fitness of 12225.
Generation 173 finished with best fitness of 12225.
Generation 174 finished with best fitness of 12280.
Generation 175 finished with best fitness of 12280.
Generation 176 finished with best fitness of 12280.
Generation 177 finished with best fitness of 12280.
Generation 178 finished with best fitness of 12280.
Generation 179 finished with best fitness of 12285.
Generation 180 finished with best fitness of 12370.
Generation 181 finished with best fitness of 12370.
Generation 182 finished with best fitness of 12370.
Generation 183 finished with best fitness of 12370.
Generation 184 finished with best fitness of 12370.
Generation 185 finished with best fitness of 12400.
Generation 186 finished with best fitness of 12400.
Generation 187 finished with best fitness of 12400.
Generation 188 finished with best fitness of 12400.
Generation 189 finished with best fitness of 12400.
Generation 190 finished with best fitness of 12465.
Generation 191 finished with best fitness of 12465.
Generation 192 finished with best fitness of 12465.
Generation 193 finished with best fitness of 12465.
Generation 194 finished with best fitness of 12465.
Generation 195 finished with best fitness of 12525.
Generation 196 finished with best fitness of 12525.
Generation 197 finished with best fitness of 12525.
Generation 198 finished with best fitness of 12525.
Generation 199 finished with best fitness of 12585.
Generation 200 finished with best fitness of 12585.
Generation 201 finished with best fitness of 12585.
Generation 202 finished with best fitness of 12585.
Generation 203 finished with best fitness of 12625.
Generation 204 finished with best fitness of 12625.
Generation 205 finished with best fitness of 12625.
Generation 206 finished with best fitness of 12625.
Generation 207 finished with best fitness of 12625.
Generation 208 finished with best fitness of 12625.
Generation 209 finished with best fitness of 12625.
Generation 210 finished with best fitness of 12625.
Generation 211 finished with best fitness of 12625.
Generation 212 finished with best fitness of 12675.
Generation 213 finished with best fitness of 12675.
Generation 214 finished with best fitness of 12675.
Generation 215 finished with best fitness of 12675.
Generation 216 finished with best fitness of 12675.
Generation 217 finished with best fitness of 12675.
Generation 218 finished with best fitness of 12675.
Generation 219 finished with best fitness of 12675.
Generation 220 finished with best fitness of 12675.
Generation 221 finished with best fitness of 12705.
Generation 222 finished with best fitness of 12705.
Generation 223 finished with best fitness of 12730.
Generation 224 finished with best fitness of 12730.
Generation 225 finished with best fitness of 12730.
Generation 226 finished with best fitness of 12730.
Generation 227 finished with best fitness of 12785.
Generation 228 finished with best fitness of 12785.
Generation 229 finished with best fitness of 12785.
Generation 230 finished with best fitness of 12785.
Generation 231 finished with best fitness of 12785.
Generation 232 finished with best fitness of 12785.
Generation 233 finished with best fitness of 12785.
Generation 234 finished with best fitness of 12785.
Generation 235 finished with best fitness of 12785.
Generation 236 finished with best fitness of 12785.
Generation 237 finished with best fitness of 12810.
Generation 238 finished with best fitness of 12810.
Generation 239 finished with best fitness of 12810.
Generation 240 finished with best fitness of 12810.
Generation 241 finished with best fitness of 12810.
Generation 242 finished with best fitness of 12830.
Generation 243 finished with best fitness of 12855.
Generation 244 finished with best fitness of 12855.
Generation 245 finished with best fitness of 12860.
Generation 246 finished with best fitness of 12860.
Generation 247 finished with best fitness of 12900.
Generation 248 finished with best fitness of 12900.
Generation 249 finished with best fitness of 12980.
Generation 250 finished with best fitness of 12980.
Generation 251 finished with best fitness of 13090.
Generation 252 finished with best fitness of 13090.
Generation 253 finished with best fitness of 13090.
Generation 254 finished with best fitness of 13165.
Generation 255 finished with best fitness of 13165.
Generation 256 finished with best fitness of 13165.
Generation 257 finished with best fitness of 13165.
Generation 258 finished with best fitness of 13165.
Generation 259 finished with best fitness of 13165.
Generation 260 finished with best fitness of 13165.
Generation 261 finished with best fitness of 13165.
Generation 262 finished with best fitness of 13165.
Generation 263 finished with best fitness of 13165.
Generation 264 finished with best fitness of 13165.
Generation 265 finished with best fitness of 13245.
Generation 266 finished with best fitness of 13245.
Generation 267 finished with best fitness of 13245.
Generation 268 finished with best fitness of 13245.
Generation 269 finished with best fitness of 13245.
Generation 270 finished with best fitness of 13245.
Generation 271 finished with best fitness of 13245.
Generation 272 finished with best fitness of 13245.
Generation 273 finished with best fitness of 13245.
Generation 274 finished with best fitness of 13245.
Generation 275 finished with best fitness of 13245.
Generation 276 finished with best fitness of 13245.
Generation 277 finished with best fitness of 13245.
Generation 278 finished with best fitness of 13245.
Generation 279 finished with best fitness of 13245.
Generation 280 finished with best fitness of 13255.
Generation 281 finished with best fitness of 13255.
Generation 282 finished with best fitness of 13255.
Generation 283 finished with best fitness of 13350.
Generation 284 finished with best fitness of 13350.
Generation 285 finished with best fitness of 13480.
Generation 286 finished with best fitness of 13480.
Generation 287 finished with best fitness of 13480.
Generation 288 finished with best fitness of 13480.
Generation 289 finished with best fitness of 13480.
Generation 290 finished with best fitness of 13480.
Generation 291 finished with best fitness of 13480.
Generation 292 finished with best fitness of 13480.
Generation 293 finished with best fitness of 13480.
Generation 294 finished with best fitness of 13480.
Generation 295 finished with best fitness of 13480.
Generation 296 finished with best fitness of 13480.
Generation 297 finished with best fitness of 13480.
Generation 298 finished with best fitness of 13480.
Generation 299 finished with best fitness of 13495.
Generation 300 finished with best fitness of 13495.
Generation 301 finished with best fitness of 13495.
Generation 302 finished with best fitness of 13495.
Generation 303 finished with best fitness of 13495.
Generation 304 finished with best fitness of 13500.
Generation 305 finished with best fitness of 13500.
Generation 306 finished with best fitness of 13500.
Generation 307 finished with best fitness of 13500.
Generation 308 finished with best fitness of 13510.
Generation 309 finished with best fitness of 13525.
Generation 310 finished with best fitness of 13525.
Generation 311 finished with best fitness of 13625.
Generation 312 finished with best fitness of 13625.
Generation 313 finished with best fitness of 13625.
Generation 314 finished with best fitness of 13625.
Generation 315 finished with best fitness of 13625.
Generation 316 finished with best fitness of 13625.
Generation 317 finished with best fitness of 13625.
Generation 318 finished with best fitness of 13625.
Generation 319 finished with best fitness of 13625.
Generation 320 finished with best fitness of 13625.
Generation 321 finished with best fitness of 13625.
Generation 322 finished with best fitness of 13625.
Generation 323 finished with best fitness of 13625.
Generation 324 finished with best fitness of 13625.
Generation 325 finished with best fitness of 13680.
Generation 326 finished with best fitness of 13685.
Generation 327 finished with best fitness of 13685.
Generation 328 finished with best fitness of 13685.
Generation 329 finished with best fitness of 13685.
Generation 330 finished with best fitness of 13685.
Generation 331 finished with best fitness of 13685.
Generation 332 finished with best fitness of 13685.
Generation 333 finished with best fitness of 13685.
Generation 334 finished with best fitness of 13685.
Generation 335 finished with best fitness of 13685.
Generation 336 finished with best fitness of 13685.
Generation 337 finished with best fitness of 13685.
Generation 338 finished with best fitness of 13685.
Generation 339 finished with best fitness of 13685.
Generation 340 finished with best fitness of 13685.
Generation 341 finished with best fitness of 13685.
Evolution finished after 10,0502332 seconds.
------------------------
Average fitness :
4990
5438
5713
5903
6027
6159
6250
6386
6487
6587
6653
6758
6817
6912
7018
7116
7213
7312
7391
7459
7533
7611
7676
7728
7787
7835
7910
7979
8057
8151
8223
8281
8337
8367
8413
8444
8498
8515
8570
8634
8680
8760
8795
8845
8879
8901
8924
8955
8974
9021
9068
9098
9127
9166
9206
9229
9269
9292
9325
9374
9423
9464
9504
9549
9589
9615
9652
9683
9703
9741
9775
9794
9822
9841
9871
9896
9946
10008
10048
10089
10124
10168
10191
10225
10257
10311
10365
10387
10412
10442
10450
10471
10501
10515
10533
10561
10587
10597
10628
10642
10658
10682
10713
10721
10737
10749
10774
10786
10808
10838
10851
10883
10904
10924
10949
10966
10981
10997
11027
11051
11067
11072
11095
11111
11115
11140
11149
11163
11185
11199
11210
11221
11258
11263
11292
11315
11324
11337
11369
11409
11421
11432
11457
11469
11500
11507
11530
11566
11599
11644
11680
11725
11756
11786
11812
11856
11874
11887
11887
11901
11906
11922
11936
11941
11952
11968
11981
11990
11993
12002
12016
12034
12054
12072
12086
12105
12117
12127
12145
12150
12173
12197
12209
12221
12241
12258
12276
12280
12285
12291
12300
12313
12315
12320
12326
12345
12363
12367
12377
12395
12422
12439
12449
12449
12468
12491
12509
12527
12540
12546
12556
12561
12568
12573
12581
12588
12601
12604
12605
12605
12605
12619
12632
12634
12642
12650
12662
12667
12678
12685
12685
12690
12690
12692
12696
12697
12701
12704
12714
12717
12733
12744
12746
12761
12776
12784
12798
12801
12812
12817
12831
12836
12857
12864
12873
12904
12927
12947
12967
12991
13012
13029
13051
13068
13075
13079
13108
13121
13126
13134
13136
13144
13155
13160
13167
13168
13173
13178
13182
13189
13193
13199
13205
13212
13222
13230
13245
13250
13261
13264
13270
13286
13290
13299
13305
13318
13328
13341
13348
13352
13373
13391
13400
13417
13426
13437
13445
13462
13463
13470
13474
13474
13491
13506
13514
13522
13528
13533
13542
13542
13547
13554
13568
13578
13581
13584
13596
13602
13609
13612
13615
13620
13625
13625
13626
13630
13631
13637
13638
13639
13642
13643
13643
------------------------
Best individual fitness:
6010
6085
6085
6110
6330
6605
6605
6660
6685
6885
6885
7015
7015
7275
7285
7430
7475
7525
7675
7750
7800
7830
7830
7920
8065
8065
8120
8255
8310
8485
8485
8485
8485
8485
8670
8670
8840
8840
8840
8840
8840
9050
9050
9050
9050
9050
9050
9095
9095
9240
9240
9240
9335
9335
9335
9350
9430
9430
9485
9630
9630
9630
9630
9630
9670
9685
9775
9820
9840
9875
9885
9885
9955
9955
9955
10075
10245
10320
10320
10320
10320
10385
10385
10385
10385
10520
10580
10590
10590
10590
10590
10590
10590
10590
10735
10735
10735
10735
10775
10775
10775
10810
10875
10875
10875
10925
10925
10925
10925
10940
10940
11035
11110
11110
11155
11155
11155
11155
11155
11155
11155
11155
11200
11270
11270
11270
11270
11270
11300
11300
11300
11300
11420
11420
11420
11435
11435
11435
11555
11555
11555
11555
11610
11610
11790
11790
11790
11790
11795
11840
11905
11905
11905
11920
11920
11965
11965
11980
11980
11980
11980
12070
12070
12070
12070
12120
12120
12120
12120
12120
12160
12170
12225
12225
12225
12280
12280
12280
12280
12280
12285
12370
12370
12370
12370
12370
12400
12400
12400
12400
12400
12465
12465
12465
12465
12465
12525
12525
12525
12525
12585
12585
12585
12585
12625
12625
12625
12625
12625
12625
12625
12625
12625
12675
12675
12675
12675
12675
12675
12675
12675
12675
12705
12705
12730
12730
12730
12730
12785
12785
12785
12785
12785
12785
12785
12785
12785
12785
12810
12810
12810
12810
12810
12830
12855
12855
12860
12860
12900
12900
12980
12980
13090
13090
13090
13165
13165
13165
13165
13165
13165
13165
13165
13165
13165
13165
13245
13245
13245
13245
13245
13245
13245
13245
13245
13245
13245
13245
13245
13245
13245
13255
13255
13255
13350
13350
13480
13480
13480
13480
13480
13480
13480
13480
13480
13480
13480
13480
13480
13480
13495
13495
13495
13495
13495
13500
13500
13500
13500
13510
13525
13525
13625
13625
13625
13625
13625
13625
13625
13625
13625
13625
13625
13625
13625
13625
13680
13685
13685
13685
13685
13685
13685
13685
13685
13685
13685
13685
13685
13685
13685
13685
13685
</DebugTrace>
      </Output>
    </UnitTestResult>
    <UnitTestResult executionId="1f74e44b-b5ee-4deb-8ac9-3e71fc465fe8" testId="643aee53-482b-7ddc-6eba-83a04b5cba46" testName="TimetableInputExportTest" computerName="FLOLAP-PC" duration="00:00:00.0236398" startTime="2011-11-18T15:58:34.4598325+01:00" endTime="2011-11-18T15:58:34.4908343+01:00" testType="13cdc9d9-ddb5-4fa4-a97d-d965ccfc6d4b" outcome="Passed" testListId="8c84fa94-04c1-424b-9868-57a2d4851a1d" relativeResultsDirectory="1f74e44b-b5ee-4deb-8ac9-3e71fc465fe8">
    </UnitTestResult>
  </Results>
</TestRun>