<?xml version="1.0" encoding="UTF-8"?>
<TestRun id="12c013c8-a838-4887-b646-9f97e55fd4b6" name="FloLap@FLOLAP-PC 2011-10-23 11:57:17" runUser="FloLap-PC\FloLap" xmlns="http://microsoft.com/schemas/VisualStudio/TeamTest/2010">
  <TestSettings name="Lokal" id="6ed96bb3-d821-4eee-a79d-3a3069da9890">
    <Description>Dies sind die standardmäßigen Testeinstellungen für einen lokalen Testlauf.</Description>
    <Deployment enabled="false" runDeploymentRoot="FloLap_FLOLAP-PC 2011-10-23 11_57_17">
      <DeploymentItem filename="E:\HsKA\Semester2\Projektarbeit\Stundenplangenerator\TimetablePlanner\TimetablePlanner\bin\Debug\TimetablePlanner.dll" />
    </Deployment>
    <Execution>
      <TestTypeSpecific />
      <AgentRule name="Execution Agents">
      </AgentRule>
    </Execution>
  </TestSettings>
  <Times creation="2011-10-23T11:57:17.1748453+02:00" queuing="2011-10-23T11:57:17.9558467+02:00" start="2011-10-23T11:57:18.0338469+02:00" finish="2011-10-23T11:57:29.1576665+02:00" />
  <ResultSummary outcome="Completed">
    <Counters total="1" executed="1" passed="1" error="0" failed="0" timeout="0" aborted="0" inconclusive="0" passedButRunAborted="0" notRunnable="0" notExecuted="0" disconnected="0" warning="0" completed="0" inProgress="0" pending="0" />
  </ResultSummary>
  <TestDefinitions>
    <UnitTest name="TimetableManualTester" storage="e:\hska\semester2\projektarbeit\stundenplangenerator\timetableplanner\timetableplannertests\bin\debug\timetableplannertests.dll" id="3ada0cc6-2a4d-2d63-7d9f-97d4d443b0f3">
      <Execution id="b2dd848b-edb0-4bcc-a229-427949f24179" />
      <TestMethod codeBase="E:/HsKA/Semester2/Projektarbeit/Stundenplangenerator/TimetablePlanner/TimetablePlannerTests/bin/Debug/TimetablePlannerTests.DLL" adapterTypeName="Microsoft.VisualStudio.TestTools.TestTypes.Unit.UnitTestAdapter, Microsoft.VisualStudio.QualityTools.Tips.UnitTest.Adapter, Version=10.0.0.0, Culture=neutral, PublicKeyToken=b03f5f7f11d50a3a" className="TimetablePlannerTests.TimetableTest, TimetablePlannerTests, Version=1.0.0.0, Culture=neutral, PublicKeyToken=null" name="TimetableManualTester" />
    </UnitTest>
  </TestDefinitions>
  <TestLists>
    <TestList name="Nicht in einer Liste enthaltene Ergebnisse" id="8c84fa94-04c1-424b-9868-57a2d4851a1d" />
    <TestList name="Alle geladenen Ergebnisse" id="19431567-8539-422a-85d7-44ee4e166bda" />
  </TestLists>
  <TestEntries>
    <TestEntry testId="3ada0cc6-2a4d-2d63-7d9f-97d4d443b0f3" executionId="b2dd848b-edb0-4bcc-a229-427949f24179" testListId="8c84fa94-04c1-424b-9868-57a2d4851a1d" />
  </TestEntries>
  <Results>
    <UnitTestResult executionId="b2dd848b-edb0-4bcc-a229-427949f24179" testId="3ada0cc6-2a4d-2d63-7d9f-97d4d443b0f3" testName="TimetableManualTester" computerName="FLOLAP-PC" duration="00:00:09.7919603" startTime="2011-10-23T11:57:18.0806470+02:00" endTime="2011-10-23T11:57:29.0796663+02:00" testType="13cdc9d9-ddb5-4fa4-a97d-d965ccfc6d4b" outcome="Passed" testListId="8c84fa94-04c1-424b-9868-57a2d4851a1d" relativeResultsDirectory="b2dd848b-edb0-4bcc-a229-427949f24179">
      <Output>
        <DebugTrace>Time to create population of size 75: 592ms
1460
1330
1270
1210
1190
1160
1160
1150
1140
1120
1040
1020
1020
1000
980
920
910
880
870
840
740
720
710
710
690
690
690
670
660
660
640
630
630
610
600
580
580
570
550
540
530
530
530
520
520
520
510
510
510
490
470
450
430
420
350
350
340
310
290
210
210
100
70
-20
-50
-60
-90
-100
-220
-230
-410
-630
-640
-750
-1020
Early abort after 172 generations.
Mean time per generation: 40ms
Mean fitness increase per generation
353
226
138
96
83
76
78
66
49
56
50
56
52
42
40
35
30
29
25
19
22
24
29
19
19
15
18
12
28
18
23
24
17
22
22
25
24
18
16
14
12
13
19
12
14
13
11
13
15
12
15
11
15
18
13
9
11
16
14
11
12
13
10
11
16
14
10
10
13
11
9
9
13
13
9
14
11
13
12
11
8
8
8
8
9
8
6
4
5
4
5
6
3
6
1
2
4
5
4
3
4
6
3
5
4
5
1
3
6
3
2
6
6
4
3
3
6
4
4
3
4
3
3
5
3
2
3
4
4
3
3
4
2
2
1
3
2
4
2
2
2
4
3
2
1
2
3
2
5
4
3
3
3
3
4
5
2
4
3
4
6
3
3
2
1
3
2
2
0
2
0
2
0
Evolution time: 7129ms
3410
3410
3410
3410
3410
3400
3400
3390
3390
3390
3380
3380
3380
3380
3380
3380
3380
3380
3380
3380
3380
3380
3380
3380
3380
3380
3380
3380
3380
3370
3370
3370
3370
3370
3370
3370
3370
3370
3370
3370
3370
3360
3360
3360
3360
3360
3360
3360
3360
3360
3360
3360
3360
3360
3360
3360
3360
3360
3360
3360
3360
3360
3360
3350
3350
3350
3350
3350
3350
3350
3350
3350
3350
3350
3350

Group 0
Block 0: Mathematik 1 Labor                     | Informatik 1                           | Theoretische Informatik 1              | Mathematik 1                           | Technische Informatik 1 Übung          | 
Block 1: Fremdsprachen                          | Theoretische Informatik 1              | Informatik 1 Übung                     | Mathematik 1 Labor                     | Technische Informatik 1                | 
Block 2: Fremdsprachen                          | ---------------------------------------| ---------------------------------------| Technische Informatik 1                | Mathematik 1                           | 
Block 3: Informatik 1                           | ---------------------------------------| ---------------------------------------| ---------------------------------------| ---------------------------------------| 
Block 4: ---------------------------------------| ---------------------------------------| ---------------------------------------| ---------------------------------------| ---------------------------------------| 
Block 5: ---------------------------------------| ---------------------------------------| ---------------------------------------| ---------------------------------------| ---------------------------------------| 

Group 1
Block 0: Informatik 2                           | Informatik 2 Übung                     | Mathematik 2 Labor                     | Informatik 2                           | Technische Informatik 2                | 
Block 1: Mathematik 2                           | Softwarelabor                          | Technische Informatik 2                | Digital-Labor                          | Informatik 2 Übung                     | 
Block 2: Web-Programming                        | Softwarelabor                          | ---------------------------------------| Digital-Labor                          | ---------------------------------------| 
Block 3: Softwarelabor                          | Sprachen und Metasprachen              | ---------------------------------------| Digital-Labor                          | ---------------------------------------| 
Block 4: Softwarelabor                          | ---------------------------------------| ---------------------------------------| ---------------------------------------| ---------------------------------------| 
Block 5: ---------------------------------------| ---------------------------------------| ---------------------------------------| ---------------------------------------| ---------------------------------------| 

Group 2
Block 0: Datenrepräsentation und -übertragung   | IT Service Management                  | ---------------------------------------| Mobile Systeme                         | Visualization and Semantics Lab        | 
Block 1: Visualization and Semantics            | Modellierung und Simulation            | ---------------------------------------| ---------------------------------------| Verteilte Informationssysteme          | 
Block 2: ---------------------------------------| IT Projektmanagement                   | ---------------------------------------| ---------------------------------------| Intelligente Systeme                   | 
Block 3: ---------------------------------------| ---------------------------------------| Projektarbeit1                         | ---------------------------------------| ---------------------------------------| 
Block 4: ---------------------------------------| ---------------------------------------| Projektarbeit1                         | ---------------------------------------| ---------------------------------------| 
Block 5: ---------------------------------------| ---------------------------------------| Projektarbeit1                         | Führungskräftetraining                 | ---------------------------------------| 

Group 3
Block 0: Data Mining                            | IT-Sicherheit                          | ---------------------------------------| Dialog Systems                         | Labor Verteilte Systeme                | 
Block 1: ---------------------------------------| Algorithmen Übung                      | ---------------------------------------| Algorithmenentwurf                     | Angewandte Kryptografie                | 
Block 2: ---------------------------------------| Labor Benutzeroberflächen              | ---------------------------------------| ---------------------------------------| ---------------------------------------| 
Block 3: ---------------------------------------| ---------------------------------------| ---------------------------------------| ---------------------------------------| ---------------------------------------| 
Block 4: ---------------------------------------| ---------------------------------------| ---------------------------------------| Projektarbeit2                         | ---------------------------------------| 
Block 5: ---------------------------------------| Seminar                                | ---------------------------------------| Projektarbeit2                         | ---------------------------------------| 
</DebugTrace>
      </Output>
    </UnitTestResult>
  </Results>
</TestRun>