<?xml version="1.0" encoding="UTF-8"?>
<TestRun id="c06faf5c-25a0-44e5-bb71-dfab4d3b9a5f" name="FloLap@FLOLAP-PC 2011-10-21 16:11:53" runUser="FloLap-PC\FloLap" xmlns="http://microsoft.com/schemas/VisualStudio/TeamTest/2010">
  <TestSettings name="Lokal" id="6ed96bb3-d821-4eee-a79d-3a3069da9890">
    <Description>Dies sind die standardmäßigen Testeinstellungen für einen lokalen Testlauf.</Description>
    <Deployment enabled="false" runDeploymentRoot="FloLap_FLOLAP-PC 2011-10-21 16_11_53">
      <DeploymentItem filename="E:\HsKA\Semester2\Projektarbeit\Stundenplangenerator\TimetablePlanner\TimetablePlanner\bin\Debug\TimetablePlanner.dll" />
    </Deployment>
    <Execution>
      <TestTypeSpecific />
      <AgentRule name="Execution Agents">
      </AgentRule>
    </Execution>
  </TestSettings>
  <Times creation="2011-10-21T16:11:53.8681604+02:00" queuing="2011-10-21T16:11:54.9732236+02:00" start="2011-10-21T16:11:55.0462278+02:00" finish="2011-10-21T16:12:03.0836875+02:00" />
  <ResultSummary outcome="Completed">
    <Counters total="1" executed="1" passed="1" error="0" failed="0" timeout="0" aborted="0" inconclusive="0" passedButRunAborted="0" notRunnable="0" notExecuted="0" disconnected="0" warning="0" completed="0" inProgress="0" pending="0" />
  </ResultSummary>
  <TestDefinitions>
    <UnitTest name="TimetableManualTester" storage="e:\hska\semester2\projektarbeit\stundenplangenerator\timetableplanner\timetableplannertests\bin\debug\timetableplannertests.dll" id="3ada0cc6-2a4d-2d63-7d9f-97d4d443b0f3">
      <Execution id="e3709c1a-e497-4522-99c4-94db8734f678" />
      <TestMethod codeBase="E:/HsKA/Semester2/Projektarbeit/Stundenplangenerator/TimetablePlanner/TimetablePlannerTests/bin/Debug/TimetablePlannerTests.DLL" adapterTypeName="Microsoft.VisualStudio.TestTools.TestTypes.Unit.UnitTestAdapter, Microsoft.VisualStudio.QualityTools.Tips.UnitTest.Adapter, Version=10.0.0.0, Culture=neutral, PublicKeyToken=b03f5f7f11d50a3a" className="TimetablePlannerTests.TimetableTest, TimetablePlannerTests, Version=1.0.0.0, Culture=neutral, PublicKeyToken=null" name="TimetableManualTester" />
    </UnitTest>
  </TestDefinitions>
  <TestLists>
    <TestList name="Nicht in einer Liste enthaltene Ergebnisse" id="8c84fa94-04c1-424b-9868-57a2d4851a1d" />
    <TestList name="Alle geladenen Ergebnisse" id="19431567-8539-422a-85d7-44ee4e166bda" />
  </TestLists>
  <TestEntries>
    <TestEntry testId="3ada0cc6-2a4d-2d63-7d9f-97d4d443b0f3" executionId="e3709c1a-e497-4522-99c4-94db8734f678" testListId="8c84fa94-04c1-424b-9868-57a2d4851a1d" />
  </TestEntries>
  <Results>
    <UnitTestResult executionId="e3709c1a-e497-4522-99c4-94db8734f678" testId="3ada0cc6-2a4d-2d63-7d9f-97d4d443b0f3" testName="TimetableManualTester" computerName="FLOLAP-PC" duration="00:00:06.6206581" startTime="2011-10-21T16:11:55.0882302+02:00" endTime="2011-10-21T16:12:02.9876820+02:00" testType="13cdc9d9-ddb5-4fa4-a97d-d965ccfc6d4b" outcome="Passed" testListId="8c84fa94-04c1-424b-9868-57a2d4851a1d" relativeResultsDirectory="e3709c1a-e497-4522-99c4-94db8734f678">
      <Output>
        <DebugTrace>Time to create population of size 75: 564ms
929
901
883
882
858
844
807
801
796
793
783
782
781
775
770
759
755
754
752
739
732
729
726
722
709
705
697
694
687
672
669
667
648
648
647
637
629
620
606
601
596
594
591
586
574
573
571
547
542
535
532
528
525
523
505
492
486
484
474
461
454
442
439
436
433
430
421
412
410
380
372
361
332
209
181

Group 0
Block 0: --- 002 --- 004 001 
Block 1: --- --- --- 006 --- 
Block 2: 008 --- --- 010 011 
Block 3: 005 003 007 --- --- 
Block 4: --- 012 --- --- 009 
Block 5: --- 012 --- --- 000 

Group 1
Block 0: --- 017 015 025 020 
Block 1: 019 017 016 025 --- 
Block 2: 018 --- --- 025 024 
Block 3: 018 014 --- --- 013 
Block 4: --- --- --- --- 022 
Block 5: --- 023 --- --- 021 

Group 2
Block 0: --- --- --- 028 029 
Block 1: 031 032 --- 027 x36 
Block 2: --- 030 --- --- x36 
Block 3: --- --- --- 035 x36 
Block 4: x34 --- --- --- 033 
Block 5: --- --- 026 --- --- 

Group 3
Block 0: x46 --- --- --- --- 
Block 1: 044 --- --- --- 041 
Block 2: --- --- --- --- --- 
Block 3: 042 x45 --- 043 037 
Block 4: --- x45 040 --- 038 
Block 5: --- --- 039 --- --- 
Early abort after 168 generations.
Mean time per generation: 31ms
Mean fitness increase per generation
132
69
43
30
34
28
26
26
31
27
21
20
19
26
19
20
15
19
23
23
28
30
24
18
18
20
17
15
15
10
10
14
11
13
15
13
12
4
9
6
6
6
7
5
6
3
4
4
3
3
6
3
3
5
5
5
2
2
3
3
5
4
5
3
4
3
5
4
4
4
3
2
3
3
5
4
2
4
2
5
1
2
2
3
3
3
3
3
2
2
5
2
3
3
3
2
2
2
2
2
1
1
1
1
2
1
1
1
1
2
3
2
3
4
3
1
3
2
2
3
2
1
3
1
1
3
3
2
2
2
3
2
4
2
1
1
1
1
2
1
1
1
1
2
1
0
2
0
1
1
1
0
1
1
1
1
1
1
2
1
2
0
1
1
0
1
2
0
1
Evolution time: 5444ms
1900
1891
1891
1891
1891
1891
1891
1888
1888
1885
1885
1885
1885
1885
1885
1885
1885
1885
1885
1882
1882
1882
1879
1879
1879
1879
1879
1879
1879
1879
1879
1876
1876
1876
1876
1876
1876
1876
1876
1876
1876
1876
1876
1876
1876
1876
1876
1876
1876
1873
1873
1873
1873
1873
1873
1873
1873
1873
1873
1873
1873
1873
1873
1873
1873
1873
1873
1873
1873
1873
1873
1873
1873
1873
1873

Group 0
Block 0: 002 007 003 004 012 
Block 1: 011 010 005 000 012 
Block 2: 006 008 --- --- 001 
Block 3: --- 009 --- --- --- 
Block 4: --- --- --- --- --- 
Block 5: --- --- --- --- --- 

Group 1
Block 0: 016 014 024 018 025 
Block 1: 022 019 023 018 025 
Block 2: --- 013 --- 015 025 
Block 3: --- 017 --- --- 020 
Block 4: --- 017 --- --- 021 
Block 5: --- --- --- --- --- 

Group 2
Block 0: 027 --- 028 --- 033 
Block 1: 035 --- 031 --- 032 
Block 2: --- 030 --- 026 029 
Block 3: --- --- x36 --- --- 
Block 4: --- --- x36 --- --- 
Block 5: --- x34 x36 --- --- 

Group 3
Block 0: --- 044 --- --- 041 
Block 1: 043 038 037 --- 039 
Block 2: 040 --- --- 042 --- 
Block 3: --- --- --- --- --- 
Block 4: x45 --- --- --- --- 
Block 5: x45 x46 --- --- --- 
</DebugTrace>
      </Output>
    </UnitTestResult>
  </Results>
</TestRun>