<?xml version="1.0" encoding="UTF-8"?>
<TestRun id="ae5740aa-da2c-4aef-b98c-4a6de9f82347" name="FloLap@FLOLAP-PC 2011-11-09 15:26:17" runUser="FloLap-PC\FloLap" xmlns="http://microsoft.com/schemas/VisualStudio/TeamTest/2010">
  <TestSettings name="Lokal" id="6ed96bb3-d821-4eee-a79d-3a3069da9890">
    <Description>Dies sind die standardmäßigen Testeinstellungen für einen lokalen Testlauf.</Description>
    <Deployment enabled="false" runDeploymentRoot="FloLap_FLOLAP-PC 2011-11-09 15_26_17">
      <DeploymentItem filename="E:\HsKA\Semester2\Projektarbeit\Stundenplangenerator\TimetablePlanner\TimetablePlanner\bin\Debug\TimetablePlanner.dll" />
    </Deployment>
    <Execution>
      <TestTypeSpecific />
      <AgentRule name="Execution Agents">
      </AgentRule>
    </Execution>
  </TestSettings>
  <Times creation="2011-11-09T15:26:17.6176162+01:00" queuing="2011-11-09T15:26:18.6046727+01:00" start="2011-11-09T15:26:18.6896775+01:00" finish="2011-11-09T15:26:46.3583533+01:00" />
  <ResultSummary outcome="Completed">
    <Counters total="1" executed="1" passed="1" error="0" failed="0" timeout="0" aborted="0" inconclusive="0" passedButRunAborted="0" notRunnable="0" notExecuted="0" disconnected="0" warning="0" completed="0" inProgress="0" pending="0" />
  </ResultSummary>
  <TestDefinitions>
    <UnitTest name="TimetableManualTester" storage="e:\hska\semester2\projektarbeit\stundenplangenerator\timetableplanner\timetableplannertests\bin\debug\timetableplannertests.dll" id="3ada0cc6-2a4d-2d63-7d9f-97d4d443b0f3">
      <Execution id="06e22362-fbc6-4359-a297-06a9786cd771" />
      <TestMethod codeBase="E:/HsKA/Semester2/Projektarbeit/Stundenplangenerator/TimetablePlanner/TimetablePlannerTests/bin/Debug/TimetablePlannerTests.DLL" adapterTypeName="Microsoft.VisualStudio.TestTools.TestTypes.Unit.UnitTestAdapter, Microsoft.VisualStudio.QualityTools.Tips.UnitTest.Adapter, Version=10.0.0.0, Culture=neutral, PublicKeyToken=b03f5f7f11d50a3a" className="TimetablePlannerTests.TimetableTest, TimetablePlannerTests, Version=1.0.0.0, Culture=neutral, PublicKeyToken=null" name="TimetableManualTester" />
    </UnitTest>
  </TestDefinitions>
  <TestLists>
    <TestList name="Nicht in einer Liste enthaltene Ergebnisse" id="8c84fa94-04c1-424b-9868-57a2d4851a1d" />
    <TestList name="Alle geladenen Ergebnisse" id="19431567-8539-422a-85d7-44ee4e166bda" />
  </TestLists>
  <TestEntries>
    <TestEntry testId="3ada0cc6-2a4d-2d63-7d9f-97d4d443b0f3" executionId="06e22362-fbc6-4359-a297-06a9786cd771" testListId="8c84fa94-04c1-424b-9868-57a2d4851a1d" />
  </TestEntries>
  <Results>
    <UnitTestResult executionId="06e22362-fbc6-4359-a297-06a9786cd771" testId="3ada0cc6-2a4d-2d63-7d9f-97d4d443b0f3" testName="TimetableManualTester" computerName="FLOLAP-PC" duration="00:00:26.2371787" startTime="2011-11-09T15:26:18.7286798+01:00" endTime="2011-11-09T15:26:46.2403465+01:00" testType="13cdc9d9-ddb5-4fa4-a97d-d965ccfc6d4b" outcome="Passed" testListId="8c84fa94-04c1-424b-9868-57a2d4851a1d" relativeResultsDirectory="06e22362-fbc6-4359-a297-06a9786cd771">
      <Output>
        <DebugTrace>Individual 4 created.
Individual 2 created.
Individual 6 created.
Individual 5 created.
Individual 0 created.
Individual 3 created.
Individual 12 created.
Individual 11 created.
Individual 14 created.
Individual 10 created.
Individual 13 created.
Individual 9 created.
Individual 16 created.
Individual 19 created.
Individual 7 created.
Individual 8 created.
Individual 22 created.
Individual 15 created.
Individual 23 created.
Individual 17 created.
Individual 25 created.
Individual 28 created.
Individual 21 created.
Individual 26 created.
Individual 18 created.
Individual 32 created.
Individual 30 created.
Individual 34 created.
Individual 31 created.
Individual 27 created.
Individual 33 created.
Individual 35 created.
Individual 38 created.
Individual 37 created.
Individual 40 created.
Individual 20 created.
Individual 36 created.
Individual 41 created.
Individual 39 created.
Individual 42 created.
Individual 47 created.
Individual 44 created.
Individual 45 created.
Individual 43 created.
Individual 24 created.
Individual 1 created.
Individual 48 created.
Individual 46 created.
Individual 49 created.
Individual 29 created.
Generation 0 finished with best fitness of 3895.
Generation 1 finished with best fitness of 3965.
Generation 2 finished with best fitness of 3965.
Generation 3 finished with best fitness of 3985.
Generation 4 finished with best fitness of 4015.
Generation 5 finished with best fitness of 4145.
Generation 6 finished with best fitness of 4145.
Generation 7 finished with best fitness of 4225.
Generation 8 finished with best fitness of 4315.
Generation 9 finished with best fitness of 4410.
Generation 10 finished with best fitness of 4455.
Generation 11 finished with best fitness of 4515.
Generation 12 finished with best fitness of 4625.
Generation 13 finished with best fitness of 4715.
Generation 14 finished with best fitness of 4715.
Generation 15 finished with best fitness of 4790.
Generation 16 finished with best fitness of 4810.
Generation 17 finished with best fitness of 4870.
Generation 18 finished with best fitness of 4870.
Generation 19 finished with best fitness of 4895.
Generation 20 finished with best fitness of 4945.
Generation 21 finished with best fitness of 4990.
Generation 22 finished with best fitness of 5130.
Generation 23 finished with best fitness of 5190.
Generation 24 finished with best fitness of 5215.
Generation 25 finished with best fitness of 5280.
Generation 26 finished with best fitness of 5415.
Generation 27 finished with best fitness of 5415.
Generation 28 finished with best fitness of 5500.
Generation 29 finished with best fitness of 5500.
Generation 30 finished with best fitness of 5590.
Generation 31 finished with best fitness of 5650.
Generation 32 finished with best fitness of 5655.
Generation 33 finished with best fitness of 5680.
Generation 34 finished with best fitness of 5795.
Generation 35 finished with best fitness of 5795.
Generation 36 finished with best fitness of 5795.
Generation 37 finished with best fitness of 5920.
Generation 38 finished with best fitness of 5920.
Generation 39 finished with best fitness of 5920.
Generation 40 finished with best fitness of 6040.
Generation 41 finished with best fitness of 6040.
Generation 42 finished with best fitness of 6125.
Generation 43 finished with best fitness of 6125.
Generation 44 finished with best fitness of 6285.
Generation 45 finished with best fitness of 6285.
Generation 46 finished with best fitness of 6290.
Generation 47 finished with best fitness of 6405.
Generation 48 finished with best fitness of 6405.
Generation 49 finished with best fitness of 6430.
Generation 50 finished with best fitness of 6430.
Generation 51 finished with best fitness of 6430.
Generation 52 finished with best fitness of 6430.
Generation 53 finished with best fitness of 6475.
Generation 54 finished with best fitness of 6475.
Generation 55 finished with best fitness of 6475.
Generation 56 finished with best fitness of 6580.
Generation 57 finished with best fitness of 6580.
Generation 58 finished with best fitness of 6640.
Generation 59 finished with best fitness of 6805.
Generation 60 finished with best fitness of 6835.
Generation 61 finished with best fitness of 6835.
Generation 62 finished with best fitness of 6885.
Generation 63 finished with best fitness of 6920.
Generation 64 finished with best fitness of 6980.
Generation 65 finished with best fitness of 6990.
Generation 66 finished with best fitness of 7085.
Generation 67 finished with best fitness of 7085.
Generation 68 finished with best fitness of 7085.
Generation 69 finished with best fitness of 7085.
Generation 70 finished with best fitness of 7085.
Generation 71 finished with best fitness of 7230.
Generation 72 finished with best fitness of 7230.
Generation 73 finished with best fitness of 7230.
Generation 74 finished with best fitness of 7230.
Generation 75 finished with best fitness of 7265.
Generation 76 finished with best fitness of 7265.
Generation 77 finished with best fitness of 7270.
Generation 78 finished with best fitness of 7340.
Generation 79 finished with best fitness of 7370.
Generation 80 finished with best fitness of 7455.
Generation 81 finished with best fitness of 7455.
Generation 82 finished with best fitness of 7475.
Generation 83 finished with best fitness of 7475.
Generation 84 finished with best fitness of 7530.
Generation 85 finished with best fitness of 7530.
Generation 86 finished with best fitness of 7530.
Generation 87 finished with best fitness of 7530.
Generation 88 finished with best fitness of 7530.
Generation 89 finished with best fitness of 7585.
Generation 90 finished with best fitness of 7630.
Generation 91 finished with best fitness of 7630.
Generation 92 finished with best fitness of 7640.
Generation 93 finished with best fitness of 7640.
Generation 94 finished with best fitness of 7695.
Generation 95 finished with best fitness of 7735.
Generation 96 finished with best fitness of 7735.
Generation 97 finished with best fitness of 7735.
Generation 98 finished with best fitness of 7740.
Generation 99 finished with best fitness of 7740.
Generation 100 finished with best fitness of 7875.
Generation 101 finished with best fitness of 7935.
Generation 102 finished with best fitness of 7935.
Generation 103 finished with best fitness of 7935.
Generation 104 finished with best fitness of 7980.
Generation 105 finished with best fitness of 7980.
Generation 106 finished with best fitness of 7980.
Generation 107 finished with best fitness of 7980.
Generation 108 finished with best fitness of 7980.
Generation 109 finished with best fitness of 8115.
Generation 110 finished with best fitness of 8115.
Generation 111 finished with best fitness of 8115.
Generation 112 finished with best fitness of 8140.
Generation 113 finished with best fitness of 8140.
Generation 114 finished with best fitness of 8140.
Generation 115 finished with best fitness of 8200.
Generation 116 finished with best fitness of 8200.
Generation 117 finished with best fitness of 8200.
Generation 118 finished with best fitness of 8200.
Generation 119 finished with best fitness of 8220.
Generation 120 finished with best fitness of 8270.
Generation 121 finished with best fitness of 8270.
Generation 122 finished with best fitness of 8270.
Generation 123 finished with best fitness of 8295.
Generation 124 finished with best fitness of 8375.
Generation 125 finished with best fitness of 8385.
Generation 126 finished with best fitness of 8385.
Generation 127 finished with best fitness of 8385.
Generation 128 finished with best fitness of 8425.
Generation 129 finished with best fitness of 8505.
Generation 130 finished with best fitness of 8505.
Generation 131 finished with best fitness of 8505.
Generation 132 finished with best fitness of 8505.
Generation 133 finished with best fitness of 8505.
Generation 134 finished with best fitness of 8560.
Generation 135 finished with best fitness of 8560.
Generation 136 finished with best fitness of 8560.
Generation 137 finished with best fitness of 8560.
Generation 138 finished with best fitness of 8590.
Generation 139 finished with best fitness of 8615.
Generation 140 finished with best fitness of 8615.
Generation 141 finished with best fitness of 8615.
Generation 142 finished with best fitness of 8615.
Generation 143 finished with best fitness of 8630.
Generation 144 finished with best fitness of 8630.
Generation 145 finished with best fitness of 8630.
Generation 146 finished with best fitness of 8720.
Generation 147 finished with best fitness of 8720.
Generation 148 finished with best fitness of 8720.
Generation 149 finished with best fitness of 8720.
Generation 150 finished with best fitness of 8720.
Generation 151 finished with best fitness of 8720.
Generation 152 finished with best fitness of 8755.
Generation 153 finished with best fitness of 8755.
Generation 154 finished with best fitness of 8790.
Generation 155 finished with best fitness of 8860.
Generation 156 finished with best fitness of 8860.
Generation 157 finished with best fitness of 8875.
Generation 158 finished with best fitness of 8875.
Generation 159 finished with best fitness of 8875.
Generation 160 finished with best fitness of 8890.
Generation 161 finished with best fitness of 8890.
Generation 162 finished with best fitness of 8965.
Generation 163 finished with best fitness of 8965.
Generation 164 finished with best fitness of 8965.
Generation 165 finished with best fitness of 8965.
Generation 166 finished with best fitness of 8980.
Generation 167 finished with best fitness of 9010.
Generation 168 finished with best fitness of 9010.
Generation 169 finished with best fitness of 9010.
Generation 170 finished with best fitness of 9010.
Generation 171 finished with best fitness of 9100.
Generation 172 finished with best fitness of 9200.
Generation 173 finished with best fitness of 9290.
Generation 174 finished with best fitness of 9290.
Generation 175 finished with best fitness of 9290.
Generation 176 finished with best fitness of 9290.
Generation 177 finished with best fitness of 9290.
Generation 178 finished with best fitness of 9290.
Generation 179 finished with best fitness of 9290.
Generation 180 finished with best fitness of 9305.
Generation 181 finished with best fitness of 9305.
Generation 182 finished with best fitness of 9305.
Generation 183 finished with best fitness of 9305.
Generation 184 finished with best fitness of 9370.
Generation 185 finished with best fitness of 9415.
Generation 186 finished with best fitness of 9415.
Generation 187 finished with best fitness of 9415.
Generation 188 finished with best fitness of 9415.
Generation 189 finished with best fitness of 9415.
Generation 190 finished with best fitness of 9415.
Generation 191 finished with best fitness of 9415.
Generation 192 finished with best fitness of 9415.
Generation 193 finished with best fitness of 9415.
Generation 194 finished with best fitness of 9475.
Generation 195 finished with best fitness of 9485.
Generation 196 finished with best fitness of 9485.
Generation 197 finished with best fitness of 9485.
Generation 198 finished with best fitness of 9535.
Generation 199 finished with best fitness of 9535.
Generation 200 finished with best fitness of 9585.
Generation 201 finished with best fitness of 9610.
Generation 202 finished with best fitness of 9610.
Generation 203 finished with best fitness of 9610.
Generation 204 finished with best fitness of 9610.
Generation 205 finished with best fitness of 9610.
Generation 206 finished with best fitness of 9610.
Generation 207 finished with best fitness of 9610.
Generation 208 finished with best fitness of 9610.
Generation 209 finished with best fitness of 9610.
Generation 210 finished with best fitness of 9610.
Generation 211 finished with best fitness of 9610.
Generation 212 finished with best fitness of 9610.
Generation 213 finished with best fitness of 9620.
Generation 214 finished with best fitness of 9620.
Generation 215 finished with best fitness of 9620.
Generation 216 finished with best fitness of 9620.
Generation 217 finished with best fitness of 9620.
Generation 218 finished with best fitness of 9620.
Generation 219 finished with best fitness of 9620.
Generation 220 finished with best fitness of 9620.
Generation 221 finished with best fitness of 9670.
Generation 222 finished with best fitness of 9670.
Generation 223 finished with best fitness of 9670.
Generation 224 finished with best fitness of 9670.
Generation 225 finished with best fitness of 9685.
Generation 226 finished with best fitness of 9685.
Generation 227 finished with best fitness of 9685.
Generation 228 finished with best fitness of 9695.
Generation 229 finished with best fitness of 9695.
Generation 230 finished with best fitness of 9795.
Generation 231 finished with best fitness of 9795.
Generation 232 finished with best fitness of 9795.
Generation 233 finished with best fitness of 9795.
Generation 234 finished with best fitness of 9795.
Generation 235 finished with best fitness of 9795.
Generation 236 finished with best fitness of 9795.
Generation 237 finished with best fitness of 9795.
Generation 238 finished with best fitness of 9795.
Generation 239 finished with best fitness of 9795.
Generation 240 finished with best fitness of 9835.
Generation 241 finished with best fitness of 9835.
Generation 242 finished with best fitness of 9835.
Generation 243 finished with best fitness of 9835.
Generation 244 finished with best fitness of 9835.
Generation 245 finished with best fitness of 9835.
Generation 246 finished with best fitness of 9865.
Generation 247 finished with best fitness of 9865.
Generation 248 finished with best fitness of 9865.
Generation 249 finished with best fitness of 9870.
Generation 250 finished with best fitness of 9900.
Generation 251 finished with best fitness of 9900.
Generation 252 finished with best fitness of 9900.
Generation 253 finished with best fitness of 9925.
Generation 254 finished with best fitness of 9925.
Generation 255 finished with best fitness of 9925.
Generation 256 finished with best fitness of 9925.
Generation 257 finished with best fitness of 9925.
Generation 258 finished with best fitness of 9925.
Generation 259 finished with best fitness of 9925.
Generation 260 finished with best fitness of 9930.
Generation 261 finished with best fitness of 9930.
Generation 262 finished with best fitness of 9930.
Generation 263 finished with best fitness of 9930.
Generation 264 finished with best fitness of 9955.
Generation 265 finished with best fitness of 9955.
Generation 266 finished with best fitness of 9955.
Generation 267 finished with best fitness of 9955.
Generation 268 finished with best fitness of 9955.
Generation 269 finished with best fitness of 9955.
Generation 270 finished with best fitness of 9955.
Generation 271 finished with best fitness of 9955.
Generation 272 finished with best fitness of 9985.
Generation 273 finished with best fitness of 10050.
Generation 274 finished with best fitness of 10050.
Generation 275 finished with best fitness of 10050.
Generation 276 finished with best fitness of 10050.
Generation 277 finished with best fitness of 10050.
Generation 278 finished with best fitness of 10050.
Generation 279 finished with best fitness of 10050.
Generation 280 finished with best fitness of 10050.
Generation 281 finished with best fitness of 10050.
Generation 282 finished with best fitness of 10095.
Generation 283 finished with best fitness of 10095.
Generation 284 finished with best fitness of 10095.
Generation 285 finished with best fitness of 10095.
Generation 286 finished with best fitness of 10095.
Generation 287 finished with best fitness of 10095.
Generation 288 finished with best fitness of 10095.
Generation 289 finished with best fitness of 10105.
Generation 290 finished with best fitness of 10105.
Generation 291 finished with best fitness of 10105.
Generation 292 finished with best fitness of 10105.
Generation 293 finished with best fitness of 10105.
Generation 294 finished with best fitness of 10105.
Generation 295 finished with best fitness of 10105.
Generation 296 finished with best fitness of 10105.
Generation 297 finished with best fitness of 10110.
Generation 298 finished with best fitness of 10110.
Generation 299 finished with best fitness of 10110.
Generation 300 finished with best fitness of 10110.
Generation 301 finished with best fitness of 10120.
Generation 302 finished with best fitness of 10120.
Generation 303 finished with best fitness of 10120.
Generation 304 finished with best fitness of 10120.
Generation 305 finished with best fitness of 10120.
Generation 306 finished with best fitness of 10125.
Generation 307 finished with best fitness of 10125.
Generation 308 finished with best fitness of 10125.
Generation 309 finished with best fitness of 10155.
Generation 310 finished with best fitness of 10155.
Generation 311 finished with best fitness of 10155.
Generation 312 finished with best fitness of 10155.
Generation 313 finished with best fitness of 10155.
Generation 314 finished with best fitness of 10155.
Generation 315 finished with best fitness of 10170.
Generation 316 finished with best fitness of 10180.
Generation 317 finished with best fitness of 10180.
Generation 318 finished with best fitness of 10210.
Generation 319 finished with best fitness of 10215.
Generation 320 finished with best fitness of 10215.
Generation 321 finished with best fitness of 10215.
Generation 322 finished with best fitness of 10215.
Generation 323 finished with best fitness of 10225.
Generation 324 finished with best fitness of 10225.
Generation 325 finished with best fitness of 10225.
Generation 326 finished with best fitness of 10290.
Generation 327 finished with best fitness of 10290.
Generation 328 finished with best fitness of 10290.
Generation 329 finished with best fitness of 10290.
Generation 330 finished with best fitness of 10290.
Generation 331 finished with best fitness of 10290.
Generation 332 finished with best fitness of 10290.
Generation 333 finished with best fitness of 10290.
Generation 334 finished with best fitness of 10290.
Generation 335 finished with best fitness of 10290.
Generation 336 finished with best fitness of 10290.
Generation 337 finished with best fitness of 10290.
Generation 338 finished with best fitness of 10290.
Generation 339 finished with best fitness of 10290.
Generation 340 finished with best fitness of 10290.
Generation 341 finished with best fitness of 10295.
Generation 342 finished with best fitness of 10295.
Generation 343 finished with best fitness of 10295.
Generation 344 finished with best fitness of 10295.
Generation 345 finished with best fitness of 10295.
Generation 346 finished with best fitness of 10295.
Generation 347 finished with best fitness of 10295.
Generation 348 finished with best fitness of 10300.
Generation 349 finished with best fitness of 10300.
Generation 350 finished with best fitness of 10300.
Generation 351 finished with best fitness of 10435.
Generation 352 finished with best fitness of 10435.
Generation 353 finished with best fitness of 10435.
Generation 354 finished with best fitness of 10435.
Generation 355 finished with best fitness of 10435.
Generation 356 finished with best fitness of 10435.
Generation 357 finished with best fitness of 10435.
Generation 358 finished with best fitness of 10435.
Generation 359 finished with best fitness of 10435.
Generation 360 finished with best fitness of 10435.
Generation 361 finished with best fitness of 10435.
Generation 362 finished with best fitness of 10435.
Generation 363 finished with best fitness of 10470.
Generation 364 finished with best fitness of 10470.
Generation 365 finished with best fitness of 10470.
Generation 366 finished with best fitness of 10470.
Generation 367 finished with best fitness of 10470.
Generation 368 finished with best fitness of 10470.
Generation 369 finished with best fitness of 10470.
Generation 370 finished with best fitness of 10470.
Generation 371 finished with best fitness of 10470.
Generation 372 finished with best fitness of 10470.
Generation 373 finished with best fitness of 10510.
Generation 374 finished with best fitness of 10510.
Generation 375 finished with best fitness of 10510.
Generation 376 finished with best fitness of 10510.
Generation 377 finished with best fitness of 10510.
Generation 378 finished with best fitness of 10510.
Generation 379 finished with best fitness of 10510.
Generation 380 finished with best fitness of 10510.
Generation 381 finished with best fitness of 10510.
Generation 382 finished with best fitness of 10510.
Generation 383 finished with best fitness of 10510.
Generation 384 finished with best fitness of 10510.
Generation 385 finished with best fitness of 10510.
Generation 386 finished with best fitness of 10510.
Generation 387 finished with best fitness of 10510.
Generation 388 finished with best fitness of 10510.
Generation 389 finished with best fitness of 10510.
Generation 390 finished with best fitness of 10540.
Generation 391 finished with best fitness of 10540.
Generation 392 finished with best fitness of 10540.
Generation 393 finished with best fitness of 10540.
Generation 394 finished with best fitness of 10540.
Generation 395 finished with best fitness of 10540.
Generation 396 finished with best fitness of 10540.
Generation 397 finished with best fitness of 10540.
Generation 398 finished with best fitness of 10540.
Generation 399 finished with best fitness of 10540.
Generation 400 finished with best fitness of 10540.
Generation 401 finished with best fitness of 10540.
Generation 402 finished with best fitness of 10540.
Generation 403 finished with best fitness of 10540.
Generation 404 finished with best fitness of 10540.
Generation 405 finished with best fitness of 10540.
Generation 406 finished with best fitness of 10540.
Generation 407 finished with best fitness of 10540.
Generation 408 finished with best fitness of 10540.
Generation 409 finished with best fitness of 10555.
Generation 410 finished with best fitness of 10555.
Generation 411 finished with best fitness of 10555.
Generation 412 finished with best fitness of 10555.
Generation 413 finished with best fitness of 10555.
Generation 414 finished with best fitness of 10555.
Generation 415 finished with best fitness of 10570.
Generation 416 finished with best fitness of 10570.
Generation 417 finished with best fitness of 10570.
Generation 418 finished with best fitness of 10570.
Generation 419 finished with best fitness of 10570.
Generation 420 finished with best fitness of 10570.
Generation 421 finished with best fitness of 10570.
Generation 422 finished with best fitness of 10570.
Generation 423 finished with best fitness of 10570.
Generation 424 finished with best fitness of 10570.
Generation 425 finished with best fitness of 10570.
Evolution finished after 26,1180182 seconds.
</DebugTrace>
      </Output>
    </UnitTestResult>
  </Results>
</TestRun>