<?xml version="1.0" encoding="UTF-8"?>
<TestRun id="6d973b86-9966-4b33-aed9-72f6565c6094" name="FloLap@FLOLAP-PC 2011-10-21 16:38:17" runUser="FloLap-PC\FloLap" xmlns="http://microsoft.com/schemas/VisualStudio/TeamTest/2010">
  <TestSettings name="Lokal" id="6ed96bb3-d821-4eee-a79d-3a3069da9890">
    <Description>Dies sind die standardmäßigen Testeinstellungen für einen lokalen Testlauf.</Description>
    <Deployment enabled="false" runDeploymentRoot="FloLap_FLOLAP-PC 2011-10-21 16_38_17">
      <DeploymentItem filename="E:\HsKA\Semester2\Projektarbeit\Stundenplangenerator\TimetablePlanner\TimetablePlanner\bin\Debug\TimetablePlanner.dll" />
    </Deployment>
    <Execution>
      <TestTypeSpecific />
      <AgentRule name="Execution Agents">
      </AgentRule>
    </Execution>
  </TestSettings>
  <Times creation="2011-10-21T16:38:17.5542242+02:00" queuing="2011-10-21T16:38:18.5732825+02:00" start="2011-10-21T16:38:18.6642877+02:00" finish="2011-10-21T16:38:27.9498188+02:00" />
  <ResultSummary outcome="Completed">
    <Counters total="1" executed="1" passed="1" error="0" failed="0" timeout="0" aborted="0" inconclusive="0" passedButRunAborted="0" notRunnable="0" notExecuted="0" disconnected="0" warning="0" completed="0" inProgress="0" pending="0" />
  </ResultSummary>
  <TestDefinitions>
    <UnitTest name="TimetableManualTester" storage="e:\hska\semester2\projektarbeit\stundenplangenerator\timetableplanner\timetableplannertests\bin\debug\timetableplannertests.dll" id="3ada0cc6-2a4d-2d63-7d9f-97d4d443b0f3">
      <Execution id="319d5d25-e4dc-4057-b95e-5f67f1d7f8bb" />
      <TestMethod codeBase="E:/HsKA/Semester2/Projektarbeit/Stundenplangenerator/TimetablePlanner/TimetablePlannerTests/bin/Debug/TimetablePlannerTests.DLL" adapterTypeName="Microsoft.VisualStudio.TestTools.TestTypes.Unit.UnitTestAdapter, Microsoft.VisualStudio.QualityTools.Tips.UnitTest.Adapter, Version=10.0.0.0, Culture=neutral, PublicKeyToken=b03f5f7f11d50a3a" className="TimetablePlannerTests.TimetableTest, TimetablePlannerTests, Version=1.0.0.0, Culture=neutral, PublicKeyToken=null" name="TimetableManualTester" />
    </UnitTest>
  </TestDefinitions>
  <TestLists>
    <TestList name="Nicht in einer Liste enthaltene Ergebnisse" id="8c84fa94-04c1-424b-9868-57a2d4851a1d" />
    <TestList name="Alle geladenen Ergebnisse" id="19431567-8539-422a-85d7-44ee4e166bda" />
  </TestLists>
  <TestEntries>
    <TestEntry testId="3ada0cc6-2a4d-2d63-7d9f-97d4d443b0f3" executionId="319d5d25-e4dc-4057-b95e-5f67f1d7f8bb" testListId="8c84fa94-04c1-424b-9868-57a2d4851a1d" />
  </TestEntries>
  <Results>
    <UnitTestResult executionId="319d5d25-e4dc-4057-b95e-5f67f1d7f8bb" testId="3ada0cc6-2a4d-2d63-7d9f-97d4d443b0f3" testName="TimetableManualTester" computerName="FLOLAP-PC" duration="00:00:07.9608193" startTime="2011-10-21T16:38:18.7162907+02:00" endTime="2011-10-21T16:38:27.8908155+02:00" testType="13cdc9d9-ddb5-4fa4-a97d-d965ccfc6d4b" outcome="Passed" testListId="8c84fa94-04c1-424b-9868-57a2d4851a1d" relativeResultsDirectory="319d5d25-e4dc-4057-b95e-5f67f1d7f8bb">
      <Output>
        <DebugTrace>Time to create population of size 75: 587ms
1340
1320
1300
1250
1200
1200
1190
1190
1130
1110
1080
1070
1070
1050
1040
1040
1020
1020
990
960
950
950
930
930
930
920
910
910
910
900
850
850
820
820
810
780
780
760
760
750
750
740
730
710
700
650
650
630
630
590
590
580
570
550
520
510
500
500
500
490
480
480
470
460
400
370
350
350
320
200
200
190
160
130
-20
Early abort after 165 generations.
Mean time per generation: 31ms
Mean fitness increase per generation
259
129
97
86
71
65
60
67
62
52
45
53
59
46
34
41
40
38
36
31
28
23
26
34
29
28
17
25
23
18
19
21
18
22
21
26
21
21
18
19
22
12
17
14
10
16
18
21
15
14
21
15
12
16
17
17
16
11
12
19
14
17
13
10
8
10
13
11
12
12
13
10
6
5
6
6
8
13
15
9
12
6
8
4
6
7
6
6
7
3
10
8
4
7
7
6
6
5
6
3
4
6
4
4
4
8
5
6
3
5
5
5
3
5
4
6
4
3
5
5
1
3
4
4
6
4
4
6
6
2
3
5
3
2
1
2
2
1
3
1
1
3
2
3
2
1
3
1
2
1
1
0
1
1
2
2
2
3
3
1
1
1
1
3
2
2
Evolution time: 5340ms
3470
3470
3470
3470
3470
3470
3470
3470
3460
3460
3450
3450
3450
3440
3440
3440
3440
3440
3440
3440
3440
3440
3440
3440
3440
3440
3440
3440
3440
3440
3430
3430
3430
3430
3430
3430
3430
3430
3430
3430
3430
3430
3430
3430
3430
3430
3430
3430
3430
3430
3430
3430
3430
3430
3430
3430
3430
3430
3430
3430
3430
3430
3420
3420
3420
3420
3420
3420
3420
3420
3420
3410
3410
3410
3410

Group 0
Block 0: Informatik 1                           | Mathematik 1                           | Mathematik 1                           | Theoretische Informatik 1              | Mathematik 1 Labor                     | 
Block 1: Technische Informatik 1                | Theoretische Informatik 1              | Informatik 1 Übung                     | Technische Informatik 1                | Fremdsprachen                          | 
Block 2: Mathematik 1 Labor                     | Technische Informatik 1 Übung          | ---------------------------------------| Informatik 1                           | Fremdsprachen                          | 
Block 3: ---------------------------------------| ---------------------------------------| ---------------------------------------| ---------------------------------------| ---------------------------------------| 
Block 4: ---------------------------------------| ---------------------------------------| ---------------------------------------| ---------------------------------------| ---------------------------------------| 
Block 5: ---------------------------------------| ---------------------------------------| ---------------------------------------| ---------------------------------------| ---------------------------------------| 

Group 1
Block 0: Digital-Labor                          | Softwarelabor                          | Informatik 2                           | Mathematik 2 Labor                     | Informatik 2                           | 
Block 1: Digital-Labor                          | Softwarelabor                          | Sprachen und Metasprachen              | Web-Programming                        | Technische Informatik 2                | 
Block 2: Digital-Labor                          | Informatik 2 Übung                     | ---------------------------------------| Informatik 2 Übung                     | Technische Informatik 2                | 
Block 3: Mathematik 2                           | Softwarelabor                          | ---------------------------------------| ---------------------------------------| ---------------------------------------| 
Block 4: ---------------------------------------| Softwarelabor                          | ---------------------------------------| ---------------------------------------| ---------------------------------------| 
Block 5: ---------------------------------------| ---------------------------------------| ---------------------------------------| ---------------------------------------| ---------------------------------------| 

Group 2
Block 0: Visualization and Semantics Lab        | IT Projektmanagement                   | Datenrepräsentation und -übertragung   | ---------------------------------------| Modellierung und Simulation            | 
Block 1: IT Service Management                  | ---------------------------------------| ---------------------------------------| Verteilte Informationssysteme          | Mobile Systeme                         | 
Block 2: Visualization and Semantics            | ---------------------------------------| ---------------------------------------| ---------------------------------------| Intelligente Systeme                   | 
Block 3: ---------------------------------------| Projektarbeit1                         | ---------------------------------------| ---------------------------------------| ---------------------------------------| 
Block 4: ---------------------------------------| Projektarbeit1                         | ---------------------------------------| ---------------------------------------| ---------------------------------------| 
Block 5: ---------------------------------------| Projektarbeit1                         | Führungskräftetraining                 | ---------------------------------------| ---------------------------------------| 

Group 3
Block 0: Algorithmenentwurf                     | Data Mining                            | Dialog Systems                         | Angewandte Kryptografie                | Algorithmen Übung                      | 
Block 1: Labor Benutzeroberflächen              | ---------------------------------------| Labor Verteilte Systeme                | ---------------------------------------| IT-Sicherheit                          | 
Block 2: ---------------------------------------| ---------------------------------------| ---------------------------------------| ---------------------------------------| ---------------------------------------| 
Block 3: ---------------------------------------| ---------------------------------------| ---------------------------------------| ---------------------------------------| ---------------------------------------| 
Block 4: Projektarbeit2                         | ---------------------------------------| ---------------------------------------| ---------------------------------------| ---------------------------------------| 
Block 5: Projektarbeit2                         | ---------------------------------------| ---------------------------------------| ---------------------------------------| Seminar                                | 
</DebugTrace>
      </Output>
    </UnitTestResult>
  </Results>
</TestRun>