<?xml version="1.0" encoding="UTF-8"?>
<TestRun id="f25af0cc-6482-4e44-8cf4-5bcdc987d38a" name="FloLap@FLOLAP-PC 2011-10-23 12:52:33" runUser="FloLap-PC\FloLap" xmlns="http://microsoft.com/schemas/VisualStudio/TeamTest/2010">
  <TestSettings name="Lokal" id="6ed96bb3-d821-4eee-a79d-3a3069da9890">
    <Description>Dies sind die standardmäßigen Testeinstellungen für einen lokalen Testlauf.</Description>
    <Deployment enabled="false" runDeploymentRoot="FloLap_FLOLAP-PC 2011-10-23 12_52_33">
      <DeploymentItem filename="E:\HsKA\Semester2\Projektarbeit\Stundenplangenerator\TimetablePlanner\TimetablePlanner\bin\Debug\TimetablePlanner.dll" />
    </Deployment>
    <Execution>
      <TestTypeSpecific />
      <AgentRule name="Execution Agents">
      </AgentRule>
    </Execution>
  </TestSettings>
  <Times creation="2011-10-23T12:52:33.6905295+02:00" queuing="2011-10-23T12:52:34.6265311+02:00" start="2011-10-23T12:52:34.7201313+02:00" finish="2011-10-23T12:52:45.8741509+02:00" />
  <ResultSummary outcome="Completed">
    <Counters total="1" executed="1" passed="1" error="0" failed="0" timeout="0" aborted="0" inconclusive="0" passedButRunAborted="0" notRunnable="0" notExecuted="0" disconnected="0" warning="0" completed="0" inProgress="0" pending="0" />
  </ResultSummary>
  <TestDefinitions>
    <UnitTest name="TimetableManualTester" storage="e:\hska\semester2\projektarbeit\stundenplangenerator\timetableplanner\timetableplannertests\bin\debug\timetableplannertests.dll" id="3ada0cc6-2a4d-2d63-7d9f-97d4d443b0f3">
      <Execution id="e95bc132-97e2-4512-a1f9-27d1e2f8787a" />
      <TestMethod codeBase="E:/HsKA/Semester2/Projektarbeit/Stundenplangenerator/TimetablePlanner/TimetablePlannerTests/bin/Debug/TimetablePlannerTests.DLL" adapterTypeName="Microsoft.VisualStudio.TestTools.TestTypes.Unit.UnitTestAdapter, Microsoft.VisualStudio.QualityTools.Tips.UnitTest.Adapter, Version=10.0.0.0, Culture=neutral, PublicKeyToken=b03f5f7f11d50a3a" className="TimetablePlannerTests.TimetableTest, TimetablePlannerTests, Version=1.0.0.0, Culture=neutral, PublicKeyToken=null" name="TimetableManualTester" />
    </UnitTest>
  </TestDefinitions>
  <TestLists>
    <TestList name="Nicht in einer Liste enthaltene Ergebnisse" id="8c84fa94-04c1-424b-9868-57a2d4851a1d" />
    <TestList name="Alle geladenen Ergebnisse" id="19431567-8539-422a-85d7-44ee4e166bda" />
  </TestLists>
  <TestEntries>
    <TestEntry testId="3ada0cc6-2a4d-2d63-7d9f-97d4d443b0f3" executionId="e95bc132-97e2-4512-a1f9-27d1e2f8787a" testListId="8c84fa94-04c1-424b-9868-57a2d4851a1d" />
  </TestEntries>
  <Results>
    <UnitTestResult executionId="e95bc132-97e2-4512-a1f9-27d1e2f8787a" testId="3ada0cc6-2a4d-2d63-7d9f-97d4d443b0f3" testName="TimetableManualTester" computerName="FLOLAP-PC" duration="00:00:09.8182096" startTime="2011-10-23T12:52:34.7669313+02:00" endTime="2011-10-23T12:52:45.7649507+02:00" testType="13cdc9d9-ddb5-4fa4-a97d-d965ccfc6d4b" outcome="Passed" testListId="8c84fa94-04c1-424b-9868-57a2d4851a1d" relativeResultsDirectory="e95bc132-97e2-4512-a1f9-27d1e2f8787a">
      <Output>
        <DebugTrace>Time to create population of size 75: 592ms
1390
1200
1170
1140
1090
1080
1030
980
950
920
920
920
900
900
880
880
880
880
870
850
830
800
790
790
740
730
730
720
720
710
690
680
640
630
630
620
610
610
610
600
570
530
530
530
490
460
450
430
420
390
370
360
310
300
250
250
240
220
200
150
-10
-40
-50
-90
-130
-210
-390
-470
-500
-510
-630
-740
-870
-940
-1140
Early abort after 172 generations.
Mean time per generation: 40ms
Mean fitness increase per generation
386
155
129
103
94
86
60
57
46
52
44
55
45
51
32
38
31
26
27
24
34
27
31
37
26
31
33
30
21
24
23
24
21
18
21
17
17
23
21
22
19
17
13
17
15
18
18
14
17
9
16
13
11
18
12
19
9
12
9
10
11
12
11
8
7
13
13
12
14
15
19
17
12
15
15
7
5
14
12
9
8
7
8
5
5
4
3
5
5
5
6
5
7
8
5
8
7
4
4
8
6
2
6
5
1
3
4
2
7
5
4
2
3
3
4
4
3
3
4
3
4
6
2
3
5
0
3
2
2
4
3
0
3
3
1
4
3
3
1
2
3
2
3
3
4
3
4
3
2
2
1
0
3
2
2
3
3
1
2
3
2
1
2
2
1
3
2
1
2
1
2
5
2
Evolution time: 7082ms
3400
3380
3380
3380
3370
3370
3370
3370
3370
3370
3370
3370
3360
3360
3360
3360
3360
3360
3360
3360
3360
3360
3360
3350
3350
3350
3350
3350
3350
3350
3350
3350
3350
3350
3350
3350
3350
3350
3340
3340
3340
3340
3340
3340
3340
3340
3340
3340
3340
3340
3340
3340
3340
3340
3340
3340
3330
3330
3330
3330
3330
3330
3330
3330
3330
3330
3330
3330
3330
3330
3330
3330
3330
3330
3330

Group 0
Block 0: Theoretische Informatik 1              | Mathematik 1 Labor                     | Informatik 1 Übung                     | Technische Informatik 1 Übung          | Informatik 1                           | 
Block 1: Informatik 1                           | Fremdsprachen                          | Theoretische Informatik 1              | Technische Informatik 1                | Technische Informatik 1                | 
Block 2: Mathematik 1 Labor                     | Fremdsprachen                          | ---------------------------------------| Mathematik 1                           | ---------------------------------------| 
Block 3: Mathematik 1                           | ---------------------------------------| ---------------------------------------| ---------------------------------------| ---------------------------------------| 
Block 4: ---------------------------------------| ---------------------------------------| ---------------------------------------| ---------------------------------------| ---------------------------------------| 
Block 5: ---------------------------------------| ---------------------------------------| ---------------------------------------| ---------------------------------------| ---------------------------------------| 

Group 1
Block 0: Web-Programming                        | Technische Informatik 2                | Softwarelabor                          | Mathematik 2 Labor                     | Softwarelabor                          | 
Block 1: Technische Informatik 2                | Digital-Labor                          | Softwarelabor                          | Mathematik 2                           | Softwarelabor                          | 
Block 2: Informatik 2                           | Digital-Labor                          | ---------------------------------------| Informatik 2                           | Informatik 2 Übung                     | 
Block 3: ---------------------------------------| Digital-Labor                          | Sprachen und Metasprachen              | ---------------------------------------| ---------------------------------------| 
Block 4: ---------------------------------------| Informatik 2 Übung                     | ---------------------------------------| ---------------------------------------| ---------------------------------------| 
Block 5: ---------------------------------------| ---------------------------------------| ---------------------------------------| ---------------------------------------| ---------------------------------------| 

Group 2
Block 0: Visualization and Semantics Lab        | ---------------------------------------| Verteilte Informationssysteme          | Intelligente Systeme                   | ---------------------------------------| 
Block 1: Datenrepräsentation und -übertragung   | Modellierung und Simulation            | IT Projektmanagement                   | IT Service Management                  | Mobile Systeme                         | 
Block 2: ---------------------------------------| ---------------------------------------| ---------------------------------------| ---------------------------------------| Visualization and Semantics            | 
Block 3: ---------------------------------------| ---------------------------------------| ---------------------------------------| ---------------------------------------| Projektarbeit1                         | 
Block 4: ---------------------------------------| ---------------------------------------| ---------------------------------------| ---------------------------------------| Projektarbeit1                         | 
Block 5: ---------------------------------------| Führungskräftetraining                 | ---------------------------------------| ---------------------------------------| Projektarbeit1                         | 

Group 3
Block 0: Labor Verteilte Systeme                | Labor Benutzeroberflächen              | ---------------------------------------| Algorithmen Übung                      | Data Mining                            | 
Block 1: Dialog Systems                         | Angewandte Kryptografie                | ---------------------------------------| Algorithmenentwurf                     | IT-Sicherheit                          | 
Block 2: ---------------------------------------| ---------------------------------------| ---------------------------------------| ---------------------------------------| ---------------------------------------| 
Block 3: ---------------------------------------| ---------------------------------------| ---------------------------------------| ---------------------------------------| ---------------------------------------| 
Block 4: ---------------------------------------| ---------------------------------------| ---------------------------------------| Projektarbeit2                         | ---------------------------------------| 
Block 5: ---------------------------------------| Seminar                                | ---------------------------------------| Projektarbeit2                         | ---------------------------------------| 
</DebugTrace>
      </Output>
    </UnitTestResult>
  </Results>
</TestRun>