<?xml version="1.0" encoding="UTF-8"?>
<TestRun id="5970da0f-5094-4c25-b147-7846d3274b7c" name="FloLap@FLOLAP-PC 2011-10-12 20:05:07" runUser="FloLap-PC\FloLap" xmlns="http://microsoft.com/schemas/VisualStudio/TeamTest/2010">
  <TestSettings name="Lokal" id="6ed96bb3-d821-4eee-a79d-3a3069da9890">
    <Description>Dies sind die standardmäßigen Testeinstellungen für einen lokalen Testlauf.</Description>
    <Deployment enabled="false" runDeploymentRoot="FloLap_FLOLAP-PC 2011-10-12 20_05_07">
      <DeploymentItem filename="E:\HsKA\Semester2\Projektarbeit\Stundenplangenerator\TimetablePlanner\TimetablePlanner\bin\Debug\TimetablePlanner.dll" />
    </Deployment>
    <Execution>
      <TestTypeSpecific />
      <AgentRule name="Execution Agents">
      </AgentRule>
    </Execution>
  </TestSettings>
  <Times creation="2011-10-12T20:05:07.5460948+02:00" queuing="2011-10-12T20:05:08.5311511+02:00" start="2011-10-12T20:05:08.6231564+02:00" finish="2011-10-12T20:05:12.4753767+02:00" />
  <ResultSummary outcome="Completed">
    <Counters total="1" executed="1" passed="1" error="0" failed="0" timeout="0" aborted="0" inconclusive="0" passedButRunAborted="0" notRunnable="0" notExecuted="0" disconnected="0" warning="0" completed="0" inProgress="0" pending="0" />
  </ResultSummary>
  <TestDefinitions>
    <UnitTest name="createTimetableInstanceTest" storage="e:\hska\semester2\projektarbeit\stundenplangenerator\timetableplanner\timetableplannertests\bin\debug\timetableplannertests.dll" id="ab441b29-9837-01bf-f43f-7839c8f73716">
      <Execution id="a3217806-488b-419e-a449-458abfd71144" />
      <TestMethod codeBase="E:/HsKA/Semester2/Projektarbeit/Stundenplangenerator/TimetablePlanner/TimetablePlannerTests/bin/Debug/TimetablePlannerTests.DLL" adapterTypeName="Microsoft.VisualStudio.TestTools.TestTypes.Unit.UnitTestAdapter, Microsoft.VisualStudio.QualityTools.Tips.UnitTest.Adapter, Version=10.0.0.0, Culture=neutral, PublicKeyToken=b03f5f7f11d50a3a" className="TimetablePlannerTests.TimetableTest, TimetablePlannerTests, Version=1.0.0.0, Culture=neutral, PublicKeyToken=null" name="createTimetableInstanceTest" />
    </UnitTest>
  </TestDefinitions>
  <TestLists>
    <TestList name="Nicht in einer Liste enthaltene Ergebnisse" id="8c84fa94-04c1-424b-9868-57a2d4851a1d" />
    <TestList name="Alle geladenen Ergebnisse" id="19431567-8539-422a-85d7-44ee4e166bda" />
  </TestLists>
  <TestEntries>
    <TestEntry testId="ab441b29-9837-01bf-f43f-7839c8f73716" executionId="a3217806-488b-419e-a449-458abfd71144" testListId="8c84fa94-04c1-424b-9868-57a2d4851a1d" />
  </TestEntries>
  <Results>
    <UnitTestResult executionId="a3217806-488b-419e-a449-458abfd71144" testId="ab441b29-9837-01bf-f43f-7839c8f73716" testName="createTimetableInstanceTest" computerName="FLOLAP-PC" duration="00:00:02.4499174" startTime="2011-10-12T20:05:08.6711591+02:00" endTime="2011-10-12T20:05:12.3693706+02:00" testType="13cdc9d9-ddb5-4fa4-a97d-d965ccfc6d4b" outcome="Passed" testListId="8c84fa94-04c1-424b-9868-57a2d4851a1d" relativeResultsDirectory="a3217806-488b-419e-a449-458abfd71144">
      <Output>
        <DebugTrace>Time to create population of size 50: 326ms
0252: 000,000,025,000,000,000,000,000,000,000,000,000,000,021,000,000,001,000,000,000,000,000,001,000,000,000,000,034,000,000,000,000,000,000,000,000,000,000,000,000,000,000,000,000,000,000,000,000,000,000,000,000,000,000,000,000,000,000,000,000,000,000,036,000,000,000,000,005,000,000,000,000,000,032,000,000,000,000,000,000,000,000,000,000,000,000,000,000,000,000,030,008,008,000,005,000,000,000,000,000,000,000,000,012,000,000,000,000,000,000,000,000,000,000,000,000,000,000,000,000,011,011,000,000,000,000,000,000,000,000,000,000,000,000,000,000,035,000,027,000,000,000,000,000,016,000,011,011,000,000,000,000,000,003,000,000,009,000,000,000,000,014,000,000,000,000,003,000,000,000,000,000,022,002,000,000,000,000,000,000,006,000,000,000,000,000,000,000,038,033,000,000,000,000,000,000,000,000,000,000,000,023,000,000,000,000,000,000,000,000,000,000,000,016,000,000,000,000,000,000,000,000,000,000,000,037,037,000,000,010,000,000,000,000,000,000,000,000,000,000,000,000,000,000,000,000,020,028,028,028,000,000,000,006,000,000,000,000,000,000,000,000,000,000,000,000,000,000,000,000,015,000,000,000,026,000,031,017,017,017,000,000,000,000,000,000,000,000,000,018,000,000,000,000,000,029,000,000,000,000,000,000,000,000,000,000,000,000,000,007,000,000,007,000,000,000,000,000,000,000,000,013,000,000,000,000,000,000,000,000,000,000,000,000,010,004,000,000,024,000,000,000,019,000,000,000,000,000,000,000,000,000,009,000,000,000,000,000,000,000,
0212: 000,000,000,000,000,006,000,000,000,000,000,000,000,000,000,000,000,000,000,028,028,028,000,000,000,000,000,000,031,000,000,000,000,000,000,000,001,000,000,000,000,000,000,000,000,000,000,000,000,017,017,017,000,000,000,018,000,000,000,003,000,038,000,000,000,000,000,000,000,000,000,000,000,000,000,000,000,000,000,000,000,000,000,000,021,000,000,000,000,000,010,000,000,000,000,002,000,000,000,000,000,000,005,000,011,011,000,000,014,000,000,000,000,000,000,000,000,000,000,000,000,000,000,000,000,027,000,000,000,033,000,000,000,000,000,000,000,035,000,000,000,000,000,000,000,012,000,000,009,000,000,000,000,016,000,000,024,000,000,000,000,000,036,000,000,000,000,000,000,000,000,000,006,000,000,019,005,000,000,000,000,000,000,000,000,000,000,000,000,000,000,000,009,000,015,000,032,000,003,000,000,000,000,013,034,000,000,000,023,000,000,000,000,000,000,000,000,000,000,000,020,000,000,022,000,000,000,000,000,007,000,000,000,000,025,000,000,000,000,000,000,000,000,000,000,000,000,000,000,000,000,000,000,000,000,000,000,000,029,000,000,000,000,000,000,000,000,000,000,000,000,000,000,007,000,000,000,000,000,000,001,000,000,000,000,000,000,000,000,000,000,000,000,030,000,000,000,000,000,004,000,000,000,000,000,000,000,000,000,000,000,000,000,000,000,000,000,000,000,008,008,000,000,000,000,000,011,011,000,000,000,000,000,000,000,026,000,000,000,000,010,000,000,000,000,000,000,000,000,000,037,037,000,000,000,016,000,000,000,000,
0200: 000,000,000,000,000,000,019,000,000,002,000,020,000,016,000,000,000,000,000,008,008,000,000,000,000,000,000,000,000,000,000,000,000,000,000,000,000,000,000,000,005,000,000,000,000,000,000,000,000,000,000,000,000,000,000,028,028,028,000,000,000,000,000,000,000,000,000,030,000,000,003,000,000,000,000,000,001,000,024,000,000,000,000,000,000,000,000,000,000,000,000,000,000,017,017,017,000,000,000,000,000,000,000,000,000,000,000,000,000,000,000,000,000,000,000,000,000,016,000,000,000,010,032,000,000,000,011,011,000,000,000,000,000,000,000,013,000,000,000,000,000,000,006,018,000,000,000,000,000,000,000,000,000,000,000,000,000,000,000,000,000,000,037,037,000,000,000,000,000,009,036,000,000,000,000,000,000,000,000,000,000,000,000,000,000,000,000,012,031,000,000,000,000,000,000,000,000,000,000,004,000,000,000,000,000,000,000,014,000,000,000,021,005,000,000,000,000,000,000,000,000,000,000,000,000,000,000,000,023,000,000,000,000,000,000,000,000,000,000,000,000,000,000,000,000,000,000,000,000,000,000,000,000,026,000,000,000,000,000,000,000,000,022,000,010,000,000,000,001,003,000,000,000,009,000,000,000,000,000,000,000,000,025,007,000,000,000,000,027,000,000,000,000,000,000,000,000,000,000,000,015,000,000,000,000,000,000,000,000,000,000,000,034,000,000,000,000,000,000,011,011,000,000,000,000,000,000,000,000,000,000,029,000,000,000,000,000,033,007,038,000,000,000,000,000,000,000,000,000,006,000,000,000,000,000,035,000,000,000,000,
0196: 000,016,000,000,000,000,000,000,000,000,000,000,018,000,000,000,000,000,030,000,000,000,000,000,024,001,000,026,000,000,000,000,000,000,000,000,000,028,028,028,000,000,000,000,000,000,019,000,000,000,000,000,000,000,000,000,000,000,000,000,000,000,000,000,000,000,000,000,033,000,011,011,000,038,007,000,000,000,000,000,000,000,000,000,008,008,000,000,000,000,000,000,000,000,000,000,000,006,000,000,000,000,000,012,000,000,000,000,000,000,035,000,000,000,000,034,000,000,000,000,020,000,000,000,000,000,000,000,000,000,022,031,000,009,000,000,000,000,000,000,000,000,027,000,000,000,036,000,000,000,000,000,000,000,000,000,000,000,000,000,004,000,000,000,000,000,000,000,000,000,007,000,000,000,000,000,000,000,000,000,000,000,011,011,000,000,000,037,037,000,000,000,000,010,000,000,000,000,000,000,014,000,000,000,000,000,000,000,000,000,005,000,000,000,000,000,000,000,000,000,000,000,000,000,000,000,000,000,025,002,000,000,000,000,000,000,000,000,000,000,000,000,000,000,000,005,000,000,000,000,000,000,000,000,000,000,000,000,010,000,000,003,000,029,000,003,000,000,000,000,000,000,000,000,000,000,000,000,000,000,000,000,000,000,000,032,000,000,000,000,000,000,000,000,000,000,000,000,013,000,006,000,000,000,000,000,017,017,017,000,000,000,000,000,000,000,000,000,000,021,000,000,000,000,000,000,023,000,000,000,000,000,000,000,000,000,000,000,000,015,000,000,000,000,000,001,000,000,000,000,009,016,000,000,000,000,000,000,000,000,
0168: 000,000,000,000,000,000,006,029,000,003,000,000,000,000,000,000,000,000,000,000,000,000,000,000,000,000,000,000,000,000,000,000,000,000,000,000,038,000,000,000,000,000,000,000,000,000,000,000,000,018,000,000,026,000,000,000,000,015,000,000,000,013,000,000,000,000,000,006,000,000,000,000,000,000,000,000,000,000,000,000,000,000,000,000,000,000,000,000,000,000,000,016,000,000,000,000,000,000,000,000,000,000,011,011,000,000,000,000,000,000,000,000,000,000,005,000,000,000,000,005,036,000,000,000,000,000,000,000,003,019,000,000,000,007,000,000,000,000,000,000,000,000,000,000,000,000,000,000,000,000,000,000,030,000,000,000,000,000,000,001,000,021,000,000,000,000,024,031,000,002,000,000,000,000,000,000,000,000,000,000,000,011,011,000,000,000,000,004,000,000,009,000,000,000,000,000,000,000,000,000,000,000,000,000,000,000,027,000,000,000,000,000,000,001,000,000,000,000,000,028,028,028,000,010,000,000,008,008,000,000,000,000,000,000,000,000,000,000,000,000,000,000,000,000,000,000,000,000,000,000,000,000,000,000,000,000,000,000,000,000,000,000,000,000,000,000,000,009,000,032,000,000,000,000,000,000,000,020,000,000,000,000,000,035,000,007,000,014,000,017,017,017,022,000,000,000,025,037,037,000,000,000,000,000,000,033,023,000,000,000,000,000,000,000,000,000,000,016,000,000,000,012,000,000,000,000,000,034,000,000,000,000,000,000,000,000,000,000,000,000,000,000,000,000,000,000,000,000,000,000,000,000,000,000,000,000,000,000,010,000,
0168: 000,000,000,000,000,000,000,000,000,000,000,000,000,000,000,000,000,000,000,000,000,000,000,000,000,000,015,000,000,000,000,000,000,000,018,000,000,000,000,003,002,000,000,032,000,000,000,007,010,000,000,000,000,000,000,000,000,000,000,000,000,011,011,000,000,000,000,000,004,000,000,000,000,000,000,000,000,000,000,021,000,000,000,000,000,000,000,000,000,000,000,000,000,000,000,000,017,017,017,000,008,008,000,014,000,000,000,000,000,000,000,000,000,000,000,000,000,000,000,000,000,000,009,000,000,000,000,000,000,000,000,009,000,000,000,000,000,000,000,000,000,000,000,000,000,000,000,000,000,000,000,038,000,000,000,000,000,000,000,000,016,029,016,000,000,000,000,000,000,000,000,000,010,000,000,000,000,000,000,000,000,000,000,000,000,000,000,019,000,000,000,000,000,026,000,000,000,000,000,000,000,034,000,000,000,000,000,005,007,000,000,000,000,000,000,000,000,000,000,000,022,000,000,000,000,000,000,000,000,000,000,000,000,000,030,000,000,000,000,005,035,033,000,000,000,000,000,000,000,000,000,000,011,011,000,000,000,000,000,006,000,024,000,000,000,036,000,000,000,000,000,000,000,000,000,000,000,000,000,000,037,037,000,027,000,000,000,000,013,000,020,000,000,000,001,000,000,012,000,000,000,000,000,000,000,000,003,000,000,000,000,000,000,000,006,000,000,000,001,000,028,028,028,000,000,000,000,000,000,000,031,000,000,000,000,000,000,000,000,000,000,000,025,000,000,000,000,000,000,000,000,000,000,000,000,023,000,000,000,000,
0150: 000,000,005,000,000,000,023,000,000,000,000,000,000,000,000,000,000,000,000,000,014,000,000,000,003,000,000,010,000,000,000,000,000,000,003,001,000,000,000,000,000,000,000,000,000,000,000,000,000,000,000,000,000,000,000,000,000,000,000,000,000,000,000,000,000,000,000,000,000,000,000,000,000,000,000,000,000,000,000,000,000,025,000,000,000,000,000,000,000,000,000,018,000,000,000,000,000,038,029,000,000,000,000,000,000,000,000,000,032,000,000,000,000,000,000,000,000,020,000,000,000,000,000,000,000,000,005,000,000,000,000,000,000,000,000,000,000,000,000,000,004,000,000,000,000,000,000,037,037,000,000,000,000,000,000,035,000,000,012,000,000,000,000,000,000,000,000,000,022,000,000,000,000,000,000,000,000,028,028,028,031,000,000,000,000,000,000,000,000,000,000,000,000,000,000,000,000,000,000,000,000,000,000,000,000,000,000,000,013,000,000,000,000,000,000,000,001,000,000,000,000,002,000,016,000,000,000,000,021,000,000,000,033,024,000,000,000,000,000,000,000,000,000,000,000,000,000,000,000,009,000,000,000,000,000,000,000,000,000,000,000,007,000,000,000,000,000,000,000,010,000,000,000,036,000,000,000,000,000,000,000,000,011,011,000,000,000,000,000,000,000,000,000,034,019,000,000,000,006,000,000,009,000,027,008,008,000,000,000,000,000,000,000,000,017,017,017,016,000,000,000,000,000,000,000,000,000,000,000,000,000,000,000,000,000,015,000,007,026,000,030,000,000,000,000,000,000,000,000,006,000,000,000,000,000,000,011,011,000,000,
0138: 000,000,000,000,000,000,000,000,000,000,000,000,000,000,037,037,000,000,000,000,000,000,000,000,000,000,000,000,034,000,000,009,000,000,000,002,000,000,000,003,000,000,000,000,000,030,000,000,000,033,000,000,031,000,000,017,017,017,000,009,000,036,000,000,000,000,000,000,000,019,000,000,000,000,000,000,000,000,000,000,011,011,000,000,000,000,000,000,000,000,000,000,000,000,000,000,013,000,011,011,000,000,000,027,000,000,000,000,000,000,000,000,000,000,000,000,000,000,000,025,000,000,018,000,000,000,000,000,000,000,000,000,000,000,000,000,000,000,000,000,000,000,000,000,000,000,000,000,016,000,000,000,005,000,008,008,000,000,000,000,000,020,000,000,000,000,000,000,004,029,000,000,000,000,000,000,000,000,000,000,000,000,000,000,000,000,000,000,000,000,000,023,000,012,000,000,000,000,000,010,000,000,000,016,000,000,003,000,000,000,000,001,000,000,000,000,006,000,000,005,000,000,000,000,000,000,000,000,000,000,000,000,000,000,000,000,000,000,000,000,000,000,000,000,000,000,000,000,000,000,000,000,000,000,000,000,000,000,001,038,000,000,000,000,000,000,000,021,000,000,000,000,000,000,000,000,000,000,000,000,014,000,032,000,000,000,000,000,026,000,000,000,010,000,000,000,000,000,000,000,000,000,000,000,000,000,022,000,007,000,000,000,000,000,035,000,000,000,024,000,000,000,000,000,000,000,000,000,000,000,006,000,000,000,000,000,000,028,028,028,000,000,000,000,000,000,000,000,015,000,000,000,000,000,007,000,000,000,000,000,
0136: 000,000,000,000,000,000,000,000,000,000,001,000,000,000,000,000,000,000,000,000,000,000,000,000,000,000,000,000,000,000,000,000,000,000,000,000,007,000,000,000,000,000,000,000,000,000,000,000,000,000,000,000,000,000,005,000,000,023,000,000,000,000,000,000,000,000,000,000,000,000,000,000,024,019,000,001,035,000,000,000,000,000,000,000,000,000,011,011,000,000,000,000,000,000,000,000,000,013,000,000,000,000,000,000,000,000,000,000,000,003,000,000,000,000,000,006,000,000,000,000,000,000,000,000,000,000,000,033,000,000,000,000,000,026,000,000,000,000,000,000,000,000,000,000,000,000,000,000,000,003,000,000,000,034,000,000,011,011,028,028,028,000,030,000,000,000,000,000,000,000,009,000,000,000,000,037,037,000,000,000,000,000,000,018,008,008,000,036,000,000,000,032,000,000,000,000,000,000,000,000,000,000,010,000,000,000,000,000,000,000,000,000,000,000,000,020,000,000,000,000,000,000,000,000,000,000,000,000,000,000,000,002,000,000,000,000,000,000,000,000,000,000,000,000,000,000,000,000,000,010,000,000,021,005,000,000,000,000,031,029,000,000,000,012,000,000,000,000,000,007,000,000,000,000,000,000,000,000,000,000,000,000,000,027,000,000,000,000,000,017,017,017,000,000,000,000,000,000,000,000,000,000,038,000,000,000,000,000,000,014,000,000,000,000,000,000,025,000,016,009,000,000,000,000,000,000,015,000,000,000,022,000,000,000,000,004,000,006,000,016,000,000,000,000,000,000,000,000,000,000,000,000,000,000,000,000,000,000,000,000,
0132: 000,000,000,000,000,000,015,000,000,000,000,000,000,000,000,000,000,000,000,000,000,000,000,000,000,000,000,000,000,025,000,008,008,000,000,000,000,000,007,000,000,000,000,000,000,016,000,004,028,028,028,000,016,000,000,017,017,017,000,000,000,000,000,000,000,000,031,000,000,000,000,000,000,000,000,000,037,037,000,000,005,000,000,014,000,000,000,000,000,000,000,000,000,000,000,000,000,000,000,029,000,000,000,000,000,000,000,000,000,000,027,000,000,000,000,000,000,000,000,000,000,000,000,000,000,000,024,000,000,000,000,000,000,000,000,000,009,000,000,001,000,034,000,000,000,036,000,000,000,000,000,000,000,000,000,000,000,000,000,000,000,000,000,035,000,000,000,000,000,022,000,000,000,000,000,011,011,000,000,000,000,001,000,000,000,000,000,018,000,000,000,000,000,000,000,000,000,023,000,000,000,000,000,000,000,000,000,002,038,000,000,000,000,000,000,003,000,000,000,000,032,033,000,000,000,000,000,000,000,000,000,000,000,000,000,000,000,000,010,000,000,000,000,000,000,000,011,011,000,006,000,000,000,000,000,009,000,000,000,000,000,000,021,000,000,000,000,000,000,000,000,013,000,000,000,000,000,005,000,000,000,000,026,000,000,000,010,000,006,000,000,000,000,000,000,012,000,000,000,000,020,000,000,000,000,000,000,000,000,000,000,000,000,000,019,000,000,000,000,000,000,000,000,000,000,000,000,000,000,000,000,007,000,000,000,000,000,000,000,000,000,003,000,000,000,000,000,000,030,000,000,000,000,000,000,000,000,000,000,000,
0124: 000,000,013,000,000,000,000,000,000,000,000,000,000,000,000,000,000,000,000,000,010,000,000,000,000,000,000,000,015,000,000,000,000,000,000,000,000,000,000,000,000,020,000,000,000,000,000,000,000,038,000,000,000,000,000,000,000,000,019,000,000,000,029,000,011,011,000,003,000,000,000,000,000,000,002,000,000,000,000,000,000,000,000,000,000,000,000,033,000,000,000,000,000,000,000,000,006,000,000,000,000,000,030,000,000,000,000,000,000,000,000,000,000,000,000,000,000,000,018,000,000,000,000,000,009,000,000,000,000,000,000,000,006,000,000,000,000,000,000,016,000,000,000,000,000,000,000,000,000,000,000,000,000,000,007,000,000,000,000,000,000,000,000,000,000,000,000,034,007,000,000,000,000,000,000,000,000,000,000,000,000,000,000,000,011,011,025,000,003,000,022,000,012,000,000,000,000,000,000,000,000,028,028,028,000,000,009,000,000,000,000,000,000,000,000,000,005,000,000,000,000,000,000,000,000,000,000,000,000,000,000,001,016,000,000,000,000,000,000,000,000,036,000,000,000,000,000,000,000,000,000,000,000,000,000,000,000,000,000,000,000,023,000,000,032,017,017,017,000,000,000,004,000,000,000,000,000,000,000,000,000,000,000,037,037,000,000,000,000,000,000,000,000,000,008,008,031,000,000,000,005,000,000,000,000,000,000,021,000,000,000,000,000,000,000,000,000,026,000,000,000,000,000,001,000,000,000,000,000,000,000,024,000,000,000,000,035,000,014,000,000,010,000,000,000,000,000,000,000,027,000,000,000,000,000,000,000,000,000,000,
0116: 000,000,000,000,000,000,000,000,000,000,000,000,000,036,037,037,000,000,000,000,000,000,000,000,000,000,000,000,000,000,000,000,000,000,000,000,000,000,000,000,000,000,000,000,000,022,007,035,000,034,000,000,000,000,000,000,000,000,000,000,000,000,000,000,000,000,000,000,000,000,000,000,000,000,000,000,000,000,032,000,000,000,000,000,000,030,000,013,000,000,000,001,000,000,003,000,000,000,000,000,000,000,000,000,000,000,000,000,000,000,000,000,016,000,000,000,000,003,000,000,000,000,000,000,000,000,000,000,028,028,028,000,000,015,000,000,000,000,009,000,000,000,000,000,000,021,000,000,010,000,000,000,000,000,008,008,009,000,000,000,000,000,000,000,000,000,000,000,000,000,029,000,000,000,000,000,000,000,000,000,000,000,000,000,000,000,000,000,000,000,000,000,007,000,012,000,025,000,000,001,000,000,000,000,005,000,000,000,000,024,000,000,000,000,000,000,000,000,000,000,000,000,000,000,000,000,000,000,000,000,000,000,005,000,000,000,000,000,000,000,000,000,000,000,002,000,000,000,000,000,000,018,000,010,000,011,011,000,006,014,000,000,000,000,000,000,000,020,000,000,000,000,000,000,000,000,000,026,000,000,000,000,000,000,000,000,000,000,000,000,019,000,000,000,000,006,000,000,000,000,000,000,038,000,011,011,000,000,000,031,000,000,000,000,000,000,004,000,016,000,000,000,000,000,000,000,000,027,000,000,017,017,017,000,000,000,000,000,000,000,000,000,000,033,000,000,000,000,023,000,000,000,000,000,000,000,000,000,000,000,
0114: 019,000,000,000,000,000,000,000,011,011,000,000,000,000,000,000,000,038,000,000,000,000,000,000,000,000,000,000,000,035,000,000,000,000,000,000,000,000,000,000,031,000,000,000,000,000,000,000,000,000,000,007,000,000,000,000,000,000,000,033,000,000,000,000,000,000,000,000,000,000,000,000,000,000,014,000,000,000,000,024,000,000,000,000,032,000,000,000,002,000,000,000,000,000,000,000,000,000,013,016,015,000,000,000,000,010,000,000,000,000,000,000,026,000,000,000,000,000,000,000,000,000,000,000,000,000,037,037,000,000,023,000,000,017,017,017,000,000,000,000,000,000,000,000,000,000,000,009,000,000,000,000,000,000,000,000,000,020,000,016,000,000,006,000,000,000,000,000,000,000,000,000,003,001,000,000,000,000,000,000,000,000,000,036,000,000,000,010,000,027,000,000,000,000,000,000,000,000,000,000,000,000,000,000,000,000,000,000,000,000,000,009,000,000,007,000,000,005,000,000,000,000,000,000,000,000,004,000,000,000,000,022,000,000,000,000,000,000,000,000,001,000,000,000,000,000,006,005,000,000,000,000,011,011,000,000,000,000,000,030,000,000,000,000,000,000,000,000,000,000,000,000,000,000,000,000,000,000,000,000,000,000,000,003,000,000,000,000,000,018,000,000,000,000,000,000,028,028,028,000,000,000,000,000,000,000,000,000,000,000,000,000,000,000,000,000,000,000,000,000,000,000,000,000,025,000,000,000,034,000,000,000,000,000,000,000,000,000,000,000,000,000,029,000,000,000,000,021,000,008,008,012,000,000,000,000,000,000,000,000,
0110: 000,000,000,000,000,000,000,000,000,000,000,015,000,000,000,025,000,000,000,000,000,000,000,000,000,000,002,000,000,000,000,000,000,000,024,000,000,000,008,008,000,000,000,026,000,000,000,000,000,000,030,000,000,000,000,000,000,000,000,000,000,000,000,000,000,000,000,000,000,000,000,000,000,000,037,037,014,000,000,000,000,000,000,000,000,000,000,000,000,000,011,011,000,000,000,000,000,007,000,000,000,000,000,000,000,000,000,000,003,023,000,009,000,000,016,000,000,000,000,000,000,000,000,000,000,004,000,000,000,000,000,000,010,000,000,000,038,000,000,000,000,000,000,000,000,000,000,000,000,000,021,000,000,032,000,000,000,000,000,000,000,000,000,000,000,000,018,000,031,036,000,033,000,000,012,000,006,000,000,000,000,000,016,000,000,000,000,028,028,028,000,000,000,017,017,017,035,000,000,000,000,029,000,000,000,000,000,000,000,000,000,000,013,000,000,001,000,000,000,000,000,000,000,010,000,000,000,000,000,000,000,000,000,000,000,000,000,005,000,000,000,000,000,000,019,000,000,009,000,000,000,000,000,000,000,000,000,000,000,000,000,000,000,000,000,000,000,000,000,000,011,011,000,000,000,000,000,000,000,000,000,000,000,000,000,000,000,000,000,000,000,000,000,000,000,000,000,000,000,001,000,000,034,000,000,000,027,000,000,000,000,000,000,000,000,000,000,000,000,000,000,000,000,006,000,000,000,000,000,003,000,000,000,000,000,000,000,000,000,000,000,020,000,000,000,005,000,000,000,000,000,000,000,007,022,000,000,000,000,000,
0108: 000,000,000,000,000,000,000,000,007,000,011,011,035,000,017,017,017,000,000,000,000,000,000,000,012,000,003,000,000,016,000,000,036,000,000,000,031,000,000,000,000,000,000,006,000,000,000,000,000,000,000,000,000,000,000,000,000,000,000,000,000,000,000,000,000,010,000,000,002,000,016,000,000,000,000,000,000,000,000,000,000,000,000,000,000,000,000,000,000,021,000,000,001,027,000,000,000,000,007,000,000,000,000,000,000,000,000,000,000,000,000,000,000,000,000,000,000,000,000,000,000,000,000,000,000,000,000,000,000,000,000,001,000,000,028,028,028,000,000,020,010,000,000,005,000,000,000,000,000,000,000,000,000,000,000,000,000,000,000,000,000,000,000,000,000,000,000,000,000,000,038,000,033,000,000,000,000,000,000,000,000,000,000,023,000,000,032,000,000,000,000,000,000,000,000,000,000,000,000,000,000,000,000,000,000,000,000,000,037,037,000,000,000,019,004,000,000,000,000,000,000,000,000,000,000,000,000,000,000,000,000,000,008,008,000,000,000,000,000,000,013,000,000,000,000,000,000,000,000,000,000,000,000,000,000,000,000,000,000,000,000,000,000,000,011,011,000,018,000,000,000,000,000,000,000,000,000,000,000,000,024,000,025,000,000,000,000,034,000,000,000,000,000,000,000,000,000,000,000,000,000,000,000,006,022,000,000,000,000,000,005,000,000,000,000,000,000,000,000,000,000,000,000,000,000,000,000,000,014,000,000,000,026,000,000,000,000,000,000,009,030,000,000,000,000,000,015,000,003,000,000,000,029,000,000,009,000,000,000,000,
0108: 000,000,000,000,000,000,000,000,000,000,000,000,000,000,000,000,011,011,000,000,000,000,000,000,000,000,033,000,000,000,000,000,000,000,000,000,000,002,000,000,000,000,019,009,000,000,007,000,000,000,026,000,000,000,000,000,000,000,000,000,000,020,000,000,023,000,000,000,000,000,000,000,028,028,028,000,000,000,000,000,000,000,037,037,000,000,000,000,000,000,000,000,000,000,007,000,000,000,000,000,000,010,000,032,000,000,000,000,000,000,013,000,000,000,000,000,000,000,015,000,000,000,000,000,000,000,000,000,000,000,000,000,000,000,000,000,000,000,000,001,000,000,000,000,000,000,000,000,000,000,000,000,000,000,000,000,004,000,000,000,000,000,000,000,000,000,000,022,003,000,000,000,038,000,000,000,000,034,000,000,000,000,000,005,000,000,008,008,000,000,000,000,000,000,000,000,000,000,000,010,000,000,000,000,000,000,000,000,018,000,017,017,017,000,011,011,000,000,000,000,000,000,000,000,000,012,000,000,016,000,000,000,000,000,025,000,000,000,000,000,000,000,000,000,000,029,000,000,000,000,000,001,000,000,000,000,021,000,000,000,000,000,000,000,000,000,000,000,000,000,000,006,000,000,035,000,030,000,000,000,000,000,000,006,000,000,000,000,000,000,000,000,000,000,000,000,000,000,000,000,000,000,000,031,000,000,014,000,000,000,000,000,000,000,000,000,003,000,000,000,024,000,000,000,000,000,000,009,016,000,027,000,000,000,036,000,000,000,000,000,000,000,000,000,000,000,000,000,000,005,000,000,000,000,000,000,000,000,000,000,
0106: 000,000,000,000,011,011,000,000,000,000,000,000,000,015,000,000,000,000,007,000,000,000,000,000,000,005,017,017,017,000,019,000,000,000,000,000,032,000,000,000,000,000,000,000,000,009,035,000,000,000,000,031,000,000,000,000,000,000,000,000,034,000,000,001,000,000,000,000,000,000,016,000,000,000,014,000,000,003,000,000,000,000,000,000,025,009,000,000,000,000,013,000,000,000,000,000,000,000,000,000,011,011,006,000,000,000,000,000,000,000,000,000,000,000,000,000,000,000,000,000,000,000,000,000,000,022,000,020,000,000,000,000,000,000,000,001,000,000,000,021,000,000,000,000,000,000,000,000,000,000,000,000,000,023,004,000,000,000,000,000,000,000,000,000,000,000,000,000,000,000,000,000,000,000,000,000,000,000,000,000,000,003,000,000,000,000,000,000,000,000,000,000,000,000,000,000,000,010,000,000,027,000,000,000,000,000,000,000,000,000,000,006,000,000,038,000,000,000,000,000,026,000,000,000,000,000,000,000,000,000,000,000,000,018,008,008,000,010,000,000,000,000,000,000,000,000,000,000,000,000,000,000,000,000,000,000,000,000,000,000,000,000,000,000,000,000,000,000,000,000,037,037,000,000,000,000,000,024,000,000,000,000,000,000,000,000,000,000,000,000,000,000,000,002,000,000,000,029,000,000,000,000,000,016,000,000,036,005,000,000,000,000,000,000,000,000,000,000,000,007,000,000,000,000,000,000,028,028,028,000,000,000,012,000,000,000,000,000,033,000,000,000,000,000,000,000,000,000,000,000,000,030,000,000,000,000,000,000,000,000,
0106: 000,000,002,000,000,007,000,000,000,000,000,000,000,000,008,008,000,000,003,000,000,000,000,021,000,000,000,000,000,000,000,000,000,000,000,000,000,028,028,028,000,000,000,000,000,000,009,000,016,000,000,000,000,000,000,000,027,030,000,000,000,000,000,000,000,000,000,011,011,034,000,000,000,000,011,011,000,000,000,000,000,000,000,000,000,012,006,000,000,000,000,000,001,000,000,000,000,000,000,000,000,000,000,000,004,000,000,010,000,000,000,000,018,000,000,000,000,000,000,000,000,000,000,000,000,000,000,025,000,000,000,000,000,033,037,037,000,000,000,000,000,000,000,003,000,000,017,017,017,000,000,000,000,014,000,000,000,015,000,000,000,000,000,000,000,005,000,000,036,000,031,000,000,000,000,000,000,000,000,000,000,000,000,000,000,000,000,000,019,000,000,000,000,009,000,001,000,000,000,000,000,000,000,000,000,000,000,020,000,000,000,000,000,035,000,000,000,000,000,000,032,000,000,038,000,000,000,000,026,000,000,000,000,000,000,000,000,006,000,000,000,000,000,000,000,000,000,000,000,000,000,000,000,000,000,000,023,000,000,000,000,000,000,000,000,007,000,000,000,000,000,000,000,000,000,000,000,013,000,000,000,000,000,000,000,000,000,000,000,000,000,000,000,000,000,000,000,000,000,000,000,000,000,000,000,000,000,000,000,000,000,000,000,000,000,000,000,000,000,000,000,000,029,000,000,000,000,000,000,000,000,022,000,000,000,000,000,000,024,000,000,000,000,000,000,000,000,000,010,000,000,005,016,000,000,000,000,000,000,000,
0102: 000,032,000,019,000,000,000,000,000,000,000,000,000,000,000,000,000,000,000,000,000,000,000,000,000,009,000,000,000,000,000,000,000,000,000,000,000,000,000,000,000,000,000,000,000,000,000,000,000,002,020,000,000,000,000,021,000,027,000,000,010,000,000,011,011,000,000,000,000,000,000,000,000,000,000,036,000,000,000,012,000,000,034,000,000,006,000,000,000,000,000,000,000,024,000,000,013,000,000,000,001,000,000,000,000,000,000,004,028,028,028,000,000,000,000,000,000,017,017,017,000,000,000,000,000,000,000,000,000,000,000,000,030,000,000,000,000,016,000,000,000,000,000,000,000,000,000,018,000,000,000,000,000,000,000,000,000,011,011,000,000,000,000,000,000,000,000,038,000,037,037,000,000,000,000,005,000,000,000,000,000,000,000,000,000,000,000,000,000,025,000,000,000,010,000,000,000,000,000,000,000,000,000,000,000,000,000,000,000,000,000,000,000,000,000,000,000,029,000,000,000,000,009,000,000,000,000,033,000,000,000,000,023,000,000,000,000,000,000,000,016,000,000,000,000,000,000,000,000,000,000,000,000,000,000,000,000,000,000,000,000,005,000,000,000,000,000,000,000,000,000,000,000,000,000,000,000,000,000,000,000,000,022,000,000,026,000,003,000,000,000,008,008,000,000,000,000,000,000,000,000,000,001,000,000,000,000,000,000,000,000,000,006,000,000,000,000,000,000,000,003,000,000,000,015,000,000,000,000,000,000,000,007,000,000,031,000,000,000,000,000,000,000,000,000,014,000,000,000,000,000,000,035,000,000,000,000,000,007,000,
0096: 000,000,020,000,000,000,024,000,008,008,000,000,000,000,000,000,000,000,000,022,029,012,000,006,000,000,000,003,000,000,000,000,000,000,006,000,000,000,000,000,000,000,000,000,037,037,000,000,000,000,000,000,000,000,000,000,000,000,000,000,000,000,026,025,000,000,000,000,000,000,000,000,036,000,000,000,000,000,000,000,021,000,000,000,000,000,030,000,000,000,000,011,011,000,000,000,010,000,000,010,000,009,000,000,000,000,000,000,000,000,016,000,000,000,000,000,000,000,005,000,000,028,028,028,000,000,000,000,000,000,000,000,000,003,000,000,000,000,000,015,000,000,032,004,000,000,000,000,000,000,000,000,000,000,000,013,000,000,000,000,000,000,000,000,000,033,000,000,000,000,000,009,000,019,000,000,000,000,000,000,000,000,007,000,000,000,000,000,000,000,000,000,038,000,000,000,000,000,014,000,000,000,000,000,002,031,000,000,000,000,000,000,000,000,000,000,000,000,000,001,000,023,000,000,000,001,007,000,000,000,000,000,000,000,018,000,000,000,000,000,000,000,000,000,000,000,000,000,000,000,000,000,000,000,000,000,000,000,000,000,000,000,000,000,000,000,000,000,000,000,000,000,000,000,000,000,000,000,000,000,000,000,000,000,000,000,000,000,000,000,000,000,000,000,000,000,000,000,000,000,000,000,000,016,000,000,000,000,000,000,035,000,000,000,000,000,000,000,000,000,000,000,000,000,017,017,017,000,000,000,000,000,000,000,000,000,000,000,011,011,000,000,000,027,000,000,000,000,000,000,000,034,000,000,000,000,000,000,005,000,
0096: 000,000,004,000,000,000,000,000,000,000,000,000,000,000,000,000,000,000,000,000,000,000,000,000,028,028,028,000,000,000,000,000,000,000,000,000,000,000,012,000,000,000,000,011,011,000,000,000,006,000,000,005,000,000,000,000,000,000,000,000,000,000,000,010,000,000,000,000,000,000,000,000,000,000,000,000,009,000,000,021,000,000,000,000,000,000,000,000,000,000,020,000,000,000,000,000,000,000,000,000,000,035,008,008,000,000,000,000,000,034,000,000,000,000,000,000,000,001,000,027,011,011,000,000,000,000,000,000,000,000,003,000,000,000,000,000,000,000,017,017,017,016,000,005,000,000,001,000,036,000,000,000,000,000,000,000,000,037,037,000,023,007,000,000,000,000,000,000,000,000,000,000,000,032,000,000,000,000,000,000,000,000,000,000,000,000,000,000,000,000,007,000,000,000,000,000,000,000,000,000,000,000,000,000,000,000,000,000,000,013,026,014,000,000,000,022,000,031,000,000,019,015,000,000,000,000,000,000,000,000,000,000,000,000,000,016,000,000,000,000,000,000,000,025,000,000,000,000,000,000,000,000,000,000,000,000,000,000,000,002,000,000,000,000,000,000,000,000,000,003,000,000,000,000,000,000,000,000,000,000,000,000,030,000,000,000,000,000,000,000,000,000,038,000,000,000,000,010,000,033,000,000,000,000,000,018,000,000,000,000,000,000,000,000,000,000,000,000,000,000,000,009,000,000,000,006,000,000,000,000,000,000,024,000,000,000,000,000,000,000,000,000,029,000,000,000,000,000,000,000,000,000,000,000,000,000,000,000,000,000,
0094: 000,000,019,000,000,000,000,000,001,000,000,000,000,000,000,000,000,000,000,000,000,016,009,000,000,000,000,000,000,005,018,000,000,000,000,000,000,011,011,000,026,000,000,000,000,000,000,009,000,000,000,000,000,000,000,000,010,014,000,000,000,028,028,028,000,000,000,000,000,000,000,000,003,000,000,000,016,000,000,000,000,000,000,000,000,027,023,000,000,000,000,000,000,022,000,000,000,000,000,000,000,000,000,015,000,000,012,000,000,032,000,030,000,000,000,000,000,000,000,000,000,000,000,000,000,000,000,000,000,000,000,000,000,000,025,000,000,000,000,000,000,000,036,000,000,000,000,021,000,000,000,020,000,000,006,000,038,000,000,000,000,000,000,000,000,000,000,000,029,000,000,000,000,000,000,000,000,024,000,035,000,000,000,010,000,000,000,000,001,000,000,000,000,000,000,000,000,000,000,000,000,000,000,000,000,000,000,000,000,000,000,005,000,000,000,000,000,000,000,000,000,000,000,000,000,008,008,000,011,011,000,000,000,000,000,000,000,000,000,000,000,000,000,000,000,031,000,000,000,007,000,000,000,000,000,000,000,000,000,000,000,000,004,000,007,000,000,000,000,000,000,000,000,000,000,000,000,000,000,000,000,000,000,000,000,000,000,000,000,000,003,000,000,000,000,000,000,000,000,000,000,000,033,000,000,000,000,000,000,000,000,000,000,000,000,000,000,000,000,000,000,000,000,000,000,000,000,000,000,000,000,037,037,000,000,000,000,000,000,000,000,000,000,000,017,017,017,000,000,000,000,013,000,002,006,000,034,000,000,000,
0092: 000,000,000,000,000,000,000,031,000,000,002,000,000,000,017,017,017,000,000,000,000,000,000,000,000,000,000,004,000,000,037,037,038,000,007,000,009,000,000,000,000,000,000,000,000,000,000,000,000,000,000,000,000,000,000,003,022,000,000,000,000,000,000,000,000,000,000,000,000,008,008,000,000,000,000,005,000,000,000,000,012,000,000,000,000,000,000,000,000,000,000,000,000,000,000,000,000,000,000,000,000,000,000,000,000,025,030,000,000,000,016,015,000,000,000,000,000,000,027,010,000,000,000,000,000,000,000,010,000,000,000,000,000,000,000,000,000,023,000,000,000,001,000,000,000,000,000,000,000,000,000,000,035,000,000,000,000,000,000,000,000,000,000,000,000,000,000,000,000,000,000,000,000,000,000,000,000,000,000,000,021,000,000,000,000,000,000,000,003,000,000,000,000,000,000,000,000,000,000,000,000,000,000,000,000,016,014,000,000,000,000,013,000,000,000,000,000,000,000,000,000,000,000,011,011,000,000,000,000,000,000,000,000,000,000,000,000,020,000,029,000,000,000,000,000,034,005,011,011,000,000,000,000,000,000,000,000,000,000,000,000,000,000,000,000,000,000,000,000,000,000,000,000,000,000,000,000,000,000,006,000,000,000,000,000,000,000,000,000,000,001,000,000,000,019,000,000,000,000,000,000,000,000,006,000,000,018,000,000,000,000,026,000,000,000,000,000,000,000,000,009,000,033,000,000,000,000,024,007,000,000,000,000,000,000,000,028,028,028,000,000,000,000,000,000,000,036,000,000,000,000,000,032,000,000,000,000,000,000,000,
0092: 028,028,028,000,000,000,000,000,000,000,000,035,000,000,005,000,022,000,000,000,000,000,000,000,000,000,000,000,000,000,000,000,000,000,000,000,000,000,000,000,000,003,000,000,000,000,000,000,011,011,000,000,000,000,000,000,000,033,000,000,000,000,000,012,000,000,000,000,000,000,000,000,000,000,000,000,000,000,000,000,000,000,000,000,003,000,000,000,000,000,000,000,000,000,000,000,000,000,000,000,000,000,000,009,000,031,000,000,000,000,000,000,000,000,000,000,000,008,008,000,000,000,000,000,000,000,020,000,000,000,000,000,000,000,000,000,000,013,016,000,000,000,006,000,034,018,000,000,000,000,000,000,000,000,000,000,000,000,010,000,000,000,021,000,005,000,000,000,000,000,000,000,000,000,000,000,000,000,000,000,017,017,017,000,000,007,000,000,000,000,000,000,000,000,000,000,000,000,000,000,000,000,000,000,000,000,016,000,000,000,000,000,000,000,000,000,000,000,000,000,006,000,000,011,011,000,000,000,000,000,000,000,000,004,001,000,000,000,000,030,000,000,000,000,000,000,000,000,000,000,000,038,000,000,000,000,032,014,000,002,000,000,000,000,000,000,000,000,000,000,024,009,000,000,015,000,000,000,000,000,000,000,000,000,000,000,000,000,000,000,000,000,019,000,000,000,000,000,001,000,000,000,026,000,000,000,000,000,000,000,000,000,000,000,029,000,000,000,000,000,000,000,036,000,000,000,025,000,000,000,000,000,000,000,000,000,000,027,007,000,000,000,000,000,000,010,000,000,000,000,000,023,037,037,000,000,000,000,000,000,
0090: 000,000,010,000,000,000,000,030,000,000,000,013,000,000,000,020,000,000,001,000,000,000,000,016,000,000,009,000,000,000,000,000,000,000,008,008,000,000,000,000,000,000,000,000,000,014,000,000,000,000,000,000,000,000,034,000,000,000,000,000,000,028,028,028,000,000,000,000,000,000,000,000,000,000,000,003,000,000,000,019,022,000,000,000,000,000,000,000,000,000,000,000,000,004,000,000,000,000,000,000,000,006,000,000,000,000,000,000,000,000,000,000,000,000,000,000,000,000,000,000,000,000,000,005,000,000,000,012,015,000,032,000,000,000,000,000,000,026,000,000,000,000,000,000,000,011,011,000,000,000,000,000,000,000,000,000,000,010,000,000,000,000,000,000,000,000,000,000,000,000,000,000,036,000,002,000,000,000,000,000,000,000,000,000,000,000,000,000,029,000,000,000,000,000,000,000,000,000,000,000,003,033,000,000,011,011,000,001,000,000,000,000,000,009,000,000,000,000,000,000,000,000,000,017,017,017,000,000,000,000,000,000,000,000,000,000,000,000,000,000,000,000,000,000,000,000,000,000,000,000,038,000,000,035,000,000,000,000,000,000,000,000,000,000,000,000,000,000,000,021,000,000,000,000,000,000,000,000,000,000,000,023,000,027,000,000,000,000,000,031,007,000,000,000,000,025,000,000,000,000,018,000,000,000,000,005,000,037,037,000,000,000,000,000,000,000,000,016,000,000,000,000,000,000,000,000,000,000,000,000,000,000,006,000,000,007,000,000,000,000,000,000,000,000,024,000,000,000,000,000,000,000,000,000,000,000,000,000,000,000,
0090: 000,000,000,000,000,000,000,000,000,000,000,000,028,028,028,000,000,000,000,000,000,000,000,006,000,000,000,000,000,016,000,000,000,000,000,000,000,000,000,000,000,000,000,037,037,007,000,000,000,000,000,000,000,000,000,005,031,000,000,000,000,000,000,000,000,000,000,000,000,000,000,000,000,000,000,000,020,000,000,000,000,003,000,000,000,000,009,000,000,000,000,000,000,000,000,000,000,000,000,021,000,000,000,000,000,000,000,000,000,002,000,000,000,000,000,000,000,000,000,000,000,000,000,015,000,000,000,000,000,000,000,000,000,000,000,000,000,000,000,000,024,000,000,000,000,000,000,000,000,000,013,000,000,016,019,000,000,000,000,000,000,000,000,000,000,000,000,000,000,000,000,000,000,000,029,000,000,000,000,000,000,000,000,000,000,000,000,000,000,000,000,000,000,000,000,011,011,000,000,000,000,000,000,000,000,000,000,000,000,000,000,000,000,000,000,000,000,000,000,000,001,000,000,000,000,000,000,000,000,000,000,010,000,000,009,000,000,000,000,000,023,000,000,000,000,000,008,008,000,000,000,022,000,007,000,000,000,000,033,000,000,000,000,000,000,000,000,000,000,000,000,000,000,000,000,000,026,000,000,000,000,012,000,000,000,000,030,000,000,025,000,000,000,004,000,018,000,000,032,000,000,000,000,000,000,000,035,000,036,000,034,000,000,000,000,000,001,000,000,000,000,000,000,000,000,027,000,005,014,000,000,000,000,000,000,000,000,000,010,000,000,003,006,000,038,000,011,011,000,000,017,017,017,000,000,000,000,000,000,000,
0086: 000,000,000,010,000,000,000,000,000,023,000,000,000,000,000,000,000,000,035,019,000,000,013,000,016,000,000,000,000,000,000,000,000,026,000,024,000,000,000,000,000,020,000,000,000,000,000,000,000,000,000,000,000,000,000,000,000,000,025,000,000,000,000,000,000,000,014,000,000,000,000,000,002,000,000,000,000,000,000,000,000,000,003,000,000,000,000,000,000,000,000,000,000,000,000,000,000,000,000,033,000,000,000,000,000,000,000,000,000,000,000,000,000,000,000,008,008,000,000,000,000,000,000,000,000,000,000,000,000,000,000,000,000,021,006,000,001,000,000,000,000,000,000,000,000,000,000,000,000,000,000,000,000,000,000,000,000,000,000,010,000,000,000,000,022,000,000,000,000,000,032,000,000,000,000,000,000,000,004,000,000,000,011,011,000,000,000,000,000,000,000,007,000,000,000,000,037,037,000,000,000,029,000,000,017,017,017,000,000,005,000,000,000,000,000,000,000,000,000,000,000,000,000,000,000,000,000,000,000,000,000,000,000,000,000,000,000,000,000,000,000,000,000,000,000,000,000,000,000,000,000,000,000,028,028,028,000,034,000,000,000,000,000,000,030,000,000,000,000,000,005,000,000,000,000,018,000,000,000,000,000,000,000,000,000,038,000,006,000,000,031,000,027,000,000,000,016,000,000,000,000,000,015,000,000,000,000,003,000,000,000,000,000,012,001,000,000,009,000,000,000,000,000,000,000,000,000,000,000,000,000,000,000,000,000,000,000,000,000,000,000,000,000,011,011,000,000,000,000,000,000,000,000,000,007,009,036,000,000,000,
0084: 000,000,000,000,026,000,032,000,000,017,017,017,000,000,000,000,000,000,021,000,000,000,000,000,000,024,000,000,000,000,000,000,027,000,000,000,000,000,000,000,000,000,000,000,000,000,000,000,000,018,000,000,000,000,000,000,000,000,000,000,000,000,000,000,000,000,000,000,000,000,000,035,000,000,010,000,000,000,000,000,000,000,000,000,000,000,000,000,000,000,000,000,000,000,036,000,012,000,000,005,000,000,000,000,000,000,000,020,000,000,000,000,000,000,000,000,000,023,000,006,028,028,028,000,000,000,000,000,000,000,000,000,007,000,003,000,000,000,000,000,000,000,003,000,000,000,000,000,013,000,037,037,000,000,008,008,000,011,011,025,000,000,000,000,000,000,000,000,000,000,000,000,000,000,000,000,000,014,000,000,000,031,000,000,000,038,000,000,000,000,000,000,000,000,000,000,000,000,000,000,000,000,000,000,000,000,000,000,000,000,007,000,000,000,000,000,000,000,000,000,000,000,000,001,000,000,034,000,000,000,000,000,000,000,016,000,000,000,015,000,000,000,000,000,000,000,000,000,000,000,000,000,000,000,000,000,000,010,000,000,000,000,000,000,005,000,000,000,000,000,000,000,000,000,000,000,000,000,000,009,000,000,000,009,000,000,000,000,000,000,000,000,000,000,000,000,000,019,000,000,000,000,000,016,000,000,000,000,000,000,000,000,000,000,000,000,000,000,000,000,000,000,000,000,000,004,000,000,022,000,000,000,000,033,000,000,000,011,011,030,000,000,000,000,000,029,006,000,000,000,000,002,000,000,001,000,000,000,000,000,
0084: 000,000,000,000,000,000,000,000,000,000,000,000,000,000,000,000,000,000,000,000,030,000,005,000,000,000,000,037,037,000,000,000,000,000,000,000,000,000,000,000,000,000,000,000,007,000,000,000,000,013,000,000,000,000,000,000,000,032,000,000,000,000,000,000,000,005,024,000,025,000,000,000,000,000,000,000,000,000,000,000,000,000,000,000,000,004,000,000,000,000,000,000,000,000,000,000,000,000,000,000,000,000,000,000,000,000,000,000,000,000,000,000,000,000,000,000,000,000,000,000,000,000,000,031,000,000,014,000,000,000,003,000,000,007,000,000,000,000,000,000,000,000,000,000,000,009,000,000,000,010,017,017,017,000,000,000,000,000,000,000,000,000,000,000,000,000,000,000,000,000,018,000,029,000,000,000,000,000,000,000,000,000,000,000,000,038,000,000,009,000,000,000,000,000,000,000,000,000,006,001,000,000,000,000,000,000,000,000,008,008,000,011,011,000,000,000,000,000,000,000,000,000,000,000,000,000,000,000,000,027,000,000,000,000,000,000,000,000,000,000,000,000,000,000,000,000,000,000,000,000,000,000,000,000,000,000,000,000,020,000,000,000,000,000,000,000,000,028,028,028,019,000,000,000,033,000,000,000,000,000,000,000,000,000,000,001,000,000,000,000,011,011,000,000,003,000,000,026,000,000,000,000,016,000,000,000,000,000,000,000,000,000,000,000,000,000,002,035,000,000,000,000,000,034,000,000,000,000,022,000,000,010,000,000,000,016,000,015,000,000,000,000,006,000,036,000,000,000,000,000,000,023,012,000,000,000,021,000,000,000,
0082: 000,000,000,000,000,000,000,000,000,000,004,000,000,000,028,028,028,000,000,000,000,006,000,000,000,000,010,033,030,000,000,000,029,000,011,011,000,000,000,000,025,000,002,000,000,000,000,000,000,000,000,000,000,000,000,000,000,000,031,000,000,000,000,000,000,000,000,000,000,000,000,000,000,000,018,000,000,000,000,000,000,020,000,000,000,000,000,012,000,000,011,011,000,000,000,000,000,000,000,000,000,000,000,034,000,000,000,000,000,000,000,000,021,000,000,000,000,019,000,000,000,000,000,000,000,000,016,000,000,000,000,000,000,000,000,009,000,000,000,005,000,000,000,000,000,003,000,000,000,000,000,000,000,000,000,000,000,000,000,000,007,000,000,000,000,000,000,000,001,000,032,000,000,000,000,000,000,000,000,000,000,000,000,000,000,000,000,000,000,000,000,000,000,000,000,000,000,000,000,000,000,000,022,005,000,000,000,000,000,000,000,016,000,000,000,000,003,000,000,000,000,027,000,000,000,000,000,000,000,000,000,000,000,024,000,000,000,000,000,000,000,000,000,000,000,000,000,000,000,000,000,000,000,037,037,023,000,000,000,000,000,000,000,000,026,036,000,000,000,000,000,000,000,000,000,000,000,000,000,000,000,000,000,000,000,010,000,000,000,000,000,000,000,000,000,000,000,000,000,000,000,009,000,017,017,017,035,000,000,000,001,006,008,008,000,000,000,000,000,013,000,000,000,000,000,038,000,000,000,000,000,000,000,000,000,000,000,000,000,000,000,000,000,000,000,000,000,000,007,000,000,000,014,000,000,000,000,000,015,000,
0076: 007,007,000,000,000,000,038,000,000,016,000,000,000,000,000,000,000,000,000,000,000,000,014,000,000,000,000,000,000,000,000,000,000,031,000,000,000,000,000,000,021,023,000,000,000,000,000,000,000,000,000,000,000,000,000,000,000,000,000,000,000,000,020,000,000,000,000,000,000,000,016,000,000,000,000,000,000,000,000,000,000,000,000,000,029,000,000,000,000,000,011,011,000,026,000,000,000,000,000,005,000,006,000,000,000,000,000,000,000,000,000,000,000,000,000,000,000,000,000,000,000,000,000,000,000,036,000,000,000,000,000,000,000,028,028,028,000,000,000,000,000,000,000,000,000,004,000,000,000,000,000,000,000,000,000,024,000,034,000,006,010,000,000,001,000,000,000,000,032,000,011,011,000,000,000,012,000,000,000,000,000,000,000,019,000,000,000,000,000,025,000,000,000,000,000,000,000,000,000,000,000,000,000,000,000,010,000,000,000,000,000,000,000,000,000,000,000,000,000,000,000,000,000,000,000,000,000,000,000,000,000,000,000,001,000,000,000,000,000,000,000,000,000,000,015,000,000,000,000,000,000,000,000,000,000,000,000,000,000,000,000,000,000,000,000,000,000,000,000,000,000,000,000,017,017,017,000,000,000,000,009,000,000,000,000,000,000,000,000,000,000,000,000,000,000,000,000,000,000,000,000,033,000,000,003,000,000,000,000,000,000,009,000,000,000,013,000,000,000,000,000,000,000,000,000,000,000,000,000,000,008,008,000,005,000,000,022,018,000,000,000,000,035,027,000,000,002,000,000,000,037,037,000,000,000,000,003,030,000,000,
0076: 000,000,000,000,000,000,000,000,000,000,037,037,035,000,030,000,025,000,000,000,000,000,003,000,000,000,000,000,000,036,000,000,000,000,000,003,000,000,000,000,000,000,000,000,000,000,000,000,000,000,000,000,009,000,000,000,000,028,028,028,000,000,000,000,000,000,000,000,000,000,000,000,000,000,000,000,000,005,000,000,022,000,000,000,000,000,000,000,000,000,000,016,000,000,000,000,010,023,000,000,000,000,001,000,026,019,000,020,000,000,000,000,000,000,000,000,000,000,000,000,000,007,000,000,000,000,000,000,008,008,000,000,029,000,000,000,000,000,000,032,000,000,000,001,000,000,000,000,000,000,000,000,000,000,000,000,000,000,000,000,000,000,007,000,000,000,000,000,000,000,000,000,000,000,000,027,000,000,000,000,012,017,017,017,000,015,000,000,000,000,000,002,000,000,000,021,000,000,000,000,000,000,000,000,011,011,000,000,000,000,000,000,000,000,000,000,000,000,000,014,000,000,000,000,000,000,000,000,000,000,000,011,011,000,000,000,000,000,000,000,000,000,000,000,000,000,000,000,000,000,000,033,000,000,000,000,000,000,000,000,000,000,000,000,000,000,000,000,000,000,000,000,000,000,000,000,000,000,000,000,000,000,000,000,000,000,000,000,000,000,000,000,000,000,000,024,000,000,000,000,000,000,010,000,000,018,009,000,006,000,000,000,006,000,000,013,000,000,000,005,000,000,000,000,000,000,038,000,000,000,000,034,000,000,016,000,000,000,000,000,000,000,000,000,000,000,000,000,000,000,000,004,000,000,000,031,000,000,000,000,
0066: 000,033,000,000,000,004,000,000,000,000,000,000,000,000,000,000,000,000,000,000,000,000,000,000,000,000,000,000,000,000,000,000,000,000,001,000,000,000,000,000,000,005,000,000,029,000,000,000,000,000,000,000,000,000,000,012,000,008,008,000,027,000,000,000,000,000,026,000,000,000,009,000,000,000,000,000,000,000,034,000,000,000,000,000,000,000,000,000,000,000,000,000,000,010,000,036,000,000,000,032,000,000,000,018,000,000,023,000,000,000,000,000,000,000,000,000,000,000,000,000,000,000,000,000,000,000,031,000,000,000,000,000,000,000,000,025,015,000,000,000,000,000,000,000,000,000,000,000,000,000,009,000,037,037,000,000,000,000,000,000,000,000,000,000,000,028,028,028,000,000,000,000,000,000,000,000,000,000,000,005,000,000,000,000,000,000,000,000,000,000,000,000,000,000,000,000,000,000,006,000,000,038,000,000,000,000,000,000,000,000,000,000,000,006,000,000,000,000,000,000,000,000,017,017,017,000,000,000,000,000,000,000,000,000,000,000,000,007,000,010,030,000,000,000,000,000,000,000,000,000,000,019,000,000,000,020,000,000,003,000,000,000,000,000,000,000,000,000,000,000,001,000,000,000,000,000,000,000,000,000,003,000,000,000,000,000,000,000,016,000,000,000,000,000,000,000,000,013,000,000,000,000,000,007,011,011,000,016,000,000,000,024,000,000,000,000,000,000,000,000,000,021,000,000,035,000,000,022,000,000,011,011,000,000,000,000,000,000,000,000,000,000,000,000,000,014,000,000,002,000,000,000,000,000,000,000,000,000,000,000,
0062: 005,000,000,000,000,000,000,000,000,000,000,000,000,000,000,000,000,000,000,022,000,004,000,027,000,000,011,011,008,008,000,000,000,000,000,000,000,009,000,000,000,016,037,037,007,000,000,024,000,000,000,000,000,000,000,000,000,000,000,000,000,000,000,000,000,000,000,000,003,000,000,000,000,000,000,011,011,000,000,029,016,000,000,000,000,000,000,000,000,000,000,000,000,000,012,000,000,000,000,000,000,000,000,000,000,000,000,000,010,000,000,000,000,000,000,000,000,000,000,000,000,000,000,000,000,000,000,000,000,000,005,038,000,000,000,002,000,000,000,000,000,000,000,000,000,000,000,000,000,000,000,000,000,000,000,000,000,000,017,017,017,000,000,000,025,000,000,000,000,000,001,000,000,034,000,000,000,000,000,000,030,000,000,000,000,006,003,000,000,000,010,000,000,000,013,000,000,000,000,000,000,000,032,000,000,000,000,000,033,000,000,000,000,000,000,000,000,000,000,000,000,007,020,000,000,000,000,000,000,000,000,000,000,000,000,000,000,000,000,000,000,000,000,000,019,000,000,000,000,000,000,000,000,000,000,031,000,000,000,000,000,000,000,000,000,026,000,000,000,018,000,000,000,000,000,000,000,000,000,000,000,000,000,036,000,000,000,000,028,028,028,000,000,000,006,000,000,000,000,000,000,001,000,000,000,000,000,000,000,000,023,000,000,000,000,000,000,000,000,000,021,000,000,000,000,000,000,000,000,000,000,000,000,000,000,000,014,000,000,000,000,000,000,000,000,000,000,009,000,000,000,000,015,000,000,000,035,000,000,000,
0058: 000,000,025,000,000,000,000,000,000,000,000,000,000,028,028,028,000,000,000,000,000,000,000,012,001,000,000,000,000,000,000,000,000,000,027,000,000,000,000,000,000,000,000,000,000,000,000,000,000,000,000,000,000,000,000,000,000,026,000,000,000,000,000,000,000,005,000,000,022,000,000,000,000,000,000,003,000,000,000,000,000,000,000,000,000,000,000,000,021,000,000,000,000,000,000,000,000,000,000,000,010,000,000,000,000,000,000,000,000,000,000,000,000,000,000,000,000,000,018,001,000,000,023,000,000,000,000,000,031,000,000,000,000,000,000,019,000,000,000,000,016,011,011,000,000,000,000,000,000,000,000,009,000,000,000,000,000,000,030,000,000,000,000,000,000,000,000,000,000,000,000,000,000,000,000,013,000,000,008,008,000,000,000,000,029,000,000,000,000,000,006,000,000,000,000,009,000,007,000,000,000,000,000,036,000,000,017,017,017,000,000,000,000,000,000,000,037,037,000,005,011,011,000,000,000,000,000,000,000,000,000,000,000,000,000,000,000,000,000,000,000,000,000,000,000,000,000,000,000,000,000,000,000,000,000,000,024,000,000,000,000,000,000,000,000,000,000,000,000,000,000,000,000,000,000,000,015,000,000,000,000,010,000,000,000,000,032,000,000,033,000,000,006,000,000,000,000,000,000,000,000,000,000,000,000,000,000,000,000,002,003,038,000,000,000,000,000,000,000,000,000,000,014,000,035,000,000,000,000,000,000,000,000,000,000,000,000,000,000,034,000,020,000,000,000,016,000,000,004,000,000,007,000,000,000,000,000,000,000,000,
0058: 000,013,000,000,000,000,010,000,000,026,000,000,000,000,003,000,000,022,015,000,016,000,000,000,000,000,000,000,000,000,000,000,000,000,000,000,000,000,000,000,000,000,006,000,008,008,000,000,000,000,000,000,000,000,000,000,000,000,000,000,000,000,000,020,000,000,000,000,000,000,007,000,000,000,000,000,000,000,000,000,000,000,000,000,000,000,000,000,000,000,000,001,000,000,000,000,000,000,000,000,000,000,000,000,000,000,000,000,000,000,000,000,000,000,011,011,000,000,000,000,000,000,000,000,000,000,000,000,000,033,000,000,000,000,000,000,000,000,000,000,000,021,000,000,016,000,000,000,000,000,000,000,000,030,000,000,000,000,000,000,000,000,000,000,000,000,005,038,000,000,000,000,000,000,000,000,000,000,000,000,000,000,000,000,004,000,036,000,002,000,000,019,000,000,000,018,000,000,000,031,000,000,000,025,000,000,000,000,000,012,000,000,000,000,000,000,000,000,000,000,000,000,000,000,000,000,000,000,000,000,000,005,000,000,000,000,000,000,000,000,003,000,000,000,000,000,000,000,000,000,000,000,000,000,000,000,029,000,000,000,000,014,000,000,000,000,000,000,000,000,000,000,000,000,000,000,023,000,000,000,000,009,000,000,000,000,000,027,000,000,000,000,000,000,000,000,000,000,000,034,000,000,000,000,000,000,000,000,011,011,001,000,000,000,000,000,000,000,000,000,028,028,028,000,000,037,037,000,000,032,000,000,000,000,000,024,017,017,017,010,006,000,000,009,000,000,000,000,000,000,007,000,000,000,000,035,000,000,000,000,
0056: 000,012,000,000,000,000,000,010,000,000,000,000,014,000,003,000,034,000,000,000,000,000,000,000,000,000,000,000,000,000,000,028,028,028,000,000,000,000,008,008,000,000,000,000,000,000,000,000,005,000,000,000,000,000,000,000,000,030,004,033,000,000,000,000,000,000,000,000,000,038,000,000,000,000,000,000,000,031,007,000,000,000,000,000,009,000,019,024,000,000,032,000,000,000,000,000,000,000,000,000,000,000,000,000,000,000,000,000,000,000,000,000,000,010,000,000,000,000,001,000,000,000,000,000,000,000,000,000,000,000,000,000,000,000,000,017,017,017,000,000,000,000,009,000,000,000,000,000,000,000,007,000,000,000,000,000,000,000,000,016,000,000,000,027,000,000,000,000,006,000,029,036,037,037,000,000,000,000,000,000,000,000,000,000,000,000,000,000,000,000,000,000,000,000,000,000,000,000,000,000,000,002,000,000,000,000,000,000,000,000,000,000,000,000,000,000,018,011,011,000,000,023,000,000,000,000,000,000,000,000,000,016,005,000,000,000,000,000,000,000,000,000,000,000,000,000,000,000,000,000,000,000,000,000,000,020,011,011,000,000,000,000,000,000,000,000,000,000,000,000,000,000,000,000,000,000,000,000,000,015,000,000,000,000,000,000,000,000,000,000,000,000,000,000,006,000,000,000,000,000,000,000,000,000,000,000,035,000,000,026,000,000,000,000,000,000,000,000,022,000,000,013,000,000,021,000,000,000,000,000,000,000,000,000,000,000,000,000,000,000,000,000,000,000,000,000,025,000,000,000,000,000,001,000,000,000,000,000,003,000,
0056: 008,008,000,001,000,000,000,000,000,000,000,000,000,000,000,000,000,000,000,000,000,000,000,000,000,000,000,000,000,000,000,000,007,000,000,000,000,011,011,000,000,000,000,000,000,000,000,000,000,000,000,000,000,000,000,027,004,000,000,000,000,000,009,000,000,000,000,000,000,000,000,000,000,000,000,000,000,000,000,000,000,024,000,000,016,000,000,000,000,000,000,000,000,000,000,021,000,031,000,000,000,000,014,000,000,000,000,000,000,000,000,000,007,022,000,000,000,000,000,000,000,000,000,000,000,000,000,000,000,000,000,000,000,000,000,000,000,000,000,000,000,000,000,000,000,000,000,000,000,000,000,000,000,000,000,000,000,000,000,000,001,000,000,000,000,000,000,000,000,000,000,000,000,000,000,000,018,000,000,000,011,011,000,035,029,000,000,000,012,017,017,017,000,028,028,028,000,000,000,000,000,025,000,000,000,000,000,000,000,000,000,000,000,000,000,000,013,000,000,019,000,000,000,000,000,000,000,000,000,000,000,000,010,000,000,002,000,000,000,000,000,003,000,000,000,000,000,000,000,000,000,000,000,000,000,000,000,000,000,000,000,000,016,000,000,006,000,000,033,036,000,000,000,000,038,000,000,000,000,020,000,000,000,000,000,009,000,006,000,000,000,030,000,003,000,000,000,000,000,000,026,000,000,000,037,037,000,000,000,034,000,000,000,000,000,015,000,000,000,010,000,000,000,000,000,000,000,000,000,000,000,000,000,005,000,000,000,000,000,000,000,000,000,000,005,032,000,000,000,000,000,000,000,000,000,000,023,000,000,000,
0044: 000,000,000,000,000,000,000,000,000,000,000,000,000,000,000,000,000,000,000,003,000,000,011,011,000,000,000,000,000,000,017,017,017,028,028,028,030,022,000,000,013,000,000,000,000,000,009,020,000,018,000,000,000,000,000,000,000,010,000,000,000,000,000,000,000,000,000,004,000,000,000,000,000,000,000,000,000,000,000,000,000,000,000,009,000,001,000,000,000,000,000,000,000,000,000,000,000,000,000,000,000,000,000,000,000,000,000,000,000,000,000,016,000,000,000,000,000,000,000,000,000,000,000,002,000,000,000,001,031,000,000,000,000,014,000,024,000,000,000,000,000,000,000,000,000,000,000,008,008,023,036,000,000,000,000,000,011,011,000,000,000,025,000,000,000,000,000,000,000,000,000,000,000,000,000,000,000,000,000,007,000,000,000,000,000,000,000,000,000,000,000,000,035,000,000,000,000,000,000,000,000,000,000,000,000,000,000,000,000,000,000,000,000,000,000,000,000,000,000,000,000,000,000,000,000,000,000,016,000,000,000,000,000,005,000,000,000,000,007,000,000,000,000,021,029,033,000,000,000,000,000,000,000,000,000,000,038,000,000,000,000,000,000,000,000,000,000,000,000,006,000,003,000,000,000,000,000,000,000,000,000,000,019,000,000,000,000,000,000,000,015,000,000,000,037,037,000,000,000,000,000,000,006,000,000,000,000,000,000,000,000,000,000,000,000,000,000,000,000,000,010,000,000,000,000,000,000,005,000,000,000,000,000,000,000,000,000,000,000,000,000,027,034,000,000,000,000,000,032,000,000,012,000,026,000,000,000,000,000,000,
0038: 000,000,036,011,011,011,000,000,017,017,017,000,000,000,000,005,000,000,000,000,000,000,000,033,001,000,000,000,000,006,000,038,000,000,000,000,000,034,000,000,000,023,000,005,000,002,000,000,000,000,000,000,000,000,000,000,000,000,000,000,000,000,000,008,008,000,001,000,000,000,000,000,000,000,000,000,000,000,000,000,000,000,000,016,000,000,000,006,000,000,000,000,000,000,000,000,000,000,000,000,000,000,007,000,000,000,000,000,000,003,000,000,000,000,000,000,000,014,000,000,000,000,000,010,000,015,000,000,000,000,000,000,000,000,000,000,000,000,018,025,000,000,000,000,000,029,000,000,000,000,000,000,000,000,027,000,000,000,000,000,000,000,000,000,000,000,000,026,000,000,000,000,000,000,000,037,037,000,009,000,012,000,000,000,000,000,000,000,022,000,000,000,000,000,007,000,000,000,000,000,000,000,000,000,000,000,000,000,021,000,000,000,000,000,000,000,000,000,000,000,000,000,000,000,000,000,000,000,000,000,000,000,000,000,000,000,000,000,000,000,000,019,000,000,000,000,000,000,000,000,000,000,000,035,000,000,000,004,000,000,000,000,000,000,000,024,000,000,030,000,000,000,000,000,000,009,000,000,000,000,000,000,000,000,000,000,000,000,000,000,000,000,000,000,000,000,000,000,000,000,000,003,000,000,000,000,000,000,000,000,013,000,000,000,010,000,000,000,000,000,028,028,028,000,000,000,000,000,031,000,000,000,000,000,000,000,000,000,000,000,000,000,000,000,000,000,000,000,000,032,000,000,020,000,000,000,000,016,000,000,
0034: 000,000,000,000,000,000,000,000,000,000,000,000,000,000,000,000,000,000,000,000,000,000,000,000,026,000,000,037,037,000,000,000,000,000,034,000,000,000,000,016,000,000,000,000,000,000,000,000,000,000,010,000,000,000,000,000,005,000,000,000,000,000,000,000,000,000,000,000,000,000,000,000,000,000,000,000,000,000,000,008,008,000,000,000,000,000,000,000,000,000,000,000,000,000,000,000,000,016,000,000,000,000,000,000,000,004,000,022,000,000,000,000,009,000,000,000,000,011,011,014,000,032,000,000,000,000,000,000,000,000,000,024,000,000,000,000,000,000,033,000,000,000,000,000,013,000,000,000,000,021,000,007,000,001,000,000,000,000,000,000,000,010,000,000,000,011,011,000,000,000,000,000,000,000,000,000,000,000,000,000,000,000,000,000,000,000,000,000,000,000,038,030,000,000,000,000,035,000,000,000,000,006,019,000,000,000,000,000,000,000,000,000,000,000,029,000,000,015,000,000,000,009,000,000,000,003,000,000,000,000,000,000,036,000,000,000,000,000,031,000,000,000,000,000,000,000,001,000,000,000,000,000,000,000,000,006,000,000,000,000,000,000,000,000,000,000,000,000,000,000,017,017,017,000,000,003,000,000,000,000,000,000,000,000,000,000,000,000,000,000,025,000,000,000,000,000,018,000,000,000,028,028,028,000,000,000,000,000,012,000,000,000,000,000,000,005,000,000,000,020,000,000,000,000,000,000,000,000,000,000,000,000,000,000,002,007,000,027,000,000,000,000,000,000,000,000,000,000,000,000,000,000,000,000,023,000,000,000,000,000,
0034: 000,000,000,000,000,000,000,000,016,000,000,034,000,017,017,017,000,032,000,000,000,000,009,000,000,000,000,000,009,000,000,000,000,000,000,000,000,011,011,000,020,038,000,000,000,000,000,000,000,000,011,011,000,000,000,000,000,000,031,000,000,000,000,000,000,000,000,000,000,000,000,000,000,000,000,000,036,000,000,000,000,000,000,000,000,000,000,000,000,000,000,000,000,005,016,000,018,000,000,000,000,000,000,000,000,000,000,000,000,000,000,000,000,000,000,000,013,000,000,000,000,000,000,000,000,000,000,000,000,000,000,000,000,000,000,000,000,022,000,000,000,000,000,000,000,000,000,000,000,000,000,000,000,000,000,000,000,000,000,000,000,000,000,000,000,000,000,000,000,000,000,000,000,000,000,000,000,006,000,000,000,000,000,000,000,000,000,026,000,008,008,000,001,000,000,000,000,000,000,000,015,000,000,000,000,003,000,000,001,000,000,000,000,030,000,029,000,000,000,000,000,000,000,010,000,007,000,000,007,000,000,000,000,000,000,000,000,024,033,005,000,000,000,000,000,000,000,019,000,000,000,000,021,000,000,000,000,023,000,000,000,000,000,000,000,000,000,000,000,000,000,000,000,000,000,000,000,000,000,000,000,000,000,000,000,014,000,000,006,000,000,000,000,000,000,000,037,037,004,000,025,000,000,000,000,000,000,000,000,000,000,000,000,000,000,000,000,012,010,000,000,028,028,028,000,000,000,000,000,000,002,000,000,000,000,000,027,000,000,000,000,000,000,000,000,000,000,000,000,000,000,000,000,000,035,000,000,000,003,000,
0028: 000,009,000,024,000,000,000,000,000,000,000,000,033,000,000,000,000,000,000,000,011,011,000,000,000,000,000,000,000,000,000,000,000,000,004,000,005,000,017,017,017,000,000,000,000,000,000,000,000,000,034,000,000,000,035,000,000,000,000,022,000,000,000,007,000,000,016,000,015,000,000,000,000,000,006,000,000,000,000,000,013,001,020,016,026,000,000,018,010,030,000,000,000,000,000,000,000,000,036,000,000,000,000,027,000,000,000,000,012,000,000,000,000,000,000,000,000,000,000,000,000,000,000,000,000,000,000,032,000,000,000,000,000,003,000,000,000,000,011,011,000,003,008,008,000,000,000,000,000,000,000,000,000,000,038,000,000,000,000,000,000,000,000,000,000,000,000,000,000,000,000,000,000,000,000,000,000,000,014,031,000,000,000,000,000,000,000,000,000,000,000,000,000,000,000,000,000,000,000,000,037,037,000,000,000,000,000,000,000,000,000,000,000,000,000,005,000,000,000,000,000,000,000,000,000,000,000,000,000,000,000,000,000,000,009,000,000,010,000,000,000,000,000,000,000,000,000,000,000,028,028,028,000,000,000,000,000,000,000,000,000,000,000,000,000,000,000,021,000,000,000,000,000,000,000,000,000,000,000,000,000,000,000,000,000,000,000,006,000,000,000,000,000,000,000,000,000,000,000,007,000,000,000,000,000,000,000,000,000,000,000,000,029,019,000,000,000,000,000,000,000,000,000,000,000,000,000,000,000,000,000,000,000,000,002,000,000,000,000,001,000,000,000,000,000,000,000,000,000,000,000,000,000,023,000,000,000,025,000,000,
0026: 000,000,000,000,000,000,000,000,000,000,000,000,017,017,017,000,000,000,028,028,028,000,000,000,000,000,000,000,000,000,000,000,000,000,023,000,000,000,000,000,000,000,000,009,000,000,019,000,000,000,000,004,000,000,000,006,000,000,000,000,000,000,000,000,000,000,016,000,024,008,008,000,000,000,000,000,027,000,000,021,003,000,000,005,000,000,000,000,000,012,000,000,000,000,000,018,000,000,000,000,000,002,000,000,030,005,000,010,000,000,000,000,000,000,000,000,000,011,011,000,000,000,000,000,000,000,000,000,000,000,000,000,000,000,000,000,000,000,000,000,034,000,000,000,007,000,000,000,000,000,000,000,000,000,000,000,000,000,000,000,000,000,032,000,000,022,000,000,000,000,000,000,000,000,000,000,000,000,000,000,000,000,000,000,009,000,000,000,000,000,026,000,000,000,000,006,000,000,000,000,000,000,000,000,000,000,000,000,000,025,000,000,000,000,013,000,001,000,000,000,000,000,000,000,000,000,000,000,000,000,000,000,010,000,000,000,000,000,000,000,000,000,000,000,000,003,000,000,000,000,000,000,035,000,000,000,000,000,000,011,011,000,000,001,000,000,000,000,000,000,007,038,000,000,000,000,000,000,000,000,000,000,000,000,000,000,000,016,000,000,000,000,000,000,000,000,000,036,000,000,000,000,000,000,000,000,000,000,000,000,015,000,000,000,000,000,031,000,000,000,037,037,000,000,000,000,014,000,000,000,000,000,000,000,000,000,000,000,000,020,033,000,000,000,000,000,000,000,000,000,000,000,000,029,000,000,000,000,000,000,
0022: 000,000,000,000,007,000,000,000,000,000,000,000,000,000,000,000,000,000,000,000,000,009,037,037,000,000,000,000,000,000,000,030,000,014,000,000,000,000,000,000,000,000,000,000,000,000,000,000,035,022,000,000,000,000,000,000,000,000,000,000,000,017,017,017,000,000,000,000,000,000,000,000,000,000,026,000,000,000,000,000,000,000,000,000,000,000,000,000,000,000,000,000,000,000,000,000,000,036,002,000,000,012,000,000,000,000,000,000,000,000,000,000,000,000,000,000,000,000,010,000,000,000,000,000,000,000,000,000,000,000,000,000,000,000,000,000,000,000,000,000,000,000,000,000,000,027,000,000,000,000,000,000,000,000,003,000,000,011,011,000,000,033,000,000,000,000,000,006,000,000,003,000,000,000,038,000,000,000,000,000,000,000,000,010,000,000,000,000,000,008,008,000,000,000,000,000,000,000,000,000,000,000,000,000,000,000,000,000,000,000,000,023,000,000,000,000,005,000,000,000,000,000,000,000,000,000,000,000,000,032,000,000,000,000,000,000,000,000,000,021,000,000,000,000,000,000,000,000,000,000,000,000,000,000,000,000,000,000,011,011,000,000,000,016,000,000,000,013,000,007,000,000,000,015,000,019,000,000,000,000,000,000,000,000,000,000,000,000,000,000,020,000,009,000,000,000,000,004,000,000,000,000,000,000,000,000,034,000,000,000,000,029,000,000,000,006,000,000,031,000,000,000,024,001,000,000,000,000,000,000,000,000,000,028,028,028,018,000,000,000,000,000,000,000,000,025,000,000,000,000,000,000,000,005,016,000,000,000,001,000,
0018: 013,017,017,017,000,000,000,000,000,000,000,000,000,000,000,000,000,000,000,036,000,000,000,000,000,000,000,000,000,000,000,000,028,028,028,000,000,000,000,000,000,029,000,000,006,000,000,000,000,000,000,000,000,000,000,000,000,003,000,000,000,005,000,000,000,000,000,000,000,000,002,000,000,000,000,000,000,000,000,000,000,000,000,000,000,000,000,000,016,000,011,011,000,000,000,000,033,019,000,000,000,000,000,000,000,000,006,001,000,007,000,000,012,000,000,000,000,000,000,000,001,000,000,000,000,000,000,008,008,000,000,016,000,000,000,000,004,000,000,000,000,000,000,023,000,000,000,037,037,024,000,000,000,000,011,011,000,000,000,000,000,000,000,000,000,005,000,000,000,000,000,022,000,000,000,000,000,000,000,000,020,000,000,000,000,000,027,000,000,025,000,000,000,000,000,000,000,000,000,000,000,007,000,000,000,000,000,000,000,000,000,000,000,000,032,038,000,000,000,000,000,000,000,000,000,000,000,000,000,000,000,000,000,000,000,000,000,000,000,000,000,000,000,000,000,000,000,015,000,000,000,000,000,000,000,000,000,000,000,000,000,000,000,000,000,000,000,000,000,000,000,000,000,030,000,009,000,000,000,000,000,014,000,000,000,035,000,000,000,000,000,026,000,000,000,000,000,000,000,000,000,000,000,000,000,000,000,000,000,000,000,021,000,000,000,000,000,000,034,000,000,000,000,000,000,000,000,000,000,010,009,000,000,000,000,000,000,003,000,000,000,018,000,000,000,000,031,000,000,010,000,000,000,000,000,000,000,000,000,000,
0008: 000,000,000,000,011,011,000,000,000,000,000,000,000,000,001,000,000,000,000,000,000,000,000,002,000,000,000,000,000,000,000,000,016,000,000,000,000,000,000,000,000,000,000,000,000,000,000,000,000,000,000,000,000,000,000,000,000,000,000,019,006,000,000,029,000,000,005,000,000,000,000,000,000,031,000,000,034,000,000,000,000,000,037,037,000,000,000,000,000,000,000,000,000,000,000,000,000,000,000,000,000,000,000,000,000,000,000,000,006,000,000,000,000,000,000,023,000,000,000,000,000,000,000,000,000,000,000,000,000,000,030,021,000,000,000,009,000,000,000,000,000,024,000,000,000,000,000,000,000,000,000,000,000,000,000,000,000,000,000,000,032,000,035,000,000,000,008,008,014,007,009,026,000,000,000,000,000,001,000,018,000,003,000,000,000,000,010,003,000,000,000,000,000,000,028,028,028,000,000,000,000,000,011,011,000,000,000,000,000,000,000,000,000,000,010,000,000,000,000,000,000,000,000,000,000,000,000,000,000,000,000,000,013,000,000,000,000,000,022,000,000,000,000,000,000,000,000,000,000,033,000,015,000,000,000,000,027,000,000,000,000,000,000,036,005,000,000,000,000,000,000,000,000,000,000,000,000,000,000,007,000,000,000,000,000,000,000,000,000,000,000,000,000,000,000,000,000,000,000,000,000,000,000,000,000,000,000,000,000,000,000,000,000,000,000,000,000,000,000,000,020,012,000,000,000,000,000,000,000,000,000,000,000,000,000,000,000,000,000,000,000,000,000,000,000,000,004,016,038,000,025,000,000,000,017,017,017,000,000,000,
0004: 000,000,003,000,000,000,000,000,000,000,000,000,000,011,011,000,000,034,000,000,000,000,000,000,000,013,000,000,015,000,024,000,000,000,008,008,000,000,000,000,000,014,020,000,000,000,000,000,000,000,000,000,000,000,000,000,000,035,000,000,010,000,000,000,000,000,000,000,000,028,028,028,000,022,000,000,000,000,000,000,011,011,000,000,000,000,000,000,000,000,000,002,000,000,027,000,006,000,000,000,000,000,000,000,000,000,000,000,000,007,000,021,000,000,000,000,000,000,000,000,000,000,000,000,001,025,000,000,000,000,000,000,000,000,006,000,000,029,000,000,000,005,000,000,032,000,000,000,000,000,000,000,000,000,000,026,000,000,000,004,000,000,000,000,000,000,000,000,000,000,000,000,000,000,000,000,000,010,033,000,000,000,000,000,000,000,000,000,016,000,000,000,000,000,000,000,000,000,000,000,000,000,000,000,000,000,000,000,003,016,000,000,000,000,000,000,000,000,000,038,000,000,000,000,000,000,000,000,000,000,000,030,037,037,000,000,000,000,000,000,000,000,000,000,000,000,009,000,000,000,000,000,000,000,000,000,019,000,000,000,000,000,000,000,000,000,000,001,000,000,000,000,000,000,023,000,000,000,000,000,000,000,000,000,000,000,000,000,000,000,000,000,000,000,000,000,036,000,000,000,000,000,000,000,000,000,005,000,000,000,009,000,000,000,000,000,000,000,000,000,000,000,000,000,018,000,000,000,000,000,012,000,000,000,031,000,000,000,000,000,000,000,000,000,000,000,000,007,000,000,017,017,017,000,000,000,000,000,000,000,
-0004: 000,000,000,003,000,000,000,000,000,000,000,000,000,000,006,000,022,033,000,011,011,000,010,000,000,000,000,000,000,000,000,000,000,000,000,000,000,000,000,000,000,000,000,000,000,000,000,000,000,000,000,000,030,000,000,007,000,017,017,017,000,000,012,000,000,000,000,000,000,020,000,000,000,000,000,000,000,000,000,000,000,000,035,009,000,000,000,000,000,000,000,000,000,000,000,000,000,000,000,000,000,000,000,000,008,008,000,027,000,000,000,000,003,000,000,000,000,000,000,032,000,000,000,000,000,000,000,000,000,021,000,000,000,000,000,016,000,000,000,000,004,010,000,013,029,001,000,000,000,000,000,000,000,000,006,000,000,000,000,000,014,000,000,000,000,000,000,000,000,000,000,000,000,000,000,000,000,000,000,000,000,000,000,028,028,028,000,000,000,000,000,000,000,000,001,000,000,000,000,000,018,000,000,000,000,031,000,000,000,000,000,000,000,000,000,000,000,000,000,000,000,000,000,000,000,000,000,000,000,000,000,000,000,000,000,000,000,000,005,000,000,000,000,000,025,000,024,000,000,002,000,000,000,037,037,000,000,000,000,000,000,000,000,000,015,000,000,000,007,000,000,000,000,000,000,000,000,000,000,000,000,000,034,000,000,000,000,000,000,000,000,000,000,026,000,000,000,000,000,000,000,000,000,000,000,000,000,011,011,000,000,000,000,000,000,009,000,000,000,000,000,000,000,000,000,000,000,000,000,038,000,000,000,000,000,000,000,023,000,000,005,000,000,036,000,000,019,000,000,000,016,000,000,000,000,000,000,000,000,000,
-0052: 000,016,000,000,000,006,016,000,000,000,000,000,000,000,000,000,000,000,000,000,000,001,000,023,037,037,000,000,000,000,000,000,000,000,000,000,000,000,000,005,031,000,000,000,000,000,000,015,000,000,000,000,000,000,000,000,000,000,000,010,000,000,000,000,000,000,000,000,000,000,000,024,000,000,000,000,000,000,036,000,000,000,000,000,000,000,000,000,000,000,000,028,028,028,000,000,000,000,000,000,000,000,000,000,000,000,000,000,000,000,000,000,000,000,000,000,000,000,000,000,000,000,000,000,000,000,000,000,000,000,000,000,000,011,011,000,000,000,000,000,000,000,000,000,000,000,026,017,017,017,000,000,000,000,000,000,000,000,000,000,000,000,000,000,000,000,000,000,000,000,000,000,000,000,000,000,000,000,014,000,000,000,000,000,000,000,000,000,000,000,009,000,000,000,007,000,000,000,000,000,000,003,022,000,000,000,000,004,000,000,000,000,000,000,027,000,000,000,000,000,000,000,000,007,000,000,038,000,020,000,000,000,000,000,000,000,000,000,000,000,000,000,000,000,033,000,000,000,000,000,000,000,000,000,000,000,000,000,000,000,000,000,013,032,021,029,000,000,000,000,000,006,000,000,000,000,000,000,000,000,034,000,000,000,000,000,030,000,000,000,000,000,002,010,000,000,000,019,001,000,000,000,000,000,000,000,000,000,000,000,000,000,000,000,000,000,000,000,000,000,000,000,000,035,000,000,000,000,005,025,000,000,000,011,011,000,000,000,000,000,003,000,000,000,000,000,008,008,000,000,000,012,000,018,000,009,000,000,000,000,
1000 Generations finished after 1945ms
</DebugTrace>
      </Output>
    </UnitTestResult>
  </Results>
</TestRun>