<?xml version="1.0" encoding="UTF-8"?>
<TestRun id="4297ab94-0823-4b0f-85a0-b9548702bbfa" name="FloLap@FLOLAP-PC 2011-10-15 18:19:46" runUser="FloLap-PC\FloLap" xmlns="http://microsoft.com/schemas/VisualStudio/TeamTest/2010">
  <TestSettings name="Lokal" id="6ed96bb3-d821-4eee-a79d-3a3069da9890">
    <Description>Dies sind die standardmäßigen Testeinstellungen für einen lokalen Testlauf.</Description>
    <Deployment enabled="false" runDeploymentRoot="FloLap_FLOLAP-PC 2011-10-15 18_19_46">
      <DeploymentItem filename="E:\HsKA\Semester2\Projektarbeit\Stundenplangenerator\TimetablePlanner\TimetablePlanner\bin\Debug\TimetablePlanner.dll" />
    </Deployment>
    <Execution>
      <TestTypeSpecific />
      <AgentRule name="Execution Agents">
      </AgentRule>
    </Execution>
  </TestSettings>
  <Times creation="2011-10-15T18:19:46.5618848+02:00" queuing="2011-10-15T18:19:47.6538867+02:00" start="2011-10-15T18:19:47.8566871+02:00" finish="2011-10-15T18:20:13.0819314+02:00" />
  <ResultSummary outcome="Completed">
    <Counters total="1" executed="1" passed="1" error="0" failed="0" timeout="0" aborted="0" inconclusive="0" passedButRunAborted="0" notRunnable="0" notExecuted="0" disconnected="0" warning="0" completed="0" inProgress="0" pending="0" />
  </ResultSummary>
  <TestDefinitions>
    <UnitTest name="createTimetableInstanceTest" storage="e:\hska\semester2\projektarbeit\stundenplangenerator\timetableplanner\timetableplannertests\bin\debug\timetableplannertests.dll" id="ab441b29-9837-01bf-f43f-7839c8f73716">
      <Execution id="d5091359-e8f5-4679-986c-7160939f74f6" />
      <TestMethod codeBase="E:/HsKA/Semester2/Projektarbeit/Stundenplangenerator/TimetablePlanner/TimetablePlannerTests/bin/Debug/TimetablePlannerTests.DLL" adapterTypeName="Microsoft.VisualStudio.TestTools.TestTypes.Unit.UnitTestAdapter, Microsoft.VisualStudio.QualityTools.Tips.UnitTest.Adapter, Version=10.0.0.0, Culture=neutral, PublicKeyToken=b03f5f7f11d50a3a" className="TimetablePlannerTests.TimetableTest, TimetablePlannerTests, Version=1.0.0.0, Culture=neutral, PublicKeyToken=null" name="createTimetableInstanceTest" />
    </UnitTest>
  </TestDefinitions>
  <TestLists>
    <TestList name="Nicht in einer Liste enthaltene Ergebnisse" id="8c84fa94-04c1-424b-9868-57a2d4851a1d" />
    <TestList name="Alle geladenen Ergebnisse" id="19431567-8539-422a-85d7-44ee4e166bda" />
  </TestLists>
  <TestEntries>
    <TestEntry testId="ab441b29-9837-01bf-f43f-7839c8f73716" executionId="d5091359-e8f5-4679-986c-7160939f74f6" testListId="8c84fa94-04c1-424b-9868-57a2d4851a1d" />
  </TestEntries>
  <Results>
    <UnitTestResult executionId="d5091359-e8f5-4679-986c-7160939f74f6" testId="ab441b29-9837-01bf-f43f-7839c8f73716" testName="createTimetableInstanceTest" computerName="FLOLAP-PC" duration="00:00:23.5958803" startTime="2011-10-15T18:19:48.0438874+02:00" endTime="2011-10-15T18:20:12.9571312+02:00" testType="13cdc9d9-ddb5-4fa4-a97d-d965ccfc6d4b" outcome="Passed" testListId="8c84fa94-04c1-424b-9868-57a2d4851a1d" relativeResultsDirectory="d5091359-e8f5-4679-986c-7160939f74f6">
      <Output>
        <DebugTrace>Time to create population of size 20: 93ms
0282: ---|---|---|---|009|---|019|---|---|---|---|---|---|---|---|---|009|---|---|---|---|---|029|---|010|010|---|---|---|---|---|---|---|---|037|---|---|---|---|---|---|---|005|---|---|---|---|---|---|---|---|001|---|---|006|---|---|---|---|---|---|021|---|---|---|---|---|---|---|---|---|---|---|---|010|010|---|---|---|---|---|---|---|---|020|---|---|---|---|---|---|008|---|---|---|---|---|---|---|---|015|---|---|---|027|027|027|---|015|---|---|---|---|---|---|012|---|---|---|---|---|---|---|---|---|---|---|---|---|---|---|---|---|---|---|---|---|---|---|---|---|---|---|---|---|---|---|002|---|---|---|032|---|---|024|---|034|---|030|---|---|---|016|016|016|---|---|---|---|---|---|---|---|---|---|013|---|---|---|---|---|---|---|---|033|---|---|---|---|005|023|---|---|---|---|---|---|---|---|---|---|---|006|---|---|---|---|---|---|---|---|---|---|---|---|---|---|---|---|002|000|---|025|---|---|---|---|---|017|---|---|---|---|---|---|---|---|011|---|---|---|---|---|---|---|---|---|---|---|---|004|---|004|---|---|---|026|---|---|022|---|---|---|---|---|---|---|---|---|---|---|---|---|---|---|---|---|---|---|---|---|---|---|---|---|---|---|---|031|---|---|---|---|---|---|---|---|---|014|---|---|---|---|028|---|---|---|018|035|---|---|---|007|007|000|---|---|---|003|---|---|008|---|---|---|---|---|---|---|---|---|036|036|---|---|---|---|---|---|---|---|---|---|---|---|---|---|---|---|---|---|---|---|---|---|---|---|---|---|---|
0266: 010|010|---|---|---|---|034|---|---|---|---|---|---|005|035|---|---|---|007|007|---|---|---|---|027|027|027|029|---|---|---|---|---|---|---|---|---|---|---|---|---|---|000|015|---|---|---|---|006|---|---|---|---|---|---|---|---|---|---|---|---|---|---|---|---|---|---|---|---|---|---|---|---|---|003|---|019|---|---|---|---|---|---|---|032|---|---|---|---|---|---|022|---|026|---|---|031|---|---|---|---|---|---|---|---|---|008|---|---|---|---|---|---|---|---|---|---|---|---|---|---|006|---|---|---|---|---|---|---|---|---|---|---|---|---|---|---|---|---|---|---|---|---|---|---|---|---|---|---|---|018|---|---|---|---|---|004|---|---|---|---|---|---|---|---|---|---|---|016|016|016|---|---|---|---|---|028|---|---|---|020|---|---|---|013|---|---|---|---|---|000|---|---|---|---|---|---|---|---|---|---|---|---|---|---|---|---|---|---|---|---|---|---|---|---|---|---|---|---|009|---|---|002|025|---|030|---|---|---|023|---|012|---|---|004|---|---|---|---|---|011|---|---|---|---|---|017|---|---|---|---|---|---|---|---|---|---|---|---|---|---|---|---|---|---|---|---|---|---|---|---|---|---|---|---|---|---|---|---|---|001|---|---|---|---|---|---|---|---|---|---|---|033|---|---|---|---|---|005|---|---|036|036|---|---|---|---|---|015|024|---|---|010|010|009|---|---|---|---|---|---|---|---|---|---|037|---|---|---|---|---|014|---|---|002|---|---|---|---|---|---|---|---|---|---|---|---|---|---|---|---|---|---|---|---|---|---|---|021|---|
0264: 017|005|---|---|035|---|033|---|---|---|---|---|010|010|---|008|---|---|---|015|---|---|---|---|---|---|---|---|---|---|---|---|---|---|---|---|---|---|003|---|---|---|009|---|---|---|---|---|---|---|---|---|---|---|---|---|---|---|---|---|021|---|---|---|---|---|---|---|---|---|---|---|010|010|---|---|---|---|---|002|---|---|005|---|---|014|---|---|---|---|---|---|---|---|---|---|016|016|016|---|---|---|025|008|---|004|012|---|---|032|002|---|---|---|---|---|---|---|---|---|---|---|---|---|---|---|---|---|---|---|---|---|---|---|---|---|---|---|---|---|006|001|---|---|---|---|---|---|---|---|022|---|---|---|013|---|---|019|---|---|---|---|009|---|027|027|027|---|023|036|036|---|---|---|---|---|---|---|---|---|---|---|---|---|018|---|---|000|011|---|---|---|---|---|---|---|---|---|---|---|---|---|---|---|---|---|---|---|---|---|---|---|---|---|---|---|---|---|---|024|---|---|---|---|---|---|---|---|000|029|---|---|---|---|---|---|---|034|---|---|---|---|---|---|---|---|004|---|---|---|---|---|---|---|---|---|---|---|---|---|---|---|---|---|---|---|---|---|---|---|---|---|---|---|---|---|---|---|---|---|---|---|---|---|---|---|---|---|015|---|---|---|---|---|---|---|---|---|---|---|026|---|---|030|---|---|037|---|---|---|---|---|---|---|---|---|028|---|---|007|007|---|---|---|---|031|---|020|---|---|---|---|---|---|---|---|---|---|---|---|---|---|---|---|---|---|---|---|---|---|---|---|006|---|---|---|---|---|---|---|
0256: ---|---|---|---|---|---|016|016|016|---|022|---|---|013|015|---|003|---|010|010|---|---|---|---|---|---|---|---|---|---|---|031|---|017|---|---|025|---|035|---|---|---|---|---|---|037|---|---|---|---|---|---|---|---|---|---|---|---|---|---|---|---|---|---|---|---|---|---|---|006|---|---|---|---|---|---|---|---|---|010|010|---|012|---|---|---|008|---|020|---|---|---|---|---|---|---|018|---|029|026|008|---|---|---|---|---|---|---|---|---|---|002|---|---|---|---|---|---|---|---|---|---|---|---|---|---|---|---|---|---|---|---|---|---|---|---|---|---|---|---|---|---|---|---|---|---|023|---|024|---|---|---|---|---|---|---|036|036|---|032|000|---|---|---|---|---|---|---|028|---|---|---|002|---|019|000|---|005|---|---|007|007|---|---|---|---|---|---|---|---|---|---|---|---|---|---|---|---|---|---|---|---|---|---|---|---|021|---|---|---|---|---|---|---|---|---|---|---|---|---|030|---|---|---|---|---|---|---|---|011|---|---|---|---|---|---|---|014|---|---|---|---|---|---|---|---|---|---|---|---|---|---|---|---|---|---|---|---|---|---|---|009|---|---|---|---|---|---|---|---|---|---|---|---|---|---|---|---|---|---|---|---|---|---|---|006|001|---|---|---|---|005|---|---|---|---|---|---|---|---|---|004|---|---|---|---|027|027|027|033|---|---|---|---|009|---|---|---|---|---|---|034|---|---|---|---|---|---|---|---|---|---|015|---|---|---|---|---|---|---|---|---|---|---|---|---|---|---|---|---|---|---|---|---|---|---|---|---|---|---|
0242: ---|---|---|---|---|---|003|---|---|034|---|---|---|---|---|---|004|---|---|---|---|---|---|---|---|016|016|016|---|---|036|036|005|---|---|---|000|---|---|---|008|---|---|---|---|---|---|---|---|---|---|---|---|---|001|---|---|---|---|---|---|---|---|---|---|---|---|---|---|---|---|---|---|---|035|---|---|---|---|---|---|---|---|---|---|015|---|---|---|---|---|---|---|---|---|---|---|---|---|---|---|---|---|---|---|---|---|---|---|---|---|---|---|---|---|---|---|---|031|---|---|---|---|---|---|---|---|---|---|---|---|---|---|---|---|---|---|---|---|---|---|---|---|---|---|---|---|---|026|---|012|---|---|---|---|---|---|---|---|---|---|---|---|---|015|---|---|---|---|---|004|---|---|---|033|---|---|---|---|---|014|---|---|---|---|---|019|---|---|---|---|---|---|---|---|---|---|---|---|---|---|---|---|---|---|---|---|---|---|---|---|---|---|---|006|---|028|025|---|---|---|---|---|022|---|017|---|---|005|---|---|000|024|---|030|---|---|---|---|---|037|---|---|---|---|---|002|011|---|---|008|---|009|---|---|029|---|---|---|018|---|002|---|---|---|---|---|---|---|---|---|---|---|---|---|---|---|---|---|---|---|---|---|---|---|---|006|---|---|---|---|---|---|---|---|---|---|---|---|---|---|010|010|010|---|---|013|027|027|027|020|---|---|---|009|---|---|---|---|032|---|---|---|---|---|---|023|---|---|---|007|007|---|---|---|---|---|---|---|---|---|---|021|---|---|---|---|---|---|---|---|---|---|---|---|---|---|---|---|---|
0232: ---|018|009|---|013|---|---|---|005|---|015|---|---|---|010|010|---|---|---|---|---|---|015|---|---|012|---|022|000|---|---|---|---|---|---|---|---|---|---|---|---|---|023|---|016|016|016|---|---|---|---|---|---|---|---|---|---|---|---|---|---|---|---|---|---|---|---|---|---|021|---|---|027|027|036|036|---|---|---|---|---|---|011|---|---|---|---|000|---|---|---|---|---|010|010|---|---|---|---|---|---|---|---|---|---|---|---|---|---|---|002|---|---|---|---|---|---|---|---|---|---|---|---|---|---|---|---|---|---|---|---|---|---|---|---|---|---|---|---|---|---|---|---|---|---|---|---|---|---|---|---|---|---|---|---|---|008|---|---|---|---|---|---|---|---|---|004|---|007|007|---|---|---|---|---|---|---|---|003|---|---|---|---|---|---|---|008|002|---|032|---|---|---|---|001|---|---|---|---|---|---|---|---|---|---|---|006|---|---|---|---|006|---|---|---|---|---|---|---|---|---|---|---|---|---|030|---|---|029|---|---|---|033|---|026|014|---|---|---|---|---|---|---|---|---|---|---|---|---|---|---|---|---|---|---|---|---|---|---|---|---|---|037|---|---|---|---|---|---|---|---|---|---|---|---|---|---|---|---|---|---|---|---|---|---|---|---|---|024|---|---|004|025|---|---|017|---|034|028|---|---|---|020|---|---|---|---|009|---|---|---|---|---|---|031|---|035|---|005|019|---|---|---|---|---|---|---|---|---|---|---|---|---|---|---|---|---|---|---|---|---|---|---|---|---|---|---|---|---|---|---|---|---|---|---|---|---|---|---|---|
0222: ---|---|---|---|000|---|---|---|---|---|---|---|---|---|---|---|017|---|005|---|030|---|---|---|---|024|---|---|033|---|---|---|---|---|---|---|---|---|---|036|036|---|---|022|---|002|---|---|---|---|021|---|---|---|---|---|---|---|---|---|---|---|---|---|---|---|---|---|---|---|001|---|007|007|---|---|---|---|---|---|---|---|---|---|---|---|---|---|---|---|027|027|027|---|---|---|---|---|---|---|---|---|---|029|---|---|---|---|---|---|015|---|---|---|004|---|020|---|---|---|---|---|---|---|---|---|---|---|---|---|---|---|---|---|---|---|---|---|---|---|---|---|---|---|016|016|016|---|---|---|005|---|---|010|010|---|---|---|004|---|---|---|---|---|---|---|---|---|---|009|035|---|---|---|008|---|003|---|---|---|---|---|---|012|025|---|---|---|019|---|008|---|---|---|---|---|---|---|---|---|---|---|---|---|---|006|---|---|---|---|---|---|---|---|---|---|015|---|---|---|---|---|---|---|---|---|---|---|---|032|---|---|---|---|---|---|---|---|023|---|028|---|---|---|---|---|---|---|---|---|---|---|---|---|---|---|---|---|034|---|---|---|009|---|---|---|---|---|---|---|---|---|---|---|---|---|---|---|---|---|---|---|---|---|---|---|---|---|018|---|---|---|---|---|---|---|---|---|037|---|---|026|---|---|---|---|---|031|---|011|---|---|---|000|010|010|---|---|---|---|---|---|---|---|---|002|---|---|---|---|---|013|014|---|---|---|---|---|---|---|---|---|---|---|---|---|---|---|---|---|---|---|---|---|---|006|---|---|---|---|
0220: 027|027|027|---|---|---|---|013|---|---|---|---|---|---|---|---|---|---|---|---|---|---|---|---|003|---|---|---|---|---|033|---|---|---|---|---|---|008|005|026|---|---|---|---|---|002|---|---|---|---|---|---|---|---|---|---|---|---|---|---|---|---|---|---|---|---|---|---|---|---|---|---|---|---|---|---|---|---|014|---|---|---|---|---|---|---|016|016|016|---|009|025|009|---|---|---|---|030|012|---|---|---|---|---|---|---|---|---|---|017|000|---|---|---|---|002|---|---|---|---|---|---|---|---|---|---|---|---|---|006|---|---|---|---|---|---|---|---|---|---|---|---|001|---|034|020|---|005|---|---|---|---|---|011|---|---|024|---|---|---|---|---|---|---|---|---|---|---|---|---|---|---|023|---|---|036|036|---|015|---|---|---|---|---|---|---|---|---|---|---|015|---|---|---|---|---|---|---|---|---|---|---|---|---|---|---|---|---|---|---|021|---|---|---|006|---|---|---|---|---|018|---|---|---|---|---|---|---|031|---|---|---|---|---|032|---|---|---|037|---|000|---|---|029|---|---|---|---|---|---|022|---|---|028|---|---|---|---|---|---|---|008|---|---|---|---|---|---|---|---|---|---|---|---|---|---|---|---|---|---|---|---|---|---|---|---|---|---|---|---|---|---|---|---|004|---|---|---|---|---|---|---|---|---|---|---|---|010|010|---|---|---|---|004|---|---|---|---|035|---|007|007|---|---|---|---|---|---|---|---|019|---|010|010|---|---|---|---|---|---|---|---|---|---|---|---|---|---|---|---|---|---|---|---|---|---|---|---|---|---|
0218: ---|000|---|---|---|---|---|---|027|027|027|---|---|---|---|029|---|---|---|---|005|---|---|---|003|037|---|---|---|---|---|024|---|---|---|---|---|016|016|016|---|---|---|---|---|---|---|---|---|---|---|---|---|---|---|---|---|---|---|---|---|---|---|---|---|---|---|006|---|---|---|---|---|028|004|---|---|---|---|---|---|---|---|---|000|---|023|---|---|---|---|---|---|---|---|---|---|---|---|---|---|---|---|---|---|---|---|---|002|---|---|015|033|---|---|---|---|---|---|---|001|---|---|---|---|---|---|---|---|---|---|---|---|---|---|---|---|---|---|---|---|---|---|---|---|---|---|---|004|---|002|---|035|005|011|---|---|---|---|---|017|---|---|---|---|---|---|---|---|---|---|---|---|---|---|---|012|025|008|---|---|---|---|---|---|---|---|---|---|009|---|---|---|---|---|---|---|---|---|---|---|---|---|---|---|---|---|---|006|---|021|---|---|---|---|---|036|036|---|---|020|---|022|---|---|---|015|---|031|---|---|---|019|---|010|010|---|009|---|---|---|---|---|---|---|---|---|---|---|---|---|---|007|007|---|---|---|---|---|---|---|---|---|---|---|---|---|---|---|---|---|---|---|---|---|---|---|---|---|---|---|---|---|---|---|---|---|---|---|---|---|---|---|---|013|---|---|---|---|---|---|008|---|026|---|---|---|---|---|018|---|---|030|034|---|---|---|---|014|---|---|---|---|---|---|---|032|---|---|---|010|010|---|---|---|---|---|---|---|---|---|---|---|---|---|---|---|---|---|---|---|---|---|---|---|---|---|---|---|---|
0210: 010|010|---|---|---|---|---|---|---|---|035|---|015|---|---|---|---|---|---|---|---|026|---|---|---|---|---|---|003|---|---|036|036|---|---|---|---|---|---|---|---|---|---|000|020|012|---|---|---|---|001|---|---|---|---|---|---|---|---|---|---|---|---|---|---|---|---|---|---|---|---|---|---|013|---|---|---|---|---|---|---|---|---|---|---|---|---|015|---|---|---|---|---|---|---|---|---|---|---|---|---|---|---|---|---|---|---|---|027|027|027|---|000|---|---|---|028|---|---|---|---|---|---|---|---|---|---|---|---|---|---|---|---|006|---|---|---|---|---|---|---|---|---|---|---|007|007|---|---|---|---|---|---|034|---|---|017|004|---|005|---|---|---|004|---|---|---|---|---|---|---|---|018|---|---|009|---|008|023|---|---|---|---|---|---|---|---|---|---|---|---|---|---|---|---|---|---|---|---|---|---|---|---|---|---|---|---|---|---|---|---|---|---|---|---|---|033|---|---|---|---|---|---|---|---|---|---|---|---|---|---|---|---|---|---|---|---|---|009|---|025|---|---|---|---|---|---|---|---|010|010|---|002|---|---|---|---|---|---|019|---|---|037|---|---|---|---|---|---|---|---|---|---|---|---|---|---|---|---|---|---|---|021|---|---|---|---|---|029|011|---|005|---|---|---|---|---|---|002|---|022|---|---|---|---|---|---|024|---|---|---|---|032|030|---|---|031|---|---|---|---|---|---|---|---|008|016|016|016|---|---|---|014|---|---|---|006|---|---|---|---|---|---|---|---|---|---|---|---|---|---|---|---|---|---|---|---|---|---|---|
0208: ---|---|---|---|---|---|---|032|---|---|---|---|---|---|---|009|---|---|027|027|027|---|---|---|---|---|002|022|---|---|---|---|---|---|---|---|---|031|---|015|025|---|007|007|---|---|003|---|---|---|---|---|---|---|---|---|---|---|---|---|---|---|---|---|---|---|---|---|---|---|---|---|---|---|---|---|---|---|034|---|---|---|005|---|---|---|---|---|---|---|---|000|036|036|---|---|---|---|---|---|---|---|016|016|016|020|---|---|018|024|---|---|---|---|011|---|---|---|---|---|---|---|---|---|---|---|---|---|---|---|---|---|---|---|---|---|---|---|---|---|---|006|---|---|---|---|---|---|---|---|---|010|010|---|---|---|037|---|---|---|029|---|---|019|---|---|---|---|---|---|---|---|---|---|---|---|033|---|---|---|---|---|---|---|009|---|---|---|000|---|---|---|---|---|---|---|---|---|---|---|---|---|006|---|---|---|---|---|---|---|---|---|---|---|---|---|---|---|---|---|---|---|---|---|---|---|---|---|013|017|---|---|---|---|---|015|---|---|---|---|026|---|---|---|---|---|002|028|---|---|004|---|---|---|---|008|---|---|012|---|---|035|---|---|---|---|---|---|---|---|---|---|---|---|---|---|---|---|---|---|---|---|---|---|---|---|001|---|---|---|008|---|---|---|---|---|---|---|---|---|---|---|010|010|---|---|---|---|---|---|030|---|---|---|---|---|---|---|014|---|---|023|---|---|---|---|---|---|---|---|---|---|004|---|---|---|---|---|---|---|---|---|---|021|---|---|---|---|---|---|---|---|---|---|---|---|---|---|---|---|
0200: ---|---|005|---|---|---|---|---|---|---|011|---|---|---|029|---|---|---|---|---|---|---|---|---|---|010|010|---|---|---|---|---|---|015|---|---|031|---|---|---|---|---|---|---|---|---|---|---|---|---|---|---|---|---|---|---|---|---|---|---|---|---|---|---|---|---|---|---|---|---|---|---|024|---|---|037|025|---|---|034|---|---|---|---|---|---|---|---|009|---|020|---|---|---|---|---|---|005|---|---|032|---|---|014|---|---|000|---|---|---|012|---|---|---|---|---|018|---|022|---|---|---|---|006|---|---|---|---|---|---|---|---|---|---|---|---|---|---|---|---|---|---|---|---|---|---|---|---|---|---|030|---|033|028|---|---|---|---|---|003|---|---|019|036|036|---|008|---|---|---|023|017|---|---|000|---|---|---|---|---|007|007|---|---|004|---|---|---|---|---|---|---|---|---|---|---|---|---|---|---|---|---|---|---|006|---|---|---|---|---|---|---|---|---|---|---|002|---|---|---|---|---|002|---|---|---|---|---|010|010|---|---|---|---|---|---|---|026|---|---|---|---|---|---|004|---|---|---|---|---|013|---|---|---|---|---|015|---|---|---|---|---|---|---|---|---|---|---|---|---|---|---|---|---|---|---|---|---|---|---|---|---|021|---|---|---|---|---|---|---|---|---|---|---|008|016|016|016|---|---|---|---|---|---|---|---|---|---|---|---|---|---|---|---|---|---|---|---|---|---|---|---|---|---|---|027|027|027|---|---|035|---|---|---|---|---|001|---|---|---|---|---|---|---|---|---|---|---|---|---|---|---|---|---|---|---|---|---|---|---|
0198: 010|010|---|---|031|---|015|---|---|---|020|---|---|---|---|---|---|---|000|---|025|005|---|---|---|---|---|024|---|---|037|---|011|---|---|---|---|000|---|019|018|---|---|---|---|---|---|---|---|006|---|---|---|---|---|---|---|---|---|---|021|---|---|---|---|---|---|---|---|---|---|---|009|010|010|---|---|---|---|036|036|---|022|---|023|---|---|008|028|---|---|---|---|---|004|---|---|---|---|---|---|---|---|003|---|---|---|---|026|---|---|---|---|---|---|---|027|027|027|---|---|---|---|---|---|---|---|---|---|---|---|---|---|---|---|---|---|---|---|---|---|---|006|---|---|---|---|---|---|---|009|---|---|---|---|---|---|---|---|---|---|---|---|---|---|---|---|---|030|---|---|---|---|---|---|013|---|002|---|---|---|---|012|---|---|---|---|---|---|---|---|---|---|---|---|---|---|---|---|---|---|---|---|---|---|---|---|---|---|---|---|---|---|---|---|---|---|---|---|014|---|---|---|---|---|---|---|---|005|---|---|---|---|---|---|---|---|---|---|---|---|---|---|---|---|---|---|---|---|---|---|---|---|---|---|---|---|---|---|004|---|---|---|---|---|---|---|---|---|---|---|---|---|---|---|---|---|---|---|---|---|---|---|---|---|---|---|---|---|---|---|---|---|---|---|033|---|---|---|---|035|---|---|---|---|---|---|---|034|008|---|---|---|---|---|017|---|---|016|016|016|032|---|---|015|---|002|---|---|---|---|---|007|007|029|---|---|---|---|---|---|---|---|---|---|---|---|---|---|---|---|---|---|---|---|---|---|---|001|---|
0198: 007|007|---|015|---|---|---|---|---|---|---|---|---|---|009|---|---|---|---|---|022|---|---|---|---|---|018|---|---|---|---|008|---|---|---|---|---|---|---|---|---|---|010|010|---|---|013|---|---|---|---|006|---|---|---|---|---|---|---|---|---|---|---|---|---|---|---|---|---|---|---|---|004|016|016|016|---|---|---|---|---|---|029|---|---|---|003|---|031|---|---|---|---|---|---|---|---|---|---|---|---|---|---|---|---|---|---|---|---|---|---|---|---|---|035|008|---|---|---|---|---|---|---|---|---|---|---|---|---|---|---|---|---|---|---|---|---|---|---|---|---|---|---|---|---|---|---|002|---|---|---|005|---|033|025|---|---|000|---|---|000|---|---|---|027|027|027|---|---|017|---|---|---|---|---|010|010|---|---|---|---|---|---|014|---|---|---|---|---|---|005|---|---|---|---|---|---|---|---|---|---|---|---|---|---|006|---|---|---|---|001|---|---|---|---|---|028|009|---|---|---|---|019|---|---|---|---|---|---|---|---|---|---|---|---|---|---|---|026|---|---|---|---|---|020|---|---|---|---|036|036|---|---|---|---|---|---|---|---|---|---|---|---|---|---|---|---|---|---|---|---|---|---|---|---|---|021|---|---|---|---|---|---|---|---|---|---|---|---|011|---|---|---|---|---|023|---|---|---|---|024|---|---|---|034|---|002|---|012|---|---|---|---|032|---|---|---|---|---|---|---|---|---|---|030|---|---|---|004|---|015|---|---|037|---|---|---|---|---|---|---|---|---|---|---|---|---|---|---|---|---|---|---|---|---|---|---|---|---|---|
0190: ---|---|---|---|---|---|018|---|---|---|---|---|---|024|---|---|---|---|035|---|---|---|004|---|013|---|027|027|027|---|---|010|010|---|---|---|---|---|---|---|---|---|---|---|---|---|---|---|---|---|---|---|---|---|---|---|---|---|---|---|---|---|---|---|---|---|---|---|---|---|---|---|---|---|---|008|---|---|000|005|002|---|---|---|031|037|---|---|---|---|---|---|---|---|---|---|005|---|---|---|---|---|017|---|---|---|---|---|---|010|010|---|025|---|---|002|009|---|023|---|---|---|---|---|---|---|006|---|---|---|---|---|---|---|---|---|---|---|---|---|---|---|---|---|---|---|---|---|---|---|---|---|---|---|---|---|---|036|036|---|---|---|---|---|---|---|---|---|---|---|---|---|015|---|---|---|---|---|---|---|---|012|---|---|---|---|---|---|003|---|---|---|---|---|---|---|---|---|---|---|---|---|---|---|---|---|---|---|021|---|---|---|---|---|---|---|---|---|---|---|---|---|---|---|---|---|---|---|---|032|---|---|028|---|---|034|---|---|---|---|---|---|---|---|---|---|---|---|---|011|004|---|---|---|---|022|019|---|---|---|---|---|---|---|---|---|---|---|006|---|---|---|---|---|---|---|---|---|---|001|---|---|---|---|---|---|---|---|---|---|---|---|---|---|014|---|---|---|---|---|030|---|007|007|---|---|033|---|008|---|---|---|---|---|---|009|---|---|---|000|---|---|029|---|---|---|---|020|015|---|026|016|016|016|---|---|---|---|---|---|---|---|---|---|---|---|---|---|---|---|---|---|---|---|---|---|---|---|---|---|
0180: ---|---|036|036|---|---|---|029|---|---|---|---|027|027|027|008|---|---|026|---|028|---|005|---|---|---|---|005|---|---|---|---|---|---|---|---|---|030|---|---|---|---|---|---|---|020|---|---|---|---|---|---|---|---|---|---|---|---|021|---|---|---|---|---|---|---|---|---|---|---|---|---|---|---|---|---|---|---|---|---|---|---|009|---|008|---|017|033|---|---|---|---|---|---|---|---|---|---|---|---|---|---|---|---|---|---|---|---|---|---|007|007|---|---|016|016|016|---|031|---|---|---|---|---|---|---|---|---|---|---|---|---|---|---|---|---|---|---|---|---|---|---|---|---|---|---|---|035|---|---|---|---|---|---|---|---|---|---|018|---|---|---|004|---|---|---|---|---|---|002|---|---|---|---|---|032|---|037|---|---|---|---|---|---|---|---|---|---|---|025|---|---|---|---|---|---|---|---|---|---|---|---|---|---|---|---|---|---|---|---|---|---|---|---|---|---|---|003|---|---|---|---|---|---|---|015|---|---|---|---|---|---|---|---|000|015|---|024|---|---|---|---|---|010|010|---|---|---|---|---|---|---|---|---|---|---|---|---|012|---|---|---|---|---|---|---|---|---|---|---|---|006|---|---|---|---|---|001|---|---|---|---|---|---|---|006|---|---|---|---|---|---|---|---|---|---|---|013|---|---|---|011|022|019|---|---|010|010|---|014|---|---|034|002|---|---|---|---|---|---|---|---|---|---|000|---|---|009|---|---|---|---|---|023|---|---|---|---|---|---|---|---|---|---|---|---|---|---|---|---|---|---|---|---|---|---|---|---|---|---|
0170: ---|---|---|---|---|---|004|---|---|035|---|---|---|---|---|---|---|---|014|---|---|000|---|---|---|---|---|020|---|---|037|---|---|---|---|---|031|---|---|---|---|---|---|---|---|---|018|---|001|---|---|---|---|---|---|---|---|006|---|---|---|---|---|---|---|---|---|---|---|---|---|---|---|---|---|010|010|---|009|016|016|016|033|---|---|---|026|---|---|---|007|007|---|---|---|---|---|---|---|---|032|---|015|034|---|---|---|---|---|027|027|027|---|---|---|---|---|003|---|---|---|---|---|---|---|---|---|---|---|---|---|---|---|---|---|---|---|---|---|---|---|---|---|---|---|---|---|---|---|---|---|---|---|---|015|---|---|---|---|---|---|---|---|---|---|---|---|---|008|010|010|---|---|---|---|---|013|---|---|---|---|---|---|002|011|---|---|---|---|---|008|---|---|---|---|---|---|---|---|---|---|---|---|---|---|---|---|---|---|---|---|---|---|---|---|---|---|017|---|---|---|---|---|---|---|---|---|---|---|---|---|---|---|---|---|---|---|---|---|---|030|---|---|---|---|---|---|---|---|019|---|---|004|---|---|028|---|---|---|---|---|---|025|---|---|---|---|---|---|---|---|---|---|021|---|---|---|---|---|---|---|---|---|---|---|---|---|---|---|036|036|---|---|---|---|---|---|---|012|---|---|---|---|029|---|---|023|---|---|000|---|---|009|---|---|---|---|---|---|---|005|---|---|---|022|024|---|---|---|---|---|---|002|---|---|---|---|---|---|---|---|---|---|---|---|---|---|---|---|---|---|006|---|---|---|---|---|---|---|---|
0168: ---|027|027|027|---|---|---|010|010|---|---|---|---|---|037|---|---|---|---|---|023|---|---|---|---|---|---|---|---|---|015|---|016|016|016|---|---|---|005|---|---|---|---|015|005|024|---|---|---|---|---|---|---|---|---|---|---|---|---|---|---|---|---|---|---|---|---|---|---|---|---|---|---|013|---|---|---|---|---|---|---|---|---|---|---|---|009|---|---|---|---|019|---|---|---|---|002|---|---|---|---|---|---|---|---|---|---|---|---|---|---|---|003|---|---|---|---|---|---|---|---|---|---|---|---|---|---|---|---|---|---|---|---|---|---|---|---|---|---|---|---|---|---|---|---|---|---|---|---|---|---|014|---|030|---|---|---|---|---|---|---|---|---|---|---|---|035|---|---|---|---|033|---|---|000|---|020|---|---|---|012|---|---|---|---|---|---|---|---|---|---|---|---|---|---|---|---|---|---|021|---|---|---|---|---|---|006|---|---|---|---|---|---|---|---|---|---|---|---|008|---|---|---|---|---|000|---|---|---|---|---|---|---|---|---|009|---|---|004|---|---|---|---|---|---|---|---|---|---|007|007|---|011|---|---|---|---|---|---|---|---|---|---|---|---|---|---|---|---|---|---|---|---|---|---|---|---|---|---|---|---|---|001|---|---|---|---|---|036|036|---|029|025|---|---|---|---|017|---|---|031|---|018|---|---|---|028|---|034|032|---|---|---|---|---|---|008|---|---|002|---|010|010|---|---|---|---|---|---|---|---|004|---|026|022|---|---|---|---|---|---|---|---|---|---|---|---|---|---|---|---|---|---|---|---|---|006|---|---|---|
0166: ---|---|005|---|032|---|---|---|---|---|---|---|---|010|010|---|---|---|---|---|---|---|029|---|034|036|036|---|---|---|---|---|---|---|---|---|---|---|---|---|012|---|---|---|005|---|---|---|---|---|---|---|---|---|---|---|---|---|---|---|---|---|---|---|---|---|---|---|---|---|---|---|028|008|014|---|---|---|---|---|017|009|009|---|---|027|027|027|---|---|---|007|007|---|---|---|035|---|---|---|023|---|---|---|002|015|---|---|---|---|---|---|---|---|---|031|---|---|---|---|---|---|---|---|---|---|---|---|---|---|---|---|---|---|---|---|---|---|---|---|---|---|---|---|018|---|---|---|---|---|019|---|---|---|---|---|---|---|---|---|008|---|---|---|---|---|003|---|015|---|---|---|---|---|---|011|---|---|---|---|---|---|---|026|---|---|---|---|---|---|---|---|---|---|---|006|---|---|---|---|---|---|---|---|---|---|---|---|---|---|---|---|---|---|---|---|---|---|---|---|---|---|---|033|---|---|---|---|---|---|---|---|---|---|---|013|---|010|010|---|---|---|---|---|---|---|024|---|---|---|---|---|---|---|---|---|030|---|---|---|---|---|000|---|---|---|---|---|---|---|---|---|---|---|---|---|---|---|---|---|---|---|---|---|---|---|---|---|---|020|037|---|---|---|---|---|---|022|---|---|---|---|---|---|---|---|004|000|---|---|002|---|---|---|---|---|---|---|---|---|016|016|016|---|025|---|---|---|---|---|---|---|---|---|---|---|---|---|---|---|006|---|---|---|---|---|---|---|---|---|001|---|---|---|---|021|---|---|---|---|
0146: ---|---|---|007|007|---|---|---|026|---|---|---|---|---|---|---|037|---|---|010|010|---|---|---|---|029|---|---|---|---|016|016|016|---|025|---|---|015|---|---|---|---|---|---|---|---|---|---|---|---|---|---|---|---|---|---|---|---|006|---|---|---|---|---|---|---|---|---|---|---|---|---|---|---|---|010|010|---|---|---|---|008|---|---|---|---|---|---|---|---|013|---|---|---|033|---|---|---|---|005|---|---|---|---|---|---|009|---|---|023|---|---|---|---|---|---|---|---|---|---|---|---|---|---|---|---|001|---|---|---|---|---|---|---|---|---|---|---|---|021|---|---|---|---|---|012|---|002|---|---|---|---|---|024|---|---|---|---|---|---|022|---|---|---|---|---|---|---|000|---|---|---|---|---|014|---|---|---|---|---|---|---|---|---|---|---|---|027|027|027|---|---|---|---|---|---|---|---|---|---|---|---|---|---|---|---|---|---|---|---|---|---|---|---|---|---|017|---|---|032|---|---|---|---|---|---|---|---|---|---|---|---|---|---|---|---|036|036|---|---|009|---|---|---|---|---|---|---|---|---|---|---|---|---|---|---|---|---|---|005|---|---|004|---|---|---|---|---|---|---|006|---|---|---|---|---|---|---|---|---|---|---|---|---|---|---|---|---|035|---|---|031|028|---|---|---|---|004|---|---|003|000|---|---|008|---|---|011|---|---|---|---|---|---|---|---|030|---|018|---|---|019|---|---|---|020|---|---|034|---|---|---|---|---|002|---|---|---|---|---|---|---|---|---|---|---|---|---|---|---|---|---|---|---|---|---|---|---|---|---|
5000 Generations finished after 12870ms
0946: 015|032|---|---|---|---|027|027|027|---|---|---|029|008|002|---|---|---|012|000|---|---|---|---|010|010|009|---|---|---|026|016|016|004|---|---|009|027|027|---|---|---|005|004|000|---|---|---|---|---|---|---|---|---|---|---|---|---|---|---|006|---|---|---|---|---|---|---|---|---|---|---|009|035|010|010|---|---|016|016|016|---|---|---|020|---|---|---|---|---|004|008|008|---|---|---|036|010|010|---|---|---|010|010|---|027|027|---|008|023|016|016|---|---|002|016|016|016|---|---|021|---|---|---|---|---|---|---|---|---|---|---|---|006|---|---|---|---|006|---|---|---|---|---|037|004|016|---|---|---|016|016|016|---|---|---|016|016|016|009|---|---|024|016|016|---|---|---|003|000|---|---|---|---|000|005|015|---|---|---|011|008|---|---|---|---|015|022|030|005|---|---|---|---|---|---|---|---|---|---|---|---|006|---|001|---|---|---|---|---|006|---|---|---|---|---|010|010|---|015|---|---|025|005|---|---|---|---|017|000|---|---|---|---|013|033|---|---|---|---|031|009|---|---|---|---|028|009|---|008|---|---|004|---|---|---|---|---|034|019|---|---|---|---|---|---|---|---|---|---|---|---|---|---|---|---|---|---|---|---|---|---|---|---|---|---|---|---|016|016|016|---|---|---|016|016|016|---|---|---|014|002|005|---|---|---|016|016|016|---|---|---|007|007|000|009|---|---|002|004|008|008|---|---|016|016|016|---|---|---|018|002|036|---|---|---|---|---|---|---|---|---|---|---|---|---|---|---|---|---|---|---|---|---|006|---|---|---|---|---|
0944: 015|032|---|---|---|---|027|027|027|---|---|---|029|008|002|---|---|---|012|000|---|---|---|---|010|010|009|---|---|---|026|016|016|004|---|---|009|027|027|---|---|---|005|004|000|---|---|---|---|---|---|---|---|---|---|---|---|---|---|---|006|---|---|---|---|---|---|---|---|---|---|---|009|035|010|010|---|---|016|016|016|---|---|---|020|---|---|---|---|---|004|008|008|---|---|---|036|010|010|---|---|---|010|010|014|027|027|---|008|023|016|016|---|---|002|016|016|016|---|---|021|---|---|---|---|---|---|---|---|---|---|---|---|006|---|---|---|---|006|---|---|---|---|---|037|004|016|---|---|---|016|016|016|---|---|---|016|016|016|009|---|---|024|016|016|---|---|---|003|000|---|---|---|---|000|005|015|---|---|---|011|008|---|---|---|---|015|022|030|005|---|---|---|---|---|---|---|---|---|---|---|---|006|---|001|---|---|---|---|---|006|---|006|---|---|---|010|010|---|015|---|---|025|005|---|---|---|---|017|000|---|---|---|---|013|033|---|---|---|---|031|009|---|---|---|---|028|009|---|008|---|---|004|---|---|---|---|---|034|019|---|---|---|---|---|---|---|---|---|---|---|---|---|---|---|---|---|---|---|---|---|---|---|---|---|---|---|---|016|016|016|---|---|---|016|016|016|---|---|---|---|002|005|---|---|---|016|016|016|---|---|---|007|007|000|009|---|---|002|004|008|008|---|---|016|016|016|---|---|---|018|002|036|---|---|---|---|---|---|---|---|---|---|---|---|---|---|---|---|---|---|---|---|---|006|---|---|---|---|---|
0940: 015|032|---|---|---|---|027|027|027|---|---|---|029|008|002|---|---|---|012|000|---|---|---|---|010|010|009|---|---|---|026|016|016|004|---|---|009|027|027|---|---|---|005|004|000|---|---|---|---|---|---|---|---|---|---|---|---|---|---|---|006|---|---|---|---|---|---|---|---|---|---|---|009|035|010|010|---|---|016|016|016|---|---|---|020|---|---|---|---|---|004|008|008|---|---|---|036|010|010|---|---|---|010|010|014|027|027|---|008|023|016|016|---|---|002|016|016|016|---|---|021|---|---|---|---|---|---|---|---|---|---|---|---|006|---|---|---|---|006|---|---|---|---|---|037|004|016|---|---|---|016|016|016|---|---|---|016|016|016|009|---|---|024|016|016|---|---|---|003|000|---|---|---|---|000|005|015|---|---|---|011|008|---|---|---|---|015|022|030|005|---|---|---|---|---|---|---|---|---|---|---|---|006|---|001|---|---|---|---|---|006|---|---|---|---|---|010|010|---|015|---|---|025|005|---|---|---|---|017|000|---|---|---|---|013|033|---|---|---|---|031|009|---|---|---|---|028|009|---|008|---|---|004|---|---|---|---|---|034|019|---|---|---|---|---|---|---|---|---|---|---|---|---|---|---|---|---|---|---|---|---|---|---|---|---|---|---|---|016|016|016|---|---|---|016|016|016|---|---|---|---|002|005|---|---|---|016|016|016|---|---|---|007|007|000|009|---|---|002|004|008|008|---|---|016|016|016|---|---|---|018|002|036|---|---|---|---|---|---|---|---|---|---|---|---|---|---|---|---|---|---|---|---|---|006|---|---|---|---|---|
0940: 015|032|---|---|---|---|027|027|027|---|---|---|029|008|002|---|---|---|012|000|---|---|---|---|010|010|009|---|---|---|026|016|016|---|---|---|009|027|027|019|---|---|005|004|---|---|---|---|---|---|---|---|---|---|---|---|---|---|---|---|006|---|---|---|---|---|---|006|---|---|---|---|009|009|010|010|---|---|016|016|016|---|---|---|020|---|004|---|---|---|004|008|---|---|---|---|036|010|010|---|---|---|010|010|030|027|027|---|008|023|016|016|---|---|---|016|016|016|---|---|021|---|---|---|---|---|---|---|---|---|---|---|---|006|---|---|---|---|006|---|---|---|---|---|037|004|016|---|---|---|016|016|016|---|---|---|016|016|016|009|---|---|024|016|010|010|---|---|003|000|---|---|---|---|000|005|015|---|---|---|011|008|010|010|---|---|015|022|035|005|---|---|---|---|---|---|---|---|---|---|---|---|006|---|001|---|---|---|---|---|006|---|---|---|---|---|010|010|---|015|---|---|025|005|---|---|---|---|017|000|---|---|---|---|013|033|---|---|---|---|031|009|---|---|---|---|028|009|---|008|---|---|004|004|---|---|---|---|034|---|---|---|---|---|---|---|---|---|---|---|---|---|---|---|---|---|---|---|---|---|---|---|---|---|---|---|---|---|016|016|016|---|---|---|016|016|016|---|---|---|014|002|005|---|---|---|016|016|016|---|---|---|007|007|000|009|---|---|002|004|---|008|---|---|016|016|016|---|---|---|018|002|036|---|---|---|---|---|---|---|---|---|---|---|---|---|---|---|---|---|---|---|---|---|006|---|---|---|---|---|
0940: 015|032|---|---|---|---|---|027|027|---|---|---|029|008|002|---|---|---|027|027|027|---|---|---|010|010|009|---|---|---|026|016|016|004|---|---|009|027|027|---|---|---|005|004|000|---|---|---|---|---|---|---|---|---|---|---|---|---|---|---|006|---|---|---|---|---|---|---|---|---|---|---|009|035|010|010|---|---|016|016|016|---|---|---|020|---|---|---|---|---|004|008|008|---|---|---|036|010|010|---|---|---|010|010|---|027|027|---|008|023|016|016|---|---|002|016|016|016|---|---|021|---|---|---|---|---|---|---|---|---|---|---|---|006|---|---|---|---|006|---|---|---|---|---|037|004|016|---|---|---|016|016|016|---|---|---|016|016|016|009|---|---|024|016|016|---|---|---|003|000|---|---|---|---|000|005|015|---|---|---|011|008|---|---|---|---|015|022|030|005|---|---|---|---|---|---|---|---|---|---|---|---|006|---|001|---|---|---|---|---|006|---|---|---|---|---|010|010|---|015|---|---|025|005|---|---|---|---|017|000|---|---|---|---|013|033|---|---|---|---|031|009|---|---|---|---|028|009|---|008|---|---|004|---|---|---|---|---|034|019|---|---|---|---|---|---|---|---|---|---|---|---|---|---|---|---|---|---|---|---|---|---|---|---|---|---|---|---|016|016|016|---|---|---|016|016|016|---|---|---|014|002|005|---|---|---|016|016|016|---|---|---|007|007|000|009|---|---|002|004|008|008|---|---|016|016|016|---|---|---|018|002|036|---|---|---|---|---|---|---|---|---|---|---|---|---|---|---|---|---|---|---|---|---|006|---|---|---|---|---|
0938: 015|032|---|---|---|---|027|027|027|---|---|---|029|008|002|---|---|---|012|000|---|---|---|---|010|010|009|---|---|---|026|016|016|004|---|---|009|027|027|---|---|---|005|004|000|---|---|---|---|---|---|---|---|---|---|---|---|---|---|---|006|---|---|---|---|---|---|---|---|---|---|---|009|035|010|010|---|---|016|016|016|---|---|---|020|---|---|---|---|---|004|008|008|---|---|---|---|010|010|---|---|---|010|010|---|027|027|---|008|023|016|016|---|---|002|016|016|016|---|---|021|---|---|---|---|---|---|---|---|---|---|---|---|006|---|---|---|---|006|---|---|---|---|---|037|004|016|---|---|---|016|016|016|---|---|---|016|016|016|009|---|---|024|016|016|---|---|---|003|000|---|---|---|---|000|005|015|---|---|---|011|008|---|---|---|---|015|022|030|005|---|---|---|---|---|---|---|---|---|---|---|---|006|---|001|---|---|---|---|---|006|---|---|---|---|---|010|010|---|015|---|---|025|005|---|---|---|---|017|000|---|---|---|---|013|033|---|---|---|---|031|009|036|036|---|---|028|009|---|008|---|---|004|---|---|---|---|---|034|019|---|---|---|---|---|---|---|---|---|---|---|---|---|---|---|---|---|---|---|---|---|---|---|---|---|---|---|---|016|016|016|---|---|---|016|016|016|---|---|---|014|002|005|---|---|---|016|016|016|---|---|---|007|007|000|009|---|---|002|004|008|008|---|---|016|016|016|---|---|---|018|002|036|---|---|---|---|---|---|---|---|---|---|---|---|---|---|---|---|---|---|---|---|---|006|---|---|---|---|---|
0936: 015|032|---|---|---|---|027|027|027|---|---|---|029|008|002|---|---|---|012|000|---|---|---|---|010|010|009|---|---|---|026|016|016|004|---|---|009|027|027|---|---|---|005|004|000|---|---|---|---|---|---|---|---|---|---|---|---|---|---|---|006|---|---|---|---|---|---|---|---|---|---|---|009|035|010|010|---|---|016|016|016|---|---|---|020|---|---|---|---|---|004|008|008|---|---|---|036|010|010|---|---|---|010|010|---|027|027|---|008|023|016|016|---|---|---|016|016|016|---|---|021|---|---|---|---|---|---|---|---|---|---|---|---|006|---|---|---|---|006|---|---|---|---|---|037|004|016|---|---|---|016|016|016|---|---|---|016|016|016|009|---|---|024|016|016|---|---|---|003|000|---|---|---|---|000|005|015|---|---|---|011|008|---|---|---|---|015|022|030|005|---|---|---|---|---|---|---|---|---|---|---|---|006|---|001|---|---|---|---|---|006|---|---|---|---|---|010|010|---|015|---|---|025|005|---|---|---|---|017|000|---|---|---|---|013|033|---|---|---|---|031|009|---|---|---|---|028|009|---|008|---|---|004|---|---|---|---|---|034|019|---|---|---|---|---|---|---|---|---|---|---|---|---|---|---|---|---|---|---|---|---|---|---|---|---|---|---|---|016|016|016|---|---|---|016|016|016|---|---|---|014|002|005|---|---|---|016|016|016|---|---|---|007|007|000|009|---|---|002|004|008|008|---|---|016|016|016|---|---|---|018|002|036|---|---|---|---|---|---|---|---|---|---|---|---|---|---|---|---|---|---|---|---|---|006|---|---|---|---|---|
0936: 015|032|---|---|---|---|---|027|027|---|---|---|029|008|002|---|---|---|027|027|027|---|---|---|010|010|009|---|---|---|026|016|016|004|---|---|009|027|027|---|---|---|005|004|000|---|---|---|---|---|---|---|---|---|---|---|---|---|---|---|006|---|---|---|---|---|---|---|---|---|---|---|009|035|010|010|---|---|016|016|016|---|---|---|020|---|---|---|---|---|004|008|008|---|---|---|036|010|010|---|---|---|010|010|---|027|027|---|008|023|016|016|---|---|002|016|016|016|---|---|021|---|---|---|---|---|---|---|---|---|---|---|---|006|---|---|---|---|006|---|---|---|---|---|037|004|016|---|---|---|016|016|016|---|---|---|016|016|016|009|---|---|024|016|016|---|---|---|003|000|---|---|---|---|000|005|015|---|---|---|011|008|---|---|---|---|015|022|030|005|---|---|---|---|---|---|---|---|---|---|---|---|006|---|001|---|---|---|---|---|006|---|---|---|---|---|010|010|---|015|---|---|025|005|---|---|---|---|017|000|---|---|---|---|013|033|---|---|---|---|031|009|---|---|---|---|028|009|---|008|---|---|004|---|---|---|---|---|034|019|---|---|---|---|---|---|---|---|---|---|---|---|---|---|---|---|---|---|---|---|---|---|---|---|---|---|---|---|016|016|016|---|---|---|016|016|016|---|008|---|014|002|005|---|---|---|016|016|016|---|---|---|007|007|000|009|---|---|002|004|008|008|---|---|016|016|016|---|---|---|018|002|036|---|---|---|---|---|---|---|---|---|---|---|---|---|---|---|---|---|---|---|---|---|006|---|---|---|---|---|
0934: 015|032|---|---|---|---|---|027|027|---|---|---|029|008|002|---|---|---|027|027|027|---|---|---|010|010|---|---|---|---|026|016|016|004|---|---|009|027|027|---|---|---|005|004|000|---|---|---|---|---|---|---|---|---|---|---|---|---|---|---|006|---|---|---|---|---|---|---|---|---|---|---|009|035|010|010|---|---|016|016|016|---|---|---|020|---|---|---|---|---|004|008|008|---|---|---|036|010|010|---|---|---|010|010|---|027|027|---|008|023|016|016|---|---|002|016|016|016|---|---|021|---|---|---|---|---|---|---|---|---|---|---|---|006|---|---|---|---|006|---|---|---|---|---|037|004|016|---|---|---|016|016|016|---|---|---|016|016|016|009|---|---|024|016|016|---|---|---|003|000|---|---|---|---|000|005|015|---|---|---|011|008|---|---|---|---|015|022|030|005|---|---|---|---|---|---|---|---|---|---|---|---|006|---|001|---|---|---|---|---|006|---|---|---|---|---|010|010|---|015|---|---|025|005|---|---|---|---|017|000|---|---|---|---|013|033|---|---|---|---|031|009|---|---|---|---|028|009|---|008|---|---|004|---|---|---|---|---|034|019|---|---|---|---|---|---|---|---|---|---|---|---|---|---|---|---|---|---|---|---|---|---|---|---|---|---|---|---|016|016|016|---|---|---|016|016|016|009|---|---|014|002|005|---|---|---|016|016|016|---|---|---|007|007|000|009|---|---|002|004|008|008|---|---|016|016|016|---|---|---|018|002|036|---|---|---|---|---|---|---|---|---|---|---|---|---|---|---|---|---|---|---|---|---|006|---|---|---|---|---|
0934: 015|032|---|---|---|---|027|027|027|---|---|---|029|008|002|---|---|---|012|000|---|---|---|---|010|010|009|---|---|---|026|016|016|---|---|---|009|027|027|019|---|---|005|004|---|---|---|---|---|---|---|---|---|---|---|---|---|---|---|---|006|---|---|---|---|---|---|---|---|---|---|---|009|009|010|010|---|---|016|016|016|---|---|---|020|---|004|---|---|---|004|008|---|---|---|---|036|010|010|---|---|---|010|010|030|027|027|---|008|023|016|016|---|---|---|016|016|016|---|---|021|---|---|---|---|---|---|---|---|---|---|---|---|006|---|---|---|---|006|---|---|---|---|---|037|004|016|---|---|---|016|016|016|---|---|---|016|016|016|009|---|---|024|016|016|---|---|---|003|000|---|---|---|---|000|005|015|---|---|---|011|008|010|010|---|---|015|022|035|005|---|---|---|---|---|---|---|---|---|---|---|---|006|---|001|---|---|---|---|---|006|---|---|---|---|---|010|010|---|015|---|---|025|005|---|---|---|---|017|000|---|---|---|---|013|033|---|---|---|---|031|009|---|---|---|---|028|009|---|008|---|---|004|004|---|---|---|---|034|---|---|---|---|---|---|---|---|---|---|---|---|---|---|---|---|---|---|---|---|---|---|---|---|---|---|---|---|---|016|016|016|---|---|---|016|016|016|---|---|---|014|002|005|---|---|---|016|016|016|---|---|---|007|007|000|009|---|---|002|004|---|008|---|---|016|016|016|---|---|---|018|002|036|---|---|---|---|---|---|---|---|---|---|---|---|---|---|---|---|---|---|---|---|---|006|---|---|---|---|---|
0934: 015|032|---|---|---|---|---|027|027|---|---|---|029|008|002|---|---|---|027|027|027|---|---|---|010|010|009|---|---|---|026|016|016|004|---|---|009|027|027|---|---|---|005|004|000|---|---|---|---|---|---|---|---|---|---|---|---|---|---|---|006|---|---|---|---|---|---|---|---|---|---|---|009|035|010|010|---|---|016|016|016|---|---|---|020|---|---|---|---|---|004|008|008|---|---|---|036|010|010|---|---|---|010|010|---|027|027|---|008|023|016|016|---|---|002|016|016|016|---|---|021|---|---|---|---|---|---|---|---|---|---|---|---|006|---|---|---|---|006|---|---|---|---|---|---|004|016|---|---|---|016|016|016|---|---|---|016|016|016|009|---|---|024|016|016|---|---|---|003|000|037|---|---|---|000|005|015|---|---|---|011|008|---|---|---|---|015|022|030|005|---|---|---|---|---|---|---|---|---|---|---|---|006|---|001|---|---|---|---|---|006|---|---|---|---|---|010|010|---|015|---|---|025|005|---|---|---|---|017|000|---|---|---|---|013|033|---|---|---|---|031|009|---|---|---|---|028|009|---|008|---|---|004|---|---|---|---|---|034|019|---|---|---|---|---|---|---|---|---|---|---|---|---|---|---|---|---|---|---|---|---|---|---|---|---|---|---|---|016|016|016|---|---|---|016|016|016|---|---|---|014|002|005|---|---|---|016|016|016|---|---|---|007|007|000|009|---|---|002|004|008|008|---|---|016|016|016|---|---|---|018|002|036|---|---|---|---|---|---|---|---|---|---|---|---|---|---|---|---|---|---|---|---|---|006|---|---|---|---|---|
0934: 015|032|---|---|---|---|---|027|027|---|---|---|029|008|002|---|---|---|012|000|---|---|---|---|010|010|009|---|---|---|026|016|016|---|---|---|009|027|027|---|---|---|005|004|000|---|---|---|---|---|---|---|---|---|---|---|---|---|---|---|006|---|---|---|---|---|---|---|---|---|---|---|009|035|010|010|---|---|016|016|016|---|---|---|020|027|027|027|---|---|004|008|008|---|---|---|036|010|010|---|---|---|010|010|---|027|027|---|008|023|016|016|---|---|018|016|016|016|---|---|021|---|---|---|---|---|---|---|---|---|---|---|---|006|---|---|---|---|006|---|---|---|---|---|037|004|016|---|---|---|016|016|016|---|---|---|016|016|016|009|---|---|024|016|016|---|---|---|003|000|---|---|---|---|000|005|015|---|---|---|011|008|---|---|004|---|015|022|030|005|---|---|---|---|---|---|---|---|---|---|---|---|006|---|001|---|---|---|---|---|006|---|---|---|---|---|010|010|---|015|---|---|025|005|---|---|---|---|017|000|---|---|---|---|013|033|---|---|---|---|031|009|---|---|---|---|028|009|---|008|---|---|004|---|---|---|---|---|034|019|---|---|---|---|---|---|---|---|---|---|---|---|---|---|---|---|---|---|---|---|---|---|---|---|---|---|---|---|016|016|016|---|---|---|016|016|016|---|---|---|014|002|005|---|---|---|016|016|016|---|---|---|007|007|000|009|---|---|002|004|008|008|---|---|016|016|016|---|---|---|---|002|036|---|---|---|---|---|---|---|---|---|---|---|---|---|---|---|---|---|---|---|---|---|006|---|---|---|---|---|
0934: 015|032|---|---|---|---|027|027|027|---|---|---|029|008|002|---|---|---|012|000|---|---|---|---|010|010|009|---|---|---|026|016|016|---|---|---|009|027|027|---|---|---|005|004|000|---|---|---|---|---|---|---|---|---|---|---|---|---|---|---|006|---|---|---|---|---|---|---|---|---|---|---|009|035|010|010|---|---|016|016|016|---|---|---|020|---|---|---|---|---|004|008|008|---|---|---|036|010|010|---|---|---|010|010|---|027|027|---|008|023|016|016|---|---|---|016|016|016|---|---|021|---|---|---|---|---|---|---|---|---|---|---|---|006|---|---|---|---|006|---|---|---|---|---|037|004|016|---|---|---|016|016|016|---|---|---|016|016|016|009|---|---|024|016|016|---|---|---|003|000|---|---|---|---|000|005|015|---|---|---|011|008|---|---|004|---|015|022|030|005|---|---|---|---|---|---|---|---|---|---|---|---|006|---|001|---|---|---|---|---|006|---|---|---|---|---|010|010|---|015|---|---|025|005|---|---|---|---|017|000|---|---|---|---|013|033|---|---|---|---|031|009|---|---|---|---|028|009|---|008|---|---|004|---|---|---|---|---|034|019|---|---|---|---|---|---|---|---|---|---|---|---|---|---|---|---|---|---|---|---|---|---|---|---|---|---|---|---|016|016|016|---|---|---|016|016|016|---|---|---|014|002|005|---|---|---|016|016|016|---|---|---|007|007|000|009|---|---|002|004|008|008|---|---|016|016|016|---|---|---|018|002|036|---|---|---|---|---|---|---|---|---|---|---|---|---|---|---|---|---|---|---|---|---|006|---|---|---|---|---|
0934: 015|032|---|---|---|---|027|027|027|---|---|---|029|008|002|---|---|---|012|000|---|---|---|---|010|010|009|---|---|---|026|016|016|---|---|---|009|027|027|---|---|---|005|004|000|---|---|---|---|---|---|---|---|---|---|---|---|---|---|---|006|---|---|---|---|---|---|---|---|---|---|---|009|035|010|010|---|---|016|016|016|---|---|---|020|---|---|---|---|---|004|008|008|---|---|---|036|010|010|---|---|---|010|010|---|027|027|---|008|023|016|016|---|---|018|016|016|016|---|---|021|---|---|---|---|---|---|---|---|---|---|---|---|006|---|---|---|---|006|---|---|---|---|---|---|004|016|---|---|---|016|016|016|---|---|---|016|016|016|009|---|---|024|016|016|---|---|---|003|000|---|---|---|---|000|005|015|---|---|---|011|008|---|---|004|---|015|022|030|005|---|---|---|---|---|---|---|---|---|---|---|---|006|---|001|---|---|---|---|---|006|---|---|---|---|---|010|010|---|015|---|---|025|005|---|---|---|---|017|000|---|---|---|---|013|033|---|---|---|---|031|009|---|---|---|---|028|009|---|008|---|---|004|---|---|---|---|---|034|019|---|---|---|---|---|---|---|---|---|---|---|---|---|---|---|---|---|---|---|---|---|---|---|---|---|---|---|---|016|016|016|---|---|---|016|016|016|---|---|---|014|002|005|---|---|---|016|016|016|---|---|---|007|007|000|009|---|---|002|004|008|008|---|---|016|016|016|---|---|---|037|002|036|---|---|---|---|---|---|---|---|---|---|---|---|---|---|---|---|---|---|---|---|---|006|---|---|---|---|---|
0934: 015|032|---|---|---|---|027|027|027|---|---|---|029|008|002|---|---|---|012|000|---|---|---|---|010|010|009|---|---|---|026|016|016|004|---|---|009|027|027|---|---|---|005|004|000|002|---|---|---|---|---|---|---|---|---|---|---|---|---|---|006|---|---|---|---|---|---|---|---|---|---|---|009|035|010|010|---|---|016|016|016|---|---|---|020|---|---|---|---|---|004|008|008|---|---|---|036|010|010|---|---|---|010|010|---|027|027|---|008|023|016|016|---|---|---|016|016|016|---|---|021|---|---|---|---|---|---|---|---|---|---|---|---|006|---|---|---|---|006|---|---|---|---|---|037|004|016|---|---|---|016|016|016|---|---|---|016|016|016|009|---|---|024|016|016|---|---|---|003|000|---|---|---|---|000|005|015|---|---|---|011|008|---|---|---|---|015|022|030|005|---|---|---|---|---|---|---|---|---|---|---|---|006|---|001|---|---|---|---|---|006|---|---|---|---|---|010|010|---|015|---|---|025|005|---|---|---|---|017|000|---|---|---|---|013|033|---|---|---|---|031|009|---|---|---|---|028|009|---|008|---|---|004|---|---|---|---|---|034|019|---|---|---|---|---|---|---|---|---|---|---|---|---|---|---|---|---|---|---|---|---|---|---|---|---|---|---|---|016|016|016|---|---|---|016|016|016|---|---|---|014|002|005|---|---|---|016|016|016|---|---|---|007|007|000|009|---|---|002|004|008|008|---|---|016|016|016|---|---|---|018|002|036|---|---|---|---|---|---|---|---|---|---|---|---|---|---|---|---|---|---|---|---|---|006|---|---|---|---|---|
0934: 015|032|---|---|---|---|027|027|027|---|---|---|---|008|002|---|---|---|012|000|---|---|---|---|010|010|009|---|---|---|026|016|016|004|---|---|009|027|027|---|---|---|005|004|000|---|---|---|---|---|---|---|---|---|---|---|---|---|---|---|006|---|---|---|---|---|---|---|---|---|---|---|009|035|010|010|---|---|016|016|016|---|---|---|020|---|---|---|---|---|004|008|008|---|---|---|036|010|010|---|---|---|010|010|---|027|027|---|008|023|016|016|---|---|002|016|016|016|---|---|021|---|---|---|---|---|---|---|---|---|---|---|---|006|---|---|---|---|006|---|---|---|---|---|037|004|016|---|---|---|016|016|016|---|---|---|016|016|016|009|---|---|024|016|016|---|---|---|003|000|---|---|---|---|000|005|015|---|---|---|011|008|---|---|---|---|015|022|030|005|---|---|---|---|---|---|---|---|---|---|---|---|006|---|001|---|---|---|---|---|006|---|---|---|---|---|010|010|---|015|---|---|025|005|---|---|---|---|017|000|---|---|---|---|013|033|---|---|---|---|031|009|---|---|---|---|028|009|---|008|---|---|004|---|---|---|---|---|034|019|---|---|---|---|---|---|---|---|---|---|---|---|---|---|---|---|---|---|---|---|---|---|---|---|---|---|---|---|016|016|016|029|---|---|016|016|016|---|---|---|014|002|005|---|---|---|016|016|016|---|---|---|007|007|000|009|---|---|002|004|008|008|---|---|016|016|016|---|---|---|018|002|036|---|---|---|---|---|---|---|---|---|---|---|---|---|---|---|---|---|---|---|---|---|006|---|---|---|---|---|
0934: 015|032|---|---|---|---|027|027|027|---|---|---|029|008|002|---|---|---|012|000|---|---|---|---|010|010|009|---|---|---|026|016|016|---|---|---|009|027|027|---|---|---|005|004|000|---|---|---|---|---|---|---|---|---|---|---|---|---|---|---|006|---|---|---|---|---|---|---|---|---|---|---|009|035|010|010|---|---|016|016|016|---|---|---|020|---|---|---|---|---|004|008|008|---|---|---|036|010|010|---|---|---|010|010|---|027|027|---|008|023|016|016|---|---|018|016|016|016|---|---|021|---|---|---|---|---|---|---|---|---|---|---|---|006|---|---|---|---|006|---|---|---|---|---|037|004|016|---|---|---|016|016|016|---|---|---|016|016|016|009|---|---|024|016|016|---|---|---|003|000|---|---|---|---|000|005|015|---|---|---|011|008|---|---|004|---|015|022|030|005|---|---|---|---|---|---|---|---|---|---|---|---|006|---|001|---|---|---|---|---|006|---|---|---|---|---|010|010|---|015|---|---|025|005|---|---|---|---|017|000|---|---|---|---|013|033|---|---|---|---|031|009|---|---|---|---|028|009|---|008|---|---|004|---|---|---|---|---|034|019|---|---|---|---|---|---|---|---|---|---|---|---|---|---|---|---|---|---|---|---|---|---|---|---|---|---|---|---|016|016|016|---|---|---|016|016|016|---|---|---|014|002|005|---|---|---|016|016|016|---|---|---|007|007|000|009|---|---|002|004|008|008|---|---|016|016|016|---|---|---|---|002|036|---|---|---|---|---|---|---|---|---|---|---|---|---|---|---|---|---|---|---|---|---|006|---|---|---|---|---|
0932: 015|032|---|---|002|---|027|027|027|---|---|---|029|008|002|---|---|---|012|000|---|---|---|---|010|010|009|---|---|---|026|016|016|004|---|---|009|027|027|---|---|---|005|004|000|---|---|---|---|---|---|---|---|---|---|---|---|---|---|---|006|---|---|---|---|---|---|---|---|---|---|---|009|035|010|010|---|---|016|016|016|---|---|---|020|---|---|---|---|---|004|008|008|---|---|---|036|010|010|---|---|---|010|010|---|027|027|---|008|023|016|016|---|---|---|016|016|016|---|---|021|---|---|---|---|---|---|---|---|---|---|---|---|006|---|---|---|---|006|---|---|---|---|---|037|004|016|---|---|---|016|016|016|---|---|---|016|016|016|009|---|---|024|016|016|---|---|---|003|000|---|---|---|---|000|005|015|---|---|---|011|008|---|---|---|---|015|022|030|005|---|---|---|---|---|---|---|---|---|---|---|---|006|---|001|---|---|---|---|---|006|---|---|---|---|---|010|010|---|015|---|---|025|005|---|---|---|---|017|000|---|---|---|---|013|033|---|---|---|---|031|009|---|---|---|---|028|009|---|008|---|---|004|---|---|---|---|---|034|019|---|---|---|---|---|---|---|---|---|---|---|---|---|---|---|---|---|---|---|---|---|---|---|---|---|---|---|---|016|016|016|---|---|---|016|016|016|---|---|---|014|002|005|---|---|---|016|016|016|---|---|---|007|007|000|009|---|---|002|004|008|008|---|---|016|016|016|---|---|---|018|002|036|---|---|---|---|---|---|---|---|---|---|---|---|---|---|---|---|---|---|---|---|---|006|---|---|---|---|---|
0932: 015|032|---|---|---|---|027|027|027|---|---|---|029|008|002|---|---|---|012|000|---|---|---|---|010|010|009|---|---|---|026|016|016|004|---|---|009|027|027|---|---|---|005|004|000|002|---|---|---|---|---|---|---|---|---|---|---|---|---|---|006|---|---|---|---|---|---|---|---|---|---|---|009|035|010|010|---|---|016|016|016|---|---|---|020|---|---|---|---|---|004|008|008|---|---|---|036|010|010|---|---|---|010|010|---|027|027|---|008|023|016|016|---|---|---|016|016|016|---|---|021|---|---|---|---|---|---|---|---|---|---|---|---|006|---|---|---|---|006|---|---|---|---|---|037|004|016|---|---|---|016|016|016|---|---|---|016|016|016|009|---|---|024|016|016|---|---|---|003|000|---|---|---|---|000|005|015|---|---|---|011|008|---|---|---|---|015|022|030|005|---|---|---|---|---|---|---|---|---|---|---|---|006|---|---|---|---|---|---|---|006|---|---|---|---|---|010|010|---|015|---|---|025|005|---|---|---|---|017|000|---|---|---|---|013|033|---|---|---|---|031|009|---|---|---|---|028|009|---|008|---|---|004|---|---|---|---|---|034|019|---|---|---|---|---|---|---|---|---|---|---|---|---|---|---|---|---|001|---|---|---|---|---|---|---|---|---|---|016|016|016|---|---|---|016|016|016|---|---|---|014|002|005|---|---|---|016|016|016|---|---|---|007|007|000|009|---|---|002|004|008|008|---|---|016|016|016|---|---|---|018|002|036|---|---|---|---|---|---|---|---|---|---|---|---|---|---|---|---|---|---|---|---|---|006|---|---|---|---|---|
0932: 015|032|---|---|---|---|027|027|027|---|---|---|029|008|002|---|---|---|012|000|---|---|---|---|010|010|009|---|---|---|026|016|016|---|---|---|009|027|027|019|---|---|005|004|---|---|---|---|---|---|---|---|---|---|---|---|---|---|---|---|006|---|---|---|---|---|---|---|---|---|---|---|009|009|010|010|---|---|016|016|016|---|---|---|020|014|004|---|---|---|004|008|---|---|---|---|036|010|010|---|---|---|010|010|030|027|027|---|008|---|016|016|---|---|---|016|016|016|---|---|021|---|---|---|---|---|---|---|---|---|---|---|---|006|---|---|---|---|006|---|---|---|---|---|037|004|016|---|---|---|016|016|016|---|---|---|016|016|016|009|---|---|024|016|016|---|---|---|003|000|---|---|---|---|000|005|015|---|---|---|011|008|010|010|---|---|015|022|035|005|---|---|---|---|---|---|---|---|---|---|---|---|006|---|001|---|---|---|---|---|006|---|---|---|---|---|010|010|---|015|---|---|025|005|---|---|---|---|017|000|---|---|---|---|013|033|---|---|---|---|031|009|---|---|---|---|028|009|---|008|---|---|004|004|---|---|---|---|034|023|---|---|---|---|---|---|---|---|---|---|---|---|---|---|---|---|---|---|---|---|---|---|---|---|---|---|---|---|016|016|016|---|---|---|016|016|016|---|---|---|---|002|005|---|---|---|016|016|016|---|---|---|007|007|000|009|---|---|002|004|---|008|---|---|016|016|016|---|---|---|018|002|036|---|---|---|---|---|---|---|---|---|---|---|---|---|---|---|---|---|---|---|---|---|006|---|---|---|---|---|
######################
Alle Professoren
Tag 0---------------
---
---
---
---
---
---
---
---
---
---
---
---
---
---
---
---
---
---
---
---
---
---
---
---
---
---
---
---
---
---
---
---
---
---
---
---
---
---
---
---
---
---
---
---
---
---
---
---
---
---
---
---
---
---
---
---
---
---
---
---
---
---
---
---
---
---
---
---
---
---
---
---
Tag 1---------------
---
---
---
---
---
---
---
---
---
---
---
---
---
---
---
---
---
---
---
---
---
---
---
---
---
---
---
---
---
---
---
---
---
---
---
---
---
---
---
---
---
---
---
---
---
---
---
---
---
---
---
---
---
---
---
---
---
---
---
---
---
---
---
---
---
---
---
---
---
---
---
---
Tag 2---------------
---
---
---
---
---
---
---
---
---
---
---
---
---
---
---
---
---
---
---
---
---
---
---
---
---
---
---
---
---
---
---
---
---
---
---
---
---
---
---
---
---
---
---
---
---
---
---
---
---
---
---
---
---
---
---
---
---
---
---
---
---
---
---
---
---
---
---
---
---
---
---
---
Tag 3---------------
---
---
---
---
---
---
---
---
---
---
---
---
---
---
---
---
---
---
---
---
---
---
---
---
---
---
---
---
---
---
---
---
---
---
---
---
---
---
---
---
---
---
---
---
---
---
---
---
---
---
---
---
---
---
---
---
---
---
---
---
---
---
---
---
---
---
---
---
---
---
---
---
Tag 4---------------
---
---
---
---
---
---
---
---
---
---
---
---
---
---
---
---
---
---
---
---
---
---
---
---
---
---
---
---
---
---
---
---
---
---
---
---
---
---
---
---
---
---
---
---
---
---
---
---
---
---
---
---
---
---
---
---
---
---
---
---
---
---
---
---
---
---
---
---
---
---
---
---

######################

Tag 0---------------
---
---
---
---
---
---
---
---
---
---
---
---
---
---
---
---
---
---
---
---
---
---
---
---
---
---
---
---
---
---
---
---
---
---
---
---
---
---
---
---
---
---
---
---
---
---
---
---
---
---
---
---
---
---
---
---
---
---
---
---
---
---
---
---
---
---
---
---
---
---
---
---
Tag 1---------------
---
---
---
---
---
---
---
---
---
---
---
---
---
---
---
---
---
---
---
---
---
---
---
---
---
---
---
---
---
---
---
---
---
---
---
---
---
---
---
---
---
---
---
---
---
---
---
---
---
---
---
---
---
---
---
---
---
---
---
---
---
---
---
---
---
---
---
---
---
---
---
---
Tag 2---------------
---
---
---
---
---
---
---
---
---
---
---
---
---
---
---
---
---
---
---
---
---
---
---
---
---
---
---
---
---
---
---
---
---
---
---
---
---
---
---
---
---
---
---
---
---
---
---
---
---
---
---
---
---
---
---
---
---
---
---
---
---
---
---
---
---
---
---
---
---
---
---
---
Tag 3---------------
---
---
---
---
---
---
---
---
---
---
---
---
---
---
---
---
---
---
---
---
---
---
---
---
---
---
---
---
---
---
---
---
---
---
---
---
---
---
---
---
---
---
---
---
---
---
---
---
---
---
---
---
---
---
---
---
---
---
---
---
---
---
---
---
---
---
---
---
---
---
---
---
Tag 4---------------
---
---
---
---
---
---
---
---
---
---
---
---
---
---
---
---
---
---
---
---
---
---
---
---
---
---
---
---
---
---
---
---
---
---
---
---
---
---
---
---
---
---
---
---
---
---
---
---
---
---
---
---
---
---
---
---
---
---
---
---
---
---
---
---
---
---
---
---
---
---
---
---

######################
!!Noch nicht angelegt
Tag 0---------------
---
---
---
---
---
---
---
---
---
---
---
---
---
---
---
---
---
---
---
---
---
---
---
---
---
---
---
---
---
---
---
---
---
---
---
---
---
---
---
---
---
---
---
---
---
---
---
---
---
---
---
---
---
---
---
---
---
---
---
---
---
---
---
---
---
---
---
---
---
---
---
---
Tag 1---------------
---
---
---
---
---
---
---
---
---
---
---
---
---
---
---
---
---
---
---
---
---
---
---
---
---
---
---
---
---
---
---
---
---
---
---
---
---
---
---
---
---
---
---
---
---
---
---
---
---
---
---
---
---
---
---
---
---
---
---
---
---
---
---
---
---
---
---
---
---
---
---
---
Tag 2---------------
---
---
---
---
---
---
---
---
---
---
---
---
---
---
---
---
---
---
---
---
---
---
---
---
---
---
---
---
---
---
---
---
---
---
---
---
---
---
---
---
---
---
---
---
---
---
---
---
---
---
---
---
---
---
---
---
---
---
---
---
---
---
---
---
---
---
---
---
---
---
---
---
Tag 3---------------
---
---
---
---
---
---
---
---
---
---
---
---
---
---
---
---
---
---
---
---
---
---
---
---
---
---
---
---
---
---
---
---
---
---
---
---
---
---
---
---
---
---
---
---
---
---
---
---
---
---
---
---
---
---
---
---
---
---
---
---
---
---
---
---
---
---
---
---
---
---
---
---
Tag 4---------------
---
---
---
---
---
---
---
---
---
---
---
---
---
---
---
---
---
---
---
---
---
---
---
---
---
---
---
---
---
---
---
---
---
---
---
---
---
---
---
---
---
---
---
---
---
---
---
---
---
---
---
---
---
---
---
---
---
---
---
---
---
---
---
---
---
---
---
---
---
---
---
---

######################
Bröckl
Tag 0---------------
---
---
---
---
---
---
---
---
---
---
---
---
---
---
---
---
---
---
---
---
---
---
---
---
---
---
---
---
---
---
---
---
---
---
---
---
---
---
---
---
---
---
---
---
---
---
---
---
---
---
---
---
---
---
---
---
---
---
---
---
---
---
---
---
---
---
---
---
---
---
---
---
Tag 1---------------
---
---
---
---
---
---
---
---
---
---
---
---
---
---
---
---
---
---
---
---
---
---
---
---
---
---
---
---
---
---
---
---
---
---
---
---
---
---
---
---
---
---
---
---
---
---
---
---
---
---
---
---
---
---
---
---
---
---
---
---
---
---
---
---
---
---
---
---
---
---
---
---
Tag 2---------------
---
---
---
---
---
---
---
---
---
---
---
---
---
---
---
---
---
---
---
---
---
---
---
---
---
---
---
---
---
---
---
---
---
---
---
---
---
---
---
---
---
---
---
---
---
---
---
---
---
---
---
---
---
---
---
---
---
---
---
---
---
---
---
---
---
---
---
---
---
---
---
---
Tag 3---------------
---
---
---
---
---
---
---
---
---
---
---
---
---
---
---
---
---
---
---
---
---
---
---
---
---
---
---
---
---
---
---
---
---
---
---
---
---
---
---
---
---
---
---
---
---
---
---
---
---
---
---
---
---
---
---
---
---
---
---
---
---
---
---
---
---
---
---
---
---
---
---
---
Tag 4---------------
---
---
---
---
---
---
---
---
---
---
---
---
---
---
---
---
---
---
---
---
---
---
---
---
---
---
---
---
---
---
---
---
---
---
---
---
---
---
---
---
---
---
---
---
---
---
---
---
---
---
---
---
---
---
---
---
---
---
---
---
---
---
---
---
---
---
---
---
---
---
---
---

######################
Ditzinger
Tag 0---------------
---
---
---
---
---
---
---
---
---
---
---
---
---
---
---
---
---
---
---
---
---
---
---
---
---
---
---
---
---
---
---
---
---
---
---
---
---
---
---
---
---
---
---
---
---
---
---
---
---
---
---
---
---
---
---
---
---
---
---
---
---
---
---
---
---
---
---
---
---
---
---
---
Tag 1---------------
---
---
---
---
---
---
---
---
---
---
---
---
---
---
---
---
---
---
---
---
---
---
---
---
---
---
---
---
---
---
---
---
---
---
---
---
---
---
---
---
---
---
---
---
---
---
---
---
---
---
---
---
---
---
---
---
---
---
---
---
---
---
---
---
---
---
---
---
---
---
---
---
Tag 2---------------
---
---
---
---
---
---
---
---
---
---
---
---
---
---
---
---
---
---
---
---
---
---
---
---
---
---
---
---
---
---
---
---
---
---
---
---
---
---
---
---
---
---
---
---
---
---
---
---
---
---
---
---
---
---
---
---
---
---
---
---
---
---
---
---
---
---
---
---
---
---
---
---
Tag 3---------------
---
---
---
---
---
---
---
---
---
---
---
---
---
---
---
---
---
---
---
---
---
---
---
---
---
---
---
---
---
---
---
---
---
---
---
---
---
---
---
---
---
---
---
---
---
---
---
---
---
---
---
---
---
---
---
---
---
---
---
---
---
---
---
---
---
---
---
---
---
---
---
---
Tag 4---------------
---
---
---
---
---
---
---
---
---
---
---
---
---
---
---
---
---
---
---
---
---
---
---
---
---
---
---
---
---
---
---
---
---
---
---
---
---
---
---
---
---
---
---
---
---
---
---
---
---
---
---
---
---
---
---
---
---
---
---
---
---
---
---
---
---
---
---
---
---
---
---
---

######################
Dübon
Tag 0---------------
---
---
---
---
---
---
---
---
---
---
---
---
---
---
---
---
---
---
---
---
---
---
---
---
---
---
---
---
---
---
---
---
---
---
---
---
---
---
---
---
---
---
---
---
---
---
---
---
---
---
---
---
---
---
---
---
---
---
---
---
---
---
---
---
---
---
---
---
---
---
---
---
Tag 1---------------
---
---
---
---
---
---
---
---
---
---
---
---
---
---
---
---
---
---
---
---
---
---
---
---
---
---
---
---
---
---
---
---
---
---
---
---
---
---
---
---
---
---
---
---
---
---
---
---
---
---
---
---
---
---
---
---
---
---
---
---
---
---
---
---
---
---
---
---
---
---
---
---
Tag 2---------------
---
---
---
---
---
---
---
---
---
---
---
---
---
---
---
---
---
---
---
---
---
---
---
---
---
---
---
---
---
---
---
---
---
---
---
---
---
---
---
---
---
---
---
---
---
---
---
---
---
---
---
---
---
---
---
---
---
---
---
---
---
---
---
---
---
---
---
---
---
---
---
---
Tag 3---------------
---
---
---
---
---
---
---
---
---
---
---
---
---
---
---
---
---
---
---
---
---
---
---
---
---
---
---
---
---
---
---
---
---
---
---
---
---
---
---
---
---
---
---
---
---
---
---
---
---
---
---
---
---
---
---
---
---
---
---
---
---
---
---
---
---
---
---
---
---
---
---
---
Tag 4---------------
---
---
---
---
---
---
---
---
---
---
---
---
---
---
---
---
---
---
---
---
---
---
---
---
---
---
---
---
---
---
---
---
---
---
---
---
---
---
---
---
---
---
---
---
---
---
---
---
---
---
---
---
---
---
---
---
---
---
---
---
---
---
---
---
---
---
---
---
---
---
---
---

######################
Fuchß
Tag 0---------------
---
---
---
---
---
---
---
---
---
---
---
---
---
---
---
---
---
---
---
---
---
---
---
---
---
---
---
---
---
---
---
---
---
---
---
---
---
---
---
---
---
---
---
---
---
---
---
---
---
---
---
---
---
---
---
---
---
---
---
---
---
---
---
---
---
---
---
---
---
---
---
---
Tag 1---------------
---
---
---
---
---
---
---
---
---
---
---
---
---
---
---
---
---
---
---
---
---
---
---
---
---
---
---
---
---
---
---
---
---
---
---
---
---
---
---
---
---
---
---
---
---
---
---
---
---
---
---
---
---
---
---
---
---
---
---
---
---
---
---
---
---
---
---
---
---
---
---
---
Tag 2---------------
---
---
---
---
---
---
---
---
---
---
---
---
---
---
---
---
---
---
---
---
---
---
---
---
---
---
---
---
---
---
---
---
---
---
---
---
---
---
---
---
---
---
---
---
---
---
---
---
---
---
---
---
---
---
---
---
---
---
---
---
---
---
---
---
---
---
---
---
---
---
---
---
Tag 3---------------
---
---
---
---
---
---
---
---
---
---
---
---
---
---
---
---
---
---
---
---
---
---
---
---
---
---
---
---
---
---
---
---
---
---
---
---
---
---
---
---
---
---
---
---
---
---
---
---
---
---
---
---
---
---
---
---
---
---
---
---
---
---
---
---
---
---
---
---
---
---
---
---
Tag 4---------------
---
---
---
---
---
---
---
---
---
---
---
---
---
---
---
---
---
---
---
---
---
---
---
---
---
---
---
---
---
---
---
---
---
---
---
---
---
---
---
---
---
---
---
---
---
---
---
---
---
---
---
---
---
---
---
---
---
---
---
---
---
---
---
---
---
---
---
---
---
---
---
---

######################
Gmeiner
Tag 0---------------
---
---
---
---
---
---
---
---
---
---
---
---
---
---
---
---
---
---
---
---
---
---
---
---
---
---
---
---
---
---
---
---
---
---
---
---
---
---
---
---
---
---
---
---
---
---
---
---
---
---
---
---
---
---
---
---
---
---
---
---
---
---
---
---
---
---
---
---
---
---
---
---
Tag 1---------------
---
---
---
---
---
---
---
---
---
---
---
---
---
---
---
---
---
---
---
---
---
---
---
---
---
---
---
---
---
---
---
---
---
---
---
---
---
---
---
---
---
---
---
---
---
---
---
---
---
---
---
---
---
---
---
---
---
---
---
---
---
---
---
---
---
---
---
---
---
---
---
---
Tag 2---------------
---
---
---
---
---
---
---
---
---
---
---
---
---
---
---
---
---
---
---
---
---
---
---
---
---
---
---
---
---
---
---
---
---
---
---
---
---
---
---
---
---
---
---
---
---
---
---
---
---
---
---
---
---
---
---
---
---
---
---
---
---
---
---
---
---
---
---
---
---
---
---
---
Tag 3---------------
---
---
---
---
---
---
---
---
---
---
---
---
---
---
---
---
---
---
---
---
---
---
---
---
---
---
---
---
---
---
---
---
---
---
---
---
---
---
---
---
---
---
---
---
---
---
---
---
---
---
---
---
---
---
---
---
---
---
---
---
---
---
---
---
---
---
---
---
---
---
---
---
Tag 4---------------
---
---
---
---
---
---
---
---
---
---
---
---
---
---
---
---
---
---
---
---
---
---
---
---
---
---
---
---
---
---
---
---
---
---
---
---
---
---
---
---
---
---
---
---
---
---
---
---
---
---
---
---
---
---
---
---
---
---
---
---
---
---
---
---
---
---
---
---
---
---
---
---

######################
Graf
Tag 0---------------
---
---
---
---
---
---
---
---
---
---
---
---
---
---
---
---
---
---
---
---
---
---
---
---
---
---
---
---
---
---
---
---
---
---
---
---
---
---
---
---
---
---
---
---
---
---
---
---
---
---
---
---
---
---
---
---
---
---
---
---
---
---
---
---
---
---
---
---
---
---
---
---
Tag 1---------------
---
---
---
---
---
---
---
---
---
---
---
---
---
---
---
---
---
---
---
---
---
---
---
---
---
---
---
---
---
---
---
---
---
---
---
---
---
---
---
---
---
---
---
---
---
---
---
---
---
---
---
---
---
---
---
---
---
---
---
---
---
---
---
---
---
---
---
---
---
---
---
---
Tag 2---------------
---
---
---
---
---
---
---
---
---
---
---
---
---
---
---
---
---
---
---
---
---
---
---
---
---
---
---
---
---
---
---
---
---
---
---
---
---
---
---
---
---
---
---
---
---
---
---
---
---
---
---
---
---
---
---
---
---
---
---
---
---
---
---
---
---
---
---
---
---
---
---
---
Tag 3---------------
---
---
---
---
---
---
---
---
---
---
---
---
---
---
---
---
---
---
---
---
---
---
---
---
---
---
---
---
---
---
---
---
---
---
---
---
---
---
---
---
---
---
---
---
---
---
---
---
---
---
---
---
---
---
---
---
---
---
---
---
---
---
---
---
---
---
---
---
---
---
---
---
Tag 4---------------
---
---
---
---
---
---
---
---
---
---
---
---
---
---
---
---
---
---
---
---
---
---
---
---
---
---
---
---
---
---
---
---
---
---
---
---
---
---
---
---
---
---
---
---
---
---
---
---
---
---
---
---
---
---
---
---
---
---
---
---
---
---
---
---
---
---
---
---
---
---
---
---

######################
Gremminger
Tag 0---------------
---
---
---
---
---
---
---
---
---
---
---
---
---
---
---
---
---
---
---
---
---
---
---
---
---
---
---
---
---
---
---
---
---
---
---
---
---
---
---
---
---
---
---
---
---
---
---
---
---
---
---
---
---
---
---
---
---
---
---
---
---
---
---
---
---
---
---
---
---
---
---
---
Tag 1---------------
---
---
---
---
---
---
---
---
---
---
---
---
---
---
---
---
---
---
---
---
---
---
---
---
---
---
---
---
---
---
---
---
---
---
---
---
---
---
---
---
---
---
---
---
---
---
---
---
---
---
---
---
---
---
---
---
---
---
---
---
---
---
---
---
---
---
---
---
---
---
---
---
Tag 2---------------
---
---
---
---
---
---
---
---
---
---
---
---
---
---
---
---
---
---
---
---
---
---
---
---
---
---
---
---
---
---
---
---
---
---
---
---
---
---
---
---
---
---
---
---
---
---
---
---
---
---
---
---
---
---
---
---
---
---
---
---
---
---
---
---
---
---
---
---
---
---
---
---
Tag 3---------------
---
---
---
---
---
---
---
---
---
---
---
---
---
---
---
---
---
---
---
---
---
---
---
---
---
---
---
---
---
---
---
---
---
---
---
---
---
---
---
---
---
---
---
---
---
---
---
---
---
---
---
---
---
---
---
---
---
---
---
---
---
---
---
---
---
---
---
---
---
---
---
---
Tag 4---------------
---
---
---
---
---
---
---
---
---
---
---
---
---
---
---
---
---
---
---
---
---
---
---
---
---
---
---
---
---
---
---
---
---
---
---
---
---
---
---
---
---
---
---
---
---
---
---
---
---
---
---
---
---
---
---
---
---
---
---
---
---
---
---
---
---
---
---
---
---
---
---
---

######################
Haneke
Tag 0---------------
---
---
---
---
---
---
---
---
---
---
---
---
---
---
---
---
---
---
---
---
---
---
---
---
---
---
---
---
---
---
---
---
---
---
---
---
---
---
---
---
---
---
---
---
---
---
---
---
---
---
---
---
---
---
---
---
---
---
---
---
---
---
---
---
---
---
---
---
---
---
---
---
Tag 1---------------
---
---
---
---
---
---
---
---
---
---
---
---
---
---
---
---
---
---
---
---
---
---
---
---
---
---
---
---
---
---
---
---
---
---
---
---
---
---
---
---
---
---
---
---
---
---
---
---
---
---
---
---
---
---
---
---
---
---
---
---
---
---
---
---
---
---
---
---
---
---
---
---
Tag 2---------------
---
---
---
---
---
---
---
---
---
---
---
---
---
---
---
---
---
---
---
---
---
---
---
---
---
---
---
---
---
---
---
---
---
---
---
---
---
---
---
---
---
---
---
---
---
---
---
---
---
---
---
---
---
---
---
---
---
---
---
---
---
---
---
---
---
---
---
---
---
---
---
---
Tag 3---------------
---
---
---
---
---
---
---
---
---
---
---
---
---
---
---
---
---
---
---
---
---
---
---
---
---
---
---
---
---
---
---
---
---
---
---
---
---
---
---
---
---
---
---
---
---
---
---
---
---
---
---
---
---
---
---
---
---
---
---
---
---
---
---
---
---
---
---
---
---
---
---
---
Tag 4---------------
---
---
---
---
---
---
---
---
---
---
---
---
---
---
---
---
---
---
---
---
---
---
---
---
---
---
---
---
---
---
---
---
---
---
---
---
---
---
---
---
---
---
---
---
---
---
---
---
---
---
---
---
---
---
---
---
---
---
---
---
---
---
---
---
---
---
---
---
---
---
---
---

######################
Heberle
Tag 0---------------
---
---
---
---
---
---
---
---
---
---
---
---
---
---
---
---
---
---
---
---
---
---
---
---
---
---
---
---
---
---
---
---
---
---
---
---
---
---
---
---
---
---
---
---
---
---
---
---
---
---
---
---
---
---
---
---
---
---
---
---
---
---
---
---
---
---
---
---
---
---
---
---
Tag 1---------------
---
---
---
---
---
---
---
---
---
---
---
---
---
---
---
---
---
---
---
---
---
---
---
---
---
---
---
---
---
---
---
---
---
---
---
---
---
---
---
---
---
---
---
---
---
---
---
---
---
---
---
---
---
---
---
---
---
---
---
---
---
---
---
---
---
---
---
---
---
---
---
---
Tag 2---------------
---
---
---
---
---
---
---
---
---
---
---
---
---
---
---
---
---
---
---
---
---
---
---
---
---
---
---
---
---
---
---
---
---
---
---
---
---
---
---
---
---
---
---
---
---
---
---
---
---
---
---
---
---
---
---
---
---
---
---
---
---
---
---
---
---
---
---
---
---
---
---
---
Tag 3---------------
---
---
---
---
---
---
---
---
---
---
---
---
---
---
---
---
---
---
---
---
---
---
---
---
---
---
---
---
---
---
---
---
---
---
---
---
---
---
---
---
---
---
---
---
---
---
---
---
---
---
---
---
---
---
---
---
---
---
---
---
---
---
---
---
---
---
---
---
---
---
---
---
Tag 4---------------
---
---
---
---
---
---
---
---
---
---
---
---
---
---
---
---
---
---
---
---
---
---
---
---
---
---
---
---
---
---
---
---
---
---
---
---
---
---
---
---
---
---
---
---
---
---
---
---
---
---
---
---
---
---
---
---
---
---
---
---
---
---
---
---
---
---
---
---
---
---
---
---

######################
Henning
Tag 0---------------
---
---
---
---
---
---
---
---
---
---
---
---
---
---
---
---
---
---
---
---
---
---
---
---
---
---
---
---
---
---
---
---
---
---
---
---
---
---
---
---
---
---
---
---
---
---
---
---
---
---
---
---
---
---
---
---
---
---
---
---
---
---
---
---
---
---
---
---
---
---
---
---
Tag 1---------------
---
---
---
---
---
---
---
---
---
---
---
---
---
---
---
---
---
---
---
---
---
---
---
---
---
---
---
---
---
---
---
---
---
---
---
---
---
---
---
---
---
---
---
---
---
---
---
---
---
---
---
---
---
---
---
---
---
---
---
---
---
---
---
---
---
---
---
---
---
---
---
---
Tag 2---------------
---
---
---
---
---
---
---
---
---
---
---
---
---
---
---
---
---
---
---
---
---
---
---
---
---
---
---
---
---
---
---
---
---
---
---
---
---
---
---
---
---
---
---
---
---
---
---
---
---
---
---
---
---
---
---
---
---
---
---
---
---
---
---
---
---
---
---
---
---
---
---
---
Tag 3---------------
---
---
---
---
---
---
---
---
---
---
---
---
---
---
---
---
---
---
---
---
---
---
---
---
---
---
---
---
---
---
---
---
---
---
---
---
---
---
---
---
---
---
---
---
---
---
---
---
---
---
---
---
---
---
---
---
---
---
---
---
---
---
---
---
---
---
---
---
---
---
---
---
Tag 4---------------
---
---
---
---
---
---
---
---
---
---
---
---
---
---
---
---
---
---
---
---
---
---
---
---
---
---
---
---
---
---
---
---
---
---
---
---
---
---
---
---
---
---
---
---
---
---
---
---
---
---
---
---
---
---
---
---
---
---
---
---
---
---
---
---
---
---
---
---
---
---
---
---

######################
Hoffmann
Tag 0---------------
---
---
---
---
---
---
---
---
---
---
---
---
---
---
---
---
---
---
---
---
---
---
---
---
---
---
---
---
---
---
---
---
---
---
---
---
---
---
---
---
---
---
---
---
---
---
---
---
---
---
---
---
---
---
---
---
---
---
---
---
---
---
---
---
---
---
---
---
---
---
---
---
Tag 1---------------
---
---
---
---
---
---
---
---
---
---
---
---
---
---
---
---
---
---
---
---
---
---
---
---
---
---
---
---
---
---
---
---
---
---
---
---
---
---
---
---
---
---
---
---
---
---
---
---
---
---
---
---
---
---
---
---
---
---
---
---
---
---
---
---
---
---
---
---
---
---
---
---
Tag 2---------------
---
---
---
---
---
---
---
---
---
---
---
---
---
---
---
---
---
---
---
---
---
---
---
---
---
---
---
---
---
---
---
---
---
---
---
---
---
---
---
---
---
---
---
---
---
---
---
---
---
---
---
---
---
---
---
---
---
---
---
---
---
---
---
---
---
---
---
---
---
---
---
---
Tag 3---------------
---
---
---
---
---
---
---
---
---
---
---
---
---
---
---
---
---
---
---
---
---
---
---
---
---
---
---
---
---
---
---
---
---
---
---
---
---
---
---
---
---
---
---
---
---
---
---
---
---
---
---
---
---
---
---
---
---
---
---
---
---
---
---
---
---
---
---
---
---
---
---
---
Tag 4---------------
---
---
---
---
---
---
---
---
---
---
---
---
---
---
---
---
---
---
---
---
---
---
---
---
---
---
---
---
---
---
---
---
---
---
---
---
---
---
---
---
---
---
---
---
---
---
---
---
---
---
---
---
---
---
---
---
---
---
---
---
---
---
---
---
---
---
---
---
---
---
---
---

######################
Hofmann
Tag 0---------------
---
---
---
---
---
---
---
---
---
---
---
---
---
---
---
---
---
---
---
---
---
---
---
---
---
---
---
---
---
---
---
---
---
---
---
---
---
---
---
---
---
---
---
---
---
---
---
---
---
---
---
---
---
---
---
---
---
---
---
---
---
---
---
---
---
---
---
---
---
---
---
---
Tag 1---------------
---
---
---
---
---
---
---
---
---
---
---
---
---
---
---
---
---
---
---
---
---
---
---
---
---
---
---
---
---
---
---
---
---
---
---
---
---
---
---
---
---
---
---
---
---
---
---
---
---
---
---
---
---
---
---
---
---
---
---
---
---
---
---
---
---
---
---
---
---
---
---
---
Tag 2---------------
---
---
---
---
---
---
---
---
---
---
---
---
---
---
---
---
---
---
---
---
---
---
---
---
---
---
---
---
---
---
---
---
---
---
---
---
---
---
---
---
---
---
---
---
---
---
---
---
---
---
---
---
---
---
---
---
---
---
---
---
---
---
---
---
---
---
---
---
---
---
---
---
Tag 3---------------
---
---
---
---
---
---
---
---
---
---
---
---
---
---
---
---
---
---
---
---
---
---
---
---
---
---
---
---
---
---
---
---
---
---
---
---
---
---
---
---
---
---
---
---
---
---
---
---
---
---
---
---
---
---
---
---
---
---
---
---
---
---
---
---
---
---
---
---
---
---
---
---
Tag 4---------------
---
---
---
---
---
---
---
---
---
---
---
---
---
---
---
---
---
---
---
---
---
---
---
---
---
---
---
---
---
---
---
---
---
---
---
---
---
---
---
---
---
---
---
---
---
---
---
---
---
---
---
---
---
---
---
---
---
---
---
---
---
---
---
---
---
---
---
---
---
---
---
---

######################
Hüttel
Tag 0---------------
---
---
---
---
---
---
---
---
---
---
---
---
---
---
---
---
---
---
---
---
---
---
---
---
---
---
---
---
---
---
---
---
---
---
---
---
---
---
---
---
---
---
---
---
---
---
---
---
---
---
---
---
---
---
---
---
---
---
---
---
---
---
---
---
---
---
---
---
---
---
---
---
Tag 1---------------
---
---
---
---
---
---
---
---
---
---
---
---
---
---
---
---
---
---
---
---
---
---
---
---
---
---
---
---
---
---
---
---
---
---
---
---
---
---
---
---
---
---
---
---
---
---
---
---
---
---
---
---
---
---
---
---
---
---
---
---
---
---
---
---
---
---
---
---
---
---
---
---
Tag 2---------------
---
---
---
---
---
---
---
---
---
---
---
---
---
---
---
---
---
---
---
---
---
---
---
---
---
---
---
---
---
---
---
---
---
---
---
---
---
---
---
---
---
---
---
---
---
---
---
---
---
---
---
---
---
---
---
---
---
---
---
---
---
---
---
---
---
---
---
---
---
---
---
---
Tag 3---------------
---
---
---
---
---
---
---
---
---
---
---
---
---
---
---
---
---
---
---
---
---
---
---
---
---
---
---
---
---
---
---
---
---
---
---
---
---
---
---
---
---
---
---
---
---
---
---
---
---
---
---
---
---
---
---
---
---
---
---
---
---
---
---
---
---
---
---
---
---
---
---
---
Tag 4---------------
---
---
---
---
---
---
---
---
---
---
---
---
---
---
---
---
---
---
---
---
---
---
---
---
---
---
---
---
---
---
---
---
---
---
---
---
---
---
---
---
---
---
---
---
---
---
---
---
---
---
---
---
---
---
---
---
---
---
---
---
---
---
---
---
---
---
---
---
---
---
---
---

######################
Körner
Tag 0---------------
---
---
---
---
---
---
---
---
---
---
---
---
---
---
---
---
---
---
---
---
---
---
---
---
---
---
---
---
---
---
---
---
---
---
---
---
---
---
---
---
---
---
---
---
---
---
---
---
---
---
---
---
---
---
---
---
---
---
---
---
---
---
---
---
---
---
---
---
---
---
---
---
Tag 1---------------
---
---
---
---
---
---
---
---
---
---
---
---
---
---
---
---
---
---
---
---
---
---
---
---
---
---
---
---
---
---
---
---
---
---
---
---
---
---
---
---
---
---
---
---
---
---
---
---
---
---
---
---
---
---
---
---
---
---
---
---
---
---
---
---
---
---
---
---
---
---
---
---
Tag 2---------------
---
---
---
---
---
---
---
---
---
---
---
---
---
---
---
---
---
---
---
---
---
---
---
---
---
---
---
---
---
---
---
---
---
---
---
---
---
---
---
---
---
---
---
---
---
---
---
---
---
---
---
---
---
---
---
---
---
---
---
---
---
---
---
---
---
---
---
---
---
---
---
---
Tag 3---------------
---
---
---
---
---
---
---
---
---
---
---
---
---
---
---
---
---
---
---
---
---
---
---
---
---
---
---
---
---
---
---
---
---
---
---
---
---
---
---
---
---
---
---
---
---
---
---
---
---
---
---
---
---
---
---
---
---
---
---
---
---
---
---
---
---
---
---
---
---
---
---
---
Tag 4---------------
---
---
---
---
---
---
---
---
---
---
---
---
---
---
---
---
---
---
---
---
---
---
---
---
---
---
---
---
---
---
---
---
---
---
---
---
---
---
---
---
---
---
---
---
---
---
---
---
---
---
---
---
---
---
---
---
---
---
---
---
---
---
---
---
---
---
---
---
---
---
---
---

######################
Laubenheimer
Tag 0---------------
---
---
---
---
---
---
---
---
---
---
---
---
---
---
---
---
---
---
---
---
---
---
---
---
---
---
---
---
---
---
---
---
---
---
---
---
---
---
---
---
---
---
---
---
---
---
---
---
---
---
---
---
---
---
---
---
---
---
---
---
---
---
---
---
---
---
---
---
---
---
---
---
Tag 1---------------
---
---
---
---
---
---
---
---
---
---
---
---
---
---
---
---
---
---
---
---
---
---
---
---
---
---
---
---
---
---
---
---
---
---
---
---
---
---
---
---
---
---
---
---
---
---
---
---
---
---
---
---
---
---
---
---
---
---
---
---
---
---
---
---
---
---
---
---
---
---
---
---
Tag 2---------------
---
---
---
---
---
---
---
---
---
---
---
---
---
---
---
---
---
---
---
---
---
---
---
---
---
---
---
---
---
---
---
---
---
---
---
---
---
---
---
---
---
---
---
---
---
---
---
---
---
---
---
---
---
---
---
---
---
---
---
---
---
---
---
---
---
---
---
---
---
---
---
---
Tag 3---------------
---
---
---
---
---
---
---
---
---
---
---
---
---
---
---
---
---
---
---
---
---
---
---
---
---
---
---
---
---
---
---
---
---
---
---
---
---
---
---
---
---
---
---
---
---
---
---
---
---
---
---
---
---
---
---
---
---
---
---
---
---
---
---
---
---
---
---
---
---
---
---
---
Tag 4---------------
---
---
---
---
---
---
---
---
---
---
---
---
---
---
---
---
---
---
---
---
---
---
---
---
---
---
---
---
---
---
---
---
---
---
---
---
---
---
---
---
---
---
---
---
---
---
---
---
---
---
---
---
---
---
---
---
---
---
---
---
---
---
---
---
---
---
---
---
---
---
---
---

######################
Link
Tag 0---------------
---
---
---
---
---
---
---
---
---
---
---
---
---
---
---
---
---
---
---
---
---
---
---
---
---
---
---
---
---
---
---
---
---
---
---
---
---
---
---
---
---
---
---
---
---
---
---
---
---
---
---
---
---
---
---
---
---
---
---
---
---
---
---
---
---
---
---
---
---
---
---
---
Tag 1---------------
---
---
---
---
---
---
---
---
---
---
---
---
---
---
---
---
---
---
---
---
---
---
---
---
---
---
---
---
---
---
---
---
---
---
---
---
---
---
---
---
---
---
---
---
---
---
---
---
---
---
---
---
---
---
---
---
---
---
---
---
---
---
---
---
---
---
---
---
---
---
---
---
Tag 2---------------
---
---
---
---
---
---
---
---
---
---
---
---
---
---
---
---
---
---
---
---
---
---
---
---
---
---
---
---
---
---
---
---
---
---
---
---
---
---
---
---
---
---
---
---
---
---
---
---
---
---
---
---
---
---
---
---
---
---
---
---
---
---
---
---
---
---
---
---
---
---
---
---
Tag 3---------------
---
---
---
---
---
---
---
---
---
---
---
---
---
---
---
---
---
---
---
---
---
---
---
---
---
---
---
---
---
---
---
---
---
---
---
---
---
---
---
---
---
---
---
---
---
---
---
---
---
---
---
---
---
---
---
---
---
---
---
---
---
---
---
---
---
---
---
---
---
---
---
---
Tag 4---------------
---
---
---
---
---
---
---
---
---
---
---
---
---
---
---
---
---
---
---
---
---
---
---
---
---
---
---
---
---
---
---
---
---
---
---
---
---
---
---
---
---
---
---
---
---
---
---
---
---
---
---
---
---
---
---
---
---
---
---
---
---
---
---
---
---
---
---
---
---
---
---
---

######################
Martin
Tag 0---------------
---
---
---
---
---
---
---
---
---
---
---
---
---
---
---
---
---
---
---
---
---
---
---
---
---
---
---
---
---
---
---
---
---
---
---
---
---
---
---
---
---
---
---
---
---
---
---
---
---
---
---
---
---
---
---
---
---
---
---
---
---
---
---
---
---
---
---
---
---
---
---
---
Tag 1---------------
---
---
---
---
---
---
---
---
---
---
---
---
---
---
---
---
---
---
---
---
---
---
---
---
---
---
---
---
---
---
---
---
---
---
---
---
---
---
---
---
---
---
---
---
---
---
---
---
---
---
---
---
---
---
---
---
---
---
---
---
---
---
---
---
---
---
---
---
---
---
---
---
Tag 2---------------
---
---
---
---
---
---
---
---
---
---
---
---
---
---
---
---
---
---
---
---
---
---
---
---
---
---
---
---
---
---
---
---
---
---
---
---
---
---
---
---
---
---
---
---
---
---
---
---
---
---
---
---
---
---
---
---
---
---
---
---
---
---
---
---
---
---
---
---
---
---
---
---
Tag 3---------------
---
---
---
---
---
---
---
---
---
---
---
---
---
---
---
---
---
---
---
---
---
---
---
---
---
---
---
---
---
---
---
---
---
---
---
---
---
---
---
---
---
---
---
---
---
---
---
---
---
---
---
---
---
---
---
---
---
---
---
---
---
---
---
---
---
---
---
---
---
---
---
---
Tag 4---------------
---
---
---
---
---
---
---
---
---
---
---
---
---
---
---
---
---
---
---
---
---
---
---
---
---
---
---
---
---
---
---
---
---
---
---
---
---
---
---
---
---
---
---
---
---
---
---
---
---
---
---
---
---
---
---
---
---
---
---
---
---
---
---
---
---
---
---
---
---
---
---
---

######################
Meisel
Tag 0---------------
---
---
---
---
---
---
---
---
---
---
---
---
---
---
---
---
---
---
---
---
---
---
---
---
---
---
---
---
---
---
---
---
---
---
---
---
---
---
---
---
---
---
---
---
---
---
---
---
---
---
---
---
---
---
---
---
---
---
---
---
---
---
---
---
---
---
---
---
---
---
---
---
Tag 1---------------
---
---
---
---
---
---
---
---
---
---
---
---
---
---
---
---
---
---
---
---
---
---
---
---
---
---
---
---
---
---
---
---
---
---
---
---
---
---
---
---
---
---
---
---
---
---
---
---
---
---
---
---
---
---
---
---
---
---
---
---
---
---
---
---
---
---
---
---
---
---
---
---
Tag 2---------------
---
---
---
---
---
---
---
---
---
---
---
---
---
---
---
---
---
---
---
---
---
---
---
---
---
---
---
---
---
---
---
---
---
---
---
---
---
---
---
---
---
---
---
---
---
---
---
---
---
---
---
---
---
---
---
---
---
---
---
---
---
---
---
---
---
---
---
---
---
---
---
---
Tag 3---------------
---
---
---
---
---
---
---
---
---
---
---
---
---
---
---
---
---
---
---
---
---
---
---
---
---
---
---
---
---
---
---
---
---
---
---
---
---
---
---
---
---
---
---
---
---
---
---
---
---
---
---
---
---
---
---
---
---
---
---
---
---
---
---
---
---
---
---
---
---
---
---
---
Tag 4---------------
---
---
---
---
---
---
---
---
---
---
---
---
---
---
---
---
---
---
---
---
---
---
---
---
---
---
---
---
---
---
---
---
---
---
---
---
---
---
---
---
---
---
---
---
---
---
---
---
---
---
---
---
---
---
---
---
---
---
---
---
---
---
---
---
---
---
---
---
---
---
---
---

######################
Morgenstern
Tag 0---------------
---
---
---
---
---
---
---
---
---
---
---
---
---
---
---
---
---
---
---
---
---
---
---
---
---
---
---
---
---
---
---
---
---
---
---
---
---
---
---
---
---
---
---
---
---
---
---
---
---
---
---
---
---
---
---
---
---
---
---
---
---
---
---
---
---
---
---
---
---
---
---
---
Tag 1---------------
---
---
---
---
---
---
---
---
---
---
---
---
---
---
---
---
---
---
---
---
---
---
---
---
---
---
---
---
---
---
---
---
---
---
---
---
---
---
---
---
---
---
---
---
---
---
---
---
---
---
---
---
---
---
---
---
---
---
---
---
---
---
---
---
---
---
---
---
---
---
---
---
Tag 2---------------
---
---
---
---
---
---
---
---
---
---
---
---
---
---
---
---
---
---
---
---
---
---
---
---
---
---
---
---
---
---
---
---
---
---
---
---
---
---
---
---
---
---
---
---
---
---
---
---
---
---
---
---
---
---
---
---
---
---
---
---
---
---
---
---
---
---
---
---
---
---
---
---
Tag 3---------------
---
---
---
---
---
---
---
---
---
---
---
---
---
---
---
---
---
---
---
---
---
---
---
---
---
---
---
---
---
---
---
---
---
---
---
---
---
---
---
---
---
---
---
---
---
---
---
---
---
---
---
---
---
---
---
---
---
---
---
---
---
---
---
---
---
---
---
---
---
---
---
---
Tag 4---------------
---
---
---
---
---
---
---
---
---
---
---
---
---
---
---
---
---
---
---
---
---
---
---
---
---
---
---
---
---
---
---
---
---
---
---
---
---
---
---
---
---
---
---
---
---
---
---
---
---
---
---
---
---
---
---
---
---
---
---
---
---
---
---
---
---
---
---
---
---
---
---
---

######################
Müller
Tag 0---------------
---
---
---
---
---
---
---
---
---
---
---
---
---
---
---
---
---
---
---
---
---
---
---
---
---
---
---
---
---
---
---
---
---
---
---
---
---
---
---
---
---
---
---
---
---
---
---
---
---
---
---
---
---
---
---
---
---
---
---
---
---
---
---
---
---
---
---
---
---
---
---
---
Tag 1---------------
---
---
---
---
---
---
---
---
---
---
---
---
---
---
---
---
---
---
---
---
---
---
---
---
---
---
---
---
---
---
---
---
---
---
---
---
---
---
---
---
---
---
---
---
---
---
---
---
---
---
---
---
---
---
---
---
---
---
---
---
---
---
---
---
---
---
---
---
---
---
---
---
Tag 2---------------
---
---
---
---
---
---
---
---
---
---
---
---
---
---
---
---
---
---
---
---
---
---
---
---
---
---
---
---
---
---
---
---
---
---
---
---
---
---
---
---
---
---
---
---
---
---
---
---
---
---
---
---
---
---
---
---
---
---
---
---
---
---
---
---
---
---
---
---
---
---
---
---
Tag 3---------------
---
---
---
---
---
---
---
---
---
---
---
---
---
---
---
---
---
---
---
---
---
---
---
---
---
---
---
---
---
---
---
---
---
---
---
---
---
---
---
---
---
---
---
---
---
---
---
---
---
---
---
---
---
---
---
---
---
---
---
---
---
---
---
---
---
---
---
---
---
---
---
---
Tag 4---------------
---
---
---
---
---
---
---
---
---
---
---
---
---
---
---
---
---
---
---
---
---
---
---
---
---
---
---
---
---
---
---
---
---
---
---
---
---
---
---
---
---
---
---
---
---
---
---
---
---
---
---
---
---
---
---
---
---
---
---
---
---
---
---
---
---
---
---
---
---
---
---
---

######################
Nees
Tag 0---------------
---
---
---
---
---
---
---
---
---
---
---
---
---
---
---
---
---
---
---
---
---
---
---
---
---
---
---
---
---
---
---
---
---
---
---
---
---
---
---
---
---
---
---
---
---
---
---
---
---
---
---
---
---
---
---
---
---
---
---
---
---
---
---
---
---
---
---
---
---
---
---
---
Tag 1---------------
---
---
---
---
---
---
---
---
---
---
---
---
---
---
---
---
---
---
---
---
---
---
---
---
---
---
---
---
---
---
---
---
---
---
---
---
---
---
---
---
---
---
---
---
---
---
---
---
---
---
---
---
---
---
---
---
---
---
---
---
---
---
---
---
---
---
---
---
---
---
---
---
Tag 2---------------
---
---
---
---
---
---
---
---
---
---
---
---
---
---
---
---
---
---
---
---
---
---
---
---
---
---
---
---
---
---
---
---
---
---
---
---
---
---
---
---
---
---
---
---
---
---
---
---
---
---
---
---
---
---
---
---
---
---
---
---
---
---
---
---
---
---
---
---
---
---
---
---
Tag 3---------------
---
---
---
---
---
---
---
---
---
---
---
---
---
---
---
---
---
---
---
---
---
---
---
---
---
---
---
---
---
---
---
---
---
---
---
---
---
---
---
---
---
---
---
---
---
---
---
---
---
---
---
---
---
---
---
---
---
---
---
---
---
---
---
---
---
---
---
---
---
---
---
---
Tag 4---------------
---
---
---
---
---
---
---
---
---
---
---
---
---
---
---
---
---
---
---
---
---
---
---
---
---
---
---
---
---
---
---
---
---
---
---
---
---
---
---
---
---
---
---
---
---
---
---
---
---
---
---
---
---
---
---
---
---
---
---
---
---
---
---
---
---
---
---
---
---
---
---
---

######################
Nestler
Tag 0---------------
---
---
---
---
---
---
---
---
---
---
---
---
---
---
---
---
---
---
---
---
---
---
---
---
---
---
---
---
---
---
---
---
---
---
---
---
---
---
---
---
---
---
---
---
---
---
---
---
---
---
---
---
---
---
---
---
---
---
---
---
---
---
---
---
---
---
---
---
---
---
---
---
Tag 1---------------
---
---
---
---
---
---
---
---
---
---
---
---
---
---
---
---
---
---
---
---
---
---
---
---
---
---
---
---
---
---
---
---
---
---
---
---
---
---
---
---
---
---
---
---
---
---
---
---
---
---
---
---
---
---
---
---
---
---
---
---
---
---
---
---
---
---
---
---
---
---
---
---
Tag 2---------------
---
---
---
---
---
---
---
---
---
---
---
---
---
---
---
---
---
---
---
---
---
---
---
---
---
---
---
---
---
---
---
---
---
---
---
---
---
---
---
---
---
---
---
---
---
---
---
---
---
---
---
---
---
---
---
---
---
---
---
---
---
---
---
---
---
---
---
---
---
---
---
---
Tag 3---------------
---
---
---
---
---
---
---
---
---
---
---
---
---
---
---
---
---
---
---
---
---
---
---
---
---
---
---
---
---
---
---
---
---
---
---
---
---
---
---
---
---
---
---
---
---
---
---
---
---
---
---
---
---
---
---
---
---
---
---
---
---
---
---
---
---
---
---
---
---
---
---
---
Tag 4---------------
---
---
---
---
---
---
---
---
---
---
---
---
---
---
---
---
---
---
---
---
---
---
---
---
---
---
---
---
---
---
---
---
---
---
---
---
---
---
---
---
---
---
---
---
---
---
---
---
---
---
---
---
---
---
---
---
---
---
---
---
---
---
---
---
---
---
---
---
---
---
---
---

######################
Neumann
Tag 0---------------
---
---
---
---
---
---
---
---
---
---
---
---
---
---
---
---
---
---
---
---
---
---
---
---
---
---
---
---
---
---
---
---
---
---
---
---
---
---
---
---
---
---
---
---
---
---
---
---
---
---
---
---
---
---
---
---
---
---
---
---
---
---
---
---
---
---
---
---
---
---
---
---
Tag 1---------------
---
---
---
---
---
---
---
---
---
---
---
---
---
---
---
---
---
---
---
---
---
---
---
---
---
---
---
---
---
---
---
---
---
---
---
---
---
---
---
---
---
---
---
---
---
---
---
---
---
---
---
---
---
---
---
---
---
---
---
---
---
---
---
---
---
---
---
---
---
---
---
---
Tag 2---------------
---
---
---
---
---
---
---
---
---
---
---
---
---
---
---
---
---
---
---
---
---
---
---
---
---
---
---
---
---
---
---
---
---
---
---
---
---
---
---
---
---
---
---
---
---
---
---
---
---
---
---
---
---
---
---
---
---
---
---
---
---
---
---
---
---
---
---
---
---
---
---
---
Tag 3---------------
---
---
---
---
---
---
---
---
---
---
---
---
---
---
---
---
---
---
---
---
---
---
---
---
---
---
---
---
---
---
---
---
---
---
---
---
---
---
---
---
---
---
---
---
---
---
---
---
---
---
---
---
---
---
---
---
---
---
---
---
---
---
---
---
---
---
---
---
---
---
---
---
Tag 4---------------
---
---
---
---
---
---
---
---
---
---
---
---
---
---
---
---
---
---
---
---
---
---
---
---
---
---
---
---
---
---
---
---
---
---
---
---
---
---
---
---
---
---
---
---
---
---
---
---
---
---
---
---
---
---
---
---
---
---
---
---
---
---
---
---
---
---
---
---
---
---
---
---

######################
Pape
Tag 0---------------
---
---
---
---
---
---
---
---
---
---
---
---
---
---
---
---
---
---
---
---
---
---
---
---
---
---
---
---
---
---
---
---
---
---
---
---
---
---
---
---
---
---
---
---
---
---
---
---
---
---
---
---
---
---
---
---
---
---
---
---
---
---
---
---
---
---
---
---
---
---
---
---
Tag 1---------------
---
---
---
---
---
---
---
---
---
---
---
---
---
---
---
---
---
---
---
---
---
---
---
---
---
---
---
---
---
---
---
---
---
---
---
---
---
---
---
---
---
---
---
---
---
---
---
---
---
---
---
---
---
---
---
---
---
---
---
---
---
---
---
---
---
---
---
---
---
---
---
---
Tag 2---------------
---
---
---
---
---
---
---
---
---
---
---
---
---
---
---
---
---
---
---
---
---
---
---
---
---
---
---
---
---
---
---
---
---
---
---
---
---
---
---
---
---
---
---
---
---
---
---
---
---
---
---
---
---
---
---
---
---
---
---
---
---
---
---
---
---
---
---
---
---
---
---
---
Tag 3---------------
---
---
---
---
---
---
---
---
---
---
---
---
---
---
---
---
---
---
---
---
---
---
---
---
---
---
---
---
---
---
---
---
---
---
---
---
---
---
---
---
---
---
---
---
---
---
---
---
---
---
---
---
---
---
---
---
---
---
---
---
---
---
---
---
---
---
---
---
---
---
---
---
Tag 4---------------
---
---
---
---
---
---
---
---
---
---
---
---
---
---
---
---
---
---
---
---
---
---
---
---
---
---
---
---
---
---
---
---
---
---
---
---
---
---
---
---
---
---
---
---
---
---
---
---
---
---
---
---
---
---
---
---
---
---
---
---
---
---
---
---
---
---
---
---
---
---
---
---

######################
Philipp
Tag 0---------------
---
---
---
---
---
---
---
---
---
---
---
---
---
---
---
---
---
---
---
---
---
---
---
---
---
---
---
---
---
---
---
---
---
---
---
---
---
---
---
---
---
---
---
---
---
---
---
---
---
---
---
---
---
---
---
---
---
---
---
---
---
---
---
---
---
---
---
---
---
---
---
---
Tag 1---------------
---
---
---
---
---
---
---
---
---
---
---
---
---
---
---
---
---
---
---
---
---
---
---
---
---
---
---
---
---
---
---
---
---
---
---
---
---
---
---
---
---
---
---
---
---
---
---
---
---
---
---
---
---
---
---
---
---
---
---
---
---
---
---
---
---
---
---
---
---
---
---
---
Tag 2---------------
---
---
---
---
---
---
---
---
---
---
---
---
---
---
---
---
---
---
---
---
---
---
---
---
---
---
---
---
---
---
---
---
---
---
---
---
---
---
---
---
---
---
---
---
---
---
---
---
---
---
---
---
---
---
---
---
---
---
---
---
---
---
---
---
---
---
---
---
---
---
---
---
Tag 3---------------
---
---
---
---
---
---
---
---
---
---
---
---
---
---
---
---
---
---
---
---
---
---
---
---
---
---
---
---
---
---
---
---
---
---
---
---
---
---
---
---
---
---
---
---
---
---
---
---
---
---
---
---
---
---
---
---
---
---
---
---
---
---
---
---
---
---
---
---
---
---
---
---
Tag 4---------------
---
---
---
---
---
---
---
---
---
---
---
---
---
---
---
---
---
---
---
---
---
---
---
---
---
---
---
---
---
---
---
---
---
---
---
---
---
---
---
---
---
---
---
---
---
---
---
---
---
---
---
---
---
---
---
---
---
---
---
---
---
---
---
---
---
---
---
---
---
---
---
---

######################
Regier
Tag 0---------------
---
---
---
---
---
---
---
---
---
---
---
---
---
---
---
---
---
---
---
---
---
---
---
---
---
---
---
---
---
---
---
---
---
---
---
---
---
---
---
---
---
---
---
---
---
---
---
---
---
---
---
---
---
---
---
---
---
---
---
---
---
---
---
---
---
---
---
---
---
---
---
---
Tag 1---------------
---
---
---
---
---
---
---
---
---
---
---
---
---
---
---
---
---
---
---
---
---
---
---
---
---
---
---
---
---
---
---
---
---
---
---
---
---
---
---
---
---
---
---
---
---
---
---
---
---
---
---
---
---
---
---
---
---
---
---
---
---
---
---
---
---
---
---
---
---
---
---
---
Tag 2---------------
---
---
---
---
---
---
---
---
---
---
---
---
---
---
---
---
---
---
---
---
---
---
---
---
---
---
---
---
---
---
---
---
---
---
---
---
---
---
---
---
---
---
---
---
---
---
---
---
---
---
---
---
---
---
---
---
---
---
---
---
---
---
---
---
---
---
---
---
---
---
---
---
Tag 3---------------
---
---
---
---
---
---
---
---
---
---
---
---
---
---
---
---
---
---
---
---
---
---
---
---
---
---
---
---
---
---
---
---
---
---
---
---
---
---
---
---
---
---
---
---
---
---
---
---
---
---
---
---
---
---
---
---
---
---
---
---
---
---
---
---
---
---
---
---
---
---
---
---
Tag 4---------------
---
---
---
---
---
---
---
---
---
---
---
---
---
---
---
---
---
---
---
---
---
---
---
---
---
---
---
---
---
---
---
---
---
---
---
---
---
---
---
---
---
---
---
---
---
---
---
---
---
---
---
---
---
---
---
---
---
---
---
---
---
---
---
---
---
---
---
---
---
---
---
---

######################
Reichhardt
Tag 0---------------
---
---
---
---
---
---
---
---
---
---
---
---
---
---
---
---
---
---
---
---
---
---
---
---
---
---
---
---
---
---
---
---
---
---
---
---
---
---
---
---
---
---
---
---
---
---
---
---
---
---
---
---
---
---
---
---
---
---
---
---
---
---
---
---
---
---
---
---
---
---
---
---
Tag 1---------------
---
---
---
---
---
---
---
---
---
---
---
---
---
---
---
---
---
---
---
---
---
---
---
---
---
---
---
---
---
---
---
---
---
---
---
---
---
---
---
---
---
---
---
---
---
---
---
---
---
---
---
---
---
---
---
---
---
---
---
---
---
---
---
---
---
---
---
---
---
---
---
---
Tag 2---------------
---
---
---
---
---
---
---
---
---
---
---
---
---
---
---
---
---
---
---
---
---
---
---
---
---
---
---
---
---
---
---
---
---
---
---
---
---
---
---
---
---
---
---
---
---
---
---
---
---
---
---
---
---
---
---
---
---
---
---
---
---
---
---
---
---
---
---
---
---
---
---
---
Tag 3---------------
---
---
---
---
---
---
---
---
---
---
---
---
---
---
---
---
---
---
---
---
---
---
---
---
---
---
---
---
---
---
---
---
---
---
---
---
---
---
---
---
---
---
---
---
---
---
---
---
---
---
---
---
---
---
---
---
---
---
---
---
---
---
---
---
---
---
---
---
---
---
---
---
Tag 4---------------
---
---
---
---
---
---
---
---
---
---
---
---
---
---
---
---
---
---
---
---
---
---
---
---
---
---
---
---
---
---
---
---
---
---
---
---
---
---
---
---
---
---
---
---
---
---
---
---
---
---
---
---
---
---
---
---
---
---
---
---
---
---
---
---
---
---
---
---
---
---
---
---

######################
Schaefer
Tag 0---------------
---
---
---
---
---
---
---
---
---
---
---
---
---
---
---
---
---
---
---
---
---
---
---
---
---
---
---
---
---
---
---
---
---
---
---
---
---
---
---
---
---
---
---
---
---
---
---
---
---
---
---
---
---
---
---
---
---
---
---
---
---
---
---
---
---
---
---
---
---
---
---
---
Tag 1---------------
---
---
---
---
---
---
---
---
---
---
---
---
---
---
---
---
---
---
---
---
---
---
---
---
---
---
---
---
---
---
---
---
---
---
---
---
---
---
---
---
---
---
---
---
---
---
---
---
---
---
---
---
---
---
---
---
---
---
---
---
---
---
---
---
---
---
---
---
---
---
---
---
Tag 2---------------
---
---
---
---
---
---
---
---
---
---
---
---
---
---
---
---
---
---
---
---
---
---
---
---
---
---
---
---
---
---
---
---
---
---
---
---
---
---
---
---
---
---
---
---
---
---
---
---
---
---
---
---
---
---
---
---
---
---
---
---
---
---
---
---
---
---
---
---
---
---
---
---
Tag 3---------------
---
---
---
---
---
---
---
---
---
---
---
---
---
---
---
---
---
---
---
---
---
---
---
---
---
---
---
---
---
---
---
---
---
---
---
---
---
---
---
---
---
---
---
---
---
---
---
---
---
---
---
---
---
---
---
---
---
---
---
---
---
---
---
---
---
---
---
---
---
---
---
---
Tag 4---------------
---
---
---
---
---
---
---
---
---
---
---
---
---
---
---
---
---
---
---
---
---
---
---
---
---
---
---
---
---
---
---
---
---
---
---
---
---
---
---
---
---
---
---
---
---
---
---
---
---
---
---
---
---
---
---
---
---
---
---
---
---
---
---
---
---
---
---
---
---
---
---
---

######################
Schmauch
Tag 0---------------
---
---
---
---
---
---
---
---
---
---
---
---
---
---
---
---
---
---
---
---
---
---
---
---
---
---
---
---
---
---
---
---
---
---
---
---
---
---
---
---
---
---
---
---
---
---
---
---
---
---
---
---
---
---
---
---
---
---
---
---
---
---
---
---
---
---
---
---
---
---
---
---
Tag 1---------------
---
---
---
---
---
---
---
---
---
---
---
---
---
---
---
---
---
---
---
---
---
---
---
---
---
---
---
---
---
---
---
---
---
---
---
---
---
---
---
---
---
---
---
---
---
---
---
---
---
---
---
---
---
---
---
---
---
---
---
---
---
---
---
---
---
---
---
---
---
---
---
---
Tag 2---------------
---
---
---
---
---
---
---
---
---
---
---
---
---
---
---
---
---
---
---
---
---
---
---
---
---
---
---
---
---
---
---
---
---
---
---
---
---
---
---
---
---
---
---
---
---
---
---
---
---
---
---
---
---
---
---
---
---
---
---
---
---
---
---
---
---
---
---
---
---
---
---
---
Tag 3---------------
---
---
---
---
---
---
---
---
---
---
---
---
---
---
---
---
---
---
---
---
---
---
---
---
---
---
---
---
---
---
---
---
---
---
---
---
---
---
---
---
---
---
---
---
---
---
---
---
---
---
---
---
---
---
---
---
---
---
---
---
---
---
---
---
---
---
---
---
---
---
---
---
Tag 4---------------
---
---
---
---
---
---
---
---
---
---
---
---
---
---
---
---
---
---
---
---
---
---
---
---
---
---
---
---
---
---
---
---
---
---
---
---
---
---
---
---
---
---
---
---
---
---
---
---
---
---
---
---
---
---
---
---
---
---
---
---
---
---
---
---
---
---
---
---
---
---
---
---

######################
Schmidt
Tag 0---------------
---
---
---
---
---
---
---
---
---
---
---
---
---
---
---
---
---
---
---
---
---
---
---
---
---
---
---
---
---
---
---
---
---
---
---
---
---
---
---
---
---
---
---
---
---
---
---
---
---
---
---
---
---
---
---
---
---
---
---
---
---
---
---
---
---
---
---
---
---
---
---
---
Tag 1---------------
---
---
---
---
---
---
---
---
---
---
---
---
---
---
---
---
---
---
---
---
---
---
---
---
---
---
---
---
---
---
---
---
---
---
---
---
---
---
---
---
---
---
---
---
---
---
---
---
---
---
---
---
---
---
---
---
---
---
---
---
---
---
---
---
---
---
---
---
---
---
---
---
Tag 2---------------
---
---
---
---
---
---
---
---
---
---
---
---
---
---
---
---
---
---
---
---
---
---
---
---
---
---
---
---
---
---
---
---
---
---
---
---
---
---
---
---
---
---
---
---
---
---
---
---
---
---
---
---
---
---
---
---
---
---
---
---
---
---
---
---
---
---
---
---
---
---
---
---
Tag 3---------------
---
---
---
---
---
---
---
---
---
---
---
---
---
---
---
---
---
---
---
---
---
---
---
---
---
---
---
---
---
---
---
---
---
---
---
---
---
---
---
---
---
---
---
---
---
---
---
---
---
---
---
---
---
---
---
---
---
---
---
---
---
---
---
---
---
---
---
---
---
---
---
---
Tag 4---------------
---
---
---
---
---
---
---
---
---
---
---
---
---
---
---
---
---
---
---
---
---
---
---
---
---
---
---
---
---
---
---
---
---
---
---
---
---
---
---
---
---
---
---
---
---
---
---
---
---
---
---
---
---
---
---
---
---
---
---
---
---
---
---
---
---
---
---
---
---
---
---
---

######################
Seifert
Tag 0---------------
---
---
---
---
---
---
---
---
---
---
---
---
---
---
---
---
---
---
---
---
---
---
---
---
---
---
---
---
---
---
---
---
---
---
---
---
---
---
---
---
---
---
---
---
---
---
---
---
---
---
---
---
---
---
---
---
---
---
---
---
---
---
---
---
---
---
---
---
---
---
---
---
Tag 1---------------
---
---
---
---
---
---
---
---
---
---
---
---
---
---
---
---
---
---
---
---
---
---
---
---
---
---
---
---
---
---
---
---
---
---
---
---
---
---
---
---
---
---
---
---
---
---
---
---
---
---
---
---
---
---
---
---
---
---
---
---
---
---
---
---
---
---
---
---
---
---
---
---
Tag 2---------------
---
---
---
---
---
---
---
---
---
---
---
---
---
---
---
---
---
---
---
---
---
---
---
---
---
---
---
---
---
---
---
---
---
---
---
---
---
---
---
---
---
---
---
---
---
---
---
---
---
---
---
---
---
---
---
---
---
---
---
---
---
---
---
---
---
---
---
---
---
---
---
---
Tag 3---------------
---
---
---
---
---
---
---
---
---
---
---
---
---
---
---
---
---
---
---
---
---
---
---
---
---
---
---
---
---
---
---
---
---
---
---
---
---
---
---
---
---
---
---
---
---
---
---
---
---
---
---
---
---
---
---
---
---
---
---
---
---
---
---
---
---
---
---
---
---
---
---
---
Tag 4---------------
---
---
---
---
---
---
---
---
---
---
---
---
---
---
---
---
---
---
---
---
---
---
---
---
---
---
---
---
---
---
---
---
---
---
---
---
---
---
---
---
---
---
---
---
---
---
---
---
---
---
---
---
---
---
---
---
---
---
---
---
---
---
---
---
---
---
---
---
---
---
---
---

######################
Senger
Tag 0---------------
---
---
---
---
---
---
---
---
---
---
---
---
---
---
---
---
---
---
---
---
---
---
---
---
---
---
---
---
---
---
---
---
---
---
---
---
---
---
---
---
---
---
---
---
---
---
---
---
---
---
---
---
---
---
---
---
---
---
---
---
---
---
---
---
---
---
---
---
---
---
---
---
Tag 1---------------
---
---
---
---
---
---
---
---
---
---
---
---
---
---
---
---
---
---
---
---
---
---
---
---
---
---
---
---
---
---
---
---
---
---
---
---
---
---
---
---
---
---
---
---
---
---
---
---
---
---
---
---
---
---
---
---
---
---
---
---
---
---
---
---
---
---
---
---
---
---
---
---
Tag 2---------------
---
---
---
---
---
---
---
---
---
---
---
---
---
---
---
---
---
---
---
---
---
---
---
---
---
---
---
---
---
---
---
---
---
---
---
---
---
---
---
---
---
---
---
---
---
---
---
---
---
---
---
---
---
---
---
---
---
---
---
---
---
---
---
---
---
---
---
---
---
---
---
---
Tag 3---------------
---
---
---
---
---
---
---
---
---
---
---
---
---
---
---
---
---
---
---
---
---
---
---
---
---
---
---
---
---
---
---
---
---
---
---
---
---
---
---
---
---
---
---
---
---
---
---
---
---
---
---
---
---
---
---
---
---
---
---
---
---
---
---
---
---
---
---
---
---
---
---
---
Tag 4---------------
---
---
---
---
---
---
---
---
---
---
---
---
---
---
---
---
---
---
---
---
---
---
---
---
---
---
---
---
---
---
---
---
---
---
---
---
---
---
---
---
---
---
---
---
---
---
---
---
---
---
---
---
---
---
---
---
---
---
---
---
---
---
---
---
---
---
---
---
---
---
---
---

######################
Vogelsang
Tag 0---------------
---
---
---
---
---
---
---
---
---
---
---
---
---
---
---
---
---
---
---
---
---
---
---
---
---
---
---
---
---
---
---
---
---
---
---
---
---
---
---
---
---
---
---
---
---
---
---
---
---
---
---
---
---
---
---
---
---
---
---
---
---
---
---
---
---
---
---
---
---
---
---
---
Tag 1---------------
---
---
---
---
---
---
---
---
---
---
---
---
---
---
---
---
---
---
---
---
---
---
---
---
---
---
---
---
---
---
---
---
---
---
---
---
---
---
---
---
---
---
---
---
---
---
---
---
---
---
---
---
---
---
---
---
---
---
---
---
---
---
---
---
---
---
---
---
---
---
---
---
Tag 2---------------
---
---
---
---
---
---
---
---
---
---
---
---
---
---
---
---
---
---
---
---
---
---
---
---
---
---
---
---
---
---
---
---
---
---
---
---
---
---
---
---
---
---
---
---
---
---
---
---
---
---
---
---
---
---
---
---
---
---
---
---
---
---
---
---
---
---
---
---
---
---
---
---
Tag 3---------------
---
---
---
---
---
---
---
---
---
---
---
---
---
---
---
---
---
---
---
---
---
---
---
---
---
---
---
---
---
---
---
---
---
---
---
---
---
---
---
---
---
---
---
---
---
---
---
---
---
---
---
---
---
---
---
---
---
---
---
---
---
---
---
---
---
---
---
---
---
---
---
---
Tag 4---------------
---
---
---
---
---
---
---
---
---
---
---
---
---
---
---
---
---
---
---
---
---
---
---
---
---
---
---
---
---
---
---
---
---
---
---
---
---
---
---
---
---
---
---
---
---
---
---
---
---
---
---
---
---
---
---
---
---
---
---
---
---
---
---
---
---
---
---
---
---
---
---
---

######################
Weidner
Tag 0---------------
---
---
---
---
---
---
---
---
---
---
---
---
---
---
---
---
---
---
---
---
---
---
---
---
---
---
---
---
---
---
---
---
---
---
---
---
---
---
---
---
---
---
---
---
---
---
---
---
---
---
---
---
---
---
---
---
---
---
---
---
---
---
---
---
---
---
---
---
---
---
---
---
Tag 1---------------
---
---
---
---
---
---
---
---
---
---
---
---
---
---
---
---
---
---
---
---
---
---
---
---
---
---
---
---
---
---
---
---
---
---
---
---
---
---
---
---
---
---
---
---
---
---
---
---
---
---
---
---
---
---
---
---
---
---
---
---
---
---
---
---
---
---
---
---
---
---
---
---
Tag 2---------------
---
---
---
---
---
---
---
---
---
---
---
---
---
---
---
---
---
---
---
---
---
---
---
---
---
---
---
---
---
---
---
---
---
---
---
---
---
---
---
---
---
---
---
---
---
---
---
---
---
---
---
---
---
---
---
---
---
---
---
---
---
---
---
---
---
---
---
---
---
---
---
---
Tag 3---------------
---
---
---
---
---
---
---
---
---
---
---
---
---
---
---
---
---
---
---
---
---
---
---
---
---
---
---
---
---
---
---
---
---
---
---
---
---
---
---
---
---
---
---
---
---
---
---
---
---
---
---
---
---
---
---
---
---
---
---
---
---
---
---
---
---
---
---
---
---
---
---
---
Tag 4---------------
---
---
---
---
---
---
---
---
---
---
---
---
---
---
---
---
---
---
---
---
---
---
---
---
---
---
---
---
---
---
---
---
---
---
---
---
---
---
---
---
---
---
---
---
---
---
---
---
---
---
---
---
---
---
---
---
---
---
---
---
---
---
---
---
---
---
---
---
---
---
---
---

######################
Wirth
Tag 0---------------
---
---
---
---
---
---
---
---
---
---
---
---
---
---
---
---
---
---
---
---
---
---
---
---
---
---
---
---
---
---
---
---
---
---
---
---
---
---
---
---
---
---
---
---
---
---
---
---
---
---
---
---
---
---
---
---
---
---
---
---
---
---
---
---
---
---
---
---
---
---
---
---
Tag 1---------------
---
---
---
---
---
---
---
---
---
---
---
---
---
---
---
---
---
---
---
---
---
---
---
---
---
---
---
---
---
---
---
---
---
---
---
---
---
---
---
---
---
---
---
---
---
---
---
---
---
---
---
---
---
---
---
---
---
---
---
---
---
---
---
---
---
---
---
---
---
---
---
---
Tag 2---------------
---
---
---
---
---
---
---
---
---
---
---
---
---
---
---
---
---
---
---
---
---
---
---
---
---
---
---
---
---
---
---
---
---
---
---
---
---
---
---
---
---
---
---
---
---
---
---
---
---
---
---
---
---
---
---
---
---
---
---
---
---
---
---
---
---
---
---
---
---
---
---
---
Tag 3---------------
---
---
---
---
---
---
---
---
---
---
---
---
---
---
---
---
---
---
---
---
---
---
---
---
---
---
---
---
---
---
---
---
---
---
---
---
---
---
---
---
---
---
---
---
---
---
---
---
---
---
---
---
---
---
---
---
---
---
---
---
---
---
---
---
---
---
---
---
---
---
---
---
Tag 4---------------
---
---
---
---
---
---
---
---
---
---
---
---
---
---
---
---
---
---
---
---
---
---
---
---
---
---
---
---
---
---
---
---
---
---
---
---
---
---
---
---
---
---
---
---
---
---
---
---
---
---
---
---
---
---
---
---
---
---
---
---
---
---
---
---
---
---
---
---
---
---
---
---

######################
Zimmermann
Tag 0---------------
---
---
---
---
---
---
---
---
---
---
---
---
---
---
---
---
---
---
---
---
---
---
---
---
---
---
---
---
---
---
---
---
---
---
---
---
---
---
---
---
---
---
---
---
---
---
---
---
---
---
---
---
---
---
---
---
---
---
---
---
---
---
---
---
---
---
---
---
---
---
---
---
Tag 1---------------
---
---
---
---
---
---
---
---
---
---
---
---
---
---
---
---
---
---
---
---
---
---
---
---
---
---
---
---
---
---
---
---
---
---
---
---
---
---
---
---
---
---
---
---
---
---
---
---
---
---
---
---
---
---
---
---
---
---
---
---
---
---
---
---
---
---
---
---
---
---
---
---
Tag 2---------------
---
---
---
---
---
---
---
---
---
---
---
---
---
---
---
---
---
---
---
---
---
---
---
---
---
---
---
---
---
---
---
---
---
---
---
---
---
---
---
---
---
---
---
---
---
---
---
---
---
---
---
---
---
---
---
---
---
---
---
---
---
---
---
---
---
---
---
---
---
---
---
---
Tag 3---------------
---
---
---
---
---
---
---
---
---
---
---
---
---
---
---
---
---
---
---
---
---
---
---
---
---
---
---
---
---
---
---
---
---
---
---
---
---
---
---
---
---
---
---
---
---
---
---
---
---
---
---
---
---
---
---
---
---
---
---
---
---
---
---
---
---
---
---
---
---
---
---
---
Tag 4---------------
---
---
---
---
---
---
---
---
---
---
---
---
---
---
---
---
---
---
---
---
---
---
---
---
---
---
---
---
---
---
---
---
---
---
---
---
---
---
---
---
---
---
---
---
---
---
---
---
---
---
---
---
---
---
---
---
---
---
---
---
---
---
---
---
---
---
---
---
---
---
---
---

</DebugTrace>
      </Output>
    </UnitTestResult>
  </Results>
</TestRun>