<?xml version="1.0" encoding="UTF-8"?>
<TestRun id="22573e6f-b1c4-4453-af98-8a8d8fa8eb40" name="FloLap@FLOLAP-PC 2011-10-19 17:56:44" runUser="FloLap-PC\FloLap" xmlns="http://microsoft.com/schemas/VisualStudio/TeamTest/2010">
  <TestSettings name="Lokal" id="6ed96bb3-d821-4eee-a79d-3a3069da9890">
    <Description>Dies sind die standardmäßigen Testeinstellungen für einen lokalen Testlauf.</Description>
    <Deployment enabled="false" runDeploymentRoot="FloLap_FLOLAP-PC 2011-10-19 17_56_44">
      <DeploymentItem filename="E:\HsKA\Semester2\Projektarbeit\Stundenplangenerator\TimetablePlanner\TimetablePlanner\bin\Debug\TimetablePlanner.dll" />
    </Deployment>
    <Execution>
      <TestTypeSpecific />
      <AgentRule name="Execution Agents">
      </AgentRule>
    </Execution>
  </TestSettings>
  <Times creation="2011-10-19T17:56:44.4007315+02:00" queuing="2011-10-19T17:56:45.4127850+02:00" start="2011-10-19T17:56:45.5037902+02:00" finish="2011-10-19T17:56:51.8665507+02:00" />
  <ResultSummary outcome="Completed">
    <Counters total="1" executed="1" passed="1" error="0" failed="0" timeout="0" aborted="0" inconclusive="0" passedButRunAborted="0" notRunnable="0" notExecuted="0" disconnected="0" warning="0" completed="0" inProgress="0" pending="0" />
  </ResultSummary>
  <TestDefinitions>
    <UnitTest name="createTimetableInstanceTest" storage="e:\hska\semester2\projektarbeit\stundenplangenerator\timetableplanner\timetableplannertests\bin\debug\timetableplannertests.dll" id="ab441b29-9837-01bf-f43f-7839c8f73716">
      <Execution id="fee0280e-9d37-4953-9f85-7c5a778d5e5f" />
      <TestMethod codeBase="E:/HsKA/Semester2/Projektarbeit/Stundenplangenerator/TimetablePlanner/TimetablePlannerTests/bin/Debug/TimetablePlannerTests.DLL" adapterTypeName="Microsoft.VisualStudio.TestTools.TestTypes.Unit.UnitTestAdapter, Microsoft.VisualStudio.QualityTools.Tips.UnitTest.Adapter, Version=10.0.0.0, Culture=neutral, PublicKeyToken=b03f5f7f11d50a3a" className="TimetablePlannerTests.TimetableTest, TimetablePlannerTests, Version=1.0.0.0, Culture=neutral, PublicKeyToken=null" name="createTimetableInstanceTest" />
    </UnitTest>
  </TestDefinitions>
  <TestLists>
    <TestList name="Nicht in einer Liste enthaltene Ergebnisse" id="8c84fa94-04c1-424b-9868-57a2d4851a1d" />
    <TestList name="Alle geladenen Ergebnisse" id="19431567-8539-422a-85d7-44ee4e166bda" />
  </TestLists>
  <TestEntries>
    <TestEntry testId="ab441b29-9837-01bf-f43f-7839c8f73716" executionId="fee0280e-9d37-4953-9f85-7c5a778d5e5f" testListId="8c84fa94-04c1-424b-9868-57a2d4851a1d" />
  </TestEntries>
  <Results>
    <UnitTestResult executionId="fee0280e-9d37-4953-9f85-7c5a778d5e5f" testId="ab441b29-9837-01bf-f43f-7839c8f73716" testName="createTimetableInstanceTest" computerName="FLOLAP-PC" duration="00:00:04.9977458" startTime="2011-10-19T17:56:45.5847949+02:00" endTime="2011-10-19T17:56:51.7695452+02:00" testType="13cdc9d9-ddb5-4fa4-a97d-d965ccfc6d4b" outcome="Passed" testListId="8c84fa94-04c1-424b-9868-57a2d4851a1d" relativeResultsDirectory="fee0280e-9d37-4953-9f85-7c5a778d5e5f">
      <Output>
        <DebugTrace>Time to create population of size 75: 818ms
487
365
354
346
339
313
307
303
303
295
291
286
280
277
274
272
272
268
260
254
250
230
227
219
219
213
212
212
210
208
206
204
198
194
185
185
172
171
166
165
159
154
150
150
141
140
123
118
117
114
109
106
103
100
96
90
88
88
64
62
45
40
31
29
28
18
17
10
-1
-8
-21
-53
-71
-73
-86
Early abort after 152 generations.
Mean time per generation: 24ms
Mean fitness increase per generation
116
49
34
30
43
46
13
10
8
10
11
11
12
11
14
16
13
10
13
21
21
13
10
6
7
5
4
6
5
6
3
5
4
5
5
4
3
6
5
5
4
5
5
6
4
3
4
4
4
3
3
3
3
2
0
2
1
1
1
3
1
2
2
3
1
3
2
2
2
1
2
2
2
1
2
1
2
2
3
3
2
2
1
0
1
2
1
1
0
1
0
2
1
2
1
1
0
0
0
0
0
0
0
1
0
0
1
1
0
0
0
1
0
0
0
1
1
1
0
1
1
1
0
0
1
0
1
0
0
0
1
0
1
1
0
0
0
0
0
1
0
0
0
1
1
0
0
0
0
0
1
0
0
Evolution time: 3842ms
922
922
922
922
922
922
922
922
922
922
922
922
922
922
922
922
922
922
922
922
922
922
922
922
922
922
922
922
922
922
922
922
922
922
922
922
922
922
922
922
922
922
919
919
919
919
919
919
919
919
919
919
919
919
919
919
919
919
919
919
919
919
919
919
919
919
919
919
919
919
919
919
919
919
919

Group 0
Block 0: 005 006 012 002 000 
Block 1: 011 007 012 010 003 
Block 2: 008 009 --- 004 001 
Block 3: --- --- --- --- --- 
Block 4: --- --- --- --- --- 
Block 5: --- --- --- --- --- 

Group 1
Block 0: 019 024 014 025 017 
Block 1: 018 021 023 025 017 
Block 2: 018 013 --- 025 015 
Block 3: --- 020 016 022 --- 
Block 4: --- --- --- --- --- 
Block 5: --- --- --- --- --- 

Group 2
Block 0: 035 031 032 x36 033 
Block 1: 029 027 028 x36 026 
Block 2: 030 --- --- x36 --- 
Block 3: --- --- --- --- --- 
Block 4: --- x34 --- --- --- 
Block 5: --- --- --- --- --- 

Group 3
Block 0: 039 041 042 038 040 
Block 1: 037 --- --- 043 044 
Block 2: --- --- --- --- --- 
Block 3: --- x45 --- --- --- 
Block 4: --- x45 --- x46 --- 
Block 5: --- --- --- --- --- 
</DebugTrace>
      </Output>
    </UnitTestResult>
  </Results>
</TestRun>