<?xml version="1.0" encoding="UTF-8"?>
<TestRun id="38506008-91db-4e19-bd4b-7f90fbe2c91f" name="FloLap@FLOLAP-PC 2011-10-23 14:32:25" runUser="FloLap-PC\FloLap" xmlns="http://microsoft.com/schemas/VisualStudio/TeamTest/2010">
  <TestSettings name="Lokal" id="6ed96bb3-d821-4eee-a79d-3a3069da9890">
    <Description>Dies sind die standardmäßigen Testeinstellungen für einen lokalen Testlauf.</Description>
    <Deployment enabled="false" runDeploymentRoot="FloLap_FLOLAP-PC 2011-10-23 14_32_25">
      <DeploymentItem filename="E:\HsKA\Semester2\Projektarbeit\Stundenplangenerator\TimetablePlanner\TimetablePlanner\bin\Debug\TimetablePlanner.dll" />
    </Deployment>
    <Execution>
      <TestTypeSpecific />
      <AgentRule name="Execution Agents">
      </AgentRule>
    </Execution>
  </TestSettings>
  <Times creation="2011-10-23T14:32:25.6106466+02:00" queuing="2011-10-23T14:32:26.5934483+02:00" start="2011-10-23T14:32:26.6714484+02:00" finish="2011-10-23T14:32:37.3574672+02:00" />
  <ResultSummary outcome="Completed">
    <Counters total="1" executed="1" passed="1" error="0" failed="0" timeout="0" aborted="0" inconclusive="0" passedButRunAborted="0" notRunnable="0" notExecuted="0" disconnected="0" warning="0" completed="0" inProgress="0" pending="0" />
  </ResultSummary>
  <TestDefinitions>
    <UnitTest name="TimetableManualTester" storage="e:\hska\semester2\projektarbeit\stundenplangenerator\timetableplanner\timetableplannertests\bin\debug\timetableplannertests.dll" id="3ada0cc6-2a4d-2d63-7d9f-97d4d443b0f3">
      <Execution id="a2b9da1e-6d22-4de2-8846-a40630380c38" />
      <TestMethod codeBase="E:/HsKA/Semester2/Projektarbeit/Stundenplangenerator/TimetablePlanner/TimetablePlannerTests/bin/Debug/TimetablePlannerTests.DLL" adapterTypeName="Microsoft.VisualStudio.TestTools.TestTypes.Unit.UnitTestAdapter, Microsoft.VisualStudio.QualityTools.Tips.UnitTest.Adapter, Version=10.0.0.0, Culture=neutral, PublicKeyToken=b03f5f7f11d50a3a" className="TimetablePlannerTests.TimetableTest, TimetablePlannerTests, Version=1.0.0.0, Culture=neutral, PublicKeyToken=null" name="TimetableManualTester" />
    </UnitTest>
  </TestDefinitions>
  <TestLists>
    <TestList name="Nicht in einer Liste enthaltene Ergebnisse" id="8c84fa94-04c1-424b-9868-57a2d4851a1d" />
    <TestList name="Alle geladenen Ergebnisse" id="19431567-8539-422a-85d7-44ee4e166bda" />
  </TestLists>
  <TestEntries>
    <TestEntry testId="3ada0cc6-2a4d-2d63-7d9f-97d4d443b0f3" executionId="a2b9da1e-6d22-4de2-8846-a40630380c38" testListId="8c84fa94-04c1-424b-9868-57a2d4851a1d" />
  </TestEntries>
  <Results>
    <UnitTestResult executionId="a2b9da1e-6d22-4de2-8846-a40630380c38" testId="3ada0cc6-2a4d-2d63-7d9f-97d4d443b0f3" testName="TimetableManualTester" computerName="FLOLAP-PC" duration="00:00:09.3308590" startTime="2011-10-23T14:32:26.7182485+02:00" endTime="2011-10-23T14:32:37.2638670+02:00" testType="13cdc9d9-ddb5-4fa4-a97d-d965ccfc6d4b" outcome="Passed" testListId="8c84fa94-04c1-424b-9868-57a2d4851a1d" relativeResultsDirectory="a2b9da1e-6d22-4de2-8846-a40630380c38">
      <Output>
        <DebugTrace>Time to create population of size 75: 592ms
1680
1430
1320
1200
1180
1150
1150
1080
1080
1050
1020
970
940
920
920
890
880
880
880
870
860
830
830
810
780
770
760
750
700
700
680
680
660
590
570
570
570
530
520
480
470
460
460
420
420
360
360
270
260
240
230
220
120
100
90
50
30
30
-40
-80
-100
-140
-210
-230
-240
-280
-380
-460
-590
-600
-640
-660
-680
-720
-1980
Early abort after 162 generations.
Mean time per generation: 39ms
Mean fitness increase per generation
481
199
149
107
80
86
75
68
58
45
35
37
43
35
37
27
35
27
31
35
26
28
27
26
19
30
27
28
25
23
22
19
21
19
21
20
17
20
18
18
17
21
18
11
13
9
13
13
12
20
15
16
14
14
14
13
10
9
12
9
12
9
12
8
12
11
10
11
13
11
8
11
16
15
10
7
9
7
7
6
8
6
6
11
9
9
5
10
6
5
10
9
11
8
11
12
12
13
6
9
6
6
9
7
5
5
8
4
4
6
3
5
6
5
3
6
4
4
6
3
3
4
5
6
4
5
5
3
3
1
5
3
4
4
2
2
1
1
1
4
2
2
3
1
2
3
2
3
1
4
3
3
1
3
3
1
2
0
1
1
1
0
1
Evolution time: 6583ms
3460
3460
3450
3450
3450
3450
3450
3450
3450
3450
3450
3450
3450
3450
3450
3450
3450
3450
3450
3440
3440
3440
3440
3440
3440
3440
3440
3440
3440
3440
3440
3440
3440
3440
3440
3440
3440
3440
3430
3430
3430
3430
3430
3430
3430
3430
3430
3430
3430
3430
3430
3430
3420
3420
3420
3420
3420
3420
3420
3420
3420
3420
3420
3420
3420
3420
3420
3420
3420
3420
3420
3420
3420
3420
3420

Group 0
Block 0: Informatik 1                           | Informatik 1                           | Fremdsprachen                          | Mathematik 1 Labor                     | Mathematik 1 Labor                     | 
Block 1: Informatik 1 Übung                     | Theoretische Informatik 1              | Fremdsprachen                          | Theoretische Informatik 1              | Mathematik 1                           | 
Block 2: Technische Informatik 1                | ---------------------------------------| ---------------------------------------| Technische Informatik 1 Übung          | Technische Informatik 1                | 
Block 3: Mathematik 1                           | ---------------------------------------| ---------------------------------------| ---------------------------------------| ---------------------------------------| 
Block 4: ---------------------------------------| ---------------------------------------| ---------------------------------------| ---------------------------------------| ---------------------------------------| 
Block 5: ---------------------------------------| ---------------------------------------| ---------------------------------------| ---------------------------------------| ---------------------------------------| 

Group 1
Block 0: Digital-Labor                          | Softwarelabor                          | Mathematik 2                           | Informatik 2 Übung                     | Technische Informatik 2                | 
Block 1: Digital-Labor                          | Softwarelabor                          | Mathematik 2 Labor                     | Informatik 2                           | Softwarelabor                          | 
Block 2: Digital-Labor                          | Sprachen und Metasprachen              | ---------------------------------------| Technische Informatik 2                | Softwarelabor                          | 
Block 3: Web-Programming                        | Informatik 2                           | ---------------------------------------| ---------------------------------------| Informatik 2 Übung                     | 
Block 4: ---------------------------------------| ---------------------------------------| ---------------------------------------| ---------------------------------------| ---------------------------------------| 
Block 5: ---------------------------------------| ---------------------------------------| ---------------------------------------| ---------------------------------------| ---------------------------------------| 

Group 2
Block 0: Visualization and Semantics Lab        | ---------------------------------------| Visualization and Semantics            | Modellierung und Simulation            | Intelligente Systeme                   | 
Block 1: IT Projektmanagement                   | Datenrepräsentation und -übertragung   | ---------------------------------------| Verteilte Informationssysteme          | ---------------------------------------| 
Block 2: IT Service Management                  | ---------------------------------------| ---------------------------------------| Mobile Systeme                         | ---------------------------------------| 
Block 3: ---------------------------------------| ---------------------------------------| Projektarbeit1                         | ---------------------------------------| ---------------------------------------| 
Block 4: ---------------------------------------| ---------------------------------------| Projektarbeit1                         | ---------------------------------------| ---------------------------------------| 
Block 5: ---------------------------------------| ---------------------------------------| Projektarbeit1                         | ---------------------------------------| Führungskräftetraining                 | 

Group 3
Block 0: ---------------------------------------| IT-Sicherheit                          | Labor Benutzeroberflächen              | Dialog Systems                         | Data Mining                            | 
Block 1: ---------------------------------------| Labor Verteilte Systeme                | Algorithmen Übung                      | Angewandte Kryptografie                | ---------------------------------------| 
Block 2: ---------------------------------------| ---------------------------------------| ---------------------------------------| Algorithmenentwurf                     | ---------------------------------------| 
Block 3: ---------------------------------------| ---------------------------------------| ---------------------------------------| ---------------------------------------| ---------------------------------------| 
Block 4: ---------------------------------------| ---------------------------------------| ---------------------------------------| ---------------------------------------| Projektarbeit2                         | 
Block 5: ---------------------------------------| ---------------------------------------| Seminar                                | ---------------------------------------| Projektarbeit2                         | 
</DebugTrace>
      </Output>
    </UnitTestResult>
  </Results>
</TestRun>