<?xml version="1.0" encoding="UTF-8"?>
<TestRun id="ba295fc3-7555-4d0a-b740-1529e2534b37" name="FloLap@FLOLAP-PC 2011-10-19 19:44:38" runUser="FloLap-PC\FloLap" xmlns="http://microsoft.com/schemas/VisualStudio/TeamTest/2010">
  <TestSettings name="Lokal" id="6ed96bb3-d821-4eee-a79d-3a3069da9890">
    <Description>Dies sind die standardmäßigen Testeinstellungen für einen lokalen Testlauf.</Description>
    <Deployment enabled="false" runDeploymentRoot="FloLap_FLOLAP-PC 2011-10-19 19_44_38">
      <DeploymentItem filename="E:\HsKA\Semester2\Projektarbeit\Stundenplangenerator\TimetablePlanner\TimetablePlanner\bin\Debug\TimetablePlanner.dll" />
    </Deployment>
    <Execution>
      <TestTypeSpecific />
      <AgentRule name="Execution Agents">
      </AgentRule>
    </Execution>
  </TestSettings>
  <Times creation="2011-10-19T19:44:38.6751955+02:00" queuing="2011-10-19T19:44:39.7391989+02:00" start="2011-10-19T19:44:39.8391990+02:00" finish="2011-10-19T19:44:51.1842989+02:00" />
  <ResultSummary outcome="Completed">
    <Counters total="1" executed="1" passed="1" error="0" failed="0" timeout="0" aborted="0" inconclusive="0" passedButRunAborted="0" notRunnable="0" notExecuted="0" disconnected="0" warning="0" completed="0" inProgress="0" pending="0" />
  </ResultSummary>
  <TestDefinitions>
    <UnitTest name="createTimetableInstanceTest" storage="e:\hska\semester2\projektarbeit\stundenplangenerator\timetableplanner\timetableplannertests\bin\debug\timetableplannertests.dll" id="ab441b29-9837-01bf-f43f-7839c8f73716">
      <Execution id="f0c57912-8920-4d3a-9067-22ed9e0bba58" />
      <TestMethod codeBase="E:/HsKA/Semester2/Projektarbeit/Stundenplangenerator/TimetablePlanner/TimetablePlannerTests/bin/Debug/TimetablePlannerTests.DLL" adapterTypeName="Microsoft.VisualStudio.TestTools.TestTypes.Unit.UnitTestAdapter, Microsoft.VisualStudio.QualityTools.Tips.UnitTest.Adapter, Version=10.0.0.0, Culture=neutral, PublicKeyToken=b03f5f7f11d50a3a" className="TimetablePlannerTests.TimetableTest, TimetablePlannerTests, Version=1.0.0.0, Culture=neutral, PublicKeyToken=null" name="createTimetableInstanceTest" />
    </UnitTest>
  </TestDefinitions>
  <TestLists>
    <TestList name="Nicht in einer Liste enthaltene Ergebnisse" id="8c84fa94-04c1-424b-9868-57a2d4851a1d" />
    <TestList name="Alle geladenen Ergebnisse" id="19431567-8539-422a-85d7-44ee4e166bda" />
  </TestLists>
  <TestEntries>
    <TestEntry testId="ab441b29-9837-01bf-f43f-7839c8f73716" executionId="f0c57912-8920-4d3a-9067-22ed9e0bba58" testListId="8c84fa94-04c1-424b-9868-57a2d4851a1d" />
  </TestEntries>
  <Results>
    <UnitTestResult executionId="f0c57912-8920-4d3a-9067-22ed9e0bba58" testId="ab441b29-9837-01bf-f43f-7839c8f73716" testName="createTimetableInstanceTest" computerName="FLOLAP-PC" duration="00:00:10.0147149" startTime="2011-10-19T19:44:39.8791991+02:00" endTime="2011-10-19T19:44:51.0842987+02:00" testType="13cdc9d9-ddb5-4fa4-a97d-d965ccfc6d4b" outcome="Passed" testListId="8c84fa94-04c1-424b-9868-57a2d4851a1d" relativeResultsDirectory="f0c57912-8920-4d3a-9067-22ed9e0bba58">
      <Output>
        <DebugTrace>Time to create population of size 75: 580ms
780
770
691
660
612
611
589
560
557
548
547
542
536
535
507
499
485
482
479
473
469
465
464
462
456
455
454
451
440
432
428
413
400
398
396
390
387
378
378
357
347
338
332
324
320
318
298
287
279
266
257
254
242
238
236
234
200
192
163
152
128
120
115
102
100
87
80
70
22
20
7
-2
-42
-93
-116
Early abort after 183 generations.
Mean time per generation: 49ms
Mean fitness increase per generation
207
82
90
75
83
57
29
23
21
13
16
16
14
15
9
10
15
16
13
15
15
12
16
12
14
12
12
12
11
11
11
9
13
11
12
10
9
11
11
11
10
9
7
8
9
10
6
6
9
11
7
9
7
7
6
7
6
8
6
6
5
5
9
6
6
6
9
6
8
5
5
4
3
4
4
3
5
3
1
3
1
3
3
2
4
3
4
4
4
2
3
2
4
4
5
3
6
3
2
2
2
4
2
3
2
2
3
2
1
2
2
2
2
2
2
1
3
3
3
1
3
2
3
1
1
4
2
2
1
2
2
0
1
1
1
2
1
1
2
1
1
1
2
0
1
0
1
0
1
1
1
1
2
0
1
1
1
1
1
1
1
1
2
1
0
1
1
2
1
1
0
1
1
0
1
1
1
1
1
0
1
0
1
1
Evolution time: 9105ms
1855
1849
1847
1847
1845
1845
1843
1843
1843
1841
1839
1839
1839
1839
1839
1839
1839
1837
1837
1837
1837
1837
1837
1837
1837
1836
1835
1835
1835
1833
1833
1833
1833
1831
1831
1831
1831
1831
1831
1829
1829
1829
1829
1829
1827
1827
1827
1827
1827
1827
1827
1827
1827
1827
1827
1825
1825
1825
1825
1825
1825
1825
1825
1825
1825
1825
1825
1825
1825
1824
1823
1823
1823
1823
1823

Group 0
Block 0: 008 012 007 009 003 
Block 1: 000 012 006 011 001 
Block 2: 010 005 --- 002 --- 
Block 3: --- --- 004 --- --- 
Block 4: --- --- --- --- --- 
Block 5: --- --- --- --- --- 

Group 1
Block 0: 019 016 018 013 020 
Block 1: 022 021 018 014 024 
Block 2: --- 023 --- --- 015 
Block 3: 025 --- --- --- 017 
Block 4: --- --- --- --- 017 
Block 5: --- --- --- --- --- 

Group 2
Block 0: --- 035 031 027 029 
Block 1: 033 028 030 032 026 
Block 2: x34 --- --- --- --- 
Block 3: x36 --- --- --- --- 
Block 4: x36 --- --- --- --- 
Block 5: x36 --- --- --- --- 

Group 3
Block 0: --- 042 043 --- 037 
Block 1: --- --- 044 039 041 
Block 2: 038 040 --- --- --- 
Block 3: --- --- --- --- --- 
Block 4: --- x45 --- --- --- 
Block 5: --- x46 --- --- --- 
</DebugTrace>
      </Output>
    </UnitTestResult>
  </Results>
</TestRun>