<?xml version="1.0" encoding="UTF-8"?>
<TestRun id="ff8bfc64-262f-4199-9b51-19b1402de57f" name="FloLap@FLOLAP-PC 2011-10-19 15:03:51" runUser="FloLap-PC\FloLap" xmlns="http://microsoft.com/schemas/VisualStudio/TeamTest/2010">
  <TestSettings name="Lokal" id="6ed96bb3-d821-4eee-a79d-3a3069da9890">
    <Description>Dies sind die standardmäßigen Testeinstellungen für einen lokalen Testlauf.</Description>
    <Deployment enabled="false" runDeploymentRoot="FloLap_FLOLAP-PC 2011-10-19 15_03_51">
      <DeploymentItem filename="E:\HsKA\Semester2\Projektarbeit\Stundenplangenerator\TimetablePlanner\TimetablePlanner\bin\Debug\TimetablePlanner.dll" />
    </Deployment>
    <Execution>
      <TestTypeSpecific />
      <AgentRule name="Execution Agents">
      </AgentRule>
    </Execution>
  </TestSettings>
  <Times creation="2011-10-19T15:03:51.0957284+02:00" queuing="2011-10-19T15:03:52.2569325+02:00" start="2011-10-19T15:03:52.3349326+02:00" finish="2011-10-19T15:04:00.5249470+02:00" />
  <ResultSummary outcome="Completed">
    <Counters total="1" executed="1" passed="1" error="0" failed="0" timeout="0" aborted="0" inconclusive="0" passedButRunAborted="0" notRunnable="0" notExecuted="0" disconnected="0" warning="0" completed="0" inProgress="0" pending="0" />
  </ResultSummary>
  <TestDefinitions>
    <UnitTest name="createTimetableInstanceTest" storage="e:\hska\semester2\projektarbeit\stundenplangenerator\timetableplanner\timetableplannertests\bin\debug\timetableplannertests.dll" id="ab441b29-9837-01bf-f43f-7839c8f73716">
      <Execution id="a87d736a-69b1-4851-8f1a-603e879b348e" />
      <TestMethod codeBase="E:/HsKA/Semester2/Projektarbeit/Stundenplangenerator/TimetablePlanner/TimetablePlannerTests/bin/Debug/TimetablePlannerTests.DLL" adapterTypeName="Microsoft.VisualStudio.TestTools.TestTypes.Unit.UnitTestAdapter, Microsoft.VisualStudio.QualityTools.Tips.UnitTest.Adapter, Version=10.0.0.0, Culture=neutral, PublicKeyToken=b03f5f7f11d50a3a" className="TimetablePlannerTests.TimetableTest, TimetablePlannerTests, Version=1.0.0.0, Culture=neutral, PublicKeyToken=null" name="createTimetableInstanceTest" />
    </UnitTest>
  </TestDefinitions>
  <TestLists>
    <TestList name="Nicht in einer Liste enthaltene Ergebnisse" id="8c84fa94-04c1-424b-9868-57a2d4851a1d" />
    <TestList name="Alle geladenen Ergebnisse" id="19431567-8539-422a-85d7-44ee4e166bda" />
  </TestLists>
  <TestEntries>
    <TestEntry testId="ab441b29-9837-01bf-f43f-7839c8f73716" executionId="a87d736a-69b1-4851-8f1a-603e879b348e" testListId="8c84fa94-04c1-424b-9868-57a2d4851a1d" />
  </TestEntries>
  <Results>
    <UnitTestResult executionId="a87d736a-69b1-4851-8f1a-603e879b348e" testId="ab441b29-9837-01bf-f43f-7839c8f73716" testName="createTimetableInstanceTest" computerName="FLOLAP-PC" duration="00:00:06.7870740" startTime="2011-10-19T15:03:52.3661327+02:00" endTime="2011-10-19T15:04:00.4157468+02:00" testType="13cdc9d9-ddb5-4fa4-a97d-d965ccfc6d4b" outcome="Passed" testListId="8c84fa94-04c1-424b-9868-57a2d4851a1d" relativeResultsDirectory="a87d736a-69b1-4851-8f1a-603e879b348e">
      <Output>
        <DebugTrace>Time to create population of size 75: 748ms
208
204
174
174
172
172
168
166
154
152
138
138
138
136
134
130
128
124
124
122
122
112
110
110
108
104
102
102
100
98
96
94
94
90
88
88
88
82
78
72
64
62
62
58
54
54
54
52
48
46
44
36
32
28
26
26
24
22
20
18
10
8
0
0
-6
-10
-18
-20
-24
-34
-34
-36
-48
-54
-94
Early abort after 146 generations.
Mean time per generation: 31ms
Evolution time: 4555ms
496
496
496
496
496
496
496
496
496
496
496
496
494
494
494
494
494
494
494
494
494
494
494
494
494
492
492
492
492
492
492
492
492
492
492
492
492
492
492
492
492
492
492
492
490
490
490
490
490
490
490
490
490
490
490
490
490
490
490
490
490
490
490
490
490
490
490
490
490
490
490
490
490
490
490

Group 0
Block 0: 008 000 011 012 002 
Block 1: 010 007 005 012 006 
Block 2: 004 003 --- 001 009 
Block 3: --- --- --- --- --- 
Block 4: --- --- --- --- --- 
Block 5: --- --- --- --- --- 

Group 1
Block 0: 024 017 014 019 025 
Block 1: 013 017 016 020 025 
Block 2: 022 015 --- 021 025 
Block 3: --- --- 018 023 --- 
Block 4: --- --- 018 --- --- 
Block 5: --- --- --- --- --- 

Group 2
Block 0: 036 032 029 027 031 
Block 1: 036 026 030 034 033 
Block 2: 036 --- --- 035 028 
Block 3: --- --- --- --- --- 
Block 4: --- --- --- --- --- 
Block 5: --- --- --- --- --- 

Group 3
Block 0: 038 040 046 042 044 
Block 1: 039 045 041 --- 043 
Block 2: --- 045 --- --- 037 
Block 3: --- --- --- --- --- 
Block 4: --- --- --- --- --- 
Block 5: --- --- --- --- --- 

Lecturer 0
Block 0: 036 --- 046 --- --- 
Block 1: 036 045 --- --- --- 
Block 2: 036 045 --- --- --- 
Block 3: --- --- --- --- --- 
Block 4: --- --- --- --- --- 
Block 5: --- --- --- --- --- 

Lecturer 1
Block 0: --- 017 --- 012 --- 
Block 1: --- 017 --- 012 --- 
Block 2: --- --- --- --- --- 
Block 3: --- --- 018 --- --- 
Block 4: --- --- 018 --- --- 
Block 5: --- --- --- --- --- 

Lecturer 2
Block 0: --- --- --- --- --- 
Block 1: --- --- --- --- --- 
Block 2: --- --- --- --- --- 
Block 3: --- --- --- --- --- 
Block 4: --- --- --- --- --- 
Block 5: --- --- --- --- --- 

Lecturer 3
Block 0: --- --- --- --- --- 
Block 1: --- --- --- --- --- 
Block 2: --- --- --- --- 037 
Block 3: --- --- --- --- --- 
Block 4: --- --- --- --- --- 
Block 5: --- --- --- --- --- 

Lecturer 4
Block 0: 024 --- --- --- 025 
Block 1: --- --- --- --- 025 
Block 2: --- --- --- --- 025 
Block 3: --- --- --- 023 --- 
Block 4: --- --- --- --- --- 
Block 5: --- --- --- --- --- 

Lecturer 5
Block 0: --- --- --- --- --- 
Block 1: --- --- --- --- --- 
Block 2: --- --- --- --- --- 
Block 3: --- --- --- --- --- 
Block 4: --- --- --- --- --- 
Block 5: --- --- --- --- --- 

Lecturer 6
Block 0: --- 032 --- --- --- 
Block 1: --- --- --- --- --- 
Block 2: --- --- --- --- --- 
Block 3: --- --- --- --- --- 
Block 4: --- --- --- --- --- 
Block 5: --- --- --- --- --- 

Lecturer 7
Block 0: --- --- --- --- --- 
Block 1: --- --- --- --- --- 
Block 2: --- --- --- --- --- 
Block 3: --- --- --- --- --- 
Block 4: --- --- --- --- --- 
Block 5: --- --- --- --- --- 

Lecturer 8
Block 0: --- --- --- --- --- 
Block 1: --- --- --- --- --- 
Block 2: --- --- --- --- --- 
Block 3: --- --- --- --- --- 
Block 4: --- --- --- --- --- 
Block 5: --- --- --- --- --- 

Lecturer 9
Block 0: --- --- --- --- 031 
Block 1: 039 --- --- --- --- 
Block 2: --- --- --- --- --- 
Block 3: --- --- --- --- --- 
Block 4: --- --- --- --- --- 
Block 5: --- --- --- --- --- 

Lecturer 10
Block 0: --- --- --- --- --- 
Block 1: --- --- --- --- 033 
Block 2: --- --- --- --- --- 
Block 3: --- --- --- --- --- 
Block 4: --- --- --- --- --- 
Block 5: --- --- --- --- --- 

Lecturer 11
Block 0: --- --- --- --- --- 
Block 1: --- --- --- --- --- 
Block 2: --- --- --- --- --- 
Block 3: --- --- --- --- --- 
Block 4: --- --- --- --- --- 
Block 5: --- --- --- --- --- 

Lecturer 12
Block 0: --- --- 029 --- --- 
Block 1: --- --- 030 --- --- 
Block 2: --- --- --- --- --- 
Block 3: --- --- --- --- --- 
Block 4: --- --- --- --- --- 
Block 5: --- --- --- --- --- 

Lecturer 13
Block 0: --- --- --- 027 --- 
Block 1: --- --- 005 --- --- 
Block 2: 004 003 --- --- --- 
Block 3: --- --- --- --- --- 
Block 4: --- --- --- --- --- 
Block 5: --- --- --- --- --- 

Lecturer 14
Block 0: --- --- --- --- --- 
Block 1: --- --- --- --- --- 
Block 2: --- --- --- --- --- 
Block 3: --- --- --- --- --- 
Block 4: --- --- --- --- --- 
Block 5: --- --- --- --- --- 

Lecturer 15
Block 0: --- --- --- --- --- 
Block 1: --- --- --- 034 --- 
Block 2: --- --- --- --- --- 
Block 3: --- --- --- --- --- 
Block 4: --- --- --- --- --- 
Block 5: --- --- --- --- --- 

Lecturer 16
Block 0: --- --- --- 042 --- 
Block 1: --- 007 --- 020 006 
Block 2: --- --- --- --- --- 
Block 3: --- --- --- --- --- 
Block 4: --- --- --- --- --- 
Block 5: --- --- --- --- --- 

Lecturer 17
Block 0: --- --- --- --- 044 
Block 1: --- --- --- --- --- 
Block 2: 022 --- --- 021 --- 
Block 3: --- --- --- --- --- 
Block 4: --- --- --- --- --- 
Block 5: --- --- --- --- --- 

Lecturer 18
Block 0: --- --- --- --- 025 
Block 1: --- 026 --- --- 025 
Block 2: --- --- --- --- 025 
Block 3: --- --- --- --- --- 
Block 4: --- --- --- --- --- 
Block 5: --- --- --- --- --- 

Lecturer 19
Block 0: --- --- --- --- --- 
Block 1: --- --- --- --- --- 
Block 2: --- --- --- --- --- 
Block 3: --- --- --- --- --- 
Block 4: --- --- --- --- --- 
Block 5: --- --- --- --- --- 

Lecturer 20
Block 0: --- --- --- --- --- 
Block 1: --- --- --- --- --- 
Block 2: --- --- --- --- --- 
Block 3: --- --- --- --- --- 
Block 4: --- --- --- --- --- 
Block 5: --- --- --- --- --- 

Lecturer 21
Block 0: --- --- --- --- --- 
Block 1: --- --- --- --- --- 
Block 2: --- --- --- --- --- 
Block 3: --- --- --- --- --- 
Block 4: --- --- --- --- --- 
Block 5: --- --- --- --- --- 

Lecturer 22
Block 0: --- --- --- --- --- 
Block 1: --- --- --- --- --- 
Block 2: --- --- --- --- --- 
Block 3: --- --- --- --- --- 
Block 4: --- --- --- --- --- 
Block 5: --- --- --- --- --- 

Lecturer 23
Block 0: --- --- --- --- --- 
Block 1: --- --- --- --- --- 
Block 2: --- --- --- --- --- 
Block 3: --- --- --- --- --- 
Block 4: --- --- --- --- --- 
Block 5: --- --- --- --- --- 

Lecturer 24
Block 0: --- --- --- --- --- 
Block 1: --- --- --- --- --- 
Block 2: --- --- --- --- 028 
Block 3: --- --- --- --- --- 
Block 4: --- --- --- --- --- 
Block 5: --- --- --- --- --- 

Lecturer 25
Block 0: --- --- --- --- --- 
Block 1: --- --- --- --- --- 
Block 2: --- --- --- --- --- 
Block 3: --- --- --- --- --- 
Block 4: --- --- --- --- --- 
Block 5: --- --- --- --- --- 

Lecturer 26
Block 0: --- 000 --- 019 002 
Block 1: --- --- --- --- 043 
Block 2: --- --- --- 001 --- 
Block 3: --- --- --- --- --- 
Block 4: --- --- --- --- --- 
Block 5: --- --- --- --- --- 

Lecturer 27
Block 0: --- --- --- --- --- 
Block 1: --- --- --- --- --- 
Block 2: --- --- --- 035 --- 
Block 3: --- --- --- --- --- 
Block 4: --- --- --- --- --- 
Block 5: --- --- --- --- --- 

Lecturer 28
Block 0: --- --- --- --- --- 
Block 1: --- --- --- --- --- 
Block 2: --- --- --- --- --- 
Block 3: --- --- --- --- --- 
Block 4: --- --- --- --- --- 
Block 5: --- --- --- --- --- 

Lecturer 29
Block 0: --- --- --- --- --- 
Block 1: --- --- --- --- --- 
Block 2: --- --- --- --- --- 
Block 3: --- --- --- --- --- 
Block 4: --- --- --- --- --- 
Block 5: --- --- --- --- --- 

Lecturer 30
Block 0: 008 040 011 --- --- 
Block 1: 010 --- 041 --- --- 
Block 2: --- --- --- --- 009 
Block 3: --- --- --- --- --- 
Block 4: --- --- --- --- --- 
Block 5: --- --- --- --- --- 

Lecturer 31
Block 0: --- --- --- --- --- 
Block 1: --- --- --- --- --- 
Block 2: --- --- --- --- --- 
Block 3: --- --- --- --- --- 
Block 4: --- --- --- --- --- 
Block 5: --- --- --- --- --- 

Lecturer 32
Block 0: --- --- --- --- --- 
Block 1: --- --- --- --- --- 
Block 2: --- --- --- --- --- 
Block 3: --- --- --- --- --- 
Block 4: --- --- --- --- --- 
Block 5: --- --- --- --- --- 

Lecturer 33
Block 0: --- --- --- --- --- 
Block 1: --- --- --- --- --- 
Block 2: --- --- --- --- --- 
Block 3: --- --- --- --- --- 
Block 4: --- --- --- --- --- 
Block 5: --- --- --- --- --- 

Lecturer 34
Block 0: --- --- --- --- --- 
Block 1: --- --- --- --- --- 
Block 2: --- --- --- --- --- 
Block 3: --- --- --- --- --- 
Block 4: --- --- --- --- --- 
Block 5: --- --- --- --- --- 

Lecturer 35
Block 0: 038 --- 014 --- --- 
Block 1: 013 --- 016 --- --- 
Block 2: --- 015 --- --- --- 
Block 3: --- --- --- --- --- 
Block 4: --- --- --- --- --- 
Block 5: --- --- --- --- --- 

Lecturer 36
Block 0: --- --- --- --- --- 
Block 1: --- --- 016 --- --- 
Block 2: --- 015 --- --- --- 
Block 3: --- --- --- --- --- 
Block 4: --- --- --- --- --- 
Block 5: --- --- --- --- --- 

Lecturer 37
Block 0: --- --- --- --- --- 
Block 1: --- --- --- --- --- 
Block 2: --- --- --- --- --- 
Block 3: --- --- --- --- --- 
Block 4: --- --- --- --- --- 
Block 5: --- --- --- --- --- 

Lecturer 38
Block 0: --- --- --- --- --- 
Block 1: --- --- --- --- --- 
Block 2: --- --- --- --- --- 
Block 3: --- --- --- --- --- 
Block 4: --- --- --- --- --- 
Block 5: --- --- --- --- --- 
</DebugTrace>
      </Output>
    </UnitTestResult>
  </Results>
</TestRun>