<?xml version="1.0" encoding="UTF-8"?>
<TestRun id="dccd3731-9410-400e-b9b6-dc33837b9997" name="FloLap@FLOLAP-PC 2011-11-18 15:49:06" runUser="FloLap-PC\FloLap" xmlns="http://microsoft.com/schemas/VisualStudio/TeamTest/2010">
  <TestSettings name="Lokal" id="6ed96bb3-d821-4eee-a79d-3a3069da9890">
    <Description>Dies sind die standardmäßigen Testeinstellungen für einen lokalen Testlauf.</Description>
    <Deployment enabled="false" runDeploymentRoot="FloLap_FLOLAP-PC 2011-11-18 15_49_06">
      <DeploymentItem filename="E:\HsKA\Semester2\Projektarbeit\Stundenplangenerator\TimetablePlanner\TimetablePlanner\bin\Debug\TimetablePlanner.dll" />
    </Deployment>
    <Execution>
      <TestTypeSpecific />
      <AgentRule name="Execution Agents">
      </AgentRule>
    </Execution>
  </TestSettings>
  <Times creation="2011-11-18T15:49:06.6913592+01:00" queuing="2011-11-18T15:49:09.5660190+01:00" start="2011-11-18T15:49:09.7532193+01:00" finish="2011-11-18T15:49:26.5110555+01:00" />
  <ResultSummary outcome="Completed">
    <Counters total="1" executed="1" passed="1" error="0" failed="0" timeout="0" aborted="0" inconclusive="0" passedButRunAborted="0" notRunnable="0" notExecuted="0" disconnected="0" warning="0" completed="0" inProgress="0" pending="0" />
  </ResultSummary>
  <TestDefinitions>
    <UnitTest name="TimetableGenerationTest" storage="e:\hska\semester2\projektarbeit\stundenplangenerator\timetableplanner\timetableplannertests\bin\debug\timetableplannertests.dll" id="4689e2d1-87f2-8844-ae95-39072767341d">
      <Execution id="686b2522-68fe-4f87-9333-7aaf5f134744" />
      <TestMethod codeBase="E:/HsKA/Semester2/Projektarbeit/Stundenplangenerator/TimetablePlanner/TimetablePlannerTests/bin/Debug/TimetablePlannerTests.DLL" adapterTypeName="Microsoft.VisualStudio.TestTools.TestTypes.Unit.UnitTestAdapter, Microsoft.VisualStudio.QualityTools.Tips.UnitTest.Adapter, Version=10.0.0.0, Culture=neutral, PublicKeyToken=b03f5f7f11d50a3a" className="TimetablePlannerTests.TimetableTest, TimetablePlannerTests, Version=1.0.0.0, Culture=neutral, PublicKeyToken=null" name="TimetableGenerationTest" />
    </UnitTest>
  </TestDefinitions>
  <TestLists>
    <TestList name="Nicht in einer Liste enthaltene Ergebnisse" id="8c84fa94-04c1-424b-9868-57a2d4851a1d" />
    <TestList name="Alle geladenen Ergebnisse" id="19431567-8539-422a-85d7-44ee4e166bda" />
  </TestLists>
  <TestEntries>
    <TestEntry testId="4689e2d1-87f2-8844-ae95-39072767341d" executionId="686b2522-68fe-4f87-9333-7aaf5f134744" testListId="8c84fa94-04c1-424b-9868-57a2d4851a1d" />
  </TestEntries>
  <Results>
    <UnitTestResult executionId="686b2522-68fe-4f87-9333-7aaf5f134744" testId="4689e2d1-87f2-8844-ae95-39072767341d" testName="TimetableGenerationTest" computerName="FLOLAP-PC" duration="00:00:14.9460751" startTime="2011-11-18T15:49:09.9092196+01:00" endTime="2011-11-18T15:49:26.1854463+01:00" testType="13cdc9d9-ddb5-4fa4-a97d-d965ccfc6d4b" outcome="Passed" testListId="8c84fa94-04c1-424b-9868-57a2d4851a1d" relativeResultsDirectory="686b2522-68fe-4f87-9333-7aaf5f134744">
      <Output>
        <DebugTrace>Individual 1 created.
Individual 2 created.
Individual 0 created.
Individual 3 created.
Individual 5 created.
Individual 8 created.
Individual 7 created.
Individual 6 created.
Individual 12 created.
Individual 14 created.
Individual 13 created.
Individual 11 created.
Individual 18 created.
Individual 19 created.
Individual 15 created.
Individual 20 created.
Individual 16 created.
Individual 17 created.
Individual 22 created.
Individual 10 created.
Individual 4 created.
Individual 21 created.
Individual 9 created.
Individual 23 created.
Individual 24 created.
Population created after 1,107602 seconds.
Generation 0 finished with best fitness of 6455.
Generation 1 finished with best fitness of 6815.
Generation 2 finished with best fitness of 6815.
Generation 3 finished with best fitness of 6830.
Generation 4 finished with best fitness of 6885.
Generation 5 finished with best fitness of 6885.
Generation 6 finished with best fitness of 7090.
Generation 7 finished with best fitness of 7160.
Generation 8 finished with best fitness of 7160.
Generation 9 finished with best fitness of 7265.
Generation 10 finished with best fitness of 7360.
Generation 11 finished with best fitness of 7435.
Generation 12 finished with best fitness of 7565.
Generation 13 finished with best fitness of 7605.
Generation 14 finished with best fitness of 7615.
Generation 15 finished with best fitness of 7775.
Generation 16 finished with best fitness of 8030.
Generation 17 finished with best fitness of 8030.
Generation 18 finished with best fitness of 8030.
Generation 19 finished with best fitness of 8220.
Generation 20 finished with best fitness of 8220.
Generation 21 finished with best fitness of 8220.
Generation 22 finished with best fitness of 8275.
Generation 23 finished with best fitness of 8380.
Generation 24 finished with best fitness of 8380.
Generation 25 finished with best fitness of 8590.
Generation 26 finished with best fitness of 8665.
Generation 27 finished with best fitness of 8665.
Generation 28 finished with best fitness of 8665.
Generation 29 finished with best fitness of 8920.
Generation 30 finished with best fitness of 8920.
Generation 31 finished with best fitness of 8920.
Generation 32 finished with best fitness of 8920.
Generation 33 finished with best fitness of 8920.
Generation 34 finished with best fitness of 9030.
Generation 35 finished with best fitness of 9030.
Generation 36 finished with best fitness of 9135.
Generation 37 finished with best fitness of 9135.
Generation 38 finished with best fitness of 9135.
Generation 39 finished with best fitness of 9135.
Generation 40 finished with best fitness of 9245.
Generation 41 finished with best fitness of 9345.
Generation 42 finished with best fitness of 9345.
Generation 43 finished with best fitness of 9345.
Generation 44 finished with best fitness of 9345.
Generation 45 finished with best fitness of 9405.
Generation 46 finished with best fitness of 9445.
Generation 47 finished with best fitness of 9445.
Generation 48 finished with best fitness of 9555.
Generation 49 finished with best fitness of 9580.
Generation 50 finished with best fitness of 9610.
Generation 51 finished with best fitness of 9610.
Generation 52 finished with best fitness of 9730.
Generation 53 finished with best fitness of 9865.
Generation 54 finished with best fitness of 10065.
Generation 55 finished with best fitness of 10065.
Generation 56 finished with best fitness of 10075.
Generation 57 finished with best fitness of 10075.
Generation 58 finished with best fitness of 10075.
Generation 59 finished with best fitness of 10075.
Generation 60 finished with best fitness of 10075.
Generation 61 finished with best fitness of 10085.
Generation 62 finished with best fitness of 10110.
Generation 63 finished with best fitness of 10110.
Generation 64 finished with best fitness of 10225.
Generation 65 finished with best fitness of 10225.
Generation 66 finished with best fitness of 10225.
Generation 67 finished with best fitness of 10250.
Generation 68 finished with best fitness of 10250.
Generation 69 finished with best fitness of 10295.
Generation 70 finished with best fitness of 10295.
Generation 71 finished with best fitness of 10360.
Generation 72 finished with best fitness of 10505.
Generation 73 finished with best fitness of 10655.
Generation 74 finished with best fitness of 10655.
Generation 75 finished with best fitness of 10655.
Generation 76 finished with best fitness of 10655.
Generation 77 finished with best fitness of 10655.
Generation 78 finished with best fitness of 10800.
Generation 79 finished with best fitness of 10800.
Generation 80 finished with best fitness of 10930.
Generation 81 finished with best fitness of 10930.
Generation 82 finished with best fitness of 10930.
Generation 83 finished with best fitness of 10930.
Generation 84 finished with best fitness of 10930.
Generation 85 finished with best fitness of 10930.
Generation 86 finished with best fitness of 10990.
Generation 87 finished with best fitness of 10990.
Generation 88 finished with best fitness of 10990.
Generation 89 finished with best fitness of 10990.
Generation 90 finished with best fitness of 11200.
Generation 91 finished with best fitness of 11200.
Generation 92 finished with best fitness of 11255.
Generation 93 finished with best fitness of 11255.
Generation 94 finished with best fitness of 11255.
Generation 95 finished with best fitness of 11255.
Generation 96 finished with best fitness of 11255.
Generation 97 finished with best fitness of 11255.
Generation 98 finished with best fitness of 11255.
Generation 99 finished with best fitness of 11410.
Generation 100 finished with best fitness of 11410.
Generation 101 finished with best fitness of 11410.
Generation 102 finished with best fitness of 11410.
Generation 103 finished with best fitness of 11410.
Generation 104 finished with best fitness of 11410.
Generation 105 finished with best fitness of 11505.
Generation 106 finished with best fitness of 11505.
Generation 107 finished with best fitness of 11505.
Generation 108 finished with best fitness of 11505.
Generation 109 finished with best fitness of 11610.
Generation 110 finished with best fitness of 11610.
Generation 111 finished with best fitness of 11610.
Generation 112 finished with best fitness of 11610.
Generation 113 finished with best fitness of 11610.
Generation 114 finished with best fitness of 11655.
Generation 115 finished with best fitness of 11655.
Generation 116 finished with best fitness of 11655.
Generation 117 finished with best fitness of 11655.
Generation 118 finished with best fitness of 11665.
Generation 119 finished with best fitness of 11775.
Generation 120 finished with best fitness of 11775.
Generation 121 finished with best fitness of 11775.
Generation 122 finished with best fitness of 11775.
Generation 123 finished with best fitness of 11775.
Generation 124 finished with best fitness of 11775.
Generation 125 finished with best fitness of 11775.
Generation 126 finished with best fitness of 11775.
Generation 127 finished with best fitness of 11775.
Generation 128 finished with best fitness of 11800.
Generation 129 finished with best fitness of 11800.
Generation 130 finished with best fitness of 11800.
Generation 131 finished with best fitness of 11940.
Generation 132 finished with best fitness of 11940.
Generation 133 finished with best fitness of 12005.
Generation 134 finished with best fitness of 12005.
Generation 135 finished with best fitness of 12005.
Generation 136 finished with best fitness of 12005.
Generation 137 finished with best fitness of 12005.
Generation 138 finished with best fitness of 12055.
Generation 139 finished with best fitness of 12125.
Generation 140 finished with best fitness of 12125.
Generation 141 finished with best fitness of 12125.
Generation 142 finished with best fitness of 12125.
Generation 143 finished with best fitness of 12125.
Generation 144 finished with best fitness of 12155.
Generation 145 finished with best fitness of 12155.
Generation 146 finished with best fitness of 12155.
Generation 147 finished with best fitness of 12185.
Generation 148 finished with best fitness of 12185.
Generation 149 finished with best fitness of 12185.
Generation 150 finished with best fitness of 12225.
Generation 151 finished with best fitness of 12225.
Generation 152 finished with best fitness of 12225.
Generation 153 finished with best fitness of 12225.
Generation 154 finished with best fitness of 12225.
Generation 155 finished with best fitness of 12225.
Generation 156 finished with best fitness of 12240.
Generation 157 finished with best fitness of 12240.
Generation 158 finished with best fitness of 12240.
Generation 159 finished with best fitness of 12345.
Generation 160 finished with best fitness of 12345.
Generation 161 finished with best fitness of 12345.
Generation 162 finished with best fitness of 12370.
Generation 163 finished with best fitness of 12370.
Generation 164 finished with best fitness of 12445.
Generation 165 finished with best fitness of 12445.
Generation 166 finished with best fitness of 12445.
Generation 167 finished with best fitness of 12445.
Generation 168 finished with best fitness of 12445.
Generation 169 finished with best fitness of 12445.
Generation 170 finished with best fitness of 12445.
Generation 171 finished with best fitness of 12505.
Generation 172 finished with best fitness of 12505.
Generation 173 finished with best fitness of 12505.
Generation 174 finished with best fitness of 12550.
Generation 175 finished with best fitness of 12650.
Generation 176 finished with best fitness of 12650.
Generation 177 finished with best fitness of 12650.
Generation 178 finished with best fitness of 12650.
Generation 179 finished with best fitness of 12650.
Generation 180 finished with best fitness of 12730.
Generation 181 finished with best fitness of 12730.
Generation 182 finished with best fitness of 12730.
Generation 183 finished with best fitness of 12730.
Generation 184 finished with best fitness of 12785.
Generation 185 finished with best fitness of 12785.
Generation 186 finished with best fitness of 12785.
Generation 187 finished with best fitness of 12785.
Generation 188 finished with best fitness of 12785.
Generation 189 finished with best fitness of 12825.
Generation 190 finished with best fitness of 12825.
Generation 191 finished with best fitness of 12825.
Generation 192 finished with best fitness of 12825.
Generation 193 finished with best fitness of 12825.
Generation 194 finished with best fitness of 12825.
Generation 195 finished with best fitness of 12825.
Generation 196 finished with best fitness of 12825.
Generation 197 finished with best fitness of 12825.
Generation 198 finished with best fitness of 12835.
Generation 199 finished with best fitness of 12835.
Generation 200 finished with best fitness of 12835.
Generation 201 finished with best fitness of 12835.
Generation 202 finished with best fitness of 12835.
Generation 203 finished with best fitness of 12895.
Generation 204 finished with best fitness of 12895.
Generation 205 finished with best fitness of 12895.
Generation 206 finished with best fitness of 12895.
Generation 207 finished with best fitness of 12955.
Generation 208 finished with best fitness of 12955.
Generation 209 finished with best fitness of 12955.
Generation 210 finished with best fitness of 12980.
Generation 211 finished with best fitness of 12980.
Generation 212 finished with best fitness of 12980.
Generation 213 finished with best fitness of 12980.
Generation 214 finished with best fitness of 12980.
Generation 215 finished with best fitness of 12980.
Generation 216 finished with best fitness of 12995.
Generation 217 finished with best fitness of 12995.
Generation 218 finished with best fitness of 12995.
Generation 219 finished with best fitness of 12995.
Generation 220 finished with best fitness of 13105.
Generation 221 finished with best fitness of 13105.
Generation 222 finished with best fitness of 13105.
Generation 223 finished with best fitness of 13105.
Generation 224 finished with best fitness of 13105.
Generation 225 finished with best fitness of 13105.
Generation 226 finished with best fitness of 13105.
Generation 227 finished with best fitness of 13105.
Generation 228 finished with best fitness of 13105.
Generation 229 finished with best fitness of 13105.
Generation 230 finished with best fitness of 13105.
Generation 231 finished with best fitness of 13130.
Generation 232 finished with best fitness of 13155.
Generation 233 finished with best fitness of 13155.
Generation 234 finished with best fitness of 13155.
Generation 235 finished with best fitness of 13155.
Generation 236 finished with best fitness of 13155.
Generation 237 finished with best fitness of 13165.
Generation 238 finished with best fitness of 13175.
Generation 239 finished with best fitness of 13175.
Generation 240 finished with best fitness of 13175.
Generation 241 finished with best fitness of 13175.
Generation 242 finished with best fitness of 13175.
Generation 243 finished with best fitness of 13175.
Generation 244 finished with best fitness of 13275.
Generation 245 finished with best fitness of 13275.
Generation 246 finished with best fitness of 13275.
Generation 247 finished with best fitness of 13275.
Generation 248 finished with best fitness of 13310.
Generation 249 finished with best fitness of 13310.
Generation 250 finished with best fitness of 13310.
Generation 251 finished with best fitness of 13310.
Generation 252 finished with best fitness of 13345.
Generation 253 finished with best fitness of 13345.
Generation 254 finished with best fitness of 13345.
Generation 255 finished with best fitness of 13345.
Generation 256 finished with best fitness of 13345.
Generation 257 finished with best fitness of 13345.
Generation 258 finished with best fitness of 13345.
Generation 259 finished with best fitness of 13345.
Generation 260 finished with best fitness of 13360.
Generation 261 finished with best fitness of 13395.
Generation 262 finished with best fitness of 13395.
Generation 263 finished with best fitness of 13395.
Generation 264 finished with best fitness of 13395.
Generation 265 finished with best fitness of 13395.
Generation 266 finished with best fitness of 13395.
Generation 267 finished with best fitness of 13495.
Generation 268 finished with best fitness of 13495.
Generation 269 finished with best fitness of 13495.
Generation 270 finished with best fitness of 13495.
Generation 271 finished with best fitness of 13495.
Generation 272 finished with best fitness of 13495.
Generation 273 finished with best fitness of 13495.
Generation 274 finished with best fitness of 13495.
Generation 275 finished with best fitness of 13495.
Generation 276 finished with best fitness of 13495.
Generation 277 finished with best fitness of 13495.
Generation 278 finished with best fitness of 13500.
Generation 279 finished with best fitness of 13500.
Generation 280 finished with best fitness of 13520.
Generation 281 finished with best fitness of 13635.
Generation 282 finished with best fitness of 13635.
Generation 283 finished with best fitness of 13635.
Generation 284 finished with best fitness of 13635.
Generation 285 finished with best fitness of 13635.
Generation 286 finished with best fitness of 13635.
Generation 287 finished with best fitness of 13635.
Generation 288 finished with best fitness of 13635.
Generation 289 finished with best fitness of 13635.
Generation 290 finished with best fitness of 13635.
Generation 291 finished with best fitness of 13635.
Generation 292 finished with best fitness of 13635.
Generation 293 finished with best fitness of 13635.
Generation 294 finished with best fitness of 13635.
Generation 295 finished with best fitness of 13675.
Generation 296 finished with best fitness of 13675.
Generation 297 finished with best fitness of 13675.
Generation 298 finished with best fitness of 13675.
Generation 299 finished with best fitness of 13675.
Generation 300 finished with best fitness of 13765.
Generation 301 finished with best fitness of 13765.
Generation 302 finished with best fitness of 13765.
Generation 303 finished with best fitness of 13765.
Generation 304 finished with best fitness of 13765.
Generation 305 finished with best fitness of 13765.
Generation 306 finished with best fitness of 13795.
Generation 307 finished with best fitness of 13795.
Generation 308 finished with best fitness of 13795.
Generation 309 finished with best fitness of 13795.
Generation 310 finished with best fitness of 13795.
Generation 311 finished with best fitness of 13795.
Generation 312 finished with best fitness of 13795.
Generation 313 finished with best fitness of 13795.
Generation 314 finished with best fitness of 13795.
Generation 315 finished with best fitness of 13795.
Generation 316 finished with best fitness of 13895.
Generation 317 finished with best fitness of 13895.
Generation 318 finished with best fitness of 13895.
Generation 319 finished with best fitness of 13895.
Generation 320 finished with best fitness of 13895.
Generation 321 finished with best fitness of 13895.
Generation 322 finished with best fitness of 13895.
Generation 323 finished with best fitness of 13895.
Generation 324 finished with best fitness of 13895.
Generation 325 finished with best fitness of 13895.
Generation 326 finished with best fitness of 13895.
Generation 327 finished with best fitness of 13895.
Generation 328 finished with best fitness of 13895.
Generation 329 finished with best fitness of 13895.
Generation 330 finished with best fitness of 13895.
Generation 331 finished with best fitness of 13895.
Generation 332 finished with best fitness of 13895.
Generation 333 finished with best fitness of 13895.
Generation 334 finished with best fitness of 13895.
Generation 335 finished with best fitness of 13895.
Generation 336 finished with best fitness of 13895.
Generation 337 finished with best fitness of 13895.
Generation 338 finished with best fitness of 13895.
Generation 339 finished with best fitness of 13900.
Generation 340 finished with best fitness of 13940.
Generation 341 finished with best fitness of 14045.
Generation 342 finished with best fitness of 14045.
Generation 343 finished with best fitness of 14045.
Generation 344 finished with best fitness of 14045.
Generation 345 finished with best fitness of 14045.
Generation 346 finished with best fitness of 14045.
Generation 347 finished with best fitness of 14045.
Generation 348 finished with best fitness of 14045.
Generation 349 finished with best fitness of 14045.
Generation 350 finished with best fitness of 14045.
Generation 351 finished with best fitness of 14045.
Generation 352 finished with best fitness of 14045.
Generation 353 finished with best fitness of 14045.
Generation 354 finished with best fitness of 14045.
Generation 355 finished with best fitness of 14045.
Generation 356 finished with best fitness of 14045.
Generation 357 finished with best fitness of 14060.
Generation 358 finished with best fitness of 14060.
Generation 359 finished with best fitness of 14060.
Generation 360 finished with best fitness of 14075.
Generation 361 finished with best fitness of 14075.
Generation 362 finished with best fitness of 14075.
Generation 363 finished with best fitness of 14075.
Generation 364 finished with best fitness of 14075.
Generation 365 finished with best fitness of 14155.
Generation 366 finished with best fitness of 14155.
Generation 367 finished with best fitness of 14155.
Generation 368 finished with best fitness of 14155.
Generation 369 finished with best fitness of 14235.
Generation 370 finished with best fitness of 14235.
Generation 371 finished with best fitness of 14235.
Generation 372 finished with best fitness of 14235.
Generation 373 finished with best fitness of 14235.
Generation 374 finished with best fitness of 14235.
Generation 375 finished with best fitness of 14235.
Generation 376 finished with best fitness of 14235.
Generation 377 finished with best fitness of 14305.
Generation 378 finished with best fitness of 14305.
Generation 379 finished with best fitness of 14305.
Generation 380 finished with best fitness of 14305.
Generation 381 finished with best fitness of 14305.
Generation 382 finished with best fitness of 14305.
Generation 383 finished with best fitness of 14305.
Generation 384 finished with best fitness of 14305.
Generation 385 finished with best fitness of 14305.
Generation 386 finished with best fitness of 14305.
Generation 387 finished with best fitness of 14305.
Generation 388 finished with best fitness of 14305.
Generation 389 finished with best fitness of 14305.
Generation 390 finished with best fitness of 14305.
Generation 391 finished with best fitness of 14305.
Generation 392 finished with best fitness of 14305.
Generation 393 finished with best fitness of 14310.
Generation 394 finished with best fitness of 14310.
Generation 395 finished with best fitness of 14310.
Generation 396 finished with best fitness of 14310.
Generation 397 finished with best fitness of 14310.
Generation 398 finished with best fitness of 14310.
Generation 399 finished with best fitness of 14310.
Generation 400 finished with best fitness of 14350.
Generation 401 finished with best fitness of 14350.
Generation 402 finished with best fitness of 14350.
Generation 403 finished with best fitness of 14350.
Generation 404 finished with best fitness of 14350.
Generation 405 finished with best fitness of 14350.
Generation 406 finished with best fitness of 14380.
Generation 407 finished with best fitness of 14380.
Generation 408 finished with best fitness of 14380.
Generation 409 finished with best fitness of 14380.
Generation 410 finished with best fitness of 14395.
Generation 411 finished with best fitness of 14395.
Generation 412 finished with best fitness of 14395.
Generation 413 finished with best fitness of 14395.
Generation 414 finished with best fitness of 14395.
Generation 415 finished with best fitness of 14395.
Generation 416 finished with best fitness of 14395.
Generation 417 finished with best fitness of 14395.
Generation 418 finished with best fitness of 14395.
Generation 419 finished with best fitness of 14395.
Generation 420 finished with best fitness of 14430.
Generation 421 finished with best fitness of 14430.
Generation 422 finished with best fitness of 14430.
Generation 423 finished with best fitness of 14430.
Generation 424 finished with best fitness of 14435.
Generation 425 finished with best fitness of 14435.
Generation 426 finished with best fitness of 14435.
Generation 427 finished with best fitness of 14435.
Generation 428 finished with best fitness of 14435.
Generation 429 finished with best fitness of 14435.
Generation 430 finished with best fitness of 14435.
Generation 431 finished with best fitness of 14435.
Generation 432 finished with best fitness of 14435.
Generation 433 finished with best fitness of 14540.
Generation 434 finished with best fitness of 14540.
Generation 435 finished with best fitness of 14540.
Generation 436 finished with best fitness of 14680.
Generation 437 finished with best fitness of 14680.
Generation 438 finished with best fitness of 14680.
Generation 439 finished with best fitness of 14680.
Generation 440 finished with best fitness of 14680.
Generation 441 finished with best fitness of 14680.
Generation 442 finished with best fitness of 14680.
Generation 443 finished with best fitness of 14680.
Generation 444 finished with best fitness of 14680.
Generation 445 finished with best fitness of 14680.
Generation 446 finished with best fitness of 14680.
Generation 447 finished with best fitness of 14680.
Generation 448 finished with best fitness of 14680.
Generation 449 finished with best fitness of 14680.
Generation 450 finished with best fitness of 14680.
Generation 451 finished with best fitness of 14680.
Generation 452 finished with best fitness of 14680.
Generation 453 finished with best fitness of 14680.
Generation 454 finished with best fitness of 14680.
Generation 455 finished with best fitness of 14685.
Generation 456 finished with best fitness of 14685.
Generation 457 finished with best fitness of 14685.
Generation 458 finished with best fitness of 14685.
Generation 459 finished with best fitness of 14705.
Generation 460 finished with best fitness of 14705.
Generation 461 finished with best fitness of 14705.
Generation 462 finished with best fitness of 14705.
Generation 463 finished with best fitness of 14705.
Generation 464 finished with best fitness of 14705.
Generation 465 finished with best fitness of 14705.
Generation 466 finished with best fitness of 14705.
Generation 467 finished with best fitness of 14705.
Generation 468 finished with best fitness of 14705.
Generation 469 finished with best fitness of 14705.
Generation 470 finished with best fitness of 14705.
Generation 471 finished with best fitness of 14705.
Generation 472 finished with best fitness of 14705.
Generation 473 finished with best fitness of 14705.
Generation 474 finished with best fitness of 14705.
Generation 475 finished with best fitness of 14705.
Generation 476 finished with best fitness of 14705.
Generation 477 finished with best fitness of 14705.
Generation 478 finished with best fitness of 14705.
Generation 479 finished with best fitness of 14705.
Generation 480 finished with best fitness of 14705.
Generation 481 finished with best fitness of 14705.
Generation 482 finished with best fitness of 14725.
Evolution finished after 14,1831157 seconds.
------------------------------------
Average fitness development:
5062
5542
5872
6175
6317
6490
6640
6767
6877
6934
7032
7142
7239
7315
7371
7432
7516
7599
7683
7780
7880
7955
8017
8062
8117
8167
8283
8405
8482
8528
8555
8607
8664
8718
8781
8845
8875
8898
8932
8970
9011
9052
9096
9130
9160
9200
9254
9295
9317
9352
9399
9439
9493
9551
9590
9652
9686
9776
9835
9912
9947
9984
10010
10027
10037
10061
10088
10110
10132
10148
10162
10192
10234
10291
10340
10383
10416
10444
10480
10531
10564
10612
10626
10655
10682
10714
10734
10772
10801
10816
10826
10875
10892
10953
10977
11013
11050
11088
11122
11145
11199
11212
11232
11262
11272
11284
11328
11347
11364
11401
11414
11432
11441
11455
11467
11495
11505
11523
11549
11567
11591
11607
11632
11638
11656
11667
11675
11688
11699
11713
11722
11728
11749
11769
11799
11819
11832
11848
11863
11881
11914
11957
11968
11986
11986
12003
12024
12032
12052
12066
12076
12088
12091
12098
12110
12126
12137
12145
12148
12153
12165
12185
12205
12225
12238
12268
12293
12307
12314
12339
12346
12357
12367
12370
12391
12415
12436
12443
12456
12473
12497
12526
12546
12559
12570
12597
12612
12642
12672
12689
12705
12719
12728
12737
12739
12743
12744
12752
12753
12760
12770
12777
12784
12789
12800
12808
12817
12829
12847
12852
12862
12876
12885
12891
12897
12898
12906
12913
12922
12930
12936
12946
12949
12950
12950
12958
12966
12975
12985
12987
12992
12998
13012
13025
13033
13047
13055
13065
13082
13104
13111
13127
13130
13130
13131
13144
13154
13161
13162
13178
13189
13198
13203
13220
13221
13232
13232
13232
13240
13251
13263
13276
13288
13289
13297
13298
13307
13317
13337
13353
13360
13368
13379
13380
13385
13395
13401
13406
13415
13426
13432
13440
13454
13454
13466
13473
13486
13487
13500
13511
13518
13521
13528
13533
13536
13545
13558
13558
13558
13560
13578
13596
13603
13609
13616
13620
13627
13635
13644
13664
13668
13681
13688
13693
13697
13702
13709
13720
13734
13753
13761
13767
13770
13778
13784
13792
13798
13805
13807
13812
13813
13814
13814
13821
13823
13824
13828
13831
13831
13833
13840
13848
13865
13869
13871
13881
13898
13907
13916
13922
13922
13931
13935
13944
13945
13962
13963
13974
13983
13990
14001
14008
14012
14015
14018
14021
14028
14033
14033
14036
14046
14049
14063
14079
14082
14087
14092
14099
14124
14143
14145
14150
14150
14157
14167
14180
14195
14195
14206
14209
14214
14216
14216
14217
14224
14231
14242
14242
14244
14252
14257
14267
14268
14275
14276
14277
14277
14288
14291
14296
14299
14312
14317
14322
14328
14336
14346
14354
14362
14363
14365
14369
14369
14369
14371
14374
14378
14385
14386
14389
14390
14391
14391
14391
14404
14413
14415
14433
14446
14454
14471
14493
14502
14506
14521
14527
14531
14536
14536
14542
14543
14543
14544
14553
14557
14567
14582
14588
14602
14605
14614
14624
14630
14631
14641
14649
14655
14657
14657
14657
14660
14663
14663
14666
14667
14669
14675
14678
14679
14681
14684
14684
14684
14685
------------------------------------
Best individual fitness development:
6455
6455
6815
6815
6830
6885
6885
7090
7160
7160
7265
7360
7435
7565
7605
7615
7775
8030
8030
8030
8220
8220
8220
8275
8380
8380
8590
8665
8665
8665
8920
8920
8920
8920
8920
9030
9030
9135
9135
9135
9135
9245
9345
9345
9345
9345
9405
9445
9445
9555
9580
9610
9610
9730
9865
10065
10065
10075
10075
10075
10075
10075
10085
10110
10110
10225
10225
10225
10250
10250
10295
10295
10360
10505
10655
10655
10655
10655
10655
10800
10800
10930
10930
10930
10930
10930
10930
10990
10990
10990
10990
11200
11200
11255
11255
11255
11255
11255
11255
11255
11410
11410
11410
11410
11410
11410
11505
11505
11505
11505
11610
11610
11610
11610
11610
11655
11655
11655
11655
11665
11775
11775
11775
11775
11775
11775
11775
11775
11775
11800
11800
11800
11940
11940
12005
12005
12005
12005
12005
12055
12125
12125
12125
12125
12125
12155
12155
12155
12185
12185
12185
12225
12225
12225
12225
12225
12225
12240
12240
12240
12345
12345
12345
12370
12370
12445
12445
12445
12445
12445
12445
12445
12505
12505
12505
12550
12650
12650
12650
12650
12650
12730
12730
12730
12730
12785
12785
12785
12785
12785
12825
12825
12825
12825
12825
12825
12825
12825
12825
12835
12835
12835
12835
12835
12895
12895
12895
12895
12955
12955
12955
12980
12980
12980
12980
12980
12980
12995
12995
12995
12995
13105
13105
13105
13105
13105
13105
13105
13105
13105
13105
13105
13130
13155
13155
13155
13155
13155
13165
13175
13175
13175
13175
13175
13175
13275
13275
13275
13275
13310
13310
13310
13310
13345
13345
13345
13345
13345
13345
13345
13345
13360
13395
13395
13395
13395
13395
13395
13495
13495
13495
13495
13495
13495
13495
13495
13495
13495
13495
13500
13500
13520
13635
13635
13635
13635
13635
13635
13635
13635
13635
13635
13635
13635
13635
13635
13675
13675
13675
13675
13675
13765
13765
13765
13765
13765
13765
13795
13795
13795
13795
13795
13795
13795
13795
13795
13795
13895
13895
13895
13895
13895
13895
13895
13895
13895
13895
13895
13895
13895
13895
13895
13895
13895
13895
13895
13895
13895
13895
13895
13900
13940
14045
14045
14045
14045
14045
14045
14045
14045
14045
14045
14045
14045
14045
14045
14045
14045
14060
14060
14060
14075
14075
14075
14075
14075
14155
14155
14155
14155
14235
14235
14235
14235
14235
14235
14235
14235
14305
14305
14305
14305
14305
14305
14305
14305
14305
14305
14305
14305
14305
14305
14305
14305
14310
14310
14310
14310
14310
14310
14310
14350
14350
14350
14350
14350
14350
14380
14380
14380
14380
14395
14395
14395
14395
14395
14395
14395
14395
14395
14395
14430
14430
14430
14430
14435
14435
14435
14435
14435
14435
14435
14435
14435
14540
14540
14540
14680
14680
14680
14680
14680
14680
14680
14680
14680
14680
14680
14680
14680
14680
14680
14680
14680
14680
14680
14685
14685
14685
14685
14705
14705
14705
14705
14705
14705
14705
14705
14705
14705
14705
14705
14705
14705
14705
14705
14705
14705
14705
14705
14705
14705
14705
14725
</DebugTrace>
      </Output>
    </UnitTestResult>
  </Results>
</TestRun>