<?xml version="1.0" encoding="UTF-8"?>
<TestRun id="cbdaed23-2eeb-4769-bb2f-fb959a1c6437" name="FloLap@FLOLAP-PC 2011-10-23 14:27:20" runUser="FloLap-PC\FloLap" xmlns="http://microsoft.com/schemas/VisualStudio/TeamTest/2010">
  <TestSettings name="Lokal" id="6ed96bb3-d821-4eee-a79d-3a3069da9890">
    <Description>Dies sind die standardmäßigen Testeinstellungen für einen lokalen Testlauf.</Description>
    <Deployment enabled="false" runDeploymentRoot="FloLap_FLOLAP-PC 2011-10-23 14_27_20">
      <DeploymentItem filename="E:\HsKA\Semester2\Projektarbeit\Stundenplangenerator\TimetablePlanner\TimetablePlanner\bin\Debug\TimetablePlanner.dll" />
    </Deployment>
    <Execution>
      <TestTypeSpecific />
      <AgentRule name="Execution Agents">
      </AgentRule>
    </Execution>
  </TestSettings>
  <Times creation="2011-10-23T14:27:20.4716880+02:00" queuing="2011-10-23T14:27:21.4388897+02:00" start="2011-10-23T14:27:21.5168898+02:00" finish="2011-10-23T14:27:41.7033253+02:00" />
  <ResultSummary outcome="Completed">
    <Counters total="1" executed="1" passed="1" error="0" failed="0" timeout="0" aborted="0" inconclusive="0" passedButRunAborted="0" notRunnable="0" notExecuted="0" disconnected="0" warning="0" completed="0" inProgress="0" pending="0" />
  </ResultSummary>
  <TestDefinitions>
    <UnitTest name="TimetableManualTester" storage="e:\hska\semester2\projektarbeit\stundenplangenerator\timetableplanner\timetableplannertests\bin\debug\timetableplannertests.dll" id="3ada0cc6-2a4d-2d63-7d9f-97d4d443b0f3">
      <Execution id="f031825d-ee34-4032-af3e-aa1e655d23f8" />
      <TestMethod codeBase="E:/HsKA/Semester2/Projektarbeit/Stundenplangenerator/TimetablePlanner/TimetablePlannerTests/bin/Debug/TimetablePlannerTests.DLL" adapterTypeName="Microsoft.VisualStudio.TestTools.TestTypes.Unit.UnitTestAdapter, Microsoft.VisualStudio.QualityTools.Tips.UnitTest.Adapter, Version=10.0.0.0, Culture=neutral, PublicKeyToken=b03f5f7f11d50a3a" className="TimetablePlannerTests.TimetableTest, TimetablePlannerTests, Version=1.0.0.0, Culture=neutral, PublicKeyToken=null" name="TimetableManualTester" />
    </UnitTest>
  </TestDefinitions>
  <TestLists>
    <TestList name="Nicht in einer Liste enthaltene Ergebnisse" id="8c84fa94-04c1-424b-9868-57a2d4851a1d" />
    <TestList name="Alle geladenen Ergebnisse" id="19431567-8539-422a-85d7-44ee4e166bda" />
  </TestLists>
  <TestEntries>
    <TestEntry testId="3ada0cc6-2a4d-2d63-7d9f-97d4d443b0f3" executionId="f031825d-ee34-4032-af3e-aa1e655d23f8" testListId="8c84fa94-04c1-424b-9868-57a2d4851a1d" />
  </TestEntries>
  <Results>
    <UnitTestResult executionId="f031825d-ee34-4032-af3e-aa1e655d23f8" testId="3ada0cc6-2a4d-2d63-7d9f-97d4d443b0f3" testName="TimetableManualTester" computerName="FLOLAP-PC" duration="00:00:18.7864725" startTime="2011-10-23T14:27:21.5636899+02:00" endTime="2011-10-23T14:27:41.5785251+02:00" testType="13cdc9d9-ddb5-4fa4-a97d-d965ccfc6d4b" outcome="Passed" testListId="8c84fa94-04c1-424b-9868-57a2d4851a1d" relativeResultsDirectory="f031825d-ee34-4032-af3e-aa1e655d23f8">
      <Output>
        <DebugTrace>Time to create population of size 75: 608ms
1530
1370
1270
1200
1170
1170
1100
1070
1020
1010
990
990
970
970
970
940
920
910
900
890
870
810
790
780
770
730
730
700
700
700
670
660
640
620
610
600
570
570
520
510
510
460
460
460
450
450
450
420
420
380
370
360
330
280
270
270
250
170
170
140
120
90
20
10
-120
-160
-190
-230
-270
-320
-360
-430
-560
-570
-850
Early abort after 167 generations.
Mean time per generation: 41ms
Mean fitness increase per generation
387
175
135
129
98
73
46
54
34
49
54
39
43
38
38
31
30
32
29
29
22
29
28
36
36
36
30
26
25
26
30
29
31
20
18
27
16
22
15
18
20
12
24
18
22
23
25
16
19
15
13
13
11
13
14
11
7
12
13
12
16
14
12
12
6
4
11
9
10
4
9
9
6
7
9
5
5
6
6
9
7
6
7
7
8
4
8
8
9
5
9
7
8
6
3
4
4
9
7
3
6
7
7
4
5
8
9
10
10
10
7
5
9
10
6
6
6
6
6
4
3
5
4
2
2
6
4
2
5
4
4
3
4
5
2
4
1
4
4
3
1
2
3
2
2
2
2
1
2
2
1
3
1
2
2
1
2
3
3
2
5
2
2
3
2
1
3
1
Evolution time: 7035ms
3510
3510
3490
3480
3480
3480
3480
3480
3470
3470
3470
3470
3470
3470
3460
3460
3460
3460
3460
3460
3460
3460
3460
3460
3460
3450
3450
3450
3450
3450
3450
3450
3450
3450
3450
3450
3450
3450
3450
3450
3450
3450
3450
3440
3440
3440
3440
3440
3440
3440
3440
3440
3440
3440
3440
3440
3440
3440
3440
3440
3440
3440
3440
3440
3440
3440
3440
3440
3440
3440
3440
3440
3430
3430
3430

Group 0
Block 0: Theoretische Informatik 1              | Mathematik 1 Labor                     | Informatik 1                           | Fremdsprachen                          | Technische Informatik 1                | 
Block 1: Mathematik 1 Labor                     | Theoretische Informatik 1              | Mathematik 1                           | Fremdsprachen                          | Technische Informatik 1 Übung          | 
Block 2: Informatik 1                           | Mathematik 1                           | ---------------------------------------| Technische Informatik 1                | Informatik 1 Übung                     | 
Block 3: ---------------------------------------| ---------------------------------------| ---------------------------------------| ---------------------------------------| ---------------------------------------| 
Block 4: ---------------------------------------| ---------------------------------------| ---------------------------------------| ---------------------------------------| ---------------------------------------| 
Block 5: ---------------------------------------| ---------------------------------------| ---------------------------------------| ---------------------------------------| ---------------------------------------| 

Group 1
Block 0: Softwarelabor                          | Informatik 2 Übung                     | Technische Informatik 2                | Digital-Labor                          | Softwarelabor                          | 
Block 1: Softwarelabor                          | Mathematik 2                           | Informatik 2                           | Digital-Labor                          | Softwarelabor                          | 
Block 2: Mathematik 2 Labor                     | Informatik 2                           | ---------------------------------------| Digital-Labor                          | Sprachen und Metasprachen              | 
Block 3: Informatik 2 Übung                     | ---------------------------------------| ---------------------------------------| ---------------------------------------| Web-Programming                        | 
Block 4: ---------------------------------------| ---------------------------------------| ---------------------------------------| ---------------------------------------| Technische Informatik 2                | 
Block 5: ---------------------------------------| ---------------------------------------| ---------------------------------------| ---------------------------------------| ---------------------------------------| 

Group 2
Block 0: IT Service Management                  | Visualization and Semantics            | Modellierung und Simulation            | ---------------------------------------| IT Projektmanagement                   | 
Block 1: Datenrepräsentation und -übertragung   | Intelligente Systeme                   | ---------------------------------------| Mobile Systeme                         | Visualization and Semantics Lab        | 
Block 2: ---------------------------------------| ---------------------------------------| ---------------------------------------| Verteilte Informationssysteme          | ---------------------------------------| 
Block 3: ---------------------------------------| Projektarbeit1                         | ---------------------------------------| ---------------------------------------| ---------------------------------------| 
Block 4: ---------------------------------------| Projektarbeit1                         | ---------------------------------------| ---------------------------------------| ---------------------------------------| 
Block 5: Führungskräftetraining                 | Projektarbeit1                         | ---------------------------------------| ---------------------------------------| ---------------------------------------| 

Group 3
Block 0: ---------------------------------------| ---------------------------------------| Dialog Systems                         | Angewandte Kryptografie                | Labor Verteilte Systeme                | 
Block 1: ---------------------------------------| ---------------------------------------| Algorithmenentwurf                     | Labor Benutzeroberflächen              | Algorithmen Übung                      | 
Block 2: ---------------------------------------| ---------------------------------------| ---------------------------------------| IT-Sicherheit                          | Data Mining                            | 
Block 3: ---------------------------------------| ---------------------------------------| ---------------------------------------| ---------------------------------------| ---------------------------------------| 
Block 4: Projektarbeit2                         | ---------------------------------------| ---------------------------------------| ---------------------------------------| ---------------------------------------| 
Block 5: Projektarbeit2                         | Seminar                                | ---------------------------------------| ---------------------------------------| ---------------------------------------| 
</DebugTrace>
      </Output>
    </UnitTestResult>
  </Results>
</TestRun>