<?xml version="1.0" encoding="UTF-8"?>
<TestRun id="b7179558-8ddc-4010-b3d7-18d6c3ee063e" name="FloLap@FLOLAP-PC 2011-11-18 15:59:32" runUser="FloLap-PC\FloLap" xmlns="http://microsoft.com/schemas/VisualStudio/TeamTest/2010">
  <TestSettings name="Lokal" id="6ed96bb3-d821-4eee-a79d-3a3069da9890">
    <Description>Dies sind die standardmäßigen Testeinstellungen für einen lokalen Testlauf.</Description>
    <Deployment enabled="false" runDeploymentRoot="FloLap_FLOLAP-PC 2011-11-18 15_59_32">
      <DeploymentItem filename="E:\HsKA\Semester2\Projektarbeit\Stundenplangenerator\TimetablePlanner\TimetablePlanner\bin\Debug\TimetablePlanner.dll" />
    </Deployment>
    <Execution>
      <TestTypeSpecific />
      <AgentRule name="Execution Agents">
      </AgentRule>
    </Execution>
  </TestSettings>
  <Times creation="2011-11-18T15:59:32.6174169+01:00" queuing="2011-11-18T15:59:33.5534185+01:00" start="2011-11-18T15:59:33.6470187+01:00" finish="2011-11-18T15:59:47.8794522+01:00" />
  <ResultSummary outcome="Completed">
    <Counters total="2" executed="2" passed="2" error="0" failed="0" timeout="0" aborted="0" inconclusive="0" passedButRunAborted="0" notRunnable="0" notExecuted="0" disconnected="0" warning="0" completed="0" inProgress="0" pending="0" />
  </ResultSummary>
  <TestDefinitions>
    <UnitTest name="TimetableGenerationTest" storage="e:\hska\semester2\projektarbeit\stundenplangenerator\timetableplanner\timetableplannertests\bin\debug\timetableplannertests.dll" id="4689e2d1-87f2-8844-ae95-39072767341d">
      <Execution id="5b359670-eea3-49ed-a3ca-ba814be89446" />
      <TestMethod codeBase="E:/HsKA/Semester2/Projektarbeit/Stundenplangenerator/TimetablePlanner/TimetablePlannerTests/bin/Debug/TimetablePlannerTests.DLL" adapterTypeName="Microsoft.VisualStudio.TestTools.TestTypes.Unit.UnitTestAdapter, Microsoft.VisualStudio.QualityTools.Tips.UnitTest.Adapter, Version=10.0.0.0, Culture=neutral, PublicKeyToken=b03f5f7f11d50a3a" className="TimetablePlannerTests.TimetableTest, TimetablePlannerTests, Version=1.0.0.0, Culture=neutral, PublicKeyToken=null" name="TimetableGenerationTest" />
    </UnitTest>
    <UnitTest name="TimetableInputExportTest" storage="e:\hska\semester2\projektarbeit\stundenplangenerator\timetableplanner\timetableplannertests\bin\debug\timetableplannertests.dll" id="643aee53-482b-7ddc-6eba-83a04b5cba46">
      <Execution id="05bf34e6-eb43-4866-a14d-a458f7122672" />
      <TestMethod codeBase="E:/HsKA/Semester2/Projektarbeit/Stundenplangenerator/TimetablePlanner/TimetablePlannerTests/bin/Debug/TimetablePlannerTests.DLL" adapterTypeName="Microsoft.VisualStudio.TestTools.TestTypes.Unit.UnitTestAdapter, Microsoft.VisualStudio.QualityTools.Tips.UnitTest.Adapter, Version=10.0.0.0, Culture=neutral, PublicKeyToken=b03f5f7f11d50a3a" className="TimetablePlannerTests.TimetableTest, TimetablePlannerTests, Version=1.0.0.0, Culture=neutral, PublicKeyToken=null" name="TimetableInputExportTest" />
    </UnitTest>
  </TestDefinitions>
  <TestLists>
    <TestList name="Nicht in einer Liste enthaltene Ergebnisse" id="8c84fa94-04c1-424b-9868-57a2d4851a1d" />
    <TestList name="Alle geladenen Ergebnisse" id="19431567-8539-422a-85d7-44ee4e166bda" />
  </TestLists>
  <TestEntries>
    <TestEntry testId="4689e2d1-87f2-8844-ae95-39072767341d" executionId="5b359670-eea3-49ed-a3ca-ba814be89446" testListId="8c84fa94-04c1-424b-9868-57a2d4851a1d" />
    <TestEntry testId="643aee53-482b-7ddc-6eba-83a04b5cba46" executionId="05bf34e6-eb43-4866-a14d-a458f7122672" testListId="8c84fa94-04c1-424b-9868-57a2d4851a1d" />
  </TestEntries>
  <Results>
    <UnitTestResult executionId="5b359670-eea3-49ed-a3ca-ba814be89446" testId="4689e2d1-87f2-8844-ae95-39072767341d" testName="TimetableGenerationTest" computerName="FLOLAP-PC" duration="00:00:12.8230537" startTime="2011-11-18T15:59:33.6782187+01:00" endTime="2011-11-18T15:59:47.7718512+01:00" testType="13cdc9d9-ddb5-4fa4-a97d-d965ccfc6d4b" outcome="Passed" testListId="8c84fa94-04c1-424b-9868-57a2d4851a1d" relativeResultsDirectory="5b359670-eea3-49ed-a3ca-ba814be89446">
      <Output>
        <DebugTrace>Individual 1 created.
Individual 0 created.
Individual 6 created.
Individual 4 created.
Individual 5 created.
Individual 8 created.
Individual 9 created.
Individual 13 created.
Individual 2 created.
Individual 14 created.
Individual 10 created.
Individual 7 created.
Individual 17 created.
Individual 19 created.
Individual 18 created.
Individual 20 created.
Individual 22 created.
Individual 3 created.
Individual 11 created.
Individual 16 created.
Individual 15 created.
Individual 21 created.
Individual 23 created.
Individual 12 created.
Individual 24 created.
Population created after 1,0928556 seconds.
Generation 0 finished with best fitness of 6050.
Generation 1 finished with best fitness of 6185.
Generation 2 finished with best fitness of 6560.
Generation 3 finished with best fitness of 6560.
Generation 4 finished with best fitness of 6685.
Generation 5 finished with best fitness of 6805.
Generation 6 finished with best fitness of 6860.
Generation 7 finished with best fitness of 7050.
Generation 8 finished with best fitness of 7060.
Generation 9 finished with best fitness of 7225.
Generation 10 finished with best fitness of 7225.
Generation 11 finished with best fitness of 7305.
Generation 12 finished with best fitness of 7305.
Generation 13 finished with best fitness of 7370.
Generation 14 finished with best fitness of 7510.
Generation 15 finished with best fitness of 7715.
Generation 16 finished with best fitness of 7715.
Generation 17 finished with best fitness of 7860.
Generation 18 finished with best fitness of 7860.
Generation 19 finished with best fitness of 7915.
Generation 20 finished with best fitness of 7915.
Generation 21 finished with best fitness of 8065.
Generation 22 finished with best fitness of 8290.
Generation 23 finished with best fitness of 8290.
Generation 24 finished with best fitness of 8290.
Generation 25 finished with best fitness of 8290.
Generation 26 finished with best fitness of 8290.
Generation 27 finished with best fitness of 8295.
Generation 28 finished with best fitness of 8495.
Generation 29 finished with best fitness of 8495.
Generation 30 finished with best fitness of 8525.
Generation 31 finished with best fitness of 8525.
Generation 32 finished with best fitness of 8605.
Generation 33 finished with best fitness of 8605.
Generation 34 finished with best fitness of 8670.
Generation 35 finished with best fitness of 8730.
Generation 36 finished with best fitness of 8780.
Generation 37 finished with best fitness of 8915.
Generation 38 finished with best fitness of 8915.
Generation 39 finished with best fitness of 8915.
Generation 40 finished with best fitness of 8915.
Generation 41 finished with best fitness of 8950.
Generation 42 finished with best fitness of 9130.
Generation 43 finished with best fitness of 9130.
Generation 44 finished with best fitness of 9130.
Generation 45 finished with best fitness of 9130.
Generation 46 finished with best fitness of 9260.
Generation 47 finished with best fitness of 9260.
Generation 48 finished with best fitness of 9260.
Generation 49 finished with best fitness of 9445.
Generation 50 finished with best fitness of 9605.
Generation 51 finished with best fitness of 9605.
Generation 52 finished with best fitness of 9655.
Generation 53 finished with best fitness of 9720.
Generation 54 finished with best fitness of 9720.
Generation 55 finished with best fitness of 9830.
Generation 56 finished with best fitness of 9830.
Generation 57 finished with best fitness of 9910.
Generation 58 finished with best fitness of 9910.
Generation 59 finished with best fitness of 10115.
Generation 60 finished with best fitness of 10115.
Generation 61 finished with best fitness of 10115.
Generation 62 finished with best fitness of 10220.
Generation 63 finished with best fitness of 10240.
Generation 64 finished with best fitness of 10335.
Generation 65 finished with best fitness of 10335.
Generation 66 finished with best fitness of 10365.
Generation 67 finished with best fitness of 10365.
Generation 68 finished with best fitness of 10365.
Generation 69 finished with best fitness of 10365.
Generation 70 finished with best fitness of 10365.
Generation 71 finished with best fitness of 10390.
Generation 72 finished with best fitness of 10480.
Generation 73 finished with best fitness of 10480.
Generation 74 finished with best fitness of 10595.
Generation 75 finished with best fitness of 10610.
Generation 76 finished with best fitness of 10620.
Generation 77 finished with best fitness of 10705.
Generation 78 finished with best fitness of 10705.
Generation 79 finished with best fitness of 10705.
Generation 80 finished with best fitness of 10715.
Generation 81 finished with best fitness of 10715.
Generation 82 finished with best fitness of 10775.
Generation 83 finished with best fitness of 10800.
Generation 84 finished with best fitness of 10855.
Generation 85 finished with best fitness of 10855.
Generation 86 finished with best fitness of 10855.
Generation 87 finished with best fitness of 10855.
Generation 88 finished with best fitness of 10865.
Generation 89 finished with best fitness of 10865.
Generation 90 finished with best fitness of 10905.
Generation 91 finished with best fitness of 10950.
Generation 92 finished with best fitness of 10970.
Generation 93 finished with best fitness of 11130.
Generation 94 finished with best fitness of 11130.
Generation 95 finished with best fitness of 11130.
Generation 96 finished with best fitness of 11130.
Generation 97 finished with best fitness of 11145.
Generation 98 finished with best fitness of 11195.
Generation 99 finished with best fitness of 11195.
Generation 100 finished with best fitness of 11195.
Generation 101 finished with best fitness of 11230.
Generation 102 finished with best fitness of 11255.
Generation 103 finished with best fitness of 11255.
Generation 104 finished with best fitness of 11320.
Generation 105 finished with best fitness of 11330.
Generation 106 finished with best fitness of 11335.
Generation 107 finished with best fitness of 11365.
Generation 108 finished with best fitness of 11500.
Generation 109 finished with best fitness of 11500.
Generation 110 finished with best fitness of 11500.
Generation 111 finished with best fitness of 11500.
Generation 112 finished with best fitness of 11500.
Generation 113 finished with best fitness of 11500.
Generation 114 finished with best fitness of 11500.
Generation 115 finished with best fitness of 11535.
Generation 116 finished with best fitness of 11545.
Generation 117 finished with best fitness of 11545.
Generation 118 finished with best fitness of 11545.
Generation 119 finished with best fitness of 11545.
Generation 120 finished with best fitness of 11545.
Generation 121 finished with best fitness of 11545.
Generation 122 finished with best fitness of 11545.
Generation 123 finished with best fitness of 11585.
Generation 124 finished with best fitness of 11585.
Generation 125 finished with best fitness of 11645.
Generation 126 finished with best fitness of 11645.
Generation 127 finished with best fitness of 11645.
Generation 128 finished with best fitness of 11645.
Generation 129 finished with best fitness of 11700.
Generation 130 finished with best fitness of 11700.
Generation 131 finished with best fitness of 11870.
Generation 132 finished with best fitness of 11870.
Generation 133 finished with best fitness of 11870.
Generation 134 finished with best fitness of 11870.
Generation 135 finished with best fitness of 11870.
Generation 136 finished with best fitness of 11870.
Generation 137 finished with best fitness of 11870.
Generation 138 finished with best fitness of 11870.
Generation 139 finished with best fitness of 11870.
Generation 140 finished with best fitness of 12055.
Generation 141 finished with best fitness of 12055.
Generation 142 finished with best fitness of 12055.
Generation 143 finished with best fitness of 12055.
Generation 144 finished with best fitness of 12055.
Generation 145 finished with best fitness of 12095.
Generation 146 finished with best fitness of 12095.
Generation 147 finished with best fitness of 12095.
Generation 148 finished with best fitness of 12095.
Generation 149 finished with best fitness of 12100.
Generation 150 finished with best fitness of 12220.
Generation 151 finished with best fitness of 12220.
Generation 152 finished with best fitness of 12235.
Generation 153 finished with best fitness of 12235.
Generation 154 finished with best fitness of 12235.
Generation 155 finished with best fitness of 12235.
Generation 156 finished with best fitness of 12235.
Generation 157 finished with best fitness of 12275.
Generation 158 finished with best fitness of 12320.
Generation 159 finished with best fitness of 12320.
Generation 160 finished with best fitness of 12350.
Generation 161 finished with best fitness of 12395.
Generation 162 finished with best fitness of 12395.
Generation 163 finished with best fitness of 12395.
Generation 164 finished with best fitness of 12395.
Generation 165 finished with best fitness of 12420.
Generation 166 finished with best fitness of 12420.
Generation 167 finished with best fitness of 12420.
Generation 168 finished with best fitness of 12420.
Generation 169 finished with best fitness of 12420.
Generation 170 finished with best fitness of 12450.
Generation 171 finished with best fitness of 12450.
Generation 172 finished with best fitness of 12475.
Generation 173 finished with best fitness of 12475.
Generation 174 finished with best fitness of 12475.
Generation 175 finished with best fitness of 12525.
Generation 176 finished with best fitness of 12580.
Generation 177 finished with best fitness of 12580.
Generation 178 finished with best fitness of 12580.
Generation 179 finished with best fitness of 12615.
Generation 180 finished with best fitness of 12615.
Generation 181 finished with best fitness of 12615.
Generation 182 finished with best fitness of 12615.
Generation 183 finished with best fitness of 12615.
Generation 184 finished with best fitness of 12665.
Generation 185 finished with best fitness of 12665.
Generation 186 finished with best fitness of 12665.
Generation 187 finished with best fitness of 12665.
Generation 188 finished with best fitness of 12710.
Generation 189 finished with best fitness of 12710.
Generation 190 finished with best fitness of 12710.
Generation 191 finished with best fitness of 12710.
Generation 192 finished with best fitness of 12710.
Generation 193 finished with best fitness of 12710.
Generation 194 finished with best fitness of 12710.
Generation 195 finished with best fitness of 12710.
Generation 196 finished with best fitness of 12745.
Generation 197 finished with best fitness of 12745.
Generation 198 finished with best fitness of 12750.
Generation 199 finished with best fitness of 12750.
Generation 200 finished with best fitness of 12750.
Generation 201 finished with best fitness of 12755.
Generation 202 finished with best fitness of 12755.
Generation 203 finished with best fitness of 12770.
Generation 204 finished with best fitness of 12770.
Generation 205 finished with best fitness of 12770.
Generation 206 finished with best fitness of 12860.
Generation 207 finished with best fitness of 12860.
Generation 208 finished with best fitness of 12945.
Generation 209 finished with best fitness of 12945.
Generation 210 finished with best fitness of 12945.
Generation 211 finished with best fitness of 12945.
Generation 212 finished with best fitness of 12945.
Generation 213 finished with best fitness of 12945.
Generation 214 finished with best fitness of 12945.
Generation 215 finished with best fitness of 12945.
Generation 216 finished with best fitness of 12945.
Generation 217 finished with best fitness of 12945.
Generation 218 finished with best fitness of 12945.
Generation 219 finished with best fitness of 12945.
Generation 220 finished with best fitness of 12945.
Generation 221 finished with best fitness of 12945.
Generation 222 finished with best fitness of 12945.
Generation 223 finished with best fitness of 12945.
Generation 224 finished with best fitness of 12965.
Generation 225 finished with best fitness of 12990.
Generation 226 finished with best fitness of 12990.
Generation 227 finished with best fitness of 12990.
Generation 228 finished with best fitness of 12990.
Generation 229 finished with best fitness of 12990.
Generation 230 finished with best fitness of 12990.
Generation 231 finished with best fitness of 13005.
Generation 232 finished with best fitness of 13005.
Generation 233 finished with best fitness of 13065.
Generation 234 finished with best fitness of 13065.
Generation 235 finished with best fitness of 13065.
Generation 236 finished with best fitness of 13065.
Generation 237 finished with best fitness of 13065.
Generation 238 finished with best fitness of 13065.
Generation 239 finished with best fitness of 13115.
Generation 240 finished with best fitness of 13115.
Generation 241 finished with best fitness of 13115.
Generation 242 finished with best fitness of 13115.
Generation 243 finished with best fitness of 13115.
Generation 244 finished with best fitness of 13140.
Generation 245 finished with best fitness of 13140.
Generation 246 finished with best fitness of 13140.
Generation 247 finished with best fitness of 13275.
Generation 248 finished with best fitness of 13275.
Generation 249 finished with best fitness of 13275.
Generation 250 finished with best fitness of 13275.
Generation 251 finished with best fitness of 13375.
Generation 252 finished with best fitness of 13375.
Generation 253 finished with best fitness of 13375.
Generation 254 finished with best fitness of 13375.
Generation 255 finished with best fitness of 13375.
Generation 256 finished with best fitness of 13375.
Generation 257 finished with best fitness of 13375.
Generation 258 finished with best fitness of 13375.
Generation 259 finished with best fitness of 13375.
Generation 260 finished with best fitness of 13375.
Generation 261 finished with best fitness of 13375.
Generation 262 finished with best fitness of 13375.
Generation 263 finished with best fitness of 13375.
Generation 264 finished with best fitness of 13375.
Generation 265 finished with best fitness of 13375.
Generation 266 finished with best fitness of 13375.
Generation 267 finished with best fitness of 13375.
Generation 268 finished with best fitness of 13375.
Generation 269 finished with best fitness of 13375.
Generation 270 finished with best fitness of 13375.
Generation 271 finished with best fitness of 13375.
Generation 272 finished with best fitness of 13375.
Generation 273 finished with best fitness of 13375.
Generation 274 finished with best fitness of 13375.
Generation 275 finished with best fitness of 13375.
Generation 276 finished with best fitness of 13375.
Generation 277 finished with best fitness of 13375.
Generation 278 finished with best fitness of 13375.
Generation 279 finished with best fitness of 13375.
Generation 280 finished with best fitness of 13455.
Generation 281 finished with best fitness of 13455.
Generation 282 finished with best fitness of 13455.
Generation 283 finished with best fitness of 13455.
Generation 284 finished with best fitness of 13455.
Generation 285 finished with best fitness of 13455.
Generation 286 finished with best fitness of 13455.
Generation 287 finished with best fitness of 13455.
Generation 288 finished with best fitness of 13455.
Generation 289 finished with best fitness of 13455.
Generation 290 finished with best fitness of 13475.
Generation 291 finished with best fitness of 13475.
Generation 292 finished with best fitness of 13475.
Generation 293 finished with best fitness of 13475.
Generation 294 finished with best fitness of 13475.
Generation 295 finished with best fitness of 13530.
Generation 296 finished with best fitness of 13530.
Generation 297 finished with best fitness of 13530.
Generation 298 finished with best fitness of 13530.
Generation 299 finished with best fitness of 13530.
Generation 300 finished with best fitness of 13530.
Generation 301 finished with best fitness of 13530.
Generation 302 finished with best fitness of 13530.
Generation 303 finished with best fitness of 13530.
Generation 304 finished with best fitness of 13530.
Generation 305 finished with best fitness of 13535.
Generation 306 finished with best fitness of 13535.
Generation 307 finished with best fitness of 13535.
Generation 308 finished with best fitness of 13535.
Generation 309 finished with best fitness of 13535.
Generation 310 finished with best fitness of 13535.
Generation 311 finished with best fitness of 13535.
Generation 312 finished with best fitness of 13535.
Generation 313 finished with best fitness of 13535.
Generation 314 finished with best fitness of 13590.
Generation 315 finished with best fitness of 13590.
Generation 316 finished with best fitness of 13590.
Generation 317 finished with best fitness of 13640.
Generation 318 finished with best fitness of 13640.
Generation 319 finished with best fitness of 13640.
Generation 320 finished with best fitness of 13640.
Generation 321 finished with best fitness of 13640.
Generation 322 finished with best fitness of 13640.
Generation 323 finished with best fitness of 13640.
Generation 324 finished with best fitness of 13640.
Generation 325 finished with best fitness of 13640.
Generation 326 finished with best fitness of 13640.
Generation 327 finished with best fitness of 13640.
Generation 328 finished with best fitness of 13640.
Generation 329 finished with best fitness of 13640.
Generation 330 finished with best fitness of 13640.
Generation 331 finished with best fitness of 13640.
Generation 332 finished with best fitness of 13640.
Generation 333 finished with best fitness of 13645.
Generation 334 finished with best fitness of 13645.
Generation 335 finished with best fitness of 13645.
Generation 336 finished with best fitness of 13645.
Generation 337 finished with best fitness of 13645.
Generation 338 finished with best fitness of 13650.
Generation 339 finished with best fitness of 13650.
Generation 340 finished with best fitness of 13650.
Generation 341 finished with best fitness of 13650.
Generation 342 finished with best fitness of 13685.
Generation 343 finished with best fitness of 13685.
Generation 344 finished with best fitness of 13685.
Generation 345 finished with best fitness of 13685.
Generation 346 finished with best fitness of 13730.
Generation 347 finished with best fitness of 13730.
Generation 348 finished with best fitness of 13730.
Generation 349 finished with best fitness of 13730.
Generation 350 finished with best fitness of 13730.
Generation 351 finished with best fitness of 13750.
Generation 352 finished with best fitness of 13750.
Generation 353 finished with best fitness of 13750.
Generation 354 finished with best fitness of 13750.
Generation 355 finished with best fitness of 13830.
Generation 356 finished with best fitness of 13830.
Generation 357 finished with best fitness of 13830.
Generation 358 finished with best fitness of 13830.
Generation 359 finished with best fitness of 13830.
Generation 360 finished with best fitness of 13830.
Generation 361 finished with best fitness of 13830.
Generation 362 finished with best fitness of 13830.
Generation 363 finished with best fitness of 13830.
Generation 364 finished with best fitness of 13830.
Generation 365 finished with best fitness of 13830.
Generation 366 finished with best fitness of 13830.
Generation 367 finished with best fitness of 13830.
Generation 368 finished with best fitness of 13830.
Generation 369 finished with best fitness of 13830.
Generation 370 finished with best fitness of 13830.
Generation 371 finished with best fitness of 13830.
Generation 372 finished with best fitness of 13830.
Generation 373 finished with best fitness of 13855.
Generation 374 finished with best fitness of 13855.
Generation 375 finished with best fitness of 13860.
Generation 376 finished with best fitness of 13860.
Generation 377 finished with best fitness of 13860.
Generation 378 finished with best fitness of 13860.
Generation 379 finished with best fitness of 13860.
Generation 380 finished with best fitness of 13860.
Generation 381 finished with best fitness of 13860.
Generation 382 finished with best fitness of 13860.
Generation 383 finished with best fitness of 13885.
Generation 384 finished with best fitness of 13885.
Generation 385 finished with best fitness of 13885.
Generation 386 finished with best fitness of 13935.
Generation 387 finished with best fitness of 13940.
Generation 388 finished with best fitness of 13940.
Generation 389 finished with best fitness of 13945.
Generation 390 finished with best fitness of 13945.
Generation 391 finished with best fitness of 13945.
Generation 392 finished with best fitness of 13945.
Generation 393 finished with best fitness of 13945.
Generation 394 finished with best fitness of 13945.
Generation 395 finished with best fitness of 13945.
Generation 396 finished with best fitness of 13945.
Generation 397 finished with best fitness of 13945.
Generation 398 finished with best fitness of 13945.
Generation 399 finished with best fitness of 13945.
Generation 400 finished with best fitness of 13945.
Generation 401 finished with best fitness of 13945.
Generation 402 finished with best fitness of 13945.
Generation 403 finished with best fitness of 13945.
Generation 404 finished with best fitness of 13945.
Generation 405 finished with best fitness of 13945.
Generation 406 finished with best fitness of 13945.
Generation 407 finished with best fitness of 13945.
Generation 408 finished with best fitness of 13945.
Generation 409 finished with best fitness of 13945.
Generation 410 finished with best fitness of 13945.
Generation 411 finished with best fitness of 13945.
Generation 412 finished with best fitness of 13945.
Generation 413 finished with best fitness of 13945.
Generation 414 finished with best fitness of 14000.
Generation 415 finished with best fitness of 14000.
Generation 416 finished with best fitness of 14000.
Evolution finished after 12,1233951 seconds.
------------------------
Average fitness :
4927
5393
5737
5985
6127
6262
6398
6548
6681
6823
6917
6999
7100
7161
7240
7306
7384
7474
7548
7609
7680
7747
7812
7874
7943
8014
8068
8107
8153
8218
8288
8339
8379
8415
8470
8514
8579
8639
8674
8696
8727
8755
8803
8878
8935
8977
9007
9060
9092
9110
9163
9213
9266
9320
9397
9452
9518
9570
9623
9683
9754
9795
9842
9940
9993
10065
10122
10193
10227
10254
10283
10293
10307
10322
10337
10364
10407
10459
10509
10531
10559
10587
10605
10635
10662
10688
10694
10714
10723
10739
10756
10789
10823
10860
10900
10919
10945
10973
11005
11052
11095
11130
11155
11171
11179
11202
11217
11245
11259
11294
11298
11301
11301
11310
11324
11336
11349
11359
11364
11385
11405
11431
11466
11479
11491
11496
11519
11533
11551
11559
11569
11575
11596
11610
11635
11655
11672
11699
11715
11750
11759
11783
11814
11856
11863
11888
11917
11932
11945
11954
11971
12001
12032
12050
12061
12079
12090
12125
12154
12172
12185
12203
12222
12244
12260
12266
12283
12297
12319
12327
12335
12353
12357
12375
12382
12392
12415
12443
12457
12474
12487
12499
12513
12523
12537
12557
12569
12570
12576
12597
12606
12613
12625
12635
12640
12644
12650
12655
12660
12675
12682
12693
12704
12707
12715
12717
12718
12728
12735
12748
12752
12760
12774
12779
12792
12802
12812
12822
12828
12837
12845
12854
12866
12879
12891
12903
12908
12914
12920
12923
12925
12933
12940
12948
12957
12959
12965
12971
12974
12982
12992
12999
13006
13020
13025
13040
13042
13047
13072
13080
13098
13111
13136
13156
13182
13198
13214
13225
13243
13256
13262
13262
13269
13276
13283
13292
13300
13303
13304
13311
13311
13315
13321
13329
13336
13340
13341
13342
13344
13345
13346
13352
13353
13357
13357
13363
13366
13372
13376
13378
13379
13387
13393
13403
13406
13406
13416
13419
13425
13432
13439
13444
13451
13454
13455
13459
13469
13473
13479
13482
13483
13487
13489
13491
13491
13500
13507
13510
13518
13520
13522
13523
13525
13527
13536
13540
13546
13549
13550
13552
13553
13556
13561
13562
13567
13568
13573
13576
13577
13585
13587
13588
13591
13596
13603
13604
13605
13616
13620
13630
13634
13637
13648
13654
13658
13664
13678
13682
13683
13687
13698
13698
13698
13702
13706
13715
13717
13728
13731
13731
13735
13739
13744
13745
13757
13757
13768
13769
13772
13777
13779
13788
13788
13788
13796
13801
13802
13827
13836
13838
13845
13851
13857
13859
13861
13874
13874
13877
13881
13883
13887
13887
13887
13888
13897
13901
13904
13907
13911
13912
13914
13916
13917
13917
13917
13923
13926
13926
------------------------
Best individual fitness:
5975
6050
6185
6560
6560
6685
6805
6860
7050
7060
7225
7225
7305
7305
7370
7510
7715
7715
7860
7860
7915
7915
8065
8290
8290
8290
8290
8290
8295
8495
8495
8525
8525
8605
8605
8670
8730
8780
8915
8915
8915
8915
8950
9130
9130
9130
9130
9260
9260
9260
9445
9605
9605
9655
9720
9720
9830
9830
9910
9910
10115
10115
10115
10220
10240
10335
10335
10365
10365
10365
10365
10365
10390
10480
10480
10595
10610
10620
10705
10705
10705
10715
10715
10775
10800
10855
10855
10855
10855
10865
10865
10905
10950
10970
11130
11130
11130
11130
11145
11195
11195
11195
11230
11255
11255
11320
11330
11335
11365
11500
11500
11500
11500
11500
11500
11500
11535
11545
11545
11545
11545
11545
11545
11545
11585
11585
11645
11645
11645
11645
11700
11700
11870
11870
11870
11870
11870
11870
11870
11870
11870
12055
12055
12055
12055
12055
12095
12095
12095
12095
12100
12220
12220
12235
12235
12235
12235
12235
12275
12320
12320
12350
12395
12395
12395
12395
12420
12420
12420
12420
12420
12450
12450
12475
12475
12475
12525
12580
12580
12580
12615
12615
12615
12615
12615
12665
12665
12665
12665
12710
12710
12710
12710
12710
12710
12710
12710
12745
12745
12750
12750
12750
12755
12755
12770
12770
12770
12860
12860
12945
12945
12945
12945
12945
12945
12945
12945
12945
12945
12945
12945
12945
12945
12945
12945
12965
12990
12990
12990
12990
12990
12990
13005
13005
13065
13065
13065
13065
13065
13065
13115
13115
13115
13115
13115
13140
13140
13140
13275
13275
13275
13275
13375
13375
13375
13375
13375
13375
13375
13375
13375
13375
13375
13375
13375
13375
13375
13375
13375
13375
13375
13375
13375
13375
13375
13375
13375
13375
13375
13375
13375
13455
13455
13455
13455
13455
13455
13455
13455
13455
13455
13475
13475
13475
13475
13475
13530
13530
13530
13530
13530
13530
13530
13530
13530
13530
13535
13535
13535
13535
13535
13535
13535
13535
13535
13590
13590
13590
13640
13640
13640
13640
13640
13640
13640
13640
13640
13640
13640
13640
13640
13640
13640
13640
13645
13645
13645
13645
13645
13650
13650
13650
13650
13685
13685
13685
13685
13730
13730
13730
13730
13730
13750
13750
13750
13750
13830
13830
13830
13830
13830
13830
13830
13830
13830
13830
13830
13830
13830
13830
13830
13830
13830
13830
13855
13855
13860
13860
13860
13860
13860
13860
13860
13860
13885
13885
13885
13935
13940
13940
13945
13945
13945
13945
13945
13945
13945
13945
13945
13945
13945
13945
13945
13945
13945
13945
13945
13945
13945
13945
13945
13945
13945
13945
13945
14000
14000
14000
</DebugTrace>
      </Output>
    </UnitTestResult>
    <UnitTestResult executionId="05bf34e6-eb43-4866-a14d-a458f7122672" testId="643aee53-482b-7ddc-6eba-83a04b5cba46" testName="TimetableInputExportTest" computerName="FLOLAP-PC" duration="00:00:00.0234238" startTime="2011-11-18T15:59:47.7818518+01:00" endTime="2011-11-18T15:59:47.8014520+01:00" testType="13cdc9d9-ddb5-4fa4-a97d-d965ccfc6d4b" outcome="Passed" testListId="8c84fa94-04c1-424b-9868-57a2d4851a1d" relativeResultsDirectory="05bf34e6-eb43-4866-a14d-a458f7122672">
    </UnitTestResult>
  </Results>
</TestRun>