<?xml version="1.0" encoding="UTF-8"?>
<TestRun id="f701b39b-e35c-432b-8a5c-53eb1518be5d" name="FloLap@FLOLAP-PC 2011-11-15 17:18:54" runUser="FloLap-PC\FloLap" xmlns="http://microsoft.com/schemas/VisualStudio/TeamTest/2010">
  <TestSettings name="Lokal" id="6ed96bb3-d821-4eee-a79d-3a3069da9890">
    <Description>Dies sind die standardmäßigen Testeinstellungen für einen lokalen Testlauf.</Description>
    <Deployment enabled="false" runDeploymentRoot="FloLap_FLOLAP-PC 2011-11-15 17_18_54">
      <DeploymentItem filename="E:\HsKA\Semester2\Projektarbeit\Stundenplangenerator\TimetablePlanner\TimetablePlanner\bin\Debug\TimetablePlanner.dll" />
    </Deployment>
    <Execution>
      <TestTypeSpecific />
      <AgentRule name="Execution Agents">
      </AgentRule>
    </Execution>
  </TestSettings>
  <Times creation="2011-11-15T17:18:54.8494791+01:00" queuing="2011-11-15T17:18:56.4965733+01:00" start="2011-11-15T17:18:56.6605826+01:00" finish="2011-11-15T17:20:29.8479126+01:00" />
  <ResultSummary outcome="Error">
    <Counters total="2" executed="1" error="0" failed="0" timeout="0" aborted="1" inconclusive="0" passedButRunAborted="0" notRunnable="0" notExecuted="1" disconnected="0" warning="0" passed="0" completed="0" inProgress="0" pending="0" />
    <RunInfos>
      <RunInfo computerName="FLOLAP-PC" outcome="Error" timestamp="2011-11-15T17:20:29.8459125+01:00">
        <Text>Der Testhostprozess wurde unerwartet beendet.</Text>
      </RunInfo>
    </RunInfos>
  </ResultSummary>
  <TestDefinitions>
    <UnitTest name="TimetableGenerationTest" storage="e:\hska\semester2\projektarbeit\stundenplangenerator\timetableplanner\timetableplannertests\bin\debug\timetableplannertests.dll" id="4689e2d1-87f2-8844-ae95-39072767341d">
      <Execution id="b57393ac-61c8-4208-8593-19d28ad404d6" />
      <TestMethod codeBase="E:/HsKA/Semester2/Projektarbeit/Stundenplangenerator/TimetablePlanner/TimetablePlannerTests/bin/Debug/TimetablePlannerTests.DLL" adapterTypeName="Microsoft.VisualStudio.TestTools.TestTypes.Unit.UnitTestAdapter, Microsoft.VisualStudio.QualityTools.Tips.UnitTest.Adapter, Version=10.0.0.0, Culture=neutral, PublicKeyToken=b03f5f7f11d50a3a" className="TimetablePlannerTests.TimetableTest, TimetablePlannerTests, Version=1.0.0.0, Culture=neutral, PublicKeyToken=null" name="TimetableGenerationTest" />
    </UnitTest>
    <UnitTest name="TimetableInputExportTest" storage="e:\hska\semester2\projektarbeit\stundenplangenerator\timetableplanner\timetableplannertests\bin\debug\timetableplannertests.dll" id="643aee53-482b-7ddc-6eba-83a04b5cba46">
      <Execution id="e91a605a-8013-40d1-b437-3285c519fe83" />
      <TestMethod codeBase="E:/HsKA/Semester2/Projektarbeit/Stundenplangenerator/TimetablePlanner/TimetablePlannerTests/bin/Debug/TimetablePlannerTests.DLL" adapterTypeName="Microsoft.VisualStudio.TestTools.TestTypes.Unit.UnitTestAdapter, Microsoft.VisualStudio.QualityTools.Tips.UnitTest.Adapter, Version=10.0.0.0, Culture=neutral, PublicKeyToken=b03f5f7f11d50a3a" className="TimetablePlannerTests.TimetableTest, TimetablePlannerTests, Version=1.0.0.0, Culture=neutral, PublicKeyToken=null" name="TimetableInputExportTest" />
    </UnitTest>
  </TestDefinitions>
  <TestLists>
    <TestList name="Nicht in einer Liste enthaltene Ergebnisse" id="8c84fa94-04c1-424b-9868-57a2d4851a1d" />
    <TestList name="Alle geladenen Ergebnisse" id="19431567-8539-422a-85d7-44ee4e166bda" />
  </TestLists>
  <TestEntries>
    <TestEntry testId="4689e2d1-87f2-8844-ae95-39072767341d" executionId="b57393ac-61c8-4208-8593-19d28ad404d6" testListId="8c84fa94-04c1-424b-9868-57a2d4851a1d" />
    <TestEntry testId="643aee53-482b-7ddc-6eba-83a04b5cba46" executionId="e91a605a-8013-40d1-b437-3285c519fe83" testListId="8c84fa94-04c1-424b-9868-57a2d4851a1d" />
  </TestEntries>
  <Results>
    <UnitTestResult executionId="b57393ac-61c8-4208-8593-19d28ad404d6" testId="4689e2d1-87f2-8844-ae95-39072767341d" testName="TimetableGenerationTest" computerName="FLOLAP-PC" duration="00:01:33.0573225" startTime="2011-11-15T17:18:56.7905901+01:00" endTime="2011-11-15T17:20:29.8479126+01:00" testType="13cdc9d9-ddb5-4fa4-a97d-d965ccfc6d4b" outcome="Aborted" testListId="8c84fa94-04c1-424b-9868-57a2d4851a1d" relativeResultsDirectory="b57393ac-61c8-4208-8593-19d28ad404d6">
    </UnitTestResult>
    <UnitTestResult executionId="e91a605a-8013-40d1-b437-3285c519fe83" testId="643aee53-482b-7ddc-6eba-83a04b5cba46" testName="TimetableInputExportTest" computerName="FLOLAP-PC" testType="13cdc9d9-ddb5-4fa4-a97d-d965ccfc6d4b" outcome="NotExecuted" testListId="8c84fa94-04c1-424b-9868-57a2d4851a1d" relativeResultsDirectory="e91a605a-8013-40d1-b437-3285c519fe83">
    </UnitTestResult>
  </Results>
</TestRun>