<?xml version="1.0" encoding="UTF-8"?>
<TestRun id="b7aed7c6-a650-4869-aff9-8187f85576ad" name="FloLap@FLOLAP-PC 2011-11-18 15:48:24" runUser="FloLap-PC\FloLap" xmlns="http://microsoft.com/schemas/VisualStudio/TeamTest/2010">
  <TestSettings name="Lokal" id="6ed96bb3-d821-4eee-a79d-3a3069da9890">
    <Description>Dies sind die standardmäßigen Testeinstellungen für einen lokalen Testlauf.</Description>
    <Deployment enabled="false" runDeploymentRoot="FloLap_FLOLAP-PC 2011-11-18 15_48_24">
      <DeploymentItem filename="E:\HsKA\Semester2\Projektarbeit\Stundenplangenerator\TimetablePlanner\TimetablePlanner\bin\Debug\TimetablePlanner.dll" />
    </Deployment>
    <Execution>
      <TestTypeSpecific />
      <AgentRule name="Execution Agents">
      </AgentRule>
    </Execution>
  </TestSettings>
  <Times creation="2011-11-18T15:48:24.3273509+01:00" queuing="2011-11-18T15:48:27.6058398+01:00" start="2011-11-18T15:48:27.7150400+01:00" finish="2011-11-18T15:48:35.5306537+01:00" />
  <ResultSummary outcome="Completed">
    <Counters total="1" executed="1" passed="1" error="0" failed="0" timeout="0" aborted="0" inconclusive="0" passedButRunAborted="0" notRunnable="0" notExecuted="0" disconnected="0" warning="0" completed="0" inProgress="0" pending="0" />
  </ResultSummary>
  <TestDefinitions>
    <UnitTest name="TimetableGenerationTest" storage="e:\hska\semester2\projektarbeit\stundenplangenerator\timetableplanner\timetableplannertests\bin\debug\timetableplannertests.dll" id="4689e2d1-87f2-8844-ae95-39072767341d">
      <Execution id="2e0f5bcc-7dde-4405-8a88-b878bc9ae025" />
      <TestMethod codeBase="E:/HsKA/Semester2/Projektarbeit/Stundenplangenerator/TimetablePlanner/TimetablePlannerTests/bin/Debug/TimetablePlannerTests.DLL" adapterTypeName="Microsoft.VisualStudio.TestTools.TestTypes.Unit.UnitTestAdapter, Microsoft.VisualStudio.QualityTools.Tips.UnitTest.Adapter, Version=10.0.0.0, Culture=neutral, PublicKeyToken=b03f5f7f11d50a3a" className="TimetablePlannerTests.TimetableTest, TimetablePlannerTests, Version=1.0.0.0, Culture=neutral, PublicKeyToken=null" name="TimetableGenerationTest" />
    </UnitTest>
  </TestDefinitions>
  <TestLists>
    <TestList name="Nicht in einer Liste enthaltene Ergebnisse" id="8c84fa94-04c1-424b-9868-57a2d4851a1d" />
    <TestList name="Alle geladenen Ergebnisse" id="19431567-8539-422a-85d7-44ee4e166bda" />
  </TestLists>
  <TestEntries>
    <TestEntry testId="4689e2d1-87f2-8844-ae95-39072767341d" executionId="2e0f5bcc-7dde-4405-8a88-b878bc9ae025" testListId="8c84fa94-04c1-424b-9868-57a2d4851a1d" />
  </TestEntries>
  <Results>
    <UnitTestResult executionId="2e0f5bcc-7dde-4405-8a88-b878bc9ae025" testId="4689e2d1-87f2-8844-ae95-39072767341d" testName="TimetableGenerationTest" computerName="FLOLAP-PC" duration="00:00:07.3495618" startTime="2011-11-18T15:48:27.7150400+01:00" endTime="2011-11-18T15:48:35.4838536+01:00" testType="13cdc9d9-ddb5-4fa4-a97d-d965ccfc6d4b" outcome="Passed" testListId="8c84fa94-04c1-424b-9868-57a2d4851a1d" relativeResultsDirectory="2e0f5bcc-7dde-4405-8a88-b878bc9ae025">
      <Output>
        <DebugTrace>Individual 2 created.
Individual 5 created.
Individual 1 created.
Individual 0 created.
Individual 6 created.
Individual 7 created.
Individual 4 created.
Individual 3 created.
Individual 10 created.
Individual 8 created.
Individual 11 created.
Individual 13 created.
Individual 12 created.
Individual 16 created.
Individual 18 created.
Individual 15 created.
Individual 20 created.
Individual 14 created.
Individual 21 created.
Individual 22 created.
Individual 24 created.
Individual 19 created.
Individual 9 created.
Individual 23 created.
Individual 17 created.
Population created after 0,5148009 seconds.
Generation 0 finished with best fitness of 6080.
Generation 1 finished with best fitness of 6155.
Generation 2 finished with best fitness of 6400.
Generation 3 finished with best fitness of 6515.
Generation 4 finished with best fitness of 6515.
Generation 5 finished with best fitness of 6840.
Generation 6 finished with best fitness of 6920.
Generation 7 finished with best fitness of 6920.
Generation 8 finished with best fitness of 7055.
Generation 9 finished with best fitness of 7205.
Generation 10 finished with best fitness of 7205.
Generation 11 finished with best fitness of 7250.
Generation 12 finished with best fitness of 7475.
Generation 13 finished with best fitness of 7475.
Generation 14 finished with best fitness of 7475.
Generation 15 finished with best fitness of 7475.
Generation 16 finished with best fitness of 7475.
Generation 17 finished with best fitness of 7655.
Generation 18 finished with best fitness of 7800.
Generation 19 finished with best fitness of 7925.
Generation 20 finished with best fitness of 7985.
Generation 21 finished with best fitness of 7995.
Generation 22 finished with best fitness of 8190.
Generation 23 finished with best fitness of 8190.
Generation 24 finished with best fitness of 8190.
Generation 25 finished with best fitness of 8250.
Generation 26 finished with best fitness of 8270.
Generation 27 finished with best fitness of 8435.
Generation 28 finished with best fitness of 8435.
Generation 29 finished with best fitness of 8600.
Generation 30 finished with best fitness of 8600.
Generation 31 finished with best fitness of 8645.
Generation 32 finished with best fitness of 8900.
Generation 33 finished with best fitness of 8900.
Generation 34 finished with best fitness of 8920.
Generation 35 finished with best fitness of 9035.
Generation 36 finished with best fitness of 9035.
Generation 37 finished with best fitness of 9175.
Generation 38 finished with best fitness of 9175.
Generation 39 finished with best fitness of 9175.
Generation 40 finished with best fitness of 9230.
Generation 41 finished with best fitness of 9230.
Generation 42 finished with best fitness of 9335.
Generation 43 finished with best fitness of 9345.
Generation 44 finished with best fitness of 9515.
Generation 45 finished with best fitness of 9515.
Generation 46 finished with best fitness of 9610.
Generation 47 finished with best fitness of 9770.
Generation 48 finished with best fitness of 9770.
Generation 49 finished with best fitness of 9770.
Generation 50 finished with best fitness of 9770.
Generation 51 finished with best fitness of 9770.
Generation 52 finished with best fitness of 9800.
Generation 53 finished with best fitness of 9860.
Generation 54 finished with best fitness of 9945.
Generation 55 finished with best fitness of 9945.
Generation 56 finished with best fitness of 9975.
Generation 57 finished with best fitness of 10000.
Generation 58 finished with best fitness of 10015.
Generation 59 finished with best fitness of 10020.
Generation 60 finished with best fitness of 10165.
Generation 61 finished with best fitness of 10165.
Generation 62 finished with best fitness of 10300.
Generation 63 finished with best fitness of 10300.
Generation 64 finished with best fitness of 10400.
Generation 65 finished with best fitness of 10430.
Generation 66 finished with best fitness of 10480.
Generation 67 finished with best fitness of 10480.
Generation 68 finished with best fitness of 10560.
Generation 69 finished with best fitness of 10675.
Generation 70 finished with best fitness of 10705.
Generation 71 finished with best fitness of 10705.
Generation 72 finished with best fitness of 10705.
Generation 73 finished with best fitness of 10705.
Generation 74 finished with best fitness of 10740.
Generation 75 finished with best fitness of 10935.
Generation 76 finished with best fitness of 11025.
Generation 77 finished with best fitness of 11025.
Generation 78 finished with best fitness of 11025.
Generation 79 finished with best fitness of 11230.
Generation 80 finished with best fitness of 11245.
Generation 81 finished with best fitness of 11245.
Generation 82 finished with best fitness of 11245.
Generation 83 finished with best fitness of 11285.
Generation 84 finished with best fitness of 11335.
Generation 85 finished with best fitness of 11335.
Generation 86 finished with best fitness of 11425.
Generation 87 finished with best fitness of 11610.
Generation 88 finished with best fitness of 11610.
Generation 89 finished with best fitness of 11610.
Generation 90 finished with best fitness of 11610.
Generation 91 finished with best fitness of 11610.
Generation 92 finished with best fitness of 11610.
Generation 93 finished with best fitness of 11670.
Generation 94 finished with best fitness of 11670.
Generation 95 finished with best fitness of 11675.
Generation 96 finished with best fitness of 11685.
Generation 97 finished with best fitness of 11750.
Generation 98 finished with best fitness of 11945.
Generation 99 finished with best fitness of 11945.
Generation 100 finished with best fitness of 11945.
Generation 101 finished with best fitness of 11945.
Generation 102 finished with best fitness of 11945.
Generation 103 finished with best fitness of 12030.
Generation 104 finished with best fitness of 12240.
Generation 105 finished with best fitness of 12240.
Generation 106 finished with best fitness of 12240.
Generation 107 finished with best fitness of 12240.
Generation 108 finished with best fitness of 12240.
Generation 109 finished with best fitness of 12240.
Generation 110 finished with best fitness of 12320.
Generation 111 finished with best fitness of 12320.
Generation 112 finished with best fitness of 12320.
Generation 113 finished with best fitness of 12320.
Generation 114 finished with best fitness of 12320.
Generation 115 finished with best fitness of 12320.
Generation 116 finished with best fitness of 12320.
Generation 117 finished with best fitness of 12320.
Generation 118 finished with best fitness of 12320.
Generation 119 finished with best fitness of 12335.
Generation 120 finished with best fitness of 12335.
Generation 121 finished with best fitness of 12335.
Generation 122 finished with best fitness of 12335.
Generation 123 finished with best fitness of 12450.
Generation 124 finished with best fitness of 12460.
Generation 125 finished with best fitness of 12460.
Generation 126 finished with best fitness of 12460.
Generation 127 finished with best fitness of 12460.
Generation 128 finished with best fitness of 12480.
Generation 129 finished with best fitness of 12585.
Generation 130 finished with best fitness of 12585.
Generation 131 finished with best fitness of 12585.
Generation 132 finished with best fitness of 12605.
Generation 133 finished with best fitness of 12605.
Generation 134 finished with best fitness of 12605.
Generation 135 finished with best fitness of 12665.
Generation 136 finished with best fitness of 12665.
Generation 137 finished with best fitness of 12665.
Generation 138 finished with best fitness of 12665.
Generation 139 finished with best fitness of 12665.
Generation 140 finished with best fitness of 12705.
Generation 141 finished with best fitness of 12705.
Generation 142 finished with best fitness of 12715.
Generation 143 finished with best fitness of 12715.
Generation 144 finished with best fitness of 12715.
Generation 145 finished with best fitness of 12760.
Generation 146 finished with best fitness of 12760.
Generation 147 finished with best fitness of 12760.
Generation 148 finished with best fitness of 12760.
Generation 149 finished with best fitness of 12760.
Generation 150 finished with best fitness of 12760.
Generation 151 finished with best fitness of 12760.
Generation 152 finished with best fitness of 12760.
Generation 153 finished with best fitness of 12760.
Generation 154 finished with best fitness of 12775.
Generation 155 finished with best fitness of 12775.
Generation 156 finished with best fitness of 12775.
Generation 157 finished with best fitness of 12785.
Generation 158 finished with best fitness of 12790.
Generation 159 finished with best fitness of 13025.
Generation 160 finished with best fitness of 13025.
Generation 161 finished with best fitness of 13115.
Generation 162 finished with best fitness of 13115.
Generation 163 finished with best fitness of 13115.
Generation 164 finished with best fitness of 13115.
Generation 165 finished with best fitness of 13115.
Generation 166 finished with best fitness of 13115.
Generation 167 finished with best fitness of 13115.
Generation 168 finished with best fitness of 13115.
Generation 169 finished with best fitness of 13115.
Generation 170 finished with best fitness of 13115.
Generation 171 finished with best fitness of 13115.
Generation 172 finished with best fitness of 13240.
Generation 173 finished with best fitness of 13240.
Generation 174 finished with best fitness of 13240.
Generation 175 finished with best fitness of 13240.
Generation 176 finished with best fitness of 13240.
Generation 177 finished with best fitness of 13240.
Generation 178 finished with best fitness of 13300.
Generation 179 finished with best fitness of 13300.
Generation 180 finished with best fitness of 13345.
Generation 181 finished with best fitness of 13345.
Generation 182 finished with best fitness of 13360.
Generation 183 finished with best fitness of 13360.
Generation 184 finished with best fitness of 13360.
Generation 185 finished with best fitness of 13360.
Generation 186 finished with best fitness of 13360.
Generation 187 finished with best fitness of 13410.
Generation 188 finished with best fitness of 13425.
Generation 189 finished with best fitness of 13425.
Generation 190 finished with best fitness of 13425.
Generation 191 finished with best fitness of 13425.
Generation 192 finished with best fitness of 13425.
Generation 193 finished with best fitness of 13425.
Generation 194 finished with best fitness of 13425.
Generation 195 finished with best fitness of 13425.
Generation 196 finished with best fitness of 13450.
Generation 197 finished with best fitness of 13500.
Generation 198 finished with best fitness of 13500.
Generation 199 finished with best fitness of 13500.
Generation 200 finished with best fitness of 13610.
Generation 201 finished with best fitness of 13610.
Generation 202 finished with best fitness of 13610.
Generation 203 finished with best fitness of 13610.
Generation 204 finished with best fitness of 13610.
Generation 205 finished with best fitness of 13610.
Generation 206 finished with best fitness of 13610.
Generation 207 finished with best fitness of 13610.
Generation 208 finished with best fitness of 13610.
Generation 209 finished with best fitness of 13610.
Generation 210 finished with best fitness of 13610.
Generation 211 finished with best fitness of 13710.
Generation 212 finished with best fitness of 13710.
Generation 213 finished with best fitness of 13710.
Generation 214 finished with best fitness of 13710.
Generation 215 finished with best fitness of 13710.
Generation 216 finished with best fitness of 13740.
Generation 217 finished with best fitness of 13740.
Generation 218 finished with best fitness of 13740.
Generation 219 finished with best fitness of 13815.
Generation 220 finished with best fitness of 13835.
Generation 221 finished with best fitness of 13835.
Generation 222 finished with best fitness of 13835.
Generation 223 finished with best fitness of 13835.
Generation 224 finished with best fitness of 13835.
Generation 225 finished with best fitness of 13835.
Generation 226 finished with best fitness of 13840.
Generation 227 finished with best fitness of 13840.
Generation 228 finished with best fitness of 13840.
Generation 229 finished with best fitness of 13895.
Generation 230 finished with best fitness of 13895.
Generation 231 finished with best fitness of 13895.
Generation 232 finished with best fitness of 13895.
Generation 233 finished with best fitness of 13935.
Generation 234 finished with best fitness of 13935.
Generation 235 finished with best fitness of 13935.
Generation 236 finished with best fitness of 13935.
Generation 237 finished with best fitness of 13935.
Generation 238 finished with best fitness of 13935.
Generation 239 finished with best fitness of 13935.
Generation 240 finished with best fitness of 13935.
Generation 241 finished with best fitness of 13935.
Generation 242 finished with best fitness of 13935.
Generation 243 finished with best fitness of 13935.
Generation 244 finished with best fitness of 13935.
Generation 245 finished with best fitness of 13935.
Generation 246 finished with best fitness of 13935.
Generation 247 finished with best fitness of 13935.
Generation 248 finished with best fitness of 13935.
Generation 249 finished with best fitness of 13975.
Generation 250 finished with best fitness of 13975.
Generation 251 finished with best fitness of 14050.
Generation 252 finished with best fitness of 14055.
Generation 253 finished with best fitness of 14055.
Generation 254 finished with best fitness of 14055.
Generation 255 finished with best fitness of 14055.
Generation 256 finished with best fitness of 14055.
Generation 257 finished with best fitness of 14055.
Generation 258 finished with best fitness of 14055.
Generation 259 finished with best fitness of 14055.
Generation 260 finished with best fitness of 14055.
Generation 261 finished with best fitness of 14115.
Generation 262 finished with best fitness of 14115.
Generation 263 finished with best fitness of 14115.
Generation 264 finished with best fitness of 14115.
Generation 265 finished with best fitness of 14115.
Generation 266 finished with best fitness of 14115.
Generation 267 finished with best fitness of 14115.
Generation 268 finished with best fitness of 14115.
Generation 269 finished with best fitness of 14115.
Generation 270 finished with best fitness of 14195.
Generation 271 finished with best fitness of 14195.
Generation 272 finished with best fitness of 14195.
Generation 273 finished with best fitness of 14195.
Generation 274 finished with best fitness of 14195.
Generation 275 finished with best fitness of 14195.
Generation 276 finished with best fitness of 14205.
Generation 277 finished with best fitness of 14205.
Generation 278 finished with best fitness of 14205.
Generation 279 finished with best fitness of 14205.
Generation 280 finished with best fitness of 14205.
Generation 281 finished with best fitness of 14205.
Generation 282 finished with best fitness of 14205.
Generation 283 finished with best fitness of 14255.
Generation 284 finished with best fitness of 14255.
Generation 285 finished with best fitness of 14255.
Generation 286 finished with best fitness of 14255.
Generation 287 finished with best fitness of 14255.
Generation 288 finished with best fitness of 14255.
Generation 289 finished with best fitness of 14255.
Generation 290 finished with best fitness of 14255.
Generation 291 finished with best fitness of 14255.
Generation 292 finished with best fitness of 14475.
Generation 293 finished with best fitness of 14475.
Generation 294 finished with best fitness of 14475.
Generation 295 finished with best fitness of 14475.
Generation 296 finished with best fitness of 14475.
Generation 297 finished with best fitness of 14475.
Generation 298 finished with best fitness of 14475.
Generation 299 finished with best fitness of 14475.
Generation 300 finished with best fitness of 14490.
Generation 301 finished with best fitness of 14490.
Generation 302 finished with best fitness of 14490.
Generation 303 finished with best fitness of 14490.
Generation 304 finished with best fitness of 14490.
Generation 305 finished with best fitness of 14490.
Generation 306 finished with best fitness of 14490.
Generation 307 finished with best fitness of 14490.
Generation 308 finished with best fitness of 14490.
Generation 309 finished with best fitness of 14490.
Generation 310 finished with best fitness of 14490.
Generation 311 finished with best fitness of 14490.
Generation 312 finished with best fitness of 14490.
Generation 313 finished with best fitness of 14490.
Generation 314 finished with best fitness of 14490.
Generation 315 finished with best fitness of 14505.
Generation 316 finished with best fitness of 14515.
Generation 317 finished with best fitness of 14515.
Generation 318 finished with best fitness of 14515.
Generation 319 finished with best fitness of 14515.
Generation 320 finished with best fitness of 14590.
Generation 321 finished with best fitness of 14590.
Generation 322 finished with best fitness of 14645.
Generation 323 finished with best fitness of 14645.
Generation 324 finished with best fitness of 14645.
Generation 325 finished with best fitness of 14645.
Generation 326 finished with best fitness of 14645.
Generation 327 finished with best fitness of 14645.
Generation 328 finished with best fitness of 14645.
Generation 329 finished with best fitness of 14645.
Generation 330 finished with best fitness of 14645.
Generation 331 finished with best fitness of 14645.
Generation 332 finished with best fitness of 14645.
Generation 333 finished with best fitness of 14645.
Generation 334 finished with best fitness of 14645.
Generation 335 finished with best fitness of 14645.
Generation 336 finished with best fitness of 14645.
Generation 337 finished with best fitness of 14645.
Generation 338 finished with best fitness of 14645.
Generation 339 finished with best fitness of 14645.
Generation 340 finished with best fitness of 14645.
Generation 341 finished with best fitness of 14645.
Generation 342 finished with best fitness of 14645.
Generation 343 finished with best fitness of 14645.
Generation 344 finished with best fitness of 14645.
Evolution finished after 7,2072126 seconds.
------------------------------------
Average fitness development:
5028
5437
5661
5871
6066
6193
6332
6496
6599
6725
6855
6956
7043
7109
7178
7216
7263
7327
7414
7515
7614
7696
7774
7870
7944
7995
8051
8121
8219
8252
8319
8365
8432
8501
8573
8644
8742
8828
8898
8960
8995
9054
9108
9171
9214
9253
9313
9361
9415
9490
9557
9605
9625
9675
9725
9759
9800
9823
9868
9900
9934
9971
10013
10073
10112
10150
10199
10255
10302
10357
10425
10478
10516
10552
10579
10599
10638
10695
10733
10780
10850
10943
10990
11018
11079
11107
11157
11225
11277
11319
11372
11414
11440
11468
11500
11534
11564
11594
11625
11652
11683
11708
11712
11725
11763
11806
11834
11886
11951
12025
12079
12129
12139
12170
12182
12191
12208
12216
12228
12238
12261
12270
12272
12273
12294
12310
12322
12332
12355
12380
12414
12437
12441
12463
12466
12474
12500
12514
12533
12547
12554
12581
12591
12603
12616
12625
12649
12670
12680
12696
12701
12705
12718
12718
12718
12729
12737
12742
12746
12751
12767
12771
12794
12812
12818
12834
12859
12870
12897
12917
12947
12969
12986
13005
13020
13040
13058
13070
13078
13112
13125
13151
13174
13199
13238
13261
13280
13288
13299
13310
13320
13325
13329
13336
13344
13351
13357
13369
13380
13390
13395
13415
13421
13429
13450
13452
13485
13503
13512
13516
13521
13530
13545
13554
13564
13579
13589
13603
13633
13647
13679
13698
13708
13715
13726
13743
13755
13767
13772
13774
13788
13795
13801
13802
13813
13820
13829
13832
13839
13847
13856
13858
13862
13867
13868
13873
13878
13880
13881
13885
13896
13898
13907
13916
13925
13927
13938
13946
13948
13952
13959
13962
13974
13975
13978
13979
13990
14005
14012
14032
14043
14052
14062
14070
14072
14079
14084
14094
14099
14104
14115
14122
14131
14136
14151
14155
14155
14160
14171
14184
14190
14193
14196
14208
14214
14228
14239
14257
14277
14290
14312
14338
14366
14376
14384
14390
14407
14415
14419
14427
14428
14432
14436
14439
14444
14446
14451
14460
14470
14475
14478
14489
14490
14498
14505
14511
14515
14520
14532
14538
14550
14560
14571
14579
14580
14585
14589
14592
14594
14596
14597
14599
14602
14602
14603
14603
------------------------------------
Best individual fitness development:
6080
6080
6155
6400
6515
6515
6840
6920
6920
7055
7205
7205
7250
7475
7475
7475
7475
7475
7655
7800
7925
7985
7995
8190
8190
8190
8250
8270
8435
8435
8600
8600
8645
8900
8900
8920
9035
9035
9175
9175
9175
9230
9230
9335
9345
9515
9515
9610
9770
9770
9770
9770
9770
9800
9860
9945
9945
9975
10000
10015
10020
10165
10165
10300
10300
10400
10430
10480
10480
10560
10675
10705
10705
10705
10705
10740
10935
11025
11025
11025
11230
11245
11245
11245
11285
11335
11335
11425
11610
11610
11610
11610
11610
11610
11670
11670
11675
11685
11750
11945
11945
11945
11945
11945
12030
12240
12240
12240
12240
12240
12240
12320
12320
12320
12320
12320
12320
12320
12320
12320
12335
12335
12335
12335
12450
12460
12460
12460
12460
12480
12585
12585
12585
12605
12605
12605
12665
12665
12665
12665
12665
12705
12705
12715
12715
12715
12760
12760
12760
12760
12760
12760
12760
12760
12760
12775
12775
12775
12785
12790
13025
13025
13115
13115
13115
13115
13115
13115
13115
13115
13115
13115
13115
13240
13240
13240
13240
13240
13240
13300
13300
13345
13345
13360
13360
13360
13360
13360
13410
13425
13425
13425
13425
13425
13425
13425
13425
13450
13500
13500
13500
13610
13610
13610
13610
13610
13610
13610
13610
13610
13610
13610
13710
13710
13710
13710
13710
13740
13740
13740
13815
13835
13835
13835
13835
13835
13835
13840
13840
13840
13895
13895
13895
13895
13935
13935
13935
13935
13935
13935
13935
13935
13935
13935
13935
13935
13935
13935
13935
13935
13975
13975
14050
14055
14055
14055
14055
14055
14055
14055
14055
14055
14115
14115
14115
14115
14115
14115
14115
14115
14115
14195
14195
14195
14195
14195
14195
14205
14205
14205
14205
14205
14205
14205
14255
14255
14255
14255
14255
14255
14255
14255
14255
14475
14475
14475
14475
14475
14475
14475
14475
14490
14490
14490
14490
14490
14490
14490
14490
14490
14490
14490
14490
14490
14490
14490
14505
14515
14515
14515
14515
14590
14590
14645
14645
14645
14645
14645
14645
14645
14645
14645
14645
14645
14645
14645
14645
14645
14645
14645
14645
14645
14645
14645
14645
14645
</DebugTrace>
      </Output>
    </UnitTestResult>
  </Results>
</TestRun>