<?xml version="1.0" encoding="UTF-8"?>
<TestRun id="1eec6ae5-198c-40e5-b68c-a3658e4ae28c" name="FloLap@FLOLAP-PC 2011-10-19 19:02:15" runUser="FloLap-PC\FloLap" xmlns="http://microsoft.com/schemas/VisualStudio/TeamTest/2010">
  <TestSettings name="Lokal" id="6ed96bb3-d821-4eee-a79d-3a3069da9890">
    <Description>Dies sind die standardmäßigen Testeinstellungen für einen lokalen Testlauf.</Description>
    <Deployment enabled="false" runDeploymentRoot="FloLap_FLOLAP-PC 2011-10-19 19_02_15">
      <DeploymentItem filename="E:\HsKA\Semester2\Projektarbeit\Stundenplangenerator\TimetablePlanner\TimetablePlanner\bin\Debug\TimetablePlanner.dll" />
    </Deployment>
    <Execution>
      <TestTypeSpecific />
      <AgentRule name="Execution Agents">
      </AgentRule>
    </Execution>
  </TestSettings>
  <Times creation="2011-10-19T19:02:15.6001155+02:00" queuing="2011-10-19T19:02:16.6651721+02:00" start="2011-10-19T19:02:16.7591775+02:00" finish="2011-10-19T19:02:23.4383519+02:00" />
  <ResultSummary outcome="Completed">
    <Counters total="1" executed="1" passed="1" error="0" failed="0" timeout="0" aborted="0" inconclusive="0" passedButRunAborted="0" notRunnable="0" notExecuted="0" disconnected="0" warning="0" completed="0" inProgress="0" pending="0" />
  </ResultSummary>
  <TestDefinitions>
    <UnitTest name="createTimetableInstanceTest" storage="e:\hska\semester2\projektarbeit\stundenplangenerator\timetableplanner\timetableplannertests\bin\debug\timetableplannertests.dll" id="ab441b29-9837-01bf-f43f-7839c8f73716">
      <Execution id="f5c9dc63-3140-4427-9d28-5643359cc937" />
      <TestMethod codeBase="E:/HsKA/Semester2/Projektarbeit/Stundenplangenerator/TimetablePlanner/TimetablePlannerTests/bin/Debug/TimetablePlannerTests.DLL" adapterTypeName="Microsoft.VisualStudio.TestTools.TestTypes.Unit.UnitTestAdapter, Microsoft.VisualStudio.QualityTools.Tips.UnitTest.Adapter, Version=10.0.0.0, Culture=neutral, PublicKeyToken=b03f5f7f11d50a3a" className="TimetablePlannerTests.TimetableTest, TimetablePlannerTests, Version=1.0.0.0, Culture=neutral, PublicKeyToken=null" name="createTimetableInstanceTest" />
    </UnitTest>
  </TestDefinitions>
  <TestLists>
    <TestList name="Nicht in einer Liste enthaltene Ergebnisse" id="8c84fa94-04c1-424b-9868-57a2d4851a1d" />
    <TestList name="Alle geladenen Ergebnisse" id="19431567-8539-422a-85d7-44ee4e166bda" />
  </TestLists>
  <TestEntries>
    <TestEntry testId="ab441b29-9837-01bf-f43f-7839c8f73716" executionId="f5c9dc63-3140-4427-9d28-5643359cc937" testListId="8c84fa94-04c1-424b-9868-57a2d4851a1d" />
  </TestEntries>
  <Results>
    <UnitTestResult executionId="f5c9dc63-3140-4427-9d28-5643359cc937" testId="ab441b29-9837-01bf-f43f-7839c8f73716" testName="createTimetableInstanceTest" computerName="FLOLAP-PC" duration="00:00:05.4046993" startTime="2011-10-19T19:02:16.8091803+02:00" endTime="2011-10-19T19:02:23.3759518+02:00" testType="13cdc9d9-ddb5-4fa4-a97d-d965ccfc6d4b" outcome="Passed" testListId="8c84fa94-04c1-424b-9868-57a2d4851a1d" relativeResultsDirectory="f5c9dc63-3140-4427-9d28-5643359cc937">
      <Output>
        <DebugTrace>Time to create population of size 75: 561ms
350
344
298
295
285
284
272
258
241
224
223
215
211
202
198
195
194
184
182
176
173
170
158
149
143
139
125
118
113
110
107
105
95
88
87
87
86
85
83
72
68
62
59
55
51
45
45
44
36
30
24
2
1
-6
-10
-11
-30
-30
-31
-31
-33
-46
-65
-68
-81
-84
-119
-122
-128
-133
-151
-151
-159
-160
-247
Early abort after 143 generations.
Mean time per generation: 30ms
Mean fitness increase per generation
149
60
43
24
9
10
12
11
10
9
10
9
7
10
10
21
32
45
51
10
8
8
7
6
7
10
8
8
8
8
7
4
4
3
2
4
5
3
4
4
4
4
4
6
3
4
2
3
4
3
3
3
4
3
1
2
2
3
1
2
3
3
3
3
1
5
3
8
4
5
5
3
2
2
3
3
4
4
2
1
4
2
2
2
1
3
2
2
2
1
1
1
1
3
1
2
2
1
0
0
2
2
1
2
0
0
0
1
0
1
1
1
3
2
2
2
1
1
0
0
0
0
0
0
0
0
0
0
0
0
0
0
0
0
0
0
1
0
1
1
0
0
0
0
Evolution time: 4503ms
931
931
922
922
922
922
922
922
922
922
922
922
922
922
922
922
922
922
922
922
922
922
922
922
922
922
922
922
922
922
922
922
922
922
922
922
922
922
922
922
922
922
922
922
922
922
922
922
922
922
922
922
922
922
922
922
922
922
922
922
922
922
922
922
922
922
922
922
922
922
922
922
922
922
922

Group 0
Block 0: 003 000 010 009 005 
Block 1: 012 006 004 002 011 
Block 2: 012 007 --- 008 001 
Block 3: --- --- --- --- --- 
Block 4: --- --- --- --- --- 
Block 5: --- --- --- --- --- 

Group 1
Block 0: 015 016 024 014 023 
Block 1: 019 022 020 018 021 
Block 2: --- --- --- 018 013 
Block 3: --- --- --- 025 017 
Block 4: --- --- --- 025 017 
Block 5: --- --- --- 025 --- 

Group 2
Block 0: 029 028 033 031 026 
Block 1: 030 --- --- 032 035 
Block 2: --- 027 --- --- --- 
Block 3: --- --- --- x36 --- 
Block 4: --- --- --- x36 --- 
Block 5: x34 --- --- x36 --- 

Group 3
Block 0: 044 041 043 037 038 
Block 1: 042 039 040 x45 --- 
Block 2: --- --- --- x45 --- 
Block 3: --- --- --- --- --- 
Block 4: --- --- --- --- --- 
Block 5: x46 --- --- --- --- 
</DebugTrace>
      </Output>
    </UnitTestResult>
  </Results>
</TestRun>