<?xml version="1.0" encoding="UTF-8"?>
<TestRun id="e280a476-fa93-40bf-af43-d5f353829446" name="FloLap@FLOLAP-PC 2011-10-21 16:35:49" runUser="FloLap-PC\FloLap" xmlns="http://microsoft.com/schemas/VisualStudio/TeamTest/2010">
  <TestSettings name="Lokal" id="6ed96bb3-d821-4eee-a79d-3a3069da9890">
    <Description>Dies sind die standardmäßigen Testeinstellungen für einen lokalen Testlauf.</Description>
    <Deployment enabled="false" runDeploymentRoot="FloLap_FLOLAP-PC 2011-10-21 16_35_49">
      <DeploymentItem filename="E:\HsKA\Semester2\Projektarbeit\Stundenplangenerator\TimetablePlanner\TimetablePlanner\bin\Debug\TimetablePlanner.dll" />
    </Deployment>
    <Execution>
      <TestTypeSpecific />
      <AgentRule name="Execution Agents">
      </AgentRule>
    </Execution>
  </TestSettings>
  <Times creation="2011-10-21T16:35:49.2007389+02:00" queuing="2011-10-21T16:35:50.2297978+02:00" start="2011-10-21T16:35:50.3148026+02:00" finish="2011-10-21T16:35:59.2213120+02:00" />
  <ResultSummary outcome="Completed">
    <Counters total="1" executed="1" passed="1" error="0" failed="0" timeout="0" aborted="0" inconclusive="0" passedButRunAborted="0" notRunnable="0" notExecuted="0" disconnected="0" warning="0" completed="0" inProgress="0" pending="0" />
  </ResultSummary>
  <TestDefinitions>
    <UnitTest name="TimetableManualTester" storage="e:\hska\semester2\projektarbeit\stundenplangenerator\timetableplanner\timetableplannertests\bin\debug\timetableplannertests.dll" id="3ada0cc6-2a4d-2d63-7d9f-97d4d443b0f3">
      <Execution id="55e7c027-ccf7-4bce-8c10-404dd8d165e1" />
      <TestMethod codeBase="E:/HsKA/Semester2/Projektarbeit/Stundenplangenerator/TimetablePlanner/TimetablePlannerTests/bin/Debug/TimetablePlannerTests.DLL" adapterTypeName="Microsoft.VisualStudio.TestTools.TestTypes.Unit.UnitTestAdapter, Microsoft.VisualStudio.QualityTools.Tips.UnitTest.Adapter, Version=10.0.0.0, Culture=neutral, PublicKeyToken=b03f5f7f11d50a3a" className="TimetablePlannerTests.TimetableTest, TimetablePlannerTests, Version=1.0.0.0, Culture=neutral, PublicKeyToken=null" name="TimetableManualTester" />
    </UnitTest>
  </TestDefinitions>
  <TestLists>
    <TestList name="Nicht in einer Liste enthaltene Ergebnisse" id="8c84fa94-04c1-424b-9868-57a2d4851a1d" />
    <TestList name="Alle geladenen Ergebnisse" id="19431567-8539-422a-85d7-44ee4e166bda" />
  </TestLists>
  <TestEntries>
    <TestEntry testId="3ada0cc6-2a4d-2d63-7d9f-97d4d443b0f3" executionId="55e7c027-ccf7-4bce-8c10-404dd8d165e1" testListId="8c84fa94-04c1-424b-9868-57a2d4851a1d" />
  </TestEntries>
  <Results>
    <UnitTestResult executionId="55e7c027-ccf7-4bce-8c10-404dd8d165e1" testId="3ada0cc6-2a4d-2d63-7d9f-97d4d443b0f3" testName="TimetableManualTester" computerName="FLOLAP-PC" duration="00:00:07.5888357" startTime="2011-10-21T16:35:50.3538048+02:00" endTime="2011-10-21T16:35:59.1183061+02:00" testType="13cdc9d9-ddb5-4fa4-a97d-d965ccfc6d4b" outcome="Passed" testListId="8c84fa94-04c1-424b-9868-57a2d4851a1d" relativeResultsDirectory="55e7c027-ccf7-4bce-8c10-404dd8d165e1">
      <Output>
        <DebugTrace>Time to create population of size 75: 566ms
1460
1380
1350
1350
1310
1290
1280
1240
1230
1230
1220
1180
1170
1150
1140
1120
1120
1110
1100
1070
1050
1040
990
980
980
960
950
920
880
850
850
850
840
840
800
760
760
750
750
740
730
720
710
690
690
680
680
670
660
640
630
610
600
600
600
590
580
580
580
570
570
520
500
470
420
380
370
340
330
320
290
220
190
190
80
Early abort after 157 generations.
Mean time per generation: 31ms
Mean fitness increase per generation
267
160
93
66
64
61
65
75
52
67
53
50
54
44
47
44
38
48
47
42
35
31
27
25
21
20
19
20
19
22
13
16
18
22
24
14
13
18
18
17
12
14
13
11
10
23
16
13
13
18
16
10
11
8
7
10
7
8
5
10
10
9
10
10
10
9
10
12
10
11
13
10
12
8
9
12
17
11
19
11
6
6
7
6
8
6
7
3
7
5
5
5
3
2
5
3
4
3
3
4
4
5
3
3
4
1
2
2
1
5
3
1
4
2
3
4
3
4
2
2
4
3
5
5
3
5
2
3
3
2
2
0
3
2
2
2
2
5
3
3
2
3
1
4
5
1
4
2
1
3
2
3
1
2
2
0
1
2
Evolution time: 5015ms
3430
3400
3400
3390
3390
3390
3390
3380
3370
3370
3370
3370
3370
3370
3370
3370
3370
3370
3370
3370
3370
3370
3370
3370
3370
3370
3370
3370
3370
3370
3370
3370
3370
3360
3360
3360
3360
3360
3360
3360
3360
3360
3360
3360
3350
3350
3350
3350
3350
3350
3350
3350
3350
3350
3350
3350
3350
3350
3350
3350
3340
3340
3340
3340
3340
3340
3340
3340
3340
3340
3340
3340
3340
3340
3340

Group 0
Block 0: Informatik 1 Übung                      Technische Informatik 1 Übung           Theoretische Informatik 1               Theoretische Informatik 1               Mathematik 1 Labor                      
Block 1: Technische Informatik 1                 Fremdsprachen                           Technische Informatik 1                 Mathematik 1                            Informatik 1                            
Block 2: Mathematik 1 Labor                      Fremdsprachen                           ----------------------------------------Mathematik 1                            Informatik 1                            
Block 3: --------------------------------------------------------------------------------------------------------------------------------------------------------------------------------------------------------
Block 4: --------------------------------------------------------------------------------------------------------------------------------------------------------------------------------------------------------
Block 5: --------------------------------------------------------------------------------------------------------------------------------------------------------------------------------------------------------

Group 1
Block 0: Softwarelabor                           Informatik 2                            Softwarelabor                           Informatik 2 Übung                      Sprachen und Metasprachen               
Block 1: Softwarelabor                           Mathematik 2                            Softwarelabor                           Informatik 2                            Informatik 2 Übung                      
Block 2: Technische Informatik 2                 Mathematik 2 Labor                      ----------------------------------------Web-Programming                         Technische Informatik 2                 
Block 3: ------------------------------------------------------------------------------------------------------------------------Digital-Labor                           ----------------------------------------
Block 4: ------------------------------------------------------------------------------------------------------------------------Digital-Labor                           ----------------------------------------
Block 5: ------------------------------------------------------------------------------------------------------------------------Digital-Labor                           ----------------------------------------

Group 2
Block 0: Visualization and Semantics             Modellierung und Simulation             Datenrepräsentation und -übertragung    Mobile Systeme                          Visualization and Semantics Lab         
Block 1: Verteilte Informationssysteme           IT Projektmanagement                    Intelligente Systeme                    --------------------------------------------------------------------------------
Block 2: ------------------------------------------------------------------------------------------------------------------------IT Service Management                   ----------------------------------------
Block 3: ----------------------------------------Projektarbeit1                          ------------------------------------------------------------------------------------------------------------------------
Block 4: ----------------------------------------Projektarbeit1                          ------------------------------------------------------------------------------------------------------------------------
Block 5: ----------------------------------------Projektarbeit1                          Führungskräftetraining                  --------------------------------------------------------------------------------

Group 3
Block 0: Angewandte Kryptografie                 IT-Sicherheit                           ----------------------------------------Algorithmen Übung                       Data Mining                             
Block 1: Dialog Systems                          Labor Benutzeroberflächen               Labor Verteilte Systeme                 ----------------------------------------Algorithmenentwurf                      
Block 2: --------------------------------------------------------------------------------------------------------------------------------------------------------------------------------------------------------
Block 3: --------------------------------------------------------------------------------------------------------------------------------------------------------------------------------------------------------
Block 4: --------------------------------------------------------------------------------Projektarbeit2                          --------------------------------------------------------------------------------
Block 5: --------------------------------------------------------------------------------Projektarbeit2                          Seminar                                 ----------------------------------------
</DebugTrace>
      </Output>
    </UnitTestResult>
  </Results>
</TestRun>