<?xml version="1.0" encoding="UTF-8"?>
<TestRun id="f27ef5cc-1b09-4be6-8ee2-1416eb9bd00d" name="FloLap@FLOLAP-PC 2011-10-19 19:22:17" runUser="FloLap-PC\FloLap" xmlns="http://microsoft.com/schemas/VisualStudio/TeamTest/2010">
  <TestSettings name="Lokal" id="6ed96bb3-d821-4eee-a79d-3a3069da9890">
    <Description>Dies sind die standardmäßigen Testeinstellungen für einen lokalen Testlauf.</Description>
    <Deployment enabled="false" runDeploymentRoot="FloLap_FLOLAP-PC 2011-10-19 19_22_17">
      <DeploymentItem filename="E:\HsKA\Semester2\Projektarbeit\Stundenplangenerator\TimetablePlanner\TimetablePlanner\bin\Debug\TimetablePlanner.dll" />
    </Deployment>
    <Execution>
      <TestTypeSpecific />
      <AgentRule name="Execution Agents">
      </AgentRule>
    </Execution>
  </TestSettings>
  <Times creation="2011-10-19T19:22:17.2736253+02:00" queuing="2011-10-19T19:22:18.3500272+02:00" start="2011-10-19T19:22:18.4436274+02:00" finish="2011-10-19T19:22:52.2208129+02:00" />
  <ResultSummary outcome="Completed">
    <Counters total="1" executed="1" passed="1" error="0" failed="0" timeout="0" aborted="0" inconclusive="0" passedButRunAborted="0" notRunnable="0" notExecuted="0" disconnected="0" warning="0" completed="0" inProgress="0" pending="0" />
  </ResultSummary>
  <TestDefinitions>
    <UnitTest name="createTimetableInstanceTest" storage="e:\hska\semester2\projektarbeit\stundenplangenerator\timetableplanner\timetableplannertests\bin\debug\timetableplannertests.dll" id="ab441b29-9837-01bf-f43f-7839c8f73716">
      <Execution id="5cf90371-bb7a-4d8e-a8eb-9264089f5dac" />
      <TestMethod codeBase="E:/HsKA/Semester2/Projektarbeit/Stundenplangenerator/TimetablePlanner/TimetablePlannerTests/bin/Debug/TimetablePlannerTests.DLL" adapterTypeName="Microsoft.VisualStudio.TestTools.TestTypes.Unit.UnitTestAdapter, Microsoft.VisualStudio.QualityTools.Tips.UnitTest.Adapter, Version=10.0.0.0, Culture=neutral, PublicKeyToken=b03f5f7f11d50a3a" className="TimetablePlannerTests.TimetableTest, TimetablePlannerTests, Version=1.0.0.0, Culture=neutral, PublicKeyToken=null" name="createTimetableInstanceTest" />
    </UnitTest>
  </TestDefinitions>
  <TestLists>
    <TestList name="Nicht in einer Liste enthaltene Ergebnisse" id="8c84fa94-04c1-424b-9868-57a2d4851a1d" />
    <TestList name="Alle geladenen Ergebnisse" id="19431567-8539-422a-85d7-44ee4e166bda" />
  </TestLists>
  <TestEntries>
    <TestEntry testId="ab441b29-9837-01bf-f43f-7839c8f73716" executionId="5cf90371-bb7a-4d8e-a8eb-9264089f5dac" testListId="8c84fa94-04c1-424b-9868-57a2d4851a1d" />
  </TestEntries>
  <Results>
    <UnitTestResult executionId="5cf90371-bb7a-4d8e-a8eb-9264089f5dac" testId="ab441b29-9837-01bf-f43f-7839c8f73716" testName="createTimetableInstanceTest" computerName="FLOLAP-PC" duration="00:00:32.4743391" startTime="2011-10-19T19:22:18.4904274+02:00" endTime="2011-10-19T19:22:52.1428128+02:00" testType="13cdc9d9-ddb5-4fa4-a97d-d965ccfc6d4b" outcome="Passed" testListId="8c84fa94-04c1-424b-9868-57a2d4851a1d" relativeResultsDirectory="5cf90371-bb7a-4d8e-a8eb-9264089f5dac">
      <Output>
        <DebugTrace>Time to create population of size 75: 546ms
364
344
311
298
290
285
280
274
257
228
221
211
209
206
205
190
186
185
176
173
172
172
167
153
152
146
146
134
132
128
122
117
111
110
105
104
94
93
91
83
83
81
79
77
71
65
64
57
56
44
39
38
36
32
19
13
10
8
3
-12
-13
-21
-26
-28
-32
-37
-39
-39
-51
-69
-75
-76
-107
-147
-182
Early abort after 159 generations.
Mean time per generation: 197ms
Mean fitness increase per generation
111
74
49
37
41
38
15
12
10
11
12
8
8
9
11
8
6
8
6
16
20
22
12
8
6
5
6
5
7
6
7
6
8
6
6
4
6
6
5
5
4
5
5
3
4
3
4
1
3
3
3
4
2
2
3
4
3
3
2
2
1
2
2
1
2
3
2
3
3
2
3
1
4
2
3
1
2
2
3
2
3
4
5
5
2
1
1
2
2
1
3
2
1
4
3
5
3
4
2
1
1
0
1
1
1
2
1
0
1
0
1
1
1
1
1
2
0
0
0
0
0
1
0
0
1
1
1
1
1
0
0
0
1
1
1
1
0
1
1
0
0
1
0
1
1
0
0
0
1
0
1
1
0
0
0
0
0
1
0
1
Evolution time: 31598ms
949
946
943
943
940
940
940
940
940
940
940
940
940
940
940
940
940
940
940
940
940
940
940
940
940
940
940
940
940
940
940
940
940
940
940
940
940
940
940
940
940
940
940
940
940
940
940
940
940
940
940
940
940
940
940
937
937
937
937
937
937
937
937
937
937
937
937
937
937
937
937
937
937
937
937

Group 0
Block 0: 007 002 011 000 012 
Block 1: 001 006 010 003 012 
Block 2: 008 005 --- 004 009 
Block 3: --- --- --- --- --- 
Block 4: --- --- --- --- --- 
Block 5: --- --- --- --- --- 

Group 1
Block 0: 022 014 016 020 019 
Block 1: 023 015 013 018 --- 
Block 2: 021 024 --- 018 --- 
Block 3: 017 --- --- 025 --- 
Block 4: 017 --- --- --- --- 
Block 5: --- --- --- --- --- 

Group 2
Block 0: 029 027 --- 028 033 
Block 1: 031 030 026 035 032 
Block 2: --- --- --- --- --- 
Block 3: --- --- --- x36 --- 
Block 4: --- --- --- --- --- 
Block 5: --- --- x34 --- --- 

Group 3
Block 0: --- 044 043 038 037 
Block 1: --- 040 039 042 041 
Block 2: --- --- --- --- --- 
Block 3: --- --- --- --- --- 
Block 4: --- --- --- x45 --- 
Block 5: --- --- x46 --- --- 
</DebugTrace>
      </Output>
    </UnitTestResult>
  </Results>
</TestRun>