<?xml version="1.0" encoding="UTF-8"?>
<TestRun id="cc183f22-f6d0-41f0-a0fe-6131edd07679" name="FloLap@FLOLAP-PC 2011-10-21 22:01:23" runUser="FloLap-PC\FloLap" xmlns="http://microsoft.com/schemas/VisualStudio/TeamTest/2010">
  <TestSettings name="Lokal" id="6ed96bb3-d821-4eee-a79d-3a3069da9890">
    <Description>Dies sind die standardmäßigen Testeinstellungen für einen lokalen Testlauf.</Description>
    <Deployment enabled="false" runDeploymentRoot="FloLap_FLOLAP-PC 2011-10-21 22_01_23">
      <DeploymentItem filename="E:\HsKA\Semester2\Projektarbeit\Stundenplangenerator\TimetablePlanner\TimetablePlanner\bin\Debug\TimetablePlanner.dll" />
    </Deployment>
    <Execution>
      <TestTypeSpecific />
      <AgentRule name="Execution Agents">
      </AgentRule>
    </Execution>
  </TestSettings>
  <Times creation="2011-10-21T22:01:23.6802081+02:00" queuing="2011-10-21T22:01:24.6786098+02:00" start="2011-10-21T22:01:24.7566100+02:00" finish="2011-10-21T22:01:36.3006303+02:00" />
  <ResultSummary outcome="Completed">
    <Counters total="1" executed="1" passed="1" error="0" failed="0" timeout="0" aborted="0" inconclusive="0" passedButRunAborted="0" notRunnable="0" notExecuted="0" disconnected="0" warning="0" completed="0" inProgress="0" pending="0" />
  </ResultSummary>
  <TestDefinitions>
    <UnitTest name="TimetableManualTester" storage="e:\hska\semester2\projektarbeit\stundenplangenerator\timetableplanner\timetableplannertests\bin\debug\timetableplannertests.dll" id="3ada0cc6-2a4d-2d63-7d9f-97d4d443b0f3">
      <Execution id="759afd76-9cce-46ab-b198-d16144c8d251" />
      <TestMethod codeBase="E:/HsKA/Semester2/Projektarbeit/Stundenplangenerator/TimetablePlanner/TimetablePlannerTests/bin/Debug/TimetablePlannerTests.DLL" adapterTypeName="Microsoft.VisualStudio.TestTools.TestTypes.Unit.UnitTestAdapter, Microsoft.VisualStudio.QualityTools.Tips.UnitTest.Adapter, Version=10.0.0.0, Culture=neutral, PublicKeyToken=b03f5f7f11d50a3a" className="TimetablePlannerTests.TimetableTest, TimetablePlannerTests, Version=1.0.0.0, Culture=neutral, PublicKeyToken=null" name="TimetableManualTester" />
    </UnitTest>
  </TestDefinitions>
  <TestLists>
    <TestList name="Nicht in einer Liste enthaltene Ergebnisse" id="8c84fa94-04c1-424b-9868-57a2d4851a1d" />
    <TestList name="Alle geladenen Ergebnisse" id="19431567-8539-422a-85d7-44ee4e166bda" />
  </TestLists>
  <TestEntries>
    <TestEntry testId="3ada0cc6-2a4d-2d63-7d9f-97d4d443b0f3" executionId="759afd76-9cce-46ab-b198-d16144c8d251" testListId="8c84fa94-04c1-424b-9868-57a2d4851a1d" />
  </TestEntries>
  <Results>
    <UnitTestResult executionId="759afd76-9cce-46ab-b198-d16144c8d251" testId="3ada0cc6-2a4d-2d63-7d9f-97d4d443b0f3" testName="TimetableManualTester" computerName="FLOLAP-PC" duration="00:00:10.1865536" startTime="2011-10-21T22:01:24.8346101+02:00" endTime="2011-10-21T22:01:36.2070301+02:00" testType="13cdc9d9-ddb5-4fa4-a97d-d965ccfc6d4b" outcome="Passed" testListId="8c84fa94-04c1-424b-9868-57a2d4851a1d" relativeResultsDirectory="759afd76-9cce-46ab-b198-d16144c8d251">
      <Output>
        <DebugTrace>Time to create population of size 75: 608ms
1310
1170
1160
1040
980
910
860
830
830
820
800
760
760
760
740
740
730
720
710
690
620
620
610
600
600
570
560
540
540
540
540
540
510
510
510
490
480
480
470
470
460
460
440
430
420
400
390
360
340
330
320
310
280
190
180
170
150
110
110
50
30
-100
-100
-150
-170
-290
-300
-350
-420
-780
-820
-830
-830
-1070
-1120
Early abort after 177 generations.
Mean time per generation: 40ms
Mean fitness increase per generation
393
154
130
127
73
81
73
48
40
40
36
45
36
48
44
44
36
34
45
38
38
41
28
29
21
25
20
25
24
30
30
16
20
22
26
11
18
19
16
20
18
24
21
14
19
17
14
19
18
24
15
11
11
10
10
15
13
11
10
19
15
16
12
14
12
15
16
11
13
14
17
15
14
12
9
8
7
10
3
9
6
11
8
3
8
10
9
11
7
7
10
6
8
4
7
3
6
7
4
8
7
6
5
6
2
2
5
3
4
3
2
4
2
2
2
3
2
3
4
2
3
2
7
4
4
3
6
3
0
4
3
3
5
1
3
2
2
4
3
5
2
2
5
4
4
2
2
1
4
3
1
5
1
3
1
2
0
2
4
1
3
3
2
2
1
3
1
2
2
3
2
3
2
2
4
1
4
2
Evolution time: 7363ms
3400
3370
3370
3370
3360
3360
3350
3350
3350
3350
3350
3350
3340
3340
3340
3330
3330
3330
3330
3330
3330
3330
3330
3330
3330
3330
3330
3330
3320
3320
3320
3320
3320
3320
3320
3320
3320
3320
3320
3320
3320
3320
3320
3320
3320
3320
3320
3320
3320
3310
3310
3310
3310
3310
3310
3310
3310
3310
3310
3310
3310
3310
3310
3310
3310
3310
3310
3310
3310
3310
3310
3310
3310
3310
3310

Group 0
Block 0: Informatik 1                           | Theoretische Informatik 1              | Theoretische Informatik 1              | Technische Informatik 1                | Fremdsprachen                          | 
Block 1: Mathematik 1                           | Mathematik 1 Labor                     | Mathematik 1 Labor                     | Informatik 1 Übung                     | Fremdsprachen                          | 
Block 2: Technische Informatik 1                | Mathematik 1                           | ---------------------------------------| Technische Informatik 1 Übung          | Informatik 1                           | 
Block 3: ---------------------------------------| ---------------------------------------| ---------------------------------------| ---------------------------------------| ---------------------------------------| 
Block 4: ---------------------------------------| ---------------------------------------| ---------------------------------------| ---------------------------------------| ---------------------------------------| 
Block 5: ---------------------------------------| ---------------------------------------| ---------------------------------------| ---------------------------------------| ---------------------------------------| 

Group 1
Block 0: Mathematik 2                           | Informatik 2 Übung                     | Informatik 2 Übung                     | Digital-Labor                          | Technische Informatik 2                | 
Block 1: Softwarelabor                          | Mathematik 2 Labor                     | Sprachen und Metasprachen              | Digital-Labor                          | Informatik 2                           | 
Block 2: Softwarelabor                          | Web-Programming                        | ---------------------------------------| Digital-Labor                          | ---------------------------------------| 
Block 3: ---------------------------------------| ---------------------------------------| Softwarelabor                          | Technische Informatik 2                | ---------------------------------------| 
Block 4: ---------------------------------------| ---------------------------------------| Softwarelabor                          | Informatik 2                           | ---------------------------------------| 
Block 5: ---------------------------------------| ---------------------------------------| ---------------------------------------| ---------------------------------------| ---------------------------------------| 

Group 2
Block 0: Datenrepräsentation und -übertragung   | Modellierung und Simulation            | Mobile Systeme                         | ---------------------------------------| Intelligente Systeme                   | 
Block 1: Visualization and Semantics Lab        | IT Service Management                  | ---------------------------------------| Verteilte Informationssysteme          | IT Projektmanagement                   | 
Block 2: ---------------------------------------| ---------------------------------------| ---------------------------------------| ---------------------------------------| Visualization and Semantics            | 
Block 3: ---------------------------------------| ---------------------------------------| ---------------------------------------| Projektarbeit1                         | ---------------------------------------| 
Block 4: ---------------------------------------| ---------------------------------------| ---------------------------------------| Projektarbeit1                         | ---------------------------------------| 
Block 5: ---------------------------------------| Führungskräftetraining                 | ---------------------------------------| Projektarbeit1                         | ---------------------------------------| 

Group 3
Block 0: IT-Sicherheit                          | Dialog Systems                         | Data Mining                            | Labor Benutzeroberflächen              | Algorithmen Übung                      | 
Block 1: Algorithmenentwurf                     | Labor Verteilte Systeme                | ---------------------------------------| ---------------------------------------| ---------------------------------------| 
Block 2: Angewandte Kryptografie                | ---------------------------------------| ---------------------------------------| ---------------------------------------| ---------------------------------------| 
Block 3: ---------------------------------------| ---------------------------------------| ---------------------------------------| ---------------------------------------| ---------------------------------------| 
Block 4: ---------------------------------------| ---------------------------------------| ---------------------------------------| ---------------------------------------| Projektarbeit2                         | 
Block 5: Seminar                                | ---------------------------------------| ---------------------------------------| ---------------------------------------| Projektarbeit2                         | 
</DebugTrace>
      </Output>
    </UnitTestResult>
  </Results>
</TestRun>