<?xml version="1.0" encoding="UTF-8"?>
<TestRun id="23a65f42-5a24-4517-a667-bc3369fa9e55" name="FloLap@FLOLAP-PC 2011-10-21 16:13:05" runUser="FloLap-PC\FloLap" xmlns="http://microsoft.com/schemas/VisualStudio/TeamTest/2010">
  <TestSettings name="Lokal" id="6ed96bb3-d821-4eee-a79d-3a3069da9890">
    <Description>Dies sind die standardmäßigen Testeinstellungen für einen lokalen Testlauf.</Description>
    <Deployment enabled="false" runDeploymentRoot="FloLap_FLOLAP-PC 2011-10-21 16_13_05">
      <DeploymentItem filename="E:\HsKA\Semester2\Projektarbeit\Stundenplangenerator\TimetablePlanner\TimetablePlanner\bin\Debug\TimetablePlanner.dll" />
    </Deployment>
    <Execution>
      <TestTypeSpecific />
      <AgentRule name="Execution Agents">
      </AgentRule>
    </Execution>
  </TestSettings>
  <Times creation="2011-10-21T16:13:05.5092580+02:00" queuing="2011-10-21T16:13:06.5363168+02:00" start="2011-10-21T16:13:06.6133212+02:00" finish="2011-10-21T16:13:14.3407631+02:00" />
  <ResultSummary outcome="Completed">
    <Counters total="1" executed="1" passed="1" error="0" failed="0" timeout="0" aborted="0" inconclusive="0" passedButRunAborted="0" notRunnable="0" notExecuted="0" disconnected="0" warning="0" completed="0" inProgress="0" pending="0" />
  </ResultSummary>
  <TestDefinitions>
    <UnitTest name="TimetableManualTester" storage="e:\hska\semester2\projektarbeit\stundenplangenerator\timetableplanner\timetableplannertests\bin\debug\timetableplannertests.dll" id="3ada0cc6-2a4d-2d63-7d9f-97d4d443b0f3">
      <Execution id="54c2fcc4-b6cb-439b-b5c3-b6f208ac72d2" />
      <TestMethod codeBase="E:/HsKA/Semester2/Projektarbeit/Stundenplangenerator/TimetablePlanner/TimetablePlannerTests/bin/Debug/TimetablePlannerTests.DLL" adapterTypeName="Microsoft.VisualStudio.TestTools.TestTypes.Unit.UnitTestAdapter, Microsoft.VisualStudio.QualityTools.Tips.UnitTest.Adapter, Version=10.0.0.0, Culture=neutral, PublicKeyToken=b03f5f7f11d50a3a" className="TimetablePlannerTests.TimetableTest, TimetablePlannerTests, Version=1.0.0.0, Culture=neutral, PublicKeyToken=null" name="TimetableManualTester" />
    </UnitTest>
  </TestDefinitions>
  <TestLists>
    <TestList name="Nicht in einer Liste enthaltene Ergebnisse" id="8c84fa94-04c1-424b-9868-57a2d4851a1d" />
    <TestList name="Alle geladenen Ergebnisse" id="19431567-8539-422a-85d7-44ee4e166bda" />
  </TestLists>
  <TestEntries>
    <TestEntry testId="3ada0cc6-2a4d-2d63-7d9f-97d4d443b0f3" executionId="54c2fcc4-b6cb-439b-b5c3-b6f208ac72d2" testListId="8c84fa94-04c1-424b-9868-57a2d4851a1d" />
  </TestEntries>
  <Results>
    <UnitTestResult executionId="54c2fcc4-b6cb-439b-b5c3-b6f208ac72d2" testId="3ada0cc6-2a4d-2d63-7d9f-97d4d443b0f3" testName="TimetableManualTester" computerName="FLOLAP-PC" duration="00:00:06.3867590" startTime="2011-10-21T16:13:06.6823251+02:00" endTime="2011-10-21T16:13:14.2567583+02:00" testType="13cdc9d9-ddb5-4fa4-a97d-d965ccfc6d4b" outcome="Passed" testListId="8c84fa94-04c1-424b-9868-57a2d4851a1d" relativeResultsDirectory="54c2fcc4-b6cb-439b-b5c3-b6f208ac72d2">
      <Output>
        <DebugTrace>Time to create population of size 75: 570ms
1430
1300
1280
1250
1230
1230
1180
1120
1100
1080
1070
1070
1060
950
950
940
920
890
850
840
830
820
820
800
800
800
800
790
790
780
750
740
730
730
720
710
700
700
700
690
670
660
660
650
640
620
610
600
580
570
560
560
550
550
540
500
490
470
460
450
430
420
390
390
370
300
270
270
260
250
220
180
160
100
-10

Group 0
Block 0: --- --- 010 001 012 
Block 1: 009 --- --- 004 012 
Block 2: --- 002 --- --- --- 
Block 3: --- 006 --- 000 011 
Block 4: 003 --- 008 --- 005 
Block 5: --- --- --- --- 007 

Group 1
Block 0: --- --- --- 025 014 
Block 1: 015 017 --- 025 024 
Block 2: 018 017 --- 025 --- 
Block 3: 018 --- --- --- 019 
Block 4: 020 021 013 --- --- 
Block 5: 022 016 023 --- --- 

Group 2
Block 0: 031 026 --- --- 027 
Block 1: 029 --- 028 --- --- 
Block 2: --- --- --- --- --- 
Block 3: 032 x34 x36 --- --- 
Block 4: --- --- x36 030 033 
Block 5: --- --- x36 035 --- 

Group 3
Block 0: 043 040 --- --- --- 
Block 1: --- 039 --- 042 x46 
Block 2: 041 --- --- --- --- 
Block 3: 038 x45 --- --- 037 
Block 4: --- x45 --- --- --- 
Block 5: --- --- 044 --- --- 
Early abort after 164 generations.
Mean time per generation: 31ms
Mean fitness increase per generation
253
168
133
87
83
66
73
40
49
48
45
36
44
36
29
33
29
28
32
29
35
43
36
37
25
41
39
37
27
24
29
26
18
23
26
19
24
21
21
20
30
16
23
26
24
20
25
15
20
16
13
7
8
6
11
9
8
8
11
11
5
6
8
9
6
8
8
4
8
9
5
6
6
7
13
6
3
7
7
6
6
3
6
8
7
5
7
5
5
4
3
6
7
5
5
5
4
4
5
5
8
3
9
7
3
9
6
9
7
3
1
5
5
4
5
4
8
4
6
5
6
5
4
3
7
3
3
5
5
2
4
3
4
5
2
2
2
2
2
2
3
1
2
1
2
0
1
1
1
1
1
2
2
1
1
1
3
1
1
1
1
1
1
2
1
Evolution time: 5277ms
3410
3410
3400
3400
3400
3400
3400
3390
3390
3390
3390
3380
3380
3380
3380
3380
3380
3380
3380
3380
3380
3380
3380
3380
3380
3380
3380
3380
3370
3370
3370
3370
3370
3370
3370
3370
3370
3370
3370
3370
3370
3370
3370
3370
3370
3370
3370
3370
3370
3370
3370
3370
3370
3370
3370
3360
3360
3360
3360
3360
3360
3360
3360
3360
3360
3360
3360
3360
3360
3360
3360
3360
3360
3360
3360

Group 0
Block 0: 010 006 005 004 012 
Block 1: 001 008 011 003 012 
Block 2: 000 009 --- 002 007 
Block 3: --- --- --- --- --- 
Block 4: --- --- --- --- --- 
Block 5: --- --- --- --- --- 

Group 1
Block 0: 018 015 016 014 022 
Block 1: 018 025 019 020 024 
Block 2: 013 025 --- 023 021 
Block 3: --- 025 --- --- 017 
Block 4: --- --- --- --- 017 
Block 5: --- --- --- --- --- 

Group 2
Block 0: 028 --- 033 031 027 
Block 1: --- 030 035 026 032 
Block 2: --- --- --- --- 029 
Block 3: --- --- x36 --- --- 
Block 4: --- --- x36 --- --- 
Block 5: --- --- x36 x34 --- 

Group 3
Block 0: 043 040 039 041 --- 
Block 1: 038 --- 042 --- 037 
Block 2: 044 --- --- --- --- 
Block 3: --- --- --- --- --- 
Block 4: --- --- --- --- x45 
Block 5: --- --- --- x46 x45 
</DebugTrace>
      </Output>
    </UnitTestResult>
  </Results>
</TestRun>