<?xml version="1.0" encoding="UTF-8"?>
<TestRun id="957fbe6c-ece7-40bf-9628-a4e6016b4778" name="FloLap@FLOLAP-PC 2011-10-21 21:37:39" runUser="FloLap-PC\FloLap" xmlns="http://microsoft.com/schemas/VisualStudio/TeamTest/2010">
  <TestSettings name="Lokal" id="6ed96bb3-d821-4eee-a79d-3a3069da9890">
    <Description>Dies sind die standardmäßigen Testeinstellungen für einen lokalen Testlauf.</Description>
    <Deployment enabled="false" runDeploymentRoot="FloLap_FLOLAP-PC 2011-10-21 21_37_39">
      <DeploymentItem filename="E:\HsKA\Semester2\Projektarbeit\Stundenplangenerator\TimetablePlanner\TimetablePlanner\bin\Debug\TimetablePlanner.dll" />
    </Deployment>
    <Execution>
      <TestTypeSpecific />
      <AgentRule name="Execution Agents">
      </AgentRule>
    </Execution>
  </TestSettings>
  <Times creation="2011-10-21T21:37:39.8392182+02:00" queuing="2011-10-21T21:37:40.8850408+02:00" start="2011-10-21T21:37:40.9786410+02:00" finish="2011-10-21T21:37:51.6178597+02:00" />
  <ResultSummary outcome="Completed">
    <Counters total="1" executed="1" passed="1" error="0" failed="0" timeout="0" aborted="0" inconclusive="0" passedButRunAborted="0" notRunnable="0" notExecuted="0" disconnected="0" warning="0" completed="0" inProgress="0" pending="0" />
  </ResultSummary>
  <TestDefinitions>
    <UnitTest name="TimetableManualTester" storage="e:\hska\semester2\projektarbeit\stundenplangenerator\timetableplanner\timetableplannertests\bin\debug\timetableplannertests.dll" id="3ada0cc6-2a4d-2d63-7d9f-97d4d443b0f3">
      <Execution id="e6528d37-fdb6-4741-a84e-bd8ddd6ec99d" />
      <TestMethod codeBase="E:/HsKA/Semester2/Projektarbeit/Stundenplangenerator/TimetablePlanner/TimetablePlannerTests/bin/Debug/TimetablePlannerTests.DLL" adapterTypeName="Microsoft.VisualStudio.TestTools.TestTypes.Unit.UnitTestAdapter, Microsoft.VisualStudio.QualityTools.Tips.UnitTest.Adapter, Version=10.0.0.0, Culture=neutral, PublicKeyToken=b03f5f7f11d50a3a" className="TimetablePlannerTests.TimetableTest, TimetablePlannerTests, Version=1.0.0.0, Culture=neutral, PublicKeyToken=null" name="TimetableManualTester" />
    </UnitTest>
  </TestDefinitions>
  <TestLists>
    <TestList name="Nicht in einer Liste enthaltene Ergebnisse" id="8c84fa94-04c1-424b-9868-57a2d4851a1d" />
    <TestList name="Alle geladenen Ergebnisse" id="19431567-8539-422a-85d7-44ee4e166bda" />
  </TestLists>
  <TestEntries>
    <TestEntry testId="3ada0cc6-2a4d-2d63-7d9f-97d4d443b0f3" executionId="e6528d37-fdb6-4741-a84e-bd8ddd6ec99d" testListId="8c84fa94-04c1-424b-9868-57a2d4851a1d" />
  </TestEntries>
  <Results>
    <UnitTestResult executionId="e6528d37-fdb6-4741-a84e-bd8ddd6ec99d" testId="3ada0cc6-2a4d-2d63-7d9f-97d4d443b0f3" testName="TimetableManualTester" computerName="FLOLAP-PC" duration="00:00:09.2628704" startTime="2011-10-21T21:37:41.0410411+02:00" endTime="2011-10-21T21:37:51.5242595+02:00" testType="13cdc9d9-ddb5-4fa4-a97d-d965ccfc6d4b" outcome="Passed" testListId="8c84fa94-04c1-424b-9868-57a2d4851a1d" relativeResultsDirectory="e6528d37-fdb6-4741-a84e-bd8ddd6ec99d">
      <Output>
        <DebugTrace>Time to create population of size 75: 577ms
1440
1310
1190
1020
930
930
750
750
740
710
700
680
610
600
580
570
570
570
570
570
540
530
510
460
460
420
420
410
410
410
390
330
320
210
150
10
-20
-60
-140
-160
-200
-200
-210
-290
-360
-410
-500
-500
-520
-520
-540
-560
-570
-640
-760
-780
-800
-800
-810
-820
-890
-940
-960
-1020
-1050
-1070
-1080
-1090
-1170
-1420
-1450
-1650
-1850
-1920
-2110
Early abort after 162 generations.
Mean time per generation: 39ms
Mean fitness increase per generation
704
252
184
164
122
84
59
61
55
52
42
48
39
51
36
43
39
24
32
29
30
24
27
26
32
35
34
42
25
30
30
26
24
26
25
22
24
26
21
24
23
18
19
15
22
16
15
14
14
15
14
11
14
16
9
9
12
9
10
10
6
11
15
10
13
11
12
9
8
6
6
6
5
10
7
5
5
10
5
6
6
5
7
6
9
8
6
7
9
5
10
8
5
5
6
4
4
4
4
6
5
1
4
6
7
4
7
3
4
6
4
3
2
3
4
4
5
5
7
5
7
4
2
6
8
5
7
4
5
5
2
5
1
2
3
5
3
1
3
4
2
4
3
1
3
2
2
2
1
3
2
0
2
1
2
2
2
2
2
1
2
0
2
Evolution time: 6536ms
3370
3370
3370
3370
3360
3360
3360
3360
3350
3350
3350
3350
3350
3350
3350
3350
3350
3350
3350
3350
3350
3350
3340
3340
3340
3340
3340
3340
3340
3340
3340
3340
3340
3340
3340
3340
3340
3340
3340
3340
3340
3340
3340
3340
3340
3340
3340
3340
3340
3340
3340
3340
3340
3340
3340
3340
3340
3340
3340
3340
3330
3330
3330
3330
3330
3330
3330
3330
3330
3330
3330
3330
3330
3330
3330

Group 0
Block 0: ---------------------------------------| Mathematik 1 Labor                     | Fremdsprachen                          | Informatik 1 Übung                     | Technische Informatik 1                | 
Block 1: Mathematik 1 Labor                     | Informatik 1                           | Fremdsprachen                          | Mathematik 1                           | Informatik 1                           | 
Block 2: Mathematik 1                           | Technische Informatik 1 Übung          | ---------------------------------------| Theoretische Informatik 1              | Theoretische Informatik 1              | 
Block 3: ---------------------------------------| ---------------------------------------| ---------------------------------------| Technische Informatik 1                | ---------------------------------------| 
Block 4: ---------------------------------------| ---------------------------------------| ---------------------------------------| ---------------------------------------| ---------------------------------------| 
Block 5: ---------------------------------------| ---------------------------------------| ---------------------------------------| ---------------------------------------| ---------------------------------------| 

Group 1
Block 0: Informatik 2 Übung                     | Digital-Labor                          | Sprachen und Metasprachen              | Softwarelabor                          | Technische Informatik 2                | 
Block 1: Informatik 2                           | Digital-Labor                          | Informatik 2 Übung                     | Softwarelabor                          | Softwarelabor                          | 
Block 2: Technische Informatik 2                | Digital-Labor                          | ---------------------------------------| Web-Programming                        | Softwarelabor                          | 
Block 3: ---------------------------------------| Informatik 2                           | ---------------------------------------| ---------------------------------------| Mathematik 2                           | 
Block 4: ---------------------------------------| ---------------------------------------| ---------------------------------------| ---------------------------------------| Mathematik 2 Labor                     | 
Block 5: ---------------------------------------| ---------------------------------------| ---------------------------------------| ---------------------------------------| ---------------------------------------| 

Group 2
Block 0: ---------------------------------------| Modellierung und Simulation            | Visualization and Semantics Lab        | Datenrepräsentation und -übertragung   | Intelligente Systeme                   | 
Block 1: Verteilte Informationssysteme          | ---------------------------------------| Mobile Systeme                         | IT Service Management                  | Visualization and Semantics            | 
Block 2: ---------------------------------------| ---------------------------------------| ---------------------------------------| ---------------------------------------| IT Projektmanagement                   | 
Block 3: ---------------------------------------| ---------------------------------------| Projektarbeit1                         | ---------------------------------------| ---------------------------------------| 
Block 4: ---------------------------------------| ---------------------------------------| Projektarbeit1                         | ---------------------------------------| ---------------------------------------| 
Block 5: ---------------------------------------| ---------------------------------------| Projektarbeit1                         | ---------------------------------------| Führungskräftetraining                 | 

Group 3
Block 0: ---------------------------------------| Data Mining                            | Dialog Systems                         | Angewandte Kryptografie                | ---------------------------------------| 
Block 1: Algorithmenentwurf                     | IT-Sicherheit                          | ---------------------------------------| Labor Verteilte Systeme                | ---------------------------------------| 
Block 2: ---------------------------------------| Labor Benutzeroberflächen              | ---------------------------------------| ---------------------------------------| Algorithmen Übung                      | 
Block 3: ---------------------------------------| ---------------------------------------| ---------------------------------------| ---------------------------------------| ---------------------------------------| 
Block 4: ---------------------------------------| ---------------------------------------| ---------------------------------------| ---------------------------------------| Projektarbeit2                         | 
Block 5: ---------------------------------------| ---------------------------------------| ---------------------------------------| Seminar                                | Projektarbeit2                         | 
</DebugTrace>
      </Output>
    </UnitTestResult>
  </Results>
</TestRun>