<?xml version="1.0" encoding="UTF-8"?>
<TestRun id="62f36d6c-3dc1-409a-a338-0cd6ce0903ad" name="FloLap@FLOLAP-PC 2011-10-19 19:41:55" runUser="FloLap-PC\FloLap" xmlns="http://microsoft.com/schemas/VisualStudio/TeamTest/2010">
  <TestSettings name="Lokal" id="6ed96bb3-d821-4eee-a79d-3a3069da9890">
    <Description>Dies sind die standardmäßigen Testeinstellungen für einen lokalen Testlauf.</Description>
    <Deployment enabled="false" runDeploymentRoot="FloLap_FLOLAP-PC 2011-10-19 19_41_55">
      <DeploymentItem filename="E:\HsKA\Semester2\Projektarbeit\Stundenplangenerator\TimetablePlanner\TimetablePlanner\bin\Debug\TimetablePlanner.dll" />
    </Deployment>
    <Execution>
      <TestTypeSpecific />
      <AgentRule name="Execution Agents">
      </AgentRule>
    </Execution>
  </TestSettings>
  <Times creation="2011-10-19T19:41:55.3036607+02:00" queuing="2011-10-19T19:41:56.4078659+02:00" start="2011-10-19T19:41:56.5014660+02:00" finish="2011-10-19T19:42:07.9898500+02:00" />
  <ResultSummary outcome="Completed">
    <Counters total="1" executed="1" passed="1" error="0" failed="0" timeout="0" aborted="0" inconclusive="0" passedButRunAborted="0" notRunnable="0" notExecuted="0" disconnected="0" warning="0" completed="0" inProgress="0" pending="0" />
  </ResultSummary>
  <TestDefinitions>
    <UnitTest name="createTimetableInstanceTest" storage="e:\hska\semester2\projektarbeit\stundenplangenerator\timetableplanner\timetableplannertests\bin\debug\timetableplannertests.dll" id="ab441b29-9837-01bf-f43f-7839c8f73716">
      <Execution id="43ff4bdc-2fd9-424b-8dae-66d14ee94b2a" />
      <TestMethod codeBase="E:/HsKA/Semester2/Projektarbeit/Stundenplangenerator/TimetablePlanner/TimetablePlannerTests/bin/Debug/TimetablePlannerTests.DLL" adapterTypeName="Microsoft.VisualStudio.TestTools.TestTypes.Unit.UnitTestAdapter, Microsoft.VisualStudio.QualityTools.Tips.UnitTest.Adapter, Version=10.0.0.0, Culture=neutral, PublicKeyToken=b03f5f7f11d50a3a" className="TimetablePlannerTests.TimetableTest, TimetablePlannerTests, Version=1.0.0.0, Culture=neutral, PublicKeyToken=null" name="createTimetableInstanceTest" />
    </UnitTest>
  </TestDefinitions>
  <TestLists>
    <TestList name="Nicht in einer Liste enthaltene Ergebnisse" id="8c84fa94-04c1-424b-9868-57a2d4851a1d" />
    <TestList name="Alle geladenen Ergebnisse" id="19431567-8539-422a-85d7-44ee4e166bda" />
  </TestLists>
  <TestEntries>
    <TestEntry testId="ab441b29-9837-01bf-f43f-7839c8f73716" executionId="43ff4bdc-2fd9-424b-8dae-66d14ee94b2a" testListId="8c84fa94-04c1-424b-9868-57a2d4851a1d" />
  </TestEntries>
  <Results>
    <UnitTestResult executionId="43ff4bdc-2fd9-424b-8dae-66d14ee94b2a" testId="ab441b29-9837-01bf-f43f-7839c8f73716" testName="createTimetableInstanceTest" computerName="FLOLAP-PC" duration="00:00:10.0305899" startTime="2011-10-19T19:41:56.5722675+02:00" endTime="2011-10-19T19:42:07.8962499+02:00" testType="13cdc9d9-ddb5-4fa4-a97d-d965ccfc6d4b" outcome="Passed" testListId="8c84fa94-04c1-424b-9868-57a2d4851a1d" relativeResultsDirectory="43ff4bdc-2fd9-424b-8dae-66d14ee94b2a">
      <Output>
        <DebugTrace>Time to create population of size 75: 612ms
572
525
521
506
476
456
440
420
412
407
383
378
370
360
356
352
335
331
328
325
321
320
319
316
311
310
308
306
305
300
300
294
291
291
290
281
279
276
269
257
257
256
252
249
245
240
240
237
229
226
220
208
189
187
182
180
164
162
151
134
112
105
105
76
58
56
35
22
12
-4
-6
-16
-21
-43
-115
Early abort after 214 generations.
Mean time per generation: 41ms
Mean fitness increase per generation
121
62
57
34
30
25
22
19
22
18
16
11
15
15
16
16
11
12
10
12
9
12
11
14
8
9
9
13
10
8
7
5
7
7
7
8
5
7
5
7
5
6
4
3
5
7
5
5
3
4
6
4
4
4
3
5
3
5
5
5
5
4
4
3
6
6
6
5
6
7
4
3
5
6
5
3
3
3
4
3
2
3
2
3
3
3
4
3
2
4
3
5
3
4
4
2
3
3
4
3
3
3
5
3
1
2
3
3
2
3
2
1
2
2
1
1
2
1
1
2
2
3
2
4
2
2
3
3
4
0
2
0
2
2
2
5
1
2
1
4
3
2
3
1
1
1
1
1
3
2
1
1
4
3
1
3
2
2
1
2
2
2
1
0
0
0
1
0
1
2
2
1
3
2
2
3
0
1
1
1
2
1
2
3
3
2
2
0
0
0
0
0
0
0
0
0
0
1
0
0
1
1
0
1
1
1
1
0
1
0
1
0
0
0
0
Evolution time: 9036ms
1387
1386
1386
1386
1386
1386
1386
1386
1386
1386
1384
1384
1384
1383
1383
1383
1383
1383
1383
1383
1383
1383
1383
1383
1383
1383
1383
1383
1383
1383
1383
1383
1383
1383
1383
1383
1383
1383
1383
1383
1383
1383
1383
1383
1383
1383
1383
1383
1383
1383
1383
1383
1383
1383
1383
1383
1383
1383
1383
1383
1383
1383
1383
1383
1383
1383
1383
1383
1383
1383
1383
1383
1383
1383
1383

Group 0
Block 0: 010 008 011 001 006 
Block 1: 000 002 007 012 004 
Block 2: 005 003 --- 012 009 
Block 3: --- --- --- --- --- 
Block 4: --- --- --- --- --- 
Block 5: --- --- --- --- --- 

Group 1
Block 0: 024 019 021 022 023 
Block 1: 020 017 016 013 018 
Block 2: 015 017 --- 014 018 
Block 3: 025 --- --- --- --- 
Block 4: --- --- --- --- --- 
Block 5: --- --- --- --- --- 

Group 2
Block 0: 031 x36 028 035 027 
Block 1: 026 x36 --- 030 029 
Block 2: --- x36 --- 032 033 
Block 3: --- --- --- --- --- 
Block 4: --- x34 --- --- --- 
Block 5: --- --- --- --- --- 

Group 3
Block 0: --- --- 038 040 044 
Block 1: --- 041 039 043 --- 
Block 2: 042 037 --- --- --- 
Block 3: --- --- --- --- --- 
Block 4: --- x45 --- --- --- 
Block 5: --- x46 --- --- --- 
</DebugTrace>
      </Output>
    </UnitTestResult>
  </Results>
</TestRun>