<?xml version="1.0" encoding="UTF-8"?>
<TestRun id="01f5dfb3-2be3-4756-96ac-01cde9dcccd0" name="FloLap@FLOLAP-PC 2011-10-19 19:42:46" runUser="FloLap-PC\FloLap" xmlns="http://microsoft.com/schemas/VisualStudio/TeamTest/2010">
  <TestSettings name="Lokal" id="6ed96bb3-d821-4eee-a79d-3a3069da9890">
    <Description>Dies sind die standardmäßigen Testeinstellungen für einen lokalen Testlauf.</Description>
    <Deployment enabled="false" runDeploymentRoot="FloLap_FLOLAP-PC 2011-10-19 19_42_46">
      <DeploymentItem filename="E:\HsKA\Semester2\Projektarbeit\Stundenplangenerator\TimetablePlanner\TimetablePlanner\bin\Debug\TimetablePlanner.dll" />
    </Deployment>
    <Execution>
      <TestTypeSpecific />
      <AgentRule name="Execution Agents">
      </AgentRule>
    </Execution>
  </TestSettings>
  <Times creation="2011-10-19T19:42:46.6085231+02:00" queuing="2011-10-19T19:42:47.5767249+02:00" start="2011-10-19T19:42:47.6391250+02:00" finish="2011-10-19T19:42:57.8415429+02:00" />
  <ResultSummary outcome="Completed">
    <Counters total="1" executed="1" passed="1" error="0" failed="0" timeout="0" aborted="0" inconclusive="0" passedButRunAborted="0" notRunnable="0" notExecuted="0" disconnected="0" warning="0" completed="0" inProgress="0" pending="0" />
  </ResultSummary>
  <TestDefinitions>
    <UnitTest name="createTimetableInstanceTest" storage="e:\hska\semester2\projektarbeit\stundenplangenerator\timetableplanner\timetableplannertests\bin\debug\timetableplannertests.dll" id="ab441b29-9837-01bf-f43f-7839c8f73716">
      <Execution id="86c86687-d43b-44ca-bc75-75387485d176" />
      <TestMethod codeBase="E:/HsKA/Semester2/Projektarbeit/Stundenplangenerator/TimetablePlanner/TimetablePlannerTests/bin/Debug/TimetablePlannerTests.DLL" adapterTypeName="Microsoft.VisualStudio.TestTools.TestTypes.Unit.UnitTestAdapter, Microsoft.VisualStudio.QualityTools.Tips.UnitTest.Adapter, Version=10.0.0.0, Culture=neutral, PublicKeyToken=b03f5f7f11d50a3a" className="TimetablePlannerTests.TimetableTest, TimetablePlannerTests, Version=1.0.0.0, Culture=neutral, PublicKeyToken=null" name="createTimetableInstanceTest" />
    </UnitTest>
  </TestDefinitions>
  <TestLists>
    <TestList name="Nicht in einer Liste enthaltene Ergebnisse" id="8c84fa94-04c1-424b-9868-57a2d4851a1d" />
    <TestList name="Alle geladenen Ergebnisse" id="19431567-8539-422a-85d7-44ee4e166bda" />
  </TestLists>
  <TestEntries>
    <TestEntry testId="ab441b29-9837-01bf-f43f-7839c8f73716" executionId="86c86687-d43b-44ca-bc75-75387485d176" testListId="8c84fa94-04c1-424b-9868-57a2d4851a1d" />
  </TestEntries>
  <Results>
    <UnitTestResult executionId="86c86687-d43b-44ca-bc75-75387485d176" testId="ab441b29-9837-01bf-f43f-7839c8f73716" testName="createTimetableInstanceTest" computerName="FLOLAP-PC" duration="00:00:08.7681096" startTime="2011-10-19T19:42:47.6859251+02:00" endTime="2011-10-19T19:42:57.7479427+02:00" testType="13cdc9d9-ddb5-4fa4-a97d-d965ccfc6d4b" outcome="Passed" testListId="8c84fa94-04c1-424b-9868-57a2d4851a1d" relativeResultsDirectory="86c86687-d43b-44ca-bc75-75387485d176">
      <Output>
        <DebugTrace>Time to create population of size 75: 561ms
606
587
541
533
522
516
513
511
473
455
448
434
423
407
401
396
387
376
366
351
351
343
339
311
305
297
297
288
283
280
275
273
270
270
265
263
262
257
251
249
249
242
241
239
224
208
206
196
192
191
187
183
181
174
166
156
156
130
124
114
106
102
95
79
54
53
51
45
41
35
16
0
-42
-54
-84
Early abort after 190 generations.
Mean time per generation: 40ms
Mean fitness increase per generation
140
87
61
35
29
24
19
17
17
14
14
11
14
13
10
10
8
11
8
10
10
13
12
10
10
13
11
9
9
8
10
9
7
11
7
6
6
5
10
9
5
5
6
6
7
3
4
3
4
3
4
3
5
6
4
4
4
3
4
4
5
3
3
3
3
2
2
2
3
2
2
3
1
3
3
2
2
2
3
1
2
3
1
2
1
2
2
2
1
2
1
1
3
1
2
1
2
2
1
1
2
0
2
1
2
1
2
1
1
1
1
2
2
1
2
1
0
1
1
2
0
2
2
2
3
1
2
2
1
1
2
2
2
1
2
2
3
2
4
3
2
3
1
2
2
1
1
2
1
1
1
1
1
2
2
2
3
1
1
1
1
1
2
1
1
1
1
1
0
2
2
2
0
2
1
2
0
1
1
0
1
0
0
1
1
0
2
0
2
1
1
Evolution time: 7862ms
1298
1297
1297
1295
1292
1292
1292
1292
1292
1292
1292
1292
1292
1292
1292
1292
1292
1292
1292
1292
1292
1292
1292
1292
1292
1292
1292
1292
1292
1292
1292
1292
1289
1289
1289
1289
1289
1289
1289
1289
1289
1289
1289
1289
1289
1289
1289
1289
1289
1289
1289
1289
1289
1289
1289
1289
1289
1289
1289
1289
1289
1289
1289
1289
1289
1289
1289
1289
1289
1289
1289
1289
1289
1289
1289

Group 0
Block 0: 009 006 011 007 001 
Block 1: 008 012 010 002 005 
Block 2: 003 012 --- 000 --- 
Block 3: --- --- --- 004 --- 
Block 4: --- --- --- --- --- 
Block 5: --- --- --- --- --- 

Group 1
Block 0: 021 025 --- 018 015 
Block 1: 020 025 013 018 017 
Block 2: 019 025 --- 022 017 
Block 3: 023 014 --- 016 --- 
Block 4: 024 --- --- --- --- 
Block 5: --- --- --- --- --- 

Group 2
Block 0: --- --- 028 033 026 
Block 1: --- 030 027 035 032 
Block 2: --- 029 --- --- 031 
Block 3: x36 --- --- --- x34 
Block 4: x36 --- --- --- --- 
Block 5: x36 --- --- --- --- 

Group 3
Block 0: 039 040 042 043 --- 
Block 1: x46 --- 044 037 --- 
Block 2: 041 --- --- 038 --- 
Block 3: --- --- --- --- --- 
Block 4: --- --- --- --- x45 
Block 5: --- --- --- --- --- 
</DebugTrace>
      </Output>
    </UnitTestResult>
  </Results>
</TestRun>