<?xml version="1.0" encoding="UTF-8"?>
<TestRun id="5d265edd-4665-4fff-82f1-78c19f6941b1" name="FloLap@FLOLAP-PC 2011-10-15 18:50:09" runUser="FloLap-PC\FloLap" xmlns="http://microsoft.com/schemas/VisualStudio/TeamTest/2010">
  <TestSettings name="Lokal" id="6ed96bb3-d821-4eee-a79d-3a3069da9890">
    <Description>Dies sind die standardmäßigen Testeinstellungen für einen lokalen Testlauf.</Description>
    <Deployment enabled="false" runDeploymentRoot="FloLap_FLOLAP-PC 2011-10-15 18_50_09">
      <DeploymentItem filename="E:\HsKA\Semester2\Projektarbeit\Stundenplangenerator\TimetablePlanner\TimetablePlanner\bin\Debug\TimetablePlanner.dll" />
    </Deployment>
    <Execution>
      <TestTypeSpecific />
      <AgentRule name="Execution Agents">
      </AgentRule>
    </Execution>
  </TestSettings>
  <Times creation="2011-10-15T18:50:09.0207432+02:00" queuing="2011-10-15T18:50:10.0241452+02:00" start="2011-10-15T18:50:10.2269456+02:00" finish="2011-10-15T18:50:24.5477707+02:00" />
  <ResultSummary outcome="Completed">
    <Counters total="1" executed="1" passed="1" error="0" failed="0" timeout="0" aborted="0" inconclusive="0" passedButRunAborted="0" notRunnable="0" notExecuted="0" disconnected="0" warning="0" completed="0" inProgress="0" pending="0" />
  </ResultSummary>
  <TestDefinitions>
    <UnitTest name="createTimetableInstanceTest" storage="e:\hska\semester2\projektarbeit\stundenplangenerator\timetableplanner\timetableplannertests\bin\debug\timetableplannertests.dll" id="ab441b29-9837-01bf-f43f-7839c8f73716">
      <Execution id="86bbb48a-9f06-4211-82c0-83bdc5d104a3" />
      <TestMethod codeBase="E:/HsKA/Semester2/Projektarbeit/Stundenplangenerator/TimetablePlanner/TimetablePlannerTests/bin/Debug/TimetablePlannerTests.DLL" adapterTypeName="Microsoft.VisualStudio.TestTools.TestTypes.Unit.UnitTestAdapter, Microsoft.VisualStudio.QualityTools.Tips.UnitTest.Adapter, Version=10.0.0.0, Culture=neutral, PublicKeyToken=b03f5f7f11d50a3a" className="TimetablePlannerTests.TimetableTest, TimetablePlannerTests, Version=1.0.0.0, Culture=neutral, PublicKeyToken=null" name="createTimetableInstanceTest" />
    </UnitTest>
  </TestDefinitions>
  <TestLists>
    <TestList name="Nicht in einer Liste enthaltene Ergebnisse" id="8c84fa94-04c1-424b-9868-57a2d4851a1d" />
    <TestList name="Alle geladenen Ergebnisse" id="19431567-8539-422a-85d7-44ee4e166bda" />
  </TestLists>
  <TestEntries>
    <TestEntry testId="ab441b29-9837-01bf-f43f-7839c8f73716" executionId="86bbb48a-9f06-4211-82c0-83bdc5d104a3" testListId="8c84fa94-04c1-424b-9868-57a2d4851a1d" />
  </TestEntries>
  <Results>
    <UnitTestResult executionId="86bbb48a-9f06-4211-82c0-83bdc5d104a3" testId="ab441b29-9837-01bf-f43f-7839c8f73716" testName="createTimetableInstanceTest" computerName="FLOLAP-PC" duration="00:00:12.9210532" startTime="2011-10-15T18:50:10.3517458+02:00" endTime="2011-10-15T18:50:24.4697706+02:00" testType="13cdc9d9-ddb5-4fa4-a97d-d965ccfc6d4b" outcome="Passed" testListId="8c84fa94-04c1-424b-9868-57a2d4851a1d" relativeResultsDirectory="86bbb48a-9f06-4211-82c0-83bdc5d104a3">
      <Output>
        <DebugTrace>Time to create population of size 20: 93ms
0256: ---|---|008|---|---|---|010|010|---|---|---|---|---|---|---|014|---|---|---|005|---|---|---|---|---|---|---|---|---|---|034|---|---|---|---|---|033|002|---|---|---|---|---|---|---|---|---|---|---|---|---|---|---|---|006|---|---|001|---|---|---|---|---|---|---|---|---|---|021|---|---|---|---|031|---|---|---|---|025|004|008|023|---|---|---|009|---|---|---|---|---|---|---|---|---|---|---|005|---|---|---|---|---|004|---|---|---|---|032|---|---|018|---|---|---|029|---|---|---|---|---|---|---|---|---|---|---|---|---|---|---|---|---|---|---|---|---|---|---|---|---|---|---|---|---|---|017|---|011|---|---|---|---|---|---|---|---|---|---|---|---|---|---|---|013|---|---|---|---|036|036|015|---|---|028|---|---|---|009|---|---|---|019|---|---|---|---|---|007|007|030|---|---|---|---|006|---|---|---|---|---|---|---|---|---|---|---|---|---|---|---|---|---|---|---|---|---|---|---|---|---|---|003|---|010|010|---|---|037|---|---|---|---|---|000|---|---|---|---|---|---|---|---|---|---|---|---|---|---|---|---|---|---|---|---|---|---|---|---|---|---|---|---|---|---|---|---|---|---|---|---|---|---|---|---|---|---|---|---|---|---|---|---|---|---|---|---|---|---|002|---|---|---|---|026|---|---|000|---|---|---|---|015|---|---|---|---|---|---|---|---|---|012|---|---|---|020|---|---|---|022|---|035|---|024|027|027|027|---|---|016|016|016|---|---|---|---|---|---|---|---|---|---|---|---|---|---|---|---|---|---|---|---|---|---|---|---|---|---|---|
0252: ---|---|---|---|---|---|---|019|015|---|032|---|---|---|---|---|020|---|---|---|---|---|---|---|---|---|---|---|---|---|---|---|---|---|---|---|---|028|---|---|---|---|---|---|---|---|---|---|---|---|---|---|---|---|---|---|---|---|---|---|---|---|---|---|---|---|---|---|---|---|006|---|---|---|---|009|024|---|---|---|---|---|---|---|---|---|---|---|---|---|011|---|---|004|008|---|---|016|016|016|023|---|---|---|010|010|---|---|---|---|---|---|---|---|---|---|---|---|---|---|---|---|---|---|---|---|---|---|---|---|---|---|---|006|---|---|---|---|---|001|---|---|---|---|---|---|022|---|031|---|---|---|009|---|005|---|030|---|---|---|013|---|---|---|---|---|---|---|025|008|---|---|---|---|034|---|014|---|---|---|---|004|---|017|002|---|---|---|---|---|002|---|---|---|---|---|---|---|---|---|---|---|---|---|---|---|---|---|---|---|---|---|---|---|---|---|000|---|---|---|---|---|---|---|---|---|037|---|---|---|---|005|---|---|---|---|---|---|---|---|---|---|---|035|029|---|---|012|---|---|---|---|---|---|---|---|000|---|---|---|---|---|---|---|---|---|---|---|---|---|---|---|---|---|---|---|---|---|---|---|021|---|---|---|---|---|---|---|---|---|---|---|---|---|027|027|027|---|---|---|015|---|---|---|---|---|007|007|---|---|---|---|---|026|018|---|---|---|---|---|---|---|---|---|010|010|---|033|---|---|---|036|036|003|---|---|---|---|---|---|---|---|---|---|---|---|---|---|---|---|---|---|---|---|---|---|---|---|---|---|
0230: ---|---|---|024|---|---|---|---|---|---|---|---|032|---|---|---|030|---|---|---|---|---|---|---|---|004|---|---|---|---|---|---|---|---|034|---|---|---|014|---|---|---|---|---|---|---|---|---|---|---|---|---|---|---|---|---|---|---|---|---|---|---|---|---|---|---|---|---|---|---|---|---|---|---|---|035|---|---|---|007|007|---|---|---|027|027|027|---|009|---|---|013|---|017|---|---|---|---|---|---|002|---|---|019|018|---|---|---|---|---|---|---|---|---|---|015|025|---|---|---|---|---|---|---|---|---|---|---|---|---|---|---|---|---|---|---|---|---|---|---|---|---|---|---|---|---|005|004|---|---|031|---|---|---|---|---|010|010|---|---|---|---|---|---|012|---|---|---|---|---|---|028|---|---|---|---|---|---|---|---|---|---|026|---|---|---|---|---|---|---|---|---|---|---|---|---|---|---|---|---|---|---|---|---|---|---|---|---|---|---|---|021|---|---|---|---|---|029|---|---|---|---|023|000|---|---|---|---|---|---|---|---|---|---|---|---|---|---|---|---|---|---|---|003|---|---|---|---|---|---|---|---|---|---|---|---|---|---|---|005|---|---|---|---|---|006|---|---|---|---|---|---|---|---|---|---|---|---|---|---|---|---|---|---|---|001|---|---|---|016|016|016|009|---|036|036|---|---|---|---|022|002|037|---|---|---|---|---|---|011|---|---|---|---|---|---|---|---|---|---|010|010|---|---|000|008|015|033|---|---|---|008|---|020|---|---|---|---|---|---|---|---|---|---|---|---|---|---|006|---|---|---|---|---|---|---|---|---|---|---|
0230: ---|034|---|---|---|---|---|026|035|023|---|---|---|005|---|---|---|---|---|010|010|---|---|---|007|007|---|---|---|---|---|---|---|015|---|---|008|011|---|019|---|---|009|---|---|---|---|---|---|---|---|---|---|---|---|---|---|---|---|---|---|---|---|---|---|---|---|---|---|---|---|---|---|000|---|---|---|---|---|---|---|031|---|---|---|---|---|---|---|---|---|---|---|017|---|---|---|---|---|028|---|---|---|---|---|---|---|---|---|024|---|---|---|---|---|---|---|---|---|---|---|---|---|---|---|---|---|---|---|---|---|---|---|021|---|---|---|---|006|---|---|---|---|---|---|---|---|---|000|---|---|---|---|---|022|---|002|---|015|---|---|---|030|---|---|---|032|---|---|---|018|029|---|---|037|---|012|---|---|---|---|---|---|---|---|---|---|---|008|---|---|---|006|---|---|---|---|---|---|---|---|---|---|---|---|---|---|---|---|---|---|---|---|---|---|---|004|---|---|---|025|---|---|---|---|---|---|---|---|002|---|033|---|---|---|---|---|---|---|---|---|---|---|---|---|---|---|014|---|---|---|---|005|---|---|013|---|---|---|---|---|---|---|---|---|---|---|---|---|---|---|001|---|---|---|---|---|---|---|---|---|---|---|---|---|---|---|---|---|---|---|020|---|---|036|036|016|016|016|---|003|---|---|---|004|---|---|---|---|---|---|---|---|---|---|---|---|---|---|---|---|---|---|---|027|027|027|---|---|---|---|---|010|010|---|---|---|---|---|---|---|---|---|---|---|---|---|---|---|---|---|---|---|---|---|---|---|---|---|---|
0218: ---|---|---|---|032|---|---|---|014|---|015|---|---|---|---|---|---|---|---|---|030|033|---|---|---|016|016|016|---|---|---|---|031|034|026|---|---|---|---|020|---|---|---|---|---|---|---|---|---|---|---|---|---|---|---|---|---|---|---|---|006|---|---|---|---|---|---|---|---|---|---|---|---|---|---|---|---|---|---|036|036|---|---|---|---|---|---|017|---|---|009|---|---|---|---|---|---|---|---|---|---|---|---|---|---|---|004|---|---|---|---|008|---|---|---|---|---|---|---|---|---|---|---|---|---|---|---|---|---|---|---|---|---|---|---|---|---|---|---|---|---|---|---|---|---|---|028|---|---|---|---|---|---|---|---|---|---|---|---|009|---|---|---|---|---|---|---|---|003|005|004|---|018|---|002|---|---|---|002|---|---|---|029|---|---|---|---|---|---|---|---|---|---|---|---|---|---|---|---|---|021|---|---|---|---|---|---|---|---|---|---|---|---|---|---|---|---|---|---|---|---|---|---|---|---|---|---|---|---|---|---|---|---|---|035|---|---|011|---|---|---|---|---|---|---|---|005|---|---|---|008|---|023|---|---|---|---|---|000|022|---|012|---|---|---|---|---|---|---|---|---|---|---|---|---|---|---|---|---|---|---|---|---|---|---|---|---|---|---|037|---|---|---|---|---|024|---|---|---|---|010|010|---|---|---|---|010|010|---|025|---|---|027|027|027|---|---|---|013|015|000|---|019|---|007|007|---|---|---|---|---|---|---|---|---|---|001|---|---|---|---|---|---|---|---|---|---|---|---|---|---|---|---|---|---|---|---|006|---|---|
0210: ---|---|007|007|004|---|000|---|---|012|---|---|000|---|---|---|---|---|008|---|---|---|---|---|---|---|027|027|027|---|---|---|---|---|---|---|---|029|---|---|---|---|---|---|---|---|002|---|---|---|---|---|---|---|---|---|---|---|---|---|---|---|---|---|---|---|---|---|---|---|---|---|019|002|---|---|---|---|004|---|---|---|---|---|---|---|---|018|---|---|---|013|---|033|---|---|---|---|---|---|---|---|015|---|---|---|---|---|003|---|---|017|---|---|---|---|---|---|---|---|---|001|---|---|---|---|---|---|---|---|---|---|---|---|---|006|---|---|---|---|---|---|---|---|020|---|---|---|---|---|---|---|035|---|---|---|---|---|---|009|---|---|---|---|024|028|---|---|---|031|030|---|015|---|---|---|023|---|---|---|---|009|---|014|---|---|---|---|---|---|026|---|---|---|---|---|---|---|006|---|---|---|---|---|---|---|---|---|---|---|---|---|---|---|---|---|---|---|---|---|---|---|---|---|---|---|---|---|---|032|---|---|---|---|---|---|---|005|---|---|---|---|---|---|---|---|---|025|---|---|---|---|---|---|---|---|---|---|---|---|---|---|---|---|---|---|---|---|---|---|---|---|---|---|---|---|---|---|---|---|---|---|---|---|---|---|---|---|022|---|---|008|---|---|---|---|---|---|---|---|010|010|---|036|036|---|---|011|---|---|---|---|037|---|---|---|---|---|016|016|016|---|---|---|005|---|---|---|034|---|---|010|010|---|---|---|---|---|---|---|---|---|---|---|---|---|---|---|---|---|---|---|---|---|---|---|---|---|021|---|
0208: ---|---|---|004|---|---|010|010|---|---|---|---|010|010|---|004|---|---|---|---|000|---|---|---|024|---|026|---|---|---|009|018|---|---|---|---|---|---|---|---|---|---|---|019|---|028|---|---|---|---|---|---|---|---|---|---|---|---|---|---|---|---|---|---|---|---|---|---|---|---|---|---|---|---|---|029|037|---|---|---|---|---|022|---|---|---|---|---|---|---|015|036|036|---|---|---|---|---|---|---|---|---|---|---|030|---|---|---|002|---|---|---|025|---|012|017|---|---|---|---|---|---|---|---|---|---|---|---|---|---|---|---|---|---|---|006|---|---|---|006|---|---|---|---|---|---|---|---|---|---|---|---|---|---|---|---|---|016|016|016|---|---|005|---|---|034|---|---|---|---|---|---|---|---|---|---|---|---|---|---|---|---|---|---|---|---|008|---|008|---|---|---|---|---|---|---|---|---|---|---|---|---|---|---|---|---|---|---|---|---|021|---|---|---|---|---|---|035|---|---|---|---|---|023|---|---|---|---|---|---|---|---|014|---|---|032|---|---|---|---|033|009|---|---|---|---|---|---|---|013|---|---|---|---|---|020|000|---|---|---|---|---|---|---|---|---|---|---|---|---|---|---|---|---|---|---|---|---|---|---|---|---|---|---|---|001|---|---|---|---|---|---|002|---|---|---|031|---|---|---|---|---|---|---|---|---|---|---|027|027|027|---|---|---|---|011|---|---|007|007|---|---|---|---|---|015|---|---|003|---|---|---|---|---|---|---|---|---|---|---|---|---|---|---|---|---|---|---|---|---|---|---|---|---|---|---|---|---|---|---|
0200: 005|027|027|027|---|---|---|---|---|---|---|---|---|019|---|---|---|---|028|---|---|---|---|---|---|---|036|036|---|---|000|---|002|---|---|---|---|---|---|---|---|---|---|---|---|---|---|---|---|006|---|---|---|---|---|---|---|---|---|---|---|---|---|---|---|---|---|---|---|---|---|---|---|---|---|---|---|---|025|---|---|010|010|---|---|---|022|---|---|---|---|---|---|---|---|---|016|016|016|---|---|---|010|010|---|011|029|---|---|---|---|---|015|---|---|---|---|---|---|---|021|---|---|---|---|---|---|---|---|---|006|---|---|---|---|---|---|---|---|---|---|---|---|---|---|---|---|---|---|---|007|007|---|026|012|---|---|---|---|---|---|---|013|---|---|008|---|---|037|---|---|---|---|---|---|---|---|---|033|---|---|000|023|---|---|---|009|015|---|---|---|---|---|---|---|---|---|---|---|---|---|---|---|---|---|---|---|---|---|---|---|---|---|---|---|---|---|004|---|024|---|---|---|---|---|---|---|---|034|035|---|018|---|---|---|---|---|---|---|---|---|---|---|---|---|---|---|---|---|020|---|---|---|008|---|---|---|---|---|---|---|---|---|---|---|---|---|001|---|---|---|---|---|---|---|---|---|---|---|---|---|---|---|---|---|---|---|---|---|---|---|---|014|---|---|---|---|002|---|---|---|---|---|---|009|---|---|005|032|---|---|---|---|---|---|004|---|---|---|---|---|---|017|---|---|003|---|030|---|---|031|---|---|---|---|---|---|---|---|---|---|---|---|---|---|---|---|---|---|---|---|---|---|---|---|---|---|---|---|---|
0194: ---|---|018|---|---|---|---|---|---|---|---|---|---|---|---|---|---|---|---|---|004|---|003|---|---|037|---|---|---|---|---|036|036|---|---|---|---|---|---|---|---|---|---|022|---|005|---|---|---|---|---|---|---|---|---|---|---|---|---|---|---|---|---|---|---|---|---|---|---|---|---|---|---|---|---|---|---|---|---|---|---|---|000|---|027|027|027|---|---|---|---|---|023|---|015|---|033|---|013|---|---|---|---|---|---|---|---|---|---|---|---|017|014|---|008|---|---|---|---|---|---|---|---|---|---|---|---|---|---|---|---|---|---|---|---|---|---|---|---|---|---|---|---|---|---|016|016|016|---|---|---|---|---|002|019|---|---|---|---|---|---|---|---|030|---|---|012|---|---|035|---|---|009|---|004|010|010|---|034|---|000|---|---|---|---|---|---|---|---|---|020|---|006|---|---|---|---|---|---|---|---|---|---|---|---|---|---|---|---|---|---|---|001|006|---|---|---|---|---|---|032|---|---|---|---|---|---|---|---|---|---|---|---|---|---|026|---|---|---|---|---|---|---|---|011|---|---|---|---|---|008|---|---|---|---|025|---|---|---|015|---|---|---|---|---|---|---|---|---|---|---|---|---|---|---|---|---|---|---|---|---|---|---|---|---|---|---|---|---|---|029|---|---|---|010|010|---|---|---|---|007|007|---|---|---|---|002|---|005|---|---|---|028|---|---|---|024|---|---|---|---|---|---|---|---|---|---|---|---|---|---|031|---|---|---|---|021|---|---|---|---|---|---|---|---|---|---|---|---|---|---|---|---|---|---|---|---|---|---|---|
0194: 016|016|016|---|020|---|---|---|---|000|---|---|---|---|---|---|---|---|---|008|009|---|---|---|---|017|011|035|---|---|---|---|---|---|---|---|---|---|---|---|002|---|015|---|---|---|---|---|---|---|---|---|---|---|---|---|---|---|---|---|---|---|---|---|---|---|---|---|---|---|---|---|036|036|---|---|---|---|029|005|---|---|---|---|---|---|---|009|---|---|---|---|---|---|---|---|---|007|007|030|---|---|032|---|---|---|---|---|---|---|---|031|---|---|---|010|010|010|010|---|---|---|---|---|---|---|---|006|---|---|---|---|---|---|---|---|---|---|---|---|---|---|---|---|---|---|025|---|024|---|---|---|---|028|---|---|---|---|---|---|---|---|---|---|037|---|---|---|---|---|---|---|033|---|---|---|---|---|---|---|002|004|---|---|023|---|---|---|---|---|---|---|---|---|---|---|---|---|---|---|---|---|---|---|---|---|---|---|---|---|---|---|---|---|---|---|---|---|---|---|---|---|---|---|---|---|---|---|---|---|---|015|---|---|---|---|---|008|014|---|---|---|---|---|---|---|---|---|---|---|---|---|---|---|---|---|---|---|018|---|---|---|022|---|---|001|---|---|---|---|---|006|---|---|---|---|---|---|---|---|---|---|---|---|---|---|---|---|---|---|---|---|---|---|027|027|027|---|---|---|005|034|---|---|---|---|---|---|---|---|019|---|003|---|---|---|---|---|---|---|---|012|---|---|004|---|---|---|026|---|---|---|---|013|---|---|---|---|---|---|---|---|021|---|---|---|---|---|---|---|---|---|---|---|---|---|---|---|---|---|
0184: ---|---|---|---|---|---|---|---|---|---|---|---|---|---|035|017|---|---|---|---|023|---|---|---|---|---|---|---|---|---|016|016|016|---|024|---|---|028|002|010|010|---|---|---|---|---|005|---|---|---|---|---|---|---|---|---|---|---|---|---|---|---|---|---|---|---|---|---|---|---|---|---|---|---|---|---|003|---|---|---|---|031|---|---|---|018|---|---|---|---|---|---|009|---|---|---|---|---|---|---|---|---|022|002|---|---|---|---|032|---|---|---|---|---|---|027|027|027|---|---|021|---|---|006|---|---|---|---|---|---|---|---|---|---|---|---|---|---|---|---|---|---|---|---|---|010|010|---|---|---|---|---|---|---|---|---|---|---|---|---|008|---|008|---|---|---|---|---|012|---|---|---|---|---|---|015|---|---|---|---|---|---|---|---|034|---|---|---|004|---|013|---|---|006|---|---|---|---|---|---|---|---|---|---|---|---|---|---|---|---|---|---|---|---|---|---|---|019|---|---|---|---|---|---|---|---|029|---|---|---|---|---|000|---|---|000|---|---|---|---|007|007|---|---|---|---|---|---|---|---|---|---|025|---|---|---|026|---|036|036|---|---|011|---|---|---|---|---|---|---|---|---|---|---|---|---|---|---|---|---|---|---|---|---|---|---|---|---|---|020|015|---|---|---|---|033|---|---|---|---|---|---|---|---|---|---|004|---|---|037|---|---|---|---|---|---|030|---|---|---|014|009|---|---|---|---|---|---|005|---|---|---|---|---|---|---|---|---|---|---|---|---|---|---|---|---|---|---|---|---|---|---|---|---|---|---|---|001|---|---|
0176: ---|015|016|016|016|---|---|---|---|---|---|---|---|---|---|---|---|---|023|---|---|003|---|---|---|027|027|027|---|---|---|010|010|037|---|---|008|---|---|014|---|---|---|---|---|---|024|---|---|---|---|---|---|---|---|---|---|---|---|---|---|---|---|---|---|---|---|---|---|---|---|---|000|---|---|032|---|---|025|---|---|---|---|---|---|---|---|---|---|---|---|---|---|---|---|---|---|---|---|013|---|---|---|020|004|017|---|---|000|---|---|---|---|---|---|---|034|---|009|---|006|---|---|---|---|---|---|---|---|---|---|---|001|---|---|---|---|---|---|---|---|---|---|---|---|---|---|---|---|---|---|002|011|---|031|---|010|010|---|---|005|---|---|---|---|---|---|---|---|---|---|004|035|---|---|---|008|---|---|---|---|---|---|---|---|---|---|---|---|---|---|---|---|---|---|---|---|---|---|---|---|---|---|---|---|---|---|---|---|---|---|---|---|---|---|---|---|---|---|022|---|---|---|---|---|028|---|---|012|---|---|---|---|---|---|---|---|---|---|---|---|---|007|007|---|---|015|---|036|036|---|---|033|---|---|---|---|---|---|026|---|030|---|---|---|---|---|---|---|---|021|---|---|---|---|---|---|---|---|---|---|---|---|---|---|---|---|---|---|---|---|---|---|---|---|---|---|---|---|---|---|---|---|---|002|---|---|---|---|---|---|---|---|005|---|---|---|---|---|---|---|---|---|---|---|---|018|---|029|---|---|019|---|---|---|---|---|---|006|---|---|---|---|---|---|---|---|---|---|---|---|---|---|---|---|---|---|---|---|---|
0170: ---|---|---|---|---|---|---|---|---|033|034|---|---|---|---|---|---|---|---|010|010|---|---|---|---|---|010|010|---|---|---|---|---|---|009|---|---|---|029|---|005|---|---|---|018|011|---|---|---|---|---|---|---|---|---|---|---|---|---|---|---|---|---|---|---|---|---|---|---|---|---|---|008|---|---|---|---|---|---|016|016|016|---|---|027|027|027|---|---|---|---|---|---|002|024|---|---|---|---|030|---|---|020|---|---|---|032|---|---|---|---|---|---|---|017|---|014|---|---|---|---|---|---|006|---|---|---|---|---|---|001|---|---|---|---|---|---|---|---|---|---|---|---|---|---|---|---|---|---|---|---|---|---|---|---|---|---|---|---|---|---|---|025|---|019|---|---|---|---|---|---|---|031|---|---|---|---|---|037|---|---|015|---|---|---|---|---|004|028|---|---|---|---|---|---|---|---|---|---|---|---|---|---|---|---|---|---|---|---|---|---|---|---|---|---|---|003|---|---|009|---|---|026|---|---|---|---|---|---|015|---|---|---|---|---|---|---|004|---|---|012|---|---|---|000|---|---|---|---|---|035|---|---|013|---|---|---|---|005|---|---|---|---|---|---|006|---|---|---|---|---|---|---|---|---|---|---|---|---|---|---|---|---|---|---|---|---|---|---|---|---|---|---|---|---|---|007|007|---|---|---|---|---|---|---|---|---|022|---|---|---|---|---|023|---|---|---|---|---|036|036|000|---|---|---|---|---|008|---|---|---|002|---|---|---|---|---|---|---|---|---|---|---|---|---|---|---|---|---|---|021|---|---|---|---|---|---|---|---|---|
0162: ---|---|029|---|011|---|---|012|---|---|035|---|---|008|---|---|---|---|---|---|---|034|---|---|---|004|---|---|---|---|---|---|028|---|---|---|---|---|---|---|---|---|---|000|---|---|---|---|---|---|---|---|---|---|---|---|---|---|---|---|---|---|---|---|---|---|---|---|---|---|---|---|---|---|---|---|---|---|016|016|016|---|---|---|---|---|---|015|---|---|---|---|014|002|---|---|---|---|---|015|---|---|010|010|---|008|031|---|---|---|---|---|---|---|---|---|---|---|---|---|---|---|006|---|---|---|---|---|---|006|---|---|---|---|---|---|---|---|---|---|---|---|---|---|---|---|010|010|---|---|---|---|030|---|---|---|---|---|---|---|---|---|---|---|---|000|005|---|013|024|---|---|---|---|009|026|---|004|---|---|009|---|---|025|---|---|---|---|---|003|---|---|---|---|---|---|---|---|---|021|---|---|---|---|---|---|---|---|---|---|---|---|---|---|---|---|---|018|---|---|---|---|---|---|---|---|---|---|---|---|036|036|---|---|---|---|---|---|037|---|019|---|---|---|---|---|---|---|---|---|---|---|---|---|---|033|---|---|---|---|---|005|---|---|---|---|---|001|---|---|---|---|---|---|---|---|---|---|---|---|---|---|---|---|---|---|---|---|---|---|---|---|---|---|---|---|---|002|---|---|---|---|017|---|---|---|---|---|023|---|---|---|---|---|020|022|---|---|---|---|---|---|---|---|032|027|027|027|---|---|---|007|007|---|---|---|---|---|---|---|---|---|---|---|---|---|---|---|---|---|---|---|---|---|---|---|---|---|---|---|
0160: ---|---|---|---|---|---|---|---|004|---|---|---|000|033|---|---|---|---|---|---|012|---|---|---|---|---|---|035|---|---|---|---|002|---|---|---|---|---|---|037|---|---|---|---|---|011|---|---|---|---|---|---|---|---|---|---|---|---|---|---|---|---|---|---|---|---|---|---|---|---|---|---|010|010|---|---|025|---|030|---|008|---|---|---|014|016|016|016|034|---|---|010|010|---|---|---|---|---|---|022|024|---|---|---|---|---|009|---|---|---|---|029|---|---|---|007|007|---|---|---|---|---|---|---|---|---|---|---|---|---|---|---|---|---|---|---|---|---|---|001|---|---|---|---|---|---|---|009|---|---|---|---|---|---|028|---|---|---|---|---|---|---|---|---|---|---|---|---|027|027|027|---|---|---|---|003|---|---|---|---|---|---|---|---|018|---|---|---|---|---|---|---|---|---|---|---|---|---|---|---|---|---|---|---|---|---|---|---|---|---|---|---|---|006|---|---|---|---|---|---|015|---|---|---|---|---|032|---|---|---|---|---|---|---|---|---|---|023|---|---|---|---|---|---|---|---|002|---|---|---|031|---|---|017|---|000|---|---|---|019|---|---|---|---|---|---|---|---|---|---|---|---|---|---|---|---|---|---|---|---|---|---|006|---|---|---|---|---|---|---|026|---|---|---|---|---|020|015|---|---|005|---|013|---|---|---|---|---|---|---|005|---|---|---|036|036|---|---|---|---|---|---|---|---|---|---|---|---|---|---|---|008|---|---|---|---|---|---|---|---|---|---|---|---|---|---|---|---|---|021|---|---|---|---|---|---|---|---|---|---|
0138: ---|---|---|002|---|---|---|010|010|---|---|---|---|035|---|---|009|---|---|---|---|---|---|---|---|---|023|---|034|---|---|---|---|022|037|---|---|---|---|---|---|---|---|---|---|---|---|---|021|---|---|---|---|---|---|---|---|---|---|---|---|---|---|---|---|---|---|---|---|---|---|---|---|---|016|016|016|---|---|---|012|---|---|---|---|---|---|---|---|---|---|---|---|---|---|---|---|---|020|---|014|---|---|---|---|---|---|---|---|---|---|015|004|---|008|---|---|---|---|---|---|---|---|---|---|---|---|---|---|---|---|---|---|---|---|---|006|---|---|---|---|---|---|---|---|---|007|007|017|---|---|---|---|005|019|---|018|---|027|027|027|---|---|---|---|---|---|---|---|---|---|000|---|---|---|---|000|013|---|---|---|---|---|---|---|---|029|036|036|---|---|---|---|---|---|---|---|---|---|---|---|---|---|---|---|---|---|---|---|---|---|---|---|---|---|---|032|---|---|---|005|---|---|---|---|---|---|---|---|---|---|---|---|---|---|---|---|---|---|---|031|---|---|---|---|---|---|015|---|---|008|---|---|---|---|033|---|---|---|025|---|---|---|---|---|---|---|---|---|---|---|---|---|---|---|---|---|---|---|---|---|---|---|---|---|---|---|---|009|---|026|---|---|---|---|---|---|---|---|---|010|010|---|---|---|---|---|---|---|---|---|---|---|---|---|---|---|---|003|030|---|---|---|---|---|004|---|---|024|---|011|---|028|---|002|---|---|---|---|---|001|---|---|---|---|---|---|---|006|---|---|---|---|---|---|---|---|---|---|---|
0138: ---|---|---|---|013|---|---|---|---|---|---|---|---|005|015|---|003|---|---|---|---|---|---|---|---|---|---|---|029|---|---|---|007|007|---|---|---|---|---|---|---|---|---|---|---|---|---|---|---|021|---|---|001|---|---|---|---|---|---|---|---|---|---|---|---|---|---|---|---|---|---|---|---|---|---|---|---|---|---|033|---|---|005|---|---|---|---|---|009|---|---|---|---|022|---|---|---|036|036|---|---|---|030|---|---|---|---|---|---|---|---|---|---|---|---|008|---|032|014|---|---|---|---|---|---|---|---|---|---|---|---|---|---|---|006|---|---|---|---|---|---|---|---|---|---|035|002|---|---|---|---|---|---|---|017|---|---|004|---|---|---|---|---|---|---|---|---|---|016|016|016|---|020|---|---|---|---|---|037|---|---|---|---|002|---|---|---|009|012|---|---|---|---|---|---|---|---|---|---|---|---|---|---|---|---|---|---|---|---|---|---|---|---|---|---|---|028|---|---|---|025|---|---|---|---|---|---|---|---|---|---|---|019|---|015|008|---|---|---|---|---|---|---|---|---|---|---|---|---|---|---|---|---|---|010|010|---|---|024|---|010|010|---|---|---|---|---|---|---|---|---|---|---|---|---|---|---|---|---|---|---|---|---|---|---|006|---|---|---|---|004|---|---|---|---|---|034|---|---|---|---|031|023|018|---|---|---|---|---|---|---|---|---|---|000|---|---|---|---|---|---|---|---|---|000|---|027|027|027|---|---|011|---|---|026|---|---|---|---|---|---|---|---|---|---|---|---|---|---|---|---|---|---|---|---|---|---|---|---|---|
0132: ---|---|005|010|010|---|---|---|---|---|---|---|---|---|002|---|---|---|022|---|017|004|---|---|011|---|---|---|014|---|---|---|---|003|---|---|002|---|---|---|---|---|---|---|008|004|---|---|---|---|---|---|---|---|---|---|---|---|---|---|---|---|---|---|---|---|---|---|---|---|---|---|---|---|---|---|---|---|---|032|009|---|---|---|016|016|016|---|---|---|---|015|---|---|---|---|---|013|---|025|---|---|---|---|---|005|---|---|---|---|---|035|---|---|---|027|027|027|---|---|---|---|---|---|---|---|---|---|---|---|---|---|---|---|---|---|---|---|---|---|---|---|---|---|---|---|033|---|---|---|---|---|---|---|---|---|---|---|010|010|---|---|020|---|023|---|---|---|---|031|---|007|007|---|---|---|---|---|024|---|---|---|---|---|---|---|---|---|---|---|---|---|---|---|---|---|006|---|---|---|006|---|---|---|---|---|---|001|---|---|---|---|---|---|---|---|---|---|---|019|---|---|---|---|---|---|034|---|030|---|---|---|009|---|---|037|---|---|---|---|029|---|---|---|---|---|---|---|---|---|018|---|---|---|---|---|---|---|---|---|---|---|---|---|---|---|---|---|---|---|---|---|---|---|---|---|---|---|---|---|---|---|---|---|---|---|---|---|---|008|---|000|---|---|---|---|---|---|015|---|---|---|---|---|---|---|---|---|---|026|000|---|---|---|---|---|---|---|012|---|---|---|---|---|028|---|---|036|036|---|---|---|---|---|---|---|---|---|---|---|---|---|---|021|---|---|---|---|---|---|---|---|---|---|---|---|---|---|---|---|
0128: ---|---|034|---|020|---|---|---|033|---|---|---|---|---|---|005|---|---|018|---|010|010|---|---|---|---|---|---|---|---|---|---|---|---|031|---|009|---|007|007|---|---|---|004|---|---|---|---|---|---|---|---|---|---|---|---|---|---|---|---|---|---|---|---|---|---|---|---|---|021|---|---|---|---|---|015|013|---|028|---|---|000|---|---|---|---|---|---|---|---|---|---|---|---|---|---|---|---|---|---|005|---|---|---|---|---|---|---|---|---|---|---|---|---|---|024|---|035|---|---|---|---|---|---|---|---|---|---|---|---|---|---|001|---|---|---|---|---|---|---|---|---|006|---|---|---|003|---|---|---|---|---|---|---|---|---|---|---|---|004|---|---|---|---|---|---|---|---|014|---|---|002|---|---|---|---|015|---|---|---|---|---|008|---|---|---|---|---|---|---|---|---|---|---|---|---|---|---|---|---|---|006|---|---|---|---|---|---|---|---|---|---|---|---|---|---|025|022|---|---|---|---|---|---|---|---|017|---|---|019|---|---|023|---|---|---|---|036|036|---|---|---|---|011|---|---|---|---|---|---|---|---|---|000|---|029|---|---|---|---|---|---|030|---|---|---|---|---|---|---|---|---|---|---|---|---|---|---|---|---|---|---|---|---|---|---|---|---|---|002|---|---|---|---|---|---|012|---|---|---|027|027|027|---|---|---|016|016|016|---|032|---|---|009|008|---|---|---|---|---|010|010|---|---|---|---|---|---|---|---|---|---|---|---|037|---|---|---|---|---|---|---|---|---|---|---|---|---|---|---|---|---|---|---|---|---|---|---|---|---|
0110: ---|002|030|---|---|---|---|---|---|---|---|---|---|---|---|---|---|---|---|---|---|---|---|---|---|009|---|---|---|---|---|---|---|---|---|---|---|---|005|---|---|---|---|---|---|---|---|---|---|---|---|---|---|---|---|---|---|---|---|---|---|---|---|---|---|---|---|---|---|---|---|---|---|---|---|---|---|---|---|---|008|---|---|---|---|000|---|028|033|---|034|---|---|014|032|---|---|---|005|---|---|---|---|---|---|019|---|---|010|010|---|015|---|---|---|---|---|---|000|---|---|---|---|---|---|---|---|---|---|---|---|---|---|021|---|---|---|---|---|---|---|---|---|---|---|---|031|---|037|---|---|004|---|---|---|---|---|---|---|---|---|---|---|---|---|---|008|---|---|035|---|---|012|---|---|015|---|---|---|---|---|---|---|---|---|---|---|027|027|027|018|---|---|---|---|---|---|---|---|---|---|---|---|---|---|---|---|---|---|---|---|---|---|006|---|---|---|---|---|---|---|---|---|---|---|024|---|---|---|---|---|007|007|---|020|---|---|---|---|---|---|013|---|011|023|---|---|---|---|---|---|---|---|---|---|---|---|---|---|---|---|---|017|---|---|---|---|---|---|---|---|---|---|---|006|---|---|001|---|---|---|---|---|---|---|---|---|---|---|---|---|---|---|---|---|---|---|---|---|---|010|010|009|003|022|---|---|---|---|---|---|---|---|---|026|029|---|---|---|---|---|---|004|---|016|016|016|---|025|---|---|---|002|036|036|---|---|---|---|---|---|---|---|---|---|---|---|---|---|---|---|---|---|---|---|---|---|---|---|---|
5000 Generations finished after 12604ms
0938: 010|007|007|---|---|---|015|---|015|---|---|---|014|003|020|005|---|---|005|010|010|---|---|---|009|004|008|---|---|---|025|022|---|---|---|---|009|002|---|---|---|---|027|027|027|---|---|---|---|---|---|---|---|---|---|---|---|---|---|---|---|001|---|---|---|---|---|006|---|---|---|---|018|017|016|016|---|---|033|---|007|---|---|---|016|016|016|---|---|---|015|013|---|---|---|---|012|015|002|---|---|---|015|015|000|---|---|---|000|005|027|027|015|---|---|015|000|---|---|---|---|---|---|---|---|---|006|---|---|---|---|---|---|006|---|---|---|---|---|---|---|---|---|---|027|027|027|004|---|---|027|027|027|---|---|---|028|010|---|---|---|---|030|010|010|---|---|---|005|026|008|---|---|---|010|010|---|---|---|---|027|027|027|---|---|---|002|016|016|---|---|---|---|021|---|---|---|---|---|---|---|---|---|---|---|---|---|---|---|---|---|---|---|---|---|---|011|---|---|---|---|---|023|000|---|---|---|---|034|031|---|005|---|---|019|032|---|---|---|---|007|007|---|---|---|---|010|010|010|010|---|---|000|015|---|---|---|---|037|005|---|---|---|---|006|---|---|---|---|---|006|---|---|---|---|---|---|---|---|---|---|---|006|---|---|---|---|---|035|024|016|016|009|---|036|036|---|---|---|---|005|027|027|027|---|---|---|005|---|---|009|---|009|029|010|010|---|---|015|009|010|010|---|---|000|008|015|---|---|---|009|008|009|---|---|---|---|---|---|---|---|---|---|---|---|---|---|---|006|---|---|---|---|---|---|006|---|---|---|---|
0936: 010|007|007|---|---|---|015|---|015|---|---|---|---|003|020|---|---|---|005|010|010|---|---|---|009|004|008|---|---|---|025|022|---|---|---|---|009|002|---|---|---|---|027|027|027|---|---|---|021|---|---|---|---|---|---|---|---|---|---|---|006|---|---|---|---|---|---|006|---|---|---|---|018|---|016|016|---|---|033|---|007|---|---|---|016|016|016|---|---|---|015|013|---|---|---|---|012|015|002|---|---|---|015|015|000|---|---|---|000|005|027|027|015|---|015|015|---|---|---|---|---|---|---|---|---|---|006|---|---|---|---|---|001|006|---|---|---|---|---|---|006|---|---|---|027|027|027|004|---|---|027|027|027|---|---|---|028|010|---|---|---|---|030|010|010|---|---|---|005|026|008|---|---|---|010|010|---|---|---|---|027|027|027|---|---|---|002|016|016|---|---|---|---|---|---|---|---|---|---|---|---|---|---|---|---|---|---|---|---|---|---|---|---|---|---|---|011|014|---|---|---|---|023|032|---|---|---|---|034|031|---|005|---|---|019|009|---|---|---|---|007|007|---|---|---|---|010|010|010|010|---|---|000|---|---|---|---|---|037|005|---|---|---|---|---|---|---|---|---|---|006|---|---|---|---|---|---|---|---|---|---|---|006|---|---|---|---|---|035|024|016|016|009|---|036|036|---|---|---|---|005|027|027|027|---|---|---|005|---|---|009|---|009|029|004|005|---|---|015|009|010|010|---|---|000|008|015|---|---|---|009|008|009|---|---|---|---|---|---|---|---|---|---|---|---|---|---|---|006|---|---|---|---|---|---|006|---|---|---|---|
0936: 010|007|007|---|---|---|015|---|015|---|---|---|014|003|020|005|---|---|005|010|010|---|---|---|009|004|008|---|---|---|025|022|---|---|---|---|009|002|---|---|---|---|027|027|027|---|---|---|---|---|---|---|---|---|---|---|---|---|---|---|---|001|---|---|---|---|---|006|---|---|---|---|018|017|016|016|---|---|033|---|007|---|---|---|016|016|016|---|---|---|015|013|---|---|---|---|012|015|002|---|---|---|015|015|000|---|---|---|000|005|027|027|015|---|---|015|000|---|---|---|---|---|---|---|---|---|006|---|---|---|---|---|---|006|---|---|---|---|---|---|---|---|---|---|027|027|027|004|---|---|027|027|027|---|---|---|028|010|---|---|---|---|030|010|010|---|---|---|005|026|010|010|---|---|010|010|---|---|---|---|027|027|027|---|---|---|002|016|016|---|---|---|---|021|---|---|---|---|---|---|---|---|---|---|---|---|---|---|---|---|---|---|---|---|---|---|011|---|---|---|---|---|023|000|---|---|---|---|034|031|---|005|---|---|019|032|---|---|---|---|007|007|---|---|---|---|010|010|010|010|---|---|000|015|---|---|---|---|037|005|---|---|---|---|006|---|---|---|---|---|006|---|---|---|---|---|---|---|---|---|---|---|006|---|---|---|---|---|035|024|016|016|009|---|036|036|---|---|---|---|005|027|027|027|---|---|---|005|---|---|009|---|009|029|010|010|---|---|015|009|010|010|---|---|000|008|015|---|---|---|009|008|009|---|---|---|---|---|---|---|---|---|---|---|---|---|---|---|006|---|---|---|---|---|---|006|---|---|---|---|
0932: 010|007|007|---|---|---|015|---|015|---|---|---|---|003|020|---|---|---|005|010|010|---|---|---|009|004|008|---|---|---|025|022|---|---|---|---|009|002|---|---|---|---|027|027|027|---|---|---|021|---|---|---|---|---|---|---|---|---|---|---|006|---|---|---|---|---|---|006|---|---|---|---|018|---|016|016|---|---|033|---|007|---|---|---|016|016|016|---|---|---|015|013|---|---|---|---|012|015|002|---|---|---|015|015|000|---|---|---|000|005|027|027|015|---|015|015|---|---|---|---|---|---|---|---|---|---|006|---|---|---|---|---|001|006|---|---|---|---|---|---|006|---|---|---|027|027|027|004|---|---|027|027|027|---|---|---|028|010|---|---|---|---|030|010|010|---|---|---|005|026|008|---|---|---|010|010|---|---|---|---|027|027|027|---|---|---|002|016|016|---|---|---|---|---|---|---|---|---|---|---|---|---|---|---|---|---|---|---|---|---|---|---|---|---|---|---|011|014|---|---|---|---|023|032|---|---|---|---|034|031|---|005|---|---|019|009|---|---|---|---|007|007|---|---|---|---|010|010|010|010|---|---|000|---|---|---|---|---|037|005|---|---|---|---|---|---|---|---|---|---|006|---|---|---|---|---|---|---|---|---|---|---|006|---|---|---|---|---|035|024|016|016|009|---|036|036|---|---|---|---|005|027|027|027|---|---|---|005|---|---|009|---|009|029|---|005|---|---|015|009|010|010|---|---|000|008|015|---|---|---|009|008|009|---|---|---|---|---|---|---|---|---|---|---|---|---|---|---|006|---|---|---|---|---|---|006|---|---|---|---|
0932: 010|007|007|---|---|---|015|---|015|---|---|---|---|003|020|---|---|---|005|010|010|---|---|---|009|004|008|---|---|---|025|022|---|---|---|---|009|002|---|---|---|---|027|027|027|---|---|---|---|---|---|---|---|---|---|---|---|---|---|---|006|---|---|---|---|---|---|006|---|---|---|---|018|---|016|016|---|---|033|---|007|---|---|---|016|016|016|---|---|---|015|013|---|---|---|---|012|015|002|---|---|---|015|015|000|---|---|---|000|005|027|027|015|---|015|015|---|---|---|---|021|---|---|---|---|---|006|---|---|---|---|---|001|006|---|---|---|---|---|---|006|---|---|---|027|027|027|004|---|---|027|027|027|---|---|---|028|010|---|---|---|---|030|010|010|---|---|---|005|026|008|---|---|---|010|010|---|---|---|---|027|027|027|---|---|---|002|016|016|---|---|---|---|---|---|---|---|---|---|---|---|---|---|---|---|---|---|---|---|---|---|---|---|---|---|---|011|014|---|---|---|---|023|032|---|---|---|---|034|031|---|005|---|---|019|009|---|---|---|---|007|007|---|---|---|---|010|010|010|010|---|---|000|---|---|---|---|---|037|005|---|---|---|---|---|---|---|---|---|---|006|---|---|---|---|---|---|---|---|---|---|---|006|---|---|---|---|---|035|024|016|016|009|---|036|036|---|---|---|---|005|027|027|027|---|---|---|005|---|---|009|---|009|029|---|005|---|---|015|009|010|010|---|---|000|008|015|---|---|---|009|008|009|---|---|---|---|---|---|---|---|---|---|---|---|---|---|---|006|---|---|---|---|---|---|006|---|---|---|---|
0930: 010|007|007|---|---|---|015|---|015|---|---|---|014|003|020|005|---|---|005|010|010|---|---|---|009|004|008|---|---|---|025|022|---|---|---|---|009|002|---|---|---|---|027|027|027|---|---|---|---|---|---|---|---|---|---|---|---|---|---|---|---|001|---|---|---|---|---|006|---|---|---|---|018|017|016|016|---|---|033|---|007|---|---|---|016|016|016|---|---|---|015|013|---|---|---|---|012|015|002|---|---|---|015|015|000|---|---|---|000|005|027|027|015|---|---|015|000|---|---|---|---|---|---|---|---|---|006|021|---|---|---|---|---|006|---|---|---|---|---|---|---|---|---|---|027|027|027|004|---|---|027|027|027|---|---|---|028|010|---|---|---|---|030|010|010|---|---|---|005|026|008|---|---|---|010|010|---|---|---|---|027|027|027|---|---|---|002|016|016|---|---|---|---|---|---|---|---|---|---|---|---|---|---|---|---|---|---|---|---|---|---|---|---|---|---|---|011|---|---|---|---|---|023|000|---|---|---|---|034|031|---|005|---|---|019|032|---|---|---|---|007|007|---|---|---|---|010|010|010|010|---|---|000|---|---|---|---|---|037|005|---|---|---|---|006|---|---|---|---|---|006|---|---|---|---|---|---|---|---|---|---|---|006|---|---|---|---|---|035|024|016|016|009|---|036|036|---|---|---|---|005|027|027|027|---|---|---|005|---|---|009|---|009|029|010|010|---|---|015|009|010|010|---|---|000|008|015|---|---|---|009|008|009|---|---|---|---|---|---|---|---|---|---|---|---|---|---|---|006|---|---|---|---|---|---|006|---|---|---|---|
0930: 010|007|007|---|---|---|015|---|015|---|---|---|032|003|020|---|---|---|---|010|010|---|---|---|009|004|008|---|---|---|025|022|008|---|---|---|009|002|---|---|---|---|027|027|027|---|---|---|021|---|---|---|---|---|---|---|---|---|---|---|006|---|---|---|---|---|---|006|---|---|---|---|018|005|016|016|---|---|033|---|007|---|---|---|016|016|016|---|---|---|015|013|---|---|---|---|012|015|002|---|---|---|015|015|000|---|---|---|000|005|027|027|015|---|015|015|---|---|---|---|001|---|---|---|---|---|006|---|---|---|---|---|---|006|---|---|---|---|---|---|---|---|---|---|027|027|027|004|---|---|027|027|027|---|---|---|028|010|---|008|---|---|030|010|010|---|---|---|005|026|008|---|---|---|010|010|---|---|---|---|027|027|027|---|---|---|002|016|016|---|---|---|---|---|---|---|---|---|---|---|---|---|---|---|---|---|---|---|---|---|---|---|---|---|---|---|011|014|---|---|---|---|023|---|---|---|---|---|034|031|---|005|---|---|019|009|---|---|---|---|007|007|---|---|---|---|010|010|010|010|---|---|000|---|---|---|---|---|037|005|---|---|---|---|---|---|---|---|---|---|006|---|---|---|---|---|---|---|---|---|---|---|006|---|---|---|---|---|035|024|016|016|009|---|036|036|---|---|---|---|005|027|027|027|---|---|---|005|---|---|009|---|009|029|---|005|---|---|015|009|010|010|---|---|000|008|015|---|---|---|009|008|009|---|---|---|---|---|---|---|---|---|---|---|---|---|---|---|006|---|---|---|---|---|---|006|---|---|---|---|
0930: 010|007|007|---|---|---|015|---|015|---|---|---|014|003|020|005|---|---|005|010|010|---|---|---|009|004|008|---|---|---|025|022|---|---|---|---|009|002|---|---|---|---|027|027|027|---|---|---|---|---|---|---|---|---|---|---|---|---|---|---|---|001|---|---|---|---|---|006|---|---|---|---|018|017|016|016|---|---|033|---|007|---|---|---|016|016|016|---|---|---|015|013|---|---|---|---|012|015|002|---|---|---|015|015|000|---|---|---|000|005|027|027|015|---|---|015|000|---|---|---|---|021|---|---|---|---|006|---|---|---|---|---|---|006|---|---|---|---|---|---|---|---|---|---|027|027|027|004|---|---|027|027|027|---|---|---|028|010|---|---|---|---|030|010|010|---|---|---|005|026|008|---|---|---|010|010|---|---|---|---|027|027|027|---|---|---|002|016|016|---|---|---|---|---|---|---|---|---|---|---|---|---|---|---|---|---|---|---|---|---|---|---|---|---|---|---|011|---|---|---|---|---|023|000|---|---|---|---|034|031|---|005|---|---|019|032|---|---|---|---|007|007|---|---|---|---|010|010|010|010|---|---|000|---|---|---|---|---|037|005|---|---|---|---|006|---|---|---|---|---|006|---|---|---|---|---|---|---|---|---|---|---|006|---|---|---|---|---|035|024|016|016|009|---|036|036|---|---|---|---|005|027|027|027|---|---|---|005|---|---|009|---|009|029|010|010|---|---|015|009|010|010|---|---|000|008|015|---|---|---|009|008|009|---|---|---|---|---|---|---|---|---|---|---|---|---|---|---|006|---|---|---|---|---|---|006|---|---|---|---|
0930: 010|007|007|---|---|---|015|---|015|---|---|---|014|003|020|005|---|---|005|010|010|---|---|---|009|004|008|---|---|---|025|022|---|---|---|---|009|002|---|---|---|---|027|027|027|---|---|---|---|---|---|---|---|---|---|---|---|---|---|---|---|001|---|---|---|---|---|006|---|---|---|---|018|017|016|016|---|---|033|---|007|---|---|---|016|016|016|---|---|---|015|013|030|---|---|---|012|015|002|---|---|---|015|015|000|---|---|---|000|005|027|027|015|---|---|015|000|---|---|---|---|---|---|---|---|---|006|---|---|---|---|---|---|006|---|---|---|---|---|---|---|---|---|---|027|027|027|004|---|---|027|027|027|---|---|---|028|010|---|---|---|---|---|010|010|---|---|---|005|026|010|010|---|---|010|010|---|---|---|---|027|027|027|---|---|---|002|016|016|---|---|---|---|021|---|---|---|---|---|---|---|---|---|---|---|---|---|---|---|---|---|---|---|---|---|---|011|---|---|---|---|---|023|000|---|---|---|---|034|031|---|005|---|---|019|032|---|---|---|---|007|007|---|---|---|---|010|010|010|010|---|---|000|015|---|---|---|---|037|005|---|---|---|---|006|---|---|---|---|---|006|---|---|---|---|---|---|---|---|---|---|---|006|---|---|---|---|---|035|024|016|016|009|---|036|036|---|---|---|---|005|027|027|027|---|---|---|005|---|---|009|---|009|029|010|010|---|---|015|009|010|010|---|---|000|008|015|---|---|---|009|008|009|---|---|---|---|---|---|---|---|---|---|---|---|---|---|---|006|---|---|---|---|---|---|006|---|---|---|---|
0930: 010|007|007|---|---|---|015|---|015|---|---|---|014|003|020|005|---|---|005|010|010|---|---|---|009|004|008|---|---|---|016|016|016|---|---|---|009|002|---|---|---|---|027|027|027|---|---|---|---|---|---|---|---|---|---|---|---|---|---|---|---|---|---|---|---|---|---|006|---|---|---|---|018|017|---|016|---|---|033|---|007|---|---|---|016|016|016|---|---|---|015|013|---|---|---|---|012|015|002|---|---|---|015|015|000|---|---|---|000|005|027|027|015|---|---|015|000|---|---|---|---|021|---|---|---|---|006|---|---|---|---|---|---|006|---|---|---|---|---|---|---|---|---|---|027|027|027|004|---|---|027|027|027|---|---|---|028|010|---|---|---|---|030|010|010|---|---|---|005|026|008|---|---|---|010|010|---|---|---|---|027|027|027|---|---|---|002|016|016|---|---|---|---|---|---|---|---|---|---|---|---|---|---|---|---|---|---|---|---|---|---|---|---|---|---|---|011|---|---|---|---|---|023|000|---|---|---|---|034|031|---|005|---|---|019|032|---|---|---|---|007|007|---|---|---|---|010|010|010|010|---|---|000|---|---|---|---|---|037|005|---|---|---|---|006|001|---|---|---|---|006|---|---|---|---|---|---|---|---|---|---|---|006|---|---|---|---|---|035|024|016|016|009|---|036|036|---|---|---|---|005|027|027|027|---|---|---|005|---|---|009|---|009|029|010|010|---|---|015|009|010|010|---|---|000|008|015|---|---|---|009|008|009|---|---|---|---|---|---|---|---|---|---|---|---|---|---|---|006|---|---|---|---|---|---|006|---|---|---|---|
0930: 010|007|007|---|---|---|015|---|015|---|---|---|032|003|020|---|---|---|005|010|010|---|---|---|009|004|008|---|---|---|025|022|---|---|---|---|009|002|---|---|---|---|027|027|027|---|---|---|021|---|---|---|---|---|---|---|---|---|---|---|006|---|---|---|---|---|---|006|---|---|---|---|018|---|016|016|---|---|033|---|007|---|---|---|016|016|016|---|---|---|015|013|---|---|---|---|012|015|002|---|---|---|015|015|000|---|---|---|000|005|027|027|015|---|015|015|---|---|---|---|---|---|---|---|---|---|006|---|---|---|---|---|001|006|---|---|---|---|---|---|---|---|---|---|027|027|027|004|---|---|027|027|027|---|---|---|028|010|---|---|---|---|030|010|010|---|---|---|005|026|008|---|---|---|010|010|---|---|---|---|027|027|027|---|---|---|002|016|016|---|---|---|---|---|---|---|---|---|---|---|---|---|---|---|---|---|---|---|---|---|---|---|---|---|---|---|011|014|---|---|---|---|023|---|---|---|---|---|034|031|---|005|---|---|019|009|---|---|---|---|007|007|---|---|---|---|010|010|010|010|---|---|000|---|---|---|---|---|037|005|---|---|---|---|---|---|---|---|---|---|006|---|---|---|---|---|---|---|---|---|---|---|006|---|---|---|---|---|035|024|016|016|009|---|036|036|---|---|---|---|005|027|027|027|---|---|---|005|---|---|009|---|009|029|---|005|---|---|015|009|010|010|---|---|000|008|015|---|---|---|009|008|009|---|---|---|---|---|---|---|---|---|---|---|---|---|---|---|006|---|---|---|---|---|---|006|---|---|---|---|
0930: 010|007|007|---|---|---|015|---|015|---|---|---|014|003|020|005|---|---|005|010|010|---|---|---|009|004|008|---|---|---|025|022|---|---|---|---|009|002|---|---|---|---|027|027|027|---|---|---|---|---|---|---|---|---|---|---|---|---|---|---|---|001|---|---|---|---|---|006|---|---|---|---|018|017|016|016|---|---|033|---|007|---|---|---|016|016|016|---|---|---|015|013|---|---|---|---|012|015|002|---|---|---|015|015|000|---|---|---|000|005|027|027|015|---|---|015|000|---|---|---|---|---|---|---|---|---|006|---|---|---|---|---|---|006|---|---|---|---|---|---|---|---|---|---|027|027|027|004|---|---|027|027|027|---|---|---|028|010|---|---|---|---|030|010|010|---|---|---|005|026|008|---|---|---|010|010|---|---|---|---|027|027|027|---|---|---|002|016|016|---|---|---|---|021|---|---|---|---|---|---|---|---|---|---|---|---|---|---|---|---|---|---|---|---|---|---|011|---|---|---|---|---|023|000|---|---|---|---|034|031|---|005|---|---|019|032|---|---|---|---|007|007|---|---|---|---|010|010|010|010|---|---|000|---|---|---|---|---|037|005|---|---|---|---|006|---|---|---|---|---|006|---|---|---|---|---|---|---|---|---|---|---|006|---|---|---|---|---|035|024|016|016|009|---|036|036|---|---|---|---|005|027|027|027|---|---|---|005|---|---|009|---|009|029|010|010|---|---|015|009|010|010|---|---|000|008|015|---|---|---|009|008|009|---|---|---|---|---|---|---|---|---|---|---|---|---|---|---|006|---|---|---|---|---|---|006|---|---|---|---|
0930: 010|007|007|---|---|---|015|---|015|---|---|---|032|003|020|---|---|---|005|010|010|---|---|---|009|004|008|---|---|---|025|022|---|---|---|---|009|002|---|---|---|---|027|027|027|---|---|---|021|---|---|---|---|---|---|---|---|---|---|---|006|---|---|---|---|---|---|006|---|---|---|---|018|---|016|016|---|---|033|---|007|---|---|---|016|016|016|---|---|---|015|013|---|---|---|---|012|015|002|---|---|---|015|015|000|---|---|---|000|005|027|027|015|---|009|015|---|---|---|---|---|---|---|---|---|---|006|---|---|---|---|---|001|006|---|---|---|---|---|---|---|---|---|---|027|027|027|004|---|---|027|027|027|---|---|---|028|010|---|---|---|---|030|010|010|---|---|---|005|026|008|---|---|---|010|010|---|---|---|---|027|027|027|---|---|---|002|016|016|---|---|---|---|---|---|---|---|---|---|---|---|---|---|---|---|---|---|---|---|---|---|---|---|---|---|---|011|014|---|---|---|---|023|---|---|---|---|---|034|031|---|005|---|---|019|009|---|---|---|---|007|007|---|---|---|---|010|010|010|010|---|---|000|---|---|---|---|---|037|005|---|---|---|---|---|---|---|---|---|---|006|---|---|---|---|---|---|---|---|---|---|---|006|---|---|---|---|---|035|024|016|016|009|---|036|036|---|---|---|---|005|027|027|027|---|---|---|005|---|---|009|---|009|029|---|005|---|---|015|009|010|010|---|---|000|008|015|---|---|---|009|008|009|---|---|---|---|---|---|---|---|---|---|---|---|---|---|---|006|---|---|---|---|---|---|006|---|---|---|---|
0930: 010|007|007|---|---|---|015|---|015|---|---|---|014|003|020|005|---|---|005|010|010|---|---|---|009|004|008|---|---|---|025|022|---|---|---|---|009|002|---|---|---|---|027|027|027|---|---|---|---|---|---|---|---|---|---|---|---|---|---|---|---|001|---|---|---|---|---|006|---|---|---|---|018|017|016|016|---|---|033|---|007|---|---|---|016|016|016|---|---|---|015|013|---|---|---|---|012|015|002|---|---|---|015|015|000|---|---|---|000|005|027|027|015|---|---|015|000|---|---|---|---|---|---|---|---|---|006|---|---|---|---|---|---|006|---|---|---|---|---|---|---|---|---|---|027|027|027|004|---|---|027|027|027|---|---|---|028|010|019|---|---|---|030|010|010|---|---|---|005|026|010|010|---|---|010|010|---|---|---|---|027|027|027|---|---|---|002|016|016|---|---|---|---|021|---|---|---|---|---|---|---|---|---|---|---|---|---|---|---|---|---|---|---|---|---|---|011|---|---|---|---|---|023|000|---|---|---|---|034|031|---|005|---|---|---|032|---|---|---|---|007|007|---|---|---|---|010|010|010|010|---|---|000|015|---|---|---|---|037|005|---|---|---|---|006|---|---|---|---|---|006|---|---|---|---|---|---|---|---|---|---|---|006|---|---|---|---|---|035|024|016|016|009|---|036|036|---|---|---|---|005|027|027|027|---|---|---|005|---|---|009|---|009|029|010|010|---|---|015|009|010|010|---|---|000|008|015|---|---|---|009|008|009|---|---|---|---|---|---|---|---|---|---|---|---|---|---|---|006|---|---|---|---|---|---|006|---|---|---|---|
0930: 010|007|007|---|---|---|015|---|015|---|---|---|014|003|020|005|---|---|005|010|010|---|---|---|009|004|008|---|---|---|025|022|---|---|---|---|009|002|---|---|---|---|027|027|027|---|---|---|---|---|---|---|---|---|---|---|---|---|---|---|---|001|---|---|---|---|---|006|---|---|---|---|018|017|---|016|---|---|033|---|007|---|---|---|016|016|016|---|---|---|016|016|016|---|---|---|012|015|002|---|---|---|015|015|000|---|---|---|000|005|027|027|015|---|---|015|000|---|---|---|---|---|---|---|---|---|006|---|---|---|---|---|---|006|---|---|---|---|---|---|---|---|---|---|027|027|027|004|---|---|027|027|027|---|---|---|028|010|---|---|---|---|030|010|010|---|---|---|005|026|008|---|---|---|010|010|---|---|---|---|027|027|027|---|---|---|002|016|016|---|---|---|---|021|---|---|---|---|---|---|---|---|---|---|---|---|---|---|---|---|---|---|---|---|---|---|011|---|---|---|---|---|023|000|---|---|---|---|034|031|---|005|---|---|019|032|---|---|---|---|007|007|---|---|---|---|010|010|010|010|---|---|000|---|---|---|---|---|037|005|---|---|---|---|006|---|---|---|---|---|006|---|---|---|---|---|---|---|---|---|---|---|006|---|---|---|---|---|035|024|016|016|009|---|036|036|---|---|---|---|005|027|027|027|---|---|---|005|---|---|009|---|009|029|010|010|---|---|015|009|010|010|---|---|000|008|015|---|---|---|009|008|009|---|---|---|---|---|---|---|---|---|---|---|---|---|---|---|006|---|---|---|---|---|---|006|---|---|---|---|
0930: 010|007|007|---|---|---|015|---|015|---|---|---|014|003|020|005|---|---|005|010|010|---|---|---|009|004|008|---|---|---|025|022|---|---|---|---|009|002|---|---|---|---|027|027|027|---|---|---|---|---|---|---|---|---|---|---|---|---|---|---|---|---|---|---|---|---|---|006|---|---|---|---|018|017|016|016|---|---|033|---|007|---|---|---|016|016|016|---|---|---|015|013|---|---|---|---|012|015|002|---|---|---|015|015|000|---|---|---|000|005|027|027|015|---|---|015|000|---|---|---|---|021|---|---|---|---|006|---|---|---|---|---|---|006|---|---|---|---|---|---|---|---|---|---|027|027|027|004|---|---|027|027|027|---|---|---|028|010|---|---|---|---|030|010|010|---|---|---|005|026|008|---|---|---|010|010|---|---|---|---|027|027|027|---|---|---|002|016|016|---|---|---|---|---|---|---|---|---|---|---|---|---|---|---|---|---|---|---|---|---|---|---|---|---|---|---|011|---|---|---|---|---|023|000|---|---|---|---|034|031|---|005|---|---|019|032|---|---|---|---|007|007|---|---|---|---|010|010|010|010|---|---|000|---|---|---|---|---|037|005|---|---|---|---|006|001|---|---|---|---|006|---|---|---|---|---|---|---|---|---|---|---|006|---|---|---|---|---|035|024|016|016|009|---|036|036|---|---|---|---|005|027|027|027|---|---|---|005|---|---|009|---|009|029|010|010|---|---|015|009|010|010|---|---|000|008|015|---|---|---|009|008|009|---|---|---|---|---|---|---|---|---|---|---|---|---|---|---|006|---|---|---|---|---|---|006|---|---|---|---|
0928: 010|007|007|---|---|---|015|---|015|---|---|---|032|003|020|---|---|---|005|010|010|---|---|---|009|004|008|---|---|---|---|022|---|---|---|---|009|002|---|---|---|---|027|027|027|---|---|---|021|---|---|---|---|---|---|---|---|---|---|---|006|---|---|---|---|---|---|006|---|---|---|---|018|---|016|016|---|---|033|---|007|---|---|---|016|016|016|---|---|---|015|---|---|---|---|---|012|015|002|---|---|---|015|015|000|---|---|---|000|005|027|027|015|---|015|015|---|---|---|---|001|---|---|---|---|---|006|---|---|---|---|---|---|006|---|---|---|---|---|---|---|---|---|---|027|027|027|004|---|---|027|027|027|---|---|---|028|010|---|008|---|---|030|010|010|---|---|---|005|026|008|---|---|---|010|010|---|---|---|---|027|027|027|---|---|---|002|016|016|---|---|---|---|---|---|---|---|---|---|---|---|---|---|---|---|---|---|---|---|---|---|---|---|---|---|---|011|014|---|---|---|---|023|---|---|---|---|---|034|031|---|005|---|---|019|009|---|---|---|---|007|007|---|---|---|---|010|010|010|010|---|---|000|013|---|---|---|---|037|005|---|---|---|---|---|---|---|---|---|---|006|---|---|---|---|---|---|---|---|---|---|---|006|---|---|---|---|---|035|024|016|016|009|---|036|036|---|---|---|---|005|027|027|027|---|---|025|005|---|---|009|---|009|029|---|005|---|---|015|009|010|010|---|---|000|008|015|---|---|---|009|008|009|---|---|---|---|---|---|---|---|---|---|---|---|---|---|---|006|---|---|---|---|---|---|006|---|---|---|---|
0928: 010|007|007|---|---|---|015|---|015|---|---|---|---|003|---|---|---|---|005|010|010|---|---|---|009|004|008|---|---|---|025|022|---|---|---|---|009|002|---|---|---|---|027|027|027|---|---|---|021|---|---|---|---|---|---|---|---|---|---|---|006|---|---|---|---|---|---|006|---|---|---|---|018|---|016|016|---|---|033|---|007|---|---|---|016|016|016|---|---|---|015|013|---|---|---|---|012|015|002|---|---|---|015|015|000|---|---|---|000|005|027|027|015|---|015|015|---|---|---|---|---|---|---|---|---|---|006|---|---|---|---|---|001|006|---|---|---|---|---|---|006|---|---|---|027|027|027|004|---|---|027|027|027|---|---|---|028|010|---|---|020|---|030|010|010|---|---|---|005|026|008|---|---|---|010|010|---|---|---|---|027|027|027|---|---|---|002|016|016|---|---|---|---|---|---|---|---|---|---|---|---|---|---|---|---|---|---|---|---|---|---|---|---|---|---|---|011|014|---|---|---|---|023|032|---|---|---|---|034|031|---|005|---|---|019|009|---|---|---|---|007|007|---|---|---|---|010|010|010|010|---|---|000|---|---|---|---|---|037|005|---|---|---|---|---|---|---|---|---|---|006|---|---|---|---|---|---|---|---|---|---|---|006|---|---|---|---|---|035|024|016|016|009|---|036|036|---|---|---|---|005|027|027|027|---|---|---|005|---|---|009|---|009|029|004|005|---|---|015|009|010|010|---|---|000|008|015|---|---|---|009|008|009|---|---|---|---|---|---|---|---|---|---|---|---|---|---|---|006|---|---|---|---|---|---|006|---|---|---|---|
0928: 010|007|007|---|---|---|015|---|015|---|---|---|032|003|020|---|---|---|005|010|010|---|---|---|009|004|008|---|---|---|025|022|---|---|---|---|009|002|---|---|---|---|027|027|027|---|---|---|021|---|---|---|---|---|---|---|---|---|---|---|006|---|---|---|---|---|---|006|---|---|---|---|018|---|016|016|---|---|033|---|007|---|---|---|016|016|016|---|---|---|015|013|---|---|---|---|012|015|002|---|---|---|015|015|000|---|---|---|000|005|027|027|015|---|009|015|---|---|---|---|---|---|---|---|---|---|006|---|---|---|---|---|001|006|---|---|---|---|---|---|---|---|---|---|027|027|027|004|---|---|027|027|027|---|---|---|028|010|---|---|---|---|030|010|010|---|---|---|005|026|008|---|---|---|010|010|---|---|---|---|027|027|027|---|---|---|002|016|016|008|---|---|---|---|---|---|---|---|---|---|---|---|---|---|---|---|---|---|---|---|---|---|---|---|---|---|011|014|---|---|---|---|023|---|---|---|---|---|034|031|---|005|---|---|019|009|---|---|---|---|007|007|---|---|---|---|010|010|010|010|---|---|000|---|---|---|---|---|037|005|---|---|---|---|---|---|---|---|---|---|006|---|---|---|---|---|---|---|---|---|---|---|006|---|---|---|---|---|035|024|016|016|009|---|036|036|---|---|---|---|005|027|027|027|---|---|---|005|---|---|009|---|009|029|---|005|---|---|015|009|010|010|---|---|000|008|015|---|---|---|009|008|009|---|---|---|---|---|---|---|---|---|---|---|---|---|---|---|006|---|---|---|---|---|---|006|---|---|---|---|
0928: 010|007|007|---|---|---|015|---|015|---|---|---|032|003|020|---|---|---|005|010|010|---|---|---|009|004|008|---|---|---|025|022|---|---|---|---|009|002|---|---|---|---|027|027|027|---|---|---|021|---|---|---|---|---|---|---|---|---|---|---|006|---|---|---|---|---|---|006|---|---|---|---|018|---|016|016|---|---|033|---|007|---|---|---|016|016|016|---|---|---|015|013|---|---|---|---|012|015|002|---|---|---|015|015|000|---|---|---|000|005|027|027|015|---|015|015|---|---|---|---|---|---|---|---|---|---|006|---|---|---|---|---|001|006|---|---|---|---|---|---|---|---|---|---|027|027|027|004|---|---|027|027|027|---|---|---|028|010|---|008|---|---|030|010|010|---|---|---|005|026|008|---|---|---|010|010|---|---|---|---|027|027|027|---|---|---|002|016|016|---|---|---|---|---|---|---|---|---|---|---|---|---|---|---|---|---|---|---|---|---|---|---|---|---|---|---|011|014|---|---|---|---|023|---|---|---|---|---|034|031|---|005|---|---|019|009|---|---|---|---|007|007|---|---|---|---|010|010|010|010|---|---|000|---|---|---|---|---|037|005|---|---|---|---|---|---|---|---|---|---|006|---|---|---|---|---|---|---|---|---|---|---|006|---|---|---|---|---|035|024|016|016|009|---|036|036|---|---|---|---|005|027|027|027|---|---|---|005|---|---|009|---|009|029|---|005|---|---|015|009|010|010|---|---|000|008|015|---|---|---|009|008|009|---|---|---|---|---|---|---|---|---|---|---|---|---|---|---|006|---|---|---|---|---|---|006|---|---|---|---|
############
Alle Professoren
Tag 0
Tag 1
Block 2 in Raum E303 Kurs IB111: Informatik 1
Block 0 in Raum E304 Kurs IB111: Informatik 1
Block 2 in Raum E305 Kurs IB111: Informatik 1
Tag 2
Tag 3
Block 1 in Raum E203 Kurs IB111: Informatik 1
Block 0 in Raum E304 Kurs IB111: Informatik 1
Tag 4
Block 0 in Raum E304 Kurs IB111: Informatik 1

############

Tag 0
Block 1 in Raum LI137(Lab) Kurs IB112: Informatik 1 Übung
Tag 1
Tag 2
Tag 3
Tag 4

############
!!Noch nicht angelegt
Tag 0
Block 1 in Raum E304 Kurs IB121: Technische Informatik 1
Tag 1
Block 2 in Raum E302 Kurs IB121: Technische Informatik 1
Tag 2
Block 1 in Raum E301 Kurs IB221: Softwarelabor
Block 0 in Raum E305 Kurs IB121: Technische Informatik 1
Tag 3
Tag 4
Block 1 in Raum E213 Kurs IM151: Projektarbeit1

############
Bröckl
Tag 0
Block 1 in Raum E213 Kurs IB122: Technische Informatik 1 Übung
Tag 1
Tag 2
Tag 3
Tag 4

############
Ditzinger
Tag 0
Block 1 in Raum E302 Kurs IB131: Theoretische Informatik 1
Tag 1
Tag 2
Block 3 in Raum E201 Kurs IB131: Theoretische Informatik 1
Tag 3
Tag 4

############
Dübon
Tag 0
Block 3 in Raum E213 Kurs IB141: Mathematik 1
Block 0 in Raum E301 Kurs IB141: Mathematik 1
Tag 1
Block 1 in Raum E304 Kurs IB141: Mathematik 1
Tag 2
Block 0 in Raum E302 Kurs IB141: Mathematik 1
Tag 3
Block 3 in Raum E213 Kurs IB141: Mathematik 1
Block 1 in Raum E305 Kurs IB141: Mathematik 1
Tag 4
Block 0 in Raum E213 Kurs IB141: Mathematik 1
Block 1 in Raum E301 Kurs IB141: Mathematik 1

############
Fuchß
Tag 0
Block 1 in Raum LI141(Lab) Kurs IB142: Mathematik 1 Labor
Tag 1
Block 0 in Raum LI136(Lab) Kurs IB142: Mathematik 1 Labor
Block 1 in Raum LI137(Lab) Kurs IB142: Mathematik 1 Labor
Tag 2
Tag 3
Block 0 in Raum LI008(Lab) Kurs IB142: Mathematik 1 Labor
Block 0 in Raum LI136(Lab) Kurs IB142: Mathematik 1 Labor
Block 0 in Raum LI141(Lab) Kurs IB142: Mathematik 1 Labor
Tag 4
Block 0 in Raum LI137(Lab) Kurs IB142: Mathematik 1 Labor
Block 1 in Raum LI141(Lab) Kurs IB142: Mathematik 1 Labor

############
Gmeiner
Tag 0
Block 1 in Raum E201 Kurs IB151: Fremdsprachen
Block 2 in Raum E201 Kurs IB151: Fremdsprachen
Tag 1
Block 2 in Raum E203 Kurs IB151: Fremdsprachen
Tag 2
Tag 3
Block 0 in Raum E302 Kurs IB151: Fremdsprachen
Block 1 in Raum E302 Kurs IB151: Fremdsprachen
Tag 4

############
Graf
Tag 0
Block 1 in Raum E301 Kurs IB221: Softwarelabor
Block 2 in Raum E302 Kurs IB211: Informatik 2
Tag 1
Tag 2
Block 2 in Raum E302 Kurs IB211: Informatik 2
Tag 3
Tag 4
Block 1 in Raum E304 Kurs IB211: Informatik 2
Block 1 in Raum E305 Kurs IB211: Informatik 2

############
Gremminger
Tag 0
Block 0 in Raum E302 Kurs IB212: Informatik 2 Übung
Block 0 in Raum E304 Kurs IB212: Informatik 2 Übung
Tag 1
Tag 2
Tag 3
Tag 4
Block 4 in Raum E201 Kurs IB212: Informatik 2 Übung
Block 4 in Raum E301 Kurs IB212: Informatik 2 Übung
Block 0 in Raum E302 Kurs IB212: Informatik 2 Übung
Block 1 in Raum E303 Kurs IB212: Informatik 2 Übung
Block 0 in Raum E305 Kurs IB212: Informatik 2 Übung
Block 2 in Raum E305 Kurs IB212: Informatik 2 Übung

############
Haneke
Tag 0
Block 0 in Raum E201 Kurs IB221: Softwarelabor
Block 1 in Raum E301 Kurs IB221: Softwarelabor
Block 2 in Raum E301 Kurs IB221: Softwarelabor
Tag 1
Tag 2
Block 1 in Raum E213 Kurs IB221: Softwarelabor
Block 1 in Raum E301 Kurs IB221: Softwarelabor
Block 2 in Raum E301 Kurs IB221: Softwarelabor
Block 0 in Raum E303 Kurs IB221: Softwarelabor
Block 1 in Raum E303 Kurs IB221: Softwarelabor
Tag 3
Block 0 in Raum E303 Kurs IB221: Softwarelabor
Block 1 in Raum E303 Kurs IB221: Softwarelabor
Block 2 in Raum E303 Kurs IB221: Softwarelabor
Block 3 in Raum E303 Kurs IB221: Softwarelabor
Tag 4
Block 2 in Raum E302 Kurs IB221: Softwarelabor
Block 3 in Raum E302 Kurs IB221: Softwarelabor
Block 2 in Raum E303 Kurs IB221: Softwarelabor
Block 3 in Raum E303 Kurs IB221: Softwarelabor

############
Heberle
Tag 0
Tag 1
Tag 2
Tag 3
Block 0 in Raum E201 Kurs IB231a: Web-Programming
Tag 4

############
Henning
Tag 0
Tag 1
Block 0 in Raum E302 Kurs IB231b: Sprachen und Metasprachen
Tag 2
Tag 3
Tag 4

############
Hoffmann
Tag 0
Tag 1
Block 1 in Raum E301 Kurs IB241: Mathematik 2
Tag 2
Tag 3
Tag 4

############
Hofmann
Tag 0
Block 0 in Raum E213 Kurs IB242: Mathematik 2 Labor
Tag 1
Tag 2
Tag 3
Tag 4

############
Hüttel
Tag 0
Block 0 in Raum E203 Kurs IB251: Technische Informatik 2
Block 2 in Raum E203 Kurs IB251: Technische Informatik 2
Block 1 in Raum E305 Kurs IM151: Projektarbeit1
Tag 1
Block 0 in Raum E301 Kurs IB251: Technische Informatik 2
Block 1 in Raum E302 Kurs IB251: Technische Informatik 2
Block 0 in Raum E303 Kurs IB251: Technische Informatik 2
Block 1 in Raum E303 Kurs IB251: Technische Informatik 2
Block 4 in Raum E304 Kurs IB251: Technische Informatik 2
Block 1 in Raum E305 Kurs IB251: Technische Informatik 2
Tag 2
Tag 3
Block 1 in Raum E304 Kurs IB251: Technische Informatik 2
Tag 4
Block 0 in Raum E303 Kurs IB251: Technische Informatik 2
Block 2 in Raum E304 Kurs IB251: Technische Informatik 2

############
Körner
Tag 0
Tag 1
Block 2 in Raum E201 Kurs IB252: Digital-Labor
Block 3 in Raum E201 Kurs IB252: Digital-Labor
Block 0 in Raum E213 Kurs IB252: Digital-Labor
Block 1 in Raum E213 Kurs IB252: Digital-Labor
Block 2 in Raum E213 Kurs IB252: Digital-Labor
Tag 2
Block 1 in Raum E305 Kurs IB252: Digital-Labor
Block 2 in Raum E305 Kurs IB252: Digital-Labor
Tag 3
Tag 4
Block 2 in Raum E201 Kurs IB252: Digital-Labor
Block 3 in Raum E201 Kurs IB252: Digital-Labor

############
Laubenheimer
Tag 0
Block 0 in Raum E201 Kurs IB221: Softwarelabor
Tag 1
Block 1 in Raum E201 Kurs IM111a: Intelligente Systeme
Tag 2
Tag 3
Tag 4

############
Link
Tag 0
Tag 1
Block 0 in Raum E201 Kurs IM111b: Datenrepräsentation und -übertragung
Tag 2
Tag 3
Tag 4

############
Martin
Tag 0
Tag 1
Tag 2
Tag 3
Block 0 in Raum E301 Kurs IM111c: Modellierung und Simulation
Tag 4

############
Meisel
Tag 0
Block 2 in Raum E213 Kurs IM121: Visualization and Semantics
Tag 1
Tag 2
Tag 3
Tag 4

############
Morgenstern
Tag 0
Tag 1
Tag 2
Block 1 in Raum LI008(Lab) Kurs IM122: Visualization and Semantics Lab
Tag 3
Tag 4

############
Müller
Tag 0
Block 1 in Raum E303 Kurs IM131a: Verteilte Informationssysteme
Tag 1
Tag 2
Tag 3
Tag 4

############
Nees
Tag 0
Tag 1
Tag 2
Tag 3
Block 0 in Raum E203 Kurs IM131b: Mobile Systeme
Tag 4

############
Nestler
Tag 0
Tag 1
Tag 2
Block 0 in Raum E304 Kurs IM151: Projektarbeit1
Tag 3
Tag 4
Block 1 in Raum E201 Kurs IM141: IT Projektmanagement

############
Neumann
Tag 0
Block 0 in Raum E303 Kurs IM142: Führungskräftetraining
Tag 1
Tag 2
Tag 3
Tag 4

############
Pape
Tag 0
Tag 1
Tag 2
Block 1 in Raum E302 Kurs IM143: IT Service Management
Tag 3
Tag 4

############
Philipp
Tag 0
Block 0 in Raum E305 Kurs IM151: Projektarbeit1
Block 1 in Raum E305 Kurs IM151: Projektarbeit1
Block 2 in Raum E305 Kurs IM151: Projektarbeit1
Tag 1
Block 2 in Raum E304 Kurs IM151: Projektarbeit1
Block 3 in Raum E304 Kurs IM151: Projektarbeit1
Tag 2
Block 0 in Raum E201 Kurs IM151: Projektarbeit1
Block 1 in Raum E201 Kurs IM151: Projektarbeit1
Block 2 in Raum E201 Kurs IM151: Projektarbeit1
Block 0 in Raum E203 Kurs IM151: Projektarbeit1
Block 1 in Raum E203 Kurs IM151: Projektarbeit1
Block 2 in Raum E203 Kurs IM151: Projektarbeit1
Block 0 in Raum E304 Kurs IM151: Projektarbeit1
Block 1 in Raum E304 Kurs IM151: Projektarbeit1
Block 2 in Raum E304 Kurs IM151: Projektarbeit1
Tag 3
Tag 4
Block 1 in Raum E213 Kurs IM151: Projektarbeit1
Block 2 in Raum E213 Kurs IM151: Projektarbeit1
Block 3 in Raum E213 Kurs IM151: Projektarbeit1

############
Regier
Tag 0
Tag 1
Tag 2
Block 0 in Raum E213 Kurs IM211: Dialog Systems
Tag 3
Tag 4

############
Reichhardt
Tag 0
Tag 1
Tag 2
Tag 3
Tag 4
Block 1 in Raum E302 Kurs IM212: Labor Benutzeroberflächen

############
Schaefer
Tag 0
Tag 1
Tag 2
Block 0 in Raum E301 Kurs IM213: Labor Verteilte Systeme
Tag 3
Tag 4

############
Schmauch
Tag 0
Tag 1
Tag 2
Tag 3
Block 1 in Raum E213 Kurs IM221: Angewandte Kryptografie
Tag 4

############
Schmidt
Tag 0
Tag 1
Tag 2
Tag 3
Block 1 in Raum E301 Kurs IM222: IT-Sicherheit
Tag 4

############
Seifert
Tag 0
Tag 1
Block 0 in Raum E203 Kurs IM231: Algorithmenentwurf
Tag 2
Tag 3
Tag 4

############
Senger
Tag 0
Tag 1
Tag 2
Tag 3
Block 0 in Raum E213 Kurs IM232: Algorithmen Übung
Tag 4

############
Vogelsang
Tag 0
Tag 1
Tag 2
Tag 3
Tag 4
Block 0 in Raum E201 Kurs IM233: Data Mining

############
Weidner
Tag 0
Tag 1
Tag 2
Tag 3
Tag 4
Block 0 in Raum E203 Kurs IM241: Projektarbeit2
Block 1 in Raum E203 Kurs IM241: Projektarbeit2

############
Wirth
Tag 0
Tag 1
Tag 2
Tag 3
Block 0 in Raum E305 Kurs IM243: Seminar
Tag 4

############
Zimmermann
Tag 0
Tag 1
Tag 2
Tag 3
Tag 4

</DebugTrace>
      </Output>
    </UnitTestResult>
  </Results>
</TestRun>