<?xml version="1.0" encoding="UTF-8"?>
<TestRun id="c3dd639f-280a-46d8-8d37-92a9d9b7ff87" name="FloLap@FLOLAP-PC 2011-11-09 15:25:38" runUser="FloLap-PC\FloLap" xmlns="http://microsoft.com/schemas/VisualStudio/TeamTest/2010">
  <TestSettings name="Lokal" id="6ed96bb3-d821-4eee-a79d-3a3069da9890">
    <Description>Dies sind die standardmäßigen Testeinstellungen für einen lokalen Testlauf.</Description>
    <Deployment enabled="false" runDeploymentRoot="FloLap_FLOLAP-PC 2011-11-09 15_25_38">
      <DeploymentItem filename="E:\HsKA\Semester2\Projektarbeit\Stundenplangenerator\TimetablePlanner\TimetablePlanner\bin\Debug\TimetablePlanner.dll" />
    </Deployment>
    <Execution>
      <TestTypeSpecific />
      <AgentRule name="Execution Agents">
      </AgentRule>
    </Execution>
  </TestSettings>
  <Times creation="2011-11-09T15:25:38.9366040+01:00" queuing="2011-11-09T15:25:39.9444547+01:00" start="2011-11-09T15:25:40.0344599+01:00" finish="2011-11-09T15:25:52.7747784+01:00" />
  <ResultSummary outcome="Completed">
    <Counters total="1" executed="1" passed="1" error="0" failed="0" timeout="0" aborted="0" inconclusive="0" passedButRunAborted="0" notRunnable="0" notExecuted="0" disconnected="0" warning="0" completed="0" inProgress="0" pending="0" />
  </ResultSummary>
  <TestDefinitions>
    <UnitTest name="TimetableManualTester" storage="e:\hska\semester2\projektarbeit\stundenplangenerator\timetableplanner\timetableplannertests\bin\debug\timetableplannertests.dll" id="3ada0cc6-2a4d-2d63-7d9f-97d4d443b0f3">
      <Execution id="8ff01d96-61cf-42a1-b593-befab3cf2721" />
      <TestMethod codeBase="E:/HsKA/Semester2/Projektarbeit/Stundenplangenerator/TimetablePlanner/TimetablePlannerTests/bin/Debug/TimetablePlannerTests.DLL" adapterTypeName="Microsoft.VisualStudio.TestTools.TestTypes.Unit.UnitTestAdapter, Microsoft.VisualStudio.QualityTools.Tips.UnitTest.Adapter, Version=10.0.0.0, Culture=neutral, PublicKeyToken=b03f5f7f11d50a3a" className="TimetablePlannerTests.TimetableTest, TimetablePlannerTests, Version=1.0.0.0, Culture=neutral, PublicKeyToken=null" name="TimetableManualTester" />
    </UnitTest>
  </TestDefinitions>
  <TestLists>
    <TestList name="Nicht in einer Liste enthaltene Ergebnisse" id="8c84fa94-04c1-424b-9868-57a2d4851a1d" />
    <TestList name="Alle geladenen Ergebnisse" id="19431567-8539-422a-85d7-44ee4e166bda" />
  </TestLists>
  <TestEntries>
    <TestEntry testId="3ada0cc6-2a4d-2d63-7d9f-97d4d443b0f3" executionId="8ff01d96-61cf-42a1-b593-befab3cf2721" testListId="8c84fa94-04c1-424b-9868-57a2d4851a1d" />
  </TestEntries>
  <Results>
    <UnitTestResult executionId="8ff01d96-61cf-42a1-b593-befab3cf2721" testId="3ada0cc6-2a4d-2d63-7d9f-97d4d443b0f3" testName="TimetableManualTester" computerName="FLOLAP-PC" duration="00:00:11.4091762" startTime="2011-11-09T15:25:40.0774623+01:00" endTime="2011-11-09T15:25:52.6655782+01:00" testType="13cdc9d9-ddb5-4fa4-a97d-d965ccfc6d4b" outcome="Passed" testListId="8c84fa94-04c1-424b-9868-57a2d4851a1d" relativeResultsDirectory="8ff01d96-61cf-42a1-b593-befab3cf2721">
      <Output>
        <DebugTrace>Individual 0 created.
Individual 4 created.
Individual 6 created.
Individual 5 created.
Individual 10 created.
Individual 3 created.
Individual 9 created.
Individual 14 created.
Individual 12 created.
Individual 16 created.
Individual 11 created.
Individual 7 created.
Individual 8 created.
Individual 19 created.
Individual 18 created.
Individual 17 created.
Individual 2 created.
Individual 22 created.
Individual 15 created.
Individual 21 created.
Individual 1 created.
Individual 13 created.
Individual 20 created.
Individual 23 created.
Individual 24 created.
Generation 0 finished with best fitness of 3285.
Generation 1 finished with best fitness of 3330.
Generation 2 finished with best fitness of 3440.
Generation 3 finished with best fitness of 3550.
Generation 4 finished with best fitness of 3550.
Generation 5 finished with best fitness of 3575.
Generation 6 finished with best fitness of 3665.
Generation 7 finished with best fitness of 3785.
Generation 8 finished with best fitness of 3800.
Generation 9 finished with best fitness of 3800.
Generation 10 finished with best fitness of 3845.
Generation 11 finished with best fitness of 3905.
Generation 12 finished with best fitness of 3925.
Generation 13 finished with best fitness of 4040.
Generation 14 finished with best fitness of 4040.
Generation 15 finished with best fitness of 4150.
Generation 16 finished with best fitness of 4225.
Generation 17 finished with best fitness of 4270.
Generation 18 finished with best fitness of 4375.
Generation 19 finished with best fitness of 4390.
Generation 20 finished with best fitness of 4390.
Generation 21 finished with best fitness of 4465.
Generation 22 finished with best fitness of 4505.
Generation 23 finished with best fitness of 4505.
Generation 24 finished with best fitness of 4565.
Generation 25 finished with best fitness of 4580.
Generation 26 finished with best fitness of 4680.
Generation 27 finished with best fitness of 4680.
Generation 28 finished with best fitness of 4735.
Generation 29 finished with best fitness of 4765.
Generation 30 finished with best fitness of 4870.
Generation 31 finished with best fitness of 4870.
Generation 32 finished with best fitness of 4900.
Generation 33 finished with best fitness of 4970.
Generation 34 finished with best fitness of 5200.
Generation 35 finished with best fitness of 5260.
Generation 36 finished with best fitness of 5435.
Generation 37 finished with best fitness of 5435.
Generation 38 finished with best fitness of 5495.
Generation 39 finished with best fitness of 5495.
Generation 40 finished with best fitness of 5600.
Generation 41 finished with best fitness of 5600.
Generation 42 finished with best fitness of 5635.
Generation 43 finished with best fitness of 5755.
Generation 44 finished with best fitness of 5860.
Generation 45 finished with best fitness of 5860.
Generation 46 finished with best fitness of 5860.
Generation 47 finished with best fitness of 5860.
Generation 48 finished with best fitness of 5860.
Generation 49 finished with best fitness of 5860.
Generation 50 finished with best fitness of 5890.
Generation 51 finished with best fitness of 6040.
Generation 52 finished with best fitness of 6150.
Generation 53 finished with best fitness of 6150.
Generation 54 finished with best fitness of 6220.
Generation 55 finished with best fitness of 6220.
Generation 56 finished with best fitness of 6375.
Generation 57 finished with best fitness of 6435.
Generation 58 finished with best fitness of 6435.
Generation 59 finished with best fitness of 6435.
Generation 60 finished with best fitness of 6450.
Generation 61 finished with best fitness of 6450.
Generation 62 finished with best fitness of 6450.
Generation 63 finished with best fitness of 6510.
Generation 64 finished with best fitness of 6510.
Generation 65 finished with best fitness of 6585.
Generation 66 finished with best fitness of 6675.
Generation 67 finished with best fitness of 6705.
Generation 68 finished with best fitness of 6705.
Generation 69 finished with best fitness of 6750.
Generation 70 finished with best fitness of 6805.
Generation 71 finished with best fitness of 6805.
Generation 72 finished with best fitness of 6805.
Generation 73 finished with best fitness of 6805.
Generation 74 finished with best fitness of 6895.
Generation 75 finished with best fitness of 6895.
Generation 76 finished with best fitness of 6895.
Generation 77 finished with best fitness of 6915.
Generation 78 finished with best fitness of 6915.
Generation 79 finished with best fitness of 7015.
Generation 80 finished with best fitness of 7120.
Generation 81 finished with best fitness of 7120.
Generation 82 finished with best fitness of 7250.
Generation 83 finished with best fitness of 7250.
Generation 84 finished with best fitness of 7250.
Generation 85 finished with best fitness of 7320.
Generation 86 finished with best fitness of 7320.
Generation 87 finished with best fitness of 7320.
Generation 88 finished with best fitness of 7390.
Generation 89 finished with best fitness of 7390.
Generation 90 finished with best fitness of 7435.
Generation 91 finished with best fitness of 7500.
Generation 92 finished with best fitness of 7500.
Generation 93 finished with best fitness of 7515.
Generation 94 finished with best fitness of 7515.
Generation 95 finished with best fitness of 7650.
Generation 96 finished with best fitness of 7650.
Generation 97 finished with best fitness of 7670.
Generation 98 finished with best fitness of 7670.
Generation 99 finished with best fitness of 7670.
Generation 100 finished with best fitness of 7755.
Generation 101 finished with best fitness of 7755.
Generation 102 finished with best fitness of 7785.
Generation 103 finished with best fitness of 7845.
Generation 104 finished with best fitness of 7860.
Generation 105 finished with best fitness of 7885.
Generation 106 finished with best fitness of 7885.
Generation 107 finished with best fitness of 7885.
Generation 108 finished with best fitness of 7885.
Generation 109 finished with best fitness of 7990.
Generation 110 finished with best fitness of 7990.
Generation 111 finished with best fitness of 8020.
Generation 112 finished with best fitness of 8020.
Generation 113 finished with best fitness of 8095.
Generation 114 finished with best fitness of 8095.
Generation 115 finished with best fitness of 8095.
Generation 116 finished with best fitness of 8155.
Generation 117 finished with best fitness of 8155.
Generation 118 finished with best fitness of 8210.
Generation 119 finished with best fitness of 8245.
Generation 120 finished with best fitness of 8255.
Generation 121 finished with best fitness of 8255.
Generation 122 finished with best fitness of 8255.
Generation 123 finished with best fitness of 8320.
Generation 124 finished with best fitness of 8320.
Generation 125 finished with best fitness of 8320.
Generation 126 finished with best fitness of 8320.
Generation 127 finished with best fitness of 8410.
Generation 128 finished with best fitness of 8410.
Generation 129 finished with best fitness of 8455.
Generation 130 finished with best fitness of 8455.
Generation 131 finished with best fitness of 8465.
Generation 132 finished with best fitness of 8465.
Generation 133 finished with best fitness of 8465.
Generation 134 finished with best fitness of 8470.
Generation 135 finished with best fitness of 8490.
Generation 136 finished with best fitness of 8490.
Generation 137 finished with best fitness of 8490.
Generation 138 finished with best fitness of 8490.
Generation 139 finished with best fitness of 8505.
Generation 140 finished with best fitness of 8505.
Generation 141 finished with best fitness of 8505.
Generation 142 finished with best fitness of 8525.
Generation 143 finished with best fitness of 8525.
Generation 144 finished with best fitness of 8550.
Generation 145 finished with best fitness of 8550.
Generation 146 finished with best fitness of 8570.
Generation 147 finished with best fitness of 8570.
Generation 148 finished with best fitness of 8570.
Generation 149 finished with best fitness of 8570.
Generation 150 finished with best fitness of 8570.
Generation 151 finished with best fitness of 8570.
Generation 152 finished with best fitness of 8570.
Generation 153 finished with best fitness of 8600.
Generation 154 finished with best fitness of 8600.
Generation 155 finished with best fitness of 8645.
Generation 156 finished with best fitness of 8755.
Generation 157 finished with best fitness of 8755.
Generation 158 finished with best fitness of 8755.
Generation 159 finished with best fitness of 8755.
Generation 160 finished with best fitness of 8800.
Generation 161 finished with best fitness of 8815.
Generation 162 finished with best fitness of 8815.
Generation 163 finished with best fitness of 8815.
Generation 164 finished with best fitness of 8815.
Generation 165 finished with best fitness of 8815.
Generation 166 finished with best fitness of 8815.
Generation 167 finished with best fitness of 8845.
Generation 168 finished with best fitness of 8845.
Generation 169 finished with best fitness of 8845.
Generation 170 finished with best fitness of 8860.
Generation 171 finished with best fitness of 8890.
Generation 172 finished with best fitness of 8890.
Generation 173 finished with best fitness of 8905.
Generation 174 finished with best fitness of 8940.
Generation 175 finished with best fitness of 8940.
Generation 176 finished with best fitness of 9025.
Generation 177 finished with best fitness of 9025.
Generation 178 finished with best fitness of 9025.
Generation 179 finished with best fitness of 9060.
Generation 180 finished with best fitness of 9060.
Generation 181 finished with best fitness of 9060.
Generation 182 finished with best fitness of 9060.
Generation 183 finished with best fitness of 9060.
Generation 184 finished with best fitness of 9060.
Generation 185 finished with best fitness of 9060.
Generation 186 finished with best fitness of 9075.
Generation 187 finished with best fitness of 9075.
Generation 188 finished with best fitness of 9075.
Generation 189 finished with best fitness of 9110.
Generation 190 finished with best fitness of 9110.
Generation 191 finished with best fitness of 9110.
Generation 192 finished with best fitness of 9110.
Generation 193 finished with best fitness of 9110.
Generation 194 finished with best fitness of 9120.
Generation 195 finished with best fitness of 9130.
Generation 196 finished with best fitness of 9130.
Generation 197 finished with best fitness of 9130.
Generation 198 finished with best fitness of 9130.
Generation 199 finished with best fitness of 9155.
Generation 200 finished with best fitness of 9155.
Generation 201 finished with best fitness of 9155.
Generation 202 finished with best fitness of 9250.
Generation 203 finished with best fitness of 9250.
Generation 204 finished with best fitness of 9250.
Generation 205 finished with best fitness of 9250.
Generation 206 finished with best fitness of 9250.
Generation 207 finished with best fitness of 9250.
Generation 208 finished with best fitness of 9250.
Generation 209 finished with best fitness of 9250.
Generation 210 finished with best fitness of 9265.
Generation 211 finished with best fitness of 9265.
Generation 212 finished with best fitness of 9265.
Generation 213 finished with best fitness of 9265.
Generation 214 finished with best fitness of 9265.
Generation 215 finished with best fitness of 9265.
Generation 216 finished with best fitness of 9265.
Generation 217 finished with best fitness of 9265.
Generation 218 finished with best fitness of 9295.
Generation 219 finished with best fitness of 9325.
Generation 220 finished with best fitness of 9325.
Generation 221 finished with best fitness of 9325.
Generation 222 finished with best fitness of 9325.
Generation 223 finished with best fitness of 9325.
Generation 224 finished with best fitness of 9345.
Generation 225 finished with best fitness of 9345.
Generation 226 finished with best fitness of 9345.
Generation 227 finished with best fitness of 9345.
Generation 228 finished with best fitness of 9345.
Generation 229 finished with best fitness of 9415.
Generation 230 finished with best fitness of 9415.
Generation 231 finished with best fitness of 9415.
Generation 232 finished with best fitness of 9415.
Generation 233 finished with best fitness of 9430.
Generation 234 finished with best fitness of 9430.
Generation 235 finished with best fitness of 9470.
Generation 236 finished with best fitness of 9495.
Generation 237 finished with best fitness of 9495.
Generation 238 finished with best fitness of 9505.
Generation 239 finished with best fitness of 9505.
Generation 240 finished with best fitness of 9505.
Generation 241 finished with best fitness of 9505.
Generation 242 finished with best fitness of 9505.
Generation 243 finished with best fitness of 9505.
Generation 244 finished with best fitness of 9505.
Generation 245 finished with best fitness of 9505.
Generation 246 finished with best fitness of 9520.
Generation 247 finished with best fitness of 9520.
Generation 248 finished with best fitness of 9520.
Generation 249 finished with best fitness of 9520.
Generation 250 finished with best fitness of 9580.
Generation 251 finished with best fitness of 9580.
Generation 252 finished with best fitness of 9580.
Generation 253 finished with best fitness of 9725.
Generation 254 finished with best fitness of 9725.
Generation 255 finished with best fitness of 9725.
Generation 256 finished with best fitness of 9725.
Generation 257 finished with best fitness of 9725.
Generation 258 finished with best fitness of 9725.
Generation 259 finished with best fitness of 9725.
Generation 260 finished with best fitness of 9725.
Generation 261 finished with best fitness of 9725.
Generation 262 finished with best fitness of 9725.
Generation 263 finished with best fitness of 9750.
Generation 264 finished with best fitness of 9750.
Generation 265 finished with best fitness of 9750.
Generation 266 finished with best fitness of 9750.
Generation 267 finished with best fitness of 9750.
Generation 268 finished with best fitness of 9750.
Generation 269 finished with best fitness of 9750.
Generation 270 finished with best fitness of 9750.
Generation 271 finished with best fitness of 9855.
Generation 272 finished with best fitness of 9855.
Generation 273 finished with best fitness of 9855.
Generation 274 finished with best fitness of 9855.
Generation 275 finished with best fitness of 9855.
Generation 276 finished with best fitness of 9855.
Generation 277 finished with best fitness of 9855.
Generation 278 finished with best fitness of 9855.
Generation 279 finished with best fitness of 9855.
Generation 280 finished with best fitness of 9855.
Generation 281 finished with best fitness of 9855.
Generation 282 finished with best fitness of 9855.
Generation 283 finished with best fitness of 9885.
Generation 284 finished with best fitness of 9885.
Generation 285 finished with best fitness of 9885.
Generation 286 finished with best fitness of 9885.
Generation 287 finished with best fitness of 9900.
Generation 288 finished with best fitness of 9900.
Generation 289 finished with best fitness of 9900.
Generation 290 finished with best fitness of 9900.
Generation 291 finished with best fitness of 9900.
Generation 292 finished with best fitness of 9900.
Generation 293 finished with best fitness of 9900.
Generation 294 finished with best fitness of 9900.
Generation 295 finished with best fitness of 9920.
Generation 296 finished with best fitness of 9920.
Generation 297 finished with best fitness of 9920.
Generation 298 finished with best fitness of 9920.
Generation 299 finished with best fitness of 9925.
Generation 300 finished with best fitness of 9925.
Generation 301 finished with best fitness of 9925.
Generation 302 finished with best fitness of 9925.
Generation 303 finished with best fitness of 9925.
Generation 304 finished with best fitness of 9925.
Generation 305 finished with best fitness of 9925.
Generation 306 finished with best fitness of 9970.
Generation 307 finished with best fitness of 9970.
Generation 308 finished with best fitness of 9970.
Generation 309 finished with best fitness of 9970.
Generation 310 finished with best fitness of 9970.
Generation 311 finished with best fitness of 9970.
Generation 312 finished with best fitness of 9970.
Generation 313 finished with best fitness of 9970.
Generation 314 finished with best fitness of 9970.
Generation 315 finished with best fitness of 9970.
Generation 316 finished with best fitness of 9985.
Generation 317 finished with best fitness of 9985.
Generation 318 finished with best fitness of 9985.
Generation 319 finished with best fitness of 9985.
Generation 320 finished with best fitness of 9985.
Generation 321 finished with best fitness of 9985.
Generation 322 finished with best fitness of 9985.
Generation 323 finished with best fitness of 9985.
Generation 324 finished with best fitness of 9985.
Generation 325 finished with best fitness of 9985.
Generation 326 finished with best fitness of 9985.
Generation 327 finished with best fitness of 9985.
Generation 328 finished with best fitness of 9985.
Generation 329 finished with best fitness of 9990.
Generation 330 finished with best fitness of 10045.
Generation 331 finished with best fitness of 10045.
Generation 332 finished with best fitness of 10045.
Generation 333 finished with best fitness of 10045.
Generation 334 finished with best fitness of 10045.
Generation 335 finished with best fitness of 10045.
Generation 336 finished with best fitness of 10045.
Generation 337 finished with best fitness of 10045.
Generation 338 finished with best fitness of 10045.
Generation 339 finished with best fitness of 10045.
Generation 340 finished with best fitness of 10055.
Generation 341 finished with best fitness of 10055.
Generation 342 finished with best fitness of 10055.
Generation 343 finished with best fitness of 10060.
Generation 344 finished with best fitness of 10060.
Generation 345 finished with best fitness of 10060.
Generation 346 finished with best fitness of 10060.
Generation 347 finished with best fitness of 10060.
Generation 348 finished with best fitness of 10060.
Generation 349 finished with best fitness of 10060.
Evolution finished after 11,2944427 seconds.
</DebugTrace>
      </Output>
    </UnitTestResult>
  </Results>
</TestRun>