<?xml version="1.0" encoding="UTF-8"?>
<TestRun id="eecfd796-2ec7-4410-b4e2-366456a82826" name="FloLap@FLOLAP-PC 2011-10-21 16:04:22" runUser="FloLap-PC\FloLap" xmlns="http://microsoft.com/schemas/VisualStudio/TeamTest/2010">
  <TestSettings name="Lokal" id="6ed96bb3-d821-4eee-a79d-3a3069da9890">
    <Description>Dies sind die standardmäßigen Testeinstellungen für einen lokalen Testlauf.</Description>
    <Deployment enabled="false" runDeploymentRoot="FloLap_FLOLAP-PC 2011-10-21 16_04_22">
      <DeploymentItem filename="E:\HsKA\Semester2\Projektarbeit\Stundenplangenerator\TimetablePlanner\TimetablePlanner\bin\Debug\TimetablePlanner.dll" />
    </Deployment>
    <Execution>
      <TestTypeSpecific />
      <AgentRule name="Execution Agents">
      </AgentRule>
    </Execution>
  </TestSettings>
  <Times creation="2011-10-21T16:04:22.5103442+02:00" queuing="2011-10-21T16:04:23.4433976+02:00" start="2011-10-21T16:04:23.5214020+02:00" finish="2011-10-21T16:04:32.4019099+02:00" />
  <ResultSummary outcome="Completed">
    <Counters total="1" executed="1" passed="1" error="0" failed="0" timeout="0" aborted="0" inconclusive="0" passedButRunAborted="0" notRunnable="0" notExecuted="0" disconnected="0" warning="0" completed="0" inProgress="0" pending="0" />
  </ResultSummary>
  <TestDefinitions>
    <UnitTest name="TimetableManualTester" storage="e:\hska\semester2\projektarbeit\stundenplangenerator\timetableplanner\timetableplannertests\bin\debug\timetableplannertests.dll" id="3ada0cc6-2a4d-2d63-7d9f-97d4d443b0f3">
      <Execution id="0952c767-d6dd-4d17-a7ce-3efd36af0876" />
      <TestMethod codeBase="E:/HsKA/Semester2/Projektarbeit/Stundenplangenerator/TimetablePlanner/TimetablePlannerTests/bin/Debug/TimetablePlannerTests.DLL" adapterTypeName="Microsoft.VisualStudio.TestTools.TestTypes.Unit.UnitTestAdapter, Microsoft.VisualStudio.QualityTools.Tips.UnitTest.Adapter, Version=10.0.0.0, Culture=neutral, PublicKeyToken=b03f5f7f11d50a3a" className="TimetablePlannerTests.TimetableTest, TimetablePlannerTests, Version=1.0.0.0, Culture=neutral, PublicKeyToken=null" name="TimetableManualTester" />
    </UnitTest>
  </TestDefinitions>
  <TestLists>
    <TestList name="Nicht in einer Liste enthaltene Ergebnisse" id="8c84fa94-04c1-424b-9868-57a2d4851a1d" />
    <TestList name="Alle geladenen Ergebnisse" id="19431567-8539-422a-85d7-44ee4e166bda" />
  </TestLists>
  <TestEntries>
    <TestEntry testId="3ada0cc6-2a4d-2d63-7d9f-97d4d443b0f3" executionId="0952c767-d6dd-4d17-a7ce-3efd36af0876" testListId="8c84fa94-04c1-424b-9868-57a2d4851a1d" />
  </TestEntries>
  <Results>
    <UnitTestResult executionId="0952c767-d6dd-4d17-a7ce-3efd36af0876" testId="3ada0cc6-2a4d-2d63-7d9f-97d4d443b0f3" testName="TimetableManualTester" computerName="FLOLAP-PC" duration="00:00:07.4233083" startTime="2011-10-21T16:04:23.5634044+02:00" endTime="2011-10-21T16:04:32.2749027+02:00" testType="13cdc9d9-ddb5-4fa4-a97d-d965ccfc6d4b" outcome="Passed" testListId="8c84fa94-04c1-424b-9868-57a2d4851a1d" relativeResultsDirectory="0952c767-d6dd-4d17-a7ce-3efd36af0876">
      <Output>
        <DebugTrace>Time to create population of size 75: 586ms
1258
1258
1170
1110
1099
1076
1043
1037
1009
972
967
964
938
920
914
909
909
872
870
863
855
855
833
824
792
791
788
787
766
762
757
747
742
739
730
715
703
700
699
694
692
692
688
682
679
666
661
652
633
571
566
561
556
455
445
429
427
427
422
411
404
402
401
367
349
342
321
307
300
263
249
227
181
177
-3

Group 0
Block 0: 003 --- 002 004 --- 
Block 1: 000 --- --- 007 --- 
Block 2: 001 --- --- --- 012 
Block 3: --- 005 --- 009 012 
Block 4: 011 --- --- --- --- 
Block 5: 010 008 --- --- 006 

Group 1
Block 0: --- 018 --- --- --- 
Block 1: 022 018 --- --- --- 
Block 2: 016 019 --- 023 021 
Block 3: 020 015 017 --- 025 
Block 4: 013 --- 017 --- 025 
Block 5: 014 --- --- 024 025 

Group 2
Block 0: x34 --- --- --- 027 
Block 1: x36 035 --- --- 033 
Block 2: x36 028 --- --- 032 
Block 3: x36 --- --- 030 --- 
Block 4: --- --- --- --- --- 
Block 5: 026 031 029 --- --- 

Group 3
Block 0: 037 044 042 043 --- 
Block 1: --- 038 --- --- --- 
Block 2: --- 039 --- --- --- 
Block 3: --- 040 x45 --- --- 
Block 4: x46 --- x45 --- 041 
Block 5: --- --- --- --- --- 
Early abort after 182 generations.
Mean time per generation: 32ms
Mean fitness increase per generation
220
110
111
69
62
45
35
26
24
25
24
29
23
18
23
19
26
26
23
20
28
26
27
20
29
29
33
29
17
11
15
7
6
6
3
9
8
9
7
9
5
7
7
9
3
7
7
8
7
8
3
6
9
11
9
6
9
7
6
9
8
8
6
5
4
4
4
4
5
4
2
2
5
6
5
2
5
5
6
4
5
3
4
4
6
3
3
3
2
3
3
5
6
6
4
2
1
2
1
3
2
2
1
3
3
2
2
2
1
2
2
1
1
2
1
0
2
1
2
1
1
2
1
2
2
2
1
1
1
3
1
2
2
2
1
1
2
2
1
3
0
2
2
2
2
1
2
2
1
1
1
3
1
1
1
2
1
2
1
1
2
1
2
2
1
2
1
1
2
1
2
1
2
1
3
1
1
2
1
3
1
1
1
Evolution time: 5959ms
2439
2439
2430
2424
2424
2421
2421
2421
2421
2421
2418
2418
2415
2415
2412
2412
2409
2406
2406
2406
2406
2406
2406
2406
2403
2403
2403
2403
2403
2403
2403
2403
2403
2403
2400
2400
2400
2400
2400
2397
2397
2397
2397
2397
2397
2397
2394
2394
2394
2394
2394
2394
2394
2394
2394
2394
2392
2392
2391
2391
2391
2391
2391
2391
2391
2391
2391
2391
2391
2391
2391
2391
2391
2391
2391

Group 0
Block 0: 012 003 007 011 006 
Block 1: 012 001 004 --- 008 
Block 2: --- 000 --- --- 009 
Block 3: --- 010 --- --- 002 
Block 4: --- 005 --- --- --- 
Block 5: --- --- --- --- --- 

Group 1
Block 0: 013 019 017 --- 018 
Block 1: 015 022 017 016 018 
Block 2: --- 020 --- 014 024 
Block 3: --- 023 --- --- 025 
Block 4: --- 021 --- --- 025 
Block 5: --- --- --- --- 025 

Group 2
Block 0: x34 028 --- 035 --- 
Block 1: 026 030 --- --- 031 
Block 2: 033 032 --- --- --- 
Block 3: x36 --- 029 --- --- 
Block 4: x36 --- 027 --- --- 
Block 5: x36 --- --- --- --- 

Group 3
Block 0: x46 044 038 037 --- 
Block 1: x45 041 040 043 --- 
Block 2: x45 --- --- 039 042 
Block 3: --- --- --- --- --- 
Block 4: --- --- --- --- --- 
Block 5: --- --- --- --- --- 
</DebugTrace>
      </Output>
    </UnitTestResult>
  </Results>
</TestRun>