<?xml version="1.0" encoding="UTF-8"?>
<TestRun id="23f52659-6c91-44ea-be82-165a578c6f5a" name="FloLap@FLOLAP-PC 2011-10-28 10:01:37" runUser="FloLap-PC\FloLap" xmlns="http://microsoft.com/schemas/VisualStudio/TeamTest/2010">
  <TestSettings name="Lokal" id="6ed96bb3-d821-4eee-a79d-3a3069da9890">
    <Description>Dies sind die standardmäßigen Testeinstellungen für einen lokalen Testlauf.</Description>
    <Deployment enabled="false" runDeploymentRoot="FloLap_FLOLAP-PC 2011-10-28 10_01_37">
      <DeploymentItem filename="E:\HsKA\Semester2\Projektarbeit\Stundenplangenerator\TimetablePlanner\TimetablePlanner\bin\Debug\TimetablePlanner.dll" />
    </Deployment>
    <Execution>
      <TestTypeSpecific />
      <AgentRule name="Execution Agents">
      </AgentRule>
    </Execution>
  </TestSettings>
  <Times creation="2011-10-28T10:01:37.9370291+02:00" queuing="2011-10-28T10:01:39.0196512+02:00" start="2011-10-28T10:01:39.1026559+02:00" finish="2011-10-28T10:01:41.0939292+02:00" />
  <ResultSummary outcome="Completed">
    <Counters total="1" executed="1" passed="1" error="0" failed="0" timeout="0" aborted="0" inconclusive="0" passedButRunAborted="0" notRunnable="0" notExecuted="0" disconnected="0" warning="0" completed="0" inProgress="0" pending="0" />
  </ResultSummary>
  <TestDefinitions>
    <UnitTest name="TimetableManualTester" storage="e:\hska\semester2\projektarbeit\stundenplangenerator\timetableplanner\timetableplannertests\bin\debug\timetableplannertests.dll" id="3ada0cc6-2a4d-2d63-7d9f-97d4d443b0f3">
      <Execution id="a3c013c4-2ff5-438c-ad45-f92c23ce5b5c" />
      <TestMethod codeBase="E:/HsKA/Semester2/Projektarbeit/Stundenplangenerator/TimetablePlanner/TimetablePlannerTests/bin/Debug/TimetablePlannerTests.DLL" adapterTypeName="Microsoft.VisualStudio.TestTools.TestTypes.Unit.UnitTestAdapter, Microsoft.VisualStudio.QualityTools.Tips.UnitTest.Adapter, Version=10.0.0.0, Culture=neutral, PublicKeyToken=b03f5f7f11d50a3a" className="TimetablePlannerTests.TimetableTest, TimetablePlannerTests, Version=1.0.0.0, Culture=neutral, PublicKeyToken=null" name="TimetableManualTester" />
    </UnitTest>
  </TestDefinitions>
  <TestLists>
    <TestList name="Nicht in einer Liste enthaltene Ergebnisse" id="8c84fa94-04c1-424b-9868-57a2d4851a1d" />
    <TestList name="Alle geladenen Ergebnisse" id="19431567-8539-422a-85d7-44ee4e166bda" />
  </TestLists>
  <TestEntries>
    <TestEntry testId="3ada0cc6-2a4d-2d63-7d9f-97d4d443b0f3" executionId="a3c013c4-2ff5-438c-ad45-f92c23ce5b5c" testListId="8c84fa94-04c1-424b-9868-57a2d4851a1d" />
  </TestEntries>
  <Results>
    <UnitTestResult executionId="a3c013c4-2ff5-438c-ad45-f92c23ce5b5c" testId="3ada0cc6-2a4d-2d63-7d9f-97d4d443b0f3" testName="TimetableManualTester" computerName="FLOLAP-PC" duration="00:00:00.5669128" startTime="2011-10-28T10:01:39.1526588+02:00" endTime="2011-10-28T10:01:41.0003290+02:00" testType="13cdc9d9-ddb5-4fa4-a97d-d965ccfc6d4b" outcome="Passed" testListId="8c84fa94-04c1-424b-9868-57a2d4851a1d" relativeResultsDirectory="a3c013c4-2ff5-438c-ad45-f92c23ce5b5c">
      <Output>
        <DebugTrace>Time to create population of size 1: 280ms
1055
Early abort after 79 generations.
Mean time per generation: 0ms
Mean fitness increase per generation
0
10
150
0
0
15
45
0
0
0
0
60
0
40
0
360
0
0
55
120
0
0
60
0
0
75
135
0
0
0
0
15
0
0
0
0
0
0
0
0
30
195
120
0
0
0
0
15
0
0
0
0
0
0
0
0
0
0
35
85
135
0
135
30
0
0
0
240
75
150
130
0
0
0
0
45
75
0
220
0
Evolution time: 140ms
3910
</DebugTrace>
      </Output>
    </UnitTestResult>
  </Results>
</TestRun>