<?xml version="1.0" encoding="UTF-8"?>
<TestRun id="79afbb67-11e1-4ba8-bccd-a1a563a8f6b1" name="FloLap@FLOLAP-PC 2011-11-09 15:24:31" runUser="FloLap-PC\FloLap" xmlns="http://microsoft.com/schemas/VisualStudio/TeamTest/2010">
  <TestSettings name="Lokal" id="6ed96bb3-d821-4eee-a79d-3a3069da9890">
    <Description>Dies sind die standardmäßigen Testeinstellungen für einen lokalen Testlauf.</Description>
    <Deployment enabled="false" runDeploymentRoot="FloLap_FLOLAP-PC 2011-11-09 15_24_31">
      <DeploymentItem filename="E:\HsKA\Semester2\Projektarbeit\Stundenplangenerator\TimetablePlanner\TimetablePlanner\bin\Debug\TimetablePlanner.dll" />
    </Deployment>
    <Execution>
      <TestTypeSpecific />
      <AgentRule name="Execution Agents">
      </AgentRule>
    </Execution>
  </TestSettings>
  <Times creation="2011-11-09T15:24:31.8452053+01:00" queuing="2011-11-09T15:24:32.8188299+01:00" start="2011-11-09T15:24:32.8938342+01:00" finish="2011-11-09T15:24:47.0467634+01:00" />
  <ResultSummary outcome="Completed">
    <Counters total="1" executed="1" passed="1" error="0" failed="0" timeout="0" aborted="0" inconclusive="0" passedButRunAborted="0" notRunnable="0" notExecuted="0" disconnected="0" warning="0" completed="0" inProgress="0" pending="0" />
  </ResultSummary>
  <TestDefinitions>
    <UnitTest name="TimetableManualTester" storage="e:\hska\semester2\projektarbeit\stundenplangenerator\timetableplanner\timetableplannertests\bin\debug\timetableplannertests.dll" id="3ada0cc6-2a4d-2d63-7d9f-97d4d443b0f3">
      <Execution id="41d7e1fa-cf71-4c8f-a98c-a00e96407b1e" />
      <TestMethod codeBase="E:/HsKA/Semester2/Projektarbeit/Stundenplangenerator/TimetablePlanner/TimetablePlannerTests/bin/Debug/TimetablePlannerTests.DLL" adapterTypeName="Microsoft.VisualStudio.TestTools.TestTypes.Unit.UnitTestAdapter, Microsoft.VisualStudio.QualityTools.Tips.UnitTest.Adapter, Version=10.0.0.0, Culture=neutral, PublicKeyToken=b03f5f7f11d50a3a" className="TimetablePlannerTests.TimetableTest, TimetablePlannerTests, Version=1.0.0.0, Culture=neutral, PublicKeyToken=null" name="TimetableManualTester" />
    </UnitTest>
  </TestDefinitions>
  <TestLists>
    <TestList name="Nicht in einer Liste enthaltene Ergebnisse" id="8c84fa94-04c1-424b-9868-57a2d4851a1d" />
    <TestList name="Alle geladenen Ergebnisse" id="19431567-8539-422a-85d7-44ee4e166bda" />
  </TestLists>
  <TestEntries>
    <TestEntry testId="3ada0cc6-2a4d-2d63-7d9f-97d4d443b0f3" executionId="41d7e1fa-cf71-4c8f-a98c-a00e96407b1e" testListId="8c84fa94-04c1-424b-9868-57a2d4851a1d" />
  </TestEntries>
  <Results>
    <UnitTestResult executionId="41d7e1fa-cf71-4c8f-a98c-a00e96407b1e" testId="3ada0cc6-2a4d-2d63-7d9f-97d4d443b0f3" testName="TimetableManualTester" computerName="FLOLAP-PC" duration="00:00:12.8270854" startTime="2011-11-09T15:24:32.9338364+01:00" endTime="2011-11-09T15:24:46.9327569+01:00" testType="13cdc9d9-ddb5-4fa4-a97d-d965ccfc6d4b" outcome="Passed" testListId="8c84fa94-04c1-424b-9868-57a2d4851a1d" relativeResultsDirectory="41d7e1fa-cf71-4c8f-a98c-a00e96407b1e">
      <Output>
        <DebugTrace>Individual 0 created.
Individual 1 created.
Individual 2 created.
Individual 3 created.
Individual 4 created.
Individual 5 created.
Individual 6 created.
Individual 7 created.
Individual 8 created.
Individual 9 created.
Individual 10 created.
Individual 11 created.
Individual 12 created.
Individual 13 created.
Individual 14 created.
Individual 15 created.
Individual 16 created.
Individual 17 created.
Individual 18 created.
Individual 19 created.
Individual 20 created.
Individual 21 created.
Individual 22 created.
Individual 23 created.
Individual 24 created.
Generation 0 finished with best fitness of 3555.
Generation 1 finished with best fitness of 3570.
Generation 2 finished with best fitness of 3580.
Generation 3 finished with best fitness of 3585.
Generation 4 finished with best fitness of 3645.
Generation 5 finished with best fitness of 3740.
Generation 6 finished with best fitness of 3935.
Generation 7 finished with best fitness of 3975.
Generation 8 finished with best fitness of 4025.
Generation 9 finished with best fitness of 4025.
Generation 10 finished with best fitness of 4035.
Generation 11 finished with best fitness of 4105.
Generation 12 finished with best fitness of 4155.
Generation 13 finished with best fitness of 4385.
Generation 14 finished with best fitness of 4385.
Generation 15 finished with best fitness of 4385.
Generation 16 finished with best fitness of 4435.
Generation 17 finished with best fitness of 4480.
Generation 18 finished with best fitness of 4480.
Generation 19 finished with best fitness of 4645.
Generation 20 finished with best fitness of 4645.
Generation 21 finished with best fitness of 4665.
Generation 22 finished with best fitness of 4755.
Generation 23 finished with best fitness of 4760.
Generation 24 finished with best fitness of 4805.
Generation 25 finished with best fitness of 4870.
Generation 26 finished with best fitness of 4920.
Generation 27 finished with best fitness of 5170.
Generation 28 finished with best fitness of 5170.
Generation 29 finished with best fitness of 5170.
Generation 30 finished with best fitness of 5340.
Generation 31 finished with best fitness of 5340.
Generation 32 finished with best fitness of 5405.
Generation 33 finished with best fitness of 5405.
Generation 34 finished with best fitness of 5475.
Generation 35 finished with best fitness of 5475.
Generation 36 finished with best fitness of 5505.
Generation 37 finished with best fitness of 5520.
Generation 38 finished with best fitness of 5520.
Generation 39 finished with best fitness of 5635.
Generation 40 finished with best fitness of 5635.
Generation 41 finished with best fitness of 5725.
Generation 42 finished with best fitness of 5795.
Generation 43 finished with best fitness of 5795.
Generation 44 finished with best fitness of 5905.
Generation 45 finished with best fitness of 5905.
Generation 46 finished with best fitness of 5905.
Generation 47 finished with best fitness of 5905.
Generation 48 finished with best fitness of 5980.
Generation 49 finished with best fitness of 6040.
Generation 50 finished with best fitness of 6040.
Generation 51 finished with best fitness of 6055.
Generation 52 finished with best fitness of 6055.
Generation 53 finished with best fitness of 6060.
Generation 54 finished with best fitness of 6095.
Generation 55 finished with best fitness of 6175.
Generation 56 finished with best fitness of 6175.
Generation 57 finished with best fitness of 6245.
Generation 58 finished with best fitness of 6245.
Generation 59 finished with best fitness of 6295.
Generation 60 finished with best fitness of 6305.
Generation 61 finished with best fitness of 6335.
Generation 62 finished with best fitness of 6335.
Generation 63 finished with best fitness of 6380.
Generation 64 finished with best fitness of 6385.
Generation 65 finished with best fitness of 6545.
Generation 66 finished with best fitness of 6545.
Generation 67 finished with best fitness of 6605.
Generation 68 finished with best fitness of 6605.
Generation 69 finished with best fitness of 6620.
Generation 70 finished with best fitness of 6620.
Generation 71 finished with best fitness of 6670.
Generation 72 finished with best fitness of 6670.
Generation 73 finished with best fitness of 6720.
Generation 74 finished with best fitness of 6775.
Generation 75 finished with best fitness of 6775.
Generation 76 finished with best fitness of 6825.
Generation 77 finished with best fitness of 6825.
Generation 78 finished with best fitness of 6825.
Generation 79 finished with best fitness of 6870.
Generation 80 finished with best fitness of 6915.
Generation 81 finished with best fitness of 6960.
Generation 82 finished with best fitness of 7020.
Generation 83 finished with best fitness of 7020.
Generation 84 finished with best fitness of 7035.
Generation 85 finished with best fitness of 7035.
Generation 86 finished with best fitness of 7035.
Generation 87 finished with best fitness of 7110.
Generation 88 finished with best fitness of 7125.
Generation 89 finished with best fitness of 7145.
Generation 90 finished with best fitness of 7155.
Generation 91 finished with best fitness of 7215.
Generation 92 finished with best fitness of 7215.
Generation 93 finished with best fitness of 7260.
Generation 94 finished with best fitness of 7260.
Generation 95 finished with best fitness of 7260.
Generation 96 finished with best fitness of 7260.
Generation 97 finished with best fitness of 7260.
Generation 98 finished with best fitness of 7260.
Generation 99 finished with best fitness of 7335.
Generation 100 finished with best fitness of 7380.
Generation 101 finished with best fitness of 7380.
Generation 102 finished with best fitness of 7380.
Generation 103 finished with best fitness of 7450.
Generation 104 finished with best fitness of 7450.
Generation 105 finished with best fitness of 7450.
Generation 106 finished with best fitness of 7490.
Generation 107 finished with best fitness of 7510.
Generation 108 finished with best fitness of 7510.
Generation 109 finished with best fitness of 7510.
Generation 110 finished with best fitness of 7555.
Generation 111 finished with best fitness of 7555.
Generation 112 finished with best fitness of 7555.
Generation 113 finished with best fitness of 7660.
Generation 114 finished with best fitness of 7705.
Generation 115 finished with best fitness of 7705.
Generation 116 finished with best fitness of 7705.
Generation 117 finished with best fitness of 7705.
Generation 118 finished with best fitness of 7780.
Generation 119 finished with best fitness of 7780.
Generation 120 finished with best fitness of 7810.
Generation 121 finished with best fitness of 7810.
Generation 122 finished with best fitness of 7885.
Generation 123 finished with best fitness of 7885.
Generation 124 finished with best fitness of 7885.
Generation 125 finished with best fitness of 7885.
Generation 126 finished with best fitness of 7885.
Generation 127 finished with best fitness of 7885.
Generation 128 finished with best fitness of 7885.
Generation 129 finished with best fitness of 7885.
Generation 130 finished with best fitness of 7885.
Generation 131 finished with best fitness of 7915.
Generation 132 finished with best fitness of 7995.
Generation 133 finished with best fitness of 7995.
Generation 134 finished with best fitness of 7995.
Generation 135 finished with best fitness of 7995.
Generation 136 finished with best fitness of 7995.
Generation 137 finished with best fitness of 7995.
Generation 138 finished with best fitness of 7995.
Generation 139 finished with best fitness of 8015.
Generation 140 finished with best fitness of 8015.
Generation 141 finished with best fitness of 8055.
Generation 142 finished with best fitness of 8055.
Generation 143 finished with best fitness of 8055.
Generation 144 finished with best fitness of 8075.
Generation 145 finished with best fitness of 8075.
Generation 146 finished with best fitness of 8075.
Generation 147 finished with best fitness of 8075.
Generation 148 finished with best fitness of 8195.
Generation 149 finished with best fitness of 8195.
Generation 150 finished with best fitness of 8195.
Generation 151 finished with best fitness of 8195.
Generation 152 finished with best fitness of 8195.
Generation 153 finished with best fitness of 8275.
Generation 154 finished with best fitness of 8275.
Generation 155 finished with best fitness of 8290.
Generation 156 finished with best fitness of 8290.
Generation 157 finished with best fitness of 8290.
Generation 158 finished with best fitness of 8295.
Generation 159 finished with best fitness of 8395.
Generation 160 finished with best fitness of 8395.
Generation 161 finished with best fitness of 8500.
Generation 162 finished with best fitness of 8500.
Generation 163 finished with best fitness of 8500.
Generation 164 finished with best fitness of 8500.
Generation 165 finished with best fitness of 8500.
Generation 166 finished with best fitness of 8500.
Generation 167 finished with best fitness of 8500.
Generation 168 finished with best fitness of 8500.
Generation 169 finished with best fitness of 8500.
Generation 170 finished with best fitness of 8575.
Generation 171 finished with best fitness of 8575.
Generation 172 finished with best fitness of 8650.
Generation 173 finished with best fitness of 8650.
Generation 174 finished with best fitness of 8650.
Generation 175 finished with best fitness of 8650.
Generation 176 finished with best fitness of 8660.
Generation 177 finished with best fitness of 8660.
Generation 178 finished with best fitness of 8660.
Generation 179 finished with best fitness of 8680.
Generation 180 finished with best fitness of 8680.
Generation 181 finished with best fitness of 8680.
Generation 182 finished with best fitness of 8680.
Generation 183 finished with best fitness of 8680.
Generation 184 finished with best fitness of 8700.
Generation 185 finished with best fitness of 8745.
Generation 186 finished with best fitness of 8755.
Generation 187 finished with best fitness of 8755.
Generation 188 finished with best fitness of 8770.
Generation 189 finished with best fitness of 8770.
Generation 190 finished with best fitness of 8770.
Generation 191 finished with best fitness of 8770.
Generation 192 finished with best fitness of 8770.
Generation 193 finished with best fitness of 8770.
Generation 194 finished with best fitness of 8785.
Generation 195 finished with best fitness of 8800.
Generation 196 finished with best fitness of 8800.
Generation 197 finished with best fitness of 8865.
Generation 198 finished with best fitness of 8865.
Generation 199 finished with best fitness of 8865.
Generation 200 finished with best fitness of 8865.
Generation 201 finished with best fitness of 8865.
Generation 202 finished with best fitness of 8865.
Generation 203 finished with best fitness of 8865.
Generation 204 finished with best fitness of 8865.
Generation 205 finished with best fitness of 8890.
Generation 206 finished with best fitness of 8890.
Generation 207 finished with best fitness of 8890.
Generation 208 finished with best fitness of 8910.
Generation 209 finished with best fitness of 8910.
Generation 210 finished with best fitness of 8970.
Generation 211 finished with best fitness of 8970.
Generation 212 finished with best fitness of 8970.
Generation 213 finished with best fitness of 8970.
Generation 214 finished with best fitness of 9000.
Generation 215 finished with best fitness of 9000.
Generation 216 finished with best fitness of 9000.
Generation 217 finished with best fitness of 9000.
Generation 218 finished with best fitness of 9000.
Generation 219 finished with best fitness of 9000.
Generation 220 finished with best fitness of 9065.
Generation 221 finished with best fitness of 9065.
Generation 222 finished with best fitness of 9065.
Generation 223 finished with best fitness of 9065.
Generation 224 finished with best fitness of 9140.
Generation 225 finished with best fitness of 9140.
Generation 226 finished with best fitness of 9140.
Generation 227 finished with best fitness of 9140.
Generation 228 finished with best fitness of 9140.
Generation 229 finished with best fitness of 9140.
Generation 230 finished with best fitness of 9140.
Generation 231 finished with best fitness of 9140.
Generation 232 finished with best fitness of 9140.
Generation 233 finished with best fitness of 9170.
Generation 234 finished with best fitness of 9170.
Generation 235 finished with best fitness of 9170.
Generation 236 finished with best fitness of 9170.
Generation 237 finished with best fitness of 9170.
Generation 238 finished with best fitness of 9170.
Generation 239 finished with best fitness of 9245.
Generation 240 finished with best fitness of 9245.
Generation 241 finished with best fitness of 9245.
Generation 242 finished with best fitness of 9245.
Generation 243 finished with best fitness of 9245.
Generation 244 finished with best fitness of 9245.
Generation 245 finished with best fitness of 9260.
Generation 246 finished with best fitness of 9260.
Generation 247 finished with best fitness of 9260.
Generation 248 finished with best fitness of 9260.
Generation 249 finished with best fitness of 9260.
Generation 250 finished with best fitness of 9330.
Generation 251 finished with best fitness of 9330.
Generation 252 finished with best fitness of 9330.
Generation 253 finished with best fitness of 9350.
Generation 254 finished with best fitness of 9350.
Generation 255 finished with best fitness of 9350.
Generation 256 finished with best fitness of 9350.
Generation 257 finished with best fitness of 9350.
Generation 258 finished with best fitness of 9350.
Generation 259 finished with best fitness of 9350.
Generation 260 finished with best fitness of 9350.
Generation 261 finished with best fitness of 9350.
Generation 262 finished with best fitness of 9355.
Generation 263 finished with best fitness of 9355.
Generation 264 finished with best fitness of 9355.
Generation 265 finished with best fitness of 9435.
Generation 266 finished with best fitness of 9435.
Generation 267 finished with best fitness of 9435.
Generation 268 finished with best fitness of 9435.
Generation 269 finished with best fitness of 9435.
Generation 270 finished with best fitness of 9435.
Generation 271 finished with best fitness of 9435.
Generation 272 finished with best fitness of 9435.
Generation 273 finished with best fitness of 9435.
Generation 274 finished with best fitness of 9445.
Generation 275 finished with best fitness of 9445.
Generation 276 finished with best fitness of 9445.
Generation 277 finished with best fitness of 9445.
Generation 278 finished with best fitness of 9445.
Generation 279 finished with best fitness of 9445.
Generation 280 finished with best fitness of 9445.
Generation 281 finished with best fitness of 9445.
Generation 282 finished with best fitness of 9445.
Generation 283 finished with best fitness of 9445.
Generation 284 finished with best fitness of 9445.
Generation 285 finished with best fitness of 9445.
Generation 286 finished with best fitness of 9445.
Generation 287 finished with best fitness of 9445.
Generation 288 finished with best fitness of 9445.
Generation 289 finished with best fitness of 9455.
Generation 290 finished with best fitness of 9455.
Generation 291 finished with best fitness of 9455.
Generation 292 finished with best fitness of 9455.
Generation 293 finished with best fitness of 9455.
Generation 294 finished with best fitness of 9455.
Generation 295 finished with best fitness of 9455.
Generation 296 finished with best fitness of 9465.
Generation 297 finished with best fitness of 9500.
Generation 298 finished with best fitness of 9500.
Generation 299 finished with best fitness of 9500.
Generation 300 finished with best fitness of 9500.
Generation 301 finished with best fitness of 9500.
Generation 302 finished with best fitness of 9500.
Evolution finished after 12,7218777 seconds.
</DebugTrace>
      </Output>
    </UnitTestResult>
  </Results>
</TestRun>