<?xml version="1.0" encoding="UTF-8"?>
<TestRun id="f629f950-5cae-4e06-968f-5ec11ab81094" name="FloLap@FLOLAP-PC 2011-10-12 20:04:21" runUser="FloLap-PC\FloLap" xmlns="http://microsoft.com/schemas/VisualStudio/TeamTest/2010">
  <TestSettings name="Lokal" id="6ed96bb3-d821-4eee-a79d-3a3069da9890">
    <Description>Dies sind die standardmäßigen Testeinstellungen für einen lokalen Testlauf.</Description>
    <Deployment enabled="false" runDeploymentRoot="FloLap_FLOLAP-PC 2011-10-12 20_04_21">
      <DeploymentItem filename="E:\HsKA\Semester2\Projektarbeit\Stundenplangenerator\TimetablePlanner\TimetablePlanner\bin\Debug\TimetablePlanner.dll" />
    </Deployment>
    <Execution>
      <TestTypeSpecific />
      <AgentRule name="Execution Agents">
      </AgentRule>
    </Execution>
  </TestSettings>
  <Times creation="2011-10-12T20:04:21.6774712+02:00" queuing="2011-10-12T20:04:22.6595274+02:00" start="2011-10-12T20:04:22.7585331+02:00" finish="2011-10-12T20:04:26.5027472+02:00" />
  <ResultSummary outcome="Completed">
    <Counters total="1" executed="1" passed="1" error="0" failed="0" timeout="0" aborted="0" inconclusive="0" passedButRunAborted="0" notRunnable="0" notExecuted="0" disconnected="0" warning="0" completed="0" inProgress="0" pending="0" />
  </ResultSummary>
  <TestDefinitions>
    <UnitTest name="createTimetableInstanceTest" storage="e:\hska\semester2\projektarbeit\stundenplangenerator\timetableplanner\timetableplannertests\bin\debug\timetableplannertests.dll" id="ab441b29-9837-01bf-f43f-7839c8f73716">
      <Execution id="2133a2c5-9b7f-4aea-ad4b-ba29b6ee69ec" />
      <TestMethod codeBase="E:/HsKA/Semester2/Projektarbeit/Stundenplangenerator/TimetablePlanner/TimetablePlannerTests/bin/Debug/TimetablePlannerTests.DLL" adapterTypeName="Microsoft.VisualStudio.TestTools.TestTypes.Unit.UnitTestAdapter, Microsoft.VisualStudio.QualityTools.Tips.UnitTest.Adapter, Version=10.0.0.0, Culture=neutral, PublicKeyToken=b03f5f7f11d50a3a" className="TimetablePlannerTests.TimetableTest, TimetablePlannerTests, Version=1.0.0.0, Culture=neutral, PublicKeyToken=null" name="createTimetableInstanceTest" />
    </UnitTest>
  </TestDefinitions>
  <TestLists>
    <TestList name="Nicht in einer Liste enthaltene Ergebnisse" id="8c84fa94-04c1-424b-9868-57a2d4851a1d" />
    <TestList name="Alle geladenen Ergebnisse" id="19431567-8539-422a-85d7-44ee4e166bda" />
  </TestLists>
  <TestEntries>
    <TestEntry testId="ab441b29-9837-01bf-f43f-7839c8f73716" executionId="2133a2c5-9b7f-4aea-ad4b-ba29b6ee69ec" testListId="8c84fa94-04c1-424b-9868-57a2d4851a1d" />
  </TestEntries>
  <Results>
    <UnitTestResult executionId="2133a2c5-9b7f-4aea-ad4b-ba29b6ee69ec" testId="ab441b29-9837-01bf-f43f-7839c8f73716" testName="createTimetableInstanceTest" computerName="FLOLAP-PC" duration="00:00:02.4083382" startTime="2011-10-12T20:04:22.8025356+02:00" endTime="2011-10-12T20:04:26.4067417+02:00" testType="13cdc9d9-ddb5-4fa4-a97d-d965ccfc6d4b" outcome="Passed" testListId="8c84fa94-04c1-424b-9868-57a2d4851a1d" relativeResultsDirectory="2133a2c5-9b7f-4aea-ad4b-ba29b6ee69ec">
      <Output>
        <DebugTrace>Time to create population of size 50: 301ms
0083: 000,000,000,000,000,000,000,000,000,000,000,000,000,000,000,000,000,030,000,000,000,000,000,000,014,000,000,000,000,000,015,027,000,000,000,000,005,000,000,000,000,000,000,000,006,000,000,000,000,008,008,000,000,000,000,000,000,000,000,000,018,000,000,000,012,000,000,000,001,000,000,000,000,006,000,000,000,000,000,000,000,010,000,000,000,000,038,000,000,000,000,000,000,000,000,000,000,000,000,000,000,000,000,000,000,000,022,000,000,024,000,000,000,000,000,000,000,000,000,000,000,000,000,000,000,009,000,000,000,000,000,000,000,000,000,002,000,000,000,000,000,000,000,000,000,000,011,011,000,000,000,003,000,028,028,028,019,007,000,000,000,000,000,000,000,000,000,000,000,000,000,037,037,000,000,000,000,000,000,000,000,000,000,000,000,000,000,000,000,000,000,000,031,000,000,036,000,000,009,029,000,011,011,000,026,000,000,000,000,000,000,000,000,000,000,000,000,000,000,000,000,000,016,000,000,023,000,000,013,000,000,000,010,000,000,000,000,000,000,000,000,000,000,016,000,000,000,000,000,000,000,000,000,033,000,021,000,000,035,000,000,000,000,000,000,000,000,000,000,000,000,000,000,000,000,001,034,000,000,000,000,003,000,032,000,000,000,000,000,000,000,000,000,000,000,017,017,017,000,000,000,000,000,000,000,000,000,025,000,000,000,004,000,000,000,000,000,000,000,005,000,000,000,000,000,000,000,000,000,000,020,000,000,000,000,000,000,000,000,000,000,000,007,000,000,000,000,000,000,000,000,000,000,000,000,000,000,000,000,000,
0075: 000,000,013,011,011,000,007,000,026,000,000,000,000,000,000,032,000,000,000,000,000,000,000,000,000,000,000,003,000,000,000,000,014,000,000,000,000,000,010,000,000,030,000,000,000,000,000,000,000,002,000,031,000,000,000,000,000,000,000,000,000,000,000,000,000,000,027,000,000,000,000,000,000,000,000,000,000,000,000,000,000,000,000,000,000,000,016,000,000,019,000,000,000,000,000,000,011,011,010,009,000,000,000,000,000,000,000,000,000,000,000,000,000,000,000,000,000,000,000,005,000,000,000,000,000,000,000,000,034,000,000,000,000,000,000,000,000,000,000,000,000,006,000,000,000,000,000,000,022,038,000,000,000,000,000,000,000,033,000,000,000,000,000,000,000,000,000,000,000,000,000,000,000,000,000,000,000,000,000,000,000,000,000,000,000,000,000,000,000,020,000,000,000,000,000,006,000,000,004,000,000,000,000,000,000,023,000,000,000,000,000,000,000,000,000,000,000,008,008,000,035,000,000,000,000,000,012,000,000,000,000,000,000,000,000,000,000,025,018,000,000,000,000,000,000,000,029,000,000,000,000,003,000,000,000,000,000,000,000,000,000,000,000,000,000,000,000,000,000,000,000,000,000,000,000,000,000,036,000,000,000,000,000,000,000,000,000,000,000,000,015,000,000,000,024,016,000,000,007,000,000,000,021,037,037,001,000,000,000,000,000,000,017,017,017,000,000,000,000,000,000,000,000,000,000,000,000,000,000,000,028,028,028,000,000,000,009,001,000,000,000,000,000,005,000,000,000,000,000,000,000,000,000,000,000,000,000,000,000,000,
0072: 000,000,027,000,000,000,000,000,000,006,000,000,000,000,000,000,000,000,000,000,000,000,005,000,007,000,000,000,000,006,000,000,000,000,000,000,031,000,000,000,000,000,015,000,000,011,011,000,000,000,000,000,000,000,000,019,000,000,034,000,000,000,000,000,003,000,025,032,000,000,000,000,000,000,000,000,000,000,000,000,000,000,000,000,000,000,000,000,000,000,000,000,000,000,000,000,000,000,000,000,000,000,000,016,000,000,000,000,017,017,017,014,000,000,000,000,016,029,000,018,001,000,000,000,002,000,000,000,000,000,000,000,028,028,028,000,000,000,000,000,037,037,000,000,000,000,000,000,000,000,000,011,011,000,000,000,020,003,033,000,010,000,000,000,000,000,000,000,000,000,000,000,000,000,013,000,000,000,010,000,004,000,000,000,000,000,000,000,000,000,000,000,000,000,000,000,001,000,000,000,038,000,009,000,000,022,000,008,008,000,000,000,000,000,000,000,000,000,000,000,000,000,000,000,000,000,000,000,000,000,000,000,000,000,000,000,000,000,000,000,000,000,000,000,000,000,000,000,000,000,000,000,000,000,000,000,007,000,000,000,000,026,030,000,000,000,000,000,000,000,000,000,000,000,000,000,000,000,000,000,036,023,000,000,000,000,000,000,000,000,000,000,000,000,000,000,000,000,000,000,000,000,000,000,021,000,000,000,000,000,000,000,024,000,000,000,000,000,000,000,000,000,000,000,000,000,009,000,000,000,000,035,000,000,000,000,000,000,000,000,000,000,000,000,000,000,012,000,000,000,000,000,000,000,000,000,005,000,000,000,
0068: 000,000,011,011,000,000,000,000,000,000,000,000,031,000,000,024,000,000,000,000,028,028,028,000,003,000,000,000,000,000,000,003,000,032,000,000,000,000,000,005,000,000,000,000,000,000,000,006,007,000,000,000,000,000,000,000,000,000,000,000,036,000,000,025,000,000,000,000,000,000,000,000,000,030,000,000,000,000,000,000,001,000,000,000,000,000,000,000,000,000,000,000,000,000,000,000,000,000,000,034,000,000,000,000,000,000,000,000,000,000,000,000,000,000,000,000,000,000,000,000,000,000,000,000,000,000,000,000,000,000,000,000,009,000,000,000,000,000,000,000,000,029,000,000,000,000,000,000,000,000,000,000,000,000,000,000,000,000,000,000,000,000,000,000,000,000,021,000,000,023,010,000,000,000,000,000,035,000,000,000,000,000,000,000,000,000,000,000,014,000,000,000,000,012,000,000,000,000,000,026,000,015,000,000,000,000,020,000,000,000,000,000,000,000,000,000,008,008,000,000,000,000,000,000,000,000,000,033,000,019,000,000,000,000,000,000,000,000,000,000,000,022,000,000,000,000,004,000,000,007,000,000,000,000,000,000,000,005,000,017,017,017,000,000,000,000,000,000,016,000,000,000,000,000,000,000,000,000,000,000,000,000,000,000,000,000,010,000,000,038,000,000,000,000,000,000,000,000,000,000,013,000,000,000,000,000,000,037,037,000,000,000,000,000,000,000,000,009,000,000,000,000,002,000,000,000,000,000,000,000,000,000,000,001,000,000,000,006,011,011,016,000,027,000,000,000,000,018,000,000,000,000,000,000,000,000,000,000,000,000,
0067: 037,037,000,000,000,000,000,019,000,000,000,000,000,000,000,000,000,000,000,023,000,000,000,000,022,000,000,000,000,000,000,001,000,000,000,000,000,000,000,000,010,000,000,000,000,000,000,000,034,007,000,000,000,000,000,000,000,000,000,000,016,000,000,000,000,005,000,000,000,035,000,012,000,000,038,024,000,000,000,030,000,000,000,000,000,000,000,000,000,014,000,000,000,000,000,000,000,000,000,000,000,000,000,000,000,000,000,000,000,000,000,000,000,000,000,000,000,015,000,000,028,028,028,017,017,017,000,000,000,000,000,000,000,000,000,000,000,010,000,000,000,000,000,020,025,000,005,000,000,000,000,000,000,000,000,000,000,000,000,000,000,000,000,000,016,000,000,000,000,027,000,000,000,000,000,000,000,000,000,000,026,000,000,000,000,000,000,000,000,036,000,000,000,032,000,000,000,000,000,000,000,000,000,000,000,000,000,000,000,000,000,000,000,000,000,001,000,000,000,006,000,003,000,000,000,000,000,000,000,000,000,000,000,000,000,000,000,000,000,000,000,000,000,029,000,000,000,018,000,000,000,000,000,000,000,000,000,000,000,000,000,000,000,000,000,000,000,000,000,000,000,000,000,000,000,009,007,000,000,000,004,000,000,000,000,000,000,000,000,011,011,000,000,000,000,000,000,000,000,033,002,000,021,000,000,000,000,000,000,031,000,000,000,000,003,000,009,000,000,000,000,000,000,000,008,008,000,000,000,000,000,000,000,006,000,000,000,000,000,000,000,000,000,000,000,000,000,000,000,011,011,000,000,013,000,000,000,000,000,000,
0066: 000,000,000,000,000,026,000,000,000,000,000,000,000,000,000,000,009,000,000,000,000,000,022,000,016,000,000,000,000,012,037,037,036,000,000,000,000,000,000,000,000,000,003,000,000,000,000,000,000,000,000,000,000,000,000,000,000,000,000,000,020,000,011,011,000,000,000,000,000,000,000,000,000,000,034,000,000,000,000,000,000,004,000,000,000,000,000,000,000,000,032,000,000,021,031,000,000,000,000,000,014,000,000,002,000,000,000,035,028,028,028,008,008,033,000,007,000,000,000,000,000,000,000,000,000,000,000,000,000,006,000,000,000,000,000,000,000,000,000,000,000,000,000,000,000,000,000,000,011,011,010,000,000,000,015,000,000,000,000,000,000,000,013,000,000,000,000,000,000,019,000,010,000,000,000,000,000,000,000,000,000,000,000,000,000,000,000,000,000,000,000,000,000,000,000,000,000,000,000,000,000,030,000,000,000,000,000,000,000,000,000,000,000,000,000,000,000,000,000,000,000,000,006,000,000,000,000,000,000,029,000,000,000,000,000,000,000,000,000,000,000,000,000,000,000,000,000,000,000,000,000,000,000,000,000,000,000,000,000,009,000,000,000,000,001,000,000,000,000,016,000,000,000,000,000,000,000,000,000,005,000,000,023,000,000,000,000,000,000,000,000,000,000,000,017,017,017,000,000,000,000,000,000,000,003,000,000,000,000,000,000,000,000,005,038,000,000,000,000,000,000,000,000,000,000,000,018,024,000,000,000,000,000,000,027,000,025,000,000,000,001,000,000,007,000,000,000,000,000,000,000,000,000,000,000,000,000,000,000,000,
0064: 000,015,000,000,000,000,000,000,007,000,037,037,000,000,000,000,000,000,000,000,000,000,000,000,000,000,000,000,003,000,000,000,000,000,000,000,000,000,000,000,000,000,021,000,000,000,000,000,011,011,000,000,000,000,000,000,000,000,000,000,000,019,000,000,012,000,000,000,000,000,000,009,038,000,000,000,000,000,000,000,032,000,000,000,000,000,000,000,000,000,000,000,000,000,000,000,000,008,008,000,027,000,000,000,018,000,000,000,000,000,000,000,000,000,000,000,000,000,000,000,000,000,000,000,000,000,000,000,000,024,000,000,000,000,000,000,001,033,000,000,031,000,000,000,000,022,000,000,000,005,000,000,000,025,000,000,013,000,000,000,000,000,000,000,000,000,000,000,007,000,000,006,000,000,000,000,002,000,000,000,000,000,000,000,000,000,023,000,000,000,000,000,000,000,000,000,000,000,000,001,000,000,036,000,000,028,028,028,000,000,000,000,000,004,000,000,017,017,017,000,010,000,000,000,000,000,000,000,000,026,000,006,000,000,000,016,000,000,000,000,000,000,000,000,000,000,000,000,000,000,029,000,000,000,000,000,000,000,000,000,000,000,000,000,000,000,000,000,000,000,000,011,011,000,000,000,000,000,000,000,000,000,000,000,000,000,000,000,009,000,016,000,000,000,000,000,000,000,034,000,000,000,000,000,035,000,000,000,000,000,000,020,000,000,000,000,000,000,000,000,000,000,000,000,000,000,000,000,000,000,010,000,000,000,000,000,000,000,000,000,000,000,005,000,000,000,014,000,000,000,000,003,000,000,000,000,000,030,000,000,
0061: 000,000,000,000,000,000,012,000,000,000,000,000,000,000,000,000,000,000,000,000,000,015,000,000,000,000,000,000,000,000,000,000,000,000,034,000,000,000,009,000,000,000,016,000,000,000,030,000,007,000,001,000,000,000,000,031,022,000,000,000,000,000,024,000,000,000,000,026,000,000,000,000,000,000,000,000,005,000,000,000,000,000,000,000,000,000,000,000,000,000,005,000,000,000,000,000,000,018,000,000,000,000,000,000,000,000,000,000,000,000,000,000,000,000,000,000,000,000,000,036,000,019,000,000,000,000,000,000,000,000,000,000,000,000,000,000,000,000,000,000,000,000,000,000,000,000,000,028,028,028,000,029,011,011,000,000,000,003,000,000,033,000,000,000,011,011,000,000,000,000,025,000,000,035,000,000,009,000,021,000,000,000,000,000,000,000,000,000,000,000,000,000,000,000,000,000,000,000,000,000,000,000,000,000,000,000,000,000,000,000,023,006,000,000,000,000,000,000,000,000,000,000,000,000,000,000,000,000,000,000,000,000,000,000,000,038,000,000,000,000,000,000,000,000,020,000,000,000,000,000,000,016,000,000,000,000,000,000,000,000,000,010,000,000,000,007,000,000,000,000,000,000,000,000,000,000,000,000,000,000,000,000,003,000,000,000,000,000,000,000,010,000,000,000,000,000,000,000,000,000,000,002,017,017,017,000,000,037,037,000,004,032,000,000,000,000,000,000,000,000,000,000,013,000,000,000,000,000,000,000,000,000,000,000,000,000,000,014,000,000,000,000,000,000,000,000,000,000,000,001,000,000,006,000,000,027,008,008,000,000,
0060: 000,000,000,000,000,000,000,000,000,000,007,000,000,000,000,000,000,000,000,000,005,000,000,000,000,000,000,000,000,000,000,000,010,000,000,000,000,000,000,000,000,000,000,000,000,000,000,000,000,000,000,006,000,000,000,000,000,000,000,000,000,000,000,000,009,003,000,000,000,000,000,000,000,011,011,000,000,000,011,011,016,000,006,000,000,023,000,000,009,035,000,000,020,000,000,000,000,000,000,000,000,000,000,000,000,000,000,000,000,030,000,000,000,000,000,000,000,016,000,000,000,001,026,014,000,000,000,000,000,000,000,000,000,000,000,000,000,000,000,000,000,000,000,000,000,000,027,000,000,000,000,000,000,000,000,000,000,000,000,000,000,032,000,000,000,000,000,000,007,036,000,000,000,021,000,000,000,000,000,000,010,037,037,000,000,000,015,008,008,000,000,000,000,000,000,000,000,000,000,000,000,000,000,000,000,000,000,000,000,000,000,017,017,017,000,000,000,019,000,000,000,000,000,000,000,000,000,000,000,013,000,012,000,000,000,000,000,000,000,000,000,000,000,000,000,003,031,000,000,024,000,000,000,033,000,029,000,000,000,000,000,000,000,000,000,000,000,000,000,004,000,000,000,000,000,000,000,000,000,000,000,000,000,000,000,000,000,000,000,000,000,000,000,001,000,000,038,000,000,000,034,000,025,000,000,000,000,005,000,028,028,028,000,000,000,000,000,000,000,002,000,000,000,000,000,000,000,000,000,000,000,000,000,000,000,000,000,000,000,000,000,000,000,000,000,000,000,022,000,000,000,000,000,000,000,018,000,000,000,000,
0059: 001,000,000,000,000,000,000,000,000,000,000,000,000,016,000,000,000,000,010,000,000,000,000,000,000,000,000,000,015,000,000,000,037,037,000,000,000,000,034,000,000,000,000,000,000,000,000,000,000,000,000,003,000,000,000,000,000,009,000,000,000,000,029,001,000,000,000,000,000,000,000,000,000,000,000,000,000,000,000,000,000,000,000,000,000,000,000,000,000,021,014,000,000,000,000,000,000,000,000,000,000,000,028,028,028,000,008,008,000,000,000,000,033,000,000,000,000,000,000,000,000,019,011,011,000,005,000,031,000,000,000,000,000,000,000,000,000,000,000,012,000,000,000,000,000,000,000,000,000,002,000,000,000,000,000,000,032,000,000,003,000,000,000,000,000,000,000,000,000,000,000,000,000,000,000,000,000,000,009,000,000,000,000,000,000,000,000,000,000,038,000,000,000,000,000,000,000,000,000,000,000,000,000,023,000,000,000,000,000,000,000,000,000,000,000,000,000,000,000,000,000,000,007,000,000,000,000,000,000,000,000,000,000,000,000,000,000,000,000,000,035,000,000,000,000,000,000,000,000,000,006,000,000,000,000,000,000,000,026,000,000,022,000,006,000,000,000,000,000,000,024,000,000,000,000,000,000,000,000,000,000,000,000,000,000,000,000,018,036,000,000,004,011,011,000,030,000,000,000,000,000,000,027,000,000,000,000,000,000,000,000,000,005,000,000,000,000,000,000,017,017,017,000,000,000,000,000,000,016,000,010,000,000,000,000,020,000,013,000,000,000,000,000,000,000,000,000,000,025,000,000,000,007,000,000,000,000,000,000,000,
0058: 033,000,000,000,000,000,000,007,018,000,000,000,000,000,000,003,000,000,000,000,000,000,000,000,020,000,000,000,000,000,000,000,000,000,000,000,000,000,000,000,000,000,000,008,008,000,016,000,000,000,000,000,000,000,000,000,016,021,000,000,000,000,000,005,000,009,000,000,000,010,029,000,027,012,000,000,000,022,004,000,006,000,000,000,000,006,000,000,000,000,000,000,000,000,000,000,000,000,000,000,000,000,000,000,000,000,000,000,000,000,000,000,000,000,000,000,000,036,000,000,000,000,000,000,000,000,000,000,000,000,000,000,000,000,000,000,000,000,000,000,000,013,000,000,000,000,000,000,000,000,000,037,037,000,000,000,000,000,000,000,000,034,000,000,028,028,028,000,000,000,000,000,000,000,000,000,011,011,000,000,000,000,000,000,030,000,000,000,000,031,000,000,000,000,000,000,000,000,023,000,000,000,001,000,000,000,000,038,000,000,000,000,000,000,000,000,000,000,000,000,010,000,000,003,000,000,000,000,000,000,000,000,000,000,000,000,000,000,000,000,000,000,000,000,000,000,000,000,000,000,000,000,000,000,000,000,000,000,017,017,017,000,000,000,000,026,000,000,000,000,000,000,000,000,000,000,025,019,000,000,000,035,000,000,000,000,000,000,000,000,000,000,000,000,000,000,000,000,000,000,000,009,000,000,000,000,000,000,014,000,000,000,000,000,000,000,000,000,007,000,015,000,005,000,000,000,000,000,000,024,000,000,000,000,000,000,000,011,011,000,002,000,000,000,001,000,000,032,000,000,000,000,000,000,000,000,000,000,000,000,
0058: 000,000,000,000,000,000,000,006,000,000,000,000,000,000,000,009,000,000,018,025,000,036,000,000,037,037,000,003,000,000,000,000,000,000,000,000,030,000,000,000,000,000,000,000,000,014,000,004,000,000,000,000,000,000,000,000,000,000,000,000,000,000,000,000,000,000,000,000,011,011,024,000,000,000,035,000,000,000,016,000,000,000,000,000,000,008,008,000,000,000,033,017,017,017,000,000,000,031,000,000,000,000,000,000,000,000,000,000,019,000,000,000,000,000,000,000,000,000,000,000,000,000,000,000,000,000,000,016,012,000,000,001,021,000,006,000,000,000,007,000,000,000,005,000,000,000,000,000,000,000,000,000,000,000,000,000,000,000,000,000,000,000,000,000,000,000,000,027,000,000,000,000,015,000,000,000,000,000,000,000,000,000,000,026,000,032,000,000,000,010,011,011,000,000,000,000,023,000,000,000,001,000,038,000,000,000,000,020,009,000,000,000,000,000,000,000,000,000,000,000,000,000,000,000,000,000,022,000,000,000,000,000,000,000,000,000,000,000,000,000,000,000,000,000,000,000,000,000,000,000,000,000,000,000,000,000,000,000,000,000,000,000,000,000,000,002,000,000,000,000,000,000,000,028,028,028,000,000,000,000,000,000,000,000,000,000,000,000,000,000,000,007,000,000,034,005,000,000,000,000,000,000,000,000,000,000,000,000,000,000,000,000,003,000,000,000,000,000,000,000,000,000,000,000,000,000,000,000,000,000,000,010,000,000,000,000,029,000,000,000,000,000,000,000,000,000,000,000,000,000,000,000,000,000,000,000,013,000,000,000,
0058: 000,000,006,000,000,000,000,000,000,000,000,000,000,000,000,000,000,000,000,000,000,000,000,000,000,000,000,000,033,000,000,000,000,000,000,000,000,000,032,000,000,000,035,000,000,000,000,000,000,000,000,000,000,000,036,000,000,000,011,011,019,000,000,000,000,000,000,000,000,026,000,000,000,000,000,000,000,000,000,000,009,000,000,000,000,000,000,000,000,000,022,000,000,000,000,000,006,000,000,000,000,000,000,000,000,000,037,037,000,000,034,000,000,000,000,000,000,000,000,000,000,000,000,000,000,007,000,000,016,000,000,000,000,002,000,000,000,000,000,004,000,000,000,000,000,030,000,000,000,000,000,000,000,000,000,000,000,000,000,000,000,000,000,000,000,000,000,000,000,000,021,000,000,018,000,000,000,003,000,000,000,003,000,000,000,000,000,000,000,000,000,000,000,000,000,005,000,000,000,000,000,000,000,000,000,000,000,000,000,000,008,008,000,000,000,000,000,000,000,027,000,000,000,000,000,000,000,000,000,000,000,000,000,007,000,000,000,016,000,000,000,038,000,000,000,000,000,000,000,013,000,000,000,023,000,000,000,000,000,000,000,000,000,005,010,000,000,000,000,000,025,000,000,000,000,000,009,000,000,000,001,000,000,000,000,000,000,024,000,012,011,011,000,000,010,000,000,031,000,000,000,000,000,015,000,000,014,000,000,000,000,000,000,000,028,028,028,000,000,000,000,000,000,000,017,017,017,000,000,000,000,000,000,000,000,000,000,000,000,000,020,000,000,000,000,000,001,000,000,000,000,000,000,029,000,000,000,000,000,000,
0055: 000,000,000,000,030,000,000,000,000,000,000,000,011,011,000,000,000,000,000,000,000,000,000,000,000,000,000,000,000,000,000,000,000,000,004,000,000,010,000,000,000,000,000,000,000,000,000,000,000,009,000,000,000,000,000,000,000,000,000,000,000,000,000,006,000,000,000,000,000,000,000,000,038,025,000,000,000,000,000,017,017,017,000,019,000,008,008,000,003,000,000,000,000,000,000,000,000,000,000,000,000,000,000,014,000,000,000,000,005,000,000,000,000,036,000,000,000,016,023,000,037,037,000,000,000,000,000,035,000,000,009,000,000,001,000,026,000,000,000,000,010,000,000,000,000,000,005,000,000,000,000,000,031,000,022,000,000,000,011,011,000,000,000,000,000,000,000,015,000,000,000,000,000,000,000,000,000,000,000,000,000,000,003,000,020,000,000,000,000,000,000,000,000,000,029,000,000,000,000,000,002,000,000,000,000,000,000,000,000,000,000,000,000,000,000,000,027,000,000,000,000,000,000,033,000,000,000,000,000,000,000,000,000,000,000,000,000,000,000,000,000,000,000,000,000,000,000,007,000,000,000,000,000,000,000,000,000,000,000,000,000,000,000,000,000,000,000,001,000,000,000,000,000,000,000,000,000,000,000,018,000,000,000,024,000,000,000,000,000,000,032,000,000,000,000,000,000,000,013,000,000,000,000,000,000,000,000,000,000,000,021,000,000,000,000,007,000,000,000,000,000,000,000,000,000,000,000,000,012,000,000,000,000,000,006,000,000,000,000,000,000,000,000,000,034,000,000,000,016,000,000,028,028,028,000,000,000,000,000,000,
0047: 000,000,010,000,000,000,000,000,000,000,000,000,000,001,000,000,000,000,000,000,000,000,000,000,025,000,000,010,000,000,000,000,000,000,000,000,000,000,000,000,000,000,000,000,000,000,000,000,036,000,000,000,000,000,000,000,000,000,034,000,000,028,028,028,000,000,000,000,000,000,000,000,000,000,000,006,000,000,000,000,000,020,000,000,000,000,000,000,000,000,000,000,000,007,000,000,000,000,000,001,000,022,000,000,000,000,026,000,000,000,000,000,011,011,000,000,000,000,000,000,000,000,000,000,000,000,000,000,000,000,000,003,000,000,000,000,000,000,000,000,009,000,000,003,000,000,000,000,000,000,000,029,000,000,000,015,005,000,000,000,000,000,000,000,000,000,000,000,000,000,000,000,000,000,021,000,000,000,000,000,000,000,000,008,008,000,000,000,000,027,000,000,000,000,000,000,000,033,000,000,018,000,000,000,017,017,017,019,000,004,000,000,000,000,006,000,000,000,000,000,013,000,035,000,000,000,000,000,000,000,000,000,000,000,000,000,000,000,000,000,000,005,000,000,000,000,000,000,000,009,023,000,000,000,000,000,000,000,000,000,000,000,030,000,011,011,000,000,000,000,016,000,000,000,000,000,000,000,000,007,000,000,037,037,000,000,000,000,000,032,000,000,000,000,000,000,038,000,000,000,000,000,000,000,000,000,000,000,000,002,000,000,000,016,031,000,000,000,000,000,000,000,000,000,000,000,000,000,000,000,012,000,000,000,000,000,000,000,000,000,000,000,000,000,000,000,024,000,014,000,000,000,000,000,000,000,000,000,000,000,
0045: 000,000,021,000,000,005,000,000,000,000,000,000,000,000,019,011,011,000,000,000,000,000,000,000,000,000,000,000,000,003,000,010,009,000,000,000,000,000,000,000,000,000,000,000,000,000,000,000,000,000,000,000,000,000,000,000,000,000,000,000,000,000,000,000,000,000,000,000,000,000,000,000,000,000,000,000,000,000,000,000,000,000,000,000,000,000,000,000,000,000,000,031,000,000,000,036,000,000,000,000,000,000,035,000,000,000,000,033,000,000,011,011,000,003,001,000,024,000,000,000,000,000,000,000,000,000,000,000,000,000,000,000,000,000,000,000,000,023,000,000,000,000,000,000,000,000,000,000,000,000,000,029,000,032,000,000,000,000,000,000,020,000,000,000,000,000,000,000,000,000,000,000,000,000,000,000,000,000,000,006,000,034,000,000,000,000,000,000,000,000,000,000,000,000,000,000,000,000,000,000,027,000,000,000,000,000,000,007,000,000,000,000,000,000,000,000,000,000,000,000,000,005,000,000,000,002,000,025,008,008,000,000,000,000,000,000,000,000,000,000,000,000,000,000,037,037,000,000,000,000,000,000,007,000,000,000,000,000,000,000,000,000,000,000,000,000,000,000,000,000,038,000,000,012,000,000,000,000,000,000,030,000,000,000,000,000,000,000,017,017,017,000,026,000,000,000,010,000,000,000,016,028,028,028,000,000,000,000,000,000,000,000,000,000,000,000,018,000,000,000,000,000,000,000,014,013,000,000,000,000,000,006,000,016,001,000,004,000,000,015,000,000,000,009,000,000,000,000,022,000,000,000,000,000,000,000,000,000,000,000,
0044: 000,029,000,000,036,000,023,000,037,037,000,009,000,000,000,000,000,000,000,000,000,006,000,000,000,000,015,000,000,031,000,026,000,000,000,000,000,027,000,000,000,000,005,000,024,028,028,028,000,019,007,000,000,000,000,000,018,000,000,000,000,009,000,000,000,000,000,016,033,000,000,000,000,000,000,000,000,000,000,010,000,000,021,000,000,000,000,000,005,000,000,000,000,000,000,000,000,000,000,000,000,000,000,000,000,000,000,000,000,020,000,000,000,000,000,003,000,000,000,000,000,000,000,000,000,000,000,000,011,011,000,002,000,000,000,000,000,000,000,000,000,000,000,000,000,000,000,000,000,001,000,000,000,000,000,000,000,014,000,000,003,000,000,000,000,000,000,000,032,017,017,017,000,000,000,000,000,000,000,000,000,007,000,000,000,000,000,000,000,000,000,000,011,011,000,000,000,000,000,000,000,000,000,000,000,008,008,000,000,000,000,000,000,000,022,000,000,000,000,000,000,000,000,000,000,016,000,000,000,000,000,000,000,000,000,000,000,000,000,000,004,000,000,000,001,000,000,000,000,000,030,025,000,000,000,000,000,000,000,000,000,000,000,010,000,000,000,000,000,000,000,000,000,000,000,000,000,000,000,000,000,000,000,000,000,000,000,000,000,000,000,000,000,000,000,000,000,000,000,012,000,000,000,000,000,000,000,000,000,000,000,000,000,000,000,000,000,013,000,000,000,000,000,000,000,000,000,000,000,000,000,035,000,000,000,000,000,034,000,000,000,000,000,000,000,000,000,038,000,000,000,006,000,000,000,000,000,000,000,000,
0044: 000,000,000,000,000,000,027,000,000,000,000,000,000,000,000,000,000,000,000,000,000,000,000,000,000,000,000,000,000,000,000,000,000,000,000,000,000,000,000,000,000,000,000,000,000,000,000,021,000,000,000,000,030,000,000,000,000,000,000,000,000,000,000,000,000,000,000,000,000,000,000,023,000,002,000,000,000,000,000,007,000,000,000,000,000,038,000,000,000,000,000,000,000,000,000,000,000,000,000,001,000,000,000,000,000,000,000,000,000,000,000,000,025,000,013,001,000,000,000,000,000,000,000,003,000,000,022,000,000,000,011,011,000,000,007,000,000,000,000,000,000,000,000,033,014,000,000,010,000,000,000,000,010,000,000,000,000,000,000,000,000,000,000,000,000,000,000,000,000,000,000,000,000,000,009,000,000,026,000,000,000,000,000,000,000,000,000,000,005,000,000,000,000,008,008,000,000,000,000,000,000,000,003,000,000,000,000,000,020,000,000,000,000,000,000,000,000,000,000,000,000,000,000,000,000,000,000,000,000,000,000,000,015,000,000,000,000,000,000,000,000,000,000,000,000,000,028,028,028,000,000,000,000,000,000,031,000,000,016,000,000,000,000,000,016,000,000,000,000,000,000,000,000,000,000,000,000,000,000,000,000,000,000,000,000,000,000,024,000,000,000,000,034,000,000,000,005,000,000,000,000,000,000,000,000,000,000,000,000,000,000,004,000,012,000,000,000,000,000,000,000,000,029,036,000,037,037,035,000,000,006,006,000,000,032,000,019,000,000,000,000,000,000,000,017,017,017,000,000,000,000,000,011,011,000,018,000,009,000,000,
0039: 000,000,000,000,000,000,000,000,000,000,015,000,000,000,000,000,000,000,000,000,000,000,000,000,000,000,000,000,000,038,000,000,000,000,000,000,000,000,000,000,000,000,000,000,032,000,000,000,000,000,000,000,000,000,000,000,000,012,000,000,000,022,000,000,000,000,016,000,000,000,000,000,000,000,000,000,000,000,010,000,000,000,000,000,000,028,028,028,000,000,000,000,000,023,000,000,000,000,000,000,007,000,000,000,000,000,000,009,003,000,000,000,000,000,000,000,000,000,000,000,000,000,000,013,000,027,000,000,000,001,000,004,000,000,000,000,000,000,019,000,000,000,000,000,000,000,000,000,000,000,000,000,000,000,000,000,008,008,000,000,000,000,000,001,000,000,000,000,000,010,000,000,021,000,000,000,000,000,000,000,000,005,035,000,000,000,000,000,000,014,000,000,000,000,000,000,000,002,000,000,000,000,016,000,000,000,000,000,000,000,000,025,000,000,011,011,000,009,000,000,000,000,000,000,000,000,000,000,000,000,000,000,000,024,000,000,000,000,000,000,000,033,000,000,000,000,000,000,000,000,000,005,000,000,000,000,000,000,000,000,000,000,000,000,037,037,000,000,000,000,000,000,000,000,000,000,011,011,000,031,006,000,000,000,000,000,000,000,000,000,000,000,000,000,000,000,000,000,000,000,000,000,017,017,017,026,034,000,000,000,000,000,000,000,000,000,000,030,000,000,000,000,000,000,000,000,000,036,000,000,000,000,018,000,000,000,000,003,000,007,000,000,000,000,020,006,000,000,000,000,000,000,000,000,000,029,000,000,000,000,
0038: 000,000,000,011,011,000,000,000,000,000,000,000,019,035,000,000,000,000,000,000,000,000,000,000,000,000,000,000,000,000,000,000,000,000,000,000,000,000,000,000,000,000,000,000,000,000,000,000,000,000,000,000,000,005,000,000,000,000,000,000,000,000,000,016,000,000,000,000,000,000,000,000,000,000,000,000,000,000,000,000,000,000,000,015,016,000,000,000,000,001,000,010,000,000,000,000,012,000,023,000,009,000,000,000,000,000,000,000,000,000,000,000,000,000,000,000,000,006,000,000,000,000,000,007,000,000,007,000,028,028,028,000,000,000,000,000,000,038,000,000,000,000,000,000,000,000,000,000,000,000,000,000,000,000,000,009,033,000,000,000,000,000,008,008,000,000,000,014,000,000,000,000,000,000,022,000,000,000,000,000,000,000,003,000,000,000,000,000,000,000,000,000,000,000,000,000,010,000,000,000,002,000,000,003,000,000,000,000,000,000,000,037,037,000,000,004,000,000,000,000,000,000,001,000,000,000,000,000,000,000,000,000,030,000,031,005,000,026,000,000,000,000,000,020,000,000,000,000,000,000,000,021,000,000,000,000,000,000,000,000,000,000,000,000,000,000,000,000,025,000,000,000,000,000,000,000,000,000,000,027,000,000,000,011,011,000,000,000,000,000,000,000,000,000,000,000,000,000,024,000,000,000,000,000,000,000,018,000,000,000,013,000,000,000,000,000,000,000,000,000,000,000,000,000,017,017,017,000,000,000,000,034,000,006,029,000,000,000,036,000,000,000,000,000,000,000,000,000,000,000,000,000,000,000,000,000,000,000,032,000,
0038: 004,000,000,025,009,000,000,000,000,000,000,000,000,008,008,000,000,000,000,031,000,000,000,000,000,000,000,000,000,000,000,020,000,000,007,000,000,000,000,000,000,000,000,000,000,000,000,000,000,000,000,000,000,000,000,000,000,000,002,000,000,000,000,000,000,034,000,000,000,000,010,000,000,000,000,000,000,000,000,022,000,000,000,000,000,000,000,000,005,000,000,000,000,001,000,000,000,000,006,000,000,000,000,000,000,000,000,000,000,000,000,000,000,000,000,000,000,000,000,015,000,000,000,033,000,000,000,000,000,000,000,000,000,000,000,000,000,000,027,000,000,000,000,035,000,000,000,000,000,024,016,000,000,000,011,011,006,000,000,000,000,000,000,000,029,000,000,000,000,000,000,000,000,000,017,017,017,000,000,000,037,037,000,000,000,000,000,000,000,000,000,026,003,000,001,000,000,000,000,000,000,000,000,009,000,000,012,028,028,028,000,000,000,000,000,000,021,000,000,000,000,000,000,000,000,000,000,000,000,003,000,030,000,000,000,013,000,000,000,000,000,000,000,005,018,000,000,011,011,000,000,000,000,014,000,000,000,000,000,000,000,000,000,000,000,000,000,000,000,000,000,038,000,000,000,000,000,000,000,000,000,000,000,000,000,000,000,023,000,000,000,000,000,016,000,000,000,000,000,000,000,000,000,000,000,000,000,000,000,000,000,000,000,000,000,000,036,000,000,000,000,000,000,000,000,000,000,000,000,000,000,010,000,000,000,000,000,000,000,000,032,000,000,000,000,000,000,000,000,019,000,000,007,000,000,000,000,000,000,000,
0037: 000,000,000,012,000,000,000,000,000,000,000,000,000,000,029,000,000,000,000,000,000,000,000,000,021,000,000,000,000,000,000,000,000,000,013,000,000,000,000,000,001,018,000,000,000,007,000,000,000,000,000,026,000,000,000,000,010,000,000,000,000,000,000,006,000,000,000,015,000,000,000,000,000,000,000,000,000,000,024,000,028,028,028,000,000,000,000,000,000,000,000,004,000,003,000,000,000,022,000,000,000,000,000,027,000,000,000,000,000,000,000,000,000,000,000,000,000,000,000,000,000,000,000,000,000,000,005,000,000,000,000,010,000,000,000,000,000,000,000,000,000,000,000,000,038,000,000,000,000,000,000,000,000,009,000,000,000,000,000,000,000,000,000,000,000,000,000,030,000,000,000,000,000,000,000,000,000,000,000,023,000,000,000,036,000,000,000,020,000,000,000,000,000,000,016,000,007,000,000,000,000,000,000,000,033,000,000,000,011,011,000,000,000,000,000,000,000,000,000,000,000,000,000,017,017,017,000,000,000,000,000,000,000,000,000,000,000,014,000,000,000,000,000,000,000,000,000,000,000,000,000,006,000,000,000,000,000,000,011,011,000,000,000,002,000,000,000,000,000,000,000,009,000,035,008,008,000,000,000,000,000,000,032,000,000,000,000,000,000,037,037,000,000,000,000,000,000,000,034,000,000,000,000,000,031,000,000,000,000,000,000,000,001,016,000,000,000,000,000,000,000,000,003,000,000,000,000,000,000,000,000,000,000,000,000,000,000,000,000,025,000,000,005,000,000,000,000,000,000,000,000,000,000,000,000,000,019,000,000,000,
0037: 000,000,000,000,000,000,000,000,000,000,000,000,000,000,000,000,000,000,000,000,000,000,006,000,000,000,003,000,000,000,000,000,000,001,000,000,000,038,000,009,000,000,011,011,000,000,000,000,000,000,000,000,000,000,000,013,000,000,000,000,000,000,000,000,000,000,000,000,000,000,000,000,000,000,003,000,000,000,000,000,000,000,000,000,000,000,032,000,000,000,000,000,037,037,036,000,000,000,010,000,000,015,000,000,031,004,000,000,000,000,000,000,000,000,024,000,000,000,025,000,000,000,000,000,000,010,000,000,000,000,000,000,000,000,000,000,008,008,000,000,000,000,000,000,002,000,000,000,000,000,000,027,000,000,000,000,005,029,000,000,016,000,000,000,000,000,000,000,000,017,017,017,020,021,000,000,000,000,000,000,000,000,000,000,000,000,000,000,000,000,000,000,000,000,000,000,000,000,000,000,000,000,000,000,000,000,000,000,000,000,000,000,000,007,000,000,000,000,000,000,006,000,035,000,000,000,000,000,000,000,000,000,000,000,000,019,000,012,000,000,000,000,000,000,026,000,000,000,000,000,000,000,000,000,000,000,000,000,000,000,000,000,000,000,000,000,000,000,000,000,000,000,000,028,028,028,000,000,000,000,000,000,000,000,000,000,000,018,007,000,000,000,000,000,000,000,005,000,000,033,034,000,000,000,000,000,000,000,000,000,000,000,022,000,000,000,000,001,000,014,000,023,000,000,000,000,000,000,000,000,000,000,000,000,000,000,000,000,000,000,016,000,000,000,000,000,000,000,030,000,000,000,000,009,011,011,000,000,000,000,
0035: 011,011,000,000,000,000,000,000,000,000,000,000,000,000,000,000,000,000,000,029,000,000,000,000,000,000,000,000,000,000,000,000,000,000,000,000,000,000,000,000,027,000,000,000,000,002,000,000,000,000,000,000,000,000,000,000,000,000,000,000,000,000,000,021,000,000,000,000,000,000,000,000,000,000,000,000,015,006,000,000,000,000,000,000,000,000,000,007,000,000,000,000,000,000,000,000,000,000,000,000,000,032,000,000,000,000,000,000,000,000,013,000,000,000,000,000,036,000,000,000,000,023,000,000,000,000,000,028,028,028,000,009,000,000,000,000,000,016,000,000,000,000,000,000,000,000,000,000,000,000,000,000,000,003,000,000,000,000,000,000,000,000,000,000,000,000,000,006,000,000,037,037,000,000,000,003,000,020,000,000,000,000,000,000,000,000,000,000,000,000,000,000,033,000,000,000,000,000,000,000,000,000,019,000,000,018,000,000,000,000,000,000,000,000,000,000,000,000,000,000,000,000,005,000,000,000,000,000,000,000,000,000,000,000,000,000,000,038,000,000,000,017,017,017,000,000,000,000,000,000,000,016,007,000,000,000,000,000,000,000,000,000,000,000,000,009,000,000,000,000,000,000,000,000,000,010,000,000,000,000,000,000,000,000,000,000,000,000,000,000,030,000,000,000,000,000,000,000,034,000,001,000,026,000,000,000,000,010,000,000,000,025,014,000,000,000,000,031,000,008,008,000,000,000,000,000,000,000,000,000,000,035,005,000,000,000,022,000,000,004,011,011,000,001,000,000,000,000,000,000,000,000,012,024,000,000,000,000,000,000,
0035: 000,000,000,000,000,009,000,000,000,000,000,000,000,000,000,027,000,020,000,000,000,000,000,030,006,000,000,000,000,000,014,000,000,000,000,000,010,000,000,000,000,000,000,019,000,000,000,000,000,015,000,000,000,000,000,005,000,000,000,000,000,000,000,000,000,000,000,000,000,000,000,036,000,000,000,000,000,000,000,000,003,000,000,000,034,000,000,000,000,000,000,000,000,000,000,000,000,000,000,000,000,000,000,000,000,000,000,000,000,000,000,000,000,000,000,000,000,000,000,000,000,000,000,000,000,000,000,000,000,000,000,000,000,000,000,000,000,000,000,000,000,000,005,000,000,000,000,000,010,000,000,000,000,000,000,013,000,000,000,000,000,000,000,000,000,000,000,000,000,000,000,000,000,000,000,000,000,000,000,032,000,000,000,028,028,028,000,017,017,017,001,000,011,011,000,000,000,000,000,000,000,000,000,000,000,000,000,000,000,000,000,000,000,000,000,000,007,016,000,000,002,000,000,000,000,000,000,000,000,001,000,003,000,000,000,000,000,000,000,000,000,000,000,000,000,000,000,000,000,035,023,000,000,000,000,000,000,000,000,000,000,000,000,000,000,000,000,000,000,000,000,037,037,000,000,000,000,000,000,021,000,000,025,000,000,000,000,012,016,000,004,008,008,000,000,000,000,022,000,000,000,000,000,006,000,000,000,000,009,000,029,000,018,000,000,000,000,000,000,000,000,000,031,000,000,000,033,000,000,038,000,011,011,000,000,026,000,000,000,000,000,000,000,000,000,000,000,000,000,000,000,000,000,000,024,000,007,000,000,000,
0034: 000,000,000,000,000,000,000,000,000,000,000,000,000,000,000,000,000,000,000,000,000,000,000,025,000,001,000,000,000,000,005,000,000,000,000,000,032,000,000,000,021,000,000,000,000,000,002,000,000,016,000,000,000,000,000,000,000,000,000,000,000,000,000,000,000,000,035,000,000,000,000,018,000,000,000,000,000,000,000,000,000,000,001,000,000,034,000,000,000,000,000,000,008,008,000,000,000,000,000,000,000,000,000,000,000,000,000,000,028,028,028,000,000,000,000,000,000,000,000,000,000,000,000,000,000,000,000,000,017,017,017,000,000,000,000,000,000,000,000,000,000,000,000,000,000,000,000,000,000,000,011,011,000,000,000,000,000,000,000,000,003,000,000,000,000,000,000,038,000,000,000,015,000,000,000,000,000,000,000,000,000,000,000,000,000,000,000,000,000,000,000,000,000,000,000,000,000,030,000,009,000,000,000,000,000,000,010,005,010,000,000,006,000,016,000,000,014,000,000,000,000,000,000,000,000,000,000,000,000,000,000,000,000,000,000,000,000,000,033,000,000,000,000,024,000,000,000,031,000,000,000,000,000,012,000,000,000,022,006,000,000,000,000,000,000,000,000,000,000,003,026,000,000,000,019,000,000,000,000,000,000,000,000,000,000,000,000,000,000,000,000,000,000,000,000,013,000,000,000,007,000,000,000,000,036,000,023,000,000,029,000,009,000,000,000,000,000,000,000,027,000,000,000,000,000,000,000,000,000,000,000,000,000,011,011,000,000,000,000,000,000,000,000,000,037,037,000,000,000,000,000,007,000,000,000,000,000,020,004,000,
0033: 000,000,008,008,038,000,000,000,000,000,025,000,000,013,000,000,000,000,000,000,000,000,000,000,000,000,026,000,000,000,000,000,000,000,022,000,019,000,000,000,030,000,000,000,000,000,000,000,000,000,000,029,000,000,000,000,000,000,000,000,000,000,009,000,000,007,002,020,000,000,000,000,000,000,000,000,000,000,000,000,000,000,000,000,000,000,000,000,000,000,000,000,000,000,000,000,000,000,000,000,000,000,000,000,028,028,028,000,000,000,000,003,021,010,000,000,009,000,000,000,000,000,000,000,037,037,000,036,000,000,000,000,000,000,000,017,017,017,001,000,000,000,000,000,000,016,000,000,000,000,000,000,000,000,000,006,000,000,000,000,000,000,000,000,000,000,000,000,000,011,011,000,004,000,000,000,000,000,000,000,000,000,000,000,000,000,000,000,011,011,000,000,000,000,000,000,000,016,000,000,000,000,000,000,000,000,000,005,000,000,000,000,007,000,000,000,000,018,000,000,000,033,000,000,000,000,000,000,000,023,000,000,000,000,000,000,000,000,000,000,000,000,000,000,000,000,001,035,000,000,000,000,000,003,000,000,000,000,000,000,000,000,000,000,000,000,000,000,000,000,000,000,000,000,000,000,015,000,000,014,000,000,000,000,000,000,000,000,000,000,000,010,000,000,000,000,000,000,000,000,000,000,000,031,000,027,000,000,000,000,000,000,000,000,000,000,000,000,000,005,000,000,000,000,032,000,000,000,000,000,000,006,012,000,000,034,000,000,000,000,000,000,000,000,000,000,000,000,000,000,000,000,000,000,024,000,000,000,000,000,
0032: 000,000,028,028,028,000,000,000,000,000,001,000,000,000,000,000,000,000,000,000,000,000,000,021,000,000,000,000,000,000,000,003,000,000,010,000,000,000,000,000,000,015,000,000,022,000,000,000,000,000,020,032,000,000,000,000,000,002,000,000,000,011,011,000,016,000,000,000,000,000,000,000,000,000,000,000,000,000,000,000,000,000,000,000,000,000,000,000,000,000,000,038,000,000,000,000,000,000,000,000,009,000,000,000,001,000,000,000,006,000,000,008,008,000,000,000,000,000,009,000,000,005,000,000,000,000,000,000,000,000,034,000,000,000,000,000,000,000,000,000,000,000,013,000,000,000,000,000,000,000,000,029,000,012,000,000,000,000,027,000,000,000,000,000,000,000,000,000,000,000,000,000,000,000,000,000,000,000,000,000,000,000,000,000,000,000,000,000,000,000,000,000,007,000,000,000,000,000,000,000,000,011,011,000,033,000,000,000,026,000,000,000,000,000,000,000,035,000,000,000,000,000,000,000,000,000,000,000,006,023,000,000,000,000,000,000,000,000,000,000,000,000,000,000,010,000,000,000,000,000,000,000,000,000,000,000,000,000,014,000,000,000,000,000,000,000,000,000,000,000,000,036,000,000,005,000,000,007,000,000,000,000,000,016,000,000,000,000,000,000,000,000,000,031,000,000,019,000,000,000,000,000,000,000,000,003,000,000,000,000,000,000,000,000,000,017,017,017,000,000,037,037,000,000,000,000,000,000,000,000,000,018,000,000,000,000,000,025,000,000,000,000,000,000,000,000,000,004,000,000,000,000,030,000,000,024,000,000,000,000,
0032: 000,000,000,000,000,000,000,000,000,013,014,000,000,000,000,011,011,000,000,000,000,000,000,000,000,000,000,000,000,000,000,000,000,001,000,000,000,000,000,000,000,000,000,000,000,000,000,000,008,008,000,000,000,000,000,000,000,000,000,000,000,000,000,000,000,000,000,000,000,000,000,000,000,000,000,000,000,000,000,000,000,000,000,000,000,000,000,030,000,000,000,000,000,000,000,000,009,024,000,000,001,000,020,000,000,000,011,011,000,000,000,000,009,000,000,000,028,028,028,000,000,000,000,000,000,000,000,000,000,000,000,000,000,000,000,000,000,000,000,000,000,000,000,000,000,000,000,000,000,000,000,000,000,000,016,000,000,000,035,005,000,000,000,000,000,000,000,038,000,000,000,000,000,000,021,000,000,000,000,000,000,000,000,000,033,000,000,012,000,000,000,000,023,000,000,000,000,026,000,000,000,000,000,000,010,000,000,000,000,000,015,000,016,000,000,029,000,018,000,000,000,019,000,000,000,000,000,000,000,000,000,000,000,000,000,000,000,000,027,000,034,000,000,005,000,000,000,000,000,000,000,000,000,037,037,000,000,000,007,000,000,000,000,000,002,032,000,007,000,000,000,000,000,000,000,025,000,000,000,017,017,017,000,000,000,000,000,000,000,031,000,000,000,000,000,000,000,000,000,010,000,000,000,000,000,000,000,000,036,006,000,000,000,000,000,000,000,000,000,000,000,000,000,000,000,000,000,000,000,022,000,000,006,000,000,000,000,000,000,000,000,000,000,000,003,000,000,000,000,000,000,000,000,000,000,003,004,000,000,000,
0032: 000,000,000,000,000,000,000,000,028,028,028,016,000,000,000,020,000,000,000,000,000,000,000,000,000,000,000,000,000,000,000,000,000,000,030,000,000,000,000,000,000,000,000,000,000,000,000,014,000,021,000,000,000,000,000,000,022,000,000,000,000,000,000,000,000,000,000,000,000,000,023,000,011,011,000,000,000,016,034,000,000,000,000,000,000,000,000,000,003,000,000,000,000,000,000,000,027,000,000,000,000,000,000,000,000,009,007,000,001,000,000,000,000,000,003,000,000,000,000,000,000,000,000,000,000,000,000,010,000,000,000,000,037,037,000,000,000,000,000,000,000,000,000,000,000,000,025,006,000,000,000,000,000,000,008,008,000,000,000,005,000,000,000,000,000,005,000,000,000,000,000,000,000,000,000,000,000,000,000,000,000,000,000,000,000,000,000,000,000,038,000,000,000,000,000,000,000,000,006,000,010,000,000,000,000,000,000,000,000,000,000,000,000,000,000,000,000,000,000,000,000,024,000,031,000,000,000,012,000,000,000,000,000,000,000,000,000,000,000,000,000,000,000,000,000,000,000,000,000,000,000,000,007,035,000,000,018,000,000,000,000,000,000,000,017,017,017,000,000,000,000,000,000,000,000,000,000,000,000,000,000,009,000,000,000,000,000,000,000,000,000,000,000,000,000,000,000,002,000,000,000,000,000,000,000,000,013,000,000,000,000,029,000,000,036,000,000,000,000,000,000,032,001,004,000,000,000,000,000,000,000,015,000,000,000,000,000,000,000,000,000,019,000,000,011,011,000,000,000,000,000,000,033,000,000,026,000,000,000,000,
0031: 000,000,000,000,000,000,000,000,000,000,000,000,000,000,000,000,000,000,020,031,000,003,000,005,000,000,000,001,000,000,000,000,000,000,000,000,000,000,000,000,000,000,000,000,000,022,000,000,000,000,000,000,007,000,000,000,000,000,000,000,000,000,000,000,000,000,007,000,000,000,000,000,000,000,000,000,016,000,000,000,024,000,000,014,032,000,000,000,025,000,000,000,000,000,000,000,010,000,000,000,010,000,016,000,009,000,000,000,000,000,000,000,000,000,037,037,030,000,000,000,000,000,000,018,000,000,000,000,000,000,000,000,000,000,000,000,003,000,000,000,000,000,000,000,000,000,000,000,000,000,000,028,028,028,000,000,000,006,000,000,023,000,000,000,000,000,000,000,000,000,000,002,000,000,000,000,000,000,000,000,000,036,000,029,000,005,000,000,000,000,000,000,000,035,000,000,000,000,000,000,000,000,000,000,000,000,000,000,000,000,000,000,000,000,000,000,000,000,000,000,033,000,000,000,000,011,011,000,000,000,000,000,000,000,000,000,000,000,000,000,000,000,000,000,000,000,000,000,000,000,000,000,000,000,000,034,000,000,000,000,000,000,000,000,000,000,000,000,000,000,000,000,000,009,004,000,000,000,000,000,038,026,000,000,000,000,000,000,000,021,000,000,000,000,000,019,000,000,000,000,027,000,012,017,017,017,015,000,000,000,001,000,000,000,000,000,000,000,013,008,008,000,000,006,000,000,000,000,000,000,000,000,000,000,000,000,000,000,000,011,011,000,000,000,000,000,000,000,000,000,000,000,000,000,000,000,000,000,000,000,
0031: 035,000,031,011,011,000,000,000,000,000,000,000,000,000,000,000,000,000,009,000,000,000,006,033,000,000,000,000,000,000,037,037,000,000,000,000,000,038,000,000,000,000,000,007,000,000,000,022,000,000,000,000,000,029,000,000,000,010,008,008,000,000,000,011,011,000,000,000,000,000,000,000,000,000,000,000,016,000,000,000,000,000,036,000,000,000,000,000,000,016,000,000,000,000,000,000,000,000,000,000,000,000,000,025,000,000,000,000,000,000,000,032,000,000,000,000,000,000,021,000,000,003,010,000,009,000,000,003,000,000,000,000,000,000,000,013,000,000,000,000,000,000,000,000,000,000,000,000,000,000,000,000,000,000,000,000,000,000,000,000,000,000,000,000,012,000,000,000,000,020,000,000,000,000,000,000,000,000,034,000,000,000,000,018,000,000,007,000,028,028,028,000,004,000,000,030,000,000,000,000,000,000,000,000,000,000,000,000,000,000,015,000,000,000,000,000,000,000,000,000,000,000,000,000,000,000,000,000,000,000,000,001,000,000,000,000,000,000,000,006,000,000,000,000,000,000,000,000,000,000,005,000,000,000,000,000,000,001,000,000,000,024,000,000,000,000,000,000,000,000,000,014,000,000,000,000,002,023,000,000,000,000,000,000,000,000,000,000,000,000,000,019,000,000,000,017,017,017,000,000,000,000,000,000,000,000,000,000,000,000,000,000,000,000,000,000,000,000,000,000,000,000,000,000,000,000,000,000,000,000,026,000,000,000,000,000,000,000,000,000,000,000,000,000,000,000,000,000,005,000,000,000,027,000,000,000,000,000,000,000,
0030: 000,000,026,000,018,000,000,000,000,000,000,000,000,000,000,000,000,000,000,000,000,000,000,000,000,000,000,000,000,000,000,000,000,023,005,000,006,028,028,028,000,003,000,000,000,000,024,012,000,000,000,007,000,000,000,032,001,000,000,005,000,000,000,000,000,000,000,000,000,030,000,031,000,000,000,000,000,000,000,000,000,000,000,016,000,000,000,000,000,000,000,000,015,000,000,000,000,000,000,000,000,000,000,013,000,011,011,000,000,000,021,000,000,000,000,000,000,000,000,000,000,000,000,000,000,000,017,017,017,000,000,000,000,022,000,000,000,000,000,000,000,000,000,000,000,019,000,000,000,038,000,000,000,000,000,000,000,000,004,037,037,000,000,000,000,000,000,027,000,000,010,000,000,000,000,000,000,000,000,000,000,000,000,000,000,000,000,000,000,000,025,000,000,000,000,000,000,000,000,000,000,000,000,000,000,000,000,000,000,000,000,000,000,000,000,000,000,000,000,000,008,008,000,000,000,000,000,016,000,000,000,009,000,000,000,000,000,000,000,000,000,000,000,006,009,000,000,000,000,000,000,000,000,007,000,000,036,000,000,000,000,000,000,000,000,000,000,000,000,000,033,000,000,000,000,000,000,000,000,000,000,000,000,003,000,000,000,000,000,000,000,002,000,000,000,000,000,000,000,000,011,011,000,000,000,000,000,000,000,000,000,000,000,000,000,000,000,000,000,000,000,000,000,000,000,034,000,000,000,000,000,000,029,000,000,000,020,000,000,000,000,000,000,000,000,000,000,000,010,000,001,014,000,000,000,035,000,000,000,000,
0029: 000,000,000,000,000,000,000,000,000,000,006,000,000,010,000,000,016,000,000,022,000,000,000,000,000,000,000,000,000,029,000,000,000,000,000,000,000,000,000,000,000,000,000,000,000,000,000,000,000,036,000,000,000,000,006,000,000,000,000,014,000,000,000,000,020,000,000,000,000,000,000,000,000,000,000,000,000,000,000,000,000,000,000,001,000,017,017,017,000,000,000,000,000,000,027,000,011,011,000,000,000,000,000,000,000,000,000,000,000,000,000,000,000,000,000,000,001,000,000,000,010,000,000,000,000,000,000,000,000,000,000,007,000,000,000,000,000,000,000,000,000,000,000,000,000,000,000,000,012,000,000,013,000,000,000,000,000,000,000,000,000,000,005,000,000,000,000,031,000,000,037,037,000,000,030,000,000,000,000,000,000,000,000,000,000,019,000,000,000,004,000,000,009,000,000,000,000,018,000,000,000,000,000,000,000,000,000,000,007,000,000,000,000,000,023,000,000,000,000,000,000,000,003,000,000,000,005,000,000,003,000,002,025,000,000,000,000,000,000,000,000,021,000,000,000,034,000,000,000,000,000,000,000,015,000,000,000,024,000,000,000,000,000,000,000,000,000,000,000,000,000,000,000,000,000,032,000,000,000,000,000,000,000,000,000,009,000,000,000,000,000,000,000,000,008,008,000,000,000,000,000,000,035,000,000,016,000,000,000,000,000,000,000,000,000,000,000,000,000,000,000,000,000,000,000,000,026,028,028,028,000,000,038,000,000,000,000,000,000,000,000,000,033,000,000,000,000,000,000,011,011,000,000,000,000,000,000,000,000,000,
0025: 000,000,000,000,000,034,000,000,000,036,000,000,000,000,000,000,000,009,000,000,000,000,000,000,007,000,000,000,000,000,000,000,000,000,000,000,000,000,000,000,000,003,000,000,000,000,000,000,000,000,000,000,000,000,000,000,000,000,000,000,000,011,011,000,000,000,000,000,000,010,000,000,000,000,000,000,000,000,008,008,000,000,000,000,000,000,000,000,000,000,000,000,000,000,000,000,000,000,000,000,019,000,000,000,000,000,000,000,000,032,000,037,037,000,000,000,000,000,000,021,018,000,000,000,000,000,000,000,000,030,013,000,000,000,000,000,000,000,000,000,000,023,000,000,000,000,000,000,000,000,000,000,000,000,033,000,000,000,000,000,005,000,000,028,028,028,000,022,000,000,000,000,000,000,000,000,000,000,000,000,000,035,000,000,000,000,000,017,017,017,000,000,000,000,000,000,000,000,000,006,010,000,025,000,000,000,000,000,000,000,000,000,000,000,000,002,000,000,000,000,000,000,000,000,000,000,005,000,000,000,000,016,016,000,000,000,000,000,000,000,000,000,000,000,000,000,000,000,000,000,000,000,000,000,000,031,000,014,000,000,000,003,000,000,000,038,000,000,000,000,000,000,000,000,000,000,000,000,000,012,000,000,000,000,000,000,000,000,000,000,020,000,000,000,000,000,000,000,000,000,015,000,027,000,000,000,000,000,000,000,000,000,000,000,000,024,011,011,000,000,000,000,000,000,000,000,006,000,000,000,004,000,000,000,000,000,009,000,001,000,029,000,000,000,000,000,000,000,000,001,026,000,000,000,007,000,000,000,000,000,
0024: 000,000,000,000,000,036,000,000,005,000,000,000,000,029,000,016,000,000,000,000,000,000,009,000,032,000,000,000,010,000,000,000,000,000,000,000,000,000,018,000,000,001,021,000,000,000,000,000,000,000,005,000,020,022,000,000,000,000,000,000,000,000,000,025,024,000,000,000,000,000,000,000,000,000,002,030,000,000,000,035,000,000,000,000,028,028,028,000,000,000,000,000,000,000,000,000,006,037,037,000,015,000,000,000,000,000,000,000,000,000,000,000,000,000,000,000,000,000,000,000,000,007,000,000,014,000,000,000,000,000,000,000,000,000,000,004,000,000,000,000,033,000,009,000,000,000,000,000,000,016,000,000,000,000,000,000,000,000,000,000,007,000,000,000,000,000,000,000,013,000,000,008,008,000,000,000,000,000,000,000,000,000,000,000,000,000,000,000,000,000,000,000,000,000,000,000,000,000,000,011,011,000,000,000,000,000,000,000,000,000,000,017,017,017,000,000,000,000,000,000,000,000,000,000,000,000,000,000,000,000,000,019,000,000,000,000,000,000,000,000,000,031,000,000,000,000,000,000,000,000,034,000,000,000,000,011,011,000,000,000,000,000,000,000,000,000,000,000,000,000,000,000,000,038,000,000,000,026,000,010,000,000,000,000,000,000,000,000,000,000,003,000,000,000,000,000,000,000,000,006,000,000,000,000,000,000,000,000,000,000,000,000,000,000,003,000,000,000,000,000,000,000,000,000,000,000,027,000,000,000,000,000,000,000,000,012,000,000,000,023,000,001,000,000,000,000,000,000,000,000,000,000,000,000,000,000,000,000,000,000,
0022: 000,000,000,000,000,000,000,000,023,000,000,036,016,018,000,000,000,000,029,000,000,002,000,003,000,000,005,000,000,022,035,000,000,000,000,020,000,000,028,028,028,000,000,031,032,000,011,011,000,000,000,000,000,001,000,000,000,000,000,000,007,000,000,000,000,000,000,000,000,000,024,034,000,000,000,000,000,000,000,000,000,000,000,000,000,000,000,000,000,000,000,000,000,000,000,000,000,009,000,012,000,000,008,008,000,000,000,000,014,000,000,000,013,000,000,026,000,000,000,000,000,000,000,000,000,000,000,017,017,017,000,007,000,000,000,000,000,000,000,000,000,011,011,000,000,000,000,000,000,000,000,000,000,000,000,000,000,000,000,000,000,000,000,000,000,000,033,000,000,000,000,000,000,009,000,000,000,015,000,027,000,000,000,030,000,000,000,000,000,000,000,000,000,000,000,000,000,000,000,000,000,016,000,006,000,000,000,000,000,000,000,000,000,000,000,000,000,000,000,000,000,000,000,000,000,000,003,000,000,000,000,000,000,000,000,000,000,000,000,000,021,000,000,000,000,000,000,000,000,037,037,000,000,010,000,000,000,000,005,000,000,000,000,000,000,000,000,000,000,000,000,000,000,000,000,000,000,000,000,000,000,000,000,000,000,000,000,000,001,000,000,000,000,000,000,000,000,000,000,006,000,000,004,000,000,000,025,000,000,000,000,000,000,000,019,000,000,000,000,010,000,000,000,000,000,000,000,000,000,000,000,000,000,038,000,000,000,000,000,000,000,000,000,000,000,000,000,000,000,000,000,000,000,000,000,000,000,000,000,000,
0020: 000,029,000,000,000,000,000,000,000,000,000,000,000,000,000,000,000,000,000,000,026,000,000,000,000,000,000,000,000,000,000,000,000,014,000,000,000,000,000,000,000,000,000,000,000,000,000,000,000,000,000,013,000,000,000,000,000,000,000,000,000,000,000,037,037,000,017,017,017,000,032,000,000,000,000,000,019,000,000,000,000,005,000,000,000,000,000,000,000,000,000,000,000,000,000,000,000,000,000,000,000,000,000,000,000,000,000,024,000,000,010,000,000,000,000,000,000,001,000,000,030,000,000,000,000,000,000,000,000,000,038,000,000,003,000,000,021,027,000,008,008,009,000,000,000,000,000,000,000,000,000,000,023,000,000,000,000,000,000,000,000,000,000,005,000,000,000,000,000,000,000,006,000,000,022,000,000,000,000,000,000,000,000,028,028,028,000,000,000,000,000,000,000,000,000,000,000,000,000,000,000,000,000,000,000,000,000,034,000,000,036,000,000,000,000,000,000,000,000,000,000,000,000,000,000,000,000,007,000,000,000,000,000,000,000,000,000,000,018,015,000,000,000,000,000,000,000,000,000,006,000,000,020,000,000,035,000,000,000,000,000,000,000,010,000,000,000,000,000,000,000,003,000,025,000,000,000,000,000,000,000,000,000,000,000,000,000,000,000,000,000,000,000,000,012,000,000,000,000,000,000,000,016,001,000,000,000,000,000,000,000,000,000,000,000,004,000,000,002,000,000,016,000,000,000,033,000,000,000,000,000,000,000,000,000,009,000,000,011,011,011,000,000,000,000,031,000,000,000,007,000,000,000,000,000,000,000,000,000,000,
0020: 000,000,000,000,000,000,000,013,000,007,000,000,000,000,000,000,000,000,000,000,000,000,033,000,000,000,000,000,000,000,000,000,000,000,000,001,000,000,000,000,000,000,017,017,017,000,000,000,000,000,000,000,000,000,023,000,006,000,000,009,000,000,000,000,000,000,000,028,028,028,022,000,000,000,025,000,000,000,000,000,000,000,000,000,000,000,000,000,036,000,000,000,000,032,000,000,010,000,000,000,000,000,000,000,000,000,000,035,018,000,000,014,000,000,000,000,000,000,000,000,000,000,005,000,000,000,000,000,000,005,000,000,000,000,000,000,011,011,000,000,000,000,010,000,000,000,000,000,000,000,000,000,000,000,003,000,000,000,000,001,000,000,000,000,000,000,000,000,000,000,000,000,027,015,000,011,011,016,000,000,000,000,009,000,000,000,000,038,000,016,000,000,000,000,000,000,000,000,000,008,008,000,000,030,000,000,000,031,000,000,003,000,000,000,000,000,000,000,000,000,000,004,000,000,000,026,000,000,000,000,000,000,000,000,000,000,000,000,000,000,000,012,000,000,000,000,000,000,000,000,000,000,000,000,000,000,029,000,000,000,000,000,000,000,000,000,000,000,000,000,000,000,000,000,000,019,000,000,000,000,000,000,000,000,000,007,000,000,000,000,000,000,000,000,000,000,000,000,000,000,000,002,034,000,000,000,000,000,000,024,000,000,037,037,000,000,020,000,000,000,000,000,000,000,000,000,000,000,000,000,000,000,000,000,000,021,000,000,000,000,000,000,000,000,000,000,000,000,000,000,006,000,000,000,000,000,000,000,000,000,
0019: 000,000,000,000,000,000,000,005,000,000,000,000,000,000,000,000,000,000,000,000,000,000,000,000,000,000,000,000,000,000,000,024,000,000,000,000,000,000,000,000,000,000,000,000,000,000,000,000,000,000,000,000,000,000,000,000,000,000,000,000,000,000,000,000,000,000,000,023,000,000,011,011,000,000,000,000,000,000,000,000,000,000,008,008,000,000,000,000,000,000,011,011,000,000,000,000,000,000,000,000,000,000,038,000,000,000,013,000,000,031,000,000,000,000,000,000,025,000,000,000,000,000,000,000,000,000,000,009,010,000,000,000,000,000,000,000,000,001,000,000,000,000,000,000,000,000,000,029,030,000,000,000,000,000,000,036,000,026,000,000,000,000,000,000,002,000,000,000,000,000,000,000,020,000,000,000,000,000,000,000,000,000,000,037,037,000,007,000,000,000,000,000,000,000,000,000,000,000,000,000,000,000,000,000,000,000,000,005,000,006,000,000,000,000,000,003,000,000,000,000,000,000,000,000,000,000,003,032,000,000,000,000,000,000,000,000,000,000,000,000,000,000,000,000,000,000,000,000,000,000,000,004,000,000,000,012,000,000,000,000,000,000,000,010,000,018,000,000,000,000,000,000,000,000,000,000,000,021,000,000,000,009,000,000,000,000,000,000,000,000,000,000,033,000,000,000,027,000,000,000,000,001,000,000,000,000,000,000,000,007,000,000,000,000,016,000,022,015,028,028,028,000,034,000,000,035,000,000,014,016,000,000,000,019,000,000,000,006,000,000,000,000,000,000,000,000,000,000,000,000,000,000,000,000,017,017,017,000,000,000,
0019: 000,000,000,000,000,013,000,000,000,000,021,000,009,000,000,000,025,000,023,000,000,000,000,000,000,000,000,000,000,000,000,000,000,000,000,000,018,000,017,017,017,000,000,000,038,000,000,000,000,000,000,000,000,000,000,000,000,003,000,000,000,000,000,000,000,000,000,000,000,000,024,000,000,000,000,000,000,000,000,000,000,000,000,000,000,000,000,000,037,037,012,000,011,011,000,000,000,000,000,000,010,000,000,022,000,000,032,000,000,000,000,000,009,000,000,000,000,000,000,000,011,011,000,000,000,000,000,000,000,000,000,000,000,000,000,000,000,010,000,035,000,000,000,000,000,000,000,000,000,000,000,000,000,000,000,000,000,000,016,000,000,000,000,000,000,000,000,000,000,000,000,029,000,000,000,000,000,000,000,000,000,014,000,000,000,000,000,000,000,000,000,002,000,000,000,000,000,000,000,000,000,000,000,000,000,000,000,000,000,000,000,000,000,000,015,000,000,000,000,000,000,026,000,000,000,000,000,000,000,036,000,000,031,000,019,008,008,000,000,005,004,000,000,000,000,003,000,000,000,000,000,027,000,000,000,016,000,007,006,000,000,000,000,000,000,000,000,000,000,000,000,000,000,000,020,000,000,000,000,000,007,000,000,030,000,000,000,000,000,000,000,000,000,000,000,000,000,000,000,000,000,000,000,000,000,000,000,000,000,000,000,000,000,000,000,000,000,000,000,000,000,000,000,000,001,034,000,000,000,000,000,000,033,000,000,000,000,000,000,000,005,006,000,000,028,028,028,000,000,000,001,000,000,000,000,000,000,000,000,000,
0017: 000,000,000,000,000,000,000,000,000,000,035,000,000,000,022,000,000,000,000,000,000,000,000,000,005,000,000,034,000,000,000,000,000,000,000,000,000,000,000,000,000,000,000,000,000,000,000,000,000,000,000,000,007,000,000,011,011,000,000,000,000,000,000,000,000,000,000,000,000,000,014,006,000,000,000,000,000,000,000,000,000,000,000,000,000,000,000,003,000,033,000,000,000,000,013,000,000,000,000,000,000,000,000,000,000,000,000,000,000,000,000,000,000,000,000,000,000,000,000,000,000,000,000,000,000,000,000,000,000,000,000,000,000,000,000,000,000,000,000,000,000,000,000,016,000,009,000,007,000,000,000,000,010,000,000,000,000,000,000,000,020,000,000,000,000,000,000,001,000,009,000,000,002,000,000,000,000,000,000,016,000,038,000,000,000,000,000,000,000,000,000,000,000,000,000,000,031,000,004,000,000,000,000,000,000,000,008,008,000,012,000,021,000,000,000,000,017,017,017,000,000,000,000,000,000,000,000,000,036,000,000,000,000,000,000,000,000,000,000,000,000,000,000,000,037,037,000,000,000,000,000,023,024,000,000,000,000,000,000,000,000,000,000,000,000,000,000,030,000,000,000,000,000,015,000,000,000,025,000,000,000,000,000,028,028,028,029,000,000,011,011,000,000,001,000,000,000,000,005,000,000,000,000,032,000,000,000,000,000,000,000,026,000,000,000,000,000,000,003,000,000,000,000,000,000,000,000,000,000,000,000,027,000,000,000,000,000,000,000,010,000,000,000,000,019,000,000,000,000,000,000,000,006,000,000,000,018,000,000,000,
0014: 000,000,000,000,000,000,000,000,000,000,000,000,000,000,000,000,016,000,000,003,015,000,000,000,028,028,028,004,000,019,000,000,000,000,000,000,000,000,000,000,000,000,000,035,000,000,000,000,000,000,000,000,000,001,027,017,017,017,000,000,000,000,000,000,000,000,000,000,000,000,000,000,000,000,000,000,006,009,000,000,000,000,000,000,000,000,000,000,012,000,000,000,000,000,000,022,000,000,038,000,001,000,000,000,000,000,000,000,000,000,000,000,000,000,000,000,000,011,011,006,000,000,026,000,000,000,000,000,000,000,031,000,000,000,000,009,000,000,005,000,000,000,000,000,000,000,000,000,000,033,000,000,000,000,000,000,000,000,000,000,000,000,000,000,000,010,000,034,000,000,000,000,000,000,000,025,000,010,000,000,000,000,000,000,000,000,000,000,020,000,000,000,000,000,000,000,000,000,021,000,000,000,000,000,000,000,000,000,000,030,000,000,000,000,000,000,000,000,000,000,000,000,000,000,000,016,000,000,000,000,000,014,032,000,037,037,000,000,000,000,000,000,000,000,018,000,000,036,000,000,000,000,000,000,000,000,000,000,000,000,000,000,000,000,000,000,000,000,000,000,000,000,000,000,000,000,002,000,000,000,029,000,000,000,000,000,000,000,000,000,000,000,000,000,000,000,000,008,008,000,005,000,000,023,000,007,000,000,000,000,000,000,000,000,000,000,000,000,000,000,000,000,000,000,003,000,000,000,000,000,000,000,000,000,000,007,000,000,013,000,000,024,000,000,000,000,000,000,000,011,011,000,000,000,000,000,000,000,000,000,
0013: 000,000,000,000,000,000,000,000,000,000,000,023,000,000,000,035,000,000,000,000,000,000,000,000,000,000,000,000,000,000,000,000,000,015,000,000,000,000,000,000,000,000,000,000,000,018,006,000,000,000,000,000,000,000,022,000,000,005,000,000,000,000,000,000,012,000,000,016,000,000,000,000,000,000,000,000,011,011,000,000,000,000,000,000,000,034,038,000,000,000,001,000,000,000,000,000,000,000,000,000,000,000,000,000,000,000,000,000,000,000,000,000,007,000,000,000,000,000,000,000,000,000,000,000,000,000,000,000,000,000,000,000,000,000,000,000,000,024,000,000,000,000,000,025,000,000,000,000,000,000,000,000,000,000,000,000,000,000,000,000,000,000,000,000,000,000,000,000,000,000,000,000,000,000,000,000,000,000,000,000,000,000,000,000,020,000,000,000,000,000,000,036,000,000,016,000,000,000,000,000,000,000,019,000,000,000,000,000,000,000,000,000,000,000,000,032,000,000,000,031,000,000,000,000,000,000,000,000,000,028,028,028,000,000,000,000,000,000,000,000,009,000,000,030,000,021,026,003,000,000,000,010,000,000,000,000,000,000,000,000,000,000,000,000,000,033,000,000,000,000,006,000,000,000,000,000,000,000,000,000,000,010,000,000,000,000,000,000,002,000,000,000,000,000,037,037,000,000,000,007,000,000,000,008,008,000,000,017,017,017,000,000,000,029,000,000,000,000,000,000,009,000,000,000,000,005,000,000,014,000,000,000,004,000,000,000,000,000,000,000,000,013,000,003,001,000,000,000,000,000,000,000,011,011,000,000,000,027,000,000,
0008: 000,000,000,000,027,000,000,000,000,000,000,000,000,000,000,013,000,021,000,000,000,000,000,000,000,000,000,000,000,000,000,000,000,000,000,000,000,000,000,017,017,017,000,000,000,000,000,000,030,000,000,000,000,029,000,023,004,000,000,000,000,000,000,000,037,037,000,000,000,000,000,000,000,000,000,000,000,000,000,000,000,000,000,000,000,000,000,000,000,007,000,000,000,000,000,000,000,000,026,014,000,000,000,000,000,000,000,000,020,000,000,000,010,003,000,000,000,000,025,000,000,000,000,000,038,000,000,000,000,000,000,000,000,000,000,000,000,019,000,000,000,000,000,000,000,000,000,000,000,000,000,000,000,000,012,000,000,000,000,000,000,000,000,000,000,000,000,000,000,009,032,000,016,000,000,001,000,000,000,000,000,000,000,000,000,000,000,000,000,000,000,000,000,000,000,033,000,010,000,000,000,000,000,000,000,008,008,000,000,000,000,000,000,035,000,000,000,000,000,000,000,022,000,000,000,000,000,000,001,000,000,024,015,000,002,018,000,000,000,000,000,000,000,000,034,000,000,011,011,000,000,000,000,000,000,000,000,000,031,000,000,000,003,000,000,000,000,011,011,000,000,000,000,000,000,000,005,000,000,000,009,000,000,000,000,000,000,000,000,000,000,000,000,006,036,000,028,028,028,000,000,000,005,000,000,000,000,000,000,000,000,000,000,000,000,000,000,000,000,000,000,000,000,000,000,016,000,000,000,000,000,000,000,000,000,000,000,000,000,000,000,000,000,000,000,000,007,000,000,000,000,000,000,000,000,000,000,006,000,000,
0007: 000,000,000,000,000,000,000,000,000,000,000,000,000,000,000,000,000,000,000,000,000,000,000,000,000,000,000,009,006,000,000,000,004,000,000,000,000,000,000,000,000,000,000,000,015,000,000,000,000,000,000,000,000,000,000,023,000,000,000,000,000,000,000,000,000,000,012,013,000,037,037,036,000,000,000,000,000,000,000,000,000,001,000,000,000,006,000,000,033,034,000,011,011,000,000,000,000,022,000,000,000,000,000,000,000,000,000,000,024,000,000,000,000,021,000,000,000,000,000,000,000,000,000,000,000,005,000,000,000,000,000,035,000,000,000,000,000,000,000,000,000,000,000,000,000,000,000,000,000,027,000,000,017,017,017,031,000,000,000,000,000,000,000,000,000,000,000,038,000,000,000,000,000,000,000,000,000,000,009,007,000,000,000,000,014,000,000,000,000,000,000,000,000,000,000,000,000,000,000,000,000,000,000,000,000,000,000,000,000,000,000,000,000,008,008,000,003,000,000,000,000,000,000,000,000,000,000,000,000,010,000,000,000,000,000,000,000,000,000,000,000,025,000,000,000,000,000,000,000,000,000,007,000,000,000,000,000,000,000,000,000,020,029,000,000,000,000,000,000,000,000,011,011,003,000,000,000,000,000,000,000,000,000,002,000,005,000,000,000,028,028,028,000,000,000,016,000,026,000,000,000,000,010,000,000,000,032,000,000,019,000,001,000,000,000,030,000,000,000,000,000,000,000,000,000,000,000,000,000,000,000,000,000,000,000,018,000,000,000,000,000,000,000,000,000,000,000,000,000,000,000,000,000,000,016,000,000,000,000,000,
0005: 000,000,000,027,000,000,000,000,000,000,000,000,000,000,000,000,000,000,000,000,000,000,000,000,000,000,000,000,000,000,000,000,000,000,000,000,000,000,000,000,000,000,000,000,033,000,000,000,000,011,011,000,000,000,000,000,000,000,000,000,000,000,000,000,000,000,000,000,013,005,000,000,000,000,000,000,000,005,000,000,036,000,000,000,000,000,000,000,000,000,037,037,000,000,000,000,000,000,000,000,000,000,000,000,000,000,000,000,000,000,000,035,000,000,000,000,000,000,000,000,000,000,000,000,000,000,000,001,000,000,000,000,000,000,000,000,000,000,000,000,000,012,000,000,000,004,000,000,000,000,000,000,000,029,000,000,000,000,000,000,014,000,007,000,000,000,015,000,000,000,000,000,000,000,000,000,000,011,011,000,000,016,000,000,000,000,000,000,038,000,000,032,000,000,000,000,000,000,021,000,000,008,008,000,000,000,000,000,000,026,000,000,000,007,000,000,000,000,000,034,000,000,000,000,000,000,000,018,030,000,000,000,000,006,000,000,000,003,000,000,000,028,028,028,025,000,000,000,000,000,003,000,000,016,000,000,000,022,000,000,000,000,000,000,000,000,000,000,000,000,000,000,000,000,010,000,024,000,000,000,000,000,000,000,000,000,000,031,000,000,000,000,023,000,000,000,000,017,017,017,000,000,000,000,000,000,000,000,000,000,000,006,009,009,000,000,000,000,000,000,000,000,000,002,000,000,000,000,000,000,020,000,000,000,019,010,000,000,001,000,000,000,000,000,000,000,000,000,000,000,000,000,000,000,000,000,000,000,000,000,
0003: 016,000,000,000,000,000,011,011,000,000,000,034,000,000,000,000,000,000,000,000,006,000,000,000,000,000,000,000,000,010,000,000,000,000,000,026,000,000,000,000,010,009,000,022,000,000,000,000,000,005,000,035,000,016,000,025,000,000,000,005,000,000,000,000,000,000,000,000,000,029,009,000,000,000,000,000,000,000,000,000,000,038,000,000,000,000,000,019,000,000,000,000,000,000,000,000,000,000,000,028,028,028,000,000,008,008,000,000,000,000,000,000,000,000,000,000,000,000,000,000,001,000,000,000,000,013,000,000,000,000,000,000,000,000,000,000,000,000,003,021,000,000,000,020,018,000,000,000,000,000,000,000,014,000,000,027,000,000,000,011,011,000,000,000,000,000,000,000,000,000,000,000,000,000,000,000,000,007,000,000,000,000,000,000,000,000,000,000,000,000,000,000,000,000,000,000,000,000,000,000,000,000,000,000,000,000,000,000,000,000,000,000,000,000,000,000,000,000,000,000,033,000,000,000,000,000,015,000,000,000,000,000,000,000,000,000,000,000,037,037,000,000,000,024,000,000,000,000,000,000,036,000,000,000,000,000,006,000,000,000,000,000,000,000,000,032,000,000,000,000,000,000,000,031,000,000,000,000,000,000,000,007,000,000,000,000,000,000,002,000,000,030,000,004,000,000,000,000,000,000,000,000,023,000,000,000,000,000,000,000,000,000,000,000,000,000,000,000,000,000,000,000,000,000,000,000,000,000,000,000,000,000,001,000,000,000,000,000,000,000,000,000,000,000,000,000,000,000,012,003,000,000,000,000,017,017,017,000,000,000,
-0003: 000,000,000,000,034,000,000,000,000,000,000,000,000,000,000,031,000,015,000,000,000,000,000,000,000,000,000,000,000,000,000,000,030,000,000,000,000,000,000,000,000,000,000,000,000,013,000,000,000,000,000,000,000,000,000,000,000,000,000,000,000,000,000,006,000,000,000,000,000,003,000,000,000,000,000,000,000,000,000,000,000,010,000,000,000,000,000,011,011,000,000,000,000,000,001,000,000,000,000,000,000,000,000,000,000,000,005,000,000,000,000,000,027,000,032,000,000,000,000,000,000,000,000,000,000,000,017,017,017,000,000,000,000,000,000,000,009,000,000,000,000,000,007,000,000,000,000,012,000,000,000,023,000,000,000,019,000,000,000,000,000,000,000,000,009,000,000,000,024,000,000,000,018,000,000,000,000,000,000,000,000,000,000,028,028,028,000,000,000,000,000,000,000,000,000,000,000,000,000,014,000,010,000,000,000,000,029,000,002,000,000,033,000,000,000,000,000,000,000,000,000,000,000,000,000,000,000,022,000,000,000,000,000,000,000,000,000,000,021,000,000,000,000,000,000,000,000,000,000,000,000,000,000,000,000,004,000,000,000,000,000,000,011,011,007,000,000,008,008,000,000,000,000,000,000,016,000,000,000,003,000,000,000,000,000,000,000,000,035,000,000,000,000,000,000,025,026,000,000,000,000,005,000,000,020,000,000,016,000,000,000,000,000,000,000,000,038,000,000,000,000,000,000,000,000,000,037,037,000,000,000,000,001,036,000,000,000,000,000,000,000,000,000,000,000,000,000,000,000,000,000,000,000,000,000,000,000,000,006,000,
-0003: 000,000,005,000,001,000,000,000,000,000,000,000,000,000,000,000,000,000,000,000,008,008,000,000,000,000,000,000,000,000,000,000,010,000,000,003,000,000,000,000,000,000,000,000,000,000,000,000,020,012,034,011,011,000,000,000,000,000,000,000,000,000,000,000,024,000,000,000,000,000,013,000,000,000,026,000,004,000,000,000,000,000,000,000,000,000,000,000,000,000,000,000,000,037,037,016,000,000,000,000,000,000,000,000,000,000,000,000,022,000,000,035,000,000,000,000,000,028,028,028,000,000,000,017,017,017,000,033,000,000,000,021,000,000,000,000,000,000,000,000,000,000,000,000,000,000,000,000,000,000,000,000,000,000,000,000,000,000,000,000,000,000,000,000,000,000,010,003,000,000,000,000,000,000,000,000,000,000,007,000,000,000,000,000,000,000,000,038,000,000,000,000,000,000,000,000,000,006,000,000,000,000,000,000,000,000,000,000,000,007,000,000,006,019,000,000,000,000,000,030,000,000,031,000,000,029,000,000,000,000,000,000,000,000,000,002,000,000,000,000,000,000,000,000,000,032,000,000,000,000,000,000,000,000,000,000,000,000,005,000,000,000,000,000,018,016,000,000,000,000,000,000,000,000,000,000,000,000,000,023,000,000,000,027,000,000,009,000,000,000,000,000,000,000,000,000,000,000,014,000,036,000,000,000,009,000,000,000,000,000,000,000,000,000,000,000,000,000,000,000,000,000,000,000,000,000,000,025,000,000,000,000,000,000,000,000,000,000,000,000,000,000,000,000,000,000,000,000,015,000,001,000,000,000,000,000,000,011,011,000,
1000 Generations finished after 1935ms
</DebugTrace>
      </Output>
    </UnitTestResult>
  </Results>
</TestRun>