<?xml version="1.0" encoding="UTF-8"?>
<TestRun id="e624ea52-b9e5-4f35-8cbe-d3b0bfd89138" name="FloLap@FLOLAP-PC 2011-10-28 11:01:54" runUser="FloLap-PC\FloLap" xmlns="http://microsoft.com/schemas/VisualStudio/TeamTest/2010">
  <TestSettings name="Lokal" id="6ed96bb3-d821-4eee-a79d-3a3069da9890">
    <Description>Dies sind die standardmäßigen Testeinstellungen für einen lokalen Testlauf.</Description>
    <Deployment enabled="false" runDeploymentRoot="FloLap_FLOLAP-PC 2011-10-28 11_01_54">
      <DeploymentItem filename="E:\HsKA\Semester2\Projektarbeit\Stundenplangenerator\TimetablePlanner\TimetablePlanner\bin\Debug\TimetablePlanner.dll" />
    </Deployment>
    <Execution>
      <TestTypeSpecific />
      <AgentRule name="Execution Agents">
      </AgentRule>
    </Execution>
  </TestSettings>
  <Times creation="2011-10-28T11:01:54.7681608+02:00" queuing="2011-10-28T11:01:55.7644117+02:00" start="2011-10-28T11:01:55.8446146+02:00" finish="2011-10-28T11:02:36.6688841+02:00" />
  <ResultSummary outcome="Completed">
    <Counters total="1" executed="1" passed="1" error="0" failed="0" timeout="0" aborted="0" inconclusive="0" passedButRunAborted="0" notRunnable="0" notExecuted="0" disconnected="0" warning="0" completed="0" inProgress="0" pending="0" />
  </ResultSummary>
  <TestDefinitions>
    <UnitTest name="TimetableManualTester" storage="e:\hska\semester2\projektarbeit\stundenplangenerator\timetableplanner\timetableplannertests\bin\debug\timetableplannertests.dll" id="3ada0cc6-2a4d-2d63-7d9f-97d4d443b0f3">
      <Execution id="36632f2d-c9da-4d73-94c7-6a5a8c062621" />
      <TestMethod codeBase="E:/HsKA/Semester2/Projektarbeit/Stundenplangenerator/TimetablePlanner/TimetablePlannerTests/bin/Debug/TimetablePlannerTests.DLL" adapterTypeName="Microsoft.VisualStudio.TestTools.TestTypes.Unit.UnitTestAdapter, Microsoft.VisualStudio.QualityTools.Tips.UnitTest.Adapter, Version=10.0.0.0, Culture=neutral, PublicKeyToken=b03f5f7f11d50a3a" className="TimetablePlannerTests.TimetableTest, TimetablePlannerTests, Version=1.0.0.0, Culture=neutral, PublicKeyToken=null" name="TimetableManualTester" />
    </UnitTest>
  </TestDefinitions>
  <TestLists>
    <TestList name="Nicht in einer Liste enthaltene Ergebnisse" id="8c84fa94-04c1-424b-9868-57a2d4851a1d" />
    <TestList name="Alle geladenen Ergebnisse" id="19431567-8539-422a-85d7-44ee4e166bda" />
  </TestLists>
  <TestEntries>
    <TestEntry testId="3ada0cc6-2a4d-2d63-7d9f-97d4d443b0f3" executionId="36632f2d-c9da-4d73-94c7-6a5a8c062621" testListId="8c84fa94-04c1-424b-9868-57a2d4851a1d" />
  </TestEntries>
  <Results>
    <UnitTestResult executionId="36632f2d-c9da-4d73-94c7-6a5a8c062621" testId="3ada0cc6-2a4d-2d63-7d9f-97d4d443b0f3" testName="TimetableManualTester" computerName="FLOLAP-PC" duration="00:00:39.4529150" startTime="2011-10-28T11:01:55.9026179+02:00" endTime="2011-10-28T11:02:36.5802799+02:00" testType="13cdc9d9-ddb5-4fa4-a97d-d965ccfc6d4b" outcome="Passed" testListId="8c84fa94-04c1-424b-9868-57a2d4851a1d" relativeResultsDirectory="36632f2d-c9da-4d73-94c7-6a5a8c062621">
      <Output>
        <DebugTrace>Time to create population of size 50: 16901ms
3280
3120
3080
2870
2860
2730
2600
2520
2390
2340
2260
2140
2130
2100
2100
2060
2040
2030
2030
1950
1920
1880
1790
1780
1740
1740
1710
1670
1650
1610
1600
1590
1570
1560
1540
1440
1380
1350
1270
1230
1220
1210
1140
1020
860
860
830
290
250
80
Early abort of evolution after 448 generations
Mean time per generation: 48ms
Mean fitness increase per generation
540
363
314
180
151
154
97
114
80
100
101
87
111
55
71
71
87
66
74
87
67
68
57
81
50
72
76
89
91
77
82
77
95
77
78
77
62
75
76
67
60
43
31
38
38
60
65
54
59
58
64
90
66
51
23
41
42
33
36
47
31
39
45
62
67
58
62
27
47
42
35
27
38
44
49
44
59
59
76
86
84
67
62
39
38
32
35
36
31
30
21
21
27
29
28
17
27
23
26
29
18
29
18
16
21
17
22
27
16
27
18
9
9
21
13
25
17
22
20
20
36
21
25
13
23
13
13
15
18
15
17
9
13
12
14
17
19
17
13
18
15
26
12
5
15
25
18
22
24
14
26
19
17
18
16
12
15
9
16
18
12
11
15
9
20
13
22
23
26
18
14
15
14
20
26
19
12
16
17
13
7
9
12
13
8
13
11
11
8
14
9
7
11
7
7
6
12
7
15
12
10
9
23
12
18
11
15
10
16
19
14
13
18
11
24
19
21
14
12
5
8
5
11
8
6
5
12
15
8
15
7
14
6
9
9
11
16
10
14
6
20
15
17
8
5
12
5
6
11
12
7
7
11
13
10
10
8
11
15
12
17
6
12
13
12
9
11
6
13
15
5
21
25
22
16
12
9
12
15
5
5
6
6
2
6
7
4
4
11
3
6
0
4
6
3
4
3
1
9
6
6
10
7
4
7
7
15
5
13
8
8
5
2
4
5
5
6
3
2
3
7
5
4
1
4
5
2
1
4
6
2
1
4
3
8
3
10
6
6
4
2
6
4
5
2
3
2
3
8
2
7
3
2
2
9
2
7
4
6
4
3
4
9
6
10
7
7
5
6
5
8
4
1
1
4
3
4
1
3
9
3
6
4
4
1
7
3
7
8
7
4
8
3
2
3
3
5
3
2
7
5
4
2
1
6
2
4
0
3
4
3
3
3
4
2
4
2
6
7
5
7
6
1
3
10
3
7
4
2
7
2
4
4
7
1
7
4
2
3
2
1
1
2
0
3
4
4
0
2
Evolution time: 22096ms
12260
12260
12260
12260
12230
12230
12220
12210
12190
12190
12190
12180
12180
12180
12170
12170
12170
12170
12170
12170
12170
12170
12170
12170
12170
12170
12170
12160
12160
12160
12160
12160
12160
12160
12160
12160
12160
12160
12160
12160
12160
12160
12160
12160
12160
12160
12160
12160
12160
12160
</DebugTrace>
      </Output>
    </UnitTestResult>
  </Results>
</TestRun>