<?xml version="1.0" encoding="UTF-8"?>
<TestRun id="0fb643d9-ae9b-4ba2-a2e0-b4dab2c91436" name="FloLap@FLOLAP-PC 2011-10-22 20:04:10" runUser="FloLap-PC\FloLap" xmlns="http://microsoft.com/schemas/VisualStudio/TeamTest/2010">
  <TestSettings name="Lokal" id="6ed96bb3-d821-4eee-a79d-3a3069da9890">
    <Description>Dies sind die standardmäßigen Testeinstellungen für einen lokalen Testlauf.</Description>
    <Deployment enabled="false" runDeploymentRoot="FloLap_FLOLAP-PC 2011-10-22 20_04_10">
      <DeploymentItem filename="E:\HsKA\Semester2\Projektarbeit\Stundenplangenerator\TimetablePlanner\TimetablePlanner\bin\Debug\TimetablePlanner.dll" />
    </Deployment>
    <Execution>
      <TestTypeSpecific />
      <AgentRule name="Execution Agents">
      </AgentRule>
    </Execution>
  </TestSettings>
  <Times creation="2011-10-22T20:04:10.7414866+02:00" queuing="2011-10-22T20:04:14.3846052+02:00" start="2011-10-22T20:04:14.5246054+02:00" finish="2011-10-22T20:04:25.8008983+02:00" />
  <ResultSummary outcome="Completed">
    <Counters total="1" executed="1" passed="1" error="0" failed="0" timeout="0" aborted="0" inconclusive="0" passedButRunAborted="0" notRunnable="0" notExecuted="0" disconnected="0" warning="0" completed="0" inProgress="0" pending="0" />
  </ResultSummary>
  <TestDefinitions>
    <UnitTest name="TimetableManualTester" storage="e:\hska\semester2\projektarbeit\stundenplangenerator\timetableplanner\timetableplannertests\bin\debug\timetableplannertests.dll" id="3ada0cc6-2a4d-2d63-7d9f-97d4d443b0f3">
      <Execution id="91e54c8a-2b5d-4d49-bbb0-df806a61e57d" />
      <TestMethod codeBase="E:/HsKA/Semester2/Projektarbeit/Stundenplangenerator/TimetablePlanner/TimetablePlannerTests/bin/Debug/TimetablePlannerTests.DLL" adapterTypeName="Microsoft.VisualStudio.TestTools.TestTypes.Unit.UnitTestAdapter, Microsoft.VisualStudio.QualityTools.Tips.UnitTest.Adapter, Version=10.0.0.0, Culture=neutral, PublicKeyToken=b03f5f7f11d50a3a" className="TimetablePlannerTests.TimetableTest, TimetablePlannerTests, Version=1.0.0.0, Culture=neutral, PublicKeyToken=null" name="TimetableManualTester" />
    </UnitTest>
  </TestDefinitions>
  <TestLists>
    <TestList name="Nicht in einer Liste enthaltene Ergebnisse" id="8c84fa94-04c1-424b-9868-57a2d4851a1d" />
    <TestList name="Alle geladenen Ergebnisse" id="19431567-8539-422a-85d7-44ee4e166bda" />
  </TestLists>
  <TestEntries>
    <TestEntry testId="3ada0cc6-2a4d-2d63-7d9f-97d4d443b0f3" executionId="91e54c8a-2b5d-4d49-bbb0-df806a61e57d" testListId="8c84fa94-04c1-424b-9868-57a2d4851a1d" />
  </TestEntries>
  <Results>
    <UnitTestResult executionId="91e54c8a-2b5d-4d49-bbb0-df806a61e57d" testId="3ada0cc6-2a4d-2d63-7d9f-97d4d443b0f3" testName="TimetableManualTester" computerName="FLOLAP-PC" duration="00:00:09.7776339" startTime="2011-10-22T20:04:14.5646054+02:00" endTime="2011-10-22T20:04:25.6908981+02:00" testType="13cdc9d9-ddb5-4fa4-a97d-d965ccfc6d4b" outcome="Passed" testListId="8c84fa94-04c1-424b-9868-57a2d4851a1d" relativeResultsDirectory="91e54c8a-2b5d-4d49-bbb0-df806a61e57d">
      <Output>
        <DebugTrace>Time to create population of size 75: 700ms
1500
1440
1350
1310
1300
1220
1210
1130
1120
1120
1090
1060
1000
970
960
960
950
950
950
910
910
880
860
830
830
820
810
800
790
780
770
710
700
700
690
690
680
680
680
680
680
630
610
580
570
560
530
490
460
460
430
380
370
320
290
280
280
200
160
150
90
-20
-90
-230
-260
-340
-350
-410
-420
-430
-430
-610
-700
-710
-1420
Early abort after 165 generations.
Mean time per generation: 40ms
Mean fitness increase per generation
431
163
137
97
73
69
55
49
47
40
50
36
34
50
50
45
36
32
41
45
43
28
31
27
22
22
19
25
25
24
21
18
18
18
12
21
15
17
19
19
17
13
15
11
9
9
9
11
14
10
11
9
9
6
16
13
14
14
12
14
14
9
13
13
13
13
13
9
8
8
11
12
15
8
12
9
12
18
13
12
15
9
10
7
12
12
8
6
7
5
5
7
7
3
6
5
4
6
2
4
6
5
3
8
4
6
6
4
6
4
6
6
5
4
7
3
3
3
5
2
5
2
4
3
8
4
3
3
6
3
2
2
5
3
3
1
2
1
2
1
1
3
2
0
3
2
2
4
2
2
0
1
3
1
2
3
1
3
2
1
1
2
2
2
1
1
Evolution time: 6878ms
3440
3410
3410
3410
3400
3400
3400
3390
3390
3390
3390
3390
3380
3380
3380
3380
3380
3380
3380
3380
3380
3380
3380
3380
3380
3370
3370
3370
3370
3370
3370
3370
3370
3370
3370
3370
3370
3370
3370
3370
3370
3370
3370
3370
3370
3370
3370
3360
3360
3360
3360
3360
3360
3360
3360
3360
3360
3360
3360
3360
3360
3360
3360
3360
3360
3360
3360
3360
3360
3350
3350
3350
3350
3350
3350

Group 0
Block 0: Technische Informatik 1 Übung          | Mathematik 1 Labor                     | Fremdsprachen                          | Technische Informatik 1                | Mathematik 1                           | 
Block 1: Mathematik 1 Labor                     | Informatik 1 Übung                     | Fremdsprachen                          | Theoretische Informatik 1              | Informatik 1                           | 
Block 2: Mathematik 1                           | Informatik 1                           | ---------------------------------------| ---------------------------------------| Technische Informatik 1                | 
Block 3: ---------------------------------------| Theoretische Informatik 1              | ---------------------------------------| ---------------------------------------| ---------------------------------------| 
Block 4: ---------------------------------------| ---------------------------------------| ---------------------------------------| ---------------------------------------| ---------------------------------------| 
Block 5: ---------------------------------------| ---------------------------------------| ---------------------------------------| ---------------------------------------| ---------------------------------------| 

Group 1
Block 0: Sprachen und Metasprachen              | Informatik 2 Übung                     | Technische Informatik 2                | Informatik 2 Übung                     | Informatik 2                           | 
Block 1: Softwarelabor                          | Mathematik 2 Labor                     | Web-Programming                        | Softwarelabor                          | Digital-Labor                          | 
Block 2: Softwarelabor                          | Mathematik 2                           | ---------------------------------------| Softwarelabor                          | Digital-Labor                          | 
Block 3: Technische Informatik 2                | ---------------------------------------| ---------------------------------------| Informatik 2                           | Digital-Labor                          | 
Block 4: ---------------------------------------| ---------------------------------------| ---------------------------------------| ---------------------------------------| ---------------------------------------| 
Block 5: ---------------------------------------| ---------------------------------------| ---------------------------------------| ---------------------------------------| ---------------------------------------| 

Group 2
Block 0: Modellierung und Simulation            | Datenrepräsentation und -übertragung   | IT Service Management                  | ---------------------------------------| IT Projektmanagement                   | 
Block 1: Verteilte Informationssysteme          | Intelligente Systeme                   | Visualization and Semantics Lab        | ---------------------------------------| Mobile Systeme                         | 
Block 2: ---------------------------------------| ---------------------------------------| ---------------------------------------| ---------------------------------------| Visualization and Semantics            | 
Block 3: ---------------------------------------| Projektarbeit1                         | ---------------------------------------| ---------------------------------------| ---------------------------------------| 
Block 4: ---------------------------------------| Projektarbeit1                         | ---------------------------------------| ---------------------------------------| ---------------------------------------| 
Block 5: ---------------------------------------| Projektarbeit1                         | ---------------------------------------| Führungskräftetraining                 | ---------------------------------------| 

Group 3
Block 0: Labor Verteilte Systeme                | Dialog Systems                         | IT-Sicherheit                          | ---------------------------------------| ---------------------------------------| 
Block 1: Data Mining                            | ---------------------------------------| Labor Benutzeroberflächen              | ---------------------------------------| Angewandte Kryptografie                | 
Block 2: Algorithmen Übung                      | ---------------------------------------| ---------------------------------------| ---------------------------------------| Algorithmenentwurf                     | 
Block 3: ---------------------------------------| ---------------------------------------| ---------------------------------------| ---------------------------------------| ---------------------------------------| 
Block 4: ---------------------------------------| ---------------------------------------| Projektarbeit2                         | ---------------------------------------| ---------------------------------------| 
Block 5: ---------------------------------------| Seminar                                | Projektarbeit2                         | ---------------------------------------| ---------------------------------------| 
</DebugTrace>
      </Output>
    </UnitTestResult>
  </Results>
</TestRun>