<?xml version="1.0" encoding="UTF-8"?>
<TestRun id="c96d5ebb-799e-4648-b2c2-74735b6d0a4d" name="FloLap@FLOLAP-PC 2011-10-21 22:19:42" runUser="FloLap-PC\FloLap" xmlns="http://microsoft.com/schemas/VisualStudio/TeamTest/2010">
  <TestSettings name="Lokal" id="6ed96bb3-d821-4eee-a79d-3a3069da9890">
    <Description>Dies sind die standardmäßigen Testeinstellungen für einen lokalen Testlauf.</Description>
    <Deployment enabled="false" runDeploymentRoot="FloLap_FLOLAP-PC 2011-10-21 22_19_42">
      <DeploymentItem filename="E:\HsKA\Semester2\Projektarbeit\Stundenplangenerator\TimetablePlanner\TimetablePlanner\bin\Debug\TimetablePlanner.dll" />
    </Deployment>
    <Execution>
      <TestTypeSpecific />
      <AgentRule name="Execution Agents">
      </AgentRule>
    </Execution>
  </TestSettings>
  <Times creation="2011-10-21T22:19:42.0620811+02:00" queuing="2011-10-21T22:19:43.2800859+02:00" start="2011-10-21T22:19:43.3580860+02:00" finish="2011-10-21T22:19:53.9349046+02:00" />
  <ResultSummary outcome="Completed">
    <Counters total="1" executed="1" passed="1" error="0" failed="0" timeout="0" aborted="0" inconclusive="0" passedButRunAborted="0" notRunnable="0" notExecuted="0" disconnected="0" warning="0" completed="0" inProgress="0" pending="0" />
  </ResultSummary>
  <TestDefinitions>
    <UnitTest name="TimetableManualTester" storage="e:\hska\semester2\projektarbeit\stundenplangenerator\timetableplanner\timetableplannertests\bin\debug\timetableplannertests.dll" id="3ada0cc6-2a4d-2d63-7d9f-97d4d443b0f3">
      <Execution id="273aa779-0da0-4929-9060-173070ecfc9b" />
      <TestMethod codeBase="E:/HsKA/Semester2/Projektarbeit/Stundenplangenerator/TimetablePlanner/TimetablePlannerTests/bin/Debug/TimetablePlannerTests.DLL" adapterTypeName="Microsoft.VisualStudio.TestTools.TestTypes.Unit.UnitTestAdapter, Microsoft.VisualStudio.QualityTools.Tips.UnitTest.Adapter, Version=10.0.0.0, Culture=neutral, PublicKeyToken=b03f5f7f11d50a3a" className="TimetablePlannerTests.TimetableTest, TimetablePlannerTests, Version=1.0.0.0, Culture=neutral, PublicKeyToken=null" name="TimetableManualTester" />
    </UnitTest>
  </TestDefinitions>
  <TestLists>
    <TestList name="Nicht in einer Liste enthaltene Ergebnisse" id="8c84fa94-04c1-424b-9868-57a2d4851a1d" />
    <TestList name="Alle geladenen Ergebnisse" id="19431567-8539-422a-85d7-44ee4e166bda" />
  </TestLists>
  <TestEntries>
    <TestEntry testId="3ada0cc6-2a4d-2d63-7d9f-97d4d443b0f3" executionId="273aa779-0da0-4929-9060-173070ecfc9b" testListId="8c84fa94-04c1-424b-9868-57a2d4851a1d" />
  </TestEntries>
  <Results>
    <UnitTestResult executionId="273aa779-0da0-4929-9060-173070ecfc9b" testId="3ada0cc6-2a4d-2d63-7d9f-97d4d443b0f3" testName="TimetableManualTester" computerName="FLOLAP-PC" duration="00:00:09.2464829" startTime="2011-10-21T22:19:43.3892861+02:00" endTime="2011-10-21T22:19:53.8413044+02:00" testType="13cdc9d9-ddb5-4fa4-a97d-d965ccfc6d4b" outcome="Passed" testListId="8c84fa94-04c1-424b-9868-57a2d4851a1d" relativeResultsDirectory="273aa779-0da0-4929-9060-173070ecfc9b">
      <Output>
        <DebugTrace>Time to create population of size 75: 592ms
1690
1550
1340
1320
1230
1220
1160
1160
1140
1090
1050
1040
990
990
940
940
900
900
890
890
830
820
720
710
700
690
680
660
660
590
570
560
560
550
540
540
530
490
470
460
390
380
360
330
320
320
310
300
290
290
170
140
130
80
70
50
10
-50
-80
-100
-140
-200
-230
-230
-240
-270
-280
-320
-420
-480
-480
-560
-700
-710
-1050
Early abort after 158 generations.
Mean time per generation: 40ms
Mean fitness increase per generation
458
217
160
120
121
99
85
56
53
38
46
37
38
38
34
30
27
22
26
23
26
28
26
25
20
26
26
22
15
17
15
18
15
15
17
13
11
14
16
16
15
19
18
19
18
14
12
14
15
9
15
11
12
11
10
14
7
10
8
12
12
11
11
16
14
12
10
22
16
19
12
13
9
10
8
9
8
8
8
8
10
7
5
9
4
8
3
2
5
3
4
5
3
2
2
4
4
2
3
2
2
3
2
4
6
2
4
6
3
5
5
5
7
8
5
4
5
3
6
8
3
3
4
5
5
4
4
1
2
3
5
5
3
6
1
3
4
1
1
3
2
3
1
2
2
3
1
3
2
1
4
3
2
1
2
1
2
1
2
Evolution time: 6520ms
3380
3360
3360
3360
3350
3350
3350
3350
3350
3340
3340
3340
3340
3340
3330
3330
3330
3330
3330
3330
3330
3330
3320
3320
3320
3320
3320
3320
3320
3320
3320
3320
3320
3320
3320
3320
3320
3320
3320
3320
3310
3310
3310
3310
3310
3310
3310
3310
3310
3310
3310
3310
3310
3310
3310
3310
3310
3310
3310
3310
3310
3310
3310
3300
3300
3300
3300
3300
3300
3300
3300
3300
3300
3300
3300

Group 0
Block 0: Mathematik 1                           | Fremdsprachen                          | Mathematik 1                           | Informatik 1                           | Theoretische Informatik 1              | 
Block 1: Informatik 1 Übung                     | Fremdsprachen                          | Mathematik 1 Labor                     | Theoretische Informatik 1              | Technische Informatik 1 Übung          | 
Block 2: Technische Informatik 1                | Mathematik 1 Labor                     | ---------------------------------------| ---------------------------------------| Informatik 1                           | 
Block 3: ---------------------------------------| ---------------------------------------| ---------------------------------------| ---------------------------------------| Technische Informatik 1                | 
Block 4: ---------------------------------------| ---------------------------------------| ---------------------------------------| ---------------------------------------| ---------------------------------------| 
Block 5: ---------------------------------------| ---------------------------------------| ---------------------------------------| ---------------------------------------| ---------------------------------------| 

Group 1
Block 0: Mathematik 2 Labor                     | Digital-Labor                          | Informatik 2                           | Informatik 2 Übung                     | Softwarelabor                          | 
Block 1: Softwarelabor                          | Digital-Labor                          | Technische Informatik 2                | Technische Informatik 2                | Softwarelabor                          | 
Block 2: Softwarelabor                          | Digital-Labor                          | ---------------------------------------| Sprachen und Metasprachen              | Mathematik 2                           | 
Block 3: Informatik 2 Übung                     | ---------------------------------------| ---------------------------------------| Informatik 2                           | ---------------------------------------| 
Block 4: ---------------------------------------| ---------------------------------------| ---------------------------------------| Web-Programming                        | ---------------------------------------| 
Block 5: ---------------------------------------| ---------------------------------------| ---------------------------------------| ---------------------------------------| ---------------------------------------| 

Group 2
Block 0: Visualization and Semantics            | Datenrepräsentation und -übertragung   | ---------------------------------------| Verteilte Informationssysteme          | Visualization and Semantics Lab        | 
Block 1: IT Projektmanagement                   | Modellierung und Simulation            | ---------------------------------------| IT Service Management                  | Mobile Systeme                         | 
Block 2: ---------------------------------------| ---------------------------------------| ---------------------------------------| ---------------------------------------| Intelligente Systeme                   | 
Block 3: ---------------------------------------| ---------------------------------------| Projektarbeit1                         | ---------------------------------------| ---------------------------------------| 
Block 4: ---------------------------------------| ---------------------------------------| Projektarbeit1                         | ---------------------------------------| ---------------------------------------| 
Block 5: Führungskräftetraining                 | ---------------------------------------| Projektarbeit1                         | ---------------------------------------| ---------------------------------------| 

Group 3
Block 0: ---------------------------------------| Labor Benutzeroberflächen              | Data Mining                            | Angewandte Kryptografie                | ---------------------------------------| 
Block 1: Dialog Systems                         | IT-Sicherheit                          | Labor Verteilte Systeme                | ---------------------------------------| ---------------------------------------| 
Block 2: Algorithmen Übung                      | Algorithmenentwurf                     | ---------------------------------------| ---------------------------------------| ---------------------------------------| 
Block 3: ---------------------------------------| ---------------------------------------| ---------------------------------------| ---------------------------------------| ---------------------------------------| 
Block 4: Projektarbeit2                         | ---------------------------------------| ---------------------------------------| ---------------------------------------| ---------------------------------------| 
Block 5: Projektarbeit2                         | ---------------------------------------| Seminar                                | ---------------------------------------| ---------------------------------------| 
</DebugTrace>
      </Output>
    </UnitTestResult>
  </Results>
</TestRun>