<?xml version="1.0" encoding="UTF-8"?>
<TestRun id="46a21252-0047-4baa-a0e1-511ab7b91be5" name="FloLap@FLOLAP-PC 2011-11-18 16:02:32" runUser="FloLap-PC\FloLap" xmlns="http://microsoft.com/schemas/VisualStudio/TeamTest/2010">
  <TestSettings name="Lokal" id="6ed96bb3-d821-4eee-a79d-3a3069da9890">
    <Description>Dies sind die standardmäßigen Testeinstellungen für einen lokalen Testlauf.</Description>
    <Deployment enabled="false" runDeploymentRoot="FloLap_FLOLAP-PC 2011-11-18 16_02_32">
      <DeploymentItem filename="E:\HsKA\Semester2\Projektarbeit\Stundenplangenerator\TimetablePlanner\TimetablePlanner\bin\Debug\TimetablePlanner.dll" />
    </Deployment>
    <Execution>
      <TestTypeSpecific />
      <AgentRule name="Execution Agents">
      </AgentRule>
    </Execution>
  </TestSettings>
  <Times creation="2011-11-18T16:02:32.9116149+01:00" queuing="2011-11-18T16:02:33.9470534+01:00" start="2011-11-18T16:02:34.0360585+01:00" finish="2011-11-18T16:02:47.1374273+01:00" />
  <ResultSummary outcome="Completed">
    <Counters total="2" executed="2" passed="2" error="0" failed="0" timeout="0" aborted="0" inconclusive="0" passedButRunAborted="0" notRunnable="0" notExecuted="0" disconnected="0" warning="0" completed="0" inProgress="0" pending="0" />
  </ResultSummary>
  <TestDefinitions>
    <UnitTest name="TimetableGenerationTest" storage="e:\hska\semester2\projektarbeit\stundenplangenerator\timetableplanner\timetableplannertests\bin\debug\timetableplannertests.dll" id="4689e2d1-87f2-8844-ae95-39072767341d">
      <Execution id="0b4f0e88-7ea1-40af-842a-6b561a8f0c53" />
      <TestMethod codeBase="E:/HsKA/Semester2/Projektarbeit/Stundenplangenerator/TimetablePlanner/TimetablePlannerTests/bin/Debug/TimetablePlannerTests.DLL" adapterTypeName="Microsoft.VisualStudio.TestTools.TestTypes.Unit.UnitTestAdapter, Microsoft.VisualStudio.QualityTools.Tips.UnitTest.Adapter, Version=10.0.0.0, Culture=neutral, PublicKeyToken=b03f5f7f11d50a3a" className="TimetablePlannerTests.TimetableTest, TimetablePlannerTests, Version=1.0.0.0, Culture=neutral, PublicKeyToken=null" name="TimetableGenerationTest" />
    </UnitTest>
    <UnitTest name="TimetableInputExportTest" storage="e:\hska\semester2\projektarbeit\stundenplangenerator\timetableplanner\timetableplannertests\bin\debug\timetableplannertests.dll" id="643aee53-482b-7ddc-6eba-83a04b5cba46">
      <Execution id="7977db66-2baf-4c5b-a282-373ca177d70c" />
      <TestMethod codeBase="E:/HsKA/Semester2/Projektarbeit/Stundenplangenerator/TimetablePlanner/TimetablePlannerTests/bin/Debug/TimetablePlannerTests.DLL" adapterTypeName="Microsoft.VisualStudio.TestTools.TestTypes.Unit.UnitTestAdapter, Microsoft.VisualStudio.QualityTools.Tips.UnitTest.Adapter, Version=10.0.0.0, Culture=neutral, PublicKeyToken=b03f5f7f11d50a3a" className="TimetablePlannerTests.TimetableTest, TimetablePlannerTests, Version=1.0.0.0, Culture=neutral, PublicKeyToken=null" name="TimetableInputExportTest" />
    </UnitTest>
  </TestDefinitions>
  <TestLists>
    <TestList name="Nicht in einer Liste enthaltene Ergebnisse" id="8c84fa94-04c1-424b-9868-57a2d4851a1d" />
    <TestList name="Alle geladenen Ergebnisse" id="19431567-8539-422a-85d7-44ee4e166bda" />
  </TestLists>
  <TestEntries>
    <TestEntry testId="4689e2d1-87f2-8844-ae95-39072767341d" executionId="0b4f0e88-7ea1-40af-842a-6b561a8f0c53" testListId="8c84fa94-04c1-424b-9868-57a2d4851a1d" />
    <TestEntry testId="643aee53-482b-7ddc-6eba-83a04b5cba46" executionId="7977db66-2baf-4c5b-a282-373ca177d70c" testListId="8c84fa94-04c1-424b-9868-57a2d4851a1d" />
  </TestEntries>
  <Results>
    <UnitTestResult executionId="0b4f0e88-7ea1-40af-842a-6b561a8f0c53" testId="4689e2d1-87f2-8844-ae95-39072767341d" testName="TimetableGenerationTest" computerName="FLOLAP-PC" duration="00:00:11.6707182" startTime="2011-11-18T16:02:34.0970619+01:00" endTime="2011-11-18T16:02:47.0438271+01:00" testType="13cdc9d9-ddb5-4fa4-a97d-d965ccfc6d4b" outcome="Passed" testListId="8c84fa94-04c1-424b-9868-57a2d4851a1d" relativeResultsDirectory="0b4f0e88-7ea1-40af-842a-6b561a8f0c53">
      <Output>
        <DebugTrace>Individual 3 created.
Individual 5 created.
Individual 2 created.
Individual 6 created.
Individual 7 created.
Individual 9 created.
Individual 10 created.
Individual 4 created.
Individual 12 created.
Individual 11 created.
Individual 13 created.
Individual 16 created.
Individual 14 created.
Individual 18 created.
Individual 17 created.
Individual 15 created.
Individual 23 created.
Individual 20 created.
Individual 8 created.
Individual 21 created.
Individual 19 created.
Individual 1 created.
Individual 0 created.
Individual 22 created.
Individual 24 created.
Population created after 1,0092473 seconds.
Generation 0 finished with best fitness of 5780.
Generation 1 finished with best fitness of 5780.
Generation 2 finished with best fitness of 5785.
Generation 3 finished with best fitness of 5795.
Generation 4 finished with best fitness of 5945.
Generation 5 finished with best fitness of 6175.
Generation 6 finished with best fitness of 6175.
Generation 7 finished with best fitness of 6175.
Generation 8 finished with best fitness of 6250.
Generation 9 finished with best fitness of 6250.
Generation 10 finished with best fitness of 6370.
Generation 11 finished with best fitness of 6445.
Generation 12 finished with best fitness of 6565.
Generation 13 finished with best fitness of 6595.
Generation 14 finished with best fitness of 6720.
Generation 15 finished with best fitness of 7005.
Generation 16 finished with best fitness of 7060.
Generation 17 finished with best fitness of 7060.
Generation 18 finished with best fitness of 7160.
Generation 19 finished with best fitness of 7260.
Generation 20 finished with best fitness of 7450.
Generation 21 finished with best fitness of 7485.
Generation 22 finished with best fitness of 7495.
Generation 23 finished with best fitness of 7825.
Generation 24 finished with best fitness of 7825.
Generation 25 finished with best fitness of 7825.
Generation 26 finished with best fitness of 7835.
Generation 27 finished with best fitness of 7955.
Generation 28 finished with best fitness of 7955.
Generation 29 finished with best fitness of 8005.
Generation 30 finished with best fitness of 8005.
Generation 31 finished with best fitness of 8095.
Generation 32 finished with best fitness of 8095.
Generation 33 finished with best fitness of 8100.
Generation 34 finished with best fitness of 8145.
Generation 35 finished with best fitness of 8245.
Generation 36 finished with best fitness of 8275.
Generation 37 finished with best fitness of 8340.
Generation 38 finished with best fitness of 8340.
Generation 39 finished with best fitness of 8340.
Generation 40 finished with best fitness of 8340.
Generation 41 finished with best fitness of 8505.
Generation 42 finished with best fitness of 8505.
Generation 43 finished with best fitness of 8540.
Generation 44 finished with best fitness of 8540.
Generation 45 finished with best fitness of 8665.
Generation 46 finished with best fitness of 8725.
Generation 47 finished with best fitness of 8775.
Generation 48 finished with best fitness of 8775.
Generation 49 finished with best fitness of 8775.
Generation 50 finished with best fitness of 8775.
Generation 51 finished with best fitness of 8930.
Generation 52 finished with best fitness of 8930.
Generation 53 finished with best fitness of 8930.
Generation 54 finished with best fitness of 8980.
Generation 55 finished with best fitness of 9065.
Generation 56 finished with best fitness of 9065.
Generation 57 finished with best fitness of 9105.
Generation 58 finished with best fitness of 9190.
Generation 59 finished with best fitness of 9300.
Generation 60 finished with best fitness of 9300.
Generation 61 finished with best fitness of 9440.
Generation 62 finished with best fitness of 9440.
Generation 63 finished with best fitness of 9455.
Generation 64 finished with best fitness of 9500.
Generation 65 finished with best fitness of 9500.
Generation 66 finished with best fitness of 9605.
Generation 67 finished with best fitness of 9605.
Generation 68 finished with best fitness of 9620.
Generation 69 finished with best fitness of 9645.
Generation 70 finished with best fitness of 9645.
Generation 71 finished with best fitness of 9745.
Generation 72 finished with best fitness of 9855.
Generation 73 finished with best fitness of 9930.
Generation 74 finished with best fitness of 9930.
Generation 75 finished with best fitness of 9930.
Generation 76 finished with best fitness of 9930.
Generation 77 finished with best fitness of 10045.
Generation 78 finished with best fitness of 10045.
Generation 79 finished with best fitness of 10045.
Generation 80 finished with best fitness of 10075.
Generation 81 finished with best fitness of 10080.
Generation 82 finished with best fitness of 10210.
Generation 83 finished with best fitness of 10380.
Generation 84 finished with best fitness of 10455.
Generation 85 finished with best fitness of 10455.
Generation 86 finished with best fitness of 10455.
Generation 87 finished with best fitness of 10515.
Generation 88 finished with best fitness of 10515.
Generation 89 finished with best fitness of 10515.
Generation 90 finished with best fitness of 10515.
Generation 91 finished with best fitness of 10640.
Generation 92 finished with best fitness of 10640.
Generation 93 finished with best fitness of 10665.
Generation 94 finished with best fitness of 10665.
Generation 95 finished with best fitness of 10665.
Generation 96 finished with best fitness of 10800.
Generation 97 finished with best fitness of 10800.
Generation 98 finished with best fitness of 10800.
Generation 99 finished with best fitness of 10800.
Generation 100 finished with best fitness of 10800.
Generation 101 finished with best fitness of 10800.
Generation 102 finished with best fitness of 10800.
Generation 103 finished with best fitness of 10800.
Generation 104 finished with best fitness of 10880.
Generation 105 finished with best fitness of 10880.
Generation 106 finished with best fitness of 10880.
Generation 107 finished with best fitness of 10935.
Generation 108 finished with best fitness of 10935.
Generation 109 finished with best fitness of 10975.
Generation 110 finished with best fitness of 10975.
Generation 111 finished with best fitness of 11115.
Generation 112 finished with best fitness of 11115.
Generation 113 finished with best fitness of 11115.
Generation 114 finished with best fitness of 11115.
Generation 115 finished with best fitness of 11115.
Generation 116 finished with best fitness of 11205.
Generation 117 finished with best fitness of 11205.
Generation 118 finished with best fitness of 11205.
Generation 119 finished with best fitness of 11205.
Generation 120 finished with best fitness of 11205.
Generation 121 finished with best fitness of 11205.
Generation 122 finished with best fitness of 11205.
Generation 123 finished with best fitness of 11205.
Generation 124 finished with best fitness of 11425.
Generation 125 finished with best fitness of 11425.
Generation 126 finished with best fitness of 11425.
Generation 127 finished with best fitness of 11450.
Generation 128 finished with best fitness of 11450.
Generation 129 finished with best fitness of 11450.
Generation 130 finished with best fitness of 11450.
Generation 131 finished with best fitness of 11460.
Generation 132 finished with best fitness of 11660.
Generation 133 finished with best fitness of 11660.
Generation 134 finished with best fitness of 11660.
Generation 135 finished with best fitness of 11660.
Generation 136 finished with best fitness of 11660.
Generation 137 finished with best fitness of 11660.
Generation 138 finished with best fitness of 11660.
Generation 139 finished with best fitness of 11660.
Generation 140 finished with best fitness of 11660.
Generation 141 finished with best fitness of 11765.
Generation 142 finished with best fitness of 11765.
Generation 143 finished with best fitness of 11765.
Generation 144 finished with best fitness of 11765.
Generation 145 finished with best fitness of 11775.
Generation 146 finished with best fitness of 11775.
Generation 147 finished with best fitness of 11775.
Generation 148 finished with best fitness of 11775.
Generation 149 finished with best fitness of 11775.
Generation 150 finished with best fitness of 11775.
Generation 151 finished with best fitness of 11850.
Generation 152 finished with best fitness of 11850.
Generation 153 finished with best fitness of 11875.
Generation 154 finished with best fitness of 11875.
Generation 155 finished with best fitness of 11875.
Generation 156 finished with best fitness of 11940.
Generation 157 finished with best fitness of 11940.
Generation 158 finished with best fitness of 11940.
Generation 159 finished with best fitness of 11940.
Generation 160 finished with best fitness of 11940.
Generation 161 finished with best fitness of 11940.
Generation 162 finished with best fitness of 11995.
Generation 163 finished with best fitness of 11995.
Generation 164 finished with best fitness of 12045.
Generation 165 finished with best fitness of 12045.
Generation 166 finished with best fitness of 12045.
Generation 167 finished with best fitness of 12055.
Generation 168 finished with best fitness of 12055.
Generation 169 finished with best fitness of 12055.
Generation 170 finished with best fitness of 12055.
Generation 171 finished with best fitness of 12130.
Generation 172 finished with best fitness of 12130.
Generation 173 finished with best fitness of 12130.
Generation 174 finished with best fitness of 12130.
Generation 175 finished with best fitness of 12170.
Generation 176 finished with best fitness of 12170.
Generation 177 finished with best fitness of 12205.
Generation 178 finished with best fitness of 12205.
Generation 179 finished with best fitness of 12280.
Generation 180 finished with best fitness of 12310.
Generation 181 finished with best fitness of 12310.
Generation 182 finished with best fitness of 12425.
Generation 183 finished with best fitness of 12495.
Generation 184 finished with best fitness of 12495.
Generation 185 finished with best fitness of 12495.
Generation 186 finished with best fitness of 12495.
Generation 187 finished with best fitness of 12495.
Generation 188 finished with best fitness of 12495.
Generation 189 finished with best fitness of 12495.
Generation 190 finished with best fitness of 12495.
Generation 191 finished with best fitness of 12530.
Generation 192 finished with best fitness of 12530.
Generation 193 finished with best fitness of 12530.
Generation 194 finished with best fitness of 12530.
Generation 195 finished with best fitness of 12550.
Generation 196 finished with best fitness of 12550.
Generation 197 finished with best fitness of 12580.
Generation 198 finished with best fitness of 12580.
Generation 199 finished with best fitness of 12580.
Generation 200 finished with best fitness of 12580.
Generation 201 finished with best fitness of 12620.
Generation 202 finished with best fitness of 12620.
Generation 203 finished with best fitness of 12620.
Generation 204 finished with best fitness of 12620.
Generation 205 finished with best fitness of 12640.
Generation 206 finished with best fitness of 12640.
Generation 207 finished with best fitness of 12670.
Generation 208 finished with best fitness of 12885.
Generation 209 finished with best fitness of 12885.
Generation 210 finished with best fitness of 12885.
Generation 211 finished with best fitness of 12885.
Generation 212 finished with best fitness of 12885.
Generation 213 finished with best fitness of 12885.
Generation 214 finished with best fitness of 12885.
Generation 215 finished with best fitness of 12885.
Generation 216 finished with best fitness of 12885.
Generation 217 finished with best fitness of 13000.
Generation 218 finished with best fitness of 13000.
Generation 219 finished with best fitness of 13000.
Generation 220 finished with best fitness of 13000.
Generation 221 finished with best fitness of 13000.
Generation 222 finished with best fitness of 13000.
Generation 223 finished with best fitness of 13035.
Generation 224 finished with best fitness of 13035.
Generation 225 finished with best fitness of 13035.
Generation 226 finished with best fitness of 13045.
Generation 227 finished with best fitness of 13095.
Generation 228 finished with best fitness of 13095.
Generation 229 finished with best fitness of 13095.
Generation 230 finished with best fitness of 13095.
Generation 231 finished with best fitness of 13095.
Generation 232 finished with best fitness of 13095.
Generation 233 finished with best fitness of 13095.
Generation 234 finished with best fitness of 13095.
Generation 235 finished with best fitness of 13095.
Generation 236 finished with best fitness of 13095.
Generation 237 finished with best fitness of 13095.
Generation 238 finished with best fitness of 13175.
Generation 239 finished with best fitness of 13195.
Generation 240 finished with best fitness of 13195.
Generation 241 finished with best fitness of 13195.
Generation 242 finished with best fitness of 13195.
Generation 243 finished with best fitness of 13195.
Generation 244 finished with best fitness of 13195.
Generation 245 finished with best fitness of 13195.
Generation 246 finished with best fitness of 13260.
Generation 247 finished with best fitness of 13260.
Generation 248 finished with best fitness of 13260.
Generation 249 finished with best fitness of 13260.
Generation 250 finished with best fitness of 13260.
Generation 251 finished with best fitness of 13260.
Generation 252 finished with best fitness of 13305.
Generation 253 finished with best fitness of 13305.
Generation 254 finished with best fitness of 13305.
Generation 255 finished with best fitness of 13305.
Generation 256 finished with best fitness of 13305.
Generation 257 finished with best fitness of 13305.
Generation 258 finished with best fitness of 13305.
Generation 259 finished with best fitness of 13305.
Generation 260 finished with best fitness of 13305.
Generation 261 finished with best fitness of 13305.
Generation 262 finished with best fitness of 13305.
Generation 263 finished with best fitness of 13325.
Generation 264 finished with best fitness of 13325.
Generation 265 finished with best fitness of 13430.
Generation 266 finished with best fitness of 13430.
Generation 267 finished with best fitness of 13430.
Generation 268 finished with best fitness of 13430.
Generation 269 finished with best fitness of 13430.
Generation 270 finished with best fitness of 13430.
Generation 271 finished with best fitness of 13485.
Generation 272 finished with best fitness of 13485.
Generation 273 finished with best fitness of 13485.
Generation 274 finished with best fitness of 13485.
Generation 275 finished with best fitness of 13485.
Generation 276 finished with best fitness of 13485.
Generation 277 finished with best fitness of 13485.
Generation 278 finished with best fitness of 13485.
Generation 279 finished with best fitness of 13485.
Generation 280 finished with best fitness of 13555.
Generation 281 finished with best fitness of 13555.
Generation 282 finished with best fitness of 13555.
Generation 283 finished with best fitness of 13555.
Generation 284 finished with best fitness of 13555.
Generation 285 finished with best fitness of 13555.
Generation 286 finished with best fitness of 13630.
Generation 287 finished with best fitness of 13630.
Generation 288 finished with best fitness of 13630.
Generation 289 finished with best fitness of 13630.
Generation 290 finished with best fitness of 13630.
Generation 291 finished with best fitness of 13630.
Generation 292 finished with best fitness of 13630.
Generation 293 finished with best fitness of 13630.
Generation 294 finished with best fitness of 13630.
Generation 295 finished with best fitness of 13630.
Generation 296 finished with best fitness of 13765.
Generation 297 finished with best fitness of 13765.
Generation 298 finished with best fitness of 13765.
Generation 299 finished with best fitness of 13915.
Generation 300 finished with best fitness of 13915.
Generation 301 finished with best fitness of 13915.
Generation 302 finished with best fitness of 13915.
Generation 303 finished with best fitness of 13915.
Generation 304 finished with best fitness of 13915.
Generation 305 finished with best fitness of 13915.
Generation 306 finished with best fitness of 13915.
Generation 307 finished with best fitness of 13915.
Generation 308 finished with best fitness of 13915.
Generation 309 finished with best fitness of 13915.
Generation 310 finished with best fitness of 13970.
Generation 311 finished with best fitness of 13970.
Generation 312 finished with best fitness of 13970.
Generation 313 finished with best fitness of 13970.
Generation 314 finished with best fitness of 13970.
Generation 315 finished with best fitness of 13970.
Generation 316 finished with best fitness of 13970.
Generation 317 finished with best fitness of 13970.
Generation 318 finished with best fitness of 13970.
Generation 319 finished with best fitness of 13970.
Generation 320 finished with best fitness of 13970.
Generation 321 finished with best fitness of 13970.
Generation 322 finished with best fitness of 14070.
Generation 323 finished with best fitness of 14070.
Generation 324 finished with best fitness of 14070.
Generation 325 finished with best fitness of 14070.
Generation 326 finished with best fitness of 14070.
Generation 327 finished with best fitness of 14070.
Generation 328 finished with best fitness of 14070.
Generation 329 finished with best fitness of 14070.
Generation 330 finished with best fitness of 14075.
Generation 331 finished with best fitness of 14075.
Generation 332 finished with best fitness of 14080.
Generation 333 finished with best fitness of 14080.
Generation 334 finished with best fitness of 14080.
Generation 335 finished with best fitness of 14080.
Generation 336 finished with best fitness of 14080.
Generation 337 finished with best fitness of 14090.
Generation 338 finished with best fitness of 14090.
Generation 339 finished with best fitness of 14090.
Generation 340 finished with best fitness of 14105.
Generation 341 finished with best fitness of 14105.
Generation 342 finished with best fitness of 14110.
Generation 343 finished with best fitness of 14160.
Generation 344 finished with best fitness of 14160.
Generation 345 finished with best fitness of 14160.
Generation 346 finished with best fitness of 14160.
Generation 347 finished with best fitness of 14160.
Generation 348 finished with best fitness of 14160.
Generation 349 finished with best fitness of 14165.
Generation 350 finished with best fitness of 14165.
Generation 351 finished with best fitness of 14165.
Generation 352 finished with best fitness of 14165.
Generation 353 finished with best fitness of 14165.
Generation 354 finished with best fitness of 14165.
Generation 355 finished with best fitness of 14165.
Generation 356 finished with best fitness of 14165.
Generation 357 finished with best fitness of 14165.
Generation 358 finished with best fitness of 14165.
Evolution finished after 11,0287419 seconds.
------------------------
Average fitness :
4904
5247
5453
5548
5640
5736
5817
5881
5965
6042
6098
6156
6218
6286
6385
6494
6587
6677
6766
6892
6996
7086
7156
7238
7358
7460
7558
7621
7676
7741
7806
7874
7913
7954
7993
8026
8060
8104
8131
8159
8198
8233
8282
8307
8369
8420
8465
8507
8547
8582
8624
8651
8694
8736
8779
8829
8874
8910
8959
8995
9048
9090
9148
9182
9229
9289
9357
9432
9470
9503
9533
9538
9573
9617
9665
9717
9750
9790
9833
9872
9917
9968
10010
10050
10089
10143
10191
10227
10292
10342
10381
10418
10453
10472
10495
10514
10528
10552
10572
10587
10620
10650
10668
10686
10707
10736
10747
10772
10792
10821
10851
10873
10903
10925
10955
10974
10989
11022
11032
11046
11062
11074
11094
11110
11120
11154
11164
11187
11226
11260
11290
11318
11345
11378
11406
11416
11441
11457
11468
11494
11509
11524
11560
11582
11606
11624
11633
11644
11657
11669
11679
11695
11713
11720
11736
11745
11754
11773
11783
11788
11812
11825
11831
11861
11878
11898
11916
11928
11952
11970
11983
11990
12006
12011
12017
12035
12050
12069
12088
12101
12118
12136
12158
12186
12229
12251
12278
12301
12320
12332
12347
12363
12381
12409
12416
12428
12447
12456
12478
12486
12498
12509
12526
12534
12540
12546
12557
12561
12581
12614
12627
12645
12672
12690
12710
12752
12784
12807
12827
12841
12853
12869
12877
12889
12906
12917
12927
12943
12963
12976
12984
12990
12991
12993
12996
13004
13006
13018
13023
13031
13044
13056
13060
13077
13085
13098
13110
13126
13132
13141
13142
13144
13147
13163
13166
13169
13188
13193
13201
13209
13221
13222
13225
13233
13242
13255
13278
13290
13292
13302
13308
13315
13325
13326
13340
13346
13349
13354
13363
13376
13385
13398
13409
13409
13412
13420
13435
13454
13463
13473
13478
13492
13510
13525
13532
13540
13551
13579
13596
13600
13628
13643
13655
13680
13684
13690
13703
13712
13724
13727
13740
13755
13755
13785
13806
13831
13856
13860
13865
13881
13884
13884
13893
13910
13922
13936
13951
13957
13965
13977
13978
13988
13995
14002
14004
14008
14020
14028
14036
14039
14043
14047
14052
14057
14066
14070
14075
14081
14083
14085
14091
14091
14092
14092
14098
14101
14101
14102
14104
14104
------------------------
Best individual fitness:
5780
5780
5780
5785
5795
5945
6175
6175
6175
6250
6250
6370
6445
6565
6595
6720
7005
7060
7060
7160
7260
7450
7485
7495
7825
7825
7825
7835
7955
7955
8005
8005
8095
8095
8100
8145
8245
8275
8340
8340
8340
8340
8505
8505
8540
8540
8665
8725
8775
8775
8775
8775
8930
8930
8930
8980
9065
9065
9105
9190
9300
9300
9440
9440
9455
9500
9500
9605
9605
9620
9645
9645
9745
9855
9930
9930
9930
9930
10045
10045
10045
10075
10080
10210
10380
10455
10455
10455
10515
10515
10515
10515
10640
10640
10665
10665
10665
10800
10800
10800
10800
10800
10800
10800
10800
10880
10880
10880
10935
10935
10975
10975
11115
11115
11115
11115
11115
11205
11205
11205
11205
11205
11205
11205
11205
11425
11425
11425
11450
11450
11450
11450
11460
11660
11660
11660
11660
11660
11660
11660
11660
11660
11765
11765
11765
11765
11775
11775
11775
11775
11775
11775
11850
11850
11875
11875
11875
11940
11940
11940
11940
11940
11940
11995
11995
12045
12045
12045
12055
12055
12055
12055
12130
12130
12130
12130
12170
12170
12205
12205
12280
12310
12310
12425
12495
12495
12495
12495
12495
12495
12495
12495
12530
12530
12530
12530
12550
12550
12580
12580
12580
12580
12620
12620
12620
12620
12640
12640
12670
12885
12885
12885
12885
12885
12885
12885
12885
12885
13000
13000
13000
13000
13000
13000
13035
13035
13035
13045
13095
13095
13095
13095
13095
13095
13095
13095
13095
13095
13095
13175
13195
13195
13195
13195
13195
13195
13195
13260
13260
13260
13260
13260
13260
13305
13305
13305
13305
13305
13305
13305
13305
13305
13305
13305
13325
13325
13430
13430
13430
13430
13430
13430
13485
13485
13485
13485
13485
13485
13485
13485
13485
13555
13555
13555
13555
13555
13555
13630
13630
13630
13630
13630
13630
13630
13630
13630
13630
13765
13765
13765
13915
13915
13915
13915
13915
13915
13915
13915
13915
13915
13915
13970
13970
13970
13970
13970
13970
13970
13970
13970
13970
13970
13970
14070
14070
14070
14070
14070
14070
14070
14070
14075
14075
14080
14080
14080
14080
14080
14090
14090
14090
14105
14105
14110
14160
14160
14160
14160
14160
14160
14165
14165
14165
14165
14165
14165
14165
14165
14165
14165
</DebugTrace>
      </Output>
    </UnitTestResult>
    <UnitTestResult executionId="7977db66-2baf-4c5b-a282-373ca177d70c" testId="643aee53-482b-7ddc-6eba-83a04b5cba46" testName="TimetableInputExportTest" computerName="FLOLAP-PC" duration="00:00:00.0241163" startTime="2011-11-18T16:02:47.0438271+01:00" endTime="2011-11-18T16:02:47.0906272+01:00" testType="13cdc9d9-ddb5-4fa4-a97d-d965ccfc6d4b" outcome="Passed" testListId="8c84fa94-04c1-424b-9868-57a2d4851a1d" relativeResultsDirectory="7977db66-2baf-4c5b-a282-373ca177d70c">
    </UnitTestResult>
  </Results>
</TestRun>