<?xml version="1.0" encoding="UTF-8"?>
<TestRun id="0287741d-336a-4ba0-9a90-20da47f716c7" name="FloLap@FLOLAP-PC 2011-11-09 20:43:15" runUser="FloLap-PC\FloLap" xmlns="http://microsoft.com/schemas/VisualStudio/TeamTest/2010">
  <TestSettings name="Lokal" id="6ed96bb3-d821-4eee-a79d-3a3069da9890">
    <Description>Dies sind die standardmäßigen Testeinstellungen für einen lokalen Testlauf.</Description>
    <Deployment enabled="false" runDeploymentRoot="FloLap_FLOLAP-PC 2011-11-09 20_43_15">
      <DeploymentItem filename="E:\HsKA\Semester2\Projektarbeit\Stundenplangenerator\TimetablePlanner\TimetablePlanner\bin\Debug\TimetablePlanner.dll" />
    </Deployment>
    <Execution>
      <TestTypeSpecific />
      <AgentRule name="Execution Agents">
      </AgentRule>
    </Execution>
  </TestSettings>
  <Times creation="2011-11-09T20:43:15.0449049+01:00" queuing="2011-11-09T20:43:17.0261084+01:00" start="2011-11-09T20:43:17.1509086+01:00" finish="2011-11-09T20:43:28.2113280+01:00" />
  <ResultSummary outcome="Completed">
    <Counters total="2" executed="2" passed="2" error="0" failed="0" timeout="0" aborted="0" inconclusive="0" passedButRunAborted="0" notRunnable="0" notExecuted="0" disconnected="0" warning="0" completed="0" inProgress="0" pending="0" />
  </ResultSummary>
  <TestDefinitions>
    <UnitTest name="TimetableManualTester" storage="e:\hska\semester2\projektarbeit\stundenplangenerator\timetableplanner\timetableplannertests\bin\debug\timetableplannertests.dll" id="3ada0cc6-2a4d-2d63-7d9f-97d4d443b0f3">
      <Execution id="3bc6c309-ae69-42d3-a22a-c755af5a72ec" />
      <TestMethod codeBase="E:/HsKA/Semester2/Projektarbeit/Stundenplangenerator/TimetablePlanner/TimetablePlannerTests/bin/Debug/TimetablePlannerTests.DLL" adapterTypeName="Microsoft.VisualStudio.TestTools.TestTypes.Unit.UnitTestAdapter, Microsoft.VisualStudio.QualityTools.Tips.UnitTest.Adapter, Version=10.0.0.0, Culture=neutral, PublicKeyToken=b03f5f7f11d50a3a" className="TimetablePlannerTests.TimetableTest, TimetablePlannerTests, Version=1.0.0.0, Culture=neutral, PublicKeyToken=null" name="TimetableManualTester" />
    </UnitTest>
    <UnitTest name="TimetableInputExportTest" storage="e:\hska\semester2\projektarbeit\stundenplangenerator\timetableplanner\timetableplannertests\bin\debug\timetableplannertests.dll" id="643aee53-482b-7ddc-6eba-83a04b5cba46">
      <Execution id="ce07f64c-2568-496a-a3dd-dac8d19368e2" />
      <TestMethod codeBase="E:/HsKA/Semester2/Projektarbeit/Stundenplangenerator/TimetablePlanner/TimetablePlannerTests/bin/Debug/TimetablePlannerTests.DLL" adapterTypeName="Microsoft.VisualStudio.TestTools.TestTypes.Unit.UnitTestAdapter, Microsoft.VisualStudio.QualityTools.Tips.UnitTest.Adapter, Version=10.0.0.0, Culture=neutral, PublicKeyToken=b03f5f7f11d50a3a" className="TimetablePlannerTests.TimetableTest, TimetablePlannerTests, Version=1.0.0.0, Culture=neutral, PublicKeyToken=null" name="TimetableInputExportTest" />
    </UnitTest>
  </TestDefinitions>
  <TestLists>
    <TestList name="Nicht in einer Liste enthaltene Ergebnisse" id="8c84fa94-04c1-424b-9868-57a2d4851a1d" />
    <TestList name="Alle geladenen Ergebnisse" id="19431567-8539-422a-85d7-44ee4e166bda" />
  </TestLists>
  <TestEntries>
    <TestEntry testId="3ada0cc6-2a4d-2d63-7d9f-97d4d443b0f3" executionId="3bc6c309-ae69-42d3-a22a-c755af5a72ec" testListId="8c84fa94-04c1-424b-9868-57a2d4851a1d" />
    <TestEntry testId="643aee53-482b-7ddc-6eba-83a04b5cba46" executionId="ce07f64c-2568-496a-a3dd-dac8d19368e2" testListId="8c84fa94-04c1-424b-9868-57a2d4851a1d" />
  </TestEntries>
  <Results>
    <UnitTestResult executionId="3bc6c309-ae69-42d3-a22a-c755af5a72ec" testId="3ada0cc6-2a4d-2d63-7d9f-97d4d443b0f3" testName="TimetableManualTester" computerName="FLOLAP-PC" duration="00:00:09.6578693" startTime="2011-11-09T20:43:17.1977087+01:00" endTime="2011-11-09T20:43:28.0553278+01:00" testType="13cdc9d9-ddb5-4fa4-a97d-d965ccfc6d4b" outcome="Passed" testListId="8c84fa94-04c1-424b-9868-57a2d4851a1d" relativeResultsDirectory="3bc6c309-ae69-42d3-a22a-c755af5a72ec">
      <Output>
        <DebugTrace>Individual 5 created.
Individual 6 created.
Individual 3 created.
Individual 7 created.
Individual 2 created.
Individual 4 created.
Individual 12 created.
Individual 13 created.
Individual 8 created.
Individual 0 created.
Individual 17 created.
Individual 15 created.
Individual 19 created.
Individual 9 created.
Individual 16 created.
Individual 21 created.
Individual 11 created.
Individual 14 created.
Individual 20 created.
Individual 18 created.
Individual 10 created.
Individual 22 created.
Individual 1 created.
Individual 24 created.
Individual 23 created.
Population created after 1,9188034 seconds.
Generation 0 finished with best fitness of 4000.
Generation 1 finished with best fitness of 4130.
Generation 2 finished with best fitness of 4225.
Generation 3 finished with best fitness of 4225.
Generation 4 finished with best fitness of 4300.
Generation 5 finished with best fitness of 4300.
Generation 6 finished with best fitness of 4565.
Generation 7 finished with best fitness of 4565.
Generation 8 finished with best fitness of 4610.
Generation 9 finished with best fitness of 4615.
Generation 10 finished with best fitness of 4720.
Generation 11 finished with best fitness of 4805.
Generation 12 finished with best fitness of 4805.
Generation 13 finished with best fitness of 4820.
Generation 14 finished with best fitness of 4925.
Generation 15 finished with best fitness of 5055.
Generation 16 finished with best fitness of 5055.
Generation 17 finished with best fitness of 5115.
Generation 18 finished with best fitness of 5190.
Generation 19 finished with best fitness of 5215.
Generation 20 finished with best fitness of 5215.
Generation 21 finished with best fitness of 5315.
Generation 22 finished with best fitness of 5315.
Generation 23 finished with best fitness of 5315.
Generation 24 finished with best fitness of 5360.
Generation 25 finished with best fitness of 5360.
Generation 26 finished with best fitness of 5520.
Generation 27 finished with best fitness of 5530.
Generation 28 finished with best fitness of 5530.
Generation 29 finished with best fitness of 5640.
Generation 30 finished with best fitness of 5685.
Generation 31 finished with best fitness of 5685.
Generation 32 finished with best fitness of 5685.
Generation 33 finished with best fitness of 5700.
Generation 34 finished with best fitness of 5830.
Generation 35 finished with best fitness of 5905.
Generation 36 finished with best fitness of 5905.
Generation 37 finished with best fitness of 5905.
Generation 38 finished with best fitness of 5905.
Generation 39 finished with best fitness of 5905.
Generation 40 finished with best fitness of 5995.
Generation 41 finished with best fitness of 6050.
Generation 42 finished with best fitness of 6140.
Generation 43 finished with best fitness of 6140.
Generation 44 finished with best fitness of 6140.
Generation 45 finished with best fitness of 6140.
Generation 46 finished with best fitness of 6225.
Generation 47 finished with best fitness of 6225.
Generation 48 finished with best fitness of 6300.
Generation 49 finished with best fitness of 6300.
Generation 50 finished with best fitness of 6310.
Generation 51 finished with best fitness of 6330.
Generation 52 finished with best fitness of 6400.
Generation 53 finished with best fitness of 6505.
Generation 54 finished with best fitness of 6505.
Generation 55 finished with best fitness of 6505.
Generation 56 finished with best fitness of 6505.
Generation 57 finished with best fitness of 6620.
Generation 58 finished with best fitness of 6620.
Generation 59 finished with best fitness of 6620.
Generation 60 finished with best fitness of 6620.
Generation 61 finished with best fitness of 6620.
Generation 62 finished with best fitness of 6665.
Generation 63 finished with best fitness of 6665.
Generation 64 finished with best fitness of 6700.
Generation 65 finished with best fitness of 6820.
Generation 66 finished with best fitness of 6820.
Generation 67 finished with best fitness of 6845.
Generation 68 finished with best fitness of 6860.
Generation 69 finished with best fitness of 6865.
Generation 70 finished with best fitness of 6865.
Generation 71 finished with best fitness of 6910.
Generation 72 finished with best fitness of 6980.
Generation 73 finished with best fitness of 6980.
Generation 74 finished with best fitness of 6980.
Generation 75 finished with best fitness of 6980.
Generation 76 finished with best fitness of 7100.
Generation 77 finished with best fitness of 7120.
Generation 78 finished with best fitness of 7145.
Generation 79 finished with best fitness of 7145.
Generation 80 finished with best fitness of 7145.
Generation 81 finished with best fitness of 7145.
Generation 82 finished with best fitness of 7165.
Generation 83 finished with best fitness of 7330.
Generation 84 finished with best fitness of 7330.
Generation 85 finished with best fitness of 7390.
Generation 86 finished with best fitness of 7390.
Generation 87 finished with best fitness of 7390.
Generation 88 finished with best fitness of 7390.
Generation 89 finished with best fitness of 7390.
Generation 90 finished with best fitness of 7390.
Generation 91 finished with best fitness of 7390.
Generation 92 finished with best fitness of 7390.
Generation 93 finished with best fitness of 7415.
Generation 94 finished with best fitness of 7440.
Generation 95 finished with best fitness of 7460.
Generation 96 finished with best fitness of 7470.
Generation 97 finished with best fitness of 7510.
Generation 98 finished with best fitness of 7595.
Generation 99 finished with best fitness of 7595.
Generation 100 finished with best fitness of 7595.
Generation 101 finished with best fitness of 7595.
Generation 102 finished with best fitness of 7595.
Generation 103 finished with best fitness of 7625.
Generation 104 finished with best fitness of 7625.
Generation 105 finished with best fitness of 7630.
Generation 106 finished with best fitness of 7630.
Generation 107 finished with best fitness of 7630.
Generation 108 finished with best fitness of 7735.
Generation 109 finished with best fitness of 7735.
Generation 110 finished with best fitness of 7735.
Generation 111 finished with best fitness of 7735.
Generation 112 finished with best fitness of 7760.
Generation 113 finished with best fitness of 7760.
Generation 114 finished with best fitness of 7760.
Generation 115 finished with best fitness of 7860.
Generation 116 finished with best fitness of 7860.
Generation 117 finished with best fitness of 7860.
Generation 118 finished with best fitness of 7860.
Generation 119 finished with best fitness of 7945.
Generation 120 finished with best fitness of 7990.
Generation 121 finished with best fitness of 7990.
Generation 122 finished with best fitness of 7990.
Generation 123 finished with best fitness of 7990.
Generation 124 finished with best fitness of 7990.
Generation 125 finished with best fitness of 7990.
Generation 126 finished with best fitness of 8005.
Generation 127 finished with best fitness of 8050.
Generation 128 finished with best fitness of 8065.
Generation 129 finished with best fitness of 8065.
Generation 130 finished with best fitness of 8065.
Generation 131 finished with best fitness of 8065.
Generation 132 finished with best fitness of 8105.
Generation 133 finished with best fitness of 8105.
Generation 134 finished with best fitness of 8110.
Generation 135 finished with best fitness of 8125.
Generation 136 finished with best fitness of 8155.
Generation 137 finished with best fitness of 8155.
Generation 138 finished with best fitness of 8200.
Generation 139 finished with best fitness of 8200.
Generation 140 finished with best fitness of 8200.
Generation 141 finished with best fitness of 8200.
Generation 142 finished with best fitness of 8200.
Generation 143 finished with best fitness of 8275.
Generation 144 finished with best fitness of 8275.
Generation 145 finished with best fitness of 8320.
Generation 146 finished with best fitness of 8320.
Generation 147 finished with best fitness of 8320.
Generation 148 finished with best fitness of 8320.
Generation 149 finished with best fitness of 8320.
Generation 150 finished with best fitness of 8320.
Generation 151 finished with best fitness of 8335.
Generation 152 finished with best fitness of 8425.
Generation 153 finished with best fitness of 8425.
Generation 154 finished with best fitness of 8425.
Generation 155 finished with best fitness of 8455.
Generation 156 finished with best fitness of 8455.
Generation 157 finished with best fitness of 8455.
Generation 158 finished with best fitness of 8455.
Generation 159 finished with best fitness of 8455.
Generation 160 finished with best fitness of 8500.
Generation 161 finished with best fitness of 8500.
Generation 162 finished with best fitness of 8500.
Generation 163 finished with best fitness of 8530.
Generation 164 finished with best fitness of 8530.
Generation 165 finished with best fitness of 8560.
Generation 166 finished with best fitness of 8560.
Generation 167 finished with best fitness of 8560.
Generation 168 finished with best fitness of 8605.
Generation 169 finished with best fitness of 8620.
Generation 170 finished with best fitness of 8620.
Generation 171 finished with best fitness of 8620.
Generation 172 finished with best fitness of 8620.
Generation 173 finished with best fitness of 8620.
Generation 174 finished with best fitness of 8620.
Generation 175 finished with best fitness of 8620.
Generation 176 finished with best fitness of 8620.
Generation 177 finished with best fitness of 8620.
Generation 178 finished with best fitness of 8620.
Generation 179 finished with best fitness of 8635.
Generation 180 finished with best fitness of 8650.
Generation 181 finished with best fitness of 8650.
Generation 182 finished with best fitness of 8650.
Generation 183 finished with best fitness of 8650.
Generation 184 finished with best fitness of 8695.
Generation 185 finished with best fitness of 8695.
Generation 186 finished with best fitness of 8695.
Generation 187 finished with best fitness of 8695.
Generation 188 finished with best fitness of 8695.
Generation 189 finished with best fitness of 8705.
Generation 190 finished with best fitness of 8710.
Generation 191 finished with best fitness of 8770.
Generation 192 finished with best fitness of 8785.
Generation 193 finished with best fitness of 8810.
Generation 194 finished with best fitness of 8810.
Generation 195 finished with best fitness of 8825.
Generation 196 finished with best fitness of 8825.
Generation 197 finished with best fitness of 8825.
Generation 198 finished with best fitness of 8825.
Generation 199 finished with best fitness of 8840.
Generation 200 finished with best fitness of 8855.
Generation 201 finished with best fitness of 8885.
Generation 202 finished with best fitness of 8885.
Generation 203 finished with best fitness of 8885.
Generation 204 finished with best fitness of 8885.
Generation 205 finished with best fitness of 8885.
Generation 206 finished with best fitness of 8900.
Generation 207 finished with best fitness of 8900.
Generation 208 finished with best fitness of 8975.
Generation 209 finished with best fitness of 8975.
Generation 210 finished with best fitness of 8975.
Generation 211 finished with best fitness of 8975.
Generation 212 finished with best fitness of 8975.
Generation 213 finished with best fitness of 8975.
Generation 214 finished with best fitness of 8975.
Generation 215 finished with best fitness of 8975.
Generation 216 finished with best fitness of 8975.
Generation 217 finished with best fitness of 8975.
Generation 218 finished with best fitness of 8975.
Generation 219 finished with best fitness of 9020.
Generation 220 finished with best fitness of 9020.
Generation 221 finished with best fitness of 9020.
Generation 222 finished with best fitness of 9020.
Generation 223 finished with best fitness of 9020.
Generation 224 finished with best fitness of 9035.
Generation 225 finished with best fitness of 9035.
Generation 226 finished with best fitness of 9035.
Generation 227 finished with best fitness of 9035.
Generation 228 finished with best fitness of 9035.
Generation 229 finished with best fitness of 9035.
Generation 230 finished with best fitness of 9120.
Generation 231 finished with best fitness of 9120.
Generation 232 finished with best fitness of 9120.
Generation 233 finished with best fitness of 9120.
Generation 234 finished with best fitness of 9120.
Generation 235 finished with best fitness of 9120.
Generation 236 finished with best fitness of 9120.
Generation 237 finished with best fitness of 9120.
Generation 238 finished with best fitness of 9120.
Generation 239 finished with best fitness of 9120.
Generation 240 finished with best fitness of 9120.
Generation 241 finished with best fitness of 9120.
Generation 242 finished with best fitness of 9205.
Generation 243 finished with best fitness of 9225.
Generation 244 finished with best fitness of 9225.
Generation 245 finished with best fitness of 9225.
Generation 246 finished with best fitness of 9225.
Generation 247 finished with best fitness of 9225.
Generation 248 finished with best fitness of 9225.
Generation 249 finished with best fitness of 9225.
Generation 250 finished with best fitness of 9225.
Generation 251 finished with best fitness of 9225.
Generation 252 finished with best fitness of 9225.
Generation 253 finished with best fitness of 9225.
Generation 254 finished with best fitness of 9225.
Generation 255 finished with best fitness of 9225.
Generation 256 finished with best fitness of 9225.
Generation 257 finished with best fitness of 9225.
Generation 258 finished with best fitness of 9225.
Generation 259 finished with best fitness of 9240.
Generation 260 finished with best fitness of 9240.
Generation 261 finished with best fitness of 9240.
Generation 262 finished with best fitness of 9240.
Generation 263 finished with best fitness of 9255.
Generation 264 finished with best fitness of 9255.
Generation 265 finished with best fitness of 9275.
Generation 266 finished with best fitness of 9275.
Generation 267 finished with best fitness of 9275.
Generation 268 finished with best fitness of 9275.
Generation 269 finished with best fitness of 9275.
Generation 270 finished with best fitness of 9305.
Generation 271 finished with best fitness of 9305.
Generation 272 finished with best fitness of 9305.
Generation 273 finished with best fitness of 9305.
Generation 274 finished with best fitness of 9320.
Generation 275 finished with best fitness of 9320.
Generation 276 finished with best fitness of 9320.
Generation 277 finished with best fitness of 9320.
Generation 278 finished with best fitness of 9320.
Generation 279 finished with best fitness of 9320.
Generation 280 finished with best fitness of 9320.
Generation 281 finished with best fitness of 9320.
Generation 282 finished with best fitness of 9320.
Generation 283 finished with best fitness of 9320.
Generation 284 finished with best fitness of 9320.
Generation 285 finished with best fitness of 9330.
Generation 286 finished with best fitness of 9375.
Generation 287 finished with best fitness of 9375.
Generation 288 finished with best fitness of 9375.
Generation 289 finished with best fitness of 9375.
Generation 290 finished with best fitness of 9375.
Generation 291 finished with best fitness of 9375.
Generation 292 finished with best fitness of 9375.
Generation 293 finished with best fitness of 9375.
Generation 294 finished with best fitness of 9375.
Generation 295 finished with best fitness of 9375.
Generation 296 finished with best fitness of 9375.
Generation 297 finished with best fitness of 9375.
Generation 298 finished with best fitness of 9375.
Generation 299 finished with best fitness of 9375.
Evolution finished after 9,5472168 seconds.
</DebugTrace>
      </Output>
    </UnitTestResult>
    <UnitTestResult executionId="ce07f64c-2568-496a-a3dd-dac8d19368e2" testId="643aee53-482b-7ddc-6eba-83a04b5cba46" testName="TimetableInputExportTest" computerName="FLOLAP-PC" duration="00:00:00.0228528" startTime="2011-11-09T20:43:28.0709278+01:00" endTime="2011-11-09T20:43:28.1021279+01:00" testType="13cdc9d9-ddb5-4fa4-a97d-d965ccfc6d4b" outcome="Passed" testListId="8c84fa94-04c1-424b-9868-57a2d4851a1d" relativeResultsDirectory="ce07f64c-2568-496a-a3dd-dac8d19368e2">
    </UnitTestResult>
  </Results>
</TestRun>