<?xml version="1.0" encoding="UTF-8"?>
<TestRun id="0c1dc0e3-1190-4cca-909d-3f7aba3993ce" name="FloLap@FLOLAP-PC 2011-10-19 15:32:38" runUser="FloLap-PC\FloLap" xmlns="http://microsoft.com/schemas/VisualStudio/TeamTest/2010">
  <TestSettings name="Lokal" id="6ed96bb3-d821-4eee-a79d-3a3069da9890">
    <Description>Dies sind die standardmäßigen Testeinstellungen für einen lokalen Testlauf.</Description>
    <Deployment enabled="false" runDeploymentRoot="FloLap_FLOLAP-PC 2011-10-19 15_32_38">
      <DeploymentItem filename="E:\HsKA\Semester2\Projektarbeit\Stundenplangenerator\TimetablePlanner\TimetablePlanner\bin\Debug\TimetablePlanner.dll" />
    </Deployment>
    <Execution>
      <TestTypeSpecific />
      <AgentRule name="Execution Agents">
      </AgentRule>
    </Execution>
  </TestSettings>
  <Times creation="2011-10-19T15:32:38.5970201+02:00" queuing="2011-10-19T15:32:39.6890220+02:00" start="2011-10-19T15:32:39.8450223+02:00" finish="2011-10-19T15:32:47.6918361+02:00" />
  <ResultSummary outcome="Completed">
    <Counters total="1" executed="1" passed="1" error="0" failed="0" timeout="0" aborted="0" inconclusive="0" passedButRunAborted="0" notRunnable="0" notExecuted="0" disconnected="0" warning="0" completed="0" inProgress="0" pending="0" />
  </ResultSummary>
  <TestDefinitions>
    <UnitTest name="createTimetableInstanceTest" storage="e:\hska\semester2\projektarbeit\stundenplangenerator\timetableplanner\timetableplannertests\bin\debug\timetableplannertests.dll" id="ab441b29-9837-01bf-f43f-7839c8f73716">
      <Execution id="32a89110-322f-47a1-ac69-9363a9248a48" />
      <TestMethod codeBase="E:/HsKA/Semester2/Projektarbeit/Stundenplangenerator/TimetablePlanner/TimetablePlannerTests/bin/Debug/TimetablePlannerTests.DLL" adapterTypeName="Microsoft.VisualStudio.TestTools.TestTypes.Unit.UnitTestAdapter, Microsoft.VisualStudio.QualityTools.Tips.UnitTest.Adapter, Version=10.0.0.0, Culture=neutral, PublicKeyToken=b03f5f7f11d50a3a" className="TimetablePlannerTests.TimetableTest, TimetablePlannerTests, Version=1.0.0.0, Culture=neutral, PublicKeyToken=null" name="createTimetableInstanceTest" />
    </UnitTest>
  </TestDefinitions>
  <TestLists>
    <TestList name="Nicht in einer Liste enthaltene Ergebnisse" id="8c84fa94-04c1-424b-9868-57a2d4851a1d" />
    <TestList name="Alle geladenen Ergebnisse" id="19431567-8539-422a-85d7-44ee4e166bda" />
  </TestLists>
  <TestEntries>
    <TestEntry testId="ab441b29-9837-01bf-f43f-7839c8f73716" executionId="32a89110-322f-47a1-ac69-9363a9248a48" testListId="8c84fa94-04c1-424b-9868-57a2d4851a1d" />
  </TestEntries>
  <Results>
    <UnitTestResult executionId="32a89110-322f-47a1-ac69-9363a9248a48" testId="ab441b29-9837-01bf-f43f-7839c8f73716" testName="createTimetableInstanceTest" computerName="FLOLAP-PC" duration="00:00:06.3346223" startTime="2011-10-19T15:32:39.9854226+02:00" endTime="2011-10-19T15:32:47.5826359+02:00" testType="13cdc9d9-ddb5-4fa4-a97d-d965ccfc6d4b" outcome="Passed" testListId="8c84fa94-04c1-424b-9868-57a2d4851a1d" relativeResultsDirectory="32a89110-322f-47a1-ac69-9363a9248a48">
      <Output>
        <DebugTrace>Time to create population of size 75: 717ms
362
359
355
344
323
315
312
305
300
299
297
277
270
261
257
253
244
244
235
235
233
232
226
226
211
209
208
206
206
197
196
188
187
182
181
181
178
173
171
168
167
167
164
161
155
149
147
144
143
139
135
135
135
131
131
123
120
104
104
102
99
96
96
95
94
90
87
81
78
72
69
61
39
25
16
Early abort after 148 generations.
Mean time per generation: 27ms
Evolution time: 4118ms
700
700
700
700
697
697
697
697
697
694
694
694
694
694
694
694
694
691
691
691
691
691
691
691
691
691
691
691
691
691
691
691
691
691
691
691
691
691
691
691
691
691
691
691
691
691
691
691
691
691
691
691
691
691
691
691
691
691
691
691
691
691
691
691
691
688
688
688
688
688
688
688
688
688
688

Group 0
Block 0: 000 007 009 003 012 
Block 1: 004 008 005 002 012 
Block 2: 011 010 --- 006 001 
Block 3: --- --- --- --- --- 
Block 4: --- --- --- --- --- 
Block 5: --- --- --- --- --- 

Group 1
Block 0: 022 015 018 025 023 
Block 1: 019 021 018 025 016 
Block 2: 013 020 --- 025 014 
Block 3: --- 017 024 --- --- 
Block 4: --- 017 --- --- --- 
Block 5: --- --- --- --- --- 

Group 2
Block 0: 027 028 029 036 033 
Block 1: 026 032 035 036 031 
Block 2: 034 --- --- 036 030 
Block 3: --- --- --- --- --- 
Block 4: --- --- --- --- --- 
Block 5: --- --- --- --- --- 

Group 3
Block 0: 038 040 045 044 037 
Block 1: 041 043 045 042 046 
Block 2: --- --- --- --- 039 
Block 3: --- --- --- --- --- 
Block 4: --- --- --- --- --- 
Block 5: --- --- --- --- --- 

Lecturer 0
Block 0: --- --- 045 036 --- 
Block 1: --- --- 045 036 046 
Block 2: --- --- --- 036 --- 
Block 3: --- --- --- --- --- 
Block 4: --- --- --- --- --- 
Block 5: --- --- --- --- --- 

Lecturer 1
Block 0: --- --- 018 --- 012 
Block 1: --- --- 018 --- 012 
Block 2: --- --- --- --- --- 
Block 3: --- 017 --- --- --- 
Block 4: --- 017 --- --- --- 
Block 5: --- --- --- --- --- 

Lecturer 2
Block 0: --- --- --- --- --- 
Block 1: --- --- --- --- --- 
Block 2: --- --- --- --- --- 
Block 3: --- --- --- --- --- 
Block 4: --- --- --- --- --- 
Block 5: --- --- --- --- --- 

Lecturer 3
Block 0: --- --- --- --- 037 
Block 1: --- --- --- --- --- 
Block 2: --- --- --- --- --- 
Block 3: --- --- --- --- --- 
Block 4: --- --- --- --- --- 
Block 5: --- --- --- --- --- 

Lecturer 4
Block 0: --- --- --- 025 023 
Block 1: --- --- --- 025 --- 
Block 2: --- --- --- 025 --- 
Block 3: --- --- 024 --- --- 
Block 4: --- --- --- --- --- 
Block 5: --- --- --- --- --- 

Lecturer 5
Block 0: --- --- --- --- --- 
Block 1: --- --- --- --- --- 
Block 2: --- --- --- --- --- 
Block 3: --- --- --- --- --- 
Block 4: --- --- --- --- --- 
Block 5: --- --- --- --- --- 

Lecturer 6
Block 0: --- --- --- --- --- 
Block 1: --- 032 --- --- --- 
Block 2: --- --- --- --- --- 
Block 3: --- --- --- --- --- 
Block 4: --- --- --- --- --- 
Block 5: --- --- --- --- --- 

Lecturer 7
Block 0: --- --- --- --- --- 
Block 1: --- --- --- --- --- 
Block 2: --- --- --- --- --- 
Block 3: --- --- --- --- --- 
Block 4: --- --- --- --- --- 
Block 5: --- --- --- --- --- 

Lecturer 8
Block 0: --- --- --- --- --- 
Block 1: --- --- --- --- --- 
Block 2: --- --- --- --- --- 
Block 3: --- --- --- --- --- 
Block 4: --- --- --- --- --- 
Block 5: --- --- --- --- --- 

Lecturer 9
Block 0: --- --- --- --- --- 
Block 1: --- --- --- --- 031 
Block 2: --- --- --- --- 039 
Block 3: --- --- --- --- --- 
Block 4: --- --- --- --- --- 
Block 5: --- --- --- --- --- 

Lecturer 10
Block 0: --- --- --- --- 033 
Block 1: --- --- --- --- --- 
Block 2: --- --- --- --- --- 
Block 3: --- --- --- --- --- 
Block 4: --- --- --- --- --- 
Block 5: --- --- --- --- --- 

Lecturer 11
Block 0: --- --- --- --- --- 
Block 1: --- --- --- --- --- 
Block 2: --- --- --- --- --- 
Block 3: --- --- --- --- --- 
Block 4: --- --- --- --- --- 
Block 5: --- --- --- --- --- 

Lecturer 12
Block 0: --- --- 029 --- --- 
Block 1: --- --- --- --- --- 
Block 2: --- --- --- --- 030 
Block 3: --- --- --- --- --- 
Block 4: --- --- --- --- --- 
Block 5: --- --- --- --- --- 

Lecturer 13
Block 0: 027 --- --- 003 --- 
Block 1: 004 --- 005 --- --- 
Block 2: --- --- --- --- --- 
Block 3: --- --- --- --- --- 
Block 4: --- --- --- --- --- 
Block 5: --- --- --- --- --- 

Lecturer 14
Block 0: --- --- --- --- --- 
Block 1: --- --- --- --- --- 
Block 2: --- --- --- --- --- 
Block 3: --- --- --- --- --- 
Block 4: --- --- --- --- --- 
Block 5: --- --- --- --- --- 

Lecturer 15
Block 0: --- --- --- --- --- 
Block 1: --- --- --- --- --- 
Block 2: 034 --- --- --- --- 
Block 3: --- --- --- --- --- 
Block 4: --- --- --- --- --- 
Block 5: --- --- --- --- --- 

Lecturer 16
Block 0: --- 007 --- --- --- 
Block 1: --- --- --- 042 --- 
Block 2: --- 020 --- 006 --- 
Block 3: --- --- --- --- --- 
Block 4: --- --- --- --- --- 
Block 5: --- --- --- --- --- 

Lecturer 17
Block 0: 022 --- --- 044 --- 
Block 1: --- 021 --- --- --- 
Block 2: --- --- --- --- --- 
Block 3: --- --- --- --- --- 
Block 4: --- --- --- --- --- 
Block 5: --- --- --- --- --- 

Lecturer 18
Block 0: --- --- --- 025 --- 
Block 1: 026 --- --- 025 --- 
Block 2: --- --- --- 025 --- 
Block 3: --- --- --- --- --- 
Block 4: --- --- --- --- --- 
Block 5: --- --- --- --- --- 

Lecturer 19
Block 0: --- --- --- --- --- 
Block 1: --- --- --- --- --- 
Block 2: --- --- --- --- --- 
Block 3: --- --- --- --- --- 
Block 4: --- --- --- --- --- 
Block 5: --- --- --- --- --- 

Lecturer 20
Block 0: --- --- --- --- --- 
Block 1: --- --- --- --- --- 
Block 2: --- --- --- --- --- 
Block 3: --- --- --- --- --- 
Block 4: --- --- --- --- --- 
Block 5: --- --- --- --- --- 

Lecturer 21
Block 0: --- --- --- --- --- 
Block 1: --- --- --- --- --- 
Block 2: --- --- --- --- --- 
Block 3: --- --- --- --- --- 
Block 4: --- --- --- --- --- 
Block 5: --- --- --- --- --- 

Lecturer 22
Block 0: --- --- --- --- --- 
Block 1: --- --- --- --- --- 
Block 2: --- --- --- --- --- 
Block 3: --- --- --- --- --- 
Block 4: --- --- --- --- --- 
Block 5: --- --- --- --- --- 

Lecturer 23
Block 0: --- --- --- --- --- 
Block 1: --- --- --- --- --- 
Block 2: --- --- --- --- --- 
Block 3: --- --- --- --- --- 
Block 4: --- --- --- --- --- 
Block 5: --- --- --- --- --- 

Lecturer 24
Block 0: --- 028 --- --- --- 
Block 1: --- --- --- --- --- 
Block 2: --- --- --- --- --- 
Block 3: --- --- --- --- --- 
Block 4: --- --- --- --- --- 
Block 5: --- --- --- --- --- 

Lecturer 25
Block 0: --- --- --- --- --- 
Block 1: --- --- --- --- --- 
Block 2: --- --- --- --- --- 
Block 3: --- --- --- --- --- 
Block 4: --- --- --- --- --- 
Block 5: --- --- --- --- --- 

Lecturer 26
Block 0: 000 --- --- --- --- 
Block 1: 019 043 --- 002 --- 
Block 2: --- --- --- --- 001 
Block 3: --- --- --- --- --- 
Block 4: --- --- --- --- --- 
Block 5: --- --- --- --- --- 

Lecturer 27
Block 0: --- --- --- --- --- 
Block 1: --- --- 035 --- --- 
Block 2: --- --- --- --- --- 
Block 3: --- --- --- --- --- 
Block 4: --- --- --- --- --- 
Block 5: --- --- --- --- --- 

Lecturer 28
Block 0: --- --- --- --- --- 
Block 1: --- --- --- --- --- 
Block 2: --- --- --- --- --- 
Block 3: --- --- --- --- --- 
Block 4: --- --- --- --- --- 
Block 5: --- --- --- --- --- 

Lecturer 29
Block 0: --- --- --- --- --- 
Block 1: --- --- --- --- --- 
Block 2: --- --- --- --- --- 
Block 3: --- --- --- --- --- 
Block 4: --- --- --- --- --- 
Block 5: --- --- --- --- --- 

Lecturer 30
Block 0: --- 040 009 --- --- 
Block 1: 041 008 --- --- --- 
Block 2: 011 010 --- --- --- 
Block 3: --- --- --- --- --- 
Block 4: --- --- --- --- --- 
Block 5: --- --- --- --- --- 

Lecturer 31
Block 0: --- --- --- --- --- 
Block 1: --- --- --- --- --- 
Block 2: --- --- --- --- --- 
Block 3: --- --- --- --- --- 
Block 4: --- --- --- --- --- 
Block 5: --- --- --- --- --- 

Lecturer 32
Block 0: --- --- --- --- --- 
Block 1: --- --- --- --- --- 
Block 2: --- --- --- --- --- 
Block 3: --- --- --- --- --- 
Block 4: --- --- --- --- --- 
Block 5: --- --- --- --- --- 

Lecturer 33
Block 0: --- --- --- --- --- 
Block 1: --- --- --- --- --- 
Block 2: --- --- --- --- --- 
Block 3: --- --- --- --- --- 
Block 4: --- --- --- --- --- 
Block 5: --- --- --- --- --- 

Lecturer 34
Block 0: --- --- --- --- --- 
Block 1: --- --- --- --- --- 
Block 2: --- --- --- --- --- 
Block 3: --- --- --- --- --- 
Block 4: --- --- --- --- --- 
Block 5: --- --- --- --- --- 

Lecturer 35
Block 0: 038 015 --- --- --- 
Block 1: --- --- --- --- 016 
Block 2: 013 --- --- --- 014 
Block 3: --- --- --- --- --- 
Block 4: --- --- --- --- --- 
Block 5: --- --- --- --- --- 

Lecturer 36
Block 0: --- 015 --- --- --- 
Block 1: --- --- --- --- 016 
Block 2: --- --- --- --- --- 
Block 3: --- --- --- --- --- 
Block 4: --- --- --- --- --- 
Block 5: --- --- --- --- --- 

Lecturer 37
Block 0: --- --- --- --- --- 
Block 1: --- --- --- --- --- 
Block 2: --- --- --- --- --- 
Block 3: --- --- --- --- --- 
Block 4: --- --- --- --- --- 
Block 5: --- --- --- --- --- 

Lecturer 38
Block 0: --- --- --- --- --- 
Block 1: --- --- --- --- --- 
Block 2: --- --- --- --- --- 
Block 3: --- --- --- --- --- 
Block 4: --- --- --- --- --- 
Block 5: --- --- --- --- --- 
</DebugTrace>
      </Output>
    </UnitTestResult>
  </Results>
</TestRun>