<?xml version="1.0" encoding="UTF-8"?>
<TestRun id="453b5c84-4650-4617-877d-f02472030498" name="FloLap@FLOLAP-PC 2011-10-28 10:59:20" runUser="FloLap-PC\FloLap" xmlns="http://microsoft.com/schemas/VisualStudio/TeamTest/2010">
  <TestSettings name="Lokal" id="6ed96bb3-d821-4eee-a79d-3a3069da9890">
    <Description>Dies sind die standardmäßigen Testeinstellungen für einen lokalen Testlauf.</Description>
    <Deployment enabled="false" runDeploymentRoot="FloLap_FLOLAP-PC 2011-10-28 10_59_20">
      <DeploymentItem filename="E:\HsKA\Semester2\Projektarbeit\Stundenplangenerator\TimetablePlanner\TimetablePlanner\bin\Debug\TimetablePlanner.dll" />
    </Deployment>
    <Execution>
      <TestTypeSpecific />
      <AgentRule name="Execution Agents">
      </AgentRule>
    </Execution>
  </TestSettings>
  <Times creation="2011-10-28T10:59:20.4301035+02:00" queuing="2011-10-28T10:59:21.4341610+02:00" start="2011-10-28T10:59:21.5201659+02:00" finish="2011-10-28T11:00:02.2564520+02:00" />
  <ResultSummary outcome="Completed">
    <Counters total="1" executed="1" passed="1" error="0" failed="0" timeout="0" aborted="0" inconclusive="0" passedButRunAborted="0" notRunnable="0" notExecuted="0" disconnected="0" warning="0" completed="0" inProgress="0" pending="0" />
  </ResultSummary>
  <TestDefinitions>
    <UnitTest name="TimetableManualTester" storage="e:\hska\semester2\projektarbeit\stundenplangenerator\timetableplanner\timetableplannertests\bin\debug\timetableplannertests.dll" id="3ada0cc6-2a4d-2d63-7d9f-97d4d443b0f3">
      <Execution id="a633fd00-1176-497e-a222-fdcf1f119bfe" />
      <TestMethod codeBase="E:/HsKA/Semester2/Projektarbeit/Stundenplangenerator/TimetablePlanner/TimetablePlannerTests/bin/Debug/TimetablePlannerTests.DLL" adapterTypeName="Microsoft.VisualStudio.TestTools.TestTypes.Unit.UnitTestAdapter, Microsoft.VisualStudio.QualityTools.Tips.UnitTest.Adapter, Version=10.0.0.0, Culture=neutral, PublicKeyToken=b03f5f7f11d50a3a" className="TimetablePlannerTests.TimetableTest, TimetablePlannerTests, Version=1.0.0.0, Culture=neutral, PublicKeyToken=null" name="TimetableManualTester" />
    </UnitTest>
  </TestDefinitions>
  <TestLists>
    <TestList name="Nicht in einer Liste enthaltene Ergebnisse" id="8c84fa94-04c1-424b-9868-57a2d4851a1d" />
    <TestList name="Alle geladenen Ergebnisse" id="19431567-8539-422a-85d7-44ee4e166bda" />
  </TestLists>
  <TestEntries>
    <TestEntry testId="3ada0cc6-2a4d-2d63-7d9f-97d4d443b0f3" executionId="a633fd00-1176-497e-a222-fdcf1f119bfe" testListId="8c84fa94-04c1-424b-9868-57a2d4851a1d" />
  </TestEntries>
  <Results>
    <UnitTestResult executionId="a633fd00-1176-497e-a222-fdcf1f119bfe" testId="3ada0cc6-2a4d-2d63-7d9f-97d4d443b0f3" testName="TimetableManualTester" computerName="FLOLAP-PC" duration="00:00:39.3469538" startTime="2011-10-28T10:59:21.5631683+02:00" endTime="2011-10-28T11:00:02.1604465+02:00" testType="13cdc9d9-ddb5-4fa4-a97d-d965ccfc6d4b" outcome="Passed" testListId="8c84fa94-04c1-424b-9868-57a2d4851a1d" relativeResultsDirectory="a633fd00-1176-497e-a222-fdcf1f119bfe">
      <Output>
        <DebugTrace>Time to create population of size 50: 21626ms
3340
3150
3050
2960
2640
2620
2590
2570
2490
2430
2410
2340
2270
2170
2060
2060
2050
2050
2030
2000
2000
1980
1920
1900
1880
1850
1830
1770
1700
1680
1610
1600
1580
1530
1490
1380
1370
1250
1210
1210
1200
1150
1110
1070
940
700
600
90
10
-170
Mean time per generation: 49ms
Mean fitness increase per generation
588
345
294
220
152
98
102
88
92
76
54
49
75
69
74
74
92
66
64
99
94
82
71
78
95
94
80
86
71
86
87
83
84
102
112
91
79
64
61
83
61
57
66
46
56
31
37
37
39
29
39
53
48
41
52
29
30
48
31
57
48
57
55
42
39
39
31
51
38
26
42
30
25
12
17
39
33
39
53
54
54
43
50
40
40
30
41
33
34
23
36
47
55
70
55
33
23
27
32
33
13
32
22
28
19
19
21
19
21
39
26
36
34
47
41
29
28
32
27
29
28
23
29
25
21
16
22
30
22
21
20
26
19
27
21
19
18
13
5
12
11
19
18
24
20
22
10
18
16
17
22
16
15
20
18
16
18
11
11
23
11
13
14
15
20
21
21
30
16
32
22
27
33
19
25
15
12
9
15
11
11
10
11
8
5
9
3
6
8
8
4
7
9
6
10
12
12
12
16
11
7
11
10
4
4
4
8
9
11
11
15
18
15
19
21
16
14
25
20
11
12
16
12
13
16
10
5
7
8
6
10
11
4
3
15
10
6
7
1
5
5
4
2
8
6
1
5
3
5
6
5
10
5
9
10
8
10
6
5
4
16
16
6
10
5
8
10
9
15
8
10
16
12
10
6
9
11
10
8
5
5
9
0
7
2
6
5
1
5
5
2
5
7
9
7
11
0
1
5
4
4
4
8
5
4
9
2
3
2
3
3
2
3
2
6
3
4
4
3
4
1
3
1
4
4
6
0
2
5
3
8
3
3
4
5
4
4
1
2
1
3
2
0
1
1
Evolution time: 17250ms
11650
11650
11640
11630
11620
11580
11580
11580
11580
11570
11570
11570
11570
11570
11570
11570
11570
11570
11560
11560
11550
11550
11550
11550
11550
11550
11550
11550
11550
11550
11550
11550
11550
11540
11540
11540
11540
11540
11530
11530
11530
11530
11530
11530
11530
11530
11530
11530
11530
11530
</DebugTrace>
      </Output>
    </UnitTestResult>
  </Results>
</TestRun>