<?xml version="1.0" encoding="UTF-8"?>
<TestRun id="168eb5f3-2dc8-47ce-901c-11c75e8c5c61" name="FloLap@FLOLAP-PC 2011-10-19 16:13:02" runUser="FloLap-PC\FloLap" xmlns="http://microsoft.com/schemas/VisualStudio/TeamTest/2010">
  <TestSettings name="Lokal" id="6ed96bb3-d821-4eee-a79d-3a3069da9890">
    <Description>Dies sind die standardmäßigen Testeinstellungen für einen lokalen Testlauf.</Description>
    <Deployment enabled="false" runDeploymentRoot="FloLap_FLOLAP-PC 2011-10-19 16_13_02">
      <DeploymentItem filename="E:\HsKA\Semester2\Projektarbeit\Stundenplangenerator\TimetablePlanner\TimetablePlanner\bin\Debug\TimetablePlanner.dll" />
    </Deployment>
    <Execution>
      <TestTypeSpecific />
      <AgentRule name="Execution Agents">
      </AgentRule>
    </Execution>
  </TestSettings>
  <Times creation="2011-10-19T16:13:02.6135007+02:00" queuing="2011-10-19T16:13:03.9395031+02:00" start="2011-10-19T16:13:04.0019032+02:00" finish="2011-10-19T16:13:10.2107141+02:00" />
  <ResultSummary outcome="Completed">
    <Counters total="1" executed="1" passed="1" error="0" failed="0" timeout="0" aborted="0" inconclusive="0" passedButRunAborted="0" notRunnable="0" notExecuted="0" disconnected="0" warning="0" completed="0" inProgress="0" pending="0" />
  </ResultSummary>
  <TestDefinitions>
    <UnitTest name="createTimetableInstanceTest" storage="e:\hska\semester2\projektarbeit\stundenplangenerator\timetableplanner\timetableplannertests\bin\debug\timetableplannertests.dll" id="ab441b29-9837-01bf-f43f-7839c8f73716">
      <Execution id="f602ff0d-aaec-4c43-b299-7438fa704ddb" />
      <TestMethod codeBase="E:/HsKA/Semester2/Projektarbeit/Stundenplangenerator/TimetablePlanner/TimetablePlannerTests/bin/Debug/TimetablePlannerTests.DLL" adapterTypeName="Microsoft.VisualStudio.TestTools.TestTypes.Unit.UnitTestAdapter, Microsoft.VisualStudio.QualityTools.Tips.UnitTest.Adapter, Version=10.0.0.0, Culture=neutral, PublicKeyToken=b03f5f7f11d50a3a" className="TimetablePlannerTests.TimetableTest, TimetablePlannerTests, Version=1.0.0.0, Culture=neutral, PublicKeyToken=null" name="createTimetableInstanceTest" />
    </UnitTest>
  </TestDefinitions>
  <TestLists>
    <TestList name="Nicht in einer Liste enthaltene Ergebnisse" id="8c84fa94-04c1-424b-9868-57a2d4851a1d" />
    <TestList name="Alle geladenen Ergebnisse" id="19431567-8539-422a-85d7-44ee4e166bda" />
  </TestLists>
  <TestEntries>
    <TestEntry testId="ab441b29-9837-01bf-f43f-7839c8f73716" executionId="f602ff0d-aaec-4c43-b299-7438fa704ddb" testListId="8c84fa94-04c1-424b-9868-57a2d4851a1d" />
  </TestEntries>
  <Results>
    <UnitTestResult executionId="f602ff0d-aaec-4c43-b299-7438fa704ddb" testId="ab441b29-9837-01bf-f43f-7839c8f73716" testName="createTimetableInstanceTest" computerName="FLOLAP-PC" duration="00:00:04.8493676" startTime="2011-10-19T16:13:04.0487033+02:00" endTime="2011-10-19T16:13:10.1171139+02:00" testType="13cdc9d9-ddb5-4fa4-a97d-d965ccfc6d4b" outcome="Passed" testListId="8c84fa94-04c1-424b-9868-57a2d4851a1d" relativeResultsDirectory="f602ff0d-aaec-4c43-b299-7438fa704ddb">
      <Output>
        <DebugTrace>Time to create population of size 75: 780ms
891
874
825
819
819
810
807
800
797
794
788
778
775
769
761
752
746
743
738
729
717
717
716
716
710
705
705
703
701
696
692
687
687
684
684
681
679
672
672
672
669
663
660
658
658
657
654
649
648
646
645
643
643
642
640
639
633
628
625
625
622
620
618
617
613
613
611
604
595
586
572
562
554
551
542
Early abort after 131 generations.
Mean time per generation: 27ms
0000-&gt;0001: 59
0001-&gt;0002: 42
0002-&gt;0003: 32
0003-&gt;0004: 22
0004-&gt;0005: 22
0005-&gt;0006: 18
0006-&gt;0007: 10
0007-&gt;0008: 9
0008-&gt;0009: 6
0009-&gt;0010: 7
0010-&gt;0011: 5
0011-&gt;0012: 8
0012-&gt;0013: 6
0013-&gt;0014: 6
0014-&gt;0015: 7
0015-&gt;0016: 7
0016-&gt;0017: 6
0017-&gt;0018: 6
0018-&gt;0019: 6
0019-&gt;0020: 5
0020-&gt;0021: 6
0021-&gt;0022: 5
0022-&gt;0023: 5
0023-&gt;0024: 5
0024-&gt;0025: 3
0025-&gt;0026: 4
0026-&gt;0027: 4
0027-&gt;0028: 3
0028-&gt;0029: 3
0029-&gt;0030: 3
0030-&gt;0031: 4
0031-&gt;0032: 2
0032-&gt;0033: 3
0033-&gt;0034: 3
0034-&gt;0035: 4
0035-&gt;0036: 3
0036-&gt;0037: 2
0037-&gt;0038: 3
0038-&gt;0039: 3
0039-&gt;0040: 2
0040-&gt;0041: 3
0041-&gt;0042: 1
0042-&gt;0043: 3
0043-&gt;0044: 3
0044-&gt;0045: 2
0045-&gt;0046: 2
0046-&gt;0047: 2
0047-&gt;0048: 3
0048-&gt;0049: 1
0049-&gt;0050: 2
0050-&gt;0051: 2
0051-&gt;0052: 2
0052-&gt;0053: 2
0053-&gt;0054: 2
0054-&gt;0055: 2
0055-&gt;0056: 1
0056-&gt;0057: 3
0057-&gt;0058: 2
0058-&gt;0059: 3
0059-&gt;0060: 2
0060-&gt;0061: 2
0061-&gt;0062: 2
0062-&gt;0063: 3
0063-&gt;0064: 4
0064-&gt;0065: 3
0065-&gt;0066: 3
0066-&gt;0067: 2
0067-&gt;0068: 2
0068-&gt;0069: 1
0069-&gt;0070: 2
0070-&gt;0071: 2
0071-&gt;0072: 0
0072-&gt;0073: 1
0073-&gt;0074: 1
0074-&gt;0075: 0
0075-&gt;0076: 1
0076-&gt;0077: 0
0077-&gt;0078: 1
0078-&gt;0079: 0
0079-&gt;0080: 1
0080-&gt;0081: 1
0081-&gt;0082: 0
0082-&gt;0083: 1
0083-&gt;0084: 1
0084-&gt;0085: 0
0085-&gt;0086: 1
0086-&gt;0087: 0
0087-&gt;0088: 1
0088-&gt;0089: 0
0089-&gt;0090: 1
0090-&gt;0091: 0
0091-&gt;0092: 0
0092-&gt;0093: 1
0093-&gt;0094: 0
0094-&gt;0095: 0
0095-&gt;0096: 1
0096-&gt;0097: 0
0097-&gt;0098: 1
0098-&gt;0099: 1
0099-&gt;0100: 1
0100-&gt;0101: 0
0101-&gt;0102: 1
0102-&gt;0103: 1
0103-&gt;0104: 0
0104-&gt;0105: 1
0105-&gt;0106: 1
0106-&gt;0107: 0
0107-&gt;0108: 0
0108-&gt;0109: 1
0109-&gt;0110: 0
0110-&gt;0111: 0
0111-&gt;0112: 0
0112-&gt;0113: 1
0113-&gt;0114: 0
0114-&gt;0115: 1
0115-&gt;0116: 0
0116-&gt;0117: 0
0117-&gt;0118: 1
0118-&gt;0119: 0
0119-&gt;0120: 0
0120-&gt;0121: 0
0121-&gt;0122: 1
0122-&gt;0123: 0
0123-&gt;0124: 0
0124-&gt;0125: 1
0125-&gt;0126: 0
0126-&gt;0127: 0
0127-&gt;0128: 0
0128-&gt;0129: 0
0129-&gt;0130: 0
0130-&gt;0131: 0
0131-&gt;0132: 1
Evolution time: 3697ms
1143
1143
1143
1143
1143
1143
1143
1143
1143
1143
1143
1143
1143
1143
1143
1143
1143
1143
1143
1143
1143
1143
1143
1143
1143
1143
1143
1143
1140
1140
1140
1140
1140
1140
1140
1140
1140
1140
1140
1140
1140
1140
1140
1140
1140
1140
1140
1140
1140
1140
1140
1140
1140
1140
1140
1140
1140
1140
1140
1140
1140
1140
1140
1140
1140
1140
1140
1140
1140
1140
1140
1140
1140
1140
1140

Group 0
Block 0: 010 001 004 007 003 
Block 1: 000 012 005 006 002 
Block 2: 011 012 --- 009 008 
Block 3: --- --- --- --- --- 
Block 4: --- --- --- --- --- 
Block 5: --- --- --- --- --- 

Group 1
Block 0: 022 025 021 018 023 
Block 1: 024 025 014 018 017 
Block 2: 013 025 --- 016 017 
Block 3: 019 015 --- 020 --- 
Block 4: --- --- --- --- --- 
Block 5: --- --- --- --- --- 

Group 2
Block 0: 033 031 035 030 032 
Block 1: 028 --- 029 027 026 
Block 2: --- 034 --- --- 036 
Block 3: --- --- --- --- 036 
Block 4: --- --- --- --- 036 
Block 5: --- --- --- --- --- 

Group 3
Block 0: 038 042 041 043 044 
Block 1: 039 --- --- 037 040 
Block 2: --- --- --- --- --- 
Block 3: 046 --- 045 --- --- 
Block 4: --- --- 045 --- --- 
Block 5: --- --- --- --- --- 
</DebugTrace>
      </Output>
    </UnitTestResult>
  </Results>
</TestRun>