<?xml version="1.0" encoding="UTF-8"?>
<TestRun id="603ff76e-06fe-4a08-a6c1-40bc8be85a3d" name="FloLap@FLOLAP-PC 2011-10-28 10:42:40" runUser="FloLap-PC\FloLap" xmlns="http://microsoft.com/schemas/VisualStudio/TeamTest/2010">
  <TestSettings name="Lokal" id="6ed96bb3-d821-4eee-a79d-3a3069da9890">
    <Description>Dies sind die standardmäßigen Testeinstellungen für einen lokalen Testlauf.</Description>
    <Deployment enabled="false" runDeploymentRoot="FloLap_FLOLAP-PC 2011-10-28 10_42_40">
      <DeploymentItem filename="E:\HsKA\Semester2\Projektarbeit\Stundenplangenerator\TimetablePlanner\TimetablePlanner\bin\Debug\TimetablePlanner.dll" />
    </Deployment>
    <Execution>
      <TestTypeSpecific />
      <AgentRule name="Execution Agents">
      </AgentRule>
    </Execution>
  </TestSettings>
  <Times creation="2011-10-28T10:42:40.1003701+02:00" queuing="2011-10-28T10:42:41.0482174+02:00" start="2011-10-28T10:42:41.2212273+02:00" finish="2011-10-28T10:44:22.7739733+02:00" />
  <ResultSummary outcome="Completed">
    <Counters total="1" executed="1" passed="1" error="0" failed="0" timeout="0" aborted="0" inconclusive="0" passedButRunAborted="0" notRunnable="0" notExecuted="0" disconnected="0" warning="0" completed="0" inProgress="0" pending="0" />
  </ResultSummary>
  <TestDefinitions>
    <UnitTest name="TimetableManualTester" storage="e:\hska\semester2\projektarbeit\stundenplangenerator\timetableplanner\timetableplannertests\bin\debug\timetableplannertests.dll" id="3ada0cc6-2a4d-2d63-7d9f-97d4d443b0f3">
      <Execution id="9a259ad5-57ac-43b6-9f3f-aac85fd549ec" />
      <TestMethod codeBase="E:/HsKA/Semester2/Projektarbeit/Stundenplangenerator/TimetablePlanner/TimetablePlannerTests/bin/Debug/TimetablePlannerTests.DLL" adapterTypeName="Microsoft.VisualStudio.TestTools.TestTypes.Unit.UnitTestAdapter, Microsoft.VisualStudio.QualityTools.Tips.UnitTest.Adapter, Version=10.0.0.0, Culture=neutral, PublicKeyToken=b03f5f7f11d50a3a" className="TimetablePlannerTests.TimetableTest, TimetablePlannerTests, Version=1.0.0.0, Culture=neutral, PublicKeyToken=null" name="TimetableManualTester" />
    </UnitTest>
  </TestDefinitions>
  <TestLists>
    <TestList name="Nicht in einer Liste enthaltene Ergebnisse" id="8c84fa94-04c1-424b-9868-57a2d4851a1d" />
    <TestList name="Alle geladenen Ergebnisse" id="19431567-8539-422a-85d7-44ee4e166bda" />
  </TestLists>
  <TestEntries>
    <TestEntry testId="3ada0cc6-2a4d-2d63-7d9f-97d4d443b0f3" executionId="9a259ad5-57ac-43b6-9f3f-aac85fd549ec" testListId="8c84fa94-04c1-424b-9868-57a2d4851a1d" />
  </TestEntries>
  <Results>
    <UnitTestResult executionId="9a259ad5-57ac-43b6-9f3f-aac85fd549ec" testId="3ada0cc6-2a4d-2d63-7d9f-97d4d443b0f3" testName="TimetableManualTester" computerName="FLOLAP-PC" duration="00:01:40.1055531" startTime="2011-10-28T10:42:41.3552350+02:00" endTime="2011-10-28T10:44:22.6819681+02:00" testType="13cdc9d9-ddb5-4fa4-a97d-d965ccfc6d4b" outcome="Passed" testListId="8c84fa94-04c1-424b-9868-57a2d4851a1d" relativeResultsDirectory="9a259ad5-57ac-43b6-9f3f-aac85fd549ec">
      <Output>
        <DebugTrace>Time to create population of size 50: 15313ms
3300
3130
3120
3040
2970
2880
2850
2780
2750
2710
2670
2620
2600
2590
2550
2520
2480
2450
2400
2350
2330
2270
2260
2250
2220
2160
2140
2090
2070
2060
2010
1800
1760
1720
1710
1690
1550
1540
1500
1250
1250
1220
940
940
830
820
790
690
670
300
Mean time per generation: 199ms
Mean fitness increase per generation
607
235
185
140
111
87
105
93
91
86
110
105
73
73
65
66
87
81
52
54
65
49
60
68
64
64
54
58
50
67
54
48
46
31
60
71
67
78
62
59
55
72
52
86
50
55
56
59
36
47
50
52
55
41
47
60
59
61
67
55
34
44
54
55
46
55
54
60
59
41
40
36
35
35
25
16
23
24
22
48
40
34
37
35
32
42
42
37
22
28
33
33
26
30
21
18
30
16
32
34
34
37
30
27
34
20
19
17
15
16
18
17
19
17
15
20
20
31
24
20
29
20
23
23
26
13
24
21
17
19
22
26
22
20
15
26
30
19
17
26
17
27
23
27
28
29
10
20
17
32
21
29
26
39
31
28
25
25
28
24
17
19
20
30
17
34
21
15
17
14
17
17
15
17
14
19
16
21
11
21
15
17
18
15
12
10
13
10
14
12
18
11
15
17
22
19
19
16
11
16
14
14
19
14
8
8
5
6
9
18
16
15
21
20
13
9
15
26
10
11
9
12
5
10
8
14
7
9
5
8
9
7
12
11
16
11
7
8
13
10
4
17
10
11
5
18
16
12
14
12
12
6
12
9
15
8
15
12
9
5
6
14
10
11
13
12
13
8
5
6
4
6
2
15
12
5
8
5
8
5
5
2
3
6
9
9
9
6
4
5
6
7
5
8
13
11
9
12
6
6
7
2
7
12
10
8
4
4
6
3
1
6
2
6
6
5
4
3
4
4
5
5
7
7
2
4
4
2
2
2
3
3
5
7
2
1
6
6
2
1
1
3
2
4
3
6
3
2
6
2
5
1
1
3
5
3
3
1
6
5
2
2
5
1
4
2
6
2
5
5
4
4
4
1
8
4
2
1
2
2
2
8
2
1
3
2
3
6
5
8
7
1
6
2
3
3
3
4
7
6
7
3
3
4
3
2
4
2
3
3
2
5
2
3
5
1
1
0
1
1
1
1
Evolution time: 84333ms
11830
11810
11790
11790
11790
11790
11790
11770
11770
11770
11760
11760
11760
11760
11760
11760
11760
11760
11760
11760
11760
11760
11760
11760
11760
11760
11760
11760
11760
11760
11760
11760
11760
11760
11760
11760
11760
11760
11760
11760
11760
11760
11760
11750
11750
11750
11750
11750
11750
11750
</DebugTrace>
      </Output>
    </UnitTestResult>
  </Results>
</TestRun>