<?xml version="1.0" encoding="UTF-8"?>
<TestRun id="3a056879-0bd1-4297-83d4-ae1421b048e2" name="FloLap@FLOLAP-PC 2011-10-21 22:28:17" runUser="FloLap-PC\FloLap" xmlns="http://microsoft.com/schemas/VisualStudio/TeamTest/2010">
  <TestSettings name="Lokal" id="6ed96bb3-d821-4eee-a79d-3a3069da9890">
    <Description>Dies sind die standardmäßigen Testeinstellungen für einen lokalen Testlauf.</Description>
    <Deployment enabled="false" runDeploymentRoot="FloLap_FLOLAP-PC 2011-10-21 22_28_17">
      <DeploymentItem filename="E:\HsKA\Semester2\Projektarbeit\Stundenplangenerator\TimetablePlanner\TimetablePlanner\bin\Debug\TimetablePlanner.dll" />
    </Deployment>
    <Execution>
      <TestTypeSpecific />
      <AgentRule name="Execution Agents">
      </AgentRule>
    </Execution>
  </TestSettings>
  <Times creation="2011-10-21T22:28:17.6542647+02:00" queuing="2011-10-21T22:28:18.7930667+02:00" start="2011-10-21T22:28:18.8710668+02:00" finish="2011-10-21T22:28:29.2450851+02:00" />
  <ResultSummary outcome="Completed">
    <Counters total="1" executed="1" passed="1" error="0" failed="0" timeout="0" aborted="0" inconclusive="0" passedButRunAborted="0" notRunnable="0" notExecuted="0" disconnected="0" warning="0" completed="0" inProgress="0" pending="0" />
  </ResultSummary>
  <TestDefinitions>
    <UnitTest name="TimetableManualTester" storage="e:\hska\semester2\projektarbeit\stundenplangenerator\timetableplanner\timetableplannertests\bin\debug\timetableplannertests.dll" id="3ada0cc6-2a4d-2d63-7d9f-97d4d443b0f3">
      <Execution id="eecaf983-3f72-4d1d-9655-117dfeafad0d" />
      <TestMethod codeBase="E:/HsKA/Semester2/Projektarbeit/Stundenplangenerator/TimetablePlanner/TimetablePlannerTests/bin/Debug/TimetablePlannerTests.DLL" adapterTypeName="Microsoft.VisualStudio.TestTools.TestTypes.Unit.UnitTestAdapter, Microsoft.VisualStudio.QualityTools.Tips.UnitTest.Adapter, Version=10.0.0.0, Culture=neutral, PublicKeyToken=b03f5f7f11d50a3a" className="TimetablePlannerTests.TimetableTest, TimetablePlannerTests, Version=1.0.0.0, Culture=neutral, PublicKeyToken=null" name="TimetableManualTester" />
    </UnitTest>
  </TestDefinitions>
  <TestLists>
    <TestList name="Nicht in einer Liste enthaltene Ergebnisse" id="8c84fa94-04c1-424b-9868-57a2d4851a1d" />
    <TestList name="Alle geladenen Ergebnisse" id="19431567-8539-422a-85d7-44ee4e166bda" />
  </TestLists>
  <TestEntries>
    <TestEntry testId="3ada0cc6-2a4d-2d63-7d9f-97d4d443b0f3" executionId="eecaf983-3f72-4d1d-9655-117dfeafad0d" testListId="8c84fa94-04c1-424b-9868-57a2d4851a1d" />
  </TestEntries>
  <Results>
    <UnitTestResult executionId="eecaf983-3f72-4d1d-9655-117dfeafad0d" testId="3ada0cc6-2a4d-2d63-7d9f-97d4d443b0f3" testName="TimetableManualTester" computerName="FLOLAP-PC" duration="00:00:09.0211228" startTime="2011-10-21T22:28:18.9178669+02:00" endTime="2011-10-21T22:28:29.1358849+02:00" testType="13cdc9d9-ddb5-4fa4-a97d-d965ccfc6d4b" outcome="Passed" testListId="8c84fa94-04c1-424b-9868-57a2d4851a1d" relativeResultsDirectory="eecaf983-3f72-4d1d-9655-117dfeafad0d">
      <Output>
        <DebugTrace>Time to create population of size 75: 592ms
1240
1200
1190
1110
1080
1070
1030
1030
1010
1010
990
990
960
950
930
930
890
860
840
770
760
750
750
740
740
680
640
640
630
630
630
600
600
550
550
540
500
460
370
370
370
320
310
300
250
240
200
190
190
150
100
90
40
30
-20
-30
-50
-60
-90
-130
-150
-150
-220
-250
-260
-270
-330
-450
-510
-610
-660
-720
-890
-1700
-2540
Early abort after 158 generations.
Mean time per generation: 39ms
Mean fitness increase per generation
506
196
95
96
99
91
91
80
42
40
42
54
45
49
52
42
28
38
36
46
30
35
34
30
33
29
28
21
21
20
19
17
14
22
21
24
32
40
32
19
21
18
11
17
18
18
16
14
16
10
12
15
11
20
15
16
23
22
34
28
35
26
24
16
11
16
16
14
5
7
10
10
10
12
5
5
5
3
5
1
5
6
4
6
6
3
6
5
5
5
4
4
2
3
4
5
6
7
4
7
6
5
4
2
6
8
8
6
4
4
5
7
7
5
7
5
5
3
4
6
5
4
4
2
7
3
2
2
2
1
1
1
3
2
2
1
2
4
4
1
1
1
0
1
1
1
0
1
1
1
1
2
0
0
2
0
1
2
1
Evolution time: 6349ms
3520
3510
3510
3510
3500
3500
3500
3500
3500
3500
3500
3500
3500
3490
3490
3490
3490
3490
3490
3490
3490
3490
3490
3490
3490
3490
3490
3490
3490
3490
3490
3490
3490
3490
3490
3490
3490
3490
3490
3490
3490
3490
3490
3490
3490
3490
3490
3480
3480
3480
3480
3480
3480
3480
3480
3480
3480
3480
3470
3470
3470
3470
3470
3470
3470
3470
3470
3470
3470
3470
3470
3470
3470
3470
3470

Group 0
Block 0: Mathematik 1                           | Mathematik 1                           | Theoretische Informatik 1              | Technische Informatik 1                | Informatik 1                           | 
Block 1: Theoretische Informatik 1              | Technische Informatik 1                | Mathematik 1 Labor                     | Fremdsprachen                          | Informatik 1 Übung                     | 
Block 2: Informatik 1                           | Mathematik 1 Labor                     | ---------------------------------------| Fremdsprachen                          | Technische Informatik 1 Übung          | 
Block 3: ---------------------------------------| ---------------------------------------| ---------------------------------------| ---------------------------------------| ---------------------------------------| 
Block 4: ---------------------------------------| ---------------------------------------| ---------------------------------------| ---------------------------------------| ---------------------------------------| 
Block 5: ---------------------------------------| ---------------------------------------| ---------------------------------------| ---------------------------------------| ---------------------------------------| 

Group 1
Block 0: Digital-Labor                          | Softwarelabor                          | Softwarelabor                          | Informatik 2 Übung                     | Sprachen und Metasprachen              | 
Block 1: Digital-Labor                          | Softwarelabor                          | Softwarelabor                          | Informatik 2                           | Mathematik 2 Labor                     | 
Block 2: Digital-Labor                          | Technische Informatik 2                | ---------------------------------------| Mathematik 2                           | Informatik 2                           | 
Block 3: ---------------------------------------| Informatik 2 Übung                     | ---------------------------------------| ---------------------------------------| Technische Informatik 2                | 
Block 4: ---------------------------------------| ---------------------------------------| ---------------------------------------| ---------------------------------------| Web-Programming                        | 
Block 5: ---------------------------------------| ---------------------------------------| ---------------------------------------| ---------------------------------------| ---------------------------------------| 

Group 2
Block 0: ---------------------------------------| IT Service Management                  | Visualization and Semantics            | Mobile Systeme                         | IT Projektmanagement                   | 
Block 1: ---------------------------------------| Modellierung und Simulation            | ---------------------------------------| Visualization and Semantics Lab        | Intelligente Systeme                   | 
Block 2: ---------------------------------------| ---------------------------------------| ---------------------------------------| Datenrepräsentation und -übertragung   | Verteilte Informationssysteme          | 
Block 3: ---------------------------------------| ---------------------------------------| Projektarbeit1                         | ---------------------------------------| ---------------------------------------| 
Block 4: ---------------------------------------| ---------------------------------------| Projektarbeit1                         | ---------------------------------------| ---------------------------------------| 
Block 5: ---------------------------------------| ---------------------------------------| Projektarbeit1                         | Führungskräftetraining                 | ---------------------------------------| 

Group 3
Block 0: Labor Verteilte Systeme                | ---------------------------------------| Data Mining                            | Algorithmenentwurf                     | Dialog Systems                         | 
Block 1: Angewandte Kryptografie                | ---------------------------------------| ---------------------------------------| Algorithmen Übung                      | IT-Sicherheit                          | 
Block 2: Labor Benutzeroberflächen              | ---------------------------------------| ---------------------------------------| ---------------------------------------| ---------------------------------------| 
Block 3: ---------------------------------------| ---------------------------------------| ---------------------------------------| ---------------------------------------| ---------------------------------------| 
Block 4: Projektarbeit2                         | ---------------------------------------| ---------------------------------------| ---------------------------------------| ---------------------------------------| 
Block 5: Projektarbeit2                         | Seminar                                | ---------------------------------------| ---------------------------------------| ---------------------------------------| 
</DebugTrace>
      </Output>
    </UnitTestResult>
  </Results>
</TestRun>