<?xml version="1.0" encoding="UTF-8"?>
<TestRun id="c24876d6-e544-43d3-8af3-d7aed444ce2e" name="FloLap@FLOLAP-PC 2011-10-15 18:46:32" runUser="FloLap-PC\FloLap" xmlns="http://microsoft.com/schemas/VisualStudio/TeamTest/2010">
  <TestSettings name="Lokal" id="6ed96bb3-d821-4eee-a79d-3a3069da9890">
    <Description>Dies sind die standardmäßigen Testeinstellungen für einen lokalen Testlauf.</Description>
    <Deployment enabled="false" runDeploymentRoot="FloLap_FLOLAP-PC 2011-10-15 18_46_32">
      <DeploymentItem filename="E:\HsKA\Semester2\Projektarbeit\Stundenplangenerator\TimetablePlanner\TimetablePlanner\bin\Debug\TimetablePlanner.dll" />
    </Deployment>
    <Execution>
      <TestTypeSpecific />
      <AgentRule name="Execution Agents">
      </AgentRule>
    </Execution>
  </TestSettings>
  <Times creation="2011-10-15T18:46:32.7722059+02:00" queuing="2011-10-15T18:46:33.8162094+02:00" start="2011-10-15T18:46:33.9722097+02:00" finish="2011-10-15T18:46:48.7860846+02:00" />
  <ResultSummary outcome="Completed">
    <Counters total="1" executed="1" passed="1" error="0" failed="0" timeout="0" aborted="0" inconclusive="0" passedButRunAborted="0" notRunnable="0" notExecuted="0" disconnected="0" warning="0" completed="0" inProgress="0" pending="0" />
  </ResultSummary>
  <TestDefinitions>
    <UnitTest name="createTimetableInstanceTest" storage="e:\hska\semester2\projektarbeit\stundenplangenerator\timetableplanner\timetableplannertests\bin\debug\timetableplannertests.dll" id="ab441b29-9837-01bf-f43f-7839c8f73716">
      <Execution id="c681c788-d360-49bd-9f41-21d9f53707ea" />
      <TestMethod codeBase="E:/HsKA/Semester2/Projektarbeit/Stundenplangenerator/TimetablePlanner/TimetablePlannerTests/bin/Debug/TimetablePlannerTests.DLL" adapterTypeName="Microsoft.VisualStudio.TestTools.TestTypes.Unit.UnitTestAdapter, Microsoft.VisualStudio.QualityTools.Tips.UnitTest.Adapter, Version=10.0.0.0, Culture=neutral, PublicKeyToken=b03f5f7f11d50a3a" className="TimetablePlannerTests.TimetableTest, TimetablePlannerTests, Version=1.0.0.0, Culture=neutral, PublicKeyToken=null" name="createTimetableInstanceTest" />
    </UnitTest>
  </TestDefinitions>
  <TestLists>
    <TestList name="Nicht in einer Liste enthaltene Ergebnisse" id="8c84fa94-04c1-424b-9868-57a2d4851a1d" />
    <TestList name="Alle geladenen Ergebnisse" id="19431567-8539-422a-85d7-44ee4e166bda" />
  </TestLists>
  <TestEntries>
    <TestEntry testId="ab441b29-9837-01bf-f43f-7839c8f73716" executionId="c681c788-d360-49bd-9f41-21d9f53707ea" testListId="8c84fa94-04c1-424b-9868-57a2d4851a1d" />
  </TestEntries>
  <Results>
    <UnitTestResult executionId="c681c788-d360-49bd-9f41-21d9f53707ea" testId="ab441b29-9837-01bf-f43f-7839c8f73716" testName="createTimetableInstanceTest" computerName="FLOLAP-PC" duration="00:00:13.3307598" startTime="2011-10-15T18:46:34.1126099+02:00" endTime="2011-10-15T18:46:48.7090802+02:00" testType="13cdc9d9-ddb5-4fa4-a97d-d965ccfc6d4b" outcome="Passed" testListId="8c84fa94-04c1-424b-9868-57a2d4851a1d" relativeResultsDirectory="c681c788-d360-49bd-9f41-21d9f53707ea">
      <Output>
        <DebugTrace>Time to create population of size 20: 124ms
0278: 000|023|010|010|---|---|036|036|---|---|---|---|---|---|---|---|---|---|035|---|004|---|---|---|---|---|025|---|---|---|---|---|---|---|011|---|---|---|---|---|---|---|---|---|---|028|---|---|---|---|---|---|---|---|---|---|---|---|---|---|---|---|---|---|---|---|---|---|---|---|---|---|---|---|010|010|024|---|---|---|---|002|---|---|037|---|---|---|---|---|---|---|---|017|015|---|---|---|---|---|---|---|030|008|---|003|---|---|---|---|009|---|---|---|---|---|---|---|---|---|---|---|---|---|021|---|---|---|---|---|---|---|---|---|---|---|---|---|001|---|---|---|---|---|---|---|---|---|029|---|---|014|---|---|002|---|---|---|---|020|---|---|---|---|012|---|---|---|034|---|---|---|---|---|---|---|---|026|---|---|016|016|016|---|---|---|022|004|---|---|033|---|---|---|---|---|---|---|---|---|---|---|---|---|---|---|---|---|---|---|---|---|---|---|---|---|---|---|---|---|---|---|---|---|---|019|---|---|008|---|---|---|032|---|---|---|---|---|---|---|---|---|---|---|---|---|---|---|---|---|005|---|---|015|---|031|---|---|---|---|---|---|005|---|---|---|---|---|---|---|---|---|---|---|---|---|---|---|---|---|---|---|---|---|---|---|---|---|000|---|---|---|---|---|---|027|027|027|---|---|---|---|---|---|---|---|018|---|---|013|---|---|---|---|---|---|---|---|---|---|---|---|---|---|---|---|---|---|---|---|009|007|007|---|---|---|---|006|---|---|---|---|---|---|---|---|006|---|---|---|---|---|---|---|---|---|---|---|---|---|
0264: ---|036|036|---|---|---|---|004|---|---|---|---|---|013|---|---|---|---|---|---|---|002|---|---|---|004|---|---|017|---|016|016|016|019|---|---|---|---|---|---|014|---|005|---|---|---|---|---|---|---|---|---|---|---|---|---|---|---|---|---|---|---|---|---|---|---|---|---|---|---|---|---|009|---|---|---|---|---|---|---|---|029|008|---|---|---|---|---|---|---|---|---|012|---|024|---|---|---|---|---|---|---|---|026|---|---|---|---|---|---|018|025|---|---|---|---|015|---|---|---|001|---|---|---|---|---|---|---|---|---|---|---|---|---|---|---|---|---|---|---|---|---|---|---|---|---|---|---|---|---|---|---|---|---|003|---|---|020|---|---|---|---|---|---|---|---|---|---|---|030|---|---|---|---|---|---|---|---|033|---|---|---|---|---|---|---|---|---|---|---|032|---|---|---|---|---|---|---|---|---|---|---|---|---|---|---|---|---|---|---|---|---|---|---|---|---|009|---|---|---|---|---|---|---|---|---|---|---|---|---|---|---|022|---|---|---|---|011|---|---|---|---|---|---|---|---|007|007|---|---|---|---|008|---|---|---|---|---|---|---|---|035|---|---|---|---|---|---|---|---|---|---|---|---|---|---|---|006|---|---|---|---|---|---|---|---|---|---|---|---|010|010|---|---|---|---|005|---|031|---|---|023|---|---|037|---|---|---|010|010|002|---|028|---|---|034|---|---|027|027|027|---|---|---|---|---|---|000|---|---|---|---|---|---|---|---|---|---|---|---|---|---|---|---|---|---|---|---|021|---|---|---|---|---|---|---|---|---|006|---|
0254: ---|---|---|---|---|---|---|000|014|---|---|---|003|007|007|---|---|---|---|---|018|---|---|---|---|002|023|---|---|---|---|---|017|020|---|---|---|004|---|---|---|---|---|---|---|---|---|---|---|---|---|---|---|---|---|---|---|---|---|---|---|---|---|---|---|---|---|---|---|---|---|---|---|---|015|029|---|---|016|016|016|---|---|---|---|---|---|---|---|---|025|---|008|---|---|---|---|---|---|---|---|---|---|---|---|---|---|---|---|028|005|---|---|---|---|---|030|---|---|---|---|---|---|---|---|---|---|---|---|---|---|---|---|---|---|---|---|---|---|---|---|---|---|---|000|019|010|010|---|---|---|---|013|---|---|---|---|---|022|012|---|---|---|005|---|024|---|---|004|037|009|---|---|---|---|---|---|---|---|---|---|---|---|---|---|---|---|---|---|---|---|---|---|---|---|---|---|---|---|---|---|---|---|---|---|021|---|---|---|---|---|---|---|---|---|---|002|---|---|032|---|---|---|033|---|031|---|---|---|---|---|---|---|---|---|---|---|---|---|---|---|---|---|---|015|---|---|---|---|---|---|---|009|---|---|---|---|---|---|---|---|---|---|---|---|---|---|---|---|---|---|---|---|---|---|---|---|---|---|---|---|---|---|006|---|---|---|---|026|---|010|010|034|---|---|---|---|---|---|---|035|---|---|---|---|---|---|---|008|---|---|---|027|027|027|---|---|---|---|---|---|011|---|---|---|---|---|---|---|---|---|036|036|---|---|---|---|---|---|---|---|---|---|---|---|001|---|---|---|---|---|006|---|---|---|---|---|---|---|---|
0216: ---|---|---|---|---|---|---|---|---|011|---|---|016|016|016|000|009|---|---|---|---|---|---|---|---|---|---|030|---|---|---|034|---|---|025|---|---|---|---|---|---|---|009|---|---|---|005|---|---|---|---|---|---|---|---|---|---|---|---|---|---|---|---|---|---|---|---|---|---|---|---|---|036|036|---|015|008|---|---|---|---|---|022|---|---|---|---|---|---|---|010|010|---|---|---|---|---|008|---|---|020|---|---|---|---|---|---|---|---|035|---|---|---|---|---|---|---|---|---|---|---|---|---|---|---|---|---|---|---|---|---|---|---|---|---|---|---|---|---|---|---|---|---|---|032|---|---|---|---|---|---|010|010|---|000|---|---|---|---|---|---|---|---|---|---|---|---|---|---|023|---|026|---|---|---|---|---|---|---|---|007|007|---|---|---|---|037|028|---|---|---|---|---|---|---|---|---|---|---|---|006|---|---|---|---|---|---|---|---|---|---|---|006|---|---|---|002|---|---|---|033|---|---|---|---|---|029|---|019|---|---|---|---|---|---|---|---|---|---|---|---|---|---|---|---|---|---|---|---|---|---|---|---|012|---|---|---|---|---|004|---|---|---|---|---|001|---|---|---|---|---|---|---|---|---|---|---|---|---|---|---|---|---|---|---|---|---|---|024|---|018|---|---|---|---|---|---|---|015|---|003|---|004|---|---|---|---|014|---|---|017|---|027|027|027|---|---|---|---|---|005|---|031|---|---|---|---|---|---|---|---|---|013|---|---|---|---|---|---|---|---|---|---|---|---|---|---|---|---|---|---|021|---|---|---|---|---|---|---|---|
0210: ---|---|---|---|032|---|---|---|022|---|037|---|020|---|019|---|---|---|---|---|---|000|034|---|---|---|---|018|---|---|---|---|024|029|---|---|---|010|010|---|---|---|---|---|---|---|---|---|---|---|---|---|---|---|---|---|---|---|---|---|---|---|---|---|---|---|---|---|---|---|---|---|---|033|---|---|---|---|---|---|---|---|009|---|---|036|036|---|---|---|013|008|---|---|017|---|030|---|002|---|---|---|---|---|007|007|---|---|---|---|---|---|028|---|---|027|027|027|---|---|---|001|---|---|021|---|---|---|---|---|---|---|---|---|---|---|---|---|---|---|---|006|---|---|---|---|---|---|012|---|---|---|009|---|---|---|---|---|---|---|015|---|---|---|---|005|---|---|---|---|---|---|015|---|---|010|010|014|---|---|025|016|016|016|---|---|---|---|---|031|---|---|---|---|---|---|---|---|---|---|---|---|---|---|---|---|---|---|---|---|---|---|---|---|---|---|---|---|---|---|---|---|---|---|---|---|---|---|---|---|---|---|002|---|---|---|---|---|---|---|---|---|---|---|---|---|---|---|---|004|---|---|---|026|---|---|---|---|---|---|---|---|---|---|---|---|---|---|---|---|---|---|---|---|---|---|---|---|---|---|---|---|---|---|---|---|---|---|---|---|035|023|---|---|004|---|---|000|---|---|---|---|---|011|---|---|---|---|003|008|---|---|---|---|---|---|---|---|---|---|---|---|---|---|---|---|---|---|---|---|---|---|---|---|---|---|---|---|---|---|---|---|---|---|---|---|---|---|006|---|---|---|---|---|---|---|---|---|---|---|
0208: ---|---|---|012|---|---|---|005|034|---|---|---|---|016|016|016|008|---|---|---|---|---|---|---|030|010|010|---|---|---|---|---|004|---|004|---|---|---|---|---|---|---|---|008|---|---|028|---|---|---|---|---|---|---|---|---|---|---|---|---|---|---|---|---|---|---|---|---|---|---|---|---|---|007|007|022|---|---|---|027|027|027|---|---|---|003|---|---|---|---|---|---|---|---|---|---|014|---|---|---|---|---|000|---|---|---|---|---|---|---|---|---|---|---|---|---|---|---|023|---|---|---|---|006|---|---|---|---|---|---|---|---|001|---|---|---|---|---|---|---|---|---|---|---|017|010|010|---|---|---|002|---|---|---|---|---|---|---|---|---|029|---|---|---|---|---|002|---|---|---|---|---|---|---|---|---|---|---|---|---|---|031|---|---|---|---|---|---|---|---|---|---|---|---|---|---|---|---|---|---|---|---|---|---|---|---|---|---|---|---|---|---|---|---|---|---|026|015|---|---|---|---|---|---|---|---|---|---|---|---|---|---|009|---|---|---|---|019|---|---|011|---|---|---|020|---|009|033|---|---|---|---|---|---|---|---|---|---|---|---|---|---|013|---|---|---|---|---|---|---|---|---|---|---|---|---|---|---|---|---|---|---|---|---|---|006|---|---|025|024|---|---|---|---|000|---|---|---|---|---|---|036|036|---|---|---|---|---|---|---|035|---|---|---|---|037|---|---|---|015|---|---|---|---|032|---|---|---|---|---|---|---|005|---|---|---|---|---|---|---|021|---|---|---|---|---|---|---|---|---|---|---|---|---|---|---|---|---|---|---|
0208: 026|---|---|---|013|---|---|---|---|---|---|---|---|---|---|000|---|---|017|---|---|---|---|---|014|---|---|---|---|---|035|---|---|---|015|---|---|---|---|---|---|---|---|---|---|---|---|---|---|---|---|---|---|---|---|---|---|---|---|---|---|---|---|---|---|---|---|---|---|---|---|---|---|---|---|---|009|---|---|---|---|033|---|---|---|010|010|---|---|---|---|007|007|---|---|---|018|---|---|---|---|---|---|---|---|---|---|---|022|027|027|027|---|---|---|016|016|016|---|---|---|---|021|---|---|---|---|---|---|---|---|---|---|---|---|---|---|---|---|006|---|---|---|---|---|---|008|---|---|---|---|---|---|---|---|---|---|---|---|---|---|---|---|---|---|---|---|---|000|---|031|---|---|---|004|---|002|---|032|---|028|012|---|---|---|---|025|---|---|---|---|---|---|---|---|---|---|---|---|---|---|---|---|---|---|---|---|---|---|---|---|---|---|---|---|---|---|---|---|---|---|---|---|003|---|---|---|---|---|---|---|---|---|---|---|---|---|---|---|---|029|---|---|023|---|---|---|---|---|009|---|---|---|---|---|034|024|---|---|030|---|---|---|---|---|---|---|---|006|---|---|---|---|---|---|---|---|---|---|---|---|---|---|---|---|---|---|---|---|020|---|011|---|---|---|---|002|---|---|---|---|037|019|---|---|---|---|---|---|---|004|---|---|---|015|008|---|---|---|010|010|---|---|---|---|---|036|036|---|---|005|---|---|005|---|---|---|---|---|001|---|---|---|---|---|---|---|---|---|---|---|---|---|---|---|---|---|---|---|---|
0200: 005|028|009|---|---|---|032|---|---|004|---|---|007|007|---|---|---|---|---|---|---|026|019|---|---|---|---|---|---|---|---|---|012|---|---|---|---|---|016|016|016|---|017|---|---|---|---|---|---|---|---|---|---|---|---|---|---|---|---|---|---|---|---|---|---|---|---|---|---|---|---|---|035|---|005|---|---|---|---|---|---|---|---|---|014|---|---|008|030|---|---|---|---|---|018|---|---|---|---|---|---|---|---|---|010|010|---|---|---|034|---|---|---|---|---|---|---|003|---|---|---|---|---|---|---|---|---|---|---|---|---|---|021|---|---|---|---|---|---|---|---|---|---|---|---|025|000|---|---|---|---|---|---|---|---|---|033|008|---|---|---|---|---|027|027|027|---|---|---|---|---|---|---|---|---|---|---|---|031|---|---|---|---|---|---|---|---|---|---|---|---|---|---|---|---|---|---|---|---|---|---|---|---|---|---|---|---|---|---|---|---|001|---|---|006|---|---|---|---|---|---|---|---|015|---|002|029|---|---|---|---|---|---|---|---|---|---|---|---|---|---|---|---|---|024|---|004|---|---|000|---|---|---|---|---|---|---|---|---|---|---|---|020|---|---|---|---|---|---|---|---|---|---|---|---|---|---|---|---|---|---|---|---|---|---|---|---|---|---|010|010|---|---|---|036|036|---|---|---|---|---|---|---|---|---|---|015|---|---|023|---|---|037|013|---|011|---|---|---|009|---|---|---|---|---|002|---|---|---|---|---|---|---|022|---|---|---|---|006|---|---|---|---|---|---|---|---|---|---|---|---|---|---|---|---|---|---|---|---|---|
0198: 003|027|027|027|---|---|---|---|---|005|025|---|---|---|---|---|---|---|---|---|---|---|---|---|---|---|---|---|037|---|002|---|---|---|009|---|---|000|011|---|---|---|---|---|013|---|---|---|---|---|---|---|---|---|---|---|---|---|---|---|---|---|---|---|---|---|---|---|---|---|---|---|---|---|026|---|---|---|---|008|---|---|---|---|---|004|---|---|---|---|---|---|005|---|014|---|---|---|---|---|---|---|---|---|---|---|031|---|---|---|---|---|---|---|008|---|012|---|---|---|---|---|---|---|---|---|---|---|---|---|---|---|001|---|---|---|---|---|---|---|---|---|---|---|020|---|---|010|010|---|---|015|---|---|---|---|034|---|---|---|---|---|---|036|036|---|---|---|010|010|---|---|---|---|---|---|---|---|017|---|009|---|028|---|---|---|---|---|---|---|029|---|---|---|021|---|---|---|---|---|---|---|---|---|---|---|---|---|---|---|---|---|---|---|---|---|023|---|---|---|---|---|---|---|---|---|---|---|---|---|---|---|---|---|---|032|---|015|---|---|---|---|---|---|033|---|---|---|---|---|---|---|004|---|---|002|022|---|---|---|---|---|---|---|---|---|---|006|---|---|---|---|---|---|---|---|006|---|---|---|---|---|---|---|---|---|---|---|---|---|---|---|---|---|---|---|---|---|---|---|---|030|---|---|---|---|---|---|---|---|---|---|000|016|016|016|---|---|---|---|019|018|---|---|---|---|---|---|---|---|---|007|007|035|---|---|---|---|---|---|---|---|---|---|---|---|---|---|---|---|---|---|---|---|---|---|---|---|---|---|
0194: 033|---|---|---|005|---|---|---|---|---|---|---|---|028|026|---|---|---|---|024|---|---|---|---|007|007|017|011|---|---|---|---|029|010|010|---|---|---|002|---|---|---|---|---|---|003|---|---|---|---|---|---|---|---|---|---|---|---|---|---|---|---|---|---|---|---|---|---|---|---|---|---|---|---|---|---|004|---|---|---|---|---|---|---|---|---|---|---|---|---|031|---|---|010|010|---|---|035|---|---|---|---|---|---|---|---|---|---|022|---|008|005|---|---|---|---|---|---|---|---|---|---|---|---|---|---|001|---|---|---|---|---|---|---|---|---|---|---|---|---|---|006|---|---|---|---|---|---|---|---|---|018|---|---|---|---|---|---|008|036|036|---|---|015|---|019|---|---|016|016|016|---|---|---|---|---|---|---|---|---|---|---|009|---|---|---|---|---|---|---|004|---|---|---|---|---|---|---|---|---|---|---|---|---|---|---|---|---|---|---|---|---|---|---|---|---|---|---|---|---|---|---|014|---|---|012|---|---|000|---|---|---|---|---|---|---|---|009|000|---|---|---|---|---|025|---|023|020|---|013|---|---|---|---|---|---|---|---|002|---|---|---|---|---|---|---|---|---|---|---|---|---|---|---|---|---|---|---|---|---|---|---|---|---|---|---|006|---|037|---|---|---|---|---|027|027|027|---|034|---|---|---|---|---|---|---|---|---|---|---|---|---|---|---|---|---|---|---|015|---|030|---|---|---|---|---|032|---|---|---|---|---|---|---|---|---|---|---|---|---|---|---|---|---|---|---|---|---|021|---|---|---|---|---|---|---|---|---|---|---|
0188: ---|---|---|002|---|---|---|---|---|---|---|---|---|---|---|005|---|---|027|027|027|---|022|---|---|008|004|---|---|---|---|---|---|---|---|---|---|---|---|024|---|---|---|---|031|---|---|---|---|---|006|---|---|---|---|---|---|---|---|---|---|---|---|---|---|---|---|---|---|---|---|---|033|---|020|---|---|---|---|---|---|036|036|---|---|---|---|---|---|---|---|000|---|---|---|---|---|---|---|---|---|---|---|---|---|---|002|---|025|017|---|---|---|---|---|012|010|010|---|---|---|---|---|---|---|---|---|---|---|---|---|---|---|---|---|---|---|---|---|---|---|---|006|---|---|---|---|---|---|---|---|---|---|---|---|---|---|008|---|---|---|---|---|004|---|---|014|---|---|---|---|---|---|---|---|000|035|---|---|---|---|009|---|---|---|---|034|---|---|---|---|---|---|---|---|---|---|---|---|---|---|---|---|---|---|---|---|---|---|---|---|---|---|---|---|---|---|---|---|011|---|---|---|---|---|---|---|---|---|---|---|---|---|---|---|---|---|---|---|---|---|---|---|018|---|---|---|---|---|---|037|---|---|---|---|030|---|---|---|---|---|---|---|---|---|---|---|---|---|---|---|---|---|---|---|---|---|---|---|001|---|---|---|---|---|---|---|---|026|---|---|---|---|---|---|009|---|007|007|---|---|029|---|032|---|---|016|016|016|023|---|---|019|013|028|---|---|---|---|005|---|015|---|---|010|010|---|---|015|---|---|---|---|---|---|---|---|---|---|---|---|---|---|---|---|---|---|---|021|---|---|---|---|---|---|---|---|---|---|---|
0186: ---|---|---|---|---|---|002|---|---|---|018|---|---|---|---|---|---|---|---|---|010|010|---|---|---|---|---|014|---|---|002|---|---|005|---|---|---|---|---|---|---|---|---|---|---|---|---|---|---|---|---|---|---|---|---|---|---|---|---|---|---|---|---|---|---|---|---|---|---|---|---|---|011|000|020|---|---|---|---|---|---|---|---|---|---|---|---|---|029|---|016|016|016|---|000|---|---|---|---|004|004|---|035|025|---|---|---|---|---|---|034|---|---|---|027|027|027|032|---|---|---|---|---|---|---|---|---|---|---|---|---|---|---|---|---|---|---|---|---|021|---|---|---|---|---|---|---|---|017|---|---|---|---|---|---|---|---|---|033|---|---|---|022|023|---|---|---|---|---|---|---|---|012|---|---|---|010|010|---|---|---|---|---|---|---|---|---|007|007|---|---|---|---|---|---|---|---|---|---|---|---|---|---|---|---|---|---|---|001|---|---|---|---|---|---|---|028|---|---|---|---|---|---|---|---|---|---|---|019|---|---|---|---|---|---|---|---|---|015|---|---|---|---|---|---|---|---|---|---|037|009|---|024|005|---|---|---|---|036|036|---|---|---|---|---|---|---|---|---|---|---|---|---|006|---|---|006|---|---|---|---|---|---|---|---|---|---|---|---|---|---|---|---|---|---|---|---|---|---|---|003|---|---|---|008|---|031|---|---|---|009|---|---|---|---|---|---|---|---|---|030|---|---|---|---|013|---|008|026|---|---|---|---|---|015|---|---|---|---|---|---|---|---|---|---|---|---|---|---|---|---|---|---|---|---|---|---|---|---|---|
0184: ---|007|007|---|033|---|---|---|---|---|---|---|016|016|016|---|---|---|---|---|---|011|---|---|020|---|---|025|---|---|---|---|---|037|---|---|---|---|---|---|---|---|---|---|---|034|---|---|---|---|---|---|---|---|---|---|---|---|---|---|---|---|---|---|---|---|---|---|---|---|---|---|023|000|---|---|---|---|---|---|000|---|---|---|010|010|012|---|---|---|017|---|003|---|---|---|018|---|---|---|013|---|010|010|---|---|---|---|---|---|---|---|---|---|---|---|---|---|---|---|---|---|---|---|---|---|---|---|---|---|---|---|---|---|---|---|---|---|---|---|---|---|---|---|---|---|---|019|002|---|029|---|---|---|---|---|004|---|---|---|---|---|---|009|036|036|---|---|---|027|027|027|005|---|005|---|---|---|008|---|---|---|---|---|014|---|---|---|---|---|---|---|---|---|021|---|---|---|---|001|---|---|---|---|---|---|---|---|---|---|---|---|---|---|---|---|---|---|---|---|---|---|---|024|---|---|028|---|---|---|---|009|---|---|---|008|---|---|032|---|---|---|---|---|---|---|---|---|---|---|---|---|---|---|---|---|---|---|022|---|---|030|---|---|---|---|---|---|---|---|---|006|---|---|---|---|---|---|---|---|---|---|---|---|---|---|---|---|---|---|035|---|---|---|---|---|---|---|002|---|---|---|---|031|---|---|---|---|---|015|---|---|---|026|---|---|---|---|---|---|---|---|---|---|---|004|---|---|---|---|---|---|---|---|015|---|---|---|---|---|006|---|---|---|---|---|---|---|---|---|---|---|---|---|---|---|---|---|---|---|
0182: ---|---|031|---|008|---|027|027|027|---|---|---|---|009|---|---|015|---|---|010|010|---|---|---|---|---|036|036|---|---|035|---|---|---|---|---|---|---|---|---|---|---|004|---|---|---|---|---|---|---|---|---|---|---|---|---|---|---|---|---|---|---|---|---|---|---|---|---|---|---|---|---|---|022|033|034|---|---|---|018|---|---|---|---|---|---|---|---|---|---|---|020|---|---|030|---|---|023|---|---|---|---|---|---|---|---|---|---|---|028|012|---|---|---|026|---|---|---|---|---|---|---|---|---|---|---|---|---|---|---|---|---|---|---|---|---|001|---|021|---|---|---|---|---|---|---|003|---|009|---|013|---|---|---|---|---|---|---|---|---|025|---|---|---|---|---|---|---|---|---|---|---|---|---|---|019|017|---|---|---|---|---|---|---|---|---|011|---|---|029|---|---|---|---|---|---|---|---|---|006|---|---|---|---|---|---|---|006|---|---|---|---|---|---|---|---|---|---|---|037|008|---|---|---|---|005|---|---|---|---|---|---|---|---|---|---|---|002|---|---|---|---|---|---|---|---|---|---|---|---|---|---|---|000|007|007|---|---|---|---|---|004|014|---|---|---|---|---|---|---|---|---|---|---|---|---|---|---|---|---|---|---|---|---|---|---|---|---|---|---|---|---|---|---|032|002|016|016|016|---|---|---|---|---|015|---|---|---|000|---|---|---|005|---|---|---|---|---|024|---|010|010|---|---|---|---|---|---|---|---|---|---|---|---|---|---|---|---|---|---|---|---|---|---|---|---|---|---|---|---|---|---|---|---|---|---|---|---|---|---|
0172: ---|---|009|019|---|---|027|027|027|---|---|---|034|---|---|---|---|---|---|---|---|---|---|---|033|026|016|016|016|---|---|004|---|---|009|---|---|015|---|---|---|---|000|036|036|---|023|---|---|---|---|---|---|---|---|---|---|---|---|---|---|---|---|---|---|---|---|---|---|---|---|---|---|007|007|---|---|---|---|---|008|---|---|---|---|---|---|---|---|---|010|010|---|018|---|---|---|---|---|013|---|---|---|---|---|---|---|---|---|---|---|002|---|---|---|---|---|---|---|---|---|---|---|---|---|---|---|---|---|---|---|---|021|---|---|---|---|---|---|---|006|---|---|---|---|029|---|---|014|---|---|---|---|000|---|---|---|028|---|---|---|---|---|005|003|037|---|---|---|---|---|---|---|---|---|---|012|017|---|---|---|008|---|---|---|---|---|---|---|---|---|---|---|---|---|---|---|---|---|---|---|---|---|---|---|---|---|---|---|---|---|---|---|---|---|---|031|---|---|025|---|---|---|---|---|011|---|---|---|---|---|---|015|---|---|---|---|---|035|---|---|---|---|024|---|---|---|---|---|010|010|---|---|---|---|---|020|---|---|---|---|---|---|---|---|---|---|---|---|---|---|---|---|---|---|---|---|---|---|---|---|---|---|---|---|---|---|---|---|---|022|---|---|---|---|---|---|---|---|---|---|---|002|---|---|---|---|---|---|030|---|---|---|032|004|---|---|---|---|---|---|---|---|---|---|---|---|005|---|---|---|---|---|---|---|---|---|---|---|---|---|---|---|001|---|---|---|---|006|---|---|---|---|---|---|---|---|---|---|---|
0170: 033|---|---|---|---|---|---|---|---|008|---|---|---|---|---|---|---|---|---|---|---|---|014|---|005|---|035|---|025|---|031|---|---|---|---|---|---|015|000|---|---|---|000|---|010|010|002|---|---|---|---|---|---|---|---|---|---|---|---|---|---|---|---|---|---|---|---|---|---|---|---|---|---|---|---|008|034|---|---|---|---|---|013|---|015|009|036|036|---|---|---|---|020|---|028|---|---|---|023|---|---|---|---|---|---|005|---|---|---|---|---|---|---|---|004|---|018|---|---|---|---|---|---|---|---|---|---|---|---|---|---|---|---|---|---|---|---|---|---|---|---|---|---|---|---|024|---|---|---|---|---|---|---|---|---|---|---|---|---|---|---|---|010|010|---|---|---|---|---|---|---|---|---|---|---|---|---|---|---|---|---|---|---|---|---|---|---|029|---|---|---|---|---|---|---|---|---|---|---|---|---|---|---|---|---|---|---|---|---|---|---|---|---|006|---|---|037|---|---|---|---|---|---|002|---|---|---|---|---|017|---|022|---|---|026|---|---|---|---|---|---|---|---|---|---|---|---|---|---|---|012|---|---|---|---|---|---|---|---|---|---|030|003|---|---|---|---|---|001|---|---|---|---|---|---|---|---|---|---|---|---|---|---|---|---|---|---|---|---|---|019|---|032|---|007|007|---|---|---|---|---|---|---|004|---|---|016|016|016|---|---|---|011|---|---|---|---|---|---|---|---|---|009|---|---|---|---|---|---|---|---|---|027|027|027|---|---|---|---|---|---|---|---|---|---|---|---|---|021|---|---|---|006|---|---|---|---|---|---|---|
0156: 010|010|---|---|---|---|---|008|---|031|---|---|---|---|---|---|000|---|---|---|---|---|013|---|---|029|009|002|---|---|000|018|---|---|---|---|---|---|---|---|---|---|---|---|---|005|---|---|---|---|---|---|---|---|---|---|---|---|---|---|---|---|---|---|---|---|---|---|---|---|---|---|028|---|017|---|---|---|---|---|---|---|---|---|---|---|---|---|---|---|015|---|---|---|---|---|---|---|---|---|034|---|010|010|019|020|---|---|---|---|---|---|---|---|---|---|---|---|---|---|---|---|---|---|---|---|---|---|---|---|---|---|---|---|---|---|---|---|---|---|---|006|---|---|---|---|---|---|---|---|---|003|---|024|---|---|---|015|005|---|---|---|---|004|---|035|---|---|---|---|027|027|027|---|---|---|---|---|---|---|---|---|---|---|---|---|---|---|---|023|---|---|---|---|---|---|---|---|---|---|---|---|---|---|---|---|---|---|---|---|---|---|---|---|---|---|---|---|---|---|---|---|---|---|---|033|---|---|---|---|---|---|---|---|---|---|---|---|---|---|---|---|---|026|---|---|---|---|---|025|---|---|---|---|---|---|---|---|014|---|---|030|---|---|---|---|---|---|---|---|---|---|---|---|---|---|---|---|---|021|---|---|---|006|---|---|---|---|016|016|016|---|037|---|002|---|036|036|---|---|---|---|007|007|022|---|---|---|---|009|---|---|---|004|---|032|---|---|---|---|---|---|---|---|---|008|---|---|---|---|011|---|---|---|---|---|---|---|---|---|---|---|---|---|---|---|---|---|---|---|---|---|---|---|---|---|---|001|---|---|
0136: ---|---|---|---|---|---|---|---|---|033|---|---|---|---|---|---|---|---|---|---|---|---|---|---|036|036|---|---|015|---|---|---|010|010|019|---|---|017|---|---|005|---|---|---|---|---|---|---|---|---|---|---|---|---|---|---|---|---|---|---|---|---|---|---|---|---|---|---|---|---|---|---|011|---|---|---|---|---|---|---|---|005|008|---|---|016|016|016|---|---|---|---|010|010|---|---|---|---|---|026|---|---|---|002|018|---|---|---|---|---|---|---|---|---|---|002|---|008|---|---|---|---|---|---|---|---|---|---|---|---|---|---|---|---|---|---|---|---|---|---|---|---|006|---|---|---|---|---|---|---|015|---|---|---|---|---|---|---|---|---|---|---|020|---|---|031|---|---|---|---|025|---|---|---|---|---|---|003|---|---|027|027|027|---|---|---|---|024|---|---|037|---|---|---|---|---|---|---|---|---|---|---|---|---|---|---|---|006|---|---|---|---|---|---|---|---|007|007|---|---|---|---|013|---|---|009|---|---|---|---|---|---|022|---|---|---|---|---|---|---|---|---|---|---|---|---|000|---|---|---|---|---|---|---|---|---|---|---|---|034|---|---|---|---|---|---|---|---|---|---|---|---|---|---|---|---|---|---|---|---|021|---|---|---|---|---|---|---|---|---|---|032|---|---|---|---|---|---|---|---|---|028|---|---|035|---|---|014|---|012|---|---|---|000|---|030|004|---|---|---|009|---|---|---|---|---|---|---|023|---|004|---|---|029|---|---|---|---|---|---|---|---|---|---|---|---|---|---|---|---|---|---|---|---|---|---|---|---|001|---|
0118: ---|015|---|---|---|---|---|---|---|---|---|---|---|026|015|---|---|---|005|---|---|---|---|---|---|002|---|---|---|---|---|---|---|---|---|---|---|032|---|---|000|---|---|033|---|009|---|---|---|---|---|---|---|---|---|---|---|---|---|---|---|---|---|---|---|---|---|---|---|---|---|---|024|---|011|---|020|---|010|010|---|---|014|---|---|---|029|010|010|---|---|---|---|---|005|---|---|---|---|---|---|---|---|---|034|---|---|---|---|---|030|---|---|---|---|---|---|031|---|---|---|---|---|---|---|---|---|---|006|---|---|---|---|---|---|---|---|---|---|---|---|---|---|---|016|016|016|---|---|---|---|---|---|---|---|---|---|---|---|---|---|---|---|036|036|013|---|---|---|---|---|---|---|---|---|019|---|---|002|---|009|---|---|---|---|---|---|---|018|---|017|---|---|---|---|---|---|---|---|---|---|---|---|---|---|---|---|---|021|---|---|---|---|---|001|---|---|---|---|---|---|---|---|---|---|---|037|---|---|---|---|---|---|---|---|---|---|---|---|---|---|---|---|028|000|---|---|---|---|004|---|---|---|---|---|035|---|---|---|---|---|023|---|---|---|---|---|---|---|---|---|---|---|---|---|---|---|---|---|---|---|---|---|---|---|---|---|---|---|---|---|---|---|---|---|---|---|008|012|---|---|---|003|025|---|---|---|---|---|---|---|---|---|---|---|---|---|---|---|---|004|008|---|---|---|---|022|---|---|---|027|027|027|---|---|---|---|---|---|---|006|---|---|---|---|---|---|---|---|---|---|---|---|---|---|---|---|---|---|---|
0116: ---|---|---|---|011|---|---|---|---|---|---|---|033|---|---|---|---|---|---|---|---|035|---|---|---|---|---|023|---|---|---|---|---|014|---|---|---|---|---|---|013|---|---|---|007|007|---|---|---|---|---|---|---|---|---|---|006|---|---|---|---|---|---|---|---|---|---|---|---|---|---|---|---|---|---|---|---|---|---|---|---|---|---|---|026|---|---|---|---|---|---|---|---|---|---|---|008|---|037|---|---|---|---|---|---|036|036|---|---|---|027|027|027|---|022|---|---|---|---|---|---|---|---|---|---|---|---|---|---|---|---|---|---|---|001|---|---|---|---|---|---|---|---|---|020|004|008|---|---|---|---|---|---|---|---|---|---|---|---|---|---|---|---|---|---|002|029|---|---|032|---|015|---|---|---|---|---|000|015|---|034|---|---|---|005|---|---|---|---|009|---|---|---|---|---|---|---|---|---|---|---|---|---|---|---|---|---|---|---|---|---|---|---|---|---|---|---|---|---|---|---|---|---|017|---|000|---|---|019|---|---|004|---|---|---|---|---|---|---|---|---|---|---|---|---|---|---|024|---|---|---|---|---|---|---|---|018|---|030|---|---|---|---|---|---|---|---|---|---|---|---|---|---|---|---|---|---|---|---|---|---|---|---|---|---|---|---|---|---|---|---|---|009|---|---|016|016|016|---|---|010|010|---|---|---|---|---|---|---|028|002|---|---|---|---|---|---|---|---|010|010|031|---|---|---|---|---|003|012|---|005|---|---|---|025|---|---|---|---|021|---|---|---|---|---|---|---|---|006|---|---|---|---|---|---|---|---|---|---|---|
5000 Generations finished after 12984ms
0976: 010|010|008|---|---|---|009|036|036|---|---|---|003|016|016|016|---|---|015|002|000|---|---|---|029|002|023|---|032|---|027|027|027|---|---|---|016|016|016|---|---|---|005|027|027|---|---|---|---|006|---|---|---|---|---|---|---|---|---|---|006|---|---|---|---|---|006|---|---|---|---|---|015|010|016|016|016|---|030|002|000|---|---|---|020|010|010|---|---|---|025|005|007|007|002|---|016|016|---|036|---|---|---|015|036|---|---|---|012|028|010|010|---|---|005|018|002|---|---|---|---|001|---|---|---|---|---|---|---|---|---|---|---|---|---|---|---|---|006|---|---|---|---|---|000|019|010|010|---|---|008|027|027|---|---|---|000|008|009|---|005|---|034|005|010|010|---|---|004|002|009|---|---|---|037|010|010|010|010|---|002|027|027|---|---|---|008|007|007|---|---|---|006|---|---|---|---|---|021|---|---|---|---|---|---|---|---|---|---|---|---|---|---|---|---|---|002|014|010|010|---|---|005|033|---|---|---|---|004|005|---|---|---|---|031|009|007|007|---|---|005|017|---|---|015|---|008|008|---|---|---|---|009|005|---|---|---|---|008|009|036|036|---|---|---|006|---|---|---|---|---|---|---|---|---|---|---|---|---|---|---|---|---|006|---|---|---|---|026|015|010|010|---|---|007|007|004|008|009|---|035|007|007|---|---|---|024|009|008|---|---|---|011|027|027|---|---|---|016|016|016|---|---|---|010|010|005|---|004|---|002|---|036|008|---|---|006|---|---|---|---|---|---|---|---|---|---|---|---|006|---|006|---|---|---|---|---|---|---|---|
0972: 010|010|008|---|---|---|009|036|036|---|---|---|003|016|016|016|---|---|015|002|000|002|---|---|029|002|032|---|---|---|027|027|027|---|---|---|016|016|016|---|---|---|005|027|027|---|---|---|---|006|---|---|---|---|---|---|---|---|---|---|006|---|---|---|---|---|006|---|---|---|---|---|---|010|016|016|016|---|030|002|000|---|---|---|020|010|010|---|---|---|025|005|007|007|002|---|016|016|023|036|---|---|---|015|036|---|---|---|012|028|010|010|---|---|005|018|002|---|---|---|---|---|---|---|---|---|---|001|---|---|---|---|---|---|---|---|---|---|006|---|---|---|---|---|000|019|010|010|---|---|008|027|027|---|---|---|000|008|009|---|005|---|034|005|010|010|---|---|004|002|009|---|---|---|037|010|010|010|010|---|002|027|027|---|---|---|008|007|007|---|---|---|006|---|---|---|---|---|021|---|---|---|---|---|---|---|---|---|---|---|---|---|---|---|---|---|002|014|010|010|---|---|005|033|---|---|---|---|004|005|---|---|---|---|031|009|007|007|---|---|005|017|---|---|015|---|008|008|---|---|---|---|009|005|---|---|---|---|008|009|036|036|---|---|---|006|---|---|---|---|---|---|---|---|---|---|---|---|---|---|---|---|---|006|---|---|---|---|026|015|010|010|---|---|007|007|004|008|009|---|035|007|007|---|---|---|024|009|008|---|---|---|011|027|027|---|---|---|016|016|016|---|---|---|010|010|005|---|004|---|002|---|036|008|---|---|006|---|---|---|---|---|---|---|---|---|---|---|---|006|---|006|---|---|---|---|---|---|---|---|
0972: 010|010|008|---|---|---|009|036|036|---|---|---|003|016|016|016|---|---|015|002|000|002|---|---|029|002|032|---|---|---|027|027|027|---|---|---|016|016|016|---|---|---|005|027|027|---|---|---|---|006|---|---|---|---|---|---|---|---|---|---|006|---|---|---|---|---|006|---|---|---|---|---|---|010|016|016|016|---|030|002|000|---|---|---|020|010|010|---|---|---|025|005|007|007|002|---|016|016|023|036|---|---|---|015|036|---|---|---|012|028|010|010|---|---|005|018|002|---|---|---|---|001|---|---|---|---|---|---|---|---|---|---|---|---|---|---|---|---|006|---|---|---|---|---|000|019|010|010|---|---|008|027|027|---|---|---|000|008|009|---|005|---|034|005|010|010|---|---|004|002|009|---|---|---|037|010|010|010|010|---|002|027|027|---|---|---|008|007|007|---|---|---|006|---|---|---|---|---|021|---|---|---|---|---|---|---|---|---|---|---|---|---|---|---|---|---|002|014|010|010|---|---|005|033|---|---|---|---|004|005|---|---|---|---|031|009|007|007|---|---|005|017|---|---|015|---|008|008|---|---|---|---|009|005|---|---|---|---|008|009|036|036|---|---|---|006|---|---|---|---|---|---|---|---|---|---|---|---|---|---|---|---|---|006|---|---|---|---|026|015|010|010|---|---|007|007|004|008|009|---|035|007|007|---|---|---|024|009|008|---|---|---|011|027|027|---|---|---|016|016|016|---|---|---|010|010|005|---|004|---|002|---|036|008|---|---|006|---|---|---|---|---|---|---|---|---|---|---|---|006|---|006|---|---|---|---|---|---|---|---|
0972: 010|010|008|---|---|---|009|036|036|---|---|---|003|016|016|016|---|---|015|002|000|002|---|---|029|002|032|---|---|---|027|027|027|---|---|---|016|016|016|---|---|---|005|027|027|---|---|---|---|006|---|---|---|---|---|---|---|---|---|---|006|---|---|---|---|---|006|---|---|---|---|---|---|010|016|016|016|---|030|002|000|---|---|---|020|010|010|---|---|---|025|005|007|007|002|---|016|016|023|036|---|---|---|015|036|---|---|---|012|028|010|010|---|---|005|018|002|---|---|---|---|---|---|---|---|---|---|---|---|---|---|---|---|---|---|---|---|---|006|---|---|---|---|---|000|019|010|010|---|---|008|027|027|---|---|---|000|008|009|---|005|---|034|005|010|010|---|---|004|002|009|---|---|---|037|010|010|010|010|---|002|027|027|---|---|---|008|007|007|---|---|---|006|---|---|---|---|---|021|---|---|---|---|---|---|001|---|---|---|---|---|---|---|---|---|---|002|014|010|010|---|---|005|033|---|---|---|---|004|005|---|---|---|---|031|009|007|007|---|---|005|017|---|---|015|---|008|008|---|---|---|---|009|005|---|---|---|---|008|009|036|036|---|---|---|006|---|---|---|---|---|---|---|---|---|---|---|---|---|---|---|---|---|006|---|---|---|---|026|015|010|010|---|---|007|007|004|008|009|---|035|007|007|---|---|---|024|009|008|---|---|---|011|027|027|---|---|---|016|016|016|---|---|---|010|010|005|---|004|---|002|---|036|008|---|---|006|---|---|---|---|---|---|---|---|---|---|---|---|006|---|006|---|---|---|---|---|---|---|---|
0968: 010|010|---|---|---|---|009|036|036|---|---|---|003|016|016|016|---|---|015|002|000|---|---|---|029|002|023|---|032|---|027|027|027|---|---|---|016|016|016|---|---|---|005|027|027|---|---|---|---|---|---|---|---|---|---|---|---|---|---|---|---|---|---|---|---|---|006|---|---|---|---|---|017|010|016|016|016|---|030|002|000|---|---|---|020|010|010|---|---|---|025|005|007|007|002|---|016|016|---|036|---|---|019|015|036|---|---|---|012|028|010|010|---|---|005|018|002|---|---|---|---|001|---|---|---|---|006|---|---|---|---|---|006|---|---|---|---|---|006|---|---|---|---|---|000|---|010|010|---|---|008|027|027|---|---|---|000|008|009|---|005|---|034|005|010|010|---|---|004|002|009|---|---|---|037|010|010|010|010|---|002|027|027|---|---|---|008|007|007|---|---|---|006|---|---|---|---|---|021|---|---|---|---|---|---|---|---|---|---|---|---|---|---|---|---|---|002|014|010|010|---|---|005|033|---|---|---|---|004|005|---|---|---|---|031|009|007|007|---|---|005|---|---|---|015|---|008|008|---|---|---|---|009|005|---|---|---|---|008|009|036|036|---|---|---|006|---|---|---|---|---|---|---|---|---|---|---|---|---|---|---|---|---|006|---|---|---|---|026|015|010|010|---|---|007|007|004|008|009|---|035|007|007|---|---|---|024|009|008|---|---|---|011|027|027|---|---|---|016|016|016|---|---|---|010|010|005|---|004|---|002|---|036|008|---|---|006|---|---|---|---|---|---|---|---|---|---|---|---|006|---|006|---|---|---|---|---|---|---|---|
0968: 010|010|---|---|---|---|009|036|036|---|---|---|003|016|016|016|---|---|015|002|000|---|---|---|029|002|023|---|---|---|027|027|027|---|---|---|016|016|016|032|---|---|005|027|027|---|---|---|---|006|---|---|---|---|---|---|---|---|---|---|---|---|---|---|---|---|006|---|---|---|---|---|---|010|016|016|016|---|030|002|000|---|---|---|020|010|010|---|---|---|025|005|007|007|002|---|016|016|---|036|---|---|019|015|036|---|---|---|012|028|010|010|---|---|005|018|002|---|---|---|---|001|---|---|---|---|---|---|---|---|---|---|---|---|---|---|---|---|006|---|---|---|---|---|000|008|010|010|---|---|008|027|027|---|---|---|000|008|009|---|005|---|034|005|010|010|---|---|004|002|009|---|---|---|037|010|010|010|010|---|002|027|027|---|---|---|008|007|007|---|---|---|006|---|---|---|---|---|021|---|---|---|---|---|---|---|---|---|---|---|---|---|---|---|---|---|002|014|010|010|---|---|005|033|---|---|---|---|004|005|---|---|---|---|031|009|007|007|---|---|005|017|---|---|015|---|008|008|---|---|---|---|009|005|---|---|015|---|008|009|036|036|---|---|---|006|---|---|---|---|---|---|---|---|---|---|---|---|---|---|---|---|---|006|---|---|---|---|026|015|010|010|---|---|007|007|004|008|009|---|035|007|007|---|---|---|024|009|008|---|---|---|011|027|027|---|---|---|016|016|016|---|---|---|010|010|005|---|004|---|002|008|036|008|---|---|006|---|---|---|---|---|---|---|---|---|---|---|---|006|---|006|---|---|---|---|---|---|---|---|
0968: 010|010|008|---|---|---|009|036|036|---|---|---|003|016|016|016|---|---|015|002|000|002|---|---|029|002|032|---|---|---|027|027|027|---|---|---|016|016|016|---|---|---|005|027|027|---|---|---|---|006|---|---|---|---|---|---|---|---|---|---|006|---|---|---|---|---|006|---|---|---|---|---|---|010|016|016|016|---|030|002|000|---|---|---|020|010|010|---|---|---|025|005|007|007|002|---|016|016|023|036|---|---|---|015|036|---|---|---|012|028|010|010|022|---|005|018|002|---|---|---|---|001|---|---|---|---|---|---|---|---|---|---|---|---|---|---|---|---|006|---|---|---|---|---|000|019|010|010|---|---|008|027|027|---|---|---|000|008|009|---|005|---|034|005|010|010|---|---|004|002|009|---|---|---|037|010|010|010|010|---|002|027|027|---|---|---|008|007|007|---|---|---|006|---|---|---|---|---|021|---|---|---|---|---|---|---|---|---|---|---|---|---|---|---|---|---|002|014|010|010|---|---|005|033|---|---|---|---|004|005|---|---|---|---|031|009|007|007|---|---|005|017|---|---|015|---|008|008|---|---|---|---|009|005|---|---|---|---|008|009|036|036|---|---|---|006|---|---|---|---|---|---|---|---|---|---|---|---|---|---|---|---|---|006|---|---|---|---|026|015|010|010|---|---|007|007|004|008|009|---|035|007|007|---|---|---|024|009|008|---|---|---|011|027|027|---|---|---|016|016|016|---|---|---|010|010|005|---|004|---|002|---|036|008|---|---|006|---|---|---|---|---|---|---|---|---|---|---|---|006|---|006|---|---|---|---|---|---|---|---|
0968: 010|010|008|---|---|---|009|036|036|---|---|---|003|016|016|016|---|---|015|002|000|---|---|---|029|002|---|---|---|---|027|027|027|---|---|---|016|016|016|---|---|---|005|027|027|---|---|---|---|006|---|---|---|---|---|---|---|---|---|---|006|---|---|---|---|---|006|---|---|---|---|---|---|010|016|016|016|---|030|002|000|---|---|---|020|010|010|---|---|---|025|005|007|007|002|---|016|016|032|036|---|---|---|015|036|---|---|---|012|028|010|010|---|---|005|018|002|---|---|---|001|---|---|---|---|---|---|---|---|---|---|---|---|---|---|---|---|---|006|---|---|---|---|---|000|019|010|010|---|---|008|027|027|---|---|---|000|008|009|---|005|---|034|005|010|010|---|---|004|002|009|---|---|---|037|010|010|010|010|---|002|027|027|---|---|---|008|007|007|---|---|---|006|---|---|---|---|---|021|---|---|---|---|---|---|---|---|---|---|---|---|---|---|---|---|---|002|014|010|010|---|---|005|033|---|---|---|---|004|005|---|---|---|---|031|009|007|007|---|---|005|017|---|---|015|---|008|008|---|---|---|---|009|005|---|---|---|---|008|009|036|036|---|---|---|006|---|---|---|---|---|---|---|---|---|---|---|---|---|---|---|---|---|006|---|---|---|---|026|015|010|010|---|---|007|007|004|008|009|---|035|007|007|---|---|---|024|009|008|---|---|---|011|027|027|---|---|---|016|016|016|---|023|---|010|010|005|---|004|---|002|---|036|008|---|---|006|---|---|---|---|---|---|---|---|---|---|---|---|006|---|006|---|---|---|---|---|---|---|---|
0968: 010|010|---|---|---|---|009|036|036|---|---|---|003|016|016|016|---|---|015|002|000|---|---|---|029|002|023|---|---|---|027|027|027|---|---|---|016|016|016|---|---|---|005|027|027|---|---|---|001|006|---|---|---|---|---|---|---|---|---|---|---|---|---|---|---|---|006|---|---|---|---|---|---|010|016|016|016|---|030|002|000|---|---|---|020|010|010|---|---|---|025|005|007|007|002|---|016|016|---|036|---|---|019|015|036|---|---|---|012|028|010|010|---|---|005|018|002|---|---|---|---|---|---|---|---|---|---|---|---|---|---|---|---|---|---|---|---|---|006|---|---|---|---|---|000|---|010|010|---|---|008|027|027|---|---|---|000|008|009|---|005|---|034|005|010|010|---|---|004|002|009|---|---|---|037|010|010|010|010|---|002|027|027|---|---|---|008|007|007|---|---|---|006|---|---|---|---|---|021|---|---|---|---|---|---|---|---|---|---|---|---|---|---|---|---|---|002|014|010|010|---|---|005|033|---|---|---|---|004|005|---|---|---|---|031|009|007|007|---|---|005|017|---|---|015|---|008|008|---|---|---|---|009|005|---|---|---|---|008|009|036|036|---|---|---|006|---|---|---|---|---|---|---|---|---|---|---|---|---|---|---|---|---|006|---|---|---|---|026|015|010|010|---|---|007|007|004|008|009|---|035|007|007|---|---|---|024|009|008|---|---|---|011|027|027|032|---|---|016|016|016|---|---|---|010|010|005|---|004|---|002|---|036|008|---|---|006|---|---|---|---|---|006|---|---|---|---|---|---|006|---|006|---|---|---|---|---|---|---|---|
0968: 010|010|008|---|---|---|009|036|036|---|---|---|003|016|016|016|---|---|015|002|000|002|---|---|029|002|032|---|---|---|027|027|027|---|---|---|016|016|016|---|---|---|005|027|027|---|---|---|---|006|---|---|---|---|---|---|---|---|---|---|006|---|---|---|---|---|006|---|---|---|---|---|---|010|016|016|016|---|030|002|000|---|---|---|020|010|010|---|---|---|025|005|007|007|002|---|016|016|023|036|---|---|---|015|036|---|---|---|012|028|010|010|---|---|005|018|002|---|009|---|---|---|---|---|---|---|---|001|---|---|---|---|---|---|---|---|---|---|006|---|---|---|---|---|000|019|010|010|---|---|008|027|027|---|---|---|000|008|009|---|005|---|034|005|010|010|---|---|004|002|009|---|---|---|037|010|010|010|010|---|002|027|027|---|---|---|008|007|007|---|---|---|006|---|---|---|---|---|021|---|---|---|---|---|---|---|---|---|---|---|---|---|---|---|---|---|002|014|010|010|---|---|005|033|---|---|---|---|004|005|---|---|---|---|031|009|007|007|---|---|005|017|---|---|015|---|008|008|---|---|---|---|009|005|---|---|---|---|008|009|036|036|---|---|---|006|---|---|---|---|---|---|---|---|---|---|---|---|---|---|---|---|---|006|---|---|---|---|026|015|010|010|---|---|007|007|004|008|009|---|035|007|007|---|---|---|024|009|008|---|---|---|011|027|027|---|---|---|016|016|016|---|---|---|010|010|005|---|004|---|002|---|036|008|---|---|006|---|---|---|---|---|---|---|---|---|---|---|---|006|---|006|---|---|---|---|---|---|---|---|
0968: 010|010|008|---|---|---|009|036|036|---|---|---|003|016|016|016|---|---|015|002|000|002|---|---|029|002|032|---|---|---|027|027|027|---|---|---|016|016|016|---|---|---|005|027|027|---|---|---|---|006|---|---|---|---|---|---|---|---|---|---|006|---|---|---|---|---|006|---|---|---|---|---|---|010|016|016|016|---|030|002|000|---|---|---|020|010|010|---|---|---|025|005|007|007|002|---|016|016|023|036|---|---|---|015|036|---|---|---|012|028|010|010|---|---|005|018|002|---|---|---|---|---|---|---|---|---|---|---|---|---|---|---|---|---|---|---|---|---|006|---|---|---|---|---|000|019|010|010|---|---|008|027|027|---|---|---|000|008|009|---|005|---|034|005|010|010|---|---|004|002|009|---|---|---|037|010|010|010|010|---|002|027|027|---|---|---|008|007|007|---|---|---|006|---|---|---|---|---|021|---|---|---|---|---|---|001|---|---|---|---|---|---|---|---|---|---|002|014|010|010|---|---|005|033|---|---|---|---|004|005|---|---|---|---|031|009|007|007|---|---|005|017|---|---|015|---|008|008|---|---|---|---|009|005|---|---|---|---|008|009|036|036|---|---|---|006|---|---|---|---|---|---|---|---|---|---|---|---|---|---|---|---|---|006|---|---|---|---|026|015|010|010|---|---|007|007|004|008|009|---|035|007|007|---|---|---|024|009|008|---|002|---|011|027|027|---|---|---|016|016|016|---|---|---|010|010|005|---|004|---|002|---|036|008|---|---|006|---|---|---|---|---|---|---|---|---|---|---|---|006|---|006|---|---|---|---|---|---|---|---|
0966: 010|010|---|---|---|---|009|036|036|---|---|---|003|016|016|016|---|---|015|002|000|---|---|---|029|002|023|---|---|---|027|027|027|---|---|---|016|016|016|---|---|---|005|027|027|---|---|---|---|006|---|---|---|---|---|---|---|---|---|---|---|---|---|---|---|---|006|---|---|---|---|---|---|010|016|016|016|---|030|002|000|---|---|---|020|010|010|---|---|---|025|005|007|007|002|---|016|016|---|036|---|---|019|015|036|---|---|---|012|028|010|010|---|---|005|018|002|---|---|---|---|---|---|---|---|---|---|---|---|---|---|---|---|---|---|---|---|---|006|---|---|---|---|---|000|008|010|010|---|---|008|027|027|---|---|---|000|008|009|---|005|---|034|005|010|010|---|---|004|002|009|---|032|---|037|010|010|010|010|---|002|027|027|---|---|---|008|007|007|---|---|---|006|---|---|---|---|---|021|---|---|---|---|---|---|---|---|---|---|---|---|---|---|---|---|---|002|014|010|010|---|---|005|033|---|---|---|---|004|005|---|---|---|---|031|009|007|007|---|---|005|017|---|---|015|---|008|008|---|---|---|---|009|005|---|---|015|---|008|009|036|036|---|---|---|006|---|---|---|---|---|---|---|---|---|---|---|---|---|---|---|---|---|006|---|---|---|---|026|015|010|010|---|---|007|007|004|008|009|---|035|007|007|---|---|---|024|009|008|002|---|---|011|027|027|---|---|---|016|016|016|---|---|---|010|010|005|---|004|---|002|008|036|008|---|---|006|---|---|---|---|---|001|---|---|---|---|---|---|006|---|006|---|---|---|---|---|---|---|---|
0966: 010|010|---|---|---|---|009|036|036|---|---|---|003|016|016|016|---|---|015|002|000|---|---|---|029|002|023|---|---|---|027|027|027|---|---|---|016|016|016|---|---|---|005|027|027|---|---|---|001|006|---|---|---|---|---|---|---|---|---|---|---|---|---|---|---|---|006|---|---|---|---|---|---|010|016|016|016|---|030|002|000|---|---|---|020|010|010|---|---|---|025|005|007|007|002|---|016|016|---|036|---|---|019|015|036|---|---|---|012|028|010|010|---|---|005|018|002|---|---|---|---|---|---|---|---|---|---|---|---|---|---|---|---|---|---|---|---|---|006|---|---|---|---|---|000|---|010|010|---|---|008|027|027|---|---|---|000|008|009|---|005|---|034|005|010|010|---|---|004|002|009|---|---|---|037|010|010|010|010|---|002|027|027|---|---|---|008|007|007|013|---|---|006|---|---|---|---|---|021|---|---|---|---|---|---|---|---|---|---|---|---|---|---|---|---|---|002|014|010|010|---|---|005|033|---|---|---|---|004|005|---|---|---|---|031|009|007|007|---|---|005|017|---|---|015|---|008|008|---|---|---|---|009|005|---|---|---|---|008|009|036|036|---|---|---|006|---|---|---|---|---|---|---|---|---|---|---|---|---|---|---|---|---|006|---|---|---|---|026|015|010|010|---|---|007|007|004|008|009|---|035|007|007|---|---|---|024|009|008|---|---|---|011|027|027|032|---|---|016|016|016|---|---|---|010|010|005|---|004|---|002|---|036|008|---|---|006|---|---|---|---|---|006|---|---|---|---|---|---|006|---|006|---|---|---|---|---|---|---|---|
0966: 010|010|---|---|---|---|009|036|036|---|---|---|003|016|016|016|---|---|015|002|000|---|---|---|029|002|023|---|---|---|027|027|027|---|---|---|016|016|016|---|---|---|005|027|027|---|---|---|---|006|---|---|---|---|---|---|---|---|---|---|---|---|---|---|---|---|006|---|---|---|---|---|---|010|016|016|016|---|030|002|000|---|---|---|020|010|010|---|---|---|025|005|007|007|002|---|016|016|---|036|---|---|019|015|036|---|---|---|012|028|010|010|---|---|005|018|002|---|---|---|---|001|---|---|---|---|---|---|---|---|---|---|---|---|---|---|---|---|006|---|---|---|---|---|000|008|010|010|---|---|008|027|027|---|---|---|000|008|009|---|005|---|034|005|010|010|---|---|004|002|009|---|032|---|037|010|010|010|010|---|002|027|027|---|---|---|008|007|007|---|---|---|006|---|---|---|---|---|021|---|---|---|---|---|---|---|---|---|---|---|---|---|---|---|---|---|002|014|010|010|---|---|005|033|---|---|---|---|004|005|---|---|---|---|031|009|007|007|---|---|005|017|---|---|015|---|008|008|---|---|---|---|009|005|---|---|015|---|008|009|036|036|---|---|---|006|---|---|---|---|---|---|---|---|---|---|---|---|---|---|---|---|---|006|---|---|---|---|026|015|010|010|---|---|007|007|004|008|009|---|035|007|007|---|---|---|024|009|008|---|---|---|011|027|027|---|---|---|016|016|016|---|---|---|010|010|005|---|004|---|002|008|036|008|---|---|006|---|---|---|---|---|---|---|---|---|---|---|---|006|---|006|---|---|---|---|---|---|---|---|
0966: 010|010|008|---|---|---|009|036|036|---|---|---|003|016|016|016|---|---|015|002|000|002|---|---|029|002|032|---|---|---|027|027|027|---|---|---|016|016|016|---|---|---|005|027|027|---|---|---|---|006|---|---|---|---|---|---|---|---|---|---|006|---|---|---|---|---|006|---|---|---|---|---|---|010|016|016|016|---|030|002|000|---|---|---|020|010|010|---|---|---|025|005|007|007|002|---|016|016|023|036|---|---|---|015|036|---|---|---|012|028|010|010|---|---|005|018|002|---|---|---|---|---|---|---|---|---|---|001|---|---|---|---|---|---|---|---|---|---|006|---|---|---|---|---|000|019|010|010|---|---|008|027|027|---|---|---|000|008|009|---|005|---|034|005|010|010|---|---|004|002|009|---|---|---|037|010|010|010|010|---|002|027|027|---|---|---|008|007|007|---|---|---|006|---|---|---|---|---|021|---|---|---|---|---|---|---|---|---|---|---|---|---|---|---|---|---|002|014|010|010|---|---|005|033|---|---|---|---|004|005|---|010|010|---|031|009|007|007|---|---|005|017|---|---|015|---|008|008|---|---|---|---|009|005|---|---|---|---|008|009|036|036|---|---|---|006|---|---|---|---|---|---|---|---|---|---|---|---|---|---|---|---|---|006|---|---|---|---|026|015|010|010|---|---|007|007|004|008|009|---|035|007|007|---|---|---|024|009|008|---|---|---|011|027|027|---|---|---|016|016|016|---|---|---|010|010|005|---|004|---|002|---|036|008|---|---|006|---|---|---|---|---|---|---|---|---|---|---|---|006|---|006|---|---|---|---|---|---|---|---|
0966: 010|010|---|---|---|---|009|036|036|---|---|---|003|016|016|016|---|---|015|002|000|---|---|---|029|002|023|---|032|---|027|027|027|---|---|---|016|016|016|---|---|---|005|027|010|010|---|---|---|---|---|---|---|---|---|---|---|---|---|---|---|---|---|---|---|---|006|---|---|---|---|---|017|010|016|016|016|---|030|002|000|---|---|---|020|010|010|---|---|---|025|005|007|007|002|---|016|016|---|036|---|---|019|015|036|---|---|---|012|028|010|010|---|---|005|018|002|---|---|---|---|001|---|---|---|---|006|---|---|---|---|---|006|---|---|---|---|---|006|---|---|---|---|---|000|---|010|010|---|---|008|027|027|---|---|---|000|008|009|---|005|---|034|005|010|010|---|---|004|002|009|---|---|---|037|010|010|010|010|---|002|027|027|---|---|---|008|007|007|---|---|---|006|---|---|---|---|---|021|---|---|---|---|---|---|---|---|---|---|---|---|---|---|---|---|---|002|014|010|010|---|---|005|033|---|---|---|---|004|005|---|---|---|---|031|009|007|007|---|---|005|---|---|---|015|---|008|008|---|---|---|---|009|005|---|---|---|---|008|009|036|036|---|---|---|006|---|---|---|---|---|---|---|---|---|---|---|---|---|---|---|---|---|006|---|---|---|---|026|015|010|010|---|---|007|007|004|008|009|---|035|007|007|---|---|---|024|009|008|---|---|---|011|027|027|---|---|---|016|016|016|---|---|---|010|010|005|---|004|---|002|---|036|008|---|---|006|---|---|---|---|---|---|---|---|---|---|---|---|006|---|006|---|---|---|---|---|---|---|---|
0966: 010|010|---|---|---|---|009|036|036|---|---|---|003|016|016|016|---|---|015|002|000|---|---|---|029|002|023|---|032|---|027|027|027|---|---|---|016|016|016|---|---|---|005|027|027|---|---|---|---|006|---|---|---|---|---|---|---|---|---|---|---|---|---|---|---|---|006|---|---|---|---|---|---|010|016|016|016|---|030|002|000|---|---|---|020|010|010|---|---|---|025|005|007|007|002|---|016|016|---|036|---|---|019|015|036|---|---|---|012|028|010|010|---|---|005|018|002|---|---|---|---|001|---|---|---|---|---|---|---|---|---|---|---|---|---|---|---|---|006|---|---|---|---|---|000|008|010|010|---|---|008|027|027|---|---|---|000|008|009|---|005|---|034|005|010|010|---|---|004|002|009|---|---|---|037|010|010|010|010|---|002|027|027|---|---|---|008|007|007|---|---|---|006|---|---|---|---|---|021|---|---|---|---|---|---|---|---|---|---|---|---|---|---|---|---|---|002|014|010|010|---|---|005|033|---|---|---|---|004|005|---|---|---|---|031|009|007|007|---|---|005|017|---|---|015|---|008|008|---|---|---|---|009|005|---|---|015|---|008|009|036|036|---|---|---|006|---|---|---|---|---|---|---|---|---|---|---|---|---|---|---|---|---|006|---|---|---|---|026|015|010|010|---|---|007|007|004|008|009|---|035|007|007|---|---|---|024|009|008|---|---|---|011|027|027|---|---|---|016|016|016|---|---|---|010|010|005|---|004|---|002|008|036|008|---|---|006|---|---|---|---|---|---|---|---|---|---|---|---|006|---|006|---|---|---|---|---|---|---|---|
0966: 010|010|---|---|---|---|009|036|036|---|---|---|003|016|016|016|---|---|015|002|000|---|---|---|029|002|023|---|032|---|027|027|027|---|---|---|016|016|016|---|---|---|005|027|027|---|---|---|---|---|---|---|---|---|---|---|---|---|---|---|---|006|---|---|---|---|006|---|---|---|---|---|017|010|016|016|016|---|030|002|000|---|---|---|020|010|010|---|---|---|025|005|007|007|002|---|016|016|---|036|---|---|019|015|036|---|---|---|012|028|010|010|---|---|005|018|002|---|---|---|---|001|---|---|---|---|---|---|---|---|---|---|006|---|---|---|---|---|006|---|---|---|---|---|000|---|010|010|---|---|008|027|027|---|---|---|000|008|009|---|005|---|034|005|010|010|---|---|004|002|009|---|---|---|037|010|010|010|010|---|002|027|027|---|---|---|008|007|007|---|---|---|006|---|---|---|---|---|021|---|---|---|---|---|---|---|---|---|---|---|---|---|---|---|---|---|002|014|010|010|---|---|005|033|---|---|---|---|004|005|---|---|---|---|031|009|007|007|---|---|005|---|---|---|015|---|008|008|---|---|---|---|009|005|---|---|---|---|008|009|036|036|---|---|---|006|---|---|---|---|---|---|---|---|---|---|---|---|---|---|---|---|---|006|---|---|---|---|026|015|010|010|---|---|007|007|004|008|009|---|035|007|007|---|---|---|024|009|008|---|---|---|011|027|027|---|---|---|016|016|016|---|---|---|010|010|005|---|004|---|002|---|036|008|---|---|006|---|---|---|---|---|---|---|---|---|---|---|---|006|---|006|---|---|---|---|---|---|---|---|
0966: 010|010|008|---|---|---|009|036|036|---|---|---|003|016|016|016|---|---|015|002|000|---|---|---|029|002|023|---|032|---|027|027|027|---|---|---|016|016|016|---|---|---|005|027|027|---|---|---|---|006|---|---|---|---|---|---|---|---|---|---|006|---|---|---|---|---|006|---|---|---|---|---|---|010|016|016|016|---|030|002|000|---|---|---|020|010|010|---|---|---|025|005|007|007|002|---|016|016|---|036|---|---|---|015|036|---|---|---|012|028|010|010|---|---|005|018|002|---|---|---|---|001|---|---|---|---|---|---|---|---|---|---|---|---|---|---|---|---|006|---|---|---|---|---|000|019|010|010|---|---|008|027|027|---|---|---|000|008|009|---|005|---|034|005|010|010|---|---|004|002|009|---|---|---|037|010|010|010|010|---|002|027|027|---|---|---|008|007|007|---|---|---|006|---|---|---|---|---|021|---|---|---|---|---|---|---|---|---|---|---|---|---|---|---|---|---|002|014|010|010|---|---|005|033|---|---|---|---|004|005|---|---|---|---|031|009|007|007|---|---|005|017|---|---|015|---|008|008|---|---|---|---|009|005|---|---|---|---|008|009|036|036|---|---|---|006|---|---|---|---|---|---|---|---|---|---|---|---|---|---|---|---|---|006|---|---|---|---|026|015|010|010|---|---|007|007|004|008|009|---|035|007|007|---|---|---|024|009|008|---|---|---|011|027|027|---|---|---|016|016|016|---|---|---|010|010|005|---|004|---|002|---|036|008|---|---|006|---|---|---|---|---|---|---|---|---|---|---|---|006|---|006|---|---|---|---|---|---|---|---|
0966: 010|010|---|---|---|---|009|036|036|---|---|---|003|016|016|016|---|---|015|002|000|---|---|---|029|002|023|---|---|---|027|027|027|---|---|---|016|016|016|---|---|---|005|027|027|---|---|---|---|006|---|---|---|---|---|---|---|---|---|---|---|---|---|---|---|---|006|---|---|---|---|---|---|010|016|016|016|---|030|002|000|---|---|---|020|010|010|---|032|---|025|005|007|007|002|---|016|016|---|036|---|---|019|015|036|---|---|---|012|028|010|010|---|---|005|018|002|---|---|---|---|001|---|---|---|---|---|---|---|---|---|---|---|---|---|---|---|---|006|---|---|---|---|---|000|008|010|010|---|---|008|027|027|---|---|---|000|008|009|---|005|---|034|005|010|010|---|---|004|002|009|---|---|---|037|010|010|010|010|---|002|027|027|---|---|---|008|007|007|---|---|---|006|---|---|---|---|---|021|---|---|---|---|---|---|---|---|---|---|---|---|---|---|---|---|---|002|014|010|010|---|---|005|033|---|---|---|---|004|005|---|---|---|---|031|009|007|007|---|---|005|017|---|---|015|---|008|008|---|---|---|---|009|005|---|---|015|---|008|009|036|036|---|---|---|006|---|---|---|---|---|---|---|---|---|---|---|---|---|---|---|---|---|006|---|---|---|---|026|015|010|010|---|---|007|007|004|008|009|---|035|007|007|---|---|---|024|009|008|---|---|---|011|027|027|---|---|---|016|016|016|---|---|---|010|010|005|---|004|---|002|008|036|008|---|---|006|---|---|---|---|---|---|---|---|---|---|---|---|006|---|006|---|---|---|---|---|---|---|---|
############
Alle Professoren
Tag 0
Block 11:30:00 - 13:00:00 - Exceptions: 1 in Raum E301
Tag 1
Block 11:30:00 - 13:00:00 - Exceptions: 1 in Raum E203
Tag 2
Block 08:00:00 - 09:30:00 - Exceptions: 0 in Raum E201
Block 08:00:00 - 09:30:00 - Exceptions: 0 in Raum E213
Tag 3
Tag 4

############

Tag 0
Tag 1
Block 09:50:00 - 11:20:00 - Exceptions: 0 in Raum LI008(Lab)
Tag 2
Tag 3
Tag 4

############
!!Noch nicht angelegt
Tag 0
Block 09:50:00 - 11:20:00 - Exceptions: 0 in Raum E301
Block 09:50:00 - 11:20:00 - Exceptions: 0 in Raum E302
Tag 1
Block 09:50:00 - 11:20:00 - Exceptions: 0 in Raum E203
Block 15:40:00 - 17:10:00 - Exceptions: 0 in Raum E301
Block 11:30:00 - 13:00:00 - Exceptions: 1 in Raum E305
Tag 2
Block 09:50:00 - 11:20:00 - Exceptions: 0 in Raum E302
Block 08:00:00 - 09:30:00 - Exceptions: 0 in Raum E304
Tag 3
Block 08:00:00 - 09:30:00 - Exceptions: 0 in Raum E201
Tag 4
Block 08:00:00 - 09:30:00 - Exceptions: 0 in Raum E305

############
Bröckl
Tag 0
Block 08:00:00 - 09:30:00 - Exceptions: 0 in Raum E213
Tag 1
Tag 2
Tag 3
Tag 4

############
Ditzinger
Tag 0
Block 08:00:00 - 09:30:00 - Exceptions: 0 in Raum E303
Tag 1
Tag 2
Block 08:00:00 - 09:30:00 - Exceptions: 0 in Raum E302
Tag 3
Block 08:00:00 - 09:30:00 - Exceptions: 0 in Raum E213
Tag 4
Block 11:30:00 - 13:00:00 - Exceptions: 1 in Raum E203
Block 15:40:00 - 17:10:00 - Exceptions: 0 in Raum E304

############
Dübon
Tag 0
Block 08:00:00 - 09:30:00 - Exceptions: 0 in Raum E305
Tag 1
Block 09:50:00 - 11:20:00 - Exceptions: 0 in Raum E301
Block 08:00:00 - 09:30:00 - Exceptions: 0 in Raum E305
Tag 2
Block 15:40:00 - 17:10:00 - Exceptions: 0 in Raum E213
Block 09:50:00 - 11:20:00 - Exceptions: 0 in Raum E301
Tag 3
Block 08:00:00 - 09:30:00 - Exceptions: 0 in Raum E203
Block 09:50:00 - 11:20:00 - Exceptions: 0 in Raum E213
Block 08:00:00 - 09:30:00 - Exceptions: 0 in Raum E302
Block 09:50:00 - 11:20:00 - Exceptions: 0 in Raum E304
Tag 4
Block 11:30:00 - 13:00:00 - Exceptions: 1 in Raum E304

############
Fuchß
Tag 0
Block 09:50:00 - 11:20:00 - Exceptions: 0 in Raum LI008(Lab)
Block 08:00:00 - 09:30:00 - Exceptions: 0 in Raum LI137(Lab)
Block 08:00:00 - 09:30:00 - Exceptions: 0 in Raum LI141(Lab)
Tag 1
Block 08:00:00 - 09:30:00 - Exceptions: 0 in Raum LI141(Lab)
Tag 2
Block 08:00:00 - 09:30:00 - Exceptions: 0 in Raum LI008(Lab)
Tag 3
Block 09:50:00 - 11:20:00 - Exceptions: 0 in Raum LI008(Lab)
Block 09:50:00 - 11:20:00 - Exceptions: 0 in Raum LI141(Lab)
Tag 4
Block 08:00:00 - 09:30:00 - Exceptions: 0 in Raum LI008(Lab)
Block 09:50:00 - 11:20:00 - Exceptions: 0 in Raum LI137(Lab)
Block 14:00:00 - 15:30:00 - Exceptions: 0 in Raum LI137(Lab)

############
Gmeiner
Tag 0
Tag 1
Block 11:30:00 - 13:00:00 - Exceptions: 1 in Raum E301
Block 14:00:00 - 15:30:00 - Exceptions: 0 in Raum E301
Tag 2
Block 09:50:00 - 11:20:00 - Exceptions: 0 in Raum E305
Block 11:30:00 - 13:00:00 - Exceptions: 1 in Raum E305
Tag 3
Block 11:30:00 - 13:00:00 - Exceptions: 1 in Raum E301
Block 14:00:00 - 15:30:00 - Exceptions: 0 in Raum E301
Tag 4
Block 08:00:00 - 09:30:00 - Exceptions: 0 in Raum E203
Block 09:50:00 - 11:20:00 - Exceptions: 0 in Raum E203
Block 09:50:00 - 11:20:00 - Exceptions: 0 in Raum E213
Block 11:30:00 - 13:00:00 - Exceptions: 1 in Raum E213

############
Graf
Tag 0
Block 11:30:00 - 13:00:00 - Exceptions: 1 in Raum E201
Tag 1
Tag 2
Block 08:00:00 - 09:30:00 - Exceptions: 0 in Raum E203
Block 09:50:00 - 11:20:00 - Exceptions: 0 in Raum E213
Block 08:00:00 - 09:30:00 - Exceptions: 0 in Raum E305
Tag 3
Block 08:00:00 - 09:30:00 - Exceptions: 0 in Raum E303
Block 09:50:00 - 11:20:00 - Exceptions: 0 in Raum E303
Block 08:00:00 - 09:30:00 - Exceptions: 0 in Raum E305
Tag 4
Block 14:00:00 - 15:30:00 - Exceptions: 0 in Raum E203
Block 11:30:00 - 13:00:00 - Exceptions: 1 in Raum E301
Block 14:00:00 - 15:30:00 - Exceptions: 0 in Raum E305

############
Gremminger
Tag 0
Block 08:00:00 - 09:30:00 - Exceptions: 0 in Raum E203
Tag 1
Tag 2
Block 11:30:00 - 13:00:00 - Exceptions: 1 in Raum E213
Block 11:30:00 - 13:00:00 - Exceptions: 1 in Raum E302
Tag 3
Block 09:50:00 - 11:20:00 - Exceptions: 0 in Raum E301
Block 08:00:00 - 09:30:00 - Exceptions: 0 in Raum E304
Block 09:50:00 - 11:20:00 - Exceptions: 0 in Raum E305
Tag 4
Block 15:40:00 - 17:10:00 - Exceptions: 0 in Raum E203
Block 09:50:00 - 11:20:00 - Exceptions: 0 in Raum E301

############
Haneke
Tag 0
Block 08:00:00 - 09:30:00 - Exceptions: 0 in Raum E201
Block 09:50:00 - 11:20:00 - Exceptions: 0 in Raum E201
Tag 1
Block 09:50:00 - 11:20:00 - Exceptions: 0 in Raum E201
Block 09:50:00 - 11:20:00 - Exceptions: 0 in Raum E213
Block 11:30:00 - 13:00:00 - Exceptions: 1 in Raum E213
Block 11:30:00 - 13:00:00 - Exceptions: 1 in Raum E304
Block 14:00:00 - 15:30:00 - Exceptions: 0 in Raum E304
Tag 2
Block 11:30:00 - 13:00:00 - Exceptions: 1 in Raum E201
Block 14:00:00 - 15:30:00 - Exceptions: 0 in Raum E201
Block 11:30:00 - 13:00:00 - Exceptions: 1 in Raum E301
Block 14:00:00 - 15:30:00 - Exceptions: 0 in Raum E301
Block 09:50:00 - 11:20:00 - Exceptions: 0 in Raum E303
Block 11:30:00 - 13:00:00 - Exceptions: 1 in Raum E303
Block 14:00:00 - 15:30:00 - Exceptions: 0 in Raum E303
Block 15:40:00 - 17:10:00 - Exceptions: 0 in Raum E303
Tag 3
Block 11:30:00 - 13:00:00 - Exceptions: 1 in Raum E201
Block 14:00:00 - 15:30:00 - Exceptions: 0 in Raum E201
Tag 4
Block 11:30:00 - 13:00:00 - Exceptions: 1 in Raum E201
Block 14:00:00 - 15:30:00 - Exceptions: 0 in Raum E201
Block 08:00:00 - 09:30:00 - Exceptions: 0 in Raum E304
Block 09:50:00 - 11:20:00 - Exceptions: 0 in Raum E304

############
Heberle
Tag 0
Tag 1
Tag 2
Tag 3
Tag 4
Block 08:00:00 - 09:30:00 - Exceptions: 0 in Raum E302

############
Henning
Tag 0
Tag 1
Block 08:00:00 - 09:30:00 - Exceptions: 0 in Raum E304
Tag 2
Tag 3
Tag 4

############
Hoffmann
Tag 0
Block 08:00:00 - 09:30:00 - Exceptions: 0 in Raum E304
Tag 1
Tag 2
Tag 3
Tag 4

############
Hofmann
Tag 0
Tag 1
Tag 2
Tag 3
Block 09:50:00 - 11:20:00 - Exceptions: 0 in Raum E201
Tag 4

############
Hüttel
Tag 0
Block 08:00:00 - 09:30:00 - Exceptions: 0 in Raum E301
Tag 1
Block 08:00:00 - 09:30:00 - Exceptions: 0 in Raum E201
Block 09:50:00 - 11:20:00 - Exceptions: 0 in Raum E303
Tag 2
Tag 3
Block 15:40:00 - 17:10:00 - Exceptions: 0 in Raum E302
Tag 4
Block 09:50:00 - 11:20:00 - Exceptions: 0 in Raum E201

############
Körner
Tag 0
Block 09:50:00 - 11:20:00 - Exceptions: 0 in Raum E213
Block 11:30:00 - 13:00:00 - Exceptions: 1 in Raum E213
Block 14:00:00 - 15:30:00 - Exceptions: 0 in Raum E213
Block 08:00:00 - 09:30:00 - Exceptions: 0 in Raum E304
Block 09:50:00 - 11:20:00 - Exceptions: 0 in Raum E304
Block 11:30:00 - 13:00:00 - Exceptions: 1 in Raum E304
Tag 1
Block 11:30:00 - 13:00:00 - Exceptions: 1 in Raum E201
Block 14:00:00 - 15:30:00 - Exceptions: 0 in Raum E201
Block 15:40:00 - 17:10:00 - Exceptions: 0 in Raum E201
Block 08:00:00 - 09:30:00 - Exceptions: 0 in Raum E302
Block 09:50:00 - 11:20:00 - Exceptions: 0 in Raum E302
Block 11:30:00 - 13:00:00 - Exceptions: 1 in Raum E302
Tag 2
Tag 3
Tag 4
Block 08:00:00 - 09:30:00 - Exceptions: 0 in Raum E303
Block 09:50:00 - 11:20:00 - Exceptions: 0 in Raum E303
Block 11:30:00 - 13:00:00 - Exceptions: 1 in Raum E303

############
Laubenheimer
Tag 0
Tag 1
Tag 2
Tag 3
Block 09:50:00 - 11:20:00 - Exceptions: 0 in Raum E302
Tag 4

############
Link
Tag 0
Tag 1
Block 09:50:00 - 11:20:00 - Exceptions: 0 in Raum E305
Tag 2
Tag 3
Tag 4

############
Martin
Tag 0
Tag 1
Tag 2
Block 09:50:00 - 11:20:00 - Exceptions: 0 in Raum E201
Tag 3
Tag 4

############
Meisel
Tag 0
Tag 1
Block 08:00:00 - 09:30:00 - Exceptions: 0 in Raum E213
Tag 2
Tag 3
Tag 4

############
Morgenstern
Tag 0
Tag 1
Tag 2
Block 08:00:00 - 09:30:00 - Exceptions: 0 in Raum LI136(Lab)
Tag 3
Tag 4

############
Müller
Tag 0
Block 08:00:00 - 09:30:00 - Exceptions: 0 in Raum E201
Tag 1
Tag 2
Tag 3
Tag 4

############
Nees
Tag 0
Block 11:30:00 - 13:00:00 - Exceptions: 1 in Raum E302
Tag 1
Tag 2
Tag 3
Tag 4

############
Nestler
Tag 0
Tag 1
Tag 2
Tag 3
Tag 4
Block 08:00:00 - 09:30:00 - Exceptions: 0 in Raum E301

############
Neumann
Tag 0
Tag 1
Block 08:00:00 - 09:30:00 - Exceptions: 0 in Raum E301
Tag 2
Tag 3
Tag 4

############
Pape
Tag 0
Tag 1
Tag 2
Tag 3
Tag 4
Block 08:00:00 - 09:30:00 - Exceptions: 0 in Raum E201

############
Philipp
Tag 0
Block 08:00:00 - 09:30:00 - Exceptions: 0 in Raum E303
Block 09:50:00 - 11:20:00 - Exceptions: 0 in Raum E303
Block 11:30:00 - 13:00:00 - Exceptions: 1 in Raum E303
Block 09:50:00 - 11:20:00 - Exceptions: 0 in Raum E305
Block 11:30:00 - 13:00:00 - Exceptions: 1 in Raum E305
Tag 1
Tag 2
Block 09:50:00 - 11:20:00 - Exceptions: 0 in Raum E203
Block 11:30:00 - 13:00:00 - Exceptions: 1 in Raum E203
Block 09:50:00 - 11:20:00 - Exceptions: 0 in Raum E304
Block 11:30:00 - 13:00:00 - Exceptions: 1 in Raum E304
Tag 3
Tag 4
Block 09:50:00 - 11:20:00 - Exceptions: 0 in Raum E302
Block 11:30:00 - 13:00:00 - Exceptions: 1 in Raum E302

############
Regier
Tag 0
Tag 1
Block 09:50:00 - 11:20:00 - Exceptions: 0 in Raum E304
Tag 2
Tag 3
Tag 4

############
Reichhardt
Tag 0
Block 08:00:00 - 09:30:00 - Exceptions: 0 in Raum E302
Tag 1
Tag 2
Tag 3
Tag 4

############
Schaefer
Tag 0
Tag 1
Block 08:00:00 - 09:30:00 - Exceptions: 0 in Raum E203
Tag 2
Tag 3
Tag 4

############
Schmauch
Tag 0
Tag 1
Tag 2
Tag 3
Block 08:00:00 - 09:30:00 - Exceptions: 0 in Raum E301
Tag 4

############
Schmidt
Tag 0
Block 15:40:00 - 17:10:00 - Exceptions: 0 in Raum E302
Tag 1
Block 08:00:00 - 09:30:00 - Exceptions: 0 in Raum E201
Tag 2
Tag 3
Tag 4

############
Seifert
Tag 0
Tag 1
Tag 2
Tag 3
Block 09:50:00 - 11:20:00 - Exceptions: 0 in Raum E203
Tag 4

############
Senger
Tag 0
Tag 1
Tag 2
Block 08:00:00 - 09:30:00 - Exceptions: 0 in Raum E301
Tag 3
Tag 4

############
Vogelsang
Tag 0
Tag 1
Tag 2
Tag 3
Tag 4
Block 08:00:00 - 09:30:00 - Exceptions: 0 in Raum E213

############
Weidner
Tag 0
Block 09:50:00 - 11:20:00 - Exceptions: 0 in Raum E203
Block 11:30:00 - 13:00:00 - Exceptions: 1 in Raum E203
Tag 1
Block 14:00:00 - 15:30:00 - Exceptions: 0 in Raum E302
Block 11:30:00 - 13:00:00 - Exceptions: 1 in Raum E303
Tag 2
Tag 3
Block 11:30:00 - 13:00:00 - Exceptions: 1 in Raum E305
Block 14:00:00 - 15:30:00 - Exceptions: 0 in Raum E305
Tag 4
Block 11:30:00 - 13:00:00 - Exceptions: 1 in Raum E305

############
Wirth
Tag 0
Tag 1
Tag 2
Block 08:00:00 - 09:30:00 - Exceptions: 0 in Raum E303
Tag 3
Tag 4

############
Zimmermann
Tag 0
Tag 1
Tag 2
Tag 3
Tag 4

</DebugTrace>
      </Output>
    </UnitTestResult>
  </Results>
</TestRun>