<?xml version="1.0" encoding="UTF-8"?>
<TestRun id="6480d229-064c-4d0d-a2d2-dcdcfe53e94c" name="FloLap@FLOLAP-PC 2011-10-19 19:38:43" runUser="FloLap-PC\FloLap" xmlns="http://microsoft.com/schemas/VisualStudio/TeamTest/2010">
  <TestSettings name="Lokal" id="6ed96bb3-d821-4eee-a79d-3a3069da9890">
    <Description>Dies sind die standardmäßigen Testeinstellungen für einen lokalen Testlauf.</Description>
    <Deployment enabled="false" runDeploymentRoot="FloLap_FLOLAP-PC 2011-10-19 19_38_43">
      <DeploymentItem filename="E:\HsKA\Semester2\Projektarbeit\Stundenplangenerator\TimetablePlanner\TimetablePlanner\bin\Debug\TimetablePlanner.dll" />
    </Deployment>
    <Execution>
      <TestTypeSpecific />
      <AgentRule name="Execution Agents">
      </AgentRule>
    </Execution>
  </TestSettings>
  <Times creation="2011-10-19T19:38:43.9432414+02:00" queuing="2011-10-19T19:38:45.0508433+02:00" start="2011-10-19T19:38:45.1288434+02:00" finish="2011-10-19T19:38:54.5980601+02:00" />
  <ResultSummary outcome="Completed">
    <Counters total="1" executed="1" passed="1" error="0" failed="0" timeout="0" aborted="0" inconclusive="0" passedButRunAborted="0" notRunnable="0" notExecuted="0" disconnected="0" warning="0" completed="0" inProgress="0" pending="0" />
  </ResultSummary>
  <TestDefinitions>
    <UnitTest name="createTimetableInstanceTest" storage="e:\hska\semester2\projektarbeit\stundenplangenerator\timetableplanner\timetableplannertests\bin\debug\timetableplannertests.dll" id="ab441b29-9837-01bf-f43f-7839c8f73716">
      <Execution id="b1fe6d7e-9315-4c49-9db0-c3f0215cb7bf" />
      <TestMethod codeBase="E:/HsKA/Semester2/Projektarbeit/Stundenplangenerator/TimetablePlanner/TimetablePlannerTests/bin/Debug/TimetablePlannerTests.DLL" adapterTypeName="Microsoft.VisualStudio.TestTools.TestTypes.Unit.UnitTestAdapter, Microsoft.VisualStudio.QualityTools.Tips.UnitTest.Adapter, Version=10.0.0.0, Culture=neutral, PublicKeyToken=b03f5f7f11d50a3a" className="TimetablePlannerTests.TimetableTest, TimetablePlannerTests, Version=1.0.0.0, Culture=neutral, PublicKeyToken=null" name="createTimetableInstanceTest" />
    </UnitTest>
  </TestDefinitions>
  <TestLists>
    <TestList name="Nicht in einer Liste enthaltene Ergebnisse" id="8c84fa94-04c1-424b-9868-57a2d4851a1d" />
    <TestList name="Alle geladenen Ergebnisse" id="19431567-8539-422a-85d7-44ee4e166bda" />
  </TestLists>
  <TestEntries>
    <TestEntry testId="ab441b29-9837-01bf-f43f-7839c8f73716" executionId="b1fe6d7e-9315-4c49-9db0-c3f0215cb7bf" testListId="8c84fa94-04c1-424b-9868-57a2d4851a1d" />
  </TestEntries>
  <Results>
    <UnitTestResult executionId="b1fe6d7e-9315-4c49-9db0-c3f0215cb7bf" testId="ab441b29-9837-01bf-f43f-7839c8f73716" testName="createTimetableInstanceTest" computerName="FLOLAP-PC" duration="00:00:08.1101803" startTime="2011-10-19T19:38:45.1756435+02:00" endTime="2011-10-19T19:38:54.5044599+02:00" testType="13cdc9d9-ddb5-4fa4-a97d-d965ccfc6d4b" outcome="Passed" testListId="8c84fa94-04c1-424b-9868-57a2d4851a1d" relativeResultsDirectory="b1fe6d7e-9315-4c49-9db0-c3f0215cb7bf">
      <Output>
        <DebugTrace>Time to create population of size 75: 624ms
1529
1445
1419
1385
1367
1361
1350
1298
1295
1291
1282
1245
1245
1240
1222
1205
1202
1170
1168
1156
1155
1153
1152
1126
1114
1101
1100
1075
1072
1048
1040
1033
1028
1025
1024
1023
1011
996
984
980
979
949
936
928
924
924
922
911
910
876
868
858
849
830
830
826
820
811
801
799
795
772
771
756
737
737
669
603
589
555
554
492
481
435
427
Early abort after 162 generations.
Mean time per generation: 42ms
Mean fitness increase per generation
203
120
100
80
66
51
50
34
41
24
26
28
29
30
31
27
25
29
25
21
19
22
12
24
23
22
16
16
18
12
14
10
10
6
9
6
8
7
6
7
4
5
6
6
5
10
8
7
8
11
6
4
7
2
3
4
3
4
7
5
6
5
3
6
3
7
5
7
6
8
8
5
5
4
5
6
3
5
2
2
1
3
1
1
3
3
1
2
3
2
2
2
1
3
2
2
2
1
2
3
2
4
2
3
2
3
2
4
4
8
5
8
3
2
4
6
2
4
3
2
2
3
2
1
2
2
3
4
1
2
2
2
3
2
2
3
0
2
2
4
4
2
3
1
2
2
2
2
1
1
1
1
3
3
1
1
1
1
3
4
1
2
2
Evolution time: 7051ms
2737
2728
2722
2722
2722
2719
2716
2716
2716
2713
2713
2713
2713
2713
2713
2713
2710
2710
2710
2710
2710
2710
2710
2710
2710
2710
2710
2710
2710
2710
2710
2710
2710
2710
2710
2710
2710
2710
2710
2710
2710
2710
2710
2710
2710
2710
2710
2710
2710
2710
2710
2710
2710
2710
2710
2710
2710
2710
2710
2710
2710
2710
2710
2710
2707
2707
2707
2707
2704
2704
2704
2704
2704
2704
2704

Group 0
Block 0: 008 002 011 007 005 
Block 1: 012 001 004 000 010 
Block 2: 012 006 --- --- 009 
Block 3: --- --- --- --- 003 
Block 4: --- --- --- --- --- 
Block 5: --- --- --- --- --- 

Group 1
Block 0: 016 014 020 024 --- 
Block 1: 022 018 --- 021 --- 
Block 2: 013 018 --- 023 --- 
Block 3: 025 --- --- 015 --- 
Block 4: --- --- --- 017 019 
Block 5: --- --- --- --- --- 

Group 2
Block 0: 032 --- 030 029 --- 
Block 1: 028 x36 035 026 031 
Block 2: 033 x36 --- x34 027 
Block 3: --- x36 --- --- --- 
Block 4: --- --- --- --- --- 
Block 5: --- --- --- --- --- 

Group 3
Block 0: --- --- 039 --- --- 
Block 1: 040 --- 038 --- --- 
Block 2: 043 --- --- --- 044 
Block 3: --- --- --- 041 042 
Block 4: --- x45 --- 037 --- 
Block 5: --- --- --- x46 --- 
</DebugTrace>
      </Output>
    </UnitTestResult>
  </Results>
</TestRun>