<?xml version="1.0" encoding="UTF-8"?>
<TestRun id="4fe0c4b8-08a1-43e8-8505-05528412a6d4" name="FloLap@FLOLAP-PC 2011-10-23 12:27:33" runUser="FloLap-PC\FloLap" xmlns="http://microsoft.com/schemas/VisualStudio/TeamTest/2010">
  <TestSettings name="Lokal" id="6ed96bb3-d821-4eee-a79d-3a3069da9890">
    <Description>Dies sind die standardmäßigen Testeinstellungen für einen lokalen Testlauf.</Description>
    <Deployment enabled="false" runDeploymentRoot="FloLap_FLOLAP-PC 2011-10-23 12_27_33">
      <DeploymentItem filename="E:\HsKA\Semester2\Projektarbeit\Stundenplangenerator\TimetablePlanner\TimetablePlanner\bin\Debug\TimetablePlanner.dll" />
    </Deployment>
    <Execution>
      <TestTypeSpecific />
      <AgentRule name="Execution Agents">
      </AgentRule>
    </Execution>
  </TestSettings>
  <Times creation="2011-10-23T12:27:33.3915480+02:00" queuing="2011-10-23T12:27:34.2535973+02:00" start="2011-10-23T12:27:34.3336018+02:00" finish="2011-10-23T12:27:45.9052637+02:00" />
  <ResultSummary outcome="Completed">
    <Counters total="1" executed="1" passed="1" error="0" failed="0" timeout="0" aborted="0" inconclusive="0" passedButRunAborted="0" notRunnable="0" notExecuted="0" disconnected="0" warning="0" completed="0" inProgress="0" pending="0" />
  </ResultSummary>
  <TestDefinitions>
    <UnitTest name="TimetableManualTester" storage="e:\hska\semester2\projektarbeit\stundenplangenerator\timetableplanner\timetableplannertests\bin\debug\timetableplannertests.dll" id="3ada0cc6-2a4d-2d63-7d9f-97d4d443b0f3">
      <Execution id="9a5dcbcc-2772-4ba9-8859-cebd246b09bc" />
      <TestMethod codeBase="E:/HsKA/Semester2/Projektarbeit/Stundenplangenerator/TimetablePlanner/TimetablePlannerTests/bin/Debug/TimetablePlannerTests.DLL" adapterTypeName="Microsoft.VisualStudio.TestTools.TestTypes.Unit.UnitTestAdapter, Microsoft.VisualStudio.QualityTools.Tips.UnitTest.Adapter, Version=10.0.0.0, Culture=neutral, PublicKeyToken=b03f5f7f11d50a3a" className="TimetablePlannerTests.TimetableTest, TimetablePlannerTests, Version=1.0.0.0, Culture=neutral, PublicKeyToken=null" name="TimetableManualTester" />
    </UnitTest>
  </TestDefinitions>
  <TestLists>
    <TestList name="Nicht in einer Liste enthaltene Ergebnisse" id="8c84fa94-04c1-424b-9868-57a2d4851a1d" />
    <TestList name="Alle geladenen Ergebnisse" id="19431567-8539-422a-85d7-44ee4e166bda" />
  </TestLists>
  <TestEntries>
    <TestEntry testId="3ada0cc6-2a4d-2d63-7d9f-97d4d443b0f3" executionId="9a5dcbcc-2772-4ba9-8859-cebd246b09bc" testListId="8c84fa94-04c1-424b-9868-57a2d4851a1d" />
  </TestEntries>
  <Results>
    <UnitTestResult executionId="9a5dcbcc-2772-4ba9-8859-cebd246b09bc" testId="3ada0cc6-2a4d-2d63-7d9f-97d4d443b0f3" testName="TimetableManualTester" computerName="FLOLAP-PC" duration="00:00:10.2686236" startTime="2011-10-23T12:27:34.3776044+02:00" endTime="2011-10-23T12:27:45.8502606+02:00" testType="13cdc9d9-ddb5-4fa4-a97d-d965ccfc6d4b" outcome="Passed" testListId="8c84fa94-04c1-424b-9868-57a2d4851a1d" relativeResultsDirectory="9a5dcbcc-2772-4ba9-8859-cebd246b09bc">
      <Output>
        <DebugTrace>Time to create population of size 75: 635ms
1250
1240
1190
1170
1050
1000
990
960
960
960
930
920
900
900
880
880
820
810
760
760
750
730
730
720
690
680
670
670
640
640
630
600
590
590
570
540
530
500
500
470
380
360
270
260
260
260
250
250
230
160
150
100
50
30
-30
-40
-70
-70
-80
-180
-200
-220
-290
-310
-370
-490
-530
-630
-640
-650
-660
-780
-940
-1020
-1090
Early abort after 180 generations.
Mean time per generation: 40ms
Mean fitness increase per generation
481
175
107
114
92
77
75
57
54
56
38
42
49
42
42
41
38
38
42
37
39
31
30
23
31
22
24
21
17
20
28
18
19
21
20
30
18
19
13
20
18
18
14
20
17
19
17
17
16
12
11
11
13
13
6
9
7
11
12
15
11
19
12
10
11
6
10
13
8
8
10
8
4
5
3
6
3
3
9
9
9
10
5
5
4
6
7
6
5
6
7
3
6
7
6
7
10
10
5
6
10
6
8
5
6
7
7
6
8
5
12
8
5
8
6
7
5
5
4
5
6
5
5
1
3
4
2
4
4
5
5
5
2
3
5
4
5
4
7
2
7
4
3
3
8
8
4
2
5
5
1
5
5
1
4
2
3
3
4
3
4
3
2
2
4
1
2
3
3
1
1
2
2
2
1
2
2
0
3
1
2
Evolution time: 7483ms
3470
3450
3450
3450
3450
3450
3450
3440
3430
3430
3430
3430
3430
3430
3430
3420
3420
3420
3410
3410
3410
3410
3410
3410
3410
3410
3410
3410
3410
3410
3410
3410
3410
3410
3410
3410
3400
3400
3400
3400
3400
3400
3400
3400
3400
3400
3400
3400
3400
3400
3400
3400
3400
3400
3400
3400
3400
3400
3400
3400
3400
3400
3400
3400
3400
3400
3400
3400
3400
3400
3400
3400
3400
3400
3400

Group 0
Block 0: Technische Informatik 1                | Fremdsprachen                          | Mathematik 1                           | Technische Informatik 1                | Theoretische Informatik 1              | 
Block 1: Informatik 1                           | Fremdsprachen                          | Informatik 1                           | Mathematik 1 Labor                     | Technische Informatik 1 Übung          | 
Block 2: Informatik 1 Übung                     | Theoretische Informatik 1              | ---------------------------------------| ---------------------------------------| Mathematik 1 Labor                     | 
Block 3: ---------------------------------------| ---------------------------------------| ---------------------------------------| ---------------------------------------| Mathematik 1                           | 
Block 4: ---------------------------------------| ---------------------------------------| ---------------------------------------| ---------------------------------------| ---------------------------------------| 
Block 5: ---------------------------------------| ---------------------------------------| ---------------------------------------| ---------------------------------------| ---------------------------------------| 

Group 1
Block 0: Web-Programming                        | Sprachen und Metasprachen              | Softwarelabor                          | Informatik 2                           | Softwarelabor                          | 
Block 1: Mathematik 2                           | Digital-Labor                          | Softwarelabor                          | Informatik 2 Übung                     | Softwarelabor                          | 
Block 2: Informatik 2                           | Digital-Labor                          | ---------------------------------------| Technische Informatik 2                | Informatik 2 Übung                     | 
Block 3: ---------------------------------------| Digital-Labor                          | ---------------------------------------| ---------------------------------------| Technische Informatik 2                | 
Block 4: ---------------------------------------| Mathematik 2 Labor                     | ---------------------------------------| ---------------------------------------| ---------------------------------------| 
Block 5: ---------------------------------------| ---------------------------------------| ---------------------------------------| ---------------------------------------| ---------------------------------------| 

Group 2
Block 0: IT Service Management                  | Mobile Systeme                         | ---------------------------------------| Modellierung und Simulation            | IT Projektmanagement                   | 
Block 1: Datenrepräsentation und -übertragung   | Verteilte Informationssysteme          | ---------------------------------------| Intelligente Systeme                   | Visualization and Semantics            | 
Block 2: ---------------------------------------| ---------------------------------------| ---------------------------------------| Visualization and Semantics Lab        | ---------------------------------------| 
Block 3: ---------------------------------------| Projektarbeit1                         | ---------------------------------------| ---------------------------------------| ---------------------------------------| 
Block 4: ---------------------------------------| Projektarbeit1                         | ---------------------------------------| ---------------------------------------| ---------------------------------------| 
Block 5: ---------------------------------------| Projektarbeit1                         | Führungskräftetraining                 | ---------------------------------------| ---------------------------------------| 

Group 3
Block 0: ---------------------------------------| Algorithmen Übung                      | Data Mining                            | Algorithmenentwurf                     | ---------------------------------------| 
Block 1: ---------------------------------------| IT-Sicherheit                          | Angewandte Kryptografie                | Labor Verteilte Systeme                | ---------------------------------------| 
Block 2: ---------------------------------------| Labor Benutzeroberflächen              | ---------------------------------------| Dialog Systems                         | ---------------------------------------| 
Block 3: ---------------------------------------| ---------------------------------------| ---------------------------------------| ---------------------------------------| ---------------------------------------| 
Block 4: ---------------------------------------| ---------------------------------------| ---------------------------------------| ---------------------------------------| Projektarbeit2                         | 
Block 5: ---------------------------------------| ---------------------------------------| ---------------------------------------| Seminar                                | Projektarbeit2                         | 
</DebugTrace>
      </Output>
    </UnitTestResult>
  </Results>
</TestRun>