<?xml version="1.0" encoding="UTF-8"?>
<TestRun id="38e31ec2-3a6c-4f0b-9479-5f25ebd75138" name="FloLap@FLOLAP-PC 2011-10-23 11:32:20" runUser="FloLap-PC\FloLap" xmlns="http://microsoft.com/schemas/VisualStudio/TeamTest/2010">
  <TestSettings name="Lokal" id="6ed96bb3-d821-4eee-a79d-3a3069da9890">
    <Description>Dies sind die standardmäßigen Testeinstellungen für einen lokalen Testlauf.</Description>
    <Deployment enabled="false" runDeploymentRoot="FloLap_FLOLAP-PC 2011-10-23 11_32_20">
      <DeploymentItem filename="E:\HsKA\Semester2\Projektarbeit\Stundenplangenerator\TimetablePlanner\TimetablePlanner\bin\Debug\TimetablePlanner.dll" />
    </Deployment>
    <Execution>
      <TestTypeSpecific />
      <AgentRule name="Execution Agents">
      </AgentRule>
    </Execution>
  </TestSettings>
  <Times creation="2011-10-23T11:32:20.8717742+02:00" queuing="2011-10-23T11:32:21.7428240+02:00" start="2011-10-23T11:32:21.8378295+02:00" finish="2011-10-23T11:32:32.5779255+02:00" />
  <ResultSummary outcome="Completed">
    <Counters total="1" executed="1" passed="1" error="0" failed="0" timeout="0" aborted="0" inconclusive="0" passedButRunAborted="0" notRunnable="0" notExecuted="0" disconnected="0" warning="0" completed="0" inProgress="0" pending="0" />
  </ResultSummary>
  <TestDefinitions>
    <UnitTest name="TimetableManualTester" storage="e:\hska\semester2\projektarbeit\stundenplangenerator\timetableplanner\timetableplannertests\bin\debug\timetableplannertests.dll" id="3ada0cc6-2a4d-2d63-7d9f-97d4d443b0f3">
      <Execution id="87bd9b2b-0211-4b3f-a653-12605e2ace32" />
      <TestMethod codeBase="E:/HsKA/Semester2/Projektarbeit/Stundenplangenerator/TimetablePlanner/TimetablePlannerTests/bin/Debug/TimetablePlannerTests.DLL" adapterTypeName="Microsoft.VisualStudio.TestTools.TestTypes.Unit.UnitTestAdapter, Microsoft.VisualStudio.QualityTools.Tips.UnitTest.Adapter, Version=10.0.0.0, Culture=neutral, PublicKeyToken=b03f5f7f11d50a3a" className="TimetablePlannerTests.TimetableTest, TimetablePlannerTests, Version=1.0.0.0, Culture=neutral, PublicKeyToken=null" name="TimetableManualTester" />
    </UnitTest>
  </TestDefinitions>
  <TestLists>
    <TestList name="Nicht in einer Liste enthaltene Ergebnisse" id="8c84fa94-04c1-424b-9868-57a2d4851a1d" />
    <TestList name="Alle geladenen Ergebnisse" id="19431567-8539-422a-85d7-44ee4e166bda" />
  </TestLists>
  <TestEntries>
    <TestEntry testId="3ada0cc6-2a4d-2d63-7d9f-97d4d443b0f3" executionId="87bd9b2b-0211-4b3f-a653-12605e2ace32" testListId="8c84fa94-04c1-424b-9868-57a2d4851a1d" />
  </TestEntries>
  <Results>
    <UnitTestResult executionId="87bd9b2b-0211-4b3f-a653-12605e2ace32" testId="3ada0cc6-2a4d-2d63-7d9f-97d4d443b0f3" testName="TimetableManualTester" computerName="FLOLAP-PC" duration="00:00:09.4187402" startTime="2011-10-23T11:32:21.8768317+02:00" endTime="2011-10-23T11:32:32.4843253+02:00" testType="13cdc9d9-ddb5-4fa4-a97d-d965ccfc6d4b" outcome="Passed" testListId="8c84fa94-04c1-424b-9868-57a2d4851a1d" relativeResultsDirectory="87bd9b2b-0211-4b3f-a653-12605e2ace32">
      <Output>
        <DebugTrace>Time to create population of size 75: 606ms
1330
1310
1200
1190
1170
1140
1090
1070
1050
960
950
920
880
880
880
870
840
840
830
830
800
790
770
770
750
750
740
730
710
690
690
680
680
670
670
650
640
620
590
560
530
520
500
490
480
480
460
450
440
440
440
430
350
320
320
310
310
300
250
240
200
190
130
110
110
100
90
30
-90
-190
-530
-580
-590
-800
-1080
Early abort after 164 generations.
Mean time per generation: 39ms
Mean fitness increase per generation
365
148
143
117
82
78
58
56
56
42
37
36
38
29
36
42
40
44
42
46
35
41
38
31
23
29
35
17
16
20
15
24
22
17
21
20
21
21
22
19
12
22
17
16
12
12
14
14
15
12
19
18
13
14
14
18
15
14
16
16
15
13
17
9
10
6
10
12
9
9
7
12
8
9
9
7
10
7
7
7
6
2
9
7
6
4
11
8
9
8
6
7
9
12
10
7
10
8
10
6
9
8
5
6
9
11
7
9
5
4
8
4
3
3
4
1
5
3
3
4
5
4
3
2
4
5
2
5
2
4
5
4
4
3
2
2
2
2
5
4
5
3
2
1
6
2
2
1
3
2
2
3
3
1
2
2
1
3
2
3
1
2
1
1
0
Evolution time: 6639ms
3470
3460
3460
3460
3450
3450
3450
3450
3450
3450
3450
3440
3440
3440
3440
3440
3440
3440
3440
3430
3430
3430
3430
3430
3430
3430
3430
3430
3430
3430
3430
3430
3430
3430
3430
3430
3430
3430
3430
3430
3430
3430
3430
3430
3430
3430
3430
3430
3430
3430
3420
3420
3420
3420
3420
3420
3420
3420
3420
3420
3420
3420
3420
3420
3420
3420
3420
3420
3420
3420
3420
3420
3420
3420
3420

Group 0
Block 0: Technische Informatik 1                | Mathematik 1 Labor                     | Theoretische Informatik 1              | Informatik 1                           | Informatik 1 Übung                     | 
Block 1: Theoretische Informatik 1              | Mathematik 1                           | Mathematik 1 Labor                     | Fremdsprachen                          | Informatik 1                           | 
Block 2: Technische Informatik 1 Übung          | Technische Informatik 1                | ---------------------------------------| Fremdsprachen                          | ---------------------------------------| 
Block 3: Mathematik 1                           | ---------------------------------------| ---------------------------------------| ---------------------------------------| ---------------------------------------| 
Block 4: ---------------------------------------| ---------------------------------------| ---------------------------------------| ---------------------------------------| ---------------------------------------| 
Block 5: ---------------------------------------| ---------------------------------------| ---------------------------------------| ---------------------------------------| ---------------------------------------| 

Group 1
Block 0: Softwarelabor                          | Mathematik 2 Labor                     | Informatik 2 Übung                     | Digital-Labor                          | Technische Informatik 2                | 
Block 1: Softwarelabor                          | Technische Informatik 2                | Web-Programming                        | Digital-Labor                          | Informatik 2                           | 
Block 2: Mathematik 2                           | Informatik 2                           | ---------------------------------------| Digital-Labor                          | Sprachen und Metasprachen              | 
Block 3: ---------------------------------------| ---------------------------------------| ---------------------------------------| Informatik 2 Übung                     | Softwarelabor                          | 
Block 4: ---------------------------------------| ---------------------------------------| ---------------------------------------| ---------------------------------------| Softwarelabor                          | 
Block 5: ---------------------------------------| ---------------------------------------| ---------------------------------------| ---------------------------------------| ---------------------------------------| 

Group 2
Block 0: ---------------------------------------| IT Projektmanagement                   | Verteilte Informationssysteme          | ---------------------------------------| Modellierung und Simulation            | 
Block 1: ---------------------------------------| Mobile Systeme                         | Datenrepräsentation und -übertragung   | ---------------------------------------| Visualization and Semantics            | 
Block 2: ---------------------------------------| Intelligente Systeme                   | ---------------------------------------| ---------------------------------------| IT Service Management                  | 
Block 3: ---------------------------------------| Projektarbeit1                         | ---------------------------------------| ---------------------------------------| Visualization and Semantics Lab        | 
Block 4: ---------------------------------------| Projektarbeit1                         | ---------------------------------------| ---------------------------------------| ---------------------------------------| 
Block 5: ---------------------------------------| Projektarbeit1                         | Führungskräftetraining                 | ---------------------------------------| ---------------------------------------| 

Group 3
Block 0: Angewandte Kryptografie                | ---------------------------------------| IT-Sicherheit                          | Labor Benutzeroberflächen              | Labor Verteilte Systeme                | 
Block 1: Algorithmen Übung                      | ---------------------------------------| Dialog Systems                         | Data Mining                            | ---------------------------------------| 
Block 2: ---------------------------------------| ---------------------------------------| ---------------------------------------| Algorithmenentwurf                     | ---------------------------------------| 
Block 3: ---------------------------------------| ---------------------------------------| ---------------------------------------| ---------------------------------------| ---------------------------------------| 
Block 4: Projektarbeit2                         | ---------------------------------------| ---------------------------------------| ---------------------------------------| ---------------------------------------| 
Block 5: Projektarbeit2                         | ---------------------------------------| ---------------------------------------| Seminar                                | ---------------------------------------| 
</DebugTrace>
      </Output>
    </UnitTestResult>
  </Results>
</TestRun>