<?xml version="1.0" encoding="UTF-8"?>
<TestRun id="c657466f-7b26-4a76-bbca-65cd7d658ac3" name="FloLap@FLOLAP-PC 2011-10-28 10:41:26" runUser="FloLap-PC\FloLap" xmlns="http://microsoft.com/schemas/VisualStudio/TeamTest/2010">
  <TestSettings name="Lokal" id="6ed96bb3-d821-4eee-a79d-3a3069da9890">
    <Description>Dies sind die standardmäßigen Testeinstellungen für einen lokalen Testlauf.</Description>
    <Deployment enabled="false" runDeploymentRoot="FloLap_FLOLAP-PC 2011-10-28 10_41_26">
      <DeploymentItem filename="E:\HsKA\Semester2\Projektarbeit\Stundenplangenerator\TimetablePlanner\TimetablePlanner\bin\Debug\TimetablePlanner.dll" />
    </Deployment>
    <Execution>
      <TestTypeSpecific />
      <AgentRule name="Execution Agents">
      </AgentRule>
    </Execution>
  </TestSettings>
  <Times creation="2011-10-28T10:41:26.2262153+02:00" queuing="2011-10-28T10:41:27.2516661+02:00" start="2011-10-28T10:41:27.3376711+02:00" finish="2011-10-28T10:42:29.8656427+02:00" />
  <ResultSummary outcome="Error">
    <Counters total="1" error="0" failed="0" timeout="0" aborted="0" inconclusive="0" passedButRunAborted="0" notRunnable="0" notExecuted="0" disconnected="0" warning="0" passed="0" completed="0" inProgress="0" pending="0" />
    <RunInfos>
      <RunInfo computerName="FLOLAP-PC" outcome="Error" timestamp="2011-10-28T10:42:29.8626425+02:00">
        <Text>Der Testhostprozess wurde unerwartet beendet.</Text>
      </RunInfo>
    </RunInfos>
  </ResultSummary>
  <TestDefinitions>
    <UnitTest name="TimetableManualTester" storage="e:\hska\semester2\projektarbeit\stundenplangenerator\timetableplanner\timetableplannertests\bin\debug\timetableplannertests.dll" id="3ada0cc6-2a4d-2d63-7d9f-97d4d443b0f3">
      <Execution id="06ac2c8f-f2f0-461e-84c9-e7d97289d603" />
      <TestMethod codeBase="E:/HsKA/Semester2/Projektarbeit/Stundenplangenerator/TimetablePlanner/TimetablePlannerTests/bin/Debug/TimetablePlannerTests.DLL" adapterTypeName="Microsoft.VisualStudio.TestTools.TestTypes.Unit.UnitTestAdapter, Microsoft.VisualStudio.QualityTools.Tips.UnitTest.Adapter, Version=10.0.0.0, Culture=neutral, PublicKeyToken=b03f5f7f11d50a3a" className="TimetablePlannerTests.TimetableTest, TimetablePlannerTests, Version=1.0.0.0, Culture=neutral, PublicKeyToken=null" name="TimetableManualTester" />
    </UnitTest>
  </TestDefinitions>
  <TestLists>
    <TestList name="Nicht in einer Liste enthaltene Ergebnisse" id="8c84fa94-04c1-424b-9868-57a2d4851a1d" />
    <TestList name="Alle geladenen Ergebnisse" id="19431567-8539-422a-85d7-44ee4e166bda" />
  </TestLists>
  <TestEntries>
    <TestEntry testId="3ada0cc6-2a4d-2d63-7d9f-97d4d443b0f3" executionId="06ac2c8f-f2f0-461e-84c9-e7d97289d603" testListId="8c84fa94-04c1-424b-9868-57a2d4851a1d" />
  </TestEntries>
  <Results>
    <UnitTestResult executionId="06ac2c8f-f2f0-461e-84c9-e7d97289d603" testId="3ada0cc6-2a4d-2d63-7d9f-97d4d443b0f3" testName="TimetableManualTester" computerName="FLOLAP-PC" duration="00:00:36.1084309" startTime="2011-10-28T10:41:27.3756732+02:00" testType="13cdc9d9-ddb5-4fa4-a97d-d965ccfc6d4b" outcome="Failed" testListId="8c84fa94-04c1-424b-9868-57a2d4851a1d" relativeResultsDirectory="06ac2c8f-f2f0-461e-84c9-e7d97289d603">
      <Output>
        <DebugTrace>Time to create population of size 50: 17730ms
3510
3420
3080
3030
2950
2940
2890
2770
2750
2700
2690
2590
2580
2580
2470
2410
2370
2360
2260
2200
2170
2150
2130
2110
1950
1890
1860
1780
1750
1730
1720
1660
1640
1620
1620
1540
1530
1530
1510
1510
1420
1400
1240
1220
1140
1140
1010
920
800
510
</DebugTrace>
        <ErrorInfo>
          <Message>Die TimetablePlannerTests.TimetableTest.TimetableManualTester-Testmethode hat eine Ausnahme ausgelöst: System.ArgumentOutOfRangeException: Der Index lag außerhalb des Bereichs. Er muss nicht negativ und kleiner als die Auflistung sein.
Parametername: index</Message>
          <StackTrace>    bei System.ThrowHelper.ThrowArgumentOutOfRangeException()
   bei System.Collections.Generic.List`1.get_Item(Int32 index)
   bei TimetablePlanner.TimetableGenerator.PerformEvolution(Int32 numberOfGenerations) in E:\HsKA\Semester2\Projektarbeit\Stundenplangenerator\TimetablePlanner\TimetablePlanner\TimetableGenerator.cs:Zeile 282.
   bei TimetablePlannerTests.TimetableTest.TimetableManualTester() in E:\HsKA\Semester2\Projektarbeit\Stundenplangenerator\TimetablePlanner\TimetablePlannerTests\TimetableDataReaderTest.cs:Zeile 36.
</StackTrace>
        </ErrorInfo>
      </Output>
    </UnitTestResult>
  </Results>
</TestRun>