<?xml version="1.0" encoding="UTF-8"?>
<TestRun id="d9945bbb-b81d-417c-a7a3-3b8d68906444" name="FloLap@FLOLAP-PC 2011-10-19 19:43:24" runUser="FloLap-PC\FloLap" xmlns="http://microsoft.com/schemas/VisualStudio/TeamTest/2010">
  <TestSettings name="Lokal" id="6ed96bb3-d821-4eee-a79d-3a3069da9890">
    <Description>Dies sind die standardmäßigen Testeinstellungen für einen lokalen Testlauf.</Description>
    <Deployment enabled="false" runDeploymentRoot="FloLap_FLOLAP-PC 2011-10-19 19_43_24">
      <DeploymentItem filename="E:\HsKA\Semester2\Projektarbeit\Stundenplangenerator\TimetablePlanner\TimetablePlanner\bin\Debug\TimetablePlanner.dll" />
    </Deployment>
    <Execution>
      <TestTypeSpecific />
      <AgentRule name="Execution Agents">
      </AgentRule>
    </Execution>
  </TestSettings>
  <Times creation="2011-10-19T19:43:24.6638187+02:00" queuing="2011-10-19T19:43:25.6586470+02:00" start="2011-10-19T19:43:25.7366472+02:00" finish="2011-10-19T19:43:36.1209594+02:00" />
  <ResultSummary outcome="Completed">
    <Counters total="1" executed="1" passed="1" error="0" failed="0" timeout="0" aborted="0" inconclusive="0" passedButRunAborted="0" notRunnable="0" notExecuted="0" disconnected="0" warning="0" completed="0" inProgress="0" pending="0" />
  </ResultSummary>
  <TestDefinitions>
    <UnitTest name="createTimetableInstanceTest" storage="e:\hska\semester2\projektarbeit\stundenplangenerator\timetableplanner\timetableplannertests\bin\debug\timetableplannertests.dll" id="ab441b29-9837-01bf-f43f-7839c8f73716">
      <Execution id="69e7c3ec-5a1d-4ee4-bb29-354514a08906" />
      <TestMethod codeBase="E:/HsKA/Semester2/Projektarbeit/Stundenplangenerator/TimetablePlanner/TimetablePlannerTests/bin/Debug/TimetablePlannerTests.DLL" adapterTypeName="Microsoft.VisualStudio.TestTools.TestTypes.Unit.UnitTestAdapter, Microsoft.VisualStudio.QualityTools.Tips.UnitTest.Adapter, Version=10.0.0.0, Culture=neutral, PublicKeyToken=b03f5f7f11d50a3a" className="TimetablePlannerTests.TimetableTest, TimetablePlannerTests, Version=1.0.0.0, Culture=neutral, PublicKeyToken=null" name="createTimetableInstanceTest" />
    </UnitTest>
  </TestDefinitions>
  <TestLists>
    <TestList name="Nicht in einer Liste enthaltene Ergebnisse" id="8c84fa94-04c1-424b-9868-57a2d4851a1d" />
    <TestList name="Alle geladenen Ergebnisse" id="19431567-8539-422a-85d7-44ee4e166bda" />
  </TestLists>
  <TestEntries>
    <TestEntry testId="ab441b29-9837-01bf-f43f-7839c8f73716" executionId="69e7c3ec-5a1d-4ee4-bb29-354514a08906" testListId="8c84fa94-04c1-424b-9868-57a2d4851a1d" />
  </TestEntries>
  <Results>
    <UnitTestResult executionId="69e7c3ec-5a1d-4ee4-bb29-354514a08906" testId="ab441b29-9837-01bf-f43f-7839c8f73716" testName="createTimetableInstanceTest" computerName="FLOLAP-PC" duration="00:00:09.0321716" startTime="2011-10-19T19:43:25.7834472+02:00" endTime="2011-10-19T19:43:36.0339544+02:00" testType="13cdc9d9-ddb5-4fa4-a97d-d965ccfc6d4b" outcome="Passed" testListId="8c84fa94-04c1-424b-9868-57a2d4851a1d" relativeResultsDirectory="69e7c3ec-5a1d-4ee4-bb29-354514a08906">
      <Output>
        <DebugTrace>Time to create population of size 75: 577ms
672
643
582
553
545
518
505
478
461
444
443
440
435
410
407
402
398
379
369
367
330
327
325
325
314
314
313
311
307
296
293
288
279
275
272
256
251
248
243
232
227
220
213
206
199
197
196
193
192
189
181
181
179
178
176
165
159
154
150
138
136
123
110
89
89
78
73
56
-13
-16
-103
-112
-126
-176
-313
Early abort after 178 generations.
Mean time per generation: 44ms
Mean fitness increase per generation
148
65
62
49
42
41
21
16
13
13
11
14
11
15
14
14
15
8
9
13
11
11
14
15
16
16
12
14
13
13
10
8
10
11
14
13
12
9
8
11
6
7
6
4
4
3
6
11
8
3
2
5
3
4
2
2
4
3
2
4
4
2
2
4
4
6
4
5
3
2
5
3
2
3
3
3
1
1
1
2
2
1
0
2
2
1
2
2
2
3
4
1
1
3
2
0
2
2
1
2
2
2
2
1
2
1
0
1
0
1
2
1
1
2
2
0
2
2
0
1
1
1
1
1
0
1
0
1
1
1
2
0
1
1
1
2
2
1
2
1
3
1
3
2
2
2
1
0
1
2
1
1
1
1
1
2
2
1
1
1
1
1
1
2
1
2
3
0
2
0
1
2
0
2
2
2
1
2
0
Evolution time: 8054ms
1395
1392
1390
1390
1390
1386
1384
1384
1381
1381
1380
1380
1380
1380
1377
1377
1377
1376
1376
1375
1375
1374
1374
1374
1372
1372
1372
1371
1371
1371
1371
1370
1369
1367
1367
1367
1367
1367
1367
1367
1367
1366
1366
1366
1366
1366
1366
1366
1365
1365
1365
1365
1365
1364
1364
1364
1364
1364
1364
1363
1363
1362
1362
1362
1362
1362
1362
1362
1362
1361
1361
1361
1361
1361
1360

Group 0
Block 0: 000 012 002 006 011 
Block 1: 004 012 003 010 007 
Block 2: 001 005 --- 009 008 
Block 3: --- --- --- --- --- 
Block 4: --- --- --- --- --- 
Block 5: --- --- --- --- --- 

Group 1
Block 0: 021 013 023 025 017 
Block 1: 016 019 020 025 017 
Block 2: 022 015 --- 025 024 
Block 3: --- 018 --- --- --- 
Block 4: --- 018 --- 014 --- 
Block 5: --- --- --- --- --- 

Group 2
Block 0: 030 031 --- 027 026 
Block 1: 035 032 --- 028 --- 
Block 2: 029 --- --- --- --- 
Block 3: x36 --- 033 --- --- 
Block 4: --- --- --- --- --- 
Block 5: x34 --- --- --- --- 

Group 3
Block 0: 039 040 038 043 042 
Block 1: --- --- 037 --- 041 
Block 2: --- --- --- --- 044 
Block 3: --- --- --- --- x45 
Block 4: --- --- --- --- x45 
Block 5: --- --- --- --- x46 
</DebugTrace>
      </Output>
    </UnitTestResult>
  </Results>
</TestRun>