<?xml version="1.0" encoding="UTF-8"?>
<TestRun id="2577649b-c835-4344-bb78-34fe76ce0777" name="FloLap@FLOLAP-PC 2011-10-28 10:02:04" runUser="FloLap-PC\FloLap" xmlns="http://microsoft.com/schemas/VisualStudio/TeamTest/2010">
  <TestSettings name="Lokal" id="6ed96bb3-d821-4eee-a79d-3a3069da9890">
    <Description>Dies sind die standardmäßigen Testeinstellungen für einen lokalen Testlauf.</Description>
    <Deployment enabled="false" runDeploymentRoot="FloLap_FLOLAP-PC 2011-10-28 10_02_04">
      <DeploymentItem filename="E:\HsKA\Semester2\Projektarbeit\Stundenplangenerator\TimetablePlanner\TimetablePlanner\bin\Debug\TimetablePlanner.dll" />
    </Deployment>
    <Execution>
      <TestTypeSpecific />
      <AgentRule name="Execution Agents">
      </AgentRule>
    </Execution>
  </TestSettings>
  <Times creation="2011-10-28T10:02:04.3547900+02:00" queuing="2011-10-28T10:02:05.4311919+02:00" start="2011-10-28T10:02:05.5247921+02:00" finish="2011-10-28T10:02:37.2989595+02:00" />
  <ResultSummary outcome="Completed">
    <Counters total="1" executed="1" passed="1" error="0" failed="0" timeout="0" aborted="0" inconclusive="0" passedButRunAborted="0" notRunnable="0" notExecuted="0" disconnected="0" warning="0" completed="0" inProgress="0" pending="0" />
  </ResultSummary>
  <TestDefinitions>
    <UnitTest name="TimetableManualTester" storage="e:\hska\semester2\projektarbeit\stundenplangenerator\timetableplanner\timetableplannertests\bin\debug\timetableplannertests.dll" id="3ada0cc6-2a4d-2d63-7d9f-97d4d443b0f3">
      <Execution id="517b100d-715d-4547-bde8-420bfd7fa74a" />
      <TestMethod codeBase="E:/HsKA/Semester2/Projektarbeit/Stundenplangenerator/TimetablePlanner/TimetablePlannerTests/bin/Debug/TimetablePlannerTests.DLL" adapterTypeName="Microsoft.VisualStudio.TestTools.TestTypes.Unit.UnitTestAdapter, Microsoft.VisualStudio.QualityTools.Tips.UnitTest.Adapter, Version=10.0.0.0, Culture=neutral, PublicKeyToken=b03f5f7f11d50a3a" className="TimetablePlannerTests.TimetableTest, TimetablePlannerTests, Version=1.0.0.0, Culture=neutral, PublicKeyToken=null" name="TimetableManualTester" />
    </UnitTest>
  </TestDefinitions>
  <TestLists>
    <TestList name="Nicht in einer Liste enthaltene Ergebnisse" id="8c84fa94-04c1-424b-9868-57a2d4851a1d" />
    <TestList name="Alle geladenen Ergebnisse" id="19431567-8539-422a-85d7-44ee4e166bda" />
  </TestLists>
  <TestEntries>
    <TestEntry testId="3ada0cc6-2a4d-2d63-7d9f-97d4d443b0f3" executionId="517b100d-715d-4547-bde8-420bfd7fa74a" testListId="8c84fa94-04c1-424b-9868-57a2d4851a1d" />
  </TestEntries>
  <Results>
    <UnitTestResult executionId="517b100d-715d-4547-bde8-420bfd7fa74a" testId="3ada0cc6-2a4d-2d63-7d9f-97d4d443b0f3" testName="TimetableManualTester" computerName="FLOLAP-PC" duration="00:00:30.4016838" startTime="2011-10-28T10:02:05.5871922+02:00" endTime="2011-10-28T10:02:37.1799527+02:00" testType="13cdc9d9-ddb5-4fa4-a97d-d965ccfc6d4b" outcome="Passed" testListId="8c84fa94-04c1-424b-9868-57a2d4851a1d" relativeResultsDirectory="517b100d-715d-4547-bde8-420bfd7fa74a">
      <Output>
        <DebugTrace>Time to create population of size 50: 14998ms
3040
2475
2410
2265
2245
2205
2190
2080
1835
1825
1745
1720
1705
1690
1690
1575
1535
1525
1515
1490
1490
1465
1455
1440
1435
1400
1395
1370
1360
1355
1235
1225
1220
1150
1140
1080
1070
1065
1050
965
955
860
810
695
645
620
350
280
200
95
Early abort after 298 generations.
Mean time per generation: 49ms
Mean fitness increase per generation
447
310
297
248
240
176
76
76
70
69
76
64
57
66
69
68
60
60
49
64
61
47
45
37
42
52
58
39
47
58
59
54
73
49
43
45
34
58
61
41
43
44
40
40
42
53
55
48
51
43
49
33
31
39
44
33
26
41
34
35
26
24
28
20
23
32
22
25
29
31
29
20
33
29
21
39
17
25
27
24
20
25
19
33
31
26
34
32
17
21
22
29
35
31
33
33
22
30
19
29
26
24
18
17
16
17
15
15
26
14
13
13
19
20
15
15
19
21
30
27
19
13
22
16
15
23
14
20
17
9
9
6
10
14
9
14
12
15
17
18
17
22
14
18
19
26
27
34
20
24
27
17
19
29
26
19
35
20
23
15
14
19
13
15
14
15
13
8
12
16
7
6
13
9
10
5
13
10
16
10
14
13
10
8
7
9
10
10
4
9
10
12
8
9
18
10
6
10
12
15
8
21
10
9
8
9
13
12
14
12
5
6
10
9
10
4
10
10
9
7
10
8
11
9
5
14
4
17
8
7
11
11
9
12
8
8
3
11
10
7
6
6
8
12
8
8
10
5
4
6
12
2
11
11
8
6
7
10
6
11
9
9
8
1
3
4
2
4
5
1
6
3
2
3
3
3
8
0
6
6
3
10
3
7
4
6
2
1
3
5
6
3
5
2
7
6
4
9
3
Evolution time: 14927ms
9295
9280
9280
9265
9255
9250
9250
9235
9235
9235
9230
9220
9220
9220
9220
9220
9220
9220
9215
9205
9205
9200
9195
9190
9190
9190
9190
9190
9190
9185
9175
9175
9175
9175
9175
9175
9175
9175
9175
9175
9175
9175
9175
9175
9175
9165
9165
9165
9165
9160
</DebugTrace>
      </Output>
    </UnitTestResult>
  </Results>
</TestRun>