<?xml version="1.0" encoding="UTF-8"?>
<TestRun id="4bd848ff-1bcd-480e-8ee2-354123685a3b" name="FloLap@FLOLAP-PC 2011-10-28 10:04:51" runUser="FloLap-PC\FloLap" xmlns="http://microsoft.com/schemas/VisualStudio/TeamTest/2010">
  <TestSettings name="Lokal" id="6ed96bb3-d821-4eee-a79d-3a3069da9890">
    <Description>Dies sind die standardmäßigen Testeinstellungen für einen lokalen Testlauf.</Description>
    <Deployment enabled="false" runDeploymentRoot="FloLap_FLOLAP-PC 2011-10-28 10_04_51">
      <DeploymentItem filename="E:\HsKA\Semester2\Projektarbeit\Stundenplangenerator\TimetablePlanner\TimetablePlanner\bin\Debug\TimetablePlanner.dll" />
    </Deployment>
    <Execution>
      <TestTypeSpecific />
      <AgentRule name="Execution Agents">
      </AgentRule>
    </Execution>
  </TestSettings>
  <Times creation="2011-10-28T10:04:51.9220523+02:00" queuing="2011-10-28T10:04:53.0724757+02:00" start="2011-10-28T10:04:53.1504759+02:00" finish="2011-10-28T10:05:24.7351580+02:00" />
  <ResultSummary outcome="Completed">
    <Counters total="1" executed="1" passed="1" error="0" failed="0" timeout="0" aborted="0" inconclusive="0" passedButRunAborted="0" notRunnable="0" notExecuted="0" disconnected="0" warning="0" completed="0" inProgress="0" pending="0" />
  </ResultSummary>
  <TestDefinitions>
    <UnitTest name="TimetableManualTester" storage="e:\hska\semester2\projektarbeit\stundenplangenerator\timetableplanner\timetableplannertests\bin\debug\timetableplannertests.dll" id="3ada0cc6-2a4d-2d63-7d9f-97d4d443b0f3">
      <Execution id="725e8540-75cb-4f63-a5d0-659d92a625db" />
      <TestMethod codeBase="E:/HsKA/Semester2/Projektarbeit/Stundenplangenerator/TimetablePlanner/TimetablePlannerTests/bin/Debug/TimetablePlannerTests.DLL" adapterTypeName="Microsoft.VisualStudio.TestTools.TestTypes.Unit.UnitTestAdapter, Microsoft.VisualStudio.QualityTools.Tips.UnitTest.Adapter, Version=10.0.0.0, Culture=neutral, PublicKeyToken=b03f5f7f11d50a3a" className="TimetablePlannerTests.TimetableTest, TimetablePlannerTests, Version=1.0.0.0, Culture=neutral, PublicKeyToken=null" name="TimetableManualTester" />
    </UnitTest>
  </TestDefinitions>
  <TestLists>
    <TestList name="Nicht in einer Liste enthaltene Ergebnisse" id="8c84fa94-04c1-424b-9868-57a2d4851a1d" />
    <TestList name="Alle geladenen Ergebnisse" id="19431567-8539-422a-85d7-44ee4e166bda" />
  </TestLists>
  <TestEntries>
    <TestEntry testId="3ada0cc6-2a4d-2d63-7d9f-97d4d443b0f3" executionId="725e8540-75cb-4f63-a5d0-659d92a625db" testListId="8c84fa94-04c1-424b-9868-57a2d4851a1d" />
  </TestEntries>
  <Results>
    <UnitTestResult executionId="725e8540-75cb-4f63-a5d0-659d92a625db" testId="3ada0cc6-2a4d-2d63-7d9f-97d4d443b0f3" testName="TimetableManualTester" computerName="FLOLAP-PC" duration="00:00:30.2140059" startTime="2011-10-28T10:04:53.1816759+02:00" endTime="2011-10-28T10:05:24.6141510+02:00" testType="13cdc9d9-ddb5-4fa4-a97d-d965ccfc6d4b" outcome="Passed" testListId="8c84fa94-04c1-424b-9868-57a2d4851a1d" relativeResultsDirectory="725e8540-75cb-4f63-a5d0-659d92a625db">
      <Output>
        <DebugTrace>Time to create population of size 50: 14480ms
3940
3610
3580
3320
2930
2820
2730
2590
2590
2590
2570
2550
2540
2510
2490
2460
2430
2390
2380
2360
2340
2230
2140
2130
2060
1960
1950
1940
1920
1920
1900
1900
1820
1800
1760
1750
1630
1410
1400
1380
1260
1140
1090
1020
940
890
870
620
510
440
Early abort after 286 generations.
Mean time per generation: 52ms
Mean fitness increase per generation
635
323
396
340
195
95
87
89
84
85
81
97
94
95
110
132
125
102
101
91
54
64
76
83
52
52
76
74
48
70
48
43
57
47
59
64
54
52
72
72
57
48
36
27
33
30
21
43
34
62
45
34
36
29
31
29
25
21
17
46
25
38
27
29
31
25
38
37
41
32
43
41
46
41
29
34
32
29
43
39
41
30
28
28
39
31
38
51
47
49
50
38
25
22
24
13
25
28
19
32
19
39
38
28
24
32
16
19
30
45
37
22
39
39
43
19
31
22
12
26
29
27
21
14
11
18
9
28
16
27
19
18
25
15
18
19
19
16
20
12
18
22
18
21
26
27
36
19
26
37
47
25
31
15
21
27
20
14
15
17
21
9
19
12
15
10
14
10
13
14
12
5
11
6
14
14
9
10
13
8
15
8
10
9
12
10
4
11
14
16
13
16
16
11
23
22
30
26
40
24
29
27
16
24
11
13
14
8
15
2
11
4
8
15
5
10
11
9
14
7
15
14
9
6
7
7
14
12
5
5
10
11
5
7
10
18
15
11
14
16
10
15
5
3
10
8
13
7
8
10
7
1
4
4
5
9
7
4
9
10
6
4
3
8
7
4
5
6
7
3
11
10
5
3
3
6
10
7
4
0
8
7
2
4
6
9
8
Evolution time: 15257ms
11530
11510
11510
11510
11510
11510
11510
11490
11490
11480
11480
11470
11470
11460
11460
11460
11460
11460
11450
11450
11450
11440
11440
11440
11440
11440
11440
11440
11430
11430
11430
11430
11420
11420
11420
11420
11420
11420
11420
11420
11420
11420
11410
11410
11410
11410
11400
11400
11400
11400
</DebugTrace>
      </Output>
    </UnitTestResult>
  </Results>
</TestRun>