<?xml version="1.0" encoding="UTF-8"?>
<TestRun id="ed4ebd54-e05f-4f0c-a4d2-c4e47eb7c6e1" name="FloLap@FLOLAP-PC 2011-10-19 15:38:09" runUser="FloLap-PC\FloLap" xmlns="http://microsoft.com/schemas/VisualStudio/TeamTest/2010">
  <TestSettings name="Lokal" id="6ed96bb3-d821-4eee-a79d-3a3069da9890">
    <Description>Dies sind die standardmäßigen Testeinstellungen für einen lokalen Testlauf.</Description>
    <Deployment enabled="false" runDeploymentRoot="FloLap_FLOLAP-PC 2011-10-19 15_38_09">
      <DeploymentItem filename="E:\HsKA\Semester2\Projektarbeit\Stundenplangenerator\TimetablePlanner\TimetablePlanner\bin\Debug\TimetablePlanner.dll" />
    </Deployment>
    <Execution>
      <TestTypeSpecific />
      <AgentRule name="Execution Agents">
      </AgentRule>
    </Execution>
  </TestSettings>
  <Times creation="2011-10-19T15:38:09.8017184+02:00" queuing="2011-10-19T15:38:10.8313202+02:00" start="2011-10-19T15:38:10.9093204+02:00" finish="2011-10-19T15:38:18.5377338+02:00" />
  <ResultSummary outcome="Completed">
    <Counters total="1" executed="1" passed="1" error="0" failed="0" timeout="0" aborted="0" inconclusive="0" passedButRunAborted="0" notRunnable="0" notExecuted="0" disconnected="0" warning="0" completed="0" inProgress="0" pending="0" />
  </ResultSummary>
  <TestDefinitions>
    <UnitTest name="createTimetableInstanceTest" storage="e:\hska\semester2\projektarbeit\stundenplangenerator\timetableplanner\timetableplannertests\bin\debug\timetableplannertests.dll" id="ab441b29-9837-01bf-f43f-7839c8f73716">
      <Execution id="9f5fcc7b-e2f6-4bd3-b769-3305cc9832a0" />
      <TestMethod codeBase="E:/HsKA/Semester2/Projektarbeit/Stundenplangenerator/TimetablePlanner/TimetablePlannerTests/bin/Debug/TimetablePlannerTests.DLL" adapterTypeName="Microsoft.VisualStudio.TestTools.TestTypes.Unit.UnitTestAdapter, Microsoft.VisualStudio.QualityTools.Tips.UnitTest.Adapter, Version=10.0.0.0, Culture=neutral, PublicKeyToken=b03f5f7f11d50a3a" className="TimetablePlannerTests.TimetableTest, TimetablePlannerTests, Version=1.0.0.0, Culture=neutral, PublicKeyToken=null" name="createTimetableInstanceTest" />
    </UnitTest>
  </TestDefinitions>
  <TestLists>
    <TestList name="Nicht in einer Liste enthaltene Ergebnisse" id="8c84fa94-04c1-424b-9868-57a2d4851a1d" />
    <TestList name="Alle geladenen Ergebnisse" id="19431567-8539-422a-85d7-44ee4e166bda" />
  </TestLists>
  <TestEntries>
    <TestEntry testId="ab441b29-9837-01bf-f43f-7839c8f73716" executionId="9f5fcc7b-e2f6-4bd3-b769-3305cc9832a0" testListId="8c84fa94-04c1-424b-9868-57a2d4851a1d" />
  </TestEntries>
  <Results>
    <UnitTestResult executionId="9f5fcc7b-e2f6-4bd3-b769-3305cc9832a0" testId="ab441b29-9837-01bf-f43f-7839c8f73716" testName="createTimetableInstanceTest" computerName="FLOLAP-PC" duration="00:00:06.2323638" startTime="2011-10-19T15:38:10.9405204+02:00" endTime="2011-10-19T15:38:18.4129336+02:00" testType="13cdc9d9-ddb5-4fa4-a97d-d965ccfc6d4b" outcome="Passed" testListId="8c84fa94-04c1-424b-9868-57a2d4851a1d" relativeResultsDirectory="9f5fcc7b-e2f6-4bd3-b769-3305cc9832a0">
      <Output>
        <DebugTrace>Time to create population of size 75: 717ms
849
837
811
804
786
776
775
773
755
749
741
741
740
740
729
728
723
722
718
708
707
706
705
700
700
699
699
699
698
697
696
691
690
684
678
678
674
674
673
667
666
665
663
661
658
657
657
652
648
646
643
640
636
632
628
625
615
613
613
610
604
603
601
598
592
592
589
588
580
575
571
562
553
536
521
Early abort after 144 generations.
Mean time per generation: 27ms
Evolution time: 3978ms
1143
1143
1143
1143
1143
1143
1143
1143
1143
1143
1143
1143
1143
1143
1143
1143
1143
1143
1143
1143
1143
1143
1143
1143
1143
1143
1143
1143
1143
1140
1140
1140
1140
1140
1140
1140
1140
1140
1140
1140
1140
1140
1140
1140
1140
1140
1140
1140
1140
1140
1140
1140
1140
1140
1140
1140
1140
1140
1140
1140
1140
1140
1140
1140
1140
1140
1140
1140
1140
1140
1140
1140
1140
1140
1140

Group 0
Block 0: 009 003 011 000 001 
Block 1: 008 006 002 004 012 
Block 2: 007 005 --- 010 012 
Block 3: --- --- --- --- --- 
Block 4: --- --- --- --- --- 
Block 5: --- --- --- --- --- 

Group 1
Block 0: 025 013 016 015 022 
Block 1: 025 018 020 017 019 
Block 2: 025 018 --- 017 024 
Block 3: 023 014 021 --- --- 
Block 4: --- --- --- --- --- 
Block 5: --- --- --- --- --- 

Group 2
Block 0: 030 035 029 026 027 
Block 1: 031 028 032 --- 033 
Block 2: --- --- --- --- 036 
Block 3: --- --- --- --- 036 
Block 4: --- 034 --- --- 036 
Block 5: --- --- --- --- --- 

Group 3
Block 0: 042 037 039 044 038 
Block 1: 043 045 040 041 --- 
Block 2: --- 045 --- --- --- 
Block 3: 046 --- --- --- --- 
Block 4: --- --- --- --- --- 
Block 5: --- --- --- --- --- 

Lecturer 0
Block 0: --- --- --- --- --- 
Block 1: --- 045 --- --- --- 
Block 2: --- 045 --- --- 036 
Block 3: 046 --- --- --- 036 
Block 4: --- --- --- --- 036 
Block 5: --- --- --- --- --- 

Lecturer 1
Block 0: --- --- --- --- --- 
Block 1: --- 018 --- 017 012 
Block 2: --- 018 --- 017 012 
Block 3: --- --- --- --- --- 
Block 4: --- --- --- --- --- 
Block 5: --- --- --- --- --- 

Lecturer 2
Block 0: --- --- --- --- --- 
Block 1: --- --- --- --- --- 
Block 2: --- --- --- --- --- 
Block 3: --- --- --- --- --- 
Block 4: --- --- --- --- --- 
Block 5: --- --- --- --- --- 

Lecturer 3
Block 0: --- 037 --- --- --- 
Block 1: --- --- --- --- --- 
Block 2: --- --- --- --- --- 
Block 3: --- --- --- --- --- 
Block 4: --- --- --- --- --- 
Block 5: --- --- --- --- --- 

Lecturer 4
Block 0: 025 --- --- --- --- 
Block 1: 025 --- --- --- --- 
Block 2: 025 --- --- --- 024 
Block 3: 023 --- --- --- --- 
Block 4: --- --- --- --- --- 
Block 5: --- --- --- --- --- 

Lecturer 5
Block 0: --- --- --- --- --- 
Block 1: --- --- --- --- --- 
Block 2: --- --- --- --- --- 
Block 3: --- --- --- --- --- 
Block 4: --- --- --- --- --- 
Block 5: --- --- --- --- --- 

Lecturer 6
Block 0: --- --- --- --- --- 
Block 1: --- --- 032 --- --- 
Block 2: --- --- --- --- --- 
Block 3: --- --- --- --- --- 
Block 4: --- --- --- --- --- 
Block 5: --- --- --- --- --- 

Lecturer 7
Block 0: --- --- --- --- --- 
Block 1: --- --- --- --- --- 
Block 2: --- --- --- --- --- 
Block 3: --- --- --- --- --- 
Block 4: --- --- --- --- --- 
Block 5: --- --- --- --- --- 

Lecturer 8
Block 0: --- --- --- --- --- 
Block 1: --- --- --- --- --- 
Block 2: --- --- --- --- --- 
Block 3: --- --- --- --- --- 
Block 4: --- --- --- --- --- 
Block 5: --- --- --- --- --- 

Lecturer 9
Block 0: --- --- 039 --- --- 
Block 1: 031 --- --- --- --- 
Block 2: --- --- --- --- --- 
Block 3: --- --- --- --- --- 
Block 4: --- --- --- --- --- 
Block 5: --- --- --- --- --- 

Lecturer 10
Block 0: --- --- --- --- --- 
Block 1: --- --- --- --- 033 
Block 2: --- --- --- --- --- 
Block 3: --- --- --- --- --- 
Block 4: --- --- --- --- --- 
Block 5: --- --- --- --- --- 

Lecturer 11
Block 0: --- --- --- --- --- 
Block 1: --- --- --- --- --- 
Block 2: --- --- --- --- --- 
Block 3: --- --- --- --- --- 
Block 4: --- --- --- --- --- 
Block 5: --- --- --- --- --- 

Lecturer 12
Block 0: 030 --- 029 --- --- 
Block 1: --- --- --- --- --- 
Block 2: --- --- --- --- --- 
Block 3: --- --- --- --- --- 
Block 4: --- --- --- --- --- 
Block 5: --- --- --- --- --- 

Lecturer 13
Block 0: --- 003 --- --- 027 
Block 1: --- --- --- 004 --- 
Block 2: --- 005 --- --- --- 
Block 3: --- --- --- --- --- 
Block 4: --- --- --- --- --- 
Block 5: --- --- --- --- --- 

Lecturer 14
Block 0: --- --- --- --- --- 
Block 1: --- --- --- --- --- 
Block 2: --- --- --- --- --- 
Block 3: --- --- --- --- --- 
Block 4: --- --- --- --- --- 
Block 5: --- --- --- --- --- 

Lecturer 15
Block 0: --- --- --- --- --- 
Block 1: --- --- --- --- --- 
Block 2: --- --- --- --- --- 
Block 3: --- --- --- --- --- 
Block 4: --- 034 --- --- --- 
Block 5: --- --- --- --- --- 

Lecturer 16
Block 0: 042 --- --- --- --- 
Block 1: --- 006 020 --- --- 
Block 2: 007 --- --- --- --- 
Block 3: --- --- --- --- --- 
Block 4: --- --- --- --- --- 
Block 5: --- --- --- --- --- 

Lecturer 17
Block 0: --- --- --- 044 022 
Block 1: --- --- --- --- --- 
Block 2: --- --- --- --- --- 
Block 3: --- --- 021 --- --- 
Block 4: --- --- --- --- --- 
Block 5: --- --- --- --- --- 

Lecturer 18
Block 0: 025 --- --- 026 --- 
Block 1: 025 --- --- --- --- 
Block 2: 025 --- --- --- --- 
Block 3: --- --- --- --- --- 
Block 4: --- --- --- --- --- 
Block 5: --- --- --- --- --- 

Lecturer 19
Block 0: --- --- --- --- --- 
Block 1: --- --- --- --- --- 
Block 2: --- --- --- --- --- 
Block 3: --- --- --- --- --- 
Block 4: --- --- --- --- --- 
Block 5: --- --- --- --- --- 

Lecturer 20
Block 0: --- --- --- --- --- 
Block 1: --- --- --- --- --- 
Block 2: --- --- --- --- --- 
Block 3: --- --- --- --- --- 
Block 4: --- --- --- --- --- 
Block 5: --- --- --- --- --- 

Lecturer 21
Block 0: --- --- --- --- --- 
Block 1: --- --- --- --- --- 
Block 2: --- --- --- --- --- 
Block 3: --- --- --- --- --- 
Block 4: --- --- --- --- --- 
Block 5: --- --- --- --- --- 

Lecturer 22
Block 0: --- --- --- --- --- 
Block 1: --- --- --- --- --- 
Block 2: --- --- --- --- --- 
Block 3: --- --- --- --- --- 
Block 4: --- --- --- --- --- 
Block 5: --- --- --- --- --- 

Lecturer 23
Block 0: --- --- --- --- --- 
Block 1: --- --- --- --- --- 
Block 2: --- --- --- --- --- 
Block 3: --- --- --- --- --- 
Block 4: --- --- --- --- --- 
Block 5: --- --- --- --- --- 

Lecturer 24
Block 0: --- --- --- --- --- 
Block 1: --- 028 --- --- --- 
Block 2: --- --- --- --- --- 
Block 3: --- --- --- --- --- 
Block 4: --- --- --- --- --- 
Block 5: --- --- --- --- --- 

Lecturer 25
Block 0: --- --- --- --- --- 
Block 1: --- --- --- --- --- 
Block 2: --- --- --- --- --- 
Block 3: --- --- --- --- --- 
Block 4: --- --- --- --- --- 
Block 5: --- --- --- --- --- 

Lecturer 26
Block 0: --- --- --- 000 001 
Block 1: 043 --- 002 --- 019 
Block 2: --- --- --- --- --- 
Block 3: --- --- --- --- --- 
Block 4: --- --- --- --- --- 
Block 5: --- --- --- --- --- 

Lecturer 27
Block 0: --- 035 --- --- --- 
Block 1: --- --- --- --- --- 
Block 2: --- --- --- --- --- 
Block 3: --- --- --- --- --- 
Block 4: --- --- --- --- --- 
Block 5: --- --- --- --- --- 

Lecturer 28
Block 0: --- --- --- --- --- 
Block 1: --- --- --- --- --- 
Block 2: --- --- --- --- --- 
Block 3: --- --- --- --- --- 
Block 4: --- --- --- --- --- 
Block 5: --- --- --- --- --- 

Lecturer 29
Block 0: --- --- --- --- --- 
Block 1: --- --- --- --- --- 
Block 2: --- --- --- --- --- 
Block 3: --- --- --- --- --- 
Block 4: --- --- --- --- --- 
Block 5: --- --- --- --- --- 

Lecturer 30
Block 0: 009 --- 011 --- --- 
Block 1: 008 --- 040 041 --- 
Block 2: --- --- --- 010 --- 
Block 3: --- --- --- --- --- 
Block 4: --- --- --- --- --- 
Block 5: --- --- --- --- --- 

Lecturer 31
Block 0: --- --- --- --- --- 
Block 1: --- --- --- --- --- 
Block 2: --- --- --- --- --- 
Block 3: --- --- --- --- --- 
Block 4: --- --- --- --- --- 
Block 5: --- --- --- --- --- 

Lecturer 32
Block 0: --- --- --- --- --- 
Block 1: --- --- --- --- --- 
Block 2: --- --- --- --- --- 
Block 3: --- --- --- --- --- 
Block 4: --- --- --- --- --- 
Block 5: --- --- --- --- --- 

Lecturer 33
Block 0: --- --- --- --- --- 
Block 1: --- --- --- --- --- 
Block 2: --- --- --- --- --- 
Block 3: --- --- --- --- --- 
Block 4: --- --- --- --- --- 
Block 5: --- --- --- --- --- 

Lecturer 34
Block 0: --- --- --- --- --- 
Block 1: --- --- --- --- --- 
Block 2: --- --- --- --- --- 
Block 3: --- --- --- --- --- 
Block 4: --- --- --- --- --- 
Block 5: --- --- --- --- --- 

Lecturer 35
Block 0: --- 013 016 015 038 
Block 1: --- --- --- --- --- 
Block 2: --- --- --- --- --- 
Block 3: --- 014 --- --- --- 
Block 4: --- --- --- --- --- 
Block 5: --- --- --- --- --- 

Lecturer 36
Block 0: --- --- 016 015 --- 
Block 1: --- --- --- --- --- 
Block 2: --- --- --- --- --- 
Block 3: --- --- --- --- --- 
Block 4: --- --- --- --- --- 
Block 5: --- --- --- --- --- 

Lecturer 37
Block 0: --- --- --- --- --- 
Block 1: --- --- --- --- --- 
Block 2: --- --- --- --- --- 
Block 3: --- --- --- --- --- 
Block 4: --- --- --- --- --- 
Block 5: --- --- --- --- --- 

Lecturer 38
Block 0: --- --- --- --- --- 
Block 1: --- --- --- --- --- 
Block 2: --- --- --- --- --- 
Block 3: --- --- --- --- --- 
Block 4: --- --- --- --- --- 
Block 5: --- --- --- --- --- 
</DebugTrace>
      </Output>
    </UnitTestResult>
  </Results>
</TestRun>