<?xml version="1.0" encoding="UTF-8"?>
<TestRun id="2e17c2e3-1598-4bef-85cb-ed6f636f4b3b" name="FloLap@FLOLAP-PC 2011-10-12 18:27:42" runUser="FloLap-PC\FloLap" xmlns="http://microsoft.com/schemas/VisualStudio/TeamTest/2010">
  <TestSettings name="Lokal" id="6ed96bb3-d821-4eee-a79d-3a3069da9890">
    <Description>Dies sind die standardmäßigen Testeinstellungen für einen lokalen Testlauf.</Description>
    <Deployment enabled="false" runDeploymentRoot="FloLap_FLOLAP-PC 2011-10-12 18_27_42">
      <DeploymentItem filename="E:\HsKA\Semester2\Projektarbeit\Stundenplangenerator\TimetablePlanner\TimetablePlanner\bin\Debug\TimetablePlanner.dll" />
    </Deployment>
    <Execution>
      <TestTypeSpecific />
      <AgentRule name="Execution Agents">
      </AgentRule>
    </Execution>
  </TestSettings>
  <Times creation="2011-10-12T18:27:42.5337792+02:00" queuing="2011-10-12T18:27:43.7668497+02:00" start="2011-10-12T18:27:43.9288590+02:00" finish="2011-10-12T18:30:04.2578853+02:00" />
  <ResultSummary outcome="Completed">
    <Counters total="1" executed="1" passed="1" error="0" failed="0" timeout="0" aborted="0" inconclusive="0" passedButRunAborted="0" notRunnable="0" notExecuted="0" disconnected="0" warning="0" completed="0" inProgress="0" pending="0" />
  </ResultSummary>
  <TestDefinitions>
    <UnitTest name="createTimetableInstanceTest" storage="e:\hska\semester2\projektarbeit\stundenplangenerator\timetableplanner\timetableplannertests\bin\debug\timetableplannertests.dll" id="ab441b29-9837-01bf-f43f-7839c8f73716">
      <Execution id="28693820-a18c-40e6-a9e3-9da8dea0f513" />
      <TestMethod codeBase="E:/HsKA/Semester2/Projektarbeit/Stundenplangenerator/TimetablePlanner/TimetablePlannerTests/bin/Debug/TimetablePlannerTests.DLL" adapterTypeName="Microsoft.VisualStudio.TestTools.TestTypes.Unit.UnitTestAdapter, Microsoft.VisualStudio.QualityTools.Tips.UnitTest.Adapter, Version=10.0.0.0, Culture=neutral, PublicKeyToken=b03f5f7f11d50a3a" className="TimetablePlannerTests.TimetableTest, TimetablePlannerTests, Version=1.0.0.0, Culture=neutral, PublicKeyToken=null" name="createTimetableInstanceTest" />
    </UnitTest>
  </TestDefinitions>
  <TestLists>
    <TestList name="Nicht in einer Liste enthaltene Ergebnisse" id="8c84fa94-04c1-424b-9868-57a2d4851a1d" />
    <TestList name="Alle geladenen Ergebnisse" id="19431567-8539-422a-85d7-44ee4e166bda" />
  </TestLists>
  <TestEntries>
    <TestEntry testId="ab441b29-9837-01bf-f43f-7839c8f73716" executionId="28693820-a18c-40e6-a9e3-9da8dea0f513" testListId="8c84fa94-04c1-424b-9868-57a2d4851a1d" />
  </TestEntries>
  <Results>
    <UnitTestResult executionId="28693820-a18c-40e6-a9e3-9da8dea0f513" testId="ab441b29-9837-01bf-f43f-7839c8f73716" testName="createTimetableInstanceTest" computerName="FLOLAP-PC" duration="00:02:18.6638836" startTime="2011-10-12T18:27:44.0848679+02:00" endTime="2011-10-12T18:30:04.1208775+02:00" testType="13cdc9d9-ddb5-4fa4-a97d-d965ccfc6d4b" outcome="Passed" testListId="8c84fa94-04c1-424b-9868-57a2d4851a1d" relativeResultsDirectory="28693820-a18c-40e6-a9e3-9da8dea0f513">
      <Output>
        <DebugTrace>Time to create population of size 50: 171ms
Time to create population of size 50: 163ms
10000: System.Collections.Generic.List`1[System.Collections.Generic.List`1[System.Int16]]|System.Collections.Generic.List`1[System.Collections.Generic.List`1[System.Int16]],System.Collections.Generic.List`1[System.Collections.Generic.List`1[System.Int16]]|System.Collections.Generic.List`1[System.Collections.Generic.List`1[System.Int16]],System.Collections.Generic.List`1[System.Collections.Generic.List`1[System.Int16]]|System.Collections.Generic.List`1[System.Collections.Generic.List`1[System.Int16]],System.Collections.Generic.List`1[System.Collections.Generic.List`1[System.Int16]]|System.Collections.Generic.List`1[System.Collections.Generic.List`1[System.Int16]],System.Collections.Generic.List`1[System.Collections.Generic.List`1[System.Int16]]|System.Collections.Generic.List`1[System.Collections.Generic.List`1[System.Int16]],000|000,000|000,011|011,011|011,005|005,000|000,000|000,000|000,000|000,000|000,000|000,000|000,000|000,000|000,000|000,000|000,000|000,000|000,014|014,000|000,000|000,008|008,008|008,022|022,000|000,000|000,000|000,000|000,000|000,000|000,000|000,032|032,000|000,003|003,000|000,038|038,000|000,000|000,000|000,000|000,017|017,017|017,017|017,000|000,000|000,000|000,000|000,000|000,000|000,000|000,006|006,020|020,000|000,000|000,009|009,000|000,000|000,000|000,000|000,000|000,000|000,000|000,000|000,000|000,000|000,000|000,000|000,000|000,000|000,000|000,000|000,000|000,000|000,000|000,000|000,021|021,000|000,000|000,000|000,000|000,000|000,029|029,000|000,000|000,000|000,000|000,000|000,000|000,035|035,000|000,000|000,000|000,000|000,000|000,000|000,000|000,024|024,000|000,000|000,000|000,000|000,000|000,000|000,000|000,000|000,000|000,000|000,000|000,000|000,000|000,000|000,000|000,000|000,000|000,000|000,000|000,000|000,000|000,000|000,000|000,000|000,028|028,028|028,028|028,000|000,000|000,000|000,000|000,000|000,000|000,000|000,000|000,001|001,000|000,000|000,015|015,000|000,000|000,000|000,025|025,000|000,000|000,000|000,000|000,000|000,006|006,000|000,000|000,000|000,000|000,000|000,000|000,000|000,000|000,037|037,037|037,000|000,000|000,000|000,000|000,019|019,000|000,000|000,000|000,000|000,000|000,000|000,007|007,000|000,000|000,000|000,000|000,011|011,011|011,005|005,012|012,000|000,000|000,003|003,000|000,000|000,000|000,000|000,000|000,000|000,000|000,000|000,000|000,000|000,000|000,000|000,000|000,000|000,000|000,000|000,000|000,000|000,000|000,000|000,000|000,000|000,000|000,000|000,000|000,000|000,000|000,000|000,000|000,000|000,000|000,000|000,000|000,000|000,000|000,000|000,000|000,000|000,000|000,000|000,000|000,001|001,000|000,000|000,030|030,000|000,013|013,000|000,000|000,000|000,000|000,000|000,000|000,000|000,000|000,000|000,000|000,000|000,000|000,000|000,000|000,000|000,000|000,000|000,000|000,000|000,000|000,000|000,000|000,033|033,000|000,000|000,000|000,000|000,000|000,000|000,000|000,000|000,000|000,000|000,000|000,000|000,016|016,000|000,000|000,026|026,000|000,023|023,000|000,000|000,000|000,010|010,000|000,000|000,002|002,000|000,000|000,000|000,036|036,000|000,000|000,000|000,000|000,000|000,000|000,000|000,009|009,000|000,000|000,000|000,000|000,000|000,007|007,000|000,000|000,000|000,000|000,000|000,000|000,000|000,000|000,016|016,000|000,000|000,000|000,018|018,000|000,000|000,000|000,000|000,000|000,000|000,000|000,000|000,000|000,000|000,000|000,000|000,000|000,000|000,000|000,000|000,000|000,000|000,000|000,000|000,000|000,000|000,000|000,031|031,000|000,000|000,000|000,000|000,000|000,000|000,000|000,000|000,000|000,000|000,004|004,000|000,000|000,000|000,027|027,000|000,000|000,000|000,000|000,000|000,000|000,000|000,000|000,000|000,000|000,000|000,
</DebugTrace>
      </Output>
    </UnitTestResult>
  </Results>
</TestRun>