<?xml version="1.0" encoding="UTF-8"?>
<TestRun id="afb62cc8-aedf-41d7-83c2-fa8fa255001f" name="FloLap@FLOLAP-PC 2011-10-19 19:47:46" runUser="FloLap-PC\FloLap" xmlns="http://microsoft.com/schemas/VisualStudio/TeamTest/2010">
  <TestSettings name="Lokal" id="6ed96bb3-d821-4eee-a79d-3a3069da9890">
    <Description>Dies sind die standardmäßigen Testeinstellungen für einen lokalen Testlauf.</Description>
    <Deployment enabled="false" runDeploymentRoot="FloLap_FLOLAP-PC 2011-10-19 19_47_46">
      <DeploymentItem filename="E:\HsKA\Semester2\Projektarbeit\Stundenplangenerator\TimetablePlanner\TimetablePlanner\bin\Debug\TimetablePlanner.dll" />
    </Deployment>
    <Execution>
      <TestTypeSpecific />
      <AgentRule name="Execution Agents">
      </AgentRule>
    </Execution>
  </TestSettings>
  <Times creation="2011-10-19T19:47:46.4851160+02:00" queuing="2011-10-19T19:47:47.5221195+02:00" start="2011-10-19T19:47:47.6121196+02:00" finish="2011-10-19T19:47:58.5913961+02:00" />
  <ResultSummary outcome="Completed">
    <Counters total="1" executed="1" passed="1" error="0" failed="0" timeout="0" aborted="0" inconclusive="0" passedButRunAborted="0" notRunnable="0" notExecuted="0" disconnected="0" warning="0" completed="0" inProgress="0" pending="0" />
  </ResultSummary>
  <TestDefinitions>
    <UnitTest name="createTimetableInstanceTest" storage="e:\hska\semester2\projektarbeit\stundenplangenerator\timetableplanner\timetableplannertests\bin\debug\timetableplannertests.dll" id="ab441b29-9837-01bf-f43f-7839c8f73716">
      <Execution id="42ca7216-c3b9-4ed3-877c-e6da5895723d" />
      <TestMethod codeBase="E:/HsKA/Semester2/Projektarbeit/Stundenplangenerator/TimetablePlanner/TimetablePlannerTests/bin/Debug/TimetablePlannerTests.DLL" adapterTypeName="Microsoft.VisualStudio.TestTools.TestTypes.Unit.UnitTestAdapter, Microsoft.VisualStudio.QualityTools.Tips.UnitTest.Adapter, Version=10.0.0.0, Culture=neutral, PublicKeyToken=b03f5f7f11d50a3a" className="TimetablePlannerTests.TimetableTest, TimetablePlannerTests, Version=1.0.0.0, Culture=neutral, PublicKeyToken=null" name="createTimetableInstanceTest" />
    </UnitTest>
  </TestDefinitions>
  <TestLists>
    <TestList name="Nicht in einer Liste enthaltene Ergebnisse" id="8c84fa94-04c1-424b-9868-57a2d4851a1d" />
    <TestList name="Alle geladenen Ergebnisse" id="19431567-8539-422a-85d7-44ee4e166bda" />
  </TestLists>
  <TestEntries>
    <TestEntry testId="ab441b29-9837-01bf-f43f-7839c8f73716" executionId="42ca7216-c3b9-4ed3-877c-e6da5895723d" testListId="8c84fa94-04c1-424b-9868-57a2d4851a1d" />
  </TestEntries>
  <Results>
    <UnitTestResult executionId="42ca7216-c3b9-4ed3-877c-e6da5895723d" testId="ab441b29-9837-01bf-f43f-7839c8f73716" testName="createTimetableInstanceTest" computerName="FLOLAP-PC" duration="00:00:09.6309377" startTime="2011-10-19T19:47:47.6521197+02:00" endTime="2011-10-19T19:47:58.4813959+02:00" testType="13cdc9d9-ddb5-4fa4-a97d-d965ccfc6d4b" outcome="Passed" testListId="8c84fa94-04c1-424b-9868-57a2d4851a1d" relativeResultsDirectory="42ca7216-c3b9-4ed3-877c-e6da5895723d">
      <Output>
        <DebugTrace>Time to create population of size 75: 598ms
962
899
861
834
825
809
794
785
777
686
574
569
558
541
537
509
508
493
490
485
482
474
463
457
432
430
428
422
419
409
407
403
382
380
370
370
369
361
353
350
349
347
327
324
320
319
306
303
293
285
279
275
273
260
237
232
198
171
154
142
134
129
120
83
74
30
24
-21
-47
-74
-114
-122
-123
-123
-224

Group 0
Block 0: 002 011 --- 010 --- 
Block 1: 012 006 --- --- 007 
Block 2: 012 004 --- --- --- 
Block 3: --- --- 001 005 --- 
Block 4: 003 000 --- --- 009 
Block 5: --- 008 --- --- --- 

Group 1
Block 0: --- 025 014 --- 013 
Block 1: 016 025 --- 024 --- 
Block 2: 022 025 --- --- --- 
Block 3: 019 021 017 --- 018 
Block 4: --- --- 017 023 018 
Block 5: --- 020 --- 015 --- 

Group 2
Block 0: --- 027 --- --- --- 
Block 1: --- 031 --- --- --- 
Block 2: --- --- --- --- 035 
Block 3: 033 026 030 029 x36 
Block 4: --- --- --- 032 x36 
Block 5: 028 --- --- x34 x36 

Group 3
Block 0: 037 038 --- x45 --- 
Block 1: 044 --- --- x45 --- 
Block 2: 042 --- --- 040 x46 
Block 3: --- --- --- --- 041 
Block 4: --- --- --- --- 043 
Block 5: --- --- --- --- 039 
Early abort after 165 generations.
Mean time per generation: 51ms
Mean fitness increase per generation
214
173
107
35
29
29
18
16
12
16
12
13
12
10
20
16
17
15
14
15
10
13
11
8
12
10
10
13
9
13
11
12
11
10
10
7
5
6
5
9
9
9
7
5
6
6
4
6
6
5
2
4
4
4
3
5
5
5
5
5
4
5
3
5
4
5
5
4
4
3
4
3
5
4
2
2
2
2
3
4
2
3
3
1
3
2
1
3
1
2
1
1
1
2
1
1
2
2
2
2
1
3
2
2
1
1
1
1
2
2
1
1
1
1
2
0
1
1
2
1
2
1
0
2
2
1
1
1
1
2
1
0
2
1
1
1
1
2
1
1
1
2
2
2
1
1
0
1
1
1
1
0
1
1
1
1
0
1
1
0
2
2
0
0
1
1
Evolution time: 8547ms
1657
1657
1651
1649
1648
1648
1647
1647
1646
1645
1645
1644
1644
1642
1639
1639
1639
1639
1639
1639
1638
1638
1638
1637
1636
1636
1636
1636
1636
1636
1636
1636
1636
1635
1635
1635
1635
1635
1635
1635
1634
1634
1633
1632
1632
1632
1632
1631
1631
1631
1630
1630
1630
1630
1630
1629
1629
1629
1629
1629
1629
1629
1629
1629
1628
1628
1628
1628
1627
1627
1627
1627
1627
1627
1627

Group 0
Block 0: 002 010 009 004 001 
Block 1: 012 006 008 011 007 
Block 2: 012 --- --- 000 --- 
Block 3: 003 --- --- 005 --- 
Block 4: --- --- --- --- --- 
Block 5: --- --- --- --- --- 

Group 1
Block 0: 020 025 015 017 024 
Block 1: 023 025 014 017 013 
Block 2: 022 025 --- 016 019 
Block 3: --- 021 --- 018 --- 
Block 4: --- --- --- 018 --- 
Block 5: --- --- --- --- --- 

Group 2
Block 0: 032 030 033 --- 027 
Block 1: 028 031 026 --- --- 
Block 2: 029 --- --- --- 035 
Block 3: --- --- --- --- x36 
Block 4: --- --- --- --- x36 
Block 5: --- --- --- x34 x36 

Group 3
Block 0: --- 038 --- 043 041 
Block 1: 044 --- 039 042 037 
Block 2: --- --- --- 040 x46 
Block 3: --- --- --- x45 --- 
Block 4: --- --- --- x45 --- 
Block 5: --- --- --- --- --- 
</DebugTrace>
      </Output>
    </UnitTestResult>
  </Results>
</TestRun>