<?xml version="1.0" encoding="UTF-8"?>
<TestRun id="1d00d8aa-f3ae-4c3d-a3e8-0083f8157946" name="FloLap@FLOLAP-PC 2011-10-15 18:08:19" runUser="FloLap-PC\FloLap" xmlns="http://microsoft.com/schemas/VisualStudio/TeamTest/2010">
  <TestSettings name="Lokal" id="6ed96bb3-d821-4eee-a79d-3a3069da9890">
    <Description>Dies sind die standardmäßigen Testeinstellungen für einen lokalen Testlauf.</Description>
    <Deployment enabled="false" runDeploymentRoot="FloLap_FLOLAP-PC 2011-10-15 18_08_19">
      <DeploymentItem filename="E:\HsKA\Semester2\Projektarbeit\Stundenplangenerator\TimetablePlanner\TimetablePlanner\bin\Debug\TimetablePlanner.dll" />
    </Deployment>
    <Execution>
      <TestTypeSpecific />
      <AgentRule name="Execution Agents">
      </AgentRule>
    </Execution>
  </TestSettings>
  <Times creation="2011-10-15T18:08:19.6795609+02:00" queuing="2011-10-15T18:08:20.7795633+02:00" start="2011-10-15T18:08:20.8575634+02:00" finish="2011-10-15T18:08:35.5059891+02:00" />
  <ResultSummary outcome="Completed">
    <Counters total="1" executed="1" passed="1" error="0" failed="0" timeout="0" aborted="0" inconclusive="0" passedButRunAborted="0" notRunnable="0" notExecuted="0" disconnected="0" warning="0" completed="0" inProgress="0" pending="0" />
  </ResultSummary>
  <TestDefinitions>
    <UnitTest name="createTimetableInstanceTest" storage="e:\hska\semester2\projektarbeit\stundenplangenerator\timetableplanner\timetableplannertests\bin\debug\timetableplannertests.dll" id="ab441b29-9837-01bf-f43f-7839c8f73716">
      <Execution id="d5577e60-bb64-41c2-8962-db52acf5e62c" />
      <TestMethod codeBase="E:/HsKA/Semester2/Projektarbeit/Stundenplangenerator/TimetablePlanner/TimetablePlannerTests/bin/Debug/TimetablePlannerTests.DLL" adapterTypeName="Microsoft.VisualStudio.TestTools.TestTypes.Unit.UnitTestAdapter, Microsoft.VisualStudio.QualityTools.Tips.UnitTest.Adapter, Version=10.0.0.0, Culture=neutral, PublicKeyToken=b03f5f7f11d50a3a" className="TimetablePlannerTests.TimetableTest, TimetablePlannerTests, Version=1.0.0.0, Culture=neutral, PublicKeyToken=null" name="createTimetableInstanceTest" />
    </UnitTest>
  </TestDefinitions>
  <TestLists>
    <TestList name="Nicht in einer Liste enthaltene Ergebnisse" id="8c84fa94-04c1-424b-9868-57a2d4851a1d" />
    <TestList name="Alle geladenen Ergebnisse" id="19431567-8539-422a-85d7-44ee4e166bda" />
  </TestLists>
  <TestEntries>
    <TestEntry testId="ab441b29-9837-01bf-f43f-7839c8f73716" executionId="d5577e60-bb64-41c2-8962-db52acf5e62c" testListId="8c84fa94-04c1-424b-9868-57a2d4851a1d" />
  </TestEntries>
  <Results>
    <UnitTestResult executionId="d5577e60-bb64-41c2-8962-db52acf5e62c" testId="ab441b29-9837-01bf-f43f-7839c8f73716" testName="createTimetableInstanceTest" computerName="FLOLAP-PC" duration="00:00:13.2644849" startTime="2011-10-15T18:08:20.8887635+02:00" endTime="2011-10-15T18:08:35.3967889+02:00" testType="13cdc9d9-ddb5-4fa4-a97d-d965ccfc6d4b" outcome="Passed" testListId="8c84fa94-04c1-424b-9868-57a2d4851a1d" relativeResultsDirectory="d5577e60-bb64-41c2-8962-db52acf5e62c">
      <Output>
        <DebugTrace>Time to create population of size 20: 78ms
0304: ---|---|---|---|---|---|---|010|010|---|---|---|---|---|---|---|---|---|---|---|---|---|---|---|---|---|025|---|---|---|---|---|---|034|---|---|---|---|---|---|---|---|---|008|036|036|---|---|---|---|---|---|---|---|---|---|---|---|---|---|---|---|---|---|---|---|---|---|---|---|---|---|---|026|---|---|---|---|---|---|---|---|---|---|---|028|---|020|---|---|---|---|---|---|018|---|015|000|---|---|009|---|030|037|---|---|---|---|---|---|---|---|---|---|033|027|027|027|---|---|---|---|---|---|---|---|---|---|---|021|---|---|---|---|---|---|---|---|---|---|---|---|---|---|---|009|---|---|---|---|---|---|---|---|---|---|---|---|---|---|---|---|---|---|---|---|---|---|---|---|005|---|---|---|---|---|024|---|---|---|007|007|002|---|---|---|---|---|---|017|012|---|---|---|---|006|---|---|001|---|---|---|---|---|---|---|---|---|---|---|---|---|---|---|---|---|---|---|---|---|---|---|---|029|---|---|019|---|---|---|---|---|---|---|031|---|---|---|---|---|---|---|---|---|022|---|---|008|---|---|---|---|---|---|010|010|023|---|---|---|---|013|---|---|---|---|---|---|---|---|---|---|---|---|---|---|---|---|---|---|---|---|---|---|---|---|---|---|---|---|---|---|011|---|---|003|004|---|---|---|---|016|016|016|---|---|---|---|004|---|002|---|---|032|005|---|---|---|015|---|---|---|---|---|014|---|035|---|---|---|---|000|---|---|---|---|---|---|---|---|---|---|---|---|---|---|---|---|---|---|006|---|---|---|---|---|---|---|---|---|
0298: 031|---|---|---|---|---|035|---|---|---|---|---|---|---|---|034|---|---|---|005|---|---|---|---|---|---|---|---|---|---|---|010|010|030|029|---|---|---|003|---|026|---|---|---|010|010|011|---|---|---|---|---|---|---|---|---|---|---|---|---|---|---|---|---|---|---|001|---|---|---|---|---|---|---|027|027|027|---|---|022|---|008|---|---|---|---|---|---|---|---|---|---|---|---|---|---|---|005|036|036|---|---|---|---|---|---|---|---|---|---|---|---|---|---|---|004|024|---|---|---|021|006|---|---|---|---|---|---|---|---|---|---|---|---|---|---|---|---|---|---|---|---|---|---|---|---|013|---|---|---|---|004|---|---|---|---|025|019|020|---|---|---|008|018|000|017|---|---|---|015|---|033|---|---|---|---|---|---|---|---|---|---|---|---|---|---|---|---|---|---|---|---|---|006|---|---|---|---|---|---|---|---|---|---|---|---|---|---|---|---|---|---|---|---|---|---|---|---|---|015|---|---|---|---|---|---|032|---|002|---|---|---|---|---|---|---|---|---|---|---|000|---|---|---|---|---|---|---|---|---|---|---|023|---|---|---|037|---|---|---|---|---|---|---|---|---|---|---|---|---|---|---|---|---|---|---|---|---|---|---|---|---|---|---|---|---|---|---|002|---|---|007|007|---|---|---|---|---|028|---|---|---|---|---|---|---|014|---|---|---|---|---|016|016|016|---|---|---|---|---|---|---|---|---|---|---|---|012|009|---|---|---|---|---|---|---|---|---|---|---|---|---|---|---|---|---|---|---|---|---|---|---|---|---|---|---|---|---|---|---|
0268: 007|007|---|---|---|---|---|---|---|---|---|---|---|---|012|---|---|---|---|031|---|---|---|---|---|018|---|---|---|---|015|010|010|009|---|---|---|---|---|005|---|---|---|008|---|---|---|---|---|---|---|---|---|---|---|---|---|---|---|---|---|---|006|---|---|---|---|---|---|---|---|---|---|---|---|---|---|---|---|009|---|---|---|---|---|---|---|---|---|---|000|---|---|---|---|---|---|---|---|---|---|---|016|016|016|---|005|---|---|---|025|---|---|---|000|020|022|---|---|---|---|---|---|---|---|---|---|---|---|---|---|---|---|---|---|---|---|---|---|---|---|---|---|---|---|---|---|---|---|---|002|---|017|---|---|---|---|---|035|---|---|---|---|---|---|---|---|---|---|---|---|---|---|---|024|008|036|036|---|---|010|010|---|---|---|---|---|---|---|---|---|---|---|---|---|---|---|---|---|---|---|---|---|---|---|---|---|---|---|---|---|---|---|---|---|---|---|---|---|013|---|---|---|---|---|---|---|---|037|011|---|023|---|---|---|---|---|---|004|---|---|---|---|---|---|---|---|015|---|---|019|---|---|002|---|---|---|---|---|003|---|004|---|---|---|---|---|006|---|---|---|---|---|---|---|---|---|---|---|---|---|---|---|021|---|---|---|---|---|---|---|---|---|---|---|---|032|---|---|---|027|027|027|---|034|---|---|---|029|---|---|---|---|---|---|---|---|---|---|---|---|033|---|---|---|026|014|---|---|---|---|---|030|---|---|---|---|---|---|---|---|---|---|---|---|---|---|---|---|001|---|---|---|---|---|---|---|---|---|---|
0266: ---|029|---|---|---|---|---|---|---|---|---|---|016|016|016|---|---|---|012|004|---|---|008|---|---|---|---|---|---|---|---|---|---|009|---|---|027|027|027|---|---|---|007|007|---|---|---|---|---|---|---|---|---|---|---|---|---|---|---|---|---|---|---|001|---|---|---|---|---|---|---|---|---|---|---|---|---|---|---|037|---|---|---|---|---|---|---|---|005|---|014|019|030|---|026|---|---|---|---|---|---|---|010|010|---|---|---|---|---|---|---|---|---|---|---|---|---|---|---|---|---|---|---|---|---|---|---|---|---|---|---|---|---|---|---|---|---|---|---|---|---|---|---|---|024|---|---|022|---|---|018|---|---|---|---|---|---|---|000|025|004|---|---|---|---|032|---|---|008|---|---|---|---|---|---|---|002|---|---|---|---|003|---|---|---|---|---|---|028|---|---|---|---|---|---|---|---|---|---|---|---|---|---|---|---|006|---|---|---|---|---|---|---|---|---|---|017|---|036|036|---|---|---|---|---|---|---|---|005|023|---|009|---|---|---|002|010|010|---|---|---|---|---|---|---|---|---|---|---|---|---|---|013|---|---|---|---|---|---|---|---|---|---|---|---|---|---|---|---|---|---|---|---|---|---|---|---|---|---|---|---|---|---|---|---|---|---|---|---|033|---|---|---|---|---|---|---|011|---|---|---|---|---|---|---|---|---|015|---|---|---|---|020|034|---|---|---|---|031|---|---|---|015|---|035|000|---|---|---|---|---|---|---|---|---|---|---|---|---|---|006|---|---|---|---|---|---|---|---|---|---|---|---|---|---|---|---|021|---|---|
0230: ---|028|---|---|---|---|---|---|---|017|---|---|---|000|008|---|---|---|---|---|---|---|---|---|---|---|026|---|---|---|---|---|---|---|013|---|---|019|---|---|---|---|---|---|---|---|---|---|---|---|---|---|---|---|---|---|---|---|---|---|---|---|---|---|---|---|---|---|---|---|---|---|---|---|---|---|---|---|005|033|---|---|---|---|---|---|---|---|---|---|---|---|---|---|---|---|---|---|023|031|---|---|---|---|009|---|---|---|---|---|---|---|---|---|004|---|014|---|---|---|---|---|---|---|---|---|---|---|---|006|---|---|---|---|---|---|---|---|---|---|---|---|---|---|016|016|016|015|---|---|---|---|---|---|---|---|027|027|027|---|---|---|---|000|---|---|---|---|025|035|---|---|---|---|020|---|---|---|---|---|---|---|---|---|---|---|---|---|007|007|---|---|---|---|---|---|---|---|---|---|---|---|---|---|---|---|---|---|---|---|---|---|---|---|006|---|---|---|---|---|---|---|---|---|---|---|---|---|---|005|---|032|---|---|---|024|---|---|---|---|015|---|---|---|---|---|---|---|---|030|---|---|---|---|---|---|012|---|018|---|---|029|037|---|---|---|---|---|---|---|---|---|---|---|---|---|---|---|---|001|---|---|021|---|---|---|---|---|---|036|036|034|---|---|---|---|003|---|004|---|010|010|---|---|---|---|---|010|010|---|---|---|---|009|002|---|022|---|008|011|---|---|---|---|---|---|---|---|002|---|---|---|---|---|---|---|---|---|---|---|---|---|---|---|---|---|---|---|---|---|---|---|---|---|---|---|---|---|---|---|
0230: ---|---|---|---|---|---|---|---|---|---|---|---|---|---|---|000|---|---|---|---|---|---|---|---|---|---|---|---|012|---|036|036|---|---|---|---|---|---|---|---|---|---|---|---|018|---|---|---|---|---|---|---|---|---|006|---|---|---|---|---|---|---|---|---|---|---|---|---|---|---|---|---|---|004|---|005|023|---|---|008|---|028|---|---|---|---|---|---|---|---|016|016|016|---|---|---|---|---|---|---|---|---|---|---|---|004|---|---|---|---|---|---|---|---|---|---|---|---|---|---|---|006|---|---|---|---|---|---|---|---|---|---|---|---|---|---|---|---|---|---|---|---|---|---|---|---|---|---|009|---|015|---|---|013|---|---|030|034|---|---|000|---|---|---|---|---|---|---|---|---|033|---|031|---|---|---|019|---|---|---|---|---|---|035|---|---|007|007|---|---|---|---|---|---|---|---|---|---|---|---|021|---|---|---|---|---|---|---|---|---|---|---|---|---|---|---|---|---|---|---|---|---|010|010|---|005|---|---|022|026|---|---|---|---|025|---|---|---|---|---|---|017|---|032|---|---|---|---|---|---|---|---|009|029|---|---|---|---|020|---|---|---|---|---|---|---|---|---|---|---|---|---|---|---|---|---|---|---|---|---|---|---|---|---|---|---|---|---|---|008|---|002|---|---|---|---|---|---|011|---|027|027|027|---|037|---|---|---|002|---|---|---|---|---|014|---|---|---|---|003|024|---|---|---|---|015|010|010|---|---|---|---|---|---|---|---|---|---|---|---|---|---|---|---|---|---|---|---|---|---|---|001|---|---|---|---|---|---|---|---|
0212: ---|---|---|---|---|---|---|---|---|---|---|---|---|000|---|---|---|---|---|---|---|---|---|---|---|009|015|037|---|---|002|---|---|---|---|---|---|028|013|---|---|---|---|---|---|022|---|---|---|---|---|---|---|---|---|---|---|---|---|---|---|---|---|---|006|---|---|---|---|---|---|---|---|---|---|---|---|---|011|014|004|---|030|---|---|---|---|034|---|---|---|018|---|---|---|---|---|---|033|---|---|---|017|004|---|---|---|---|---|---|---|002|035|---|---|027|027|027|---|---|---|---|---|---|---|---|---|---|---|---|---|---|---|---|---|---|---|---|---|---|---|---|006|---|015|---|---|---|031|---|005|---|---|---|---|---|---|---|---|---|---|---|---|032|---|---|---|---|---|---|---|---|020|---|007|007|---|026|---|---|---|---|---|---|---|---|025|005|---|000|---|---|---|---|---|---|---|---|---|---|---|---|---|---|---|---|---|021|---|---|---|---|---|001|---|---|---|---|---|---|---|---|---|---|---|---|---|---|---|---|---|010|010|---|---|---|---|---|---|---|029|---|---|---|---|---|036|036|---|---|019|---|009|---|---|008|---|---|003|---|---|---|---|---|---|---|---|---|---|---|---|---|---|---|---|---|---|---|---|---|---|---|---|---|---|---|---|---|---|---|---|---|---|---|---|---|---|---|---|---|---|024|---|---|---|---|016|016|016|---|023|---|---|---|---|---|---|---|---|---|---|---|---|---|---|---|---|---|---|---|012|010|010|---|---|---|---|---|---|---|---|---|---|---|---|---|---|---|---|---|---|---|---|---|---|---|---|---|---|---|
0212: ---|---|---|---|---|---|022|---|---|002|---|---|---|---|---|019|031|---|---|005|---|---|---|---|---|---|028|---|---|---|008|---|---|---|---|---|---|035|---|---|018|---|---|---|---|---|---|---|---|---|006|---|---|---|---|---|---|---|---|---|021|---|---|---|---|---|---|---|---|---|---|---|---|---|---|015|---|---|---|---|---|---|013|---|---|---|---|034|---|---|---|---|000|020|---|---|036|036|---|---|---|---|---|---|011|---|012|---|---|015|---|---|---|---|---|016|016|016|---|---|---|---|---|---|---|---|---|---|---|---|---|---|---|---|---|---|---|---|---|---|---|---|---|---|---|005|---|---|---|---|---|---|---|---|---|---|---|---|---|---|---|---|027|027|027|---|---|---|---|009|010|010|---|---|003|---|030|---|---|---|---|---|---|037|---|---|---|---|032|---|---|---|---|---|---|---|---|---|---|---|---|---|---|---|001|---|---|---|---|---|---|---|---|---|---|---|---|---|---|---|002|---|---|---|---|009|---|---|---|017|---|---|---|---|---|---|---|---|033|---|---|026|---|029|---|---|007|007|---|---|---|---|024|---|---|---|---|---|---|---|---|023|---|---|---|---|---|---|---|---|---|---|---|---|---|---|---|---|---|006|---|---|---|---|---|---|---|---|---|---|---|---|---|---|004|---|---|---|---|---|014|---|---|---|---|---|---|000|---|---|---|---|010|010|---|---|---|---|---|---|---|---|025|---|---|004|---|---|008|---|---|---|---|---|---|---|---|---|---|---|---|---|---|---|---|---|---|---|---|---|---|---|---|---|---|---|---|---|---|---|
0200: ---|003|004|---|---|---|000|---|---|---|---|---|---|---|---|---|---|---|016|016|016|---|031|---|---|---|013|---|024|---|---|---|036|036|---|---|---|---|037|020|---|---|---|---|---|---|017|---|---|---|---|---|---|---|---|---|---|---|---|---|---|---|---|---|---|---|006|---|---|---|---|---|---|010|010|---|---|---|007|007|015|009|---|---|---|---|---|---|---|---|---|025|---|028|---|---|004|---|011|---|---|---|009|034|---|---|033|---|---|---|---|---|---|---|---|---|---|015|---|---|---|---|---|---|---|---|---|---|---|---|---|---|---|---|---|---|---|---|---|---|---|---|---|---|---|---|---|---|---|---|002|---|---|---|---|---|022|---|---|---|---|---|---|---|---|030|---|---|---|---|---|---|---|---|---|029|---|012|005|---|---|035|---|---|---|---|---|---|---|---|---|---|---|---|---|001|---|---|---|---|---|---|---|---|---|---|---|---|---|---|---|---|021|---|---|---|---|---|---|---|---|---|---|---|---|008|---|---|---|---|---|---|---|---|---|---|---|---|---|---|---|---|---|---|---|---|008|026|---|---|---|---|---|---|---|018|002|---|---|000|---|---|---|---|---|---|---|---|006|---|---|---|---|---|---|---|---|---|---|---|---|---|---|---|---|---|---|---|---|---|---|014|023|---|---|---|---|---|---|---|---|---|---|---|019|---|---|---|---|---|---|---|027|027|027|---|---|---|005|---|---|---|---|---|---|010|010|---|---|---|---|032|---|---|---|---|---|---|---|---|---|---|---|---|---|---|---|---|---|---|---|---|---|---|---|---|---|---|---|---|
0194: ---|---|---|---|---|---|---|---|---|008|009|---|---|---|---|---|---|---|---|---|004|---|---|---|---|---|---|---|---|---|---|---|---|---|---|---|---|037|---|014|034|---|---|---|---|---|---|---|---|---|---|---|---|---|---|---|---|---|---|---|---|---|---|---|---|---|---|---|---|---|---|---|---|016|016|016|029|---|---|013|---|---|032|---|---|---|---|---|---|---|015|---|---|002|000|---|---|---|---|---|---|---|---|---|---|---|---|---|005|---|036|036|---|---|---|---|---|---|---|---|---|---|---|---|---|---|---|---|---|---|---|---|---|---|---|---|---|---|---|---|---|---|---|---|008|---|---|---|017|---|---|---|---|---|003|---|007|007|---|---|---|---|009|019|---|011|---|---|---|---|---|---|---|---|---|---|---|---|---|---|---|---|---|002|---|---|004|---|---|---|---|---|---|---|---|---|---|---|---|---|006|---|---|---|---|---|---|---|---|---|---|---|---|---|---|---|---|---|---|---|---|---|---|---|---|---|025|---|---|000|---|---|---|---|---|023|---|033|---|---|030|012|---|022|024|---|---|---|---|---|---|---|---|---|---|---|---|---|031|---|---|---|---|---|---|---|---|---|---|---|---|---|---|---|006|---|---|---|---|---|---|---|---|---|---|---|---|---|---|018|---|---|---|---|020|---|---|---|---|---|---|---|---|---|---|---|027|027|027|005|---|---|010|010|---|---|---|---|---|015|---|035|---|---|010|010|---|028|---|---|---|026|---|---|---|---|---|---|---|---|---|---|001|---|---|---|---|---|---|---|---|---|021|---|---|---|---|---|---|---|
0182: ---|---|027|027|027|---|024|000|---|036|036|---|---|---|---|---|---|---|---|---|---|---|---|---|013|---|---|---|---|---|---|---|---|---|030|---|020|---|---|---|---|---|---|002|---|---|---|---|---|---|---|---|---|---|---|---|---|---|---|---|---|---|---|---|---|---|---|001|---|---|---|---|---|---|025|009|---|---|034|---|---|---|---|---|---|---|---|018|---|---|---|---|---|---|---|---|---|---|---|---|---|---|016|016|016|---|---|---|---|004|---|---|---|---|---|028|---|017|---|---|---|---|---|---|---|---|---|---|---|021|---|---|---|---|---|---|---|---|---|---|---|---|---|---|015|---|---|010|010|---|---|---|---|---|---|---|---|---|---|---|---|---|---|022|010|010|---|---|008|---|---|---|---|---|---|---|005|---|---|---|032|---|---|---|---|---|015|---|---|---|003|---|---|---|---|---|---|---|---|---|---|006|---|---|---|---|---|---|---|---|---|---|---|---|---|---|---|---|---|---|---|---|---|---|---|---|---|---|---|---|---|---|---|---|---|---|---|008|002|---|---|---|---|---|---|---|---|035|---|---|---|---|011|---|---|---|---|---|---|---|---|004|---|---|---|---|---|---|---|---|---|006|---|---|---|---|---|---|---|---|---|---|---|---|---|---|---|---|---|---|---|---|---|---|---|---|---|005|---|---|---|029|---|---|---|---|026|007|007|012|---|---|---|---|---|037|---|---|033|---|019|000|014|---|---|---|031|---|023|---|---|---|009|---|---|---|---|---|---|---|---|---|---|---|---|---|---|---|---|---|---|---|---|---|---|---|---|---|---|---|
0178: 022|---|002|---|---|---|---|---|---|026|---|---|---|---|---|---|---|---|---|---|007|007|025|---|---|---|---|---|---|---|---|---|---|030|023|---|---|---|---|---|---|---|005|010|010|---|---|---|---|---|---|---|---|---|---|---|---|---|---|---|---|---|---|---|---|---|---|---|---|---|---|---|---|---|---|---|---|---|---|---|---|---|---|---|034|009|---|---|---|---|---|---|---|---|---|---|000|---|---|---|---|---|---|---|013|---|---|---|---|---|---|---|---|---|032|036|036|---|008|---|---|---|---|---|---|---|---|---|---|---|---|---|---|---|---|---|---|---|---|---|---|---|---|---|035|---|---|---|004|---|037|---|---|---|017|---|---|019|---|011|004|---|---|---|---|---|---|---|---|---|009|---|---|---|---|---|---|---|---|---|---|016|016|016|---|---|002|014|---|015|---|---|006|---|---|---|---|---|---|---|---|---|---|---|---|---|---|---|---|---|---|---|---|---|---|---|---|033|---|---|---|---|---|---|---|---|---|---|---|---|---|---|---|---|---|031|---|---|---|---|---|---|---|---|---|---|---|---|---|012|---|---|---|029|---|---|---|---|---|020|---|---|---|---|---|---|---|006|---|---|001|---|---|021|---|---|---|---|---|---|---|---|---|---|---|---|---|---|---|---|---|018|---|---|010|010|---|---|003|---|---|---|---|000|---|---|---|---|---|---|---|---|---|---|027|027|027|---|---|028|015|---|024|---|---|---|---|---|005|---|---|---|---|---|---|---|---|---|---|---|---|---|---|---|---|---|---|---|---|---|---|---|---|---|---|---|---|---|---|---|
0176: ---|---|---|---|---|---|008|---|---|---|---|---|---|---|---|009|026|---|---|013|---|015|---|---|---|---|---|020|---|---|---|002|011|---|---|---|---|---|---|---|---|---|017|---|---|---|---|---|---|---|---|---|---|---|---|021|---|---|---|---|---|---|---|---|---|---|---|---|---|---|---|---|---|004|---|---|019|---|---|---|---|---|---|---|---|---|002|---|---|---|---|---|---|---|---|---|010|010|---|---|037|---|---|034|---|005|---|---|016|016|016|---|---|---|---|---|---|012|---|---|---|---|---|---|---|---|---|---|---|---|---|---|---|---|---|---|---|---|---|006|---|---|---|---|---|---|---|---|---|---|027|027|027|---|032|---|---|---|---|000|---|---|---|---|---|---|025|---|---|030|---|---|028|---|---|---|---|---|---|---|035|005|---|---|---|---|---|036|036|---|008|---|---|---|---|---|---|---|---|---|---|006|---|---|---|---|---|---|---|---|---|---|---|---|---|---|---|015|---|---|---|---|000|004|---|014|---|---|---|---|---|---|---|---|---|---|---|---|---|---|---|---|---|---|003|---|---|---|---|---|---|---|---|023|---|---|---|---|---|---|---|---|022|---|---|---|---|---|---|---|---|---|---|---|---|---|---|---|---|---|---|---|---|---|---|001|---|---|---|---|---|---|029|---|---|---|031|---|---|---|---|---|007|007|---|---|---|---|---|---|033|---|---|---|---|---|---|---|018|---|---|010|010|---|024|---|---|---|---|---|---|009|---|---|---|---|---|---|---|---|---|---|---|---|---|---|---|---|---|---|---|---|---|---|---|---|---|---|---|---|
0172: ---|011|---|---|---|---|008|007|007|---|---|---|---|---|---|009|---|---|024|014|---|015|---|---|---|---|009|---|005|---|---|---|---|---|---|---|---|---|---|---|---|---|---|---|---|004|---|---|---|001|---|---|---|---|---|---|---|---|---|---|---|---|---|---|---|---|---|---|---|---|---|---|037|---|017|---|---|---|---|---|---|---|033|---|---|030|---|---|---|---|---|002|---|008|032|---|---|036|036|---|---|---|035|---|022|---|---|---|---|---|---|---|000|---|---|---|---|---|002|---|---|---|---|---|---|---|---|---|---|---|---|---|---|---|---|---|---|---|---|---|---|---|---|---|---|005|004|026|---|---|010|010|---|003|---|---|---|019|---|---|---|---|027|027|027|---|---|---|---|031|---|---|020|---|---|---|016|016|016|---|---|028|---|---|029|---|---|015|---|---|---|---|---|---|---|---|---|---|---|---|---|---|---|---|---|---|---|006|---|---|---|---|---|---|---|---|---|---|---|025|---|---|---|---|---|---|---|---|---|---|---|---|---|---|---|---|---|---|---|---|---|---|---|018|---|---|---|---|---|---|---|---|013|---|---|---|---|---|---|---|---|---|---|---|---|---|---|---|006|---|---|---|---|---|---|---|---|---|---|---|---|---|---|---|---|---|---|---|012|---|---|010|010|---|---|---|---|000|---|---|---|---|---|---|---|---|---|---|034|---|---|---|---|---|---|---|---|---|---|---|---|---|---|---|---|---|---|---|---|---|---|---|---|---|---|---|---|---|---|---|---|---|---|---|---|---|---|---|---|---|---|---|---|---|---|021|---|---|---|---|
0158: ---|016|016|016|---|---|---|---|---|---|017|---|---|---|---|---|---|---|---|---|---|---|023|---|---|---|---|---|012|---|033|---|---|---|---|---|---|035|---|009|---|---|---|---|---|---|---|---|---|---|---|---|---|---|---|---|---|---|---|---|---|---|---|---|---|---|---|---|---|---|---|---|---|030|---|000|---|---|---|---|025|---|---|---|005|---|032|---|002|---|013|024|---|---|---|---|---|015|---|019|---|---|---|---|---|014|008|---|---|010|010|---|---|---|---|---|---|---|029|---|---|---|---|---|---|---|---|---|---|---|021|---|---|---|---|---|---|---|---|---|---|006|---|---|---|---|004|---|---|---|010|010|---|---|---|---|---|---|---|---|---|---|011|---|---|---|---|---|036|036|---|---|---|---|---|---|---|---|---|---|---|---|027|027|027|---|---|015|---|---|---|---|---|---|---|---|---|---|---|---|---|---|---|---|---|---|---|---|---|---|---|---|---|---|---|---|---|---|---|---|---|---|---|---|---|004|008|---|---|---|---|---|---|---|---|---|---|---|---|---|---|---|---|020|---|---|---|031|---|---|---|---|---|---|---|018|003|---|---|034|---|---|---|---|---|---|---|---|---|---|---|---|---|---|---|---|---|006|---|---|---|---|---|001|---|---|---|---|---|028|---|---|---|---|---|---|007|007|---|---|---|---|---|---|---|---|026|---|---|---|---|---|---|---|---|---|037|---|---|---|000|009|---|---|---|005|---|---|---|---|---|---|002|---|---|---|---|---|---|---|---|---|---|---|---|---|---|---|---|---|---|---|---|---|---|---|---|---|---|---|
0154: ---|---|---|---|---|---|---|---|---|---|009|---|031|---|007|007|---|---|---|---|---|---|---|---|---|---|---|---|---|---|---|---|---|---|028|---|017|---|000|000|---|---|---|---|029|---|002|---|---|---|---|---|---|---|---|---|---|021|---|---|---|---|---|---|---|---|---|---|---|006|---|---|---|---|---|019|---|---|---|022|032|---|025|---|---|---|---|---|---|---|---|---|004|---|---|---|---|---|---|---|---|---|---|---|008|---|---|---|015|---|---|---|---|---|---|---|---|---|---|---|---|---|---|---|---|---|---|---|---|---|---|---|---|---|---|---|---|---|---|---|---|---|---|---|---|---|005|---|---|---|---|---|---|012|---|---|023|---|---|---|---|---|---|034|---|---|---|---|---|---|016|016|016|---|---|010|010|030|018|---|---|002|035|014|---|---|004|---|008|---|---|---|---|---|---|---|---|---|---|---|---|---|---|---|---|---|---|---|---|---|---|---|---|---|006|---|---|---|---|---|---|---|---|---|---|---|---|---|005|---|---|---|015|---|---|020|---|024|---|---|---|033|---|---|---|---|---|---|---|---|---|---|---|---|---|---|---|---|037|---|---|---|---|---|---|---|---|---|---|---|---|---|---|---|---|---|---|---|---|---|---|---|001|---|---|---|---|---|---|003|010|010|---|---|009|---|013|---|---|---|---|---|---|---|---|---|---|---|---|---|---|---|---|---|---|036|036|---|---|---|---|---|026|---|027|027|027|---|---|---|---|---|---|011|---|---|---|---|---|---|---|---|---|---|---|---|---|---|---|---|---|---|---|---|---|---|---|---|---|---|
0136: ---|016|016|016|---|---|---|---|008|---|029|---|---|---|000|030|---|---|---|---|---|---|026|---|019|---|---|---|017|---|---|---|---|---|---|---|---|---|---|---|---|---|---|---|---|---|022|---|---|---|---|---|---|---|---|---|---|---|---|---|---|---|---|---|---|---|---|---|---|---|---|---|033|---|---|009|---|---|---|---|---|---|---|---|---|---|032|---|---|---|---|---|---|---|---|---|015|---|---|---|005|---|015|---|007|007|---|---|---|---|---|---|---|---|---|---|037|---|---|---|---|---|---|---|---|---|---|001|---|---|---|---|---|---|---|---|---|---|---|---|---|---|---|---|---|---|---|---|004|---|---|---|---|---|---|---|---|034|---|---|013|---|---|036|036|---|---|---|---|---|---|---|035|---|018|---|031|---|---|---|---|---|---|---|023|---|---|---|---|---|005|---|---|---|---|006|---|---|---|---|---|---|---|---|---|---|---|---|---|---|---|021|---|---|---|---|---|---|---|---|---|---|010|010|---|009|---|---|---|---|---|---|---|---|---|---|---|002|028|---|---|000|---|---|---|---|---|---|---|024|---|---|---|004|---|---|---|---|---|---|---|014|008|---|---|---|---|---|---|---|---|---|---|---|---|---|---|---|---|---|---|---|---|---|---|---|---|---|---|---|---|---|---|---|---|---|002|---|---|---|---|---|---|---|---|---|003|---|---|---|020|---|027|027|027|---|---|---|---|---|011|010|010|---|---|---|---|---|---|---|012|025|---|---|---|---|---|---|---|---|---|---|---|---|---|---|---|---|---|---|---|---|---|---|---|---|---|006|---|---|
0130: 022|---|---|000|---|---|---|---|---|013|---|---|---|008|---|---|---|---|015|---|---|010|010|---|---|---|034|004|---|---|---|---|---|---|---|---|---|---|---|028|011|---|---|---|---|---|005|---|---|---|---|---|---|---|---|---|---|---|---|---|---|---|---|---|---|---|---|---|---|006|---|---|---|---|005|023|---|---|---|---|---|---|---|---|033|---|---|---|---|---|---|010|010|---|032|---|004|---|---|---|---|---|---|---|---|031|---|---|---|---|016|016|016|---|---|---|---|---|---|---|---|---|---|---|---|---|---|---|---|---|---|---|---|---|---|---|---|---|---|021|---|---|001|---|037|---|---|017|---|---|002|---|---|---|---|---|---|026|---|---|---|---|---|---|---|---|---|---|---|---|---|---|029|---|---|---|007|007|---|---|---|---|---|---|---|---|---|019|025|---|030|---|---|---|---|---|---|---|---|---|---|---|---|---|---|---|---|---|---|---|---|---|---|---|---|---|---|---|---|---|---|---|---|---|---|---|---|---|---|---|---|---|---|---|---|---|---|---|---|---|---|---|---|---|002|---|---|---|---|---|---|---|---|---|---|009|---|---|---|---|---|---|012|---|---|---|---|---|---|---|---|006|---|---|---|---|---|---|---|---|---|---|---|---|---|---|---|---|014|009|003|---|---|---|---|---|---|---|---|---|---|024|---|---|---|---|---|027|027|027|---|---|---|018|036|036|---|---|---|---|---|020|---|---|008|---|---|035|015|---|000|---|---|---|---|---|---|---|---|---|---|---|---|---|---|---|---|---|---|---|---|---|---|---|---|---|---|---|---|---|
0122: ---|---|---|---|---|---|---|---|---|---|---|---|---|---|031|---|005|---|---|---|036|036|---|---|---|000|---|---|---|---|---|---|010|010|020|---|---|---|---|---|---|---|026|---|008|---|037|---|---|---|---|---|---|---|---|---|---|---|---|---|---|---|---|---|---|---|---|---|---|---|---|---|---|---|---|---|---|---|---|---|---|---|---|---|---|---|027|027|027|---|---|013|019|---|---|---|---|---|---|---|---|---|---|---|---|---|---|---|---|009|---|033|---|---|---|023|---|---|009|---|---|---|---|006|---|---|---|---|---|---|---|---|---|---|---|---|---|---|---|---|---|---|---|---|017|---|016|016|016|---|---|025|004|029|008|---|---|---|010|010|---|---|---|---|---|---|035|---|---|011|028|---|---|---|---|---|---|030|---|---|---|007|007|024|---|---|032|---|---|---|---|---|---|---|---|---|001|---|---|---|---|---|---|---|---|---|006|---|---|---|---|---|---|---|---|---|---|---|---|---|---|---|---|---|---|---|002|---|---|---|---|---|---|---|---|---|---|---|---|---|---|---|---|---|---|---|---|---|---|---|---|---|---|---|---|---|---|---|018|---|---|---|---|---|---|---|---|---|---|---|---|---|---|---|---|---|021|---|---|---|---|---|---|---|---|---|---|---|---|015|014|---|005|---|034|---|---|012|002|---|---|---|022|---|---|---|---|---|004|---|---|---|---|---|---|---|---|---|---|015|---|---|---|---|---|---|003|---|000|---|---|---|---|---|---|---|---|---|---|---|---|---|---|---|---|---|---|---|---|---|---|---|---|---|---|---|---|---|---|---|
0096: ---|---|000|---|---|---|---|---|---|---|015|---|017|---|---|---|---|---|---|---|010|010|---|---|---|---|003|024|004|---|---|---|030|---|028|---|---|---|---|010|010|---|027|027|027|---|018|---|---|---|---|---|---|---|---|---|---|---|---|---|---|---|---|006|---|---|---|---|---|---|---|---|---|---|---|---|023|---|004|032|---|033|---|---|---|---|---|---|---|---|---|005|037|---|---|---|---|014|---|019|---|---|---|---|---|002|---|---|---|012|---|---|---|---|---|---|---|---|---|---|---|---|---|---|---|---|---|---|---|---|---|---|001|---|---|---|---|---|---|---|---|---|---|---|---|---|---|---|---|---|---|---|---|011|---|---|---|---|---|---|---|---|---|---|025|---|---|---|026|---|---|---|029|---|---|---|---|---|034|---|---|009|---|---|---|---|---|022|---|---|---|---|---|---|---|---|---|---|---|---|---|---|006|---|---|---|---|---|---|---|---|---|---|---|---|---|---|---|---|005|---|---|---|031|---|008|---|---|---|---|---|---|002|---|---|015|---|036|036|---|---|---|---|---|---|---|---|---|---|---|---|---|---|---|---|013|---|---|035|---|---|---|---|---|---|---|---|---|---|---|---|---|---|---|---|---|---|---|---|---|---|---|---|---|---|---|021|---|---|---|---|---|---|---|---|---|---|---|---|---|---|---|---|---|---|---|---|---|---|020|009|---|---|---|007|007|---|---|---|---|---|008|---|---|---|016|016|016|---|---|---|---|000|---|---|---|---|---|---|---|---|---|---|---|---|---|---|---|---|---|---|---|---|---|---|---|---|---|---|---|
5000 Generations finished after 13010ms
0972: 002|009|028|---|---|---|016|016|016|---|---|---|020|010|010|---|---|---|008|025|024|---|---|---|004|016|016|---|---|---|010|010|010|010|---|---|009|007|007|---|---|---|027|027|027|---|---|---|---|006|---|---|---|---|001|---|---|---|---|---|---|006|---|---|---|---|---|006|---|---|---|---|031|011|010|010|---|---|008|005|009|009|---|---|004|008|008|---|---|---|026|016|016|---|---|---|015|000|---|---|---|---|---|004|007|007|---|---|015|014|008|---|---|---|010|010|---|015|---|---|---|---|---|---|---|---|---|---|---|---|---|---|---|---|---|---|---|---|---|006|---|---|---|---|018|009|---|---|---|---|017|036|036|---|004|---|009|013|---|000|002|---|004|010|010|---|---|---|015|036|010|010|002|---|004|000|009|---|---|---|027|027|027|---|---|---|000|036|036|---|---|---|006|---|---|---|---|---|---|---|---|---|---|---|---|---|---|---|---|---|021|006|006|---|---|---|019|009|---|---|---|---|022|029|---|---|---|---|004|008|---|---|002|---|035|037|---|009|---|---|000|015|---|005|008|---|015|008|---|---|---|---|005|030|010|010|---|---|008|---|---|---|---|---|---|---|---|---|---|---|---|---|---|---|---|---|---|---|---|---|---|---|---|---|---|---|---|---|008|027|027|027|---|---|033|003|004|---|---|---|005|023|016|016|009|---|034|015|004|---|002|---|002|032|005|---|---|---|015|009|036|036|004|---|027|027|027|---|---|---|012|027|027|027|---|---|---|---|---|---|---|---|006|---|---|---|---|---|006|006|006|---|---|---|---|006|---|---|---|---|
0970: 002|---|028|---|---|---|016|016|016|---|---|---|020|010|010|---|---|---|008|025|024|---|---|---|004|016|016|---|---|---|010|010|010|010|---|---|009|007|007|---|---|---|027|027|027|---|---|---|---|---|---|---|---|---|001|---|---|---|---|---|---|006|---|---|---|---|---|006|---|---|---|---|031|011|010|010|---|---|008|005|009|009|---|---|004|008|008|---|---|---|026|016|016|---|---|---|015|000|---|---|---|---|---|004|007|007|---|---|015|014|008|---|---|---|010|010|---|015|---|---|---|---|---|---|---|---|---|---|---|---|---|---|006|---|---|---|---|---|---|006|---|---|---|---|018|009|---|---|---|---|017|036|036|---|004|---|---|013|008|000|002|---|004|010|010|---|---|---|015|036|010|010|002|---|004|000|009|---|---|---|027|027|027|---|---|---|000|036|036|---|---|---|006|---|---|---|---|---|---|---|---|---|---|---|---|---|---|---|---|---|021|006|006|---|---|---|019|009|---|---|---|---|022|029|---|---|---|---|004|008|---|---|002|---|035|037|---|009|---|---|000|015|---|005|008|---|015|008|---|---|---|---|005|030|010|010|---|---|008|---|---|---|---|---|006|---|---|---|---|---|---|---|---|---|---|---|---|---|---|---|---|---|---|---|---|---|---|---|008|027|027|027|---|---|033|003|004|---|---|---|005|023|016|016|009|---|034|015|004|---|002|---|002|032|005|---|---|---|015|009|036|036|004|---|027|027|027|---|---|---|012|027|027|027|---|---|---|---|---|---|---|---|006|---|---|---|---|---|006|006|006|---|---|---|---|006|---|---|---|---|
0968: 002|009|028|---|---|---|016|016|016|---|005|---|020|010|010|---|---|---|008|025|024|---|---|---|004|016|016|---|---|---|010|010|010|010|---|---|009|007|007|---|---|---|027|027|027|---|---|---|---|006|---|---|---|---|---|---|---|---|---|---|---|006|---|---|---|---|---|006|---|---|---|---|031|---|010|010|---|---|008|005|009|009|---|---|004|008|008|---|---|---|026|016|016|---|---|---|015|000|---|---|---|---|---|004|007|007|---|---|015|014|008|---|---|---|010|010|---|015|---|---|---|---|---|---|---|---|001|---|---|---|---|---|---|---|---|---|---|---|---|006|---|---|---|---|018|009|---|---|---|---|017|036|036|---|004|---|000|013|---|000|002|---|004|010|010|---|---|---|015|036|010|010|002|---|004|000|009|---|---|---|027|027|027|---|---|---|000|036|036|---|---|---|006|---|---|---|---|---|---|---|---|---|---|---|---|---|---|---|---|---|021|006|006|---|---|---|019|009|---|---|---|---|022|029|---|---|---|---|004|008|---|---|002|---|035|037|---|009|---|---|000|015|---|005|008|---|015|008|---|---|---|---|005|030|010|010|---|---|008|011|---|---|---|---|---|---|---|---|---|---|---|---|---|---|---|---|---|---|---|---|---|---|---|---|---|---|---|---|008|027|027|027|---|---|033|003|004|---|---|---|005|023|016|016|009|---|034|015|004|---|002|---|002|032|005|---|---|---|015|009|036|036|004|---|027|027|027|---|---|---|012|027|027|027|---|---|---|---|---|---|---|---|006|---|---|---|---|---|006|006|006|---|---|---|---|006|---|---|---|---|
0968: 002|009|028|---|---|---|016|016|016|---|005|---|020|010|010|---|---|---|008|025|024|---|---|---|004|016|016|---|---|---|010|010|010|010|---|---|009|007|007|---|---|---|027|027|027|---|---|---|---|006|---|---|---|---|001|---|---|---|---|---|---|006|---|---|---|---|---|006|---|---|---|---|031|011|010|010|---|---|008|005|009|009|---|---|004|008|008|---|---|---|026|016|016|---|---|---|015|000|---|---|---|---|---|004|007|007|---|---|015|014|008|---|---|---|010|010|---|015|---|---|---|---|---|---|---|---|---|---|---|---|---|---|---|---|---|---|---|---|---|006|---|---|---|---|018|009|---|---|---|---|017|036|036|---|004|---|000|013|---|000|002|---|004|010|010|---|---|---|015|036|010|010|002|---|004|000|009|---|---|---|027|027|027|---|---|---|000|036|036|---|---|---|006|---|---|---|---|---|---|---|---|---|---|---|---|---|---|---|---|---|021|006|006|---|---|---|019|009|---|---|---|---|022|029|---|---|---|---|004|008|---|---|002|---|035|037|---|009|---|---|000|015|---|005|008|---|015|008|---|---|---|---|005|030|010|010|---|---|008|---|---|---|---|---|---|---|---|---|---|---|---|---|---|---|---|---|---|---|---|---|---|---|---|---|---|---|---|---|008|027|027|027|---|---|033|003|004|---|---|---|005|023|016|016|009|---|034|015|004|---|002|---|002|032|005|---|---|---|015|009|036|036|004|---|027|027|027|---|---|---|012|027|027|027|---|---|---|---|---|---|---|---|006|---|---|---|---|---|006|006|006|---|---|---|---|006|---|---|---|---|
0968: 002|009|028|---|---|---|016|016|016|---|005|---|020|010|010|---|---|---|008|025|024|---|---|---|004|016|016|---|---|---|010|010|010|010|---|---|009|007|007|---|---|---|027|027|027|---|---|---|---|006|---|---|---|---|---|---|---|---|---|---|---|006|---|---|---|---|---|006|---|---|---|---|031|011|010|010|---|---|008|005|009|009|---|---|004|008|008|---|---|---|026|016|016|---|---|---|015|000|---|---|---|---|---|004|007|007|---|---|015|014|008|---|---|---|010|010|---|015|---|---|---|---|---|---|---|---|001|---|---|---|---|---|---|---|---|---|---|---|---|006|---|---|---|---|018|009|---|---|---|---|017|036|036|---|004|---|000|013|---|000|002|---|004|010|010|---|---|---|015|036|010|010|002|---|004|000|009|---|---|---|027|027|027|---|---|---|000|036|036|---|---|---|006|---|---|---|---|---|---|---|---|---|---|---|---|---|---|---|---|---|021|006|006|---|---|---|019|009|---|---|---|---|022|029|---|---|---|---|004|008|---|---|002|---|035|037|---|009|---|---|000|015|---|005|008|---|015|008|---|---|---|---|005|030|010|010|---|---|008|---|---|---|---|---|---|---|---|---|---|---|---|---|---|---|---|---|---|---|---|---|---|---|---|---|---|---|---|---|008|027|027|027|---|---|033|003|004|---|---|---|005|023|016|016|009|---|034|015|004|---|002|---|002|032|005|---|---|---|015|009|036|036|004|---|027|027|027|---|---|---|012|027|027|027|---|---|---|---|---|---|---|---|006|---|---|---|---|---|006|006|006|---|---|---|---|006|---|---|---|---|
0968: 002|---|028|---|---|---|016|016|016|---|---|---|020|010|010|---|---|---|008|025|024|---|---|---|004|016|016|---|---|---|010|010|010|010|---|---|009|007|007|---|---|---|027|027|027|---|---|---|---|006|---|---|---|---|001|---|---|---|---|---|---|006|---|---|---|---|---|006|---|---|---|---|031|011|010|010|---|---|008|005|009|009|---|---|004|008|008|---|---|---|026|016|016|---|---|---|015|000|---|---|---|---|---|004|007|007|---|---|015|014|008|---|---|---|010|010|---|015|---|---|---|---|---|---|---|---|---|---|---|---|---|---|---|---|---|---|---|---|---|006|---|---|---|---|018|009|---|---|---|---|017|036|036|---|004|---|---|013|008|000|002|---|004|010|010|---|---|---|015|036|010|010|002|---|004|000|009|---|---|---|027|027|027|---|---|---|000|036|036|---|---|---|006|---|---|---|---|---|---|---|---|---|---|---|---|---|---|---|---|---|021|006|006|---|---|---|019|009|---|---|---|---|022|029|---|---|---|---|004|008|---|---|002|---|035|037|---|009|---|---|000|015|---|005|008|---|015|008|---|---|---|---|005|030|010|010|---|---|008|---|---|---|---|---|006|---|---|---|---|---|---|---|---|---|---|---|---|---|---|---|---|---|---|---|---|---|---|---|008|027|027|027|---|---|033|003|004|---|---|---|005|023|016|016|009|---|034|015|004|---|002|---|002|032|005|---|---|---|015|009|036|036|004|---|027|027|027|---|---|---|012|027|027|027|---|---|---|---|---|---|---|---|006|---|---|---|---|---|006|006|006|---|---|---|---|006|---|---|---|---|
0966: 002|009|028|---|---|---|016|016|016|---|---|---|020|010|010|---|---|---|008|025|024|---|---|---|004|016|016|---|---|---|010|010|010|010|---|---|009|007|007|---|---|---|027|027|027|---|---|---|---|006|---|---|---|---|001|---|---|---|---|---|---|006|---|---|---|---|---|006|---|---|---|---|031|011|010|010|---|---|008|005|009|009|---|---|004|008|008|---|---|---|026|016|016|---|---|---|015|000|---|---|---|---|---|004|007|007|---|---|015|014|008|---|---|---|010|010|---|015|---|---|---|---|---|---|---|---|---|---|---|---|---|---|---|---|---|---|---|---|---|006|---|---|---|---|018|009|---|---|---|---|017|036|036|---|004|---|---|013|---|000|002|---|004|010|010|---|---|---|015|036|010|010|002|---|004|000|009|---|---|---|027|027|027|---|---|---|000|036|036|---|---|---|006|---|---|---|---|---|---|---|006|---|---|---|---|---|---|---|---|---|021|006|006|---|---|---|019|009|---|---|---|---|022|029|---|---|---|---|004|008|---|---|002|---|035|037|---|009|---|---|000|015|---|005|008|---|015|008|---|---|---|---|005|030|010|010|---|---|008|---|---|---|---|---|---|---|---|---|---|---|---|---|---|---|---|---|---|---|---|---|---|---|---|---|---|---|---|---|008|027|027|027|---|---|033|003|004|---|---|---|005|023|016|016|009|---|034|015|004|---|002|---|002|032|005|---|---|---|015|009|036|036|004|---|027|027|027|---|---|---|012|027|027|027|---|---|---|---|---|---|---|---|006|---|---|---|---|---|006|006|006|---|---|---|---|006|---|---|---|---|
0966: 002|009|028|---|---|---|016|016|016|---|---|---|020|010|010|---|---|---|008|025|024|---|---|---|004|016|016|---|---|---|010|010|010|010|---|---|009|007|007|---|---|---|027|027|027|---|---|---|---|006|---|---|---|---|---|---|---|---|---|---|---|006|---|---|---|---|---|006|---|---|---|---|031|011|010|010|---|---|008|005|009|009|---|---|004|008|008|---|---|---|026|016|016|---|---|---|015|000|---|---|---|---|---|004|007|007|---|---|015|014|008|---|---|---|010|010|---|015|---|---|---|---|---|---|---|---|---|---|---|---|---|---|---|---|001|---|---|---|---|006|---|---|---|---|018|009|---|---|---|---|017|036|036|---|004|---|009|013|---|000|002|---|004|010|010|---|---|---|015|036|010|010|002|---|004|000|009|---|---|---|027|027|027|---|---|---|000|036|036|---|---|---|006|---|---|---|---|---|---|---|---|---|---|---|---|---|---|---|---|---|021|006|006|---|---|---|019|009|---|---|---|---|022|029|---|---|---|---|004|008|---|---|002|---|035|037|---|009|---|---|000|015|---|005|008|---|015|008|---|---|---|---|005|030|010|010|---|---|008|---|---|---|---|---|---|---|---|---|---|---|---|---|---|---|---|---|---|---|---|---|---|---|---|---|---|---|---|---|008|027|027|027|---|---|033|003|004|---|---|---|005|023|016|016|009|---|034|015|004|---|002|---|002|032|005|---|---|---|015|009|036|036|004|---|027|027|027|---|---|---|012|027|027|027|---|---|---|---|---|---|---|---|006|---|---|---|---|---|006|006|006|---|---|---|---|006|---|---|---|---|
0966: 002|009|028|---|---|---|016|016|016|---|---|---|020|010|010|---|---|---|008|025|024|---|---|---|004|016|016|---|---|---|010|010|010|010|---|---|009|007|010|010|---|---|027|027|027|---|---|---|---|006|---|---|---|---|001|---|---|---|---|---|---|006|---|---|---|---|---|006|---|---|---|---|031|011|010|010|---|---|008|---|009|009|---|---|004|008|008|---|---|---|026|016|016|---|---|---|---|000|---|---|---|---|023|004|007|007|---|---|015|014|008|---|---|---|010|010|009|015|---|---|---|---|---|---|---|---|---|---|---|---|---|---|---|---|---|---|---|---|---|006|---|---|---|---|018|009|---|---|---|---|017|036|036|---|004|---|015|013|---|000|002|---|004|010|010|---|---|---|015|036|010|010|002|---|004|000|009|---|---|---|027|027|027|---|---|---|000|036|036|---|---|---|006|---|---|---|---|---|---|---|---|---|---|---|---|---|---|---|---|---|021|006|006|---|---|---|019|009|---|---|---|---|022|029|---|---|---|---|004|008|---|---|002|---|035|037|---|009|---|---|000|015|---|005|008|---|015|008|---|---|---|---|005|030|010|010|---|---|008|003|---|---|---|---|---|---|---|---|---|---|---|---|---|---|---|---|---|---|---|---|---|---|---|---|---|---|---|---|008|027|027|027|---|---|033|005|004|---|---|---|005|---|016|016|009|---|034|015|004|---|002|---|002|032|005|---|---|---|015|009|036|036|004|---|027|027|027|---|---|---|012|027|027|027|---|---|---|---|---|---|---|---|006|---|---|---|---|---|006|006|006|---|---|---|---|006|---|---|---|---|
0966: 002|009|---|---|---|---|016|016|016|---|---|---|020|010|010|---|---|---|008|025|024|---|---|---|004|016|016|---|---|---|010|010|010|010|---|---|009|007|007|---|---|---|027|027|027|---|---|---|---|006|---|---|---|---|001|---|---|---|---|---|---|006|---|---|---|---|---|006|---|---|---|---|031|011|010|010|---|---|008|005|009|009|---|---|004|008|008|---|---|---|026|016|016|---|---|---|015|000|---|---|---|---|---|004|007|007|---|---|015|014|008|---|---|---|010|010|---|015|---|---|---|---|---|---|---|---|---|---|---|---|---|---|---|---|---|---|---|---|---|006|---|---|---|---|018|009|---|---|---|---|017|036|036|---|004|---|009|013|---|000|002|---|004|010|010|---|---|---|015|036|010|010|002|---|004|000|009|---|---|---|027|027|027|028|---|---|000|036|036|---|---|---|006|---|---|---|---|---|---|---|---|---|---|---|---|---|---|---|---|---|021|006|006|---|---|---|019|009|---|---|---|---|022|029|---|---|---|---|004|008|---|---|002|---|035|037|---|009|---|---|000|015|---|005|008|---|015|008|---|---|---|---|005|030|010|010|---|---|008|---|---|---|---|---|---|---|---|---|---|---|---|---|---|---|---|---|---|---|---|---|---|---|---|---|---|---|---|---|008|027|027|027|---|---|033|003|004|---|---|---|005|023|016|016|009|---|034|015|004|---|002|---|002|032|005|---|---|---|015|009|036|036|004|---|027|027|027|---|---|---|012|027|027|027|---|---|---|---|---|---|---|---|006|---|---|---|---|---|006|006|006|---|---|---|---|006|---|---|---|---|
0964: 002|009|028|---|---|---|016|016|016|---|---|---|020|010|010|---|---|---|008|025|024|---|---|---|004|016|016|---|---|---|010|010|010|010|---|---|009|007|007|---|---|---|027|027|027|---|---|---|---|---|---|---|---|---|001|021|---|---|---|---|---|006|---|---|---|---|---|006|---|---|---|---|031|011|010|010|---|---|008|005|009|009|---|---|004|008|008|---|---|---|026|016|016|---|---|---|015|000|---|---|---|---|---|004|007|007|---|---|015|014|008|---|---|---|010|010|---|015|---|---|---|---|---|---|---|---|---|---|---|---|---|---|---|---|---|---|---|---|---|006|---|---|---|---|018|009|012|---|---|---|017|036|036|---|004|---|008|013|---|000|002|---|004|010|010|---|---|---|015|036|010|010|002|---|004|000|009|---|---|---|027|027|027|---|---|---|000|036|036|---|---|---|006|---|---|---|---|---|---|---|---|---|---|---|---|---|---|---|---|---|---|006|006|---|---|---|019|009|---|---|---|---|022|029|---|---|---|---|004|008|---|---|002|---|035|037|---|009|---|---|000|015|---|005|008|---|015|008|---|---|---|---|005|030|010|010|---|---|008|---|---|---|---|---|---|---|---|---|---|---|---|---|---|---|---|---|---|006|---|---|---|---|---|---|---|---|---|---|008|027|027|027|---|---|033|003|004|---|---|---|005|023|016|016|009|---|034|015|004|---|002|---|002|032|005|---|---|---|015|009|036|036|004|---|027|027|027|---|---|---|---|027|027|027|---|---|---|---|---|---|---|---|006|---|---|---|---|---|006|006|006|---|---|---|---|006|---|---|---|---|
0964: 002|009|028|---|---|---|016|016|016|---|---|---|020|010|010|---|---|---|008|025|024|---|---|---|004|016|016|---|---|---|010|010|010|010|---|---|009|007|007|---|---|---|027|027|027|---|---|---|---|006|---|---|---|---|001|021|---|---|---|---|---|006|---|---|---|---|---|006|---|---|---|---|031|011|010|010|---|---|008|005|009|009|---|---|004|008|008|---|---|---|026|016|016|---|---|---|015|000|---|---|---|---|---|004|007|007|---|---|015|014|008|---|---|---|010|010|---|015|---|---|---|---|---|---|---|---|---|---|---|---|---|---|---|---|---|---|---|---|---|006|---|---|---|---|018|009|012|---|---|---|017|036|036|---|004|---|008|013|---|000|002|---|004|010|010|---|---|---|015|036|010|010|002|---|004|000|009|---|---|---|027|027|027|---|---|---|000|036|036|---|---|---|006|---|---|---|---|---|---|---|---|---|---|---|---|---|---|---|---|---|---|006|006|---|---|---|019|009|---|---|---|---|022|029|---|---|---|---|004|008|---|---|002|---|035|037|---|009|---|---|000|015|---|005|008|---|015|008|---|---|---|---|005|030|010|010|---|---|008|---|---|---|---|---|---|---|---|---|---|---|---|---|---|---|---|---|---|---|---|---|---|---|---|---|---|---|---|---|008|027|027|027|---|---|033|003|004|---|---|---|005|023|016|016|009|---|034|015|004|---|002|---|002|032|005|---|---|---|015|009|036|036|004|---|027|027|027|---|---|---|---|027|027|027|---|---|---|---|---|---|---|---|006|---|---|---|---|---|006|006|006|---|---|---|---|006|---|---|---|---|
0964: 002|009|028|---|---|---|016|016|016|---|---|---|020|010|010|---|---|---|008|025|024|---|---|---|004|016|016|---|---|---|010|010|010|010|---|---|009|007|007|---|---|---|027|027|027|---|---|---|---|006|---|---|---|---|---|---|---|---|---|---|---|006|---|---|---|---|---|006|---|---|---|---|031|011|010|010|---|---|008|005|009|009|---|---|004|008|008|---|---|---|026|016|016|---|---|---|015|000|---|---|---|---|---|004|007|007|---|---|015|014|008|---|---|---|010|010|---|015|---|---|---|---|---|---|---|---|---|---|---|---|---|---|---|---|001|---|---|---|---|006|---|---|---|---|018|009|---|---|---|---|017|036|036|---|004|---|009|013|---|000|002|---|004|010|010|---|---|---|015|036|010|010|002|---|004|000|009|---|---|---|027|027|027|---|---|---|000|036|036|000|---|---|006|---|---|---|---|---|---|---|---|---|---|---|---|---|---|---|---|---|021|006|006|---|---|---|019|009|---|---|---|---|022|029|---|---|---|---|004|008|---|---|002|---|035|037|---|009|---|---|000|015|---|005|008|---|015|008|---|---|---|---|005|030|010|010|---|---|008|---|---|---|---|---|---|---|---|---|---|---|---|---|---|---|---|---|---|---|---|---|---|---|---|---|---|---|---|---|008|027|027|027|---|---|033|003|004|---|---|---|005|023|016|016|009|---|034|015|004|---|002|---|002|032|005|---|---|---|015|009|036|036|004|---|027|027|027|---|---|---|012|027|027|027|---|---|---|---|---|---|---|---|006|---|---|---|---|---|006|006|006|---|---|---|---|006|---|---|---|---|
0964: 002|009|028|---|---|---|016|016|016|---|---|---|020|010|010|---|---|---|008|025|024|---|---|---|004|016|016|---|---|---|010|010|010|010|---|---|009|007|007|---|---|---|027|027|027|---|---|---|---|006|---|---|---|---|001|---|---|---|---|---|---|006|---|---|---|---|---|006|---|---|---|---|031|011|010|010|---|---|008|005|009|009|---|---|004|008|008|---|---|---|026|016|016|---|---|---|015|000|---|---|---|---|---|004|007|007|---|---|015|014|008|---|---|---|010|010|035|015|---|---|---|---|---|---|---|---|---|---|---|---|---|---|---|---|---|---|---|---|---|006|---|---|---|---|018|009|---|---|---|---|017|036|036|---|004|---|---|013|---|000|002|---|004|010|010|---|---|---|015|036|010|010|002|---|004|000|009|---|---|---|027|027|027|---|---|---|000|036|036|---|---|---|006|---|---|---|---|---|---|---|---|---|---|---|---|---|---|---|---|---|021|006|006|---|---|---|019|009|---|---|---|---|022|029|---|---|---|---|004|008|---|---|002|---|---|037|---|009|---|---|000|015|---|005|008|---|015|008|---|---|---|---|005|030|010|010|---|---|008|000|---|---|---|---|---|---|---|---|---|---|---|---|---|---|---|---|---|---|---|---|---|---|---|---|---|---|---|---|008|027|027|027|---|---|033|003|004|---|---|---|005|023|016|016|009|---|034|015|004|---|002|---|002|032|005|---|---|---|015|009|036|036|004|---|027|027|027|---|---|---|012|027|027|027|---|---|---|---|---|---|---|---|006|---|---|---|---|---|006|006|006|---|---|---|---|006|---|---|---|---|
0964: 002|009|028|---|---|---|016|016|016|---|---|---|020|010|010|---|---|---|008|025|024|---|---|---|004|016|016|---|---|---|010|010|010|010|---|---|009|007|007|---|---|---|027|027|027|---|---|---|---|006|---|---|---|---|001|---|---|---|---|---|---|006|---|---|---|---|---|006|---|---|---|---|031|011|010|010|---|---|008|005|009|009|---|---|004|008|008|---|---|---|026|016|016|---|---|---|015|000|---|---|---|---|037|004|007|007|---|---|015|014|008|---|---|---|010|010|---|015|---|---|---|---|---|---|---|---|---|---|---|---|---|---|---|---|---|---|---|---|---|006|---|---|---|---|018|009|---|---|---|---|017|036|036|---|004|---|---|013|---|000|002|---|004|010|010|---|---|---|015|036|010|010|002|---|004|000|009|---|---|---|027|027|027|---|---|---|000|036|036|---|---|---|006|---|---|---|---|---|---|---|---|---|---|---|---|---|---|---|---|---|021|006|006|---|---|---|019|009|---|---|---|---|022|029|---|---|---|---|004|008|---|---|002|---|035|---|---|009|---|---|000|015|---|005|008|---|015|008|---|---|---|---|005|030|010|010|---|---|008|---|---|---|---|---|---|---|---|---|---|---|---|---|---|---|---|---|---|---|---|---|---|---|---|---|---|---|---|---|008|027|027|027|---|---|033|003|004|---|---|---|005|023|016|016|009|---|034|015|004|---|002|---|002|032|005|---|---|---|015|009|036|036|004|---|027|027|027|---|---|---|012|027|027|027|---|---|---|---|---|---|---|---|006|---|---|---|---|---|006|006|006|---|---|---|---|006|---|---|---|---|
0964: 002|---|028|---|---|---|016|016|016|---|---|---|020|010|010|---|---|---|008|025|024|---|---|---|004|016|016|---|---|---|010|010|010|010|---|---|009|007|007|---|---|---|027|027|027|---|---|---|---|006|---|---|---|---|001|---|---|---|---|---|---|006|---|---|---|---|---|006|---|---|---|---|031|011|010|010|---|---|008|005|009|009|---|---|004|008|008|---|---|---|026|016|016|---|---|---|015|000|---|---|---|---|---|004|007|007|---|---|015|014|008|---|---|---|010|010|---|015|---|---|---|---|---|---|---|---|---|---|---|---|---|---|---|---|---|---|---|---|---|006|---|---|---|---|018|009|---|---|---|---|017|036|036|---|004|---|---|013|---|000|002|---|004|010|010|---|---|---|015|036|010|010|002|---|004|000|009|---|---|---|027|027|027|---|---|---|000|036|036|---|---|---|006|---|---|---|---|---|---|---|---|---|---|---|---|---|---|---|---|---|021|006|006|---|---|---|019|009|---|---|---|---|022|029|---|---|---|---|004|008|---|---|002|---|035|037|---|009|---|---|000|015|---|005|008|---|015|008|---|---|---|---|005|030|010|010|---|---|008|---|---|---|---|---|006|---|---|---|---|---|---|---|---|---|---|---|---|---|---|---|---|---|---|---|---|---|---|---|008|027|027|027|---|---|033|003|004|---|---|---|005|023|016|016|009|---|034|015|004|---|002|---|002|032|005|---|---|---|015|009|036|036|004|---|027|027|027|---|---|---|012|027|027|027|---|---|---|---|---|---|---|---|006|---|---|---|---|---|006|006|006|---|---|---|---|006|---|---|---|---|
0962: 002|009|028|---|---|---|016|016|016|---|---|---|020|010|010|---|---|---|008|025|024|---|---|---|004|016|016|---|---|---|010|010|010|010|---|---|009|007|010|010|---|---|027|027|027|---|---|---|---|006|---|---|---|---|001|---|---|---|---|---|---|006|---|---|---|---|---|006|---|---|---|---|031|011|010|010|---|---|008|---|009|009|---|---|004|008|008|---|---|---|026|016|016|---|---|---|015|000|---|---|---|---|023|004|007|007|---|---|015|014|008|---|---|---|010|010|---|015|---|---|---|---|---|---|---|---|---|---|---|---|---|---|---|---|---|---|---|---|---|006|---|---|---|---|018|009|---|---|---|---|017|036|036|---|004|---|---|013|---|000|002|---|004|010|010|---|---|---|015|036|010|010|002|---|004|000|009|---|---|---|027|027|027|---|---|---|000|036|036|---|---|---|006|---|---|---|---|---|---|---|---|---|---|---|---|---|---|---|---|---|021|006|006|---|---|---|019|009|---|---|---|---|022|029|---|---|---|---|004|008|---|---|002|---|035|037|---|009|---|---|000|015|---|005|008|---|015|008|---|---|---|---|005|030|010|010|---|---|008|003|---|---|---|---|---|---|---|---|---|---|---|---|---|---|---|---|---|---|---|---|---|---|---|---|---|---|---|---|008|027|027|027|---|---|033|005|004|---|---|---|005|---|016|016|009|---|034|015|004|---|002|---|002|032|005|---|---|---|015|009|036|036|004|---|027|027|027|---|---|---|012|027|027|027|---|---|---|---|---|---|---|---|006|---|---|---|---|---|006|006|006|---|---|---|---|006|---|---|---|---|
0962: 002|---|028|---|---|---|016|016|016|---|---|---|020|010|010|---|---|---|008|025|024|---|---|---|004|016|016|---|---|---|010|010|010|010|---|---|009|007|007|---|---|---|027|027|027|---|---|---|---|006|---|---|---|---|001|---|---|---|---|---|---|006|---|---|---|---|---|006|---|---|---|---|---|011|010|010|---|---|008|005|009|009|---|---|004|008|008|---|---|---|026|016|016|---|---|---|015|000|---|---|---|---|---|004|007|007|---|---|015|014|008|---|---|---|010|010|---|015|---|---|---|---|---|---|---|---|---|---|---|---|---|---|---|---|---|---|---|---|---|006|---|---|---|---|018|009|031|---|---|---|017|036|036|---|004|---|---|013|008|000|002|---|004|010|010|---|---|---|015|036|010|010|002|---|004|000|009|---|---|---|027|027|027|---|---|---|000|036|036|---|---|---|006|---|---|---|---|---|---|---|---|---|---|---|---|---|---|---|---|---|021|006|006|---|---|---|019|009|---|---|---|---|022|029|---|---|---|---|004|008|---|---|002|---|035|037|---|009|---|---|000|015|---|005|008|---|015|008|---|---|---|---|005|030|010|010|---|---|008|---|---|---|---|---|006|---|---|---|---|---|---|---|---|---|---|---|---|---|---|---|---|---|---|---|---|---|---|---|008|027|027|027|---|---|033|003|004|---|---|---|005|023|016|016|009|---|034|015|004|---|002|---|002|032|005|---|---|---|015|009|036|036|004|---|027|027|027|---|---|---|012|027|027|027|---|---|---|---|---|---|---|---|006|---|---|---|---|---|006|006|006|---|---|---|---|006|---|---|---|---|
0962: 002|009|028|---|---|---|016|016|016|---|---|---|020|010|010|---|---|---|008|025|024|---|---|---|004|016|016|---|---|---|010|010|010|010|---|---|009|007|007|---|---|---|027|027|027|---|---|---|---|006|---|---|---|---|001|---|---|---|---|---|---|006|---|---|---|---|---|006|---|---|---|---|031|011|010|010|---|---|008|005|009|009|---|---|004|008|008|---|---|---|026|016|016|---|---|---|015|000|---|---|---|---|---|004|007|007|---|---|015|014|008|---|---|---|010|010|---|015|---|---|---|---|---|---|---|---|---|---|---|---|---|---|---|---|---|---|---|---|---|006|---|---|---|---|018|009|---|---|---|---|017|036|036|---|004|---|---|013|---|000|002|---|004|010|010|---|---|---|015|036|010|010|002|---|004|000|009|---|---|---|027|027|027|---|---|---|000|036|036|---|---|---|006|---|---|---|---|---|---|---|---|---|---|---|---|---|---|---|---|---|021|006|006|---|---|---|019|009|---|---|---|---|022|029|---|---|---|---|004|008|---|---|002|---|035|037|---|009|---|---|000|015|---|005|008|---|015|008|---|---|---|---|005|030|010|010|---|---|008|---|---|---|---|---|---|---|---|---|---|---|---|---|---|---|---|---|---|---|---|---|---|---|---|---|---|---|---|---|008|027|027|027|---|---|033|003|004|---|---|---|005|023|016|016|009|---|034|015|004|---|002|---|002|032|005|---|---|---|015|009|036|036|004|---|027|027|027|---|---|---|012|027|027|027|---|---|---|---|---|---|---|---|006|---|---|---|---|---|006|006|006|---|---|---|---|006|---|---|---|---|
0962: 002|009|028|---|---|---|016|016|016|---|---|---|020|010|010|---|---|---|008|025|024|---|---|---|004|016|016|---|---|---|010|010|010|010|---|---|009|007|010|010|---|---|027|027|027|---|---|---|---|006|---|---|---|---|001|---|---|---|---|---|---|006|---|---|---|---|---|006|---|---|---|---|031|011|010|010|---|---|008|005|009|009|---|---|004|008|008|---|---|---|026|016|016|---|---|---|015|000|---|---|---|---|023|004|007|007|---|---|015|014|008|---|---|---|010|010|---|015|---|---|---|---|---|---|---|---|---|---|---|---|---|---|---|---|---|---|---|---|---|006|---|---|---|---|018|009|---|---|---|---|017|036|036|---|004|---|---|013|---|000|002|---|004|010|010|---|---|---|015|036|010|010|002|---|004|000|009|---|---|---|027|027|027|---|---|---|000|036|036|---|---|---|006|---|---|---|---|---|---|---|---|---|---|---|---|---|---|---|---|---|021|006|006|---|---|---|019|009|---|---|---|---|022|029|---|---|---|---|004|008|---|---|002|---|035|037|---|009|---|---|000|015|---|005|008|---|015|008|---|---|---|---|005|030|010|010|---|---|008|---|---|---|---|---|---|---|---|---|---|---|---|---|---|---|---|---|---|---|---|---|---|---|---|---|---|---|---|---|008|027|027|027|---|---|033|003|004|---|---|---|005|---|016|016|009|---|034|015|004|---|002|---|002|032|005|---|---|---|015|009|036|036|004|---|027|027|027|---|---|---|012|027|027|027|---|---|---|---|---|---|---|---|006|---|---|---|---|---|006|006|006|---|---|---|---|006|---|---|---|---|
</DebugTrace>
      </Output>
    </UnitTestResult>
  </Results>
</TestRun>